recoveryReplicas, filename /tmp16777216replicas.dat, loop 1000
/tmp16777216replicas.dat is a ReplicasFile!
starting benchmark...
ops 1000
final loop (us) 5150.531
Loop 0 (us) 5155.043
Loop 1 (us) 5152.635
Loop 2 (us) 5153.509
Loop 3 (us) 5153.581
Loop 4 (us) 5152.837
Loop 5 (us) 5151.713
Loop 6 (us) 5151.713
Loop 7 (us) 5154.42
Loop 8 (us) 5152.877
Loop 9 (us) 5152.351
Loop 10 (us) 5152.222
Loop 11 (us) 5153.377
Loop 12 (us) 5152.164
Loop 13 (us) 5151.505
Loop 14 (us) 5152.581
Loop 15 (us) 5152.26
Loop 16 (us) 5152.482
Loop 17 (us) 5152.749
Loop 18 (us) 5154.59
Loop 19 (us) 5152.517
Loop 20 (us) 5152.811
Loop 21 (us) 5153.477
Loop 22 (us) 5151.93
Loop 23 (us) 5152.486
Loop 24 (us) 5152.686
Loop 25 (us) 5152.927
Loop 26 (us) 5154.326
Loop 27 (us) 5153.475
Loop 28 (us) 5154.162
Loop 29 (us) 5152.978
Loop 30 (us) 5150.961
Loop 31 (us) 5152.316
Loop 32 (us) 5152.523
Loop 33 (us) 5151.833
Loop 34 (us) 5152.417
Loop 35 (us) 5152.427
Loop 36 (us) 5152.428
Loop 37 (us) 5154.077
Loop 38 (us) 5153.693
Loop 39 (us) 5153.719
Loop 40 (us) 5153.008
Loop 41 (us) 5152.375
Loop 42 (us) 5154.792
Loop 43 (us) 5153.217
Loop 44 (us) 5154.179
Loop 45 (us) 5153.352
Loop 46 (us) 5151.086
Loop 47 (us) 5153.357
Loop 48 (us) 5153.854
Loop 49 (us) 5153.64
Loop 50 (us) 5154.101
Loop 51 (us) 5152.732
Loop 52 (us) 5153.321
Loop 53 (us) 5152.113
Loop 54 (us) 5154.771
Loop 55 (us) 5153.22
Loop 56 (us) 5155.663
Loop 57 (us) 5153.35
Loop 58 (us) 5151.365
Loop 59 (us) 5152.583
Loop 60 (us) 5154.045
Loop 61 (us) 5151.037
Loop 62 (us) 5153.367
Loop 63 (us) 5151.729
Loop 64 (us) 5153.159
Loop 65 (us) 5152.473
Loop 66 (us) 5152.17
Loop 67 (us) 5152.668
Loop 68 (us) 5150.845
Loop 69 (us) 5151.994
Loop 70 (us) 5151.705
Loop 71 (us) 5151.712
Loop 72 (us) 5152.545
Loop 73 (us) 5152.41
Loop 74 (us) 5153.613
Loop 75 (us) 5151.424
Loop 76 (us) 5164.235
Loop 77 (us) 5152.484
Loop 78 (us) 5151.915
Loop 79 (us) 5152.464
Loop 80 (us) 5152.012
Loop 81 (us) 5153.208
Loop 82 (us) 5153.052
Loop 83 (us) 5153.659
Loop 84 (us) 5152.089
Loop 85 (us) 5152.473
Loop 86 (us) 5151.477
Loop 87 (us) 5151.379
Loop 88 (us) 5151.001
Loop 89 (us) 5154.406
Loop 90 (us) 5153.444
Loop 91 (us) 5153.603
Loop 92 (us) 5152.939
Loop 93 (us) 5152.042
Loop 94 (us) 5152.435
Loop 95 (us) 5152.685
Loop 96 (us) 5153.33
Loop 97 (us) 5151.851
Loop 98 (us) 5152.491
Loop 99 (us) 5152.608
Loop 100 (us) 5154.464
Loop 101 (us) 5152.277
Loop 102 (us) 5152.307
Loop 103 (us) 5152.421
Loop 104 (us) 5151.009
Loop 105 (us) 5151.448
Loop 106 (us) 5153.441
Loop 107 (us) 5152.084
Loop 108 (us) 5154.899
Loop 109 (us) 5152.609
Loop 110 (us) 5154.556
Loop 111 (us) 5151.249
Loop 112 (us) 5151.248
Loop 113 (us) 5152.505
Loop 114 (us) 5153.638
Loop 115 (us) 5155.276
Loop 116 (us) 5150.857
Loop 117 (us) 5153.379
Loop 118 (us) 5152.591
Loop 119 (us) 5153.043
Loop 120 (us) 5150.937
Loop 121 (us) 5152.318
Loop 122 (us) 5151.455
Loop 123 (us) 5156.674
Loop 124 (us) 5152.86
Loop 125 (us) 5151.903
Loop 126 (us) 5152.305
Loop 127 (us) 5154.728
Loop 128 (us) 5154.544
Loop 129 (us) 5152.579
Loop 130 (us) 5152.324
Loop 131 (us) 5153.607
Loop 132 (us) 5154.921
Loop 133 (us) 5152.735
Loop 134 (us) 5152.348
Loop 135 (us) 5152.775
Loop 136 (us) 5151.887
Loop 137 (us) 5152.941
Loop 138 (us) 5153.399
Loop 139 (us) 5152.244
Loop 140 (us) 5151.361
Loop 141 (us) 5151.867
Loop 142 (us) 5154.204
Loop 143 (us) 5153.353
Loop 144 (us) 5152.017
Loop 145 (us) 5152.956
Loop 146 (us) 5151.168
Loop 147 (us) 5152.105
Loop 148 (us) 5152.438
Loop 149 (us) 5160.613
Loop 150 (us) 5153.452
Loop 151 (us) 5153.48
Loop 152 (us) 5152.165
Loop 153 (us) 5152.527
Loop 154 (us) 5152.848
Loop 155 (us) 5154.94
Loop 156 (us) 5152.207
Loop 157 (us) 5153.373
Loop 158 (us) 5152.445
Loop 159 (us) 5152.606
Loop 160 (us) 5154.994
Loop 161 (us) 5151.861
Loop 162 (us) 5154.138
Loop 163 (us) 5151.853
Loop 164 (us) 5153.9
Loop 165 (us) 5152.212
Loop 166 (us) 5152.352
Loop 167 (us) 5152.806
Loop 168 (us) 5154.317
Loop 169 (us) 5152.439
Loop 170 (us) 5151.392
Loop 171 (us) 5152.44
Loop 172 (us) 5151.78
Loop 173 (us) 5151.027
Loop 174 (us) 5152.896
Loop 175 (us) 5152.169
Loop 176 (us) 5153.605
Loop 177 (us) 5151.424
Loop 178 (us) 5151.686
Loop 179 (us) 5153.753
Loop 180 (us) 5152.27
Loop 181 (us) 5153.292
Loop 182 (us) 5152.664
Loop 183 (us) 5153.07
Loop 184 (us) 5152.901
Loop 185 (us) 5151.605
Loop 186 (us) 5154.025
Loop 187 (us) 5152.363
Loop 188 (us) 5152.578
Loop 189 (us) 5153.822
Loop 190 (us) 5153.479
Loop 191 (us) 5152.373
Loop 192 (us) 5153.281
Loop 193 (us) 5153.923
Loop 194 (us) 5151.649
Loop 195 (us) 5153.276
Loop 196 (us) 5152.637
Loop 197 (us) 5151.451
Loop 198 (us) 5151.894
Loop 199 (us) 5153.577
Loop 200 (us) 5151.318
Loop 201 (us) 5153.336
Loop 202 (us) 5154.546
Loop 203 (us) 5154.043
Loop 204 (us) 5151.683
Loop 205 (us) 5151.593
Loop 206 (us) 5153.613
Loop 207 (us) 5150.786
Loop 208 (us) 5153.976
Loop 209 (us) 5153.809
Loop 210 (us) 5151.398
Loop 211 (us) 5153.144
Loop 212 (us) 5153.467
Loop 213 (us) 5151.243
Loop 214 (us) 5151.358
Loop 215 (us) 5151.043
Loop 216 (us) 5152.883
Loop 217 (us) 5152.846
Loop 218 (us) 5152.242
Loop 219 (us) 5152.032
Loop 220 (us) 5151.753
Loop 221 (us) 5151.564
Loop 222 (us) 5153.2
Loop 223 (us) 5153.468
Loop 224 (us) 5152.909
Loop 225 (us) 5153.86
Loop 226 (us) 5152.411
Loop 227 (us) 5152.185
Loop 228 (us) 5153.981
Loop 229 (us) 5151.984
Loop 230 (us) 5153.799
Loop 231 (us) 5152.245
Loop 232 (us) 5152.604
Loop 233 (us) 5151.424
Loop 234 (us) 5151.593
Loop 235 (us) 5151.81
Loop 236 (us) 5151.348
Loop 237 (us) 5151.626
Loop 238 (us) 5153.236
Loop 239 (us) 5153.103
Loop 240 (us) 5152.498
Loop 241 (us) 5152.859
Loop 242 (us) 5152.205
Loop 243 (us) 5155.042
Loop 244 (us) 5153.488
Loop 245 (us) 5153.339
Loop 246 (us) 5152.356
Loop 247 (us) 5152.334
Loop 248 (us) 5151.951
Loop 249 (us) 5151.282
Loop 250 (us) 5152.106
Loop 251 (us) 5150.666
Loop 252 (us) 5152.882
Loop 253 (us) 5153.5
Loop 254 (us) 5153.654
Loop 255 (us) 5161.096
Loop 256 (us) 5155.01
Loop 257 (us) 5153.6
Loop 258 (us) 5152.407
Loop 259 (us) 5151.337
Loop 260 (us) 5153.483
Loop 261 (us) 5156.879
Loop 262 (us) 5153.759
Loop 263 (us) 5153.523
Loop 264 (us) 5153.432
Loop 265 (us) 5153.297
Loop 266 (us) 5153.093
Loop 267 (us) 5153.062
Loop 268 (us) 5152.589
Loop 269 (us) 5151.944
Loop 270 (us) 5151.641
Loop 271 (us) 5153.044
Loop 272 (us) 5151.204
Loop 273 (us) 5153.542
Loop 274 (us) 5152.038
Loop 275 (us) 5151.814
Loop 276 (us) 5152.853
Loop 277 (us) 5151.595
Loop 278 (us) 5159.037
Loop 279 (us) 5190.046
Loop 280 (us) 5154.301
Loop 281 (us) 5152.762
Loop 282 (us) 5151.834
Loop 283 (us) 5152.914
Loop 284 (us) 5151.344
Loop 285 (us) 5151.142
Loop 286 (us) 5152.048
Loop 287 (us) 5152.897
Loop 288 (us) 5151.618
Loop 289 (us) 5152.77
Loop 290 (us) 5155.211
Loop 291 (us) 5153.475
Loop 292 (us) 5152.777
Loop 293 (us) 5150.965
Loop 294 (us) 5152.316
Loop 295 (us) 5152.519
Loop 296 (us) 5154.134
Loop 297 (us) 5151.786
Loop 298 (us) 5153.174
Loop 299 (us) 5150.977
Loop 300 (us) 5151.105
Loop 301 (us) 5152.883
Loop 302 (us) 5153.303
Loop 303 (us) 5151.714
Loop 304 (us) 5154.015
Loop 305 (us) 5154.454
Loop 306 (us) 5153.573
Loop 307 (us) 5151.939
Loop 308 (us) 5153.973
Loop 309 (us) 5154.348
Loop 310 (us) 5155.195
Loop 311 (us) 5152.227
Loop 312 (us) 5151.51
Loop 313 (us) 5152.254
Loop 314 (us) 5152.68
Loop 315 (us) 5152.966
Loop 316 (us) 5152.185
Loop 317 (us) 5150.962
Loop 318 (us) 5151.329
Loop 319 (us) 5152.137
Loop 320 (us) 5152.001
Loop 321 (us) 5154.738
Loop 322 (us) 5153.239
Loop 323 (us) 5153.68
Loop 324 (us) 5151.597
Loop 325 (us) 5152.568
Loop 326 (us) 5152.375
Loop 327 (us) 5152.328
Loop 328 (us) 5153.358
Loop 329 (us) 5151.463
Loop 330 (us) 5151.894
Loop 331 (us) 5151.93
Loop 332 (us) 5152.273
Loop 333 (us) 5154.637
Loop 334 (us) 5155.48
Loop 335 (us) 5150.613
Loop 336 (us) 5153.52
Loop 337 (us) 5152.622
Loop 338 (us) 5152.8
Loop 339 (us) 5152.519
Loop 340 (us) 5151.618
Loop 341 (us) 5153.886
Loop 342 (us) 5153.405
Loop 343 (us) 5152.144
Loop 344 (us) 5151.225
Loop 345 (us) 5152.083
Loop 346 (us) 5152.031
Loop 347 (us) 5153.1
Loop 348 (us) 5154.493
Loop 349 (us) 5151.695
Loop 350 (us) 5152.308
Loop 351 (us) 5151.853
Loop 352 (us) 5151.795
Loop 353 (us) 5151.668
Loop 354 (us) 5151.656
Loop 355 (us) 5151.871
Loop 356 (us) 5151.482
Loop 357 (us) 5152.611
Loop 358 (us) 5152.91
Loop 359 (us) 5152.569
Loop 360 (us) 5153.384
Loop 361 (us) 5153.617
Loop 362 (us) 5151.813
Loop 363 (us) 5152.256
Loop 364 (us) 5153.079
Loop 365 (us) 5154.471
Loop 366 (us) 5152.322
Loop 367 (us) 5154.024
Loop 368 (us) 5153.308
Loop 369 (us) 5153.215
Loop 370 (us) 5151.805
Loop 371 (us) 5152.783
Loop 372 (us) 5153.509
Loop 373 (us) 5152.197
Loop 374 (us) 5154.636
Loop 375 (us) 5153.394
Loop 376 (us) 5154.815
Loop 377 (us) 5153.03
Loop 378 (us) 5152.76
Loop 379 (us) 5152.804
Loop 380 (us) 5151.825
Loop 381 (us) 5152.396
Loop 382 (us) 5152.422
Loop 383 (us) 5153.412
Loop 384 (us) 5152.57
Loop 385 (us) 5151.927
Loop 386 (us) 5153.276
Loop 387 (us) 5150.739
Loop 388 (us) 5153.206
Loop 389 (us) 5153.179
Loop 390 (us) 5151.565
Loop 391 (us) 5151.554
Loop 392 (us) 5152.844
Loop 393 (us) 5152.335
Loop 394 (us) 5151.518
Loop 395 (us) 5153.792
Loop 396 (us) 5154.039
Loop 397 (us) 5153.242
Loop 398 (us) 5154.242
Loop 399 (us) 5157.204
Loop 400 (us) 5153.73
Loop 401 (us) 5152.653
Loop 402 (us) 5152.173
Loop 403 (us) 5158.004
Loop 404 (us) 5151.887
Loop 405 (us) 5151.875
Loop 406 (us) 5153.365
Loop 407 (us) 5151.99
Loop 408 (us) 5151.423
Loop 409 (us) 5151.592
Loop 410 (us) 5153.67
Loop 411 (us) 5151.208
Loop 412 (us) 5153.325
Loop 413 (us) 5152.885
Loop 414 (us) 5152.652
Loop 415 (us) 5152.85
Loop 416 (us) 5151.69
Loop 417 (us) 5152.022
Loop 418 (us) 5151.962
Loop 419 (us) 5151.766
Loop 420 (us) 5152.669
Loop 421 (us) 5152.458
Loop 422 (us) 5153.877
Loop 423 (us) 5152.391
Loop 424 (us) 5152.399
Loop 425 (us) 5154.087
Loop 426 (us) 5156.082
Loop 427 (us) 5154.866
Loop 428 (us) 5152.679
Loop 429 (us) 5151.548
Loop 430 (us) 5151.785
Loop 431 (us) 5151.56
Loop 432 (us) 5151.996
Loop 433 (us) 5153.243
Loop 434 (us) 5152.889
Loop 435 (us) 5154.978
Loop 436 (us) 5155.357
Loop 437 (us) 5151.625
Loop 438 (us) 5151.806
Loop 439 (us) 5153.539
Loop 440 (us) 5154.085
Loop 441 (us) 5152.362
Loop 442 (us) 5152.887
Loop 443 (us) 5152.918
Loop 444 (us) 5154.266
Loop 445 (us) 5151.747
Loop 446 (us) 5153.861
Loop 447 (us) 5152.084
Loop 448 (us) 5151.705
Loop 449 (us) 5151.69
Loop 450 (us) 5151.757
Loop 451 (us) 5150.753
Loop 452 (us) 5152.583
Loop 453 (us) 5153.115
Loop 454 (us) 5154.345
Loop 455 (us) 5154.218
Loop 456 (us) 5152.274
Loop 457 (us) 5150.566
Loop 458 (us) 5151.5
Loop 459 (us) 5154.811
Loop 460 (us) 5151.838
Loop 461 (us) 5152.806
Loop 462 (us) 5151.748
Loop 463 (us) 5153.297
Loop 464 (us) 5153.006
Loop 465 (us) 5153.447
Loop 466 (us) 5152.728
Loop 467 (us) 5153.662
Loop 468 (us) 5152.892
Loop 469 (us) 5154.048
Loop 470 (us) 5154.564
Loop 471 (us) 5153.19
Loop 472 (us) 5152.332
Loop 473 (us) 5152.763
Loop 474 (us) 5152.075
Loop 475 (us) 5152.719
Loop 476 (us) 5151.844
Loop 477 (us) 5152.038
Loop 478 (us) 5153.965
Loop 479 (us) 5152.342
Loop 480 (us) 5152.054
Loop 481 (us) 5151.445
Loop 482 (us) 5152.307
Loop 483 (us) 5152.243
Loop 484 (us) 5153.186
Loop 485 (us) 5152.123
Loop 486 (us) 5152.087
Loop 487 (us) 5153.328
Loop 488 (us) 5152.339
Loop 489 (us) 5153.463
Loop 490 (us) 5152.88
Loop 491 (us) 5152.493
Loop 492 (us) 5153.039
Loop 493 (us) 5151.813
Loop 494 (us) 5152.318
Loop 495 (us) 5152.088
Loop 496 (us) 5152.355
Loop 497 (us) 5153.427
Loop 498 (us) 5154.298
Loop 499 (us) 5154.496
Loop 500 (us) 5152.576
Loop 501 (us) 5154.045
Loop 502 (us) 5153.477
Loop 503 (us) 5152.879
Loop 504 (us) 5151.631
Loop 505 (us) 5153.39
Loop 506 (us) 5153.342
Loop 507 (us) 5152.411
Loop 508 (us) 5152.623
Loop 509 (us) 5151.588
Loop 510 (us) 5151.949
Loop 511 (us) 5155.612
Loop 512 (us) 5152.122
Loop 513 (us) 5151.046
Loop 514 (us) 5153.498
Loop 515 (us) 5153.16
Loop 516 (us) 5151.778
Loop 517 (us) 5151.73
Loop 518 (us) 5152.776
Loop 519 (us) 5154.026
Loop 520 (us) 5152.274
Loop 521 (us) 5152.349
Loop 522 (us) 5152.385
Loop 523 (us) 5151.174
Loop 524 (us) 5151.799
Loop 525 (us) 5152.415
Loop 526 (us) 5152.136
Loop 527 (us) 5152.198
Loop 528 (us) 5151.793
Loop 529 (us) 5151.925
Loop 530 (us) 5152.879
Loop 531 (us) 5152.151
Loop 532 (us) 5151.909
Loop 533 (us) 5152.248
Loop 534 (us) 5153.831
Loop 535 (us) 5152.879
Loop 536 (us) 5153.363
Loop 537 (us) 5150.523
Loop 538 (us) 5153.72
Loop 539 (us) 5151.943
Loop 540 (us) 5151.614
Loop 541 (us) 5151.886
Loop 542 (us) 5153.049
Loop 543 (us) 5151.011
Loop 544 (us) 5152.304
Loop 545 (us) 5152.119
Loop 546 (us) 5153.589
Loop 547 (us) 5153.685
Loop 548 (us) 5152.81
Loop 549 (us) 5151.547
Loop 550 (us) 5152.473
Loop 551 (us) 5152.047
Loop 552 (us) 5152.57
Loop 553 (us) 5151.676
Loop 554 (us) 5152.244
Loop 555 (us) 5151.649
Loop 556 (us) 5151.181
Loop 557 (us) 5152.65
Loop 558 (us) 5151.852
Loop 559 (us) 5151.51
Loop 560 (us) 5151.317
Loop 561 (us) 5151.768
Loop 562 (us) 5151.498
Loop 563 (us) 5152.437
Loop 564 (us) 5152.561
Loop 565 (us) 5150.993
Loop 566 (us) 5152.016
Loop 567 (us) 5152.934
Loop 568 (us) 5153.634
Loop 569 (us) 5153.347
Loop 570 (us) 5153.688
Loop 571 (us) 5152.051
Loop 572 (us) 5151.796
Loop 573 (us) 5153.073
Loop 574 (us) 5154.39
Loop 575 (us) 5152.797
Loop 576 (us) 5153.217
Loop 577 (us) 5152.183
Loop 578 (us) 5152.023
Loop 579 (us) 5151.265
Loop 580 (us) 5151.913
Loop 581 (us) 5150.891
Loop 582 (us) 5152.365
Loop 583 (us) 5152.517
Loop 584 (us) 5153.04
Loop 585 (us) 5151.54
Loop 586 (us) 5154.243
Loop 587 (us) 5153.504
Loop 588 (us) 5152.896
Loop 589 (us) 5151.724
Loop 590 (us) 5152.946
Loop 591 (us) 5152.133
Loop 592 (us) 5152.603
Loop 593 (us) 5154.729
Loop 594 (us) 5153.922
Loop 595 (us) 5153.19
Loop 596 (us) 5154.992
Loop 597 (us) 5153.142
Loop 598 (us) 5154.812
Loop 599 (us) 5151.663
Loop 600 (us) 5151.053
Loop 601 (us) 5152.389
Loop 602 (us) 5153.31
Loop 603 (us) 5151.011
Loop 604 (us) 5152.048
Loop 605 (us) 5151.867
Loop 606 (us) 5151.121
Loop 607 (us) 5152.81
Loop 608 (us) 5152.497
Loop 609 (us) 5153.127
Loop 610 (us) 5151.832
Loop 611 (us) 5151.939
Loop 612 (us) 5153.198
Loop 613 (us) 5153.492
Loop 614 (us) 5152.288
Loop 615 (us) 5153.444
Loop 616 (us) 5153.047
Loop 617 (us) 5151.257
Loop 618 (us) 5151.1
Loop 619 (us) 5153.38
Loop 620 (us) 5152.514
Loop 621 (us) 5152.037
Loop 622 (us) 5153.148
Loop 623 (us) 5154.326
Loop 624 (us) 5152.765
Loop 625 (us) 5152.624
Loop 626 (us) 5152.964
Loop 627 (us) 5152.902
Loop 628 (us) 5152.322
Loop 629 (us) 5153.971
Loop 630 (us) 5152.775
Loop 631 (us) 5151.815
Loop 632 (us) 5151.871
Loop 633 (us) 5153.156
Loop 634 (us) 5154.729
Loop 635 (us) 5153.084
Loop 636 (us) 5153.795
Loop 637 (us) 5153.094
Loop 638 (us) 5152.993
Loop 639 (us) 5152.819
Loop 640 (us) 5154.049
Loop 641 (us) 5152.167
Loop 642 (us) 5152.099
Loop 643 (us) 5153.365
Loop 644 (us) 5151.739
Loop 645 (us) 5151.888
Loop 646 (us) 5151.934
Loop 647 (us) 5150.893
Loop 648 (us) 5153.712
Loop 649 (us) 5151.228
Loop 650 (us) 5153.58
Loop 651 (us) 5153.287
Loop 652 (us) 5151.842
Loop 653 (us) 5151.97
Loop 654 (us) 5152.174
Loop 655 (us) 5153.789
Loop 656 (us) 5151.843
Loop 657 (us) 5152.026
Loop 658 (us) 5152.581
Loop 659 (us) 5152.343
Loop 660 (us) 5152.04
Loop 661 (us) 5156.576
Loop 662 (us) 5152.789
Loop 663 (us) 5153.839
Loop 664 (us) 5152.519
Loop 665 (us) 5152.421
Loop 666 (us) 5153.254
Loop 667 (us) 5152.861
Loop 668 (us) 5151.327
Loop 669 (us) 5153.15
Loop 670 (us) 5151.828
Loop 671 (us) 5151.293
Loop 672 (us) 5151.699
Loop 673 (us) 5152.797
Loop 674 (us) 5150.965
Loop 675 (us) 5152.82
Loop 676 (us) 5151.322
Loop 677 (us) 5152.678
Loop 678 (us) 5150.825
Loop 679 (us) 5151.03
Loop 680 (us) 5152.599
Loop 681 (us) 5151.077
Loop 682 (us) 5152.606
Loop 683 (us) 5151.84
Loop 684 (us) 5150.984
Loop 685 (us) 5152.229
Loop 686 (us) 5152.593
Loop 687 (us) 5151.454
Loop 688 (us) 5152.361
Loop 689 (us) 5153.375
Loop 690 (us) 5154.087
Loop 691 (us) 5151.73
Loop 692 (us) 5154.455
Loop 693 (us) 5152.389
Loop 694 (us) 5152.612
Loop 695 (us) 5150.663
Loop 696 (us) 5152.77
Loop 697 (us) 5150.946
Loop 698 (us) 5151.942
Loop 699 (us) 5151.655
Loop 700 (us) 5152.019
Loop 701 (us) 5151.772
Loop 702 (us) 5153.851
Loop 703 (us) 5151.783
Loop 704 (us) 5153.513
Loop 705 (us) 5151.367
Loop 706 (us) 5152.876
Loop 707 (us) 5151.47
Loop 708 (us) 5152.496
Loop 709 (us) 5154.524
Loop 710 (us) 5150.957
Loop 711 (us) 5152.559
Loop 712 (us) 5151.442
Loop 713 (us) 5151.521
Loop 714 (us) 5151.971
Loop 715 (us) 5152.294
Loop 716 (us) 5151.435
Loop 717 (us) 5152.195
Loop 718 (us) 5151.57
Loop 719 (us) 5152.941
Loop 720 (us) 5151.566
Loop 721 (us) 5153.572
Loop 722 (us) 5152.932
Loop 723 (us) 5153.708
Loop 724 (us) 5152.848
Loop 725 (us) 5152.635
Loop 726 (us) 5153.075
Loop 727 (us) 5151.653
Loop 728 (us) 5151.305
Loop 729 (us) 5155.028
Loop 730 (us) 5152.415
Loop 731 (us) 5152.251
Loop 732 (us) 5151.979
Loop 733 (us) 5151.44
Loop 734 (us) 5151.067
Loop 735 (us) 5150.721
Loop 736 (us) 5152.998
Loop 737 (us) 5151.813
Loop 738 (us) 5151.491
Loop 739 (us) 5152.699
Loop 740 (us) 5152.621
Loop 741 (us) 5152.063
Loop 742 (us) 5151.953
Loop 743 (us) 5152.204
Loop 744 (us) 5153.456
Loop 745 (us) 5154.408
Loop 746 (us) 5151.971
Loop 747 (us) 5153.713
Loop 748 (us) 5152.451
Loop 749 (us) 5153.579
Loop 750 (us) 5152.007
Loop 751 (us) 5151.941
Loop 752 (us) 5151.549
Loop 753 (us) 5154.474
Loop 754 (us) 5152.677
Loop 755 (us) 5153.231
Loop 756 (us) 5151.808
Loop 757 (us) 5152.527
Loop 758 (us) 5155.571
Loop 759 (us) 5153.351
Loop 760 (us) 5152.367
Loop 761 (us) 5153.585
Loop 762 (us) 5152.523
Loop 763 (us) 5153.451
Loop 764 (us) 5151.481
Loop 765 (us) 9029.378
Loop 766 (us) 5155.483
Loop 767 (us) 5162.099
Loop 768 (us) 5153.371
Loop 769 (us) 5156.173
Loop 770 (us) 5156.87
Loop 771 (us) 5154.948
Loop 772 (us) 5156.378
Loop 773 (us) 5153.468
Loop 774 (us) 5152.679
Loop 775 (us) 5152.67
Loop 776 (us) 5152.526
Loop 777 (us) 5151.854
Loop 778 (us) 5154.842
Loop 779 (us) 5154.024
Loop 780 (us) 5154.243
Loop 781 (us) 5153.437
Loop 782 (us) 5152.71
Loop 783 (us) 5154.042
Loop 784 (us) 5152.854
Loop 785 (us) 5152.213
Loop 786 (us) 5151.439
Loop 787 (us) 5152.309
Loop 788 (us) 5151.952
Loop 789 (us) 5152.142
Loop 790 (us) 5152.513
Loop 791 (us) 5155.686
Loop 792 (us) 5152.538
Loop 793 (us) 5151.203
Loop 794 (us) 5157.943
Loop 795 (us) 5153.94
Loop 796 (us) 5152.46
Loop 797 (us) 5152.096
Loop 798 (us) 5152.578
Loop 799 (us) 5151.021
Loop 800 (us) 5151.953
Loop 801 (us) 5151.406
Loop 802 (us) 5151.926
Loop 803 (us) 5151.072
Loop 804 (us) 5152.611
Loop 805 (us) 5155.759
Loop 806 (us) 5152.439
Loop 807 (us) 5153.567
Loop 808 (us) 5151.658
Loop 809 (us) 5151.58
Loop 810 (us) 5156.767
Loop 811 (us) 5153.183
Loop 812 (us) 9002.826
Loop 813 (us) 5232.307
Loop 814 (us) 5156.839
Loop 815 (us) 5157.139
Loop 816 (us) 5154.576
Loop 817 (us) 5156.761
Loop 818 (us) 5154.399
Loop 819 (us) 5154.268
Loop 820 (us) 5156.882
Loop 821 (us) 5157.194
Loop 822 (us) 5154.901
Loop 823 (us) 5154.521
Loop 824 (us) 5151.479
Loop 825 (us) 5152.287
Loop 826 (us) 5153.766
Loop 827 (us) 5153.364
Loop 828 (us) 5153.443
Loop 829 (us) 5153.88
Loop 830 (us) 5153.078
Loop 831 (us) 5154.734
Loop 832 (us) 5154.575
Loop 833 (us) 5154.904
Loop 834 (us) 5153.53
Loop 835 (us) 5152.279
Loop 836 (us) 5153.64
Loop 837 (us) 5153.202
Loop 838 (us) 5153.043
Loop 839 (us) 5153.293
Loop 840 (us) 5152.165
Loop 841 (us) 5152.688
Loop 842 (us) 5153.81
Loop 843 (us) 5153.347
Loop 844 (us) 5153.21
Loop 845 (us) 5152.536
Loop 846 (us) 5152.491
Loop 847 (us) 5151.463
Loop 848 (us) 5152.547
Loop 849 (us) 5152.457
Loop 850 (us) 5150.839
Loop 851 (us) 5154.555
Loop 852 (us) 5153.831
Loop 853 (us) 5151.377
Loop 854 (us) 5152.254
Loop 855 (us) 5152.767
Loop 856 (us) 5151.713
Loop 857 (us) 5152.89
Loop 858 (us) 5151.796
Loop 859 (us) 5153.028
Loop 860 (us) 5152.467
Loop 861 (us) 5151.485
Loop 862 (us) 5151.749
Loop 863 (us) 5152.964
Loop 864 (us) 5152.45
Loop 865 (us) 5154.27
Loop 866 (us) 5152.64
Loop 867 (us) 5156.376
Loop 868 (us) 5155.375
Loop 869 (us) 5153.304
Loop 870 (us) 5154.185
Loop 871 (us) 5152.145
Loop 872 (us) 5153.489
Loop 873 (us) 5152.852
Loop 874 (us) 5153.248
Loop 875 (us) 5154.848
Loop 876 (us) 5152.309
Loop 877 (us) 5153.72
Loop 878 (us) 5152.49
Loop 879 (us) 5154.426
Loop 880 (us) 5153.727
Loop 881 (us) 5153.154
Loop 882 (us) 5154.251
Loop 883 (us) 5152.356
Loop 884 (us) 5151.533
Loop 885 (us) 5152.202
Loop 886 (us) 5151.707
Loop 887 (us) 5152.061
Loop 888 (us) 5152.797
Loop 889 (us) 5153.746
Loop 890 (us) 5152.43
Loop 891 (us) 5152.926
Loop 892 (us) 5153.657
Loop 893 (us) 5152.446
Loop 894 (us) 5152.816
Loop 895 (us) 5154.523
Loop 896 (us) 5158.358
Loop 897 (us) 5154.056
Loop 898 (us) 5152.303
Loop 899 (us) 5152.042
Loop 900 (us) 5151.389
Loop 901 (us) 5153.9
Loop 902 (us) 5154.179
Loop 903 (us) 5153.235
Loop 904 (us) 5152.973
Loop 905 (us) 5152.631
Loop 906 (us) 5152.602
Loop 907 (us) 5154.565
Loop 908 (us) 5152.444
Loop 909 (us) 5152.62
Loop 910 (us) 5154.394
Loop 911 (us) 5153.187
Loop 912 (us) 5151.89
Loop 913 (us) 5152.427
Loop 914 (us) 5151.599
Loop 915 (us) 5153.69
Loop 916 (us) 5152.313
Loop 917 (us) 5151.371
Loop 918 (us) 5151.918
Loop 919 (us) 5152.393
Loop 920 (us) 5151.955
Loop 921 (us) 5151.538
Loop 922 (us) 5151.891
Loop 923 (us) 5151.958
Loop 924 (us) 5152.786
Loop 925 (us) 5152.919
Loop 926 (us) 5152.797
Loop 927 (us) 5153.471
Loop 928 (us) 5151.81
Loop 929 (us) 5152.904
Loop 930 (us) 5154.355
Loop 931 (us) 5153.05
Loop 932 (us) 5151.666
Loop 933 (us) 5153.235
Loop 934 (us) 5153.646
Loop 935 (us) 5155.174
Loop 936 (us) 5152.924
Loop 937 (us) 5152.854
Loop 938 (us) 5153.684
Loop 939 (us) 5153.083
Loop 940 (us) 5152.215
Loop 941 (us) 5153.188
Loop 942 (us) 5151.619
Loop 943 (us) 5152.863
Loop 944 (us) 5152.075
Loop 945 (us) 5151.887
Loop 946 (us) 5154.897
Loop 947 (us) 5153.553
Loop 948 (us) 9460.794
Loop 949 (us) 5160.214
Loop 950 (us) 5156.035
Loop 951 (us) 5156.694
Loop 952 (us) 5153.758
Loop 953 (us) 5155.728
Loop 954 (us) 5154.635
Loop 955 (us) 5154.708
Loop 956 (us) 5155.161
Loop 957 (us) 5156.534
Loop 958 (us) 5155.06
Loop 959 (us) 5156.298
Loop 960 (us) 5151.742
Loop 961 (us) 5153.586
Loop 962 (us) 5151.964
Loop 963 (us) 5153.361
Loop 964 (us) 5152.244
Loop 965 (us) 5151.892
Loop 966 (us) 5156.237
Loop 967 (us) 5152.204
Loop 968 (us) 5154.985
Loop 969 (us) 5152.21
Loop 970 (us) 5153.888
Loop 971 (us) 5154.015
Loop 972 (us) 5151.699
Loop 973 (us) 5154.008
Loop 974 (us) 5152.554
Loop 975 (us) 5151.265
Loop 976 (us) 5152.47
Loop 977 (us) 5153.657
Loop 978 (us) 5152.6
Loop 979 (us) 5151.849
Loop 980 (us) 5152.527
Loop 981 (us) 5152.575
Loop 982 (us) 5152.377
Loop 983 (us) 5152.781
Loop 984 (us) 5152.795
Loop 985 (us) 5151.965
Loop 986 (us) 5152.24
Loop 987 (us) 5151.856
Loop 988 (us) 5152.337
Loop 989 (us) 5152.573
Loop 990 (us) 5151.783
Loop 991 (us) 5153.948
Loop 992 (us) 5152.303
Loop 993 (us) 5151.956
Loop 994 (us) 5151.429
Loop 995 (us) 5151.835
Loop 996 (us) 5152.559
Loop 997 (us) 5152.1
Loop 998 (us) 5152.677
Loop 999 (us) 5150.531
Warmup times 0
avgLoopLatency(us) 5164.996482
iops 193.61097408004005
variance 219.70474558458608
recovery file /tmp16777216replicas.dat.replicasrec0 capacity 16777216
