recoveryErasureCoding, filename /tmp4194304eccache.dat, loop 1000
MicroEC Coding Ready

/tmp4194304eccache.dat is a ReplicasFile!
starting benchmark...
ops 1000
final loop (us) 1602.536
Loop 0 (us) 1465.991
Loop 1 (us) 1400.162
Loop 2 (us) 1541.024
Loop 3 (us) 1446.525
Loop 4 (us) 1477.363
Loop 5 (us) 1275.164
Loop 6 (us) 1475.141
Loop 7 (us) 1687.71
Loop 8 (us) 1595.793
Loop 9 (us) 1526.271
Loop 10 (us) 1562.713
Loop 11 (us) 1253.003
Loop 12 (us) 1482.128
Loop 13 (us) 1639.97
Loop 14 (us) 1478.555
Loop 15 (us) 1471.092
Loop 16 (us) 1465.555
Loop 17 (us) 1373.829
Loop 18 (us) 1513.935
Loop 19 (us) 1443.509
Loop 20 (us) 1377.248
Loop 21 (us) 1516.958
Loop 22 (us) 1454.269
Loop 23 (us) 1382.975
Loop 24 (us) 1531.753
Loop 25 (us) 1391.24
Loop 26 (us) 1484.192
Loop 27 (us) 1525.534
Loop 28 (us) 1440.861
Loop 29 (us) 1358.017
Loop 30 (us) 1472.258
Loop 31 (us) 1664.458
Loop 32 (us) 1585.066
Loop 33 (us) 1463.748
Loop 34 (us) 1220.636
Loop 35 (us) 1693.433
Loop 36 (us) 1490.606
Loop 37 (us) 1666.37
Loop 38 (us) 1341.057
Loop 39 (us) 1675.035
Loop 40 (us) 1458.514
Loop 41 (us) 1660.4
Loop 42 (us) 1643.283
Loop 43 (us) 1655.822
Loop 44 (us) 1532.425
Loop 45 (us) 1217.062
Loop 46 (us) 1188.606
Loop 47 (us) 1637.515
Loop 48 (us) 1582.527
Loop 49 (us) 1336.802
Loop 50 (us) 1419.467
Loop 51 (us) 1413.076
Loop 52 (us) 1601.483
Loop 53 (us) 1580.119
Loop 54 (us) 1579.675
Loop 55 (us) 1579.086
Loop 56 (us) 1546.51
Loop 57 (us) 1599.789
Loop 58 (us) 1568.359
Loop 59 (us) 1592.557
Loop 60 (us) 1572.662
Loop 61 (us) 1490.176
Loop 62 (us) 1370.969
Loop 63 (us) 1578.758
Loop 64 (us) 1552.701
Loop 65 (us) 1440.233
Loop 66 (us) 1559.689
Loop 67 (us) 1461.913
Loop 68 (us) 1624.001
Loop 69 (us) 1471.89
Loop 70 (us) 1587.278
Loop 71 (us) 1668.496
Loop 72 (us) 1546.017
Loop 73 (us) 1447.575
Loop 74 (us) 1600.423
Loop 75 (us) 1508.579
Loop 76 (us) 1576.481
Loop 77 (us) 1535.302
Loop 78 (us) 1556.567
Loop 79 (us) 1493.346
Loop 80 (us) 1539.981
Loop 81 (us) 1520.292
Loop 82 (us) 1578.337
Loop 83 (us) 1422.733
Loop 84 (us) 1356.364
Loop 85 (us) 1542.8
Loop 86 (us) 1512.699
Loop 87 (us) 1396.753
Loop 88 (us) 1401.101
Loop 89 (us) 1607.509
Loop 90 (us) 1485.076
Loop 91 (us) 1590.927
Loop 92 (us) 1422.117
Loop 93 (us) 1568.658
Loop 94 (us) 1495.898
Loop 95 (us) 1574.663
Loop 96 (us) 1482.535
Loop 97 (us) 1316.019
Loop 98 (us) 1604.968
Loop 99 (us) 1532.298
Loop 100 (us) 1525.276
Loop 101 (us) 1549.197
Loop 102 (us) 1542.032
Loop 103 (us) 1503.493
Loop 104 (us) 1518.848
Loop 105 (us) 1471.696
Loop 106 (us) 1561.799
Loop 107 (us) 1403.171
Loop 108 (us) 1620.895
Loop 109 (us) 1421.217
Loop 110 (us) 1570.546
Loop 111 (us) 1509.584
Loop 112 (us) 1564.522
Loop 113 (us) 1352.585
Loop 114 (us) 1569.136
Loop 115 (us) 1419.261
Loop 116 (us) 1597.823
Loop 117 (us) 1393.151
Loop 118 (us) 1267.862
Loop 119 (us) 1538.55
Loop 120 (us) 1514.209
Loop 121 (us) 1407.945
Loop 122 (us) 1559.055
Loop 123 (us) 1511.359
Loop 124 (us) 1582.217
Loop 125 (us) 1514.563
Loop 126 (us) 1540.857
Loop 127 (us) 1523.447
Loop 128 (us) 1506.482
Loop 129 (us) 1509.573
Loop 130 (us) 1533.583
Loop 131 (us) 1526.844
Loop 132 (us) 1410.561
Loop 133 (us) 1555.698
Loop 134 (us) 1500.399
Loop 135 (us) 1524.669
Loop 136 (us) 1570.459
Loop 137 (us) 1469.317
Loop 138 (us) 1479.533
Loop 139 (us) 1362.561
Loop 140 (us) 1342.421
Loop 141 (us) 1562.043
Loop 142 (us) 1494.04
Loop 143 (us) 1501.996
Loop 144 (us) 1474.123
Loop 145 (us) 1493.571
Loop 146 (us) 1503.482
Loop 147 (us) 1552.549
Loop 148 (us) 1416.551
Loop 149 (us) 1549.106
Loop 150 (us) 1489.384
Loop 151 (us) 1463.062
Loop 152 (us) 1503.691
Loop 153 (us) 1468.693
Loop 154 (us) 1466.028
Loop 155 (us) 1370.103
Loop 156 (us) 1498.011
Loop 157 (us) 1464.73
Loop 158 (us) 1520.259
Loop 159 (us) 1469.031
Loop 160 (us) 1493.444
Loop 161 (us) 1466.796
Loop 162 (us) 1251.156
Loop 163 (us) 1540.401
Loop 164 (us) 1458.442
Loop 165 (us) 1344.539
Loop 166 (us) 1331.93
Loop 167 (us) 1487.483
Loop 168 (us) 1543.436
Loop 169 (us) 1344.664
Loop 170 (us) 1333.383
Loop 171 (us) 1498.886
Loop 172 (us) 1425.327
Loop 173 (us) 1359.942
Loop 174 (us) 1509.972
Loop 175 (us) 1467.184
Loop 176 (us) 1476.228
Loop 177 (us) 1656.979
Loop 178 (us) 1406.954
Loop 179 (us) 1502.904
Loop 180 (us) 1448.058
Loop 181 (us) 1412.03
Loop 182 (us) 1310.71
Loop 183 (us) 1277.082
Loop 184 (us) 1312.621
Loop 185 (us) 1597.715
Loop 186 (us) 1413.292
Loop 187 (us) 1510.413
Loop 188 (us) 1450.71
Loop 189 (us) 1500.731
Loop 190 (us) 1553.13
Loop 191 (us) 1384.634
Loop 192 (us) 1515.176
Loop 193 (us) 1413.981
Loop 194 (us) 1494.756
Loop 195 (us) 1407.595
Loop 196 (us) 1463.37
Loop 197 (us) 1611.08
Loop 198 (us) 1388.424
Loop 199 (us) 1475.32
Loop 200 (us) 1280.058
Loop 201 (us) 1593.488
Loop 202 (us) 1379.618
Loop 203 (us) 1282.335
Loop 204 (us) 1519.904
Loop 205 (us) 1374.943
Loop 206 (us) 1523.409
Loop 207 (us) 1484.643
Loop 208 (us) 1399.652
Loop 209 (us) 1581.863
Loop 210 (us) 1370.561
Loop 211 (us) 1517.132
Loop 212 (us) 1465.179
Loop 213 (us) 1458.429
Loop 214 (us) 1553.707
Loop 215 (us) 1435.214
Loop 216 (us) 1261.882
Loop 217 (us) 1254.963
Loop 218 (us) 1246.947
Loop 219 (us) 1574.002
Loop 220 (us) 1550.678
Loop 221 (us) 1506.2
Loop 222 (us) 1352.547
Loop 223 (us) 1504.606
Loop 224 (us) 1352.262
Loop 225 (us) 1258.29
Loop 226 (us) 1510.515
Loop 227 (us) 1461.664
Loop 228 (us) 1465.005
Loop 229 (us) 1359.374
Loop 230 (us) 1515.788
Loop 231 (us) 1369.261
Loop 232 (us) 1507.689
Loop 233 (us) 1533.565
Loop 234 (us) 1359.39
Loop 235 (us) 1525.526
Loop 236 (us) 1360.904
Loop 237 (us) 1220.153
Loop 238 (us) 1569.14
Loop 239 (us) 1460.028
Loop 240 (us) 1461.235
Loop 241 (us) 1516.946
Loop 242 (us) 6852.453
Loop 243 (us) 1326.824
Loop 244 (us) 1599.868
Loop 245 (us) 1419.188
Loop 246 (us) 1256.336
Loop 247 (us) 1568.411
Loop 248 (us) 1400.142
Loop 249 (us) 1542.395
Loop 250 (us) 1473.981
Loop 251 (us) 1379.317
Loop 252 (us) 1547.337
Loop 253 (us) 1702.699
Loop 254 (us) 1627.04
Loop 255 (us) 1314.301
Loop 256 (us) 1462.823
Loop 257 (us) 1439.936
Loop 258 (us) 1616.387
Loop 259 (us) 1399.135
Loop 260 (us) 1743.401
Loop 261 (us) 1376.98
Loop 262 (us) 1523.377
Loop 263 (us) 1358.334
Loop 264 (us) 1528.62
Loop 265 (us) 1549.797
Loop 266 (us) 1422.672
Loop 267 (us) 1507.907
Loop 268 (us) 1365.784
Loop 269 (us) 1519.063
Loop 270 (us) 1521.165
Loop 271 (us) 1500.172
Loop 272 (us) 1479.684
Loop 273 (us) 1365.651
Loop 274 (us) 1509.793
Loop 275 (us) 1490.767
Loop 276 (us) 1325.215
Loop 277 (us) 1533.429
Loop 278 (us) 1378.49
Loop 279 (us) 1624.859
Loop 280 (us) 2342.158
Loop 281 (us) 1586.996
Loop 282 (us) 1572.595
Loop 283 (us) 1557.744
Loop 284 (us) 1731.385
Loop 285 (us) 1395.846
Loop 286 (us) 1578.697
Loop 287 (us) 1491.843
Loop 288 (us) 1472.801
Loop 289 (us) 1463.209
Loop 290 (us) 1686.639
Loop 291 (us) 1536.625
Loop 292 (us) 1211.657
Loop 293 (us) 1184.059
Loop 294 (us) 1495.199
Loop 295 (us) 1210.107
Loop 296 (us) 1207.342
Loop 297 (us) 1517.758
Loop 298 (us) 1414.044
Loop 299 (us) 1207.22
Loop 300 (us) 1655.145
Loop 301 (us) 1335.458
Loop 302 (us) 1500.146
Loop 303 (us) 1572.857
Loop 304 (us) 1508.339
Loop 305 (us) 1458.529
Loop 306 (us) 1317.204
Loop 307 (us) 1509.05
Loop 308 (us) 1660.777
Loop 309 (us) 1343.656
Loop 310 (us) 1521.702
Loop 311 (us) 1351.91
Loop 312 (us) 1208.117
Loop 313 (us) 1494.915
Loop 314 (us) 1327.958
Loop 315 (us) 1195.647
Loop 316 (us) 1188.89
Loop 317 (us) 1176.901
Loop 318 (us) 1507.924
Loop 319 (us) 1535.195
Loop 320 (us) 1513.682
Loop 321 (us) 1508.888
Loop 322 (us) 1193.863
Loop 323 (us) 1195.045
Loop 324 (us) 1182.528
Loop 325 (us) 1625.06
Loop 326 (us) 1483.944
Loop 327 (us) 1458.896
Loop 328 (us) 1355.681
Loop 329 (us) 1593.151
Loop 330 (us) 1478.159
Loop 331 (us) 1328.254
Loop 332 (us) 1193.769
Loop 333 (us) 1516.883
Loop 334 (us) 1347.464
Loop 335 (us) 1191.945
Loop 336 (us) 1194.164
Loop 337 (us) 1508.119
Loop 338 (us) 1466.063
Loop 339 (us) 1332.199
Loop 340 (us) 1590.366
Loop 341 (us) 1476.901
Loop 342 (us) 1318.239
Loop 343 (us) 1534.882
Loop 344 (us) 1459.49
Loop 345 (us) 1548.017
Loop 346 (us) 1513.117
Loop 347 (us) 1466.366
Loop 348 (us) 1364.868
Loop 349 (us) 1612.186
Loop 350 (us) 1464.373
Loop 351 (us) 1573.582
Loop 352 (us) 1576.529
Loop 353 (us) 1539.593
Loop 354 (us) 1522.123
Loop 355 (us) 1513.717
Loop 356 (us) 1505.627
Loop 357 (us) 1552.222
Loop 358 (us) 1496.423
Loop 359 (us) 1488.969
Loop 360 (us) 1522.189
Loop 361 (us) 1518.869
Loop 362 (us) 1519.386
Loop 363 (us) 1485.332
Loop 364 (us) 1195.771
Loop 365 (us) 1534.843
Loop 366 (us) 1546.19
Loop 367 (us) 1489.7
Loop 368 (us) 1539.632
Loop 369 (us) 1372.272
Loop 370 (us) 1357.179
Loop 371 (us) 1514.343
Loop 372 (us) 1461.888
Loop 373 (us) 1468.379
Loop 374 (us) 1515.657
Loop 375 (us) 1533.553
Loop 376 (us) 1329.071
Loop 377 (us) 1177.192
Loop 378 (us) 1367.111
Loop 379 (us) 1572.393
Loop 380 (us) 1517.128
Loop 381 (us) 1326.727
Loop 382 (us) 1369.771
Loop 383 (us) 1194.522
Loop 384 (us) 1574.648
Loop 385 (us) 1503.855
Loop 386 (us) 1473.386
Loop 387 (us) 1515.047
Loop 388 (us) 1496.053
Loop 389 (us) 1550.832
Loop 390 (us) 1411.615
Loop 391 (us) 1337.269
Loop 392 (us) 1197.146
Loop 393 (us) 1512.57
Loop 394 (us) 1468.877
Loop 395 (us) 1506.872
Loop 396 (us) 1527.826
Loop 397 (us) 1359.225
Loop 398 (us) 1501.803
Loop 399 (us) 1507.634
Loop 400 (us) 1400.375
Loop 401 (us) 1194.811
Loop 402 (us) 1180.201
Loop 403 (us) 1549.771
Loop 404 (us) 1494.472
Loop 405 (us) 1458.665
Loop 406 (us) 1506.868
Loop 407 (us) 1508.005
Loop 408 (us) 1324.93
Loop 409 (us) 1539.445
Loop 410 (us) 1435.904
Loop 411 (us) 1517.498
Loop 412 (us) 1471.006
Loop 413 (us) 1515.557
Loop 414 (us) 1504.403
Loop 415 (us) 1477.702
Loop 416 (us) 1474.54
Loop 417 (us) 1488.527
Loop 418 (us) 1478.846
Loop 419 (us) 1529.083
Loop 420 (us) 1414.586
Loop 421 (us) 1204.399
Loop 422 (us) 1339.326
Loop 423 (us) 1279.537
Loop 424 (us) 1272.497
Loop 425 (us) 1508.919
Loop 426 (us) 1490.141
Loop 427 (us) 1400.996
Loop 428 (us) 1502.027
Loop 429 (us) 1446.337
Loop 430 (us) 1514.041
Loop 431 (us) 1329.292
Loop 432 (us) 1335.149
Loop 433 (us) 1516.765
Loop 434 (us) 1330.162
Loop 435 (us) 1504.551
Loop 436 (us) 1470.317
Loop 437 (us) 1446.248
Loop 438 (us) 1499.472
Loop 439 (us) 1438.021
Loop 440 (us) 1518.738
Loop 441 (us) 1456.551
Loop 442 (us) 1480.967
Loop 443 (us) 1316.581
Loop 444 (us) 1509.909
Loop 445 (us) 1473.309
Loop 446 (us) 1478.586
Loop 447 (us) 1421.865
Loop 448 (us) 1502.911
Loop 449 (us) 1420.567
Loop 450 (us) 1627.406
Loop 451 (us) 1442.86
Loop 452 (us) 1296.777
Loop 453 (us) 1511.507
Loop 454 (us) 1480.359
Loop 455 (us) 1469.75
Loop 456 (us) 1428.293
Loop 457 (us) 1289.087
Loop 458 (us) 1214.521
Loop 459 (us) 1293.6
Loop 460 (us) 1462.768
Loop 461 (us) 1520.095
Loop 462 (us) 1399.839
Loop 463 (us) 1517.412
Loop 464 (us) 1414.586
Loop 465 (us) 1194.098
Loop 466 (us) 1512.484
Loop 467 (us) 1455.772
Loop 468 (us) 1456.634
Loop 469 (us) 1461.519
Loop 470 (us) 1329.64
Loop 471 (us) 1517.724
Loop 472 (us) 1482.297
Loop 473 (us) 1470.313
Loop 474 (us) 1325.104
Loop 475 (us) 1468.406
Loop 476 (us) 1191.466
Loop 477 (us) 1417.884
Loop 478 (us) 1288.378
Loop 479 (us) 1243.395
Loop 480 (us) 1241.065
Loop 481 (us) 1511.035
Loop 482 (us) 1484.799
Loop 483 (us) 1327.411
Loop 484 (us) 1253.861
Loop 485 (us) 1498.868
Loop 486 (us) 1476.123
Loop 487 (us) 1502.123
Loop 488 (us) 1197.796
Loop 489 (us) 1519.641
Loop 490 (us) 1464.946
Loop 491 (us) 1528.189
Loop 492 (us) 1258.886
Loop 493 (us) 1430.346
Loop 494 (us) 1505.253
Loop 495 (us) 1466.83
Loop 496 (us) 1455.418
Loop 497 (us) 1466.065
Loop 498 (us) 1466.069
Loop 499 (us) 1519.196
Loop 500 (us) 1250.841
Loop 501 (us) 1506.477
Loop 502 (us) 1363.342
Loop 503 (us) 1502.973
Loop 504 (us) 1469.125
Loop 505 (us) 1318.937
Loop 506 (us) 1235.438
Loop 507 (us) 1510.08
Loop 508 (us) 1316.907
Loop 509 (us) 1234.908
Loop 510 (us) 1211.79
Loop 511 (us) 1190.42
Loop 512 (us) 1370.927
Loop 513 (us) 1521.836
Loop 514 (us) 1340.916
Loop 515 (us) 1505.248
Loop 516 (us) 1329.03
Loop 517 (us) 1502.334
Loop 518 (us) 1347.61
Loop 519 (us) 1512.433
Loop 520 (us) 1327.75
Loop 521 (us) 1506.261
Loop 522 (us) 1459.673
Loop 523 (us) 1325.916
Loop 524 (us) 1216.366
Loop 525 (us) 1511.402
Loop 526 (us) 1476.974
Loop 527 (us) 1452.415
Loop 528 (us) 1356.762
Loop 529 (us) 1506.47
Loop 530 (us) 1348.284
Loop 531 (us) 1354.723
Loop 532 (us) 1516.569
Loop 533 (us) 1460.501
Loop 534 (us) 1444.433
Loop 535 (us) 1208.398
Loop 536 (us) 1216.371
Loop 537 (us) 1206.633
Loop 538 (us) 1186.674
Loop 539 (us) 1204.663
Loop 540 (us) 1512.14
Loop 541 (us) 1319.236
Loop 542 (us) 1512.397
Loop 543 (us) 1460.59
Loop 544 (us) 1333.815
Loop 545 (us) 1504.963
Loop 546 (us) 1339.17
Loop 547 (us) 1183.928
Loop 548 (us) 1173.658
Loop 549 (us) 1173.031
Loop 550 (us) 1174.854
Loop 551 (us) 1311.156
Loop 552 (us) 1516.335
Loop 553 (us) 1470.964
Loop 554 (us) 1594.658
Loop 555 (us) 1344.564
Loop 556 (us) 1517.345
Loop 557 (us) 1459.542
Loop 558 (us) 1328.054
Loop 559 (us) 1277.36
Loop 560 (us) 1189.189
Loop 561 (us) 1583.815
Loop 562 (us) 1408.946
Loop 563 (us) 1286.176
Loop 564 (us) 1271.291
Loop 565 (us) 1501.136
Loop 566 (us) 1543.091
Loop 567 (us) 1522.801
Loop 568 (us) 1327.028
Loop 569 (us) 1278.437
Loop 570 (us) 1195.513
Loop 571 (us) 1173.58
Loop 572 (us) 1512.2
Loop 573 (us) 1552.894
Loop 574 (us) 1557.21
Loop 575 (us) 1375.765
Loop 576 (us) 1684.353
Loop 577 (us) 1323.31
Loop 578 (us) 1509.999
Loop 579 (us) 1667.039
Loop 580 (us) 1643.796
Loop 581 (us) 1480.46
Loop 582 (us) 1318.676
Loop 583 (us) 1506.575
Loop 584 (us) 1625.642
Loop 585 (us) 1387.489
Loop 586 (us) 1196.885
Loop 587 (us) 1507.226
Loop 588 (us) 1533.577
Loop 589 (us) 1505.864
Loop 590 (us) 1326.307
Loop 591 (us) 1187.192
Loop 592 (us) 1173.848
Loop 593 (us) 1169.892
Loop 594 (us) 1647.358
Loop 595 (us) 1609.01
Loop 596 (us) 1609.17
Loop 597 (us) 1536.93
Loop 598 (us) 1321.103
Loop 599 (us) 1687.742
Loop 600 (us) 1396.281
Loop 601 (us) 1574.884
Loop 602 (us) 1380.668
Loop 603 (us) 1533.059
Loop 604 (us) 1682.663
Loop 605 (us) 1388.897
Loop 606 (us) 1208.552
Loop 607 (us) 1215.193
Loop 608 (us) 1260.277
Loop 609 (us) 1216.756
Loop 610 (us) 1622.596
Loop 611 (us) 1691.05
Loop 612 (us) 1670.75
Loop 613 (us) 1563.869
Loop 614 (us) 1379.174
Loop 615 (us) 1211.553
Loop 616 (us) 1186.149
Loop 617 (us) 1644.652
Loop 618 (us) 1545.53
Loop 619 (us) 1543.555
Loop 620 (us) 1369.773
Loop 621 (us) 1536.066
Loop 622 (us) 1337.443
Loop 623 (us) 1619.559
Loop 624 (us) 1507.75
Loop 625 (us) 1330.676
Loop 626 (us) 1629.477
Loop 627 (us) 1368.474
Loop 628 (us) 1563.83
Loop 629 (us) 1367.603
Loop 630 (us) 1718.399
Loop 631 (us) 1374.208
Loop 632 (us) 1213.249
Loop 633 (us) 1194.864
Loop 634 (us) 1619.34
Loop 635 (us) 1512.595
Loop 636 (us) 1335.996
Loop 637 (us) 1629.193
Loop 638 (us) 1376.412
Loop 639 (us) 1209.2
Loop 640 (us) 1205.48
Loop 641 (us) 1574.498
Loop 642 (us) 1350.402
Loop 643 (us) 1598.651
Loop 644 (us) 1334.115
Loop 645 (us) 1586.8
Loop 646 (us) 1328.224
Loop 647 (us) 1197.478
Loop 648 (us) 1222.78
Loop 649 (us) 1822.044
Loop 650 (us) 1659.847
Loop 651 (us) 1501.917
Loop 652 (us) 1457.46
Loop 653 (us) 1578.638
Loop 654 (us) 1332.714
Loop 655 (us) 1564.952
Loop 656 (us) 1334.824
Loop 657 (us) 1179.269
Loop 658 (us) 1185.255
Loop 659 (us) 1179.784
Loop 660 (us) 1527.102
Loop 661 (us) 1456.67
Loop 662 (us) 1522.713
Loop 663 (us) 1502.734
Loop 664 (us) 1464.934
Loop 665 (us) 1455.493
Loop 666 (us) 1350.657
Loop 667 (us) 1504.442
Loop 668 (us) 1520.915
Loop 669 (us) 1488.449
Loop 670 (us) 1485.767
Loop 671 (us) 1472.799
Loop 672 (us) 1491.72
Loop 673 (us) 1316.729
Loop 674 (us) 1186.616
Loop 675 (us) 1179.01
Loop 676 (us) 1177.28
Loop 677 (us) 1199.293
Loop 678 (us) 1186.623
Loop 679 (us) 1174.258
Loop 680 (us) 1538.991
Loop 681 (us) 1559.315
Loop 682 (us) 1328.88
Loop 683 (us) 1511.256
Loop 684 (us) 1325.267
Loop 685 (us) 1191.368
Loop 686 (us) 1517.76
Loop 687 (us) 1325.374
Loop 688 (us) 1189.205
Loop 689 (us) 1184.965
Loop 690 (us) 1173.769
Loop 691 (us) 1535.383
Loop 692 (us) 1459.131
Loop 693 (us) 1473.278
Loop 694 (us) 1653.923
Loop 695 (us) 1331.223
Loop 696 (us) 1502.025
Loop 697 (us) 1615.742
Loop 698 (us) 1351.372
Loop 699 (us) 1186.548
Loop 700 (us) 1194.175
Loop 701 (us) 1193.47
Loop 702 (us) 1504.559
Loop 703 (us) 1326.972
Loop 704 (us) 1184.474
Loop 705 (us) 1603.155
Loop 706 (us) 1326.034
Loop 707 (us) 1193.403
Loop 708 (us) 1186.437
Loop 709 (us) 1679.132
Loop 710 (us) 1465.529
Loop 711 (us) 1324.639
Loop 712 (us) 1181.362
Loop 713 (us) 1515.485
Loop 714 (us) 1479.048
Loop 715 (us) 1463.003
Loop 716 (us) 1469.744
Loop 717 (us) 1325.171
Loop 718 (us) 1186.899
Loop 719 (us) 1173.479
Loop 720 (us) 1518.945
Loop 721 (us) 1459.358
Loop 722 (us) 1606.001
Loop 723 (us) 1332.286
Loop 724 (us) 1182.426
Loop 725 (us) 1204.082
Loop 726 (us) 1178.955
Loop 727 (us) 1593.626
Loop 728 (us) 1488.056
Loop 729 (us) 1332.318
Loop 730 (us) 1543.611
Loop 731 (us) 1315.345
Loop 732 (us) 1602.545
Loop 733 (us) 1531.413
Loop 734 (us) 1531.07
Loop 735 (us) 1317.747
Loop 736 (us) 1512.921
Loop 737 (us) 1495.629
Loop 738 (us) 1326.704
Loop 739 (us) 1578.644
Loop 740 (us) 1322.259
Loop 741 (us) 1192.382
Loop 742 (us) 1515.835
Loop 743 (us) 1316.178
Loop 744 (us) 1517.903
Loop 745 (us) 1329.307
Loop 746 (us) 1178.169
Loop 747 (us) 1179.171
Loop 748 (us) 1510.244
Loop 749 (us) 1475.704
Loop 750 (us) 1326.264
Loop 751 (us) 1499.73
Loop 752 (us) 1328.038
Loop 753 (us) 1565.334
Loop 754 (us) 1333.788
Loop 755 (us) 1180.294
Loop 756 (us) 1497.9
Loop 757 (us) 1323.595
Loop 758 (us) 1180.11
Loop 759 (us) 1172.578
Loop 760 (us) 1186.424
Loop 761 (us) 1510.68
Loop 762 (us) 1315.881
Loop 763 (us) 1495.712
Loop 764 (us) 1323.533
Loop 765 (us) 1501.934
Loop 766 (us) 1479.24
Loop 767 (us) 1321.033
Loop 768 (us) 1529.882
Loop 769 (us) 1551.562
Loop 770 (us) 1473.888
Loop 771 (us) 1319.722
Loop 772 (us) 1503.85
Loop 773 (us) 1327.342
Loop 774 (us) 1173.352
Loop 775 (us) 1512.342
Loop 776 (us) 1541.813
Loop 777 (us) 1176.271
Loop 778 (us) 1183.289
Loop 779 (us) 1507.095
Loop 780 (us) 1319.24
Loop 781 (us) 1508.597
Loop 782 (us) 1316.881
Loop 783 (us) 1187.963
Loop 784 (us) 1570.155
Loop 785 (us) 1460.237
Loop 786 (us) 1470.136
Loop 787 (us) 1319.833
Loop 788 (us) 1516.348
Loop 789 (us) 1513.908
Loop 790 (us) 1468.394
Loop 791 (us) 1518.362
Loop 792 (us) 1320.573
Loop 793 (us) 1192.762
Loop 794 (us) 1192.38
Loop 795 (us) 1184.74
Loop 796 (us) 1172.858
Loop 797 (us) 1509.508
Loop 798 (us) 1315.977
Loop 799 (us) 1186.142
Loop 800 (us) 1506.253
Loop 801 (us) 1314.577
Loop 802 (us) 1511.929
Loop 803 (us) 1468.868
Loop 804 (us) 1460.554
Loop 805 (us) 1322.019
Loop 806 (us) 1503.278
Loop 807 (us) 1326.498
Loop 808 (us) 1192.49
Loop 809 (us) 1501.978
Loop 810 (us) 1326.232
Loop 811 (us) 1179.585
Loop 812 (us) 1184.441
Loop 813 (us) 1174.579
Loop 814 (us) 1506.621
Loop 815 (us) 1507.248
Loop 816 (us) 1334.273
Loop 817 (us) 1190.625
Loop 818 (us) 1496.064
Loop 819 (us) 1456.714
Loop 820 (us) 1315.274
Loop 821 (us) 1682.828
Loop 822 (us) 1463.295
Loop 823 (us) 1318.581
Loop 824 (us) 1530.477
Loop 825 (us) 1321.929
Loop 826 (us) 1192.654
Loop 827 (us) 1191.697
Loop 828 (us) 1499.319
Loop 829 (us) 1470.6
Loop 830 (us) 1313.35
Loop 831 (us) 1500.668
Loop 832 (us) 1630.784
Loop 833 (us) 1469.761
Loop 834 (us) 1458.612
Loop 835 (us) 1466.669
Loop 836 (us) 1328.696
Loop 837 (us) 1513.706
Loop 838 (us) 1466.205
Loop 839 (us) 1322.178
Loop 840 (us) 1518.178
Loop 841 (us) 1324.418
Loop 842 (us) 1178.14
Loop 843 (us) 1514.271
Loop 844 (us) 1323.765
Loop 845 (us) 1637.622
Loop 846 (us) 1319.025
Loop 847 (us) 1184.179
Loop 848 (us) 1512.692
Loop 849 (us) 1447.991
Loop 850 (us) 1458.598
Loop 851 (us) 1323.826
Loop 852 (us) 1505.916
Loop 853 (us) 1447.553
Loop 854 (us) 1444.737
Loop 855 (us) 1630.6
Loop 856 (us) 1548.789
Loop 857 (us) 1531.682
Loop 858 (us) 1326.074
Loop 859 (us) 1519.31
Loop 860 (us) 1555.619
Loop 861 (us) 1559.599
Loop 862 (us) 1464.078
Loop 863 (us) 1338.794
Loop 864 (us) 1502.162
Loop 865 (us) 1570.803
Loop 866 (us) 1542.668
Loop 867 (us) 1557.901
Loop 868 (us) 1555.422
Loop 869 (us) 1560.781
Loop 870 (us) 1511.122
Loop 871 (us) 1408.885
Loop 872 (us) 1431.767
Loop 873 (us) 1521.034
Loop 874 (us) 1323.105
Loop 875 (us) 1282.539
Loop 876 (us) 1510.345
Loop 877 (us) 1316.185
Loop 878 (us) 1506.933
Loop 879 (us) 1447.817
Loop 880 (us) 1320.976
Loop 881 (us) 1409.62
Loop 882 (us) 1530.591
Loop 883 (us) 1662.731
Loop 884 (us) 1474.208
Loop 885 (us) 1644.216
Loop 886 (us) 1387.873
Loop 887 (us) 1187.473
Loop 888 (us) 1408.885
Loop 889 (us) 1669.849
Loop 890 (us) 1582.614
Loop 891 (us) 1374.026
Loop 892 (us) 1242.929
Loop 893 (us) 1375.369
Loop 894 (us) 1190.776
Loop 895 (us) 1605.434
Loop 896 (us) 1478.928
Loop 897 (us) 1620.272
Loop 898 (us) 1449.48
Loop 899 (us) 1256.126
Loop 900 (us) 1637.859
Loop 901 (us) 1366.968
Loop 902 (us) 1230.684
Loop 903 (us) 1227.522
Loop 904 (us) 1221.615
Loop 905 (us) 1337.085
Loop 906 (us) 1302.542
Loop 907 (us) 1240.9
Loop 908 (us) 1582.126
Loop 909 (us) 1343.028
Loop 910 (us) 1536.729
Loop 911 (us) 1676.509
Loop 912 (us) 1318.314
Loop 913 (us) 1311.205
Loop 914 (us) 1675.233
Loop 915 (us) 1679.754
Loop 916 (us) 1326.653
Loop 917 (us) 1311.042
Loop 918 (us) 1611.474
Loop 919 (us) 1660.989
Loop 920 (us) 1662.494
Loop 921 (us) 1354.213
Loop 922 (us) 1186.51
Loop 923 (us) 1215.298
Loop 924 (us) 1673.408
Loop 925 (us) 1414.587
Loop 926 (us) 1661.241
Loop 927 (us) 1560.416
Loop 928 (us) 1344.314
Loop 929 (us) 1192.551
Loop 930 (us) 1276.655
Loop 931 (us) 1618.46
Loop 932 (us) 1330.394
Loop 933 (us) 1197.352
Loop 934 (us) 1187.97
Loop 935 (us) 1672.386
Loop 936 (us) 1404.27
Loop 937 (us) 1642.927
Loop 938 (us) 1330.01
Loop 939 (us) 1172.815
Loop 940 (us) 1197.596
Loop 941 (us) 1187.83
Loop 942 (us) 1191.025
Loop 943 (us) 1613.9
Loop 944 (us) 1630.631
Loop 945 (us) 1321.324
Loop 946 (us) 1174.924
Loop 947 (us) 1283.139
Loop 948 (us) 1610.153
Loop 949 (us) 1327.499
Loop 950 (us) 1612.292
Loop 951 (us) 1584.843
Loop 952 (us) 1594.677
Loop 953 (us) 1333.103
Loop 954 (us) 1582.088
Loop 955 (us) 1385.649
Loop 956 (us) 1186.387
Loop 957 (us) 1582.528
Loop 958 (us) 1330.083
Loop 959 (us) 1173.628
Loop 960 (us) 1688.21
Loop 961 (us) 1591.896
Loop 962 (us) 1379.99
Loop 963 (us) 1599.394
Loop 964 (us) 1336.533
Loop 965 (us) 1575.328
Loop 966 (us) 1627.43
Loop 967 (us) 1368.792
Loop 968 (us) 1618.205
Loop 969 (us) 1535.871
Loop 970 (us) 1552.65
Loop 971 (us) 1319.658
Loop 972 (us) 1175.781
Loop 973 (us) 1189.774
Loop 974 (us) 2065.293
Loop 975 (us) 1536.179
Loop 976 (us) 1361.042
Loop 977 (us) 1582.452
Loop 978 (us) 1566.706
Loop 979 (us) 1597.18
Loop 980 (us) 1373.099
Loop 981 (us) 1190.762
Loop 982 (us) 1189.925
Loop 983 (us) 1179.202
Loop 984 (us) 1218.053
Loop 985 (us) 1576.147
Loop 986 (us) 1564.61
Loop 987 (us) 1524.56
Loop 988 (us) 1317.526
Loop 989 (us) 1559.102
Loop 990 (us) 1507.604
Loop 991 (us) 1576.291
Loop 992 (us) 1350.342
Loop 993 (us) 1196.436
Loop 994 (us) 1191.405
Loop 995 (us) 1172.178
Loop 996 (us) 1183.334
Loop 997 (us) 1223.155
Loop 998 (us) 1194.42
Loop 999 (us) 1602.536
Warmup times 0
avgLoopLatency(us) 1439.8939269999998
iops 694.4956022444563
variance 222.34899238450754
recovery file /tmp4194304eccache.dat.nativerec0 capacity 1048576
