recoveryMicroEC, filename /tmp65536eccache.dat monECSubStripeNum 4 transferSize 16384 loop 1000 degradeNum 1
MicroEC Coding Ready

/tmp65536eccache.dat is a ReplicasFile!
networkSizeArray [16384]
starting benchmark...
ops 1000
final loop (us) 45.11
Loop 0 (us) 83.002
Loop 1 (us) 58.154
Loop 2 (us) 67.945
Loop 3 (us) 47.48
Loop 4 (us) 47.055
Loop 5 (us) 47.006
Loop 6 (us) 46.339
Loop 7 (us) 46.312
Loop 8 (us) 46.894
Loop 9 (us) 45.511
Loop 10 (us) 46.024
Loop 11 (us) 46.523
Loop 12 (us) 46.286
Loop 13 (us) 48.5
Loop 14 (us) 48.316
Loop 15 (us) 46.268
Loop 16 (us) 58.302
Loop 17 (us) 47.68
Loop 18 (us) 45.628
Loop 19 (us) 45.497
Loop 20 (us) 45.887
Loop 21 (us) 45.328
Loop 22 (us) 44.822
Loop 23 (us) 61.164
Loop 24 (us) 46.414
Loop 25 (us) 47.447
Loop 26 (us) 46.424
Loop 27 (us) 44.89
Loop 28 (us) 46.111
Loop 29 (us) 47.011
Loop 30 (us) 45.677
Loop 31 (us) 46.026
Loop 32 (us) 45.748
Loop 33 (us) 45.296
Loop 34 (us) 44.42
Loop 35 (us) 45.307
Loop 36 (us) 53.164
Loop 37 (us) 45.582
Loop 38 (us) 44.791
Loop 39 (us) 44.795
Loop 40 (us) 45.391
Loop 41 (us) 45.023
Loop 42 (us) 44.775
Loop 43 (us) 45.38
Loop 44 (us) 45.417
Loop 45 (us) 46.138
Loop 46 (us) 45.923
Loop 47 (us) 45.639
Loop 48 (us) 45.766
Loop 49 (us) 45.636
Loop 50 (us) 55.653
Loop 51 (us) 46.0
Loop 52 (us) 60.358
Loop 53 (us) 55.728
Loop 54 (us) 45.342
Loop 55 (us) 49.767
Loop 56 (us) 45.763
Loop 57 (us) 44.946
Loop 58 (us) 45.492
Loop 59 (us) 61.153
Loop 60 (us) 47.064
Loop 61 (us) 45.817
Loop 62 (us) 44.742
Loop 63 (us) 44.573
Loop 64 (us) 45.302
Loop 65 (us) 45.353
Loop 66 (us) 44.881
Loop 67 (us) 45.085
Loop 68 (us) 45.304
Loop 69 (us) 56.593
Loop 70 (us) 47.015
Loop 71 (us) 68.974
Loop 72 (us) 49.277
Loop 73 (us) 48.782
Loop 74 (us) 71.302
Loop 75 (us) 50.25
Loop 76 (us) 60.376
Loop 77 (us) 49.154
Loop 78 (us) 58.984
Loop 79 (us) 47.961
Loop 80 (us) 46.926
Loop 81 (us) 47.833
Loop 82 (us) 60.342
Loop 83 (us) 50.941
Loop 84 (us) 63.275
Loop 85 (us) 48.861
Loop 86 (us) 52.559
Loop 87 (us) 62.508
Loop 88 (us) 48.878
Loop 89 (us) 60.461
Loop 90 (us) 50.984
Loop 91 (us) 47.979
Loop 92 (us) 47.372
Loop 93 (us) 47.079
Loop 94 (us) 60.009
Loop 95 (us) 47.285
Loop 96 (us) 47.104
Loop 97 (us) 47.095
Loop 98 (us) 57.024
Loop 99 (us) 50.683
Loop 100 (us) 49.317
Loop 101 (us) 47.44
Loop 102 (us) 48.187
Loop 103 (us) 48.041
Loop 104 (us) 48.414
Loop 105 (us) 48.0
Loop 106 (us) 47.866
Loop 107 (us) 47.25
Loop 108 (us) 46.777
Loop 109 (us) 55.314
Loop 110 (us) 46.587
Loop 111 (us) 46.186
Loop 112 (us) 50.355
Loop 113 (us) 66.679
Loop 114 (us) 74.091
Loop 115 (us) 66.462
Loop 116 (us) 54.505
Loop 117 (us) 46.035
Loop 118 (us) 44.761
Loop 119 (us) 46.569
Loop 120 (us) 46.942
Loop 121 (us) 45.522
Loop 122 (us) 44.609
Loop 123 (us) 45.342
Loop 124 (us) 44.866
Loop 125 (us) 45.668
Loop 126 (us) 52.665
Loop 127 (us) 56.878
Loop 128 (us) 46.979
Loop 129 (us) 45.392
Loop 130 (us) 45.01
Loop 131 (us) 44.651
Loop 132 (us) 44.718
Loop 133 (us) 44.878
Loop 134 (us) 45.003
Loop 135 (us) 45.018
Loop 136 (us) 44.713
Loop 137 (us) 44.35
Loop 138 (us) 45.012
Loop 139 (us) 45.307
Loop 140 (us) 44.949
Loop 141 (us) 43.567
Loop 142 (us) 45.271
Loop 143 (us) 45.22
Loop 144 (us) 45.003
Loop 145 (us) 45.118
Loop 146 (us) 45.415
Loop 147 (us) 47.004
Loop 148 (us) 46.568
Loop 149 (us) 44.846
Loop 150 (us) 44.291
Loop 151 (us) 59.113
Loop 152 (us) 68.589
Loop 153 (us) 45.887
Loop 154 (us) 45.584
Loop 155 (us) 44.716
Loop 156 (us) 45.49
Loop 157 (us) 45.498
Loop 158 (us) 45.79
Loop 159 (us) 45.081
Loop 160 (us) 45.725
Loop 161 (us) 45.129
Loop 162 (us) 45.843
Loop 163 (us) 44.037
Loop 164 (us) 44.371
Loop 165 (us) 45.728
Loop 166 (us) 45.831
Loop 167 (us) 51.11
Loop 168 (us) 44.511
Loop 169 (us) 45.457
Loop 170 (us) 44.803
Loop 171 (us) 45.683
Loop 172 (us) 44.679
Loop 173 (us) 45.491
Loop 174 (us) 44.587
Loop 175 (us) 45.794
Loop 176 (us) 45.836
Loop 177 (us) 44.398
Loop 178 (us) 89.198
Loop 179 (us) 46.339
Loop 180 (us) 44.546
Loop 181 (us) 46.008
Loop 182 (us) 45.258
Loop 183 (us) 44.409
Loop 184 (us) 45.035
Loop 185 (us) 44.914
Loop 186 (us) 51.634
Loop 187 (us) 45.517
Loop 188 (us) 44.316
Loop 189 (us) 44.325
Loop 190 (us) 44.826
Loop 191 (us) 45.511
Loop 192 (us) 44.673
Loop 193 (us) 44.206
Loop 194 (us) 44.499
Loop 195 (us) 45.889
Loop 196 (us) 44.522
Loop 197 (us) 44.532
Loop 198 (us) 44.514
Loop 199 (us) 44.462
Loop 200 (us) 44.693
Loop 201 (us) 44.496
Loop 202 (us) 44.805
Loop 203 (us) 44.732
Loop 204 (us) 44.762
Loop 205 (us) 57.191
Loop 206 (us) 52.078
Loop 207 (us) 46.792
Loop 208 (us) 46.412
Loop 209 (us) 44.106
Loop 210 (us) 46.111
Loop 211 (us) 66.175
Loop 212 (us) 53.408
Loop 213 (us) 46.802
Loop 214 (us) 44.417
Loop 215 (us) 43.984
Loop 216 (us) 44.057
Loop 217 (us) 44.928
Loop 218 (us) 44.519
Loop 219 (us) 43.796
Loop 220 (us) 44.025
Loop 221 (us) 46.671
Loop 222 (us) 45.758
Loop 223 (us) 44.719
Loop 224 (us) 44.478
Loop 225 (us) 44.823
Loop 226 (us) 50.888
Loop 227 (us) 44.228
Loop 228 (us) 45.101
Loop 229 (us) 44.502
Loop 230 (us) 44.316
Loop 231 (us) 43.805
Loop 232 (us) 51.101
Loop 233 (us) 44.73
Loop 234 (us) 45.122
Loop 235 (us) 45.744
Loop 236 (us) 44.511
Loop 237 (us) 45.563
Loop 238 (us) 44.541
Loop 239 (us) 44.221
Loop 240 (us) 44.285
Loop 241 (us) 44.642
Loop 242 (us) 51.723
Loop 243 (us) 57.904
Loop 244 (us) 53.868
Loop 245 (us) 70.754
Loop 246 (us) 45.455
Loop 247 (us) 43.572
Loop 248 (us) 43.101
Loop 249 (us) 44.221
Loop 250 (us) 43.819
Loop 251 (us) 54.866
Loop 252 (us) 43.262
Loop 253 (us) 41.914
Loop 254 (us) 42.608
Loop 255 (us) 53.637
Loop 256 (us) 41.791
Loop 257 (us) 44.332
Loop 258 (us) 42.82
Loop 259 (us) 41.726
Loop 260 (us) 42.785
Loop 261 (us) 42.399
Loop 262 (us) 42.267
Loop 263 (us) 41.998
Loop 264 (us) 42.827
Loop 265 (us) 49.748
Loop 266 (us) 43.142
Loop 267 (us) 47.497
Loop 268 (us) 42.099
Loop 269 (us) 42.109
Loop 270 (us) 42.248
Loop 271 (us) 42.231
Loop 272 (us) 44.779
Loop 273 (us) 42.779
Loop 274 (us) 45.839
Loop 275 (us) 44.119
Loop 276 (us) 43.171
Loop 277 (us) 42.972
Loop 278 (us) 43.946
Loop 279 (us) 44.272
Loop 280 (us) 70.605
Loop 281 (us) 47.226
Loop 282 (us) 48.307
Loop 283 (us) 57.15
Loop 284 (us) 83.618
Loop 285 (us) 43.081
Loop 286 (us) 43.119
Loop 287 (us) 42.457
Loop 288 (us) 41.509
Loop 289 (us) 42.431
Loop 290 (us) 42.188
Loop 291 (us) 42.005
Loop 292 (us) 41.548
Loop 293 (us) 41.947
Loop 294 (us) 52.81
Loop 295 (us) 54.321
Loop 296 (us) 50.782
Loop 297 (us) 42.461
Loop 298 (us) 49.534
Loop 299 (us) 48.061
Loop 300 (us) 42.024
Loop 301 (us) 41.834
Loop 302 (us) 42.065
Loop 303 (us) 41.945
Loop 304 (us) 61.569
Loop 305 (us) 58.915
Loop 306 (us) 61.195
Loop 307 (us) 44.477
Loop 308 (us) 42.676
Loop 309 (us) 44.631
Loop 310 (us) 41.608
Loop 311 (us) 43.562
Loop 312 (us) 41.602
Loop 313 (us) 41.845
Loop 314 (us) 41.847
Loop 315 (us) 42.291
Loop 316 (us) 60.248
Loop 317 (us) 41.442
Loop 318 (us) 42.317
Loop 319 (us) 41.903
Loop 320 (us) 41.57
Loop 321 (us) 42.036
Loop 322 (us) 41.108
Loop 323 (us) 41.235
Loop 324 (us) 48.743
Loop 325 (us) 41.44
Loop 326 (us) 40.972
Loop 327 (us) 42.322
Loop 328 (us) 41.661
Loop 329 (us) 42.198
Loop 330 (us) 44.183
Loop 331 (us) 41.065
Loop 332 (us) 41.568
Loop 333 (us) 41.681
Loop 334 (us) 41.434
Loop 335 (us) 41.125
Loop 336 (us) 41.154
Loop 337 (us) 39.962
Loop 338 (us) 41.608
Loop 339 (us) 41.919
Loop 340 (us) 43.727
Loop 341 (us) 41.741
Loop 342 (us) 43.662
Loop 343 (us) 42.842
Loop 344 (us) 42.318
Loop 345 (us) 42.872
Loop 346 (us) 59.524
Loop 347 (us) 49.144
Loop 348 (us) 42.607
Loop 349 (us) 41.175
Loop 350 (us) 41.382
Loop 351 (us) 41.207
Loop 352 (us) 40.917
Loop 353 (us) 41.258
Loop 354 (us) 41.074
Loop 355 (us) 41.759
Loop 356 (us) 41.38
Loop 357 (us) 41.192
Loop 358 (us) 40.58
Loop 359 (us) 41.03
Loop 360 (us) 40.363
Loop 361 (us) 41.6
Loop 362 (us) 40.548
Loop 363 (us) 40.609
Loop 364 (us) 41.129
Loop 365 (us) 41.289
Loop 366 (us) 40.633
Loop 367 (us) 47.79
Loop 368 (us) 41.705
Loop 369 (us) 41.025
Loop 370 (us) 55.838
Loop 371 (us) 41.777
Loop 372 (us) 41.239
Loop 373 (us) 40.83
Loop 374 (us) 40.908
Loop 375 (us) 41.861
Loop 376 (us) 41.5
Loop 377 (us) 40.571
Loop 378 (us) 41.232
Loop 379 (us) 41.406
Loop 380 (us) 41.086
Loop 381 (us) 40.179
Loop 382 (us) 41.155
Loop 383 (us) 41.267
Loop 384 (us) 41.715
Loop 385 (us) 41.182
Loop 386 (us) 41.766
Loop 387 (us) 41.214
Loop 388 (us) 41.482
Loop 389 (us) 47.846
Loop 390 (us) 40.932
Loop 391 (us) 41.012
Loop 392 (us) 40.726
Loop 393 (us) 40.644
Loop 394 (us) 40.776
Loop 395 (us) 40.908
Loop 396 (us) 42.641
Loop 397 (us) 41.387
Loop 398 (us) 41.396
Loop 399 (us) 41.43
Loop 400 (us) 40.986
Loop 401 (us) 40.886
Loop 402 (us) 41.18
Loop 403 (us) 41.235
Loop 404 (us) 41.659
Loop 405 (us) 41.068
Loop 406 (us) 40.806
Loop 407 (us) 42.824
Loop 408 (us) 62.227
Loop 409 (us) 41.925
Loop 410 (us) 48.753
Loop 411 (us) 41.386
Loop 412 (us) 41.841
Loop 413 (us) 40.908
Loop 414 (us) 41.252
Loop 415 (us) 42.202
Loop 416 (us) 41.349
Loop 417 (us) 41.306
Loop 418 (us) 40.945
Loop 419 (us) 41.292
Loop 420 (us) 40.997
Loop 421 (us) 40.576
Loop 422 (us) 41.096
Loop 423 (us) 40.995
Loop 424 (us) 40.359
Loop 425 (us) 41.096
Loop 426 (us) 41.424
Loop 427 (us) 40.903
Loop 428 (us) 41.222
Loop 429 (us) 41.278
Loop 430 (us) 40.667
Loop 431 (us) 40.855
Loop 432 (us) 43.081
Loop 433 (us) 41.901
Loop 434 (us) 61.031
Loop 435 (us) 41.577
Loop 436 (us) 41.631
Loop 437 (us) 41.234
Loop 438 (us) 45.222
Loop 439 (us) 41.063
Loop 440 (us) 41.021
Loop 441 (us) 40.629
Loop 442 (us) 41.152
Loop 443 (us) 40.74
Loop 444 (us) 40.799
Loop 445 (us) 40.314
Loop 446 (us) 40.99
Loop 447 (us) 40.762
Loop 448 (us) 41.092
Loop 449 (us) 41.042
Loop 450 (us) 40.817
Loop 451 (us) 41.364
Loop 452 (us) 41.391
Loop 453 (us) 41.32
Loop 454 (us) 49.637
Loop 455 (us) 41.001
Loop 456 (us) 41.245
Loop 457 (us) 41.681
Loop 458 (us) 42.311
Loop 459 (us) 41.257
Loop 460 (us) 40.91
Loop 461 (us) 41.083
Loop 462 (us) 40.72
Loop 463 (us) 40.607
Loop 464 (us) 40.721
Loop 465 (us) 41.511
Loop 466 (us) 40.535
Loop 467 (us) 41.05
Loop 468 (us) 40.744
Loop 469 (us) 41.451
Loop 470 (us) 41.057
Loop 471 (us) 41.189
Loop 472 (us) 41.87
Loop 473 (us) 40.321
Loop 474 (us) 41.143
Loop 475 (us) 41.152
Loop 476 (us) 42.802
Loop 477 (us) 40.921
Loop 478 (us) 40.56
Loop 479 (us) 40.535
Loop 480 (us) 40.91
Loop 481 (us) 40.924
Loop 482 (us) 41.391
Loop 483 (us) 41.162
Loop 484 (us) 42.647
Loop 485 (us) 49.778
Loop 486 (us) 41.209
Loop 487 (us) 40.645
Loop 488 (us) 40.943
Loop 489 (us) 41.555
Loop 490 (us) 41.604
Loop 491 (us) 41.51
Loop 492 (us) 41.094
Loop 493 (us) 41.36
Loop 494 (us) 41.407
Loop 495 (us) 41.065
Loop 496 (us) 40.493
Loop 497 (us) 40.988
Loop 498 (us) 75.89
Loop 499 (us) 42.34
Loop 500 (us) 41.136
Loop 501 (us) 40.777
Loop 502 (us) 41.006
Loop 503 (us) 40.897
Loop 504 (us) 42.754
Loop 505 (us) 40.732
Loop 506 (us) 41.377
Loop 507 (us) 41.026
Loop 508 (us) 40.527
Loop 509 (us) 44.163
Loop 510 (us) 57.733
Loop 511 (us) 52.041
Loop 512 (us) 53.281
Loop 513 (us) 41.504
Loop 514 (us) 43.95
Loop 515 (us) 40.507
Loop 516 (us) 48.956
Loop 517 (us) 41.409
Loop 518 (us) 40.247
Loop 519 (us) 42.125
Loop 520 (us) 40.383
Loop 521 (us) 42.279
Loop 522 (us) 50.93
Loop 523 (us) 44.058
Loop 524 (us) 40.93
Loop 525 (us) 48.587
Loop 526 (us) 41.021
Loop 527 (us) 40.419
Loop 528 (us) 40.399
Loop 529 (us) 40.398
Loop 530 (us) 41.668
Loop 531 (us) 40.841
Loop 532 (us) 41.154
Loop 533 (us) 63.108
Loop 534 (us) 61.412
Loop 535 (us) 65.857
Loop 536 (us) 41.786
Loop 537 (us) 39.43
Loop 538 (us) 52.2
Loop 539 (us) 44.89
Loop 540 (us) 40.552
Loop 541 (us) 39.78
Loop 542 (us) 40.228
Loop 543 (us) 40.011
Loop 544 (us) 39.808
Loop 545 (us) 40.414
Loop 546 (us) 40.767
Loop 547 (us) 39.884
Loop 548 (us) 39.74
Loop 549 (us) 609.242
Loop 550 (us) 40.194
Loop 551 (us) 38.845
Loop 552 (us) 39.762
Loop 553 (us) 39.229
Loop 554 (us) 39.791
Loop 555 (us) 39.353
Loop 556 (us) 39.361
Loop 557 (us) 39.723
Loop 558 (us) 39.32
Loop 559 (us) 39.118
Loop 560 (us) 39.698
Loop 561 (us) 39.275
Loop 562 (us) 87.844
Loop 563 (us) 42.889
Loop 564 (us) 39.671
Loop 565 (us) 39.319
Loop 566 (us) 39.114
Loop 567 (us) 39.22
Loop 568 (us) 39.037
Loop 569 (us) 39.117
Loop 570 (us) 38.896
Loop 571 (us) 41.599
Loop 572 (us) 39.356
Loop 573 (us) 39.016
Loop 574 (us) 39.094
Loop 575 (us) 39.384
Loop 576 (us) 39.63
Loop 577 (us) 39.313
Loop 578 (us) 38.96
Loop 579 (us) 39.55
Loop 580 (us) 39.401
Loop 581 (us) 39.322
Loop 582 (us) 38.873
Loop 583 (us) 39.45
Loop 584 (us) 39.432
Loop 585 (us) 39.037
Loop 586 (us) 48.579
Loop 587 (us) 39.806
Loop 588 (us) 38.792
Loop 589 (us) 39.093
Loop 590 (us) 38.682
Loop 591 (us) 38.8
Loop 592 (us) 38.749
Loop 593 (us) 39.048
Loop 594 (us) 43.97
Loop 595 (us) 38.992
Loop 596 (us) 38.981
Loop 597 (us) 39.545
Loop 598 (us) 62.921
Loop 599 (us) 57.862
Loop 600 (us) 39.731
Loop 601 (us) 51.567
Loop 602 (us) 48.463
Loop 603 (us) 39.864
Loop 604 (us) 38.477
Loop 605 (us) 38.685
Loop 606 (us) 39.129
Loop 607 (us) 38.727
Loop 608 (us) 39.128
Loop 609 (us) 38.579
Loop 610 (us) 38.466
Loop 611 (us) 38.59
Loop 612 (us) 38.637
Loop 613 (us) 39.249
Loop 614 (us) 38.508
Loop 615 (us) 38.892
Loop 616 (us) 44.914
Loop 617 (us) 39.541
Loop 618 (us) 38.777
Loop 619 (us) 39.089
Loop 620 (us) 39.563
Loop 621 (us) 39.169
Loop 622 (us) 38.955
Loop 623 (us) 39.024
Loop 624 (us) 38.608
Loop 625 (us) 38.761
Loop 626 (us) 45.987
Loop 627 (us) 59.209
Loop 628 (us) 39.964
Loop 629 (us) 38.898
Loop 630 (us) 38.643
Loop 631 (us) 38.57
Loop 632 (us) 38.578
Loop 633 (us) 38.962
Loop 634 (us) 38.497
Loop 635 (us) 38.501
Loop 636 (us) 45.832
Loop 637 (us) 43.969
Loop 638 (us) 51.673
Loop 639 (us) 43.053
Loop 640 (us) 39.382
Loop 641 (us) 39.016
Loop 642 (us) 38.681
Loop 643 (us) 39.615
Loop 644 (us) 38.641
Loop 645 (us) 38.28
Loop 646 (us) 38.714
Loop 647 (us) 38.014
Loop 648 (us) 38.575
Loop 649 (us) 38.152
Loop 650 (us) 38.371
Loop 651 (us) 38.978
Loop 652 (us) 38.107
Loop 653 (us) 38.304
Loop 654 (us) 38.464
Loop 655 (us) 48.93
Loop 656 (us) 38.586
Loop 657 (us) 42.193
Loop 658 (us) 39.335
Loop 659 (us) 38.385
Loop 660 (us) 38.632
Loop 661 (us) 45.179
Loop 662 (us) 39.993
Loop 663 (us) 38.831
Loop 664 (us) 38.094
Loop 665 (us) 38.568
Loop 666 (us) 38.411
Loop 667 (us) 37.79
Loop 668 (us) 37.957
Loop 669 (us) 38.2
Loop 670 (us) 37.843
Loop 671 (us) 37.646
Loop 672 (us) 44.309
Loop 673 (us) 38.035
Loop 674 (us) 37.864
Loop 675 (us) 37.686
Loop 676 (us) 38.604
Loop 677 (us) 38.096
Loop 678 (us) 37.806
Loop 679 (us) 38.236
Loop 680 (us) 38.638
Loop 681 (us) 38.749
Loop 682 (us) 38.178
Loop 683 (us) 40.956
Loop 684 (us) 46.373
Loop 685 (us) 39.186
Loop 686 (us) 38.2
Loop 687 (us) 38.42
Loop 688 (us) 38.774
Loop 689 (us) 39.211
Loop 690 (us) 45.684
Loop 691 (us) 38.744
Loop 692 (us) 38.04
Loop 693 (us) 39.029
Loop 694 (us) 38.347
Loop 695 (us) 37.905
Loop 696 (us) 38.117
Loop 697 (us) 37.814
Loop 698 (us) 37.87
Loop 699 (us) 38.095
Loop 700 (us) 37.615
Loop 701 (us) 38.0
Loop 702 (us) 37.761
Loop 703 (us) 38.094
Loop 704 (us) 37.869
Loop 705 (us) 37.884
Loop 706 (us) 38.322
Loop 707 (us) 37.923
Loop 708 (us) 39.66
Loop 709 (us) 38.381
Loop 710 (us) 37.958
Loop 711 (us) 40.391
Loop 712 (us) 37.737
Loop 713 (us) 38.566
Loop 714 (us) 38.269
Loop 715 (us) 37.632
Loop 716 (us) 37.584
Loop 717 (us) 37.917
Loop 718 (us) 37.951
Loop 719 (us) 38.253
Loop 720 (us) 38.411
Loop 721 (us) 37.814
Loop 722 (us) 38.032
Loop 723 (us) 38.608
Loop 724 (us) 37.646
Loop 725 (us) 37.821
Loop 726 (us) 38.794
Loop 727 (us) 38.722
Loop 728 (us) 38.435
Loop 729 (us) 38.347
Loop 730 (us) 38.147
Loop 731 (us) 47.037
Loop 732 (us) 42.377
Loop 733 (us) 38.433
Loop 734 (us) 37.842
Loop 735 (us) 37.553
Loop 736 (us) 37.639
Loop 737 (us) 38.025
Loop 738 (us) 38.003
Loop 739 (us) 37.721
Loop 740 (us) 37.631
Loop 741 (us) 54.167
Loop 742 (us) 37.602
Loop 743 (us) 37.5
Loop 744 (us) 37.772
Loop 745 (us) 37.487
Loop 746 (us) 37.372
Loop 747 (us) 37.31
Loop 748 (us) 37.188
Loop 749 (us) 37.362
Loop 750 (us) 55.308
Loop 751 (us) 37.693
Loop 752 (us) 37.612
Loop 753 (us) 37.187
Loop 754 (us) 42.721
Loop 755 (us) 43.811
Loop 756 (us) 37.354
Loop 757 (us) 37.15
Loop 758 (us) 37.225
Loop 759 (us) 37.394
Loop 760 (us) 36.948
Loop 761 (us) 37.231
Loop 762 (us) 37.114
Loop 763 (us) 37.325
Loop 764 (us) 37.309
Loop 765 (us) 37.116
Loop 766 (us) 37.797
Loop 767 (us) 37.496
Loop 768 (us) 37.361
Loop 769 (us) 37.04
Loop 770 (us) 37.052
Loop 771 (us) 36.702
Loop 772 (us) 37.083
Loop 773 (us) 37.471
Loop 774 (us) 37.387
Loop 775 (us) 36.942
Loop 776 (us) 37.115
Loop 777 (us) 36.999
Loop 778 (us) 37.299
Loop 779 (us) 42.979
Loop 780 (us) 37.734
Loop 781 (us) 37.05
Loop 782 (us) 37.186
Loop 783 (us) 37.306
Loop 784 (us) 37.56
Loop 785 (us) 37.623
Loop 786 (us) 37.726
Loop 787 (us) 37.407
Loop 788 (us) 37.387
Loop 789 (us) 37.307
Loop 790 (us) 37.146
Loop 791 (us) 37.074
Loop 792 (us) 36.938
Loop 793 (us) 37.261
Loop 794 (us) 37.44
Loop 795 (us) 37.008
Loop 796 (us) 36.753
Loop 797 (us) 37.721
Loop 798 (us) 37.318
Loop 799 (us) 37.363
Loop 800 (us) 37.747
Loop 801 (us) 37.8
Loop 802 (us) 37.128
Loop 803 (us) 37.258
Loop 804 (us) 37.963
Loop 805 (us) 37.728
Loop 806 (us) 37.119
Loop 807 (us) 37.172
Loop 808 (us) 37.298
Loop 809 (us) 37.473
Loop 810 (us) 37.341
Loop 811 (us) 37.035
Loop 812 (us) 37.433
Loop 813 (us) 37.632
Loop 814 (us) 37.429
Loop 815 (us) 37.147
Loop 816 (us) 37.902
Loop 817 (us) 37.186
Loop 818 (us) 42.645
Loop 819 (us) 37.367
Loop 820 (us) 37.081
Loop 821 (us) 39.907
Loop 822 (us) 37.482
Loop 823 (us) 37.204
Loop 824 (us) 37.533
Loop 825 (us) 37.272
Loop 826 (us) 37.376
Loop 827 (us) 37.556
Loop 828 (us) 42.628
Loop 829 (us) 37.624
Loop 830 (us) 37.303
Loop 831 (us) 37.127
Loop 832 (us) 37.179
Loop 833 (us) 37.132
Loop 834 (us) 37.24
Loop 835 (us) 37.394
Loop 836 (us) 37.145
Loop 837 (us) 37.196
Loop 838 (us) 37.079
Loop 839 (us) 36.984
Loop 840 (us) 37.455
Loop 841 (us) 37.387
Loop 842 (us) 36.995
Loop 843 (us) 37.594
Loop 844 (us) 37.688
Loop 845 (us) 37.697
Loop 846 (us) 37.408
Loop 847 (us) 37.566
Loop 848 (us) 37.02
Loop 849 (us) 37.606
Loop 850 (us) 37.225
Loop 851 (us) 37.3
Loop 852 (us) 43.17
Loop 853 (us) 37.593
Loop 854 (us) 37.132
Loop 855 (us) 37.602
Loop 856 (us) 37.061
Loop 857 (us) 38.373
Loop 858 (us) 37.245
Loop 859 (us) 37.301
Loop 860 (us) 37.01
Loop 861 (us) 37.627
Loop 862 (us) 37.773
Loop 863 (us) 37.161
Loop 864 (us) 37.759
Loop 865 (us) 37.05
Loop 866 (us) 37.188
Loop 867 (us) 37.044
Loop 868 (us) 37.108
Loop 869 (us) 37.39
Loop 870 (us) 37.117
Loop 871 (us) 37.147
Loop 872 (us) 37.106
Loop 873 (us) 37.101
Loop 874 (us) 37.147
Loop 875 (us) 37.868
Loop 876 (us) 36.999
Loop 877 (us) 37.985
Loop 878 (us) 37.287
Loop 879 (us) 37.045
Loop 880 (us) 37.327
Loop 881 (us) 37.509
Loop 882 (us) 54.099
Loop 883 (us) 38.013
Loop 884 (us) 37.384
Loop 885 (us) 37.353
Loop 886 (us) 37.1
Loop 887 (us) 37.266
Loop 888 (us) 36.897
Loop 889 (us) 37.244
Loop 890 (us) 37.581
Loop 891 (us) 36.93
Loop 892 (us) 37.003
Loop 893 (us) 37.088
Loop 894 (us) 38.714
Loop 895 (us) 37.631
Loop 896 (us) 37.136
Loop 897 (us) 37.123
Loop 898 (us) 37.577
Loop 899 (us) 37.489
Loop 900 (us) 37.11
Loop 901 (us) 37.947
Loop 902 (us) 37.28
Loop 903 (us) 37.393
Loop 904 (us) 37.387
Loop 905 (us) 37.058
Loop 906 (us) 37.008
Loop 907 (us) 37.026
Loop 908 (us) 37.331
Loop 909 (us) 37.449
Loop 910 (us) 37.043
Loop 911 (us) 36.989
Loop 912 (us) 37.351
Loop 913 (us) 37.034
Loop 914 (us) 37.147
Loop 915 (us) 37.495
Loop 916 (us) 37.013
Loop 917 (us) 36.95
Loop 918 (us) 37.154
Loop 919 (us) 37.094
Loop 920 (us) 37.053
Loop 921 (us) 37.635
Loop 922 (us) 37.138
Loop 923 (us) 37.201
Loop 924 (us) 37.868
Loop 925 (us) 41.663
Loop 926 (us) 37.641
Loop 927 (us) 37.265
Loop 928 (us) 37.162
Loop 929 (us) 37.17
Loop 930 (us) 37.347
Loop 931 (us) 37.512
Loop 932 (us) 37.025
Loop 933 (us) 37.23
Loop 934 (us) 37.647
Loop 935 (us) 37.121
Loop 936 (us) 36.95
Loop 937 (us) 37.25
Loop 938 (us) 37.211
Loop 939 (us) 37.641
Loop 940 (us) 37.176
Loop 941 (us) 37.117
Loop 942 (us) 37.234
Loop 943 (us) 37.323
Loop 944 (us) 37.668
Loop 945 (us) 37.42
Loop 946 (us) 46.244
Loop 947 (us) 37.556
Loop 948 (us) 37.207
Loop 949 (us) 43.188
Loop 950 (us) 37.595
Loop 951 (us) 37.243
Loop 952 (us) 37.016
Loop 953 (us) 37.187
Loop 954 (us) 37.56
Loop 955 (us) 37.398
Loop 956 (us) 37.062
Loop 957 (us) 37.331
Loop 958 (us) 37.396
Loop 959 (us) 37.436
Loop 960 (us) 37.278
Loop 961 (us) 37.392
Loop 962 (us) 37.064
Loop 963 (us) 37.157
Loop 964 (us) 37.629
Loop 965 (us) 37.489
Loop 966 (us) 37.152
Loop 967 (us) 37.205
Loop 968 (us) 37.604
Loop 969 (us) 37.536
Loop 970 (us) 37.223
Loop 971 (us) 37.161
Loop 972 (us) 37.276
Loop 973 (us) 37.684
Loop 974 (us) 38.107
Loop 975 (us) 37.361
Loop 976 (us) 37.659
Loop 977 (us) 37.31
Loop 978 (us) 37.596
Loop 979 (us) 37.32
Loop 980 (us) 37.05
Loop 981 (us) 37.401
Loop 982 (us) 37.285
Loop 983 (us) 37.586
Loop 984 (us) 37.262
Loop 985 (us) 37.173
Loop 986 (us) 59.339
Loop 987 (us) 37.163
Loop 988 (us) 36.824
Loop 989 (us) 37.255
Loop 990 (us) 37.006
Loop 991 (us) 36.891
Loop 992 (us) 36.846
Loop 993 (us) 37.195
Loop 994 (us) 37.185
Loop 995 (us) 37.245
Loop 996 (us) 37.163
Loop 997 (us) 43.056
Loop 998 (us) 37.444
Loop 999 (us) 45.11
Warmup times 0
avgLoopLatency(us) 43.137934
iops 23181.453242522
variance 19.06876598235041
Loop 0 [83002, 9, 9242, 66845, 30686, 35034, 0, 148, 5553]
Loop 1 [58154, 9, 3366, 48422, 29432, 18403, 0, 191, 5385]
Loop 2 [67945, 9, 1765, 59724, 41693, 17516, 0, 141, 5518]
Loop 3 [47480, 9, 1325, 39770, 22538, 16881, 0, 127, 5579]
Loop 4 [47055, 9, 1214, 39275, 22300, 16684, 0, 128, 5728]
Loop 5 [47006, 9, 1292, 39230, 21831, 17091, 0, 125, 5695]
Loop 6 [46339, 9, 1252, 38522, 21485, 16728, 0, 147, 5746]
Loop 7 [46312, 9, 1226, 38353, 20983, 17047, 0, 151, 5937]
Loop 8 [46894, 9, 1201, 39150, 22139, 16705, 0, 151, 5753]
Loop 9 [45511, 9, 1192, 37910, 20896, 16719, 0, 108, 5650]
Loop 10 [46024, 9, 1402, 38082, 21319, 16438, 0, 106, 5791]
Loop 11 [46523, 9, 1354, 38760, 21862, 16590, 0, 105, 5659]
Loop 12 [46286, 9, 1340, 38463, 21213, 16943, 0, 107, 5730]
Loop 13 [48500, 9, 1296, 38903, 22215, 16378, 0, 110, 7530]
Loop 14 [48316, 9, 1265, 40376, 23081, 16996, 0, 108, 5921]
Loop 15 [46268, 9, 1355, 38331, 21587, 16462, 0, 109, 5825]
Loop 16 [58302, 9, 1222, 50239, 24167, 25751, 0, 106, 6039]
Loop 17 [47680, 9, 1447, 39761, 22907, 16569, 0, 108, 5712]
Loop 18 [45628, 9, 1336, 37885, 21278, 16296, 0, 105, 5637]
Loop 19 [45497, 9, 1227, 37682, 21108, 16278, 0, 106, 5851]
Loop 20 [45887, 9, 1230, 38182, 21350, 16500, 0, 106, 5730]
Loop 21 [45328, 9, 1297, 37666, 21171, 16198, 0, 106, 5587]
Loop 22 [44822, 9, 1330, 37061, 20413, 16340, 0, 104, 5670]
Loop 23 [61164, 9, 1303, 53518, 35176, 17982, 0, 109, 5449]
Loop 24 [46414, 9, 1464, 38429, 21565, 16548, 0, 109, 5724]
Loop 25 [47447, 9, 1245, 39702, 22454, 16965, 0, 105, 5757]
Loop 26 [46424, 9, 1215, 39357, 21977, 17074, 0, 110, 5118]
Loop 27 [44890, 9, 1216, 37275, 20621, 16380, 0, 105, 5642]
Loop 28 [46111, 9, 1195, 38211, 21266, 16650, 0, 108, 5959]
Loop 29 [47011, 9, 1324, 39150, 22611, 16220, 0, 107, 5804]
Loop 30 [45677, 9, 1203, 38003, 21056, 16664, 0, 106, 5671]
Loop 31 [46026, 9, 1241, 38034, 21337, 16399, 0, 105, 5988]
Loop 32 [45748, 9, 1228, 37877, 21508, 16070, 0, 108, 5880]
Loop 33 [45296, 9, 1239, 37504, 20987, 16203, 0, 107, 5803]
Loop 34 [44420, 9, 1269, 36613, 20450, 15853, 0, 105, 5769]
Loop 35 [45307, 9, 1187, 37468, 21157, 16015, 0, 109, 5877]
Loop 36 [53164, 9, 1231, 45495, 28929, 16294, 0, 106, 5664]
Loop 37 [45582, 9, 1392, 37844, 21180, 16361, 0, 106, 5611]
Loop 38 [44791, 9, 1237, 37152, 20304, 16538, 0, 106, 5638]
Loop 39 [44795, 9, 1234, 37115, 20593, 16213, 0, 108, 5664]
Loop 40 [45391, 9, 1299, 37584, 20959, 16310, 0, 110, 5753]
Loop 41 [45023, 9, 1302, 37229, 20931, 16012, 0, 105, 5752]
Loop 42 [44775, 9, 1245, 37096, 20603, 16188, 0, 104, 5655]
Loop 43 [45380, 9, 1259, 37564, 20887, 16382, 0, 106, 5772]
Loop 44 [45417, 9, 1220, 37566, 21155, 16120, 0, 109, 5878]
Loop 45 [46138, 9, 1269, 38277, 21266, 16732, 0, 107, 5808]
Loop 46 [45923, 9, 1251, 37848, 21694, 15848, 0, 107, 6047]
Loop 47 [45639, 9, 1211, 37651, 21241, 16145, 0, 105, 6018]
Loop 48 [45766, 9, 1210, 37885, 21216, 16369, 0, 107, 5906]
Loop 49 [45636, 9, 1197, 37775, 21304, 16176, 0, 108, 5908]
Loop 50 [55653, 9, 1287, 47589, 21158, 26141, 0, 113, 5996]
Loop 51 [46000, 9, 1299, 38211, 21548, 16331, 0, 109, 5718]
Loop 52 [60358, 9, 1199, 52568, 20642, 31607, 0, 105, 5736]
Loop 53 [55728, 9, 1496, 47449, 29368, 17758, 0, 107, 5982]
Loop 54 [45342, 9, 1288, 37649, 21029, 16302, 0, 109, 5650]
Loop 55 [49767, 9, 1323, 41896, 24843, 16737, 0, 105, 5758]
Loop 56 [45763, 9, 1225, 37931, 21539, 16093, 0, 108, 5884]
Loop 57 [44946, 9, 1232, 37181, 20747, 16152, 0, 106, 5777]
Loop 58 [45492, 9, 1203, 37580, 21054, 16221, 0, 106, 6007]
Loop 59 [61153, 9, 1285, 37502, 21052, 16154, 0, 109, 21603]
Loop 60 [47064, 9, 1292, 39218, 21328, 17599, 0, 108, 5726]
Loop 61 [45817, 9, 1405, 37748, 21052, 16411, 0, 105, 5938]
Loop 62 [44742, 9, 1291, 36972, 20721, 15958, 0, 107, 5751]
Loop 63 [44573, 9, 1241, 36837, 20601, 15928, 0, 109, 5739]
Loop 64 [45302, 9, 1185, 37540, 21008, 16174, 0, 106, 5852]
Loop 65 [45353, 9, 1316, 37301, 20910, 16066, 0, 107, 6011]
Loop 66 [44881, 9, 1265, 36981, 20675, 15994, 0, 107, 5941]
Loop 67 [45085, 9, 1336, 37089, 20811, 16005, 0, 106, 5930]
Loop 68 [45304, 9, 1201, 37507, 20801, 16366, 0, 106, 5857]
Loop 69 [56593, 9, 1281, 48713, 20475, 27916, 0, 108, 5693]
Loop 70 [47015, 9, 1280, 39223, 21299, 17610, 0, 107, 5757]
Loop 71 [68974, 9, 1374, 51930, 33739, 17878, 0, 106, 14793]
Loop 72 [49277, 9, 1589, 40837, 22609, 17906, 0, 111, 6071]
Loop 73 [48782, 9, 1434, 40819, 21796, 18717, 0, 105, 5792]
Loop 74 [71302, 9, 1376, 63373, 32288, 30750, 0, 109, 5604]
Loop 75 [50250, 9, 1453, 42303, 24051, 17953, 0, 135, 5677]
Loop 76 [60376, 9, 1418, 52410, 34641, 17407, 0, 109, 5676]
Loop 77 [49154, 9, 1450, 40782, 21339, 19068, 0, 108, 6118]
Loop 78 [58984, 9, 1299, 41753, 23914, 17514, 0, 106, 15082]
Loop 79 [47961, 9, 1458, 39935, 22367, 17293, 0, 107, 5681]
Loop 80 [46926, 9, 1285, 39009, 21696, 17016, 0, 106, 5879]
Loop 81 [47833, 9, 1221, 39846, 22339, 17207, 0, 107, 5992]
Loop 82 [60342, 9, 1250, 54594, 23050, 31138, 0, 106, 3543]
Loop 83 [50941, 9, 1275, 43232, 25000, 17926, 0, 105, 5641]
Loop 84 [63275, 9, 1373, 54591, 36061, 18206, 0, 107, 6485]
Loop 85 [48861, 9, 1261, 41490, 23067, 18038, 0, 107, 5257]
Loop 86 [52559, 9, 1324, 44431, 25175, 18962, 0, 108, 5994]
Loop 87 [62508, 9, 13987, 42244, 24146, 17776, 0, 108, 5415]
Loop 88 [48878, 9, 1264, 41112, 23264, 17557, 0, 106, 5752]
Loop 89 [60461, 9, 1245, 41032, 23422, 17288, 0, 106, 17404]
Loop 90 [50984, 9, 1482, 42675, 24540, 17810, 0, 113, 5937]
Loop 91 [47979, 9, 1478, 39688, 22119, 17267, 0, 108, 6032]
Loop 92 [47372, 9, 1303, 39576, 21792, 17454, 0, 107, 5703]
Loop 93 [47079, 9, 1303, 39314, 21576, 17360, 0, 105, 5660]
Loop 94 [60009, 9, 1229, 52040, 33741, 17964, 0, 104, 5876]
Loop 95 [47285, 9, 1294, 39782, 22008, 17508, 0, 106, 5427]
Loop 96 [47104, 9, 1225, 39142, 21879, 16910, 0, 104, 6007]
Loop 97 [47095, 9, 1227, 39366, 22659, 16400, 0, 133, 5726]
Loop 98 [57024, 9, 1285, 49193, 21763, 27069, 0, 106, 5676]
Loop 99 [50683, 9, 1243, 42755, 23580, 18804, 0, 226, 5761]
Loop 100 [49317, 9, 1372, 41157, 23028, 17811, 0, 108, 6067]
Loop 101 [47440, 9, 1350, 39523, 22066, 17156, 0, 135, 5770]
Loop 102 [48187, 9, 1265, 40383, 22698, 17370, 0, 107, 5766]
Loop 103 [48041, 9, 1207, 41140, 22594, 18171, 0, 107, 4915]
Loop 104 [48414, 9, 1243, 42885, 22389, 17402, 0, 107, 3440]
Loop 105 [48000, 9, 1334, 39944, 22432, 17191, 0, 105, 5966]
Loop 106 [47866, 9, 1290, 38515, 21581, 16660, 0, 107, 7303]
Loop 107 [47250, 9, 1345, 39091, 22004, 16711, 0, 108, 6010]
Loop 108 [46777, 9, 1210, 39144, 21058, 17778, 0, 217, 5565]
Loop 109 [55314, 9, 1289, 47611, 22569, 24682, 0, 107, 5638]
Loop 110 [46587, 9, 1242, 38820, 21138, 17377, 0, 108, 5797]
Loop 111 [46186, 9, 1243, 38475, 21490, 16674, 0, 106, 5746]
Loop 112 [50355, 9, 1303, 42183, 23658, 18195, 0, 110, 6098]
Loop 113 [66679, 9, 1323, 58981, 42111, 16566, 0, 108, 5593]
Loop 114 [74091, 9, 1283, 60671, 34776, 25563, 0, 107, 11321]
Loop 115 [66462, 9, 1549, 52409, 34094, 18003, 0, 108, 11609]
Loop 116 [54505, 9, 1365, 46778, 28915, 17567, 0, 106, 5523]
Loop 117 [46035, 9, 1175, 38360, 21685, 16383, 0, 104, 5748]
Loop 118 [44761, 9, 1303, 36797, 20772, 15693, 0, 106, 5912]
Loop 119 [46569, 9, 1340, 38902, 21809, 16788, 0, 106, 5600]
Loop 120 [46942, 9, 1303, 39011, 21903, 16793, 0, 104, 5850]
Loop 121 [45522, 9, 1340, 37859, 20946, 16597, 0, 108, 5582]
Loop 122 [44609, 9, 1301, 36724, 20440, 15987, 0, 109, 5823]
Loop 123 [45342, 9, 1345, 37755, 21005, 16457, 0, 106, 5527]
Loop 124 [44866, 9, 1305, 37020, 20750, 15882, 0, 107, 5801]
Loop 125 [45668, 9, 1280, 37875, 21225, 16347, 0, 104, 5761]
Loop 126 [52665, 9, 1299, 45043, 21337, 23349, 0, 104, 5546]
Loop 127 [56878, 9, 4837, 45856, 21078, 24401, 0, 108, 5360]
Loop 128 [46979, 9, 1303, 38258, 21625, 16269, 0, 107, 6650]
Loop 129 [45392, 9, 1236, 37652, 20867, 16495, 0, 106, 5716]
Loop 130 [45010, 9, 1258, 37337, 21208, 15813, 0, 104, 5658]
Loop 131 [44651, 9, 1296, 37020, 20467, 16259, 0, 106, 5573]
Loop 132 [44718, 9, 1192, 37141, 20763, 16071, 0, 106, 5651]
Loop 133 [44878, 9, 1243, 37266, 20845, 16136, 0, 104, 5633]
Loop 134 [45003, 9, 1230, 37480, 21142, 16037, 0, 105, 5556]
Loop 135 [45018, 9, 1185, 37709, 20163, 17252, 0, 104, 5388]
Loop 136 [44713, 9, 1196, 37283, 20940, 16056, 0, 106, 5476]
Loop 137 [44350, 9, 1195, 36809, 20090, 16402, 0, 103, 5619]
Loop 138 [45012, 9, 1321, 37176, 20512, 16315, 0, 107, 5723]
Loop 139 [45307, 9, 1271, 37691, 21157, 16234, 0, 104, 5593]
Loop 140 [44949, 9, 1180, 37589, 20962, 16348, 0, 106, 5440]
Loop 141 [43567, 9, 1228, 36031, 19893, 15843, 0, 104, 5493]
Loop 142 [45271, 9, 1254, 37662, 20881, 16480, 0, 108, 5606]
Loop 143 [45220, 9, 1243, 37852, 21285, 16265, 0, 107, 5386]
Loop 144 [45003, 9, 1278, 37232, 20714, 16143, 0, 105, 5692]
Loop 145 [45118, 9, 1317, 37444, 21122, 16041, 0, 108, 5604]
Loop 146 [45415, 9, 1298, 37908, 20654, 16956, 0, 105, 5472]
Loop 147 [47004, 9, 1286, 37770, 20967, 16518, 0, 106, 2458]
Loop 148 [46568, 9, 1306, 39082, 21982, 16788, 0, 107, 5435]
Loop 149 [44846, 9, 1307, 37384, 20878, 16228, 0, 107, 5417]
Loop 150 [44291, 9, 1300, 36750, 20370, 16097, 0, 131, 5417]
Loop 151 [59113, 9, 1249, 51440, 20952, 30114, 0, 104, 5619]
Loop 152 [68589, 9, 1341, 60483, 35745, 24406, 0, 105, 5964]
Loop 153 [45887, 9, 1285, 38426, 20896, 17250, 0, 105, 5406]
Loop 154 [45584, 9, 1312, 37788, 20824, 16454, 0, 108, 5739]
Loop 155 [44716, 9, 1301, 36979, 20608, 16010, 0, 106, 5708]
Loop 156 [45490, 9, 1292, 37986, 21226, 16491, 0, 237, 5327]
Loop 157 [45498, 9, 1361, 38005, 21030, 16691, 0, 105, 5365]
Loop 158 [45790, 9, 1192, 38258, 21013, 16917, 0, 106, 5544]
Loop 159 [45081, 9, 1179, 37465, 21164, 15923, 0, 108, 5679]
Loop 160 [45725, 9, 1294, 38024, 21007, 16650, 0, 105, 5668]
Loop 161 [45129, 9, 1245, 37329, 20910, 16121, 0, 105, 5805]
Loop 162 [45843, 9, 1188, 38165, 21473, 16373, 0, 106, 5745]
Loop 163 [44037, 9, 1259, 36097, 20028, 15780, 0, 104, 5927]
Loop 164 [44371, 9, 1168, 36672, 20302, 16073, 0, 106, 5801]
Loop 165 [45728, 9, 1144, 38032, 21479, 16294, 0, 108, 5781]
Loop 166 [45831, 9, 1294, 38313, 22071, 15935, 0, 107, 5485]
Loop 167 [51110, 9, 1241, 43510, 27238, 15903, 0, 104, 5582]
Loop 168 [44511, 9, 1351, 36872, 20570, 16003, 0, 104, 5492]
Loop 169 [45457, 9, 1274, 37618, 20427, 16899, 0, 102, 5759]
Loop 170 [44803, 9, 1199, 37341, 21109, 15926, 0, 105, 5524]
Loop 171 [45683, 9, 1301, 37730, 21056, 16375, 0, 113, 5893]
Loop 172 [44679, 9, 1313, 37090, 20896, 15888, 0, 106, 5502]
Loop 173 [45491, 9, 1328, 38043, 21369, 16295, 0, 105, 5386]
Loop 174 [44587, 9, 1261, 36972, 20721, 15976, 0, 105, 5619]
Loop 175 [45794, 9, 1222, 38295, 21239, 16772, 0, 106, 5496]
Loop 176 [45836, 9, 1340, 38086, 21348, 16444, 0, 102, 5608]
Loop 177 [44398, 9, 1181, 36964, 20910, 15742, 0, 106, 5513]
Loop 178 [89198, 9, 1274, 80955, 20631, 60029, 0, 106, 6141]
Loop 179 [46339, 9, 1296, 38712, 21652, 16775, 0, 106, 5584]
Loop 180 [44546, 9, 1326, 36869, 20401, 16120, 0, 106, 5608]
Loop 181 [46008, 9, 1347, 38386, 21288, 16717, 0, 106, 5530]
Loop 182 [45258, 9, 1240, 37715, 21161, 16244, 0, 108, 5549]
Loop 183 [44409, 9, 1302, 36684, 20327, 15984, 0, 104, 5663]
Loop 184 [45035, 9, 1299, 37344, 21180, 15858, 0, 104, 5648]
Loop 185 [44914, 9, 1182, 37435, 20628, 16493, 0, 109, 5568]
Loop 186 [51634, 9, 1193, 43895, 26952, 16604, 0, 108, 5755]
Loop 187 [45517, 9, 1247, 38098, 21632, 16081, 0, 166, 5399]
Loop 188 [44316, 9, 1307, 36845, 20694, 15827, 0, 105, 5415]
Loop 189 [44325, 9, 1301, 36664, 20467, 15833, 0, 105, 5620]
Loop 190 [44826, 9, 1192, 37314, 20462, 16566, 0, 105, 5538]
Loop 191 [45511, 9, 1310, 38065, 20873, 16833, 0, 108, 5393]
Loop 192 [44673, 9, 1162, 37137, 20546, 16291, 0, 105, 5640]
Loop 193 [44206, 9, 1274, 36405, 20147, 15951, 0, 108, 5762]
Loop 194 [44499, 9, 1245, 36930, 20659, 15901, 0, 105, 5574]
Loop 195 [45889, 9, 1285, 38322, 21948, 16092, 0, 106, 5493]
Loop 196 [44522, 9, 1183, 36995, 20898, 15728, 0, 108, 5561]
Loop 197 [44532, 9, 1254, 37111, 20393, 16356, 0, 106, 5372]
Loop 198 [44514, 9, 1190, 37104, 20826, 15990, 0, 104, 5469]
Loop 199 [44462, 9, 1267, 36572, 20489, 15779, 0, 106, 5916]
Loop 200 [44693, 9, 1314, 37055, 20484, 16293, 0, 107, 5575]
Loop 201 [44496, 9, 1279, 36868, 20262, 16329, 0, 108, 5542]
Loop 202 [44805, 9, 1178, 37407, 20329, 16799, 0, 104, 5436]
Loop 203 [44732, 9, 1275, 37269, 20786, 16171, 0, 106, 5445]
Loop 204 [44762, 9, 1272, 37039, 20770, 15976, 0, 104, 5711]
Loop 205 [57191, 9, 1156, 49729, 32270, 17142, 0, 106, 5496]
Loop 206 [52078, 9, 1334, 44341, 20738, 23298, 0, 104, 5626]
Loop 207 [46792, 9, 1250, 39310, 22060, 16888, 0, 104, 5394]
Loop 208 [46412, 9, 1188, 38852, 21467, 16996, 0, 110, 5620]
Loop 209 [44106, 9, 1234, 36568, 20392, 15868, 0, 102, 5557]
Loop 210 [46111, 9, 1172, 38681, 22174, 16250, 0, 105, 5483]
Loop 211 [66175, 9, 1294, 39312, 21650, 17312, 0, 106, 2918]
Loop 212 [53408, 9, 1678, 39616, 21702, 17555, 0, 106, 2710]
Loop 213 [46802, 9, 1432, 38869, 21450, 17031, 0, 104, 5762]
Loop 214 [44417, 9, 1159, 36917, 20834, 15766, 0, 103, 5633]
Loop 215 [43984, 9, 1161, 36473, 20302, 15897, 0, 107, 5640]
Loop 216 [44057, 9, 1152, 36337, 20032, 15939, 0, 105, 5867]
Loop 217 [44928, 9, 1182, 37475, 20611, 16557, 0, 107, 5575]
Loop 218 [44519, 9, 1115, 37066, 20455, 16317, 0, 106, 5629]
Loop 219 [43796, 9, 1124, 36323, 20160, 15862, 0, 106, 5626]
Loop 220 [44025, 9, 1169, 36608, 20180, 16125, 0, 105, 5518]
Loop 221 [46671, 9, 1125, 39113, 22021, 16794, 0, 106, 5724]
Loop 222 [45758, 9, 1118, 37085, 20346, 16349, 0, 104, 6793]
Loop 223 [44719, 9, 1199, 37542, 20526, 16713, 0, 104, 5262]
Loop 224 [44478, 9, 1374, 36715, 20145, 16213, 0, 105, 5670]
Loop 225 [44823, 9, 1115, 37325, 20936, 16094, 0, 106, 5620]
Loop 226 [50888, 9, 1143, 43452, 26940, 16197, 0, 106, 5555]
Loop 227 [44228, 9, 1163, 36578, 20125, 16160, 0, 106, 5765]
Loop 228 [45101, 9, 1124, 37693, 21378, 15952, 0, 102, 5577]
Loop 229 [44502, 9, 1143, 37082, 20294, 16513, 0, 206, 5429]
Loop 230 [44316, 9, 1163, 36751, 20615, 15835, 0, 109, 5722]
Loop 231 [43805, 9, 1106, 36294, 20063, 15941, 0, 108, 5693]
Loop 232 [51101, 9, 1110, 43724, 27360, 16101, 0, 105, 5554]
Loop 233 [44730, 9, 1130, 37271, 20599, 16378, 0, 107, 5620]
Loop 234 [45122, 9, 1086, 37856, 21210, 16373, 0, 106, 5439]
Loop 235 [45744, 9, 1102, 38570, 21882, 16362, 0, 109, 5352]
Loop 236 [44511, 9, 1146, 36866, 20663, 15894, 0, 106, 5730]
Loop 237 [45563, 9, 1174, 37933, 20954, 16668, 0, 105, 5713]
Loop 238 [44541, 9, 1152, 36778, 20588, 15911, 0, 106, 5899]
Loop 239 [44221, 9, 1170, 36456, 20260, 15831, 0, 108, 5879]
Loop 240 [44285, 9, 1132, 36578, 20320, 15971, 0, 106, 5872]
Loop 241 [44642, 9, 1093, 37112, 20987, 15790, 0, 104, 5689]
Loop 242 [51723, 9, 1176, 44104, 20805, 23010, 0, 106, 5711]
Loop 243 [57904, 9, 1210, 50441, 32492, 17637, 0, 108, 5529]
Loop 244 [53868, 9, 1144, 46696, 20869, 25430, 0, 102, 5254]
Loop 245 [70754, 9, 1274, 63645, 39464, 23790, 0, 106, 5056]
Loop 246 [45455, 9, 1263, 38060, 20537, 17166, 0, 106, 5418]
Loop 247 [43572, 9, 1150, 36372, 20493, 15585, 0, 103, 5318]
Loop 248 [43101, 9, 1108, 35847, 20172, 15407, 0, 106, 5481]
Loop 249 [44221, 9, 1099, 36323, 19819, 16211, 0, 106, 6114]
Loop 250 [43819, 9, 1132, 36378, 20439, 15646, 0, 104, 5545]
Loop 251 [54866, 9, 1103, 47784, 30405, 17058, 0, 120, 5240]
Loop 252 [43262, 9, 1283, 35698, 19549, 15857, 0, 105, 5488]
Loop 253 [41914, 9, 1173, 34715, 19168, 15272, 0, 127, 5325]
Loop 254 [42608, 9, 1152, 35302, 19474, 15488, 0, 107, 5470]
Loop 255 [53637, 9, 11217, 36254, 19802, 16139, 0, 109, 5358]
Loop 256 [41791, 9, 1176, 34469, 18860, 15330, 0, 107, 5410]
Loop 257 [44332, 9, 2408, 35677, 19088, 16223, 0, 106, 5529]
Loop 258 [42820, 9, 2043, 34710, 19137, 15281, 0, 115, 5344]
Loop 259 [41726, 9, 1432, 34265, 18636, 15337, 0, 104, 5338]
Loop 260 [42785, 9, 1340, 35231, 19282, 15580, 0, 108, 5506]
Loop 261 [42399, 9, 1320, 34856, 19112, 15435, 0, 104, 5543]
Loop 262 [42267, 9, 1340, 34820, 19154, 15362, 0, 118, 5383]
Loop 263 [41998, 9, 1280, 34600, 18899, 15365, 0, 106, 5427]
Loop 264 [42827, 9, 1268, 35497, 19540, 15683, 0, 106, 5349]
Loop 265 [49748, 9, 1321, 35521, 19719, 15521, 0, 104, 12223]
Loop 266 [43142, 9, 1250, 35856, 19465, 16102, 0, 104, 5341]
Loop 267 [47497, 9, 1297, 39969, 23916, 15710, 0, 105, 5520]
Loop 268 [42099, 9, 1246, 34839, 19170, 15319, 0, 107, 5316]
Loop 269 [42109, 9, 1262, 34716, 19227, 15212, 0, 104, 5449]
Loop 270 [42248, 9, 1221, 34808, 19325, 15193, 0, 106, 5526]
Loop 271 [42231, 9, 1245, 34698, 19365, 15035, 0, 105, 5597]
Loop 272 [44779, 9, 1485, 36932, 20096, 16540, 0, 109, 5558]
Loop 273 [42779, 9, 1411, 35228, 19090, 15868, 0, 106, 5427]
Loop 274 [45839, 9, 1348, 38119, 19158, 18622, 0, 105, 5624]
Loop 275 [44119, 9, 1371, 36701, 19772, 16579, 0, 110, 5302]
Loop 276 [43171, 9, 1258, 35848, 19501, 16079, 0, 105, 5380]
Loop 277 [42972, 9, 1252, 35644, 19808, 15498, 0, 105, 5385]
Loop 278 [43946, 9, 1409, 36574, 19313, 16903, 0, 108, 5250]
Loop 279 [44272, 9, 1303, 37021, 20378, 16328, 0, 108, 5270]
Loop 280 [70605, 9, 1325, 63027, 45650, 16996, 0, 104, 5478]
Loop 281 [47226, 9, 1483, 39634, 22334, 17030, 0, 106, 5398]
Loop 282 [48307, 9, 1305, 40476, 19667, 20473, 0, 104, 5846]
Loop 283 [57150, 9, 1334, 49681, 31685, 17694, 0, 105, 5449]
Loop 284 [83618, 9, 28602, 48008, 28071, 19578, 0, 106, 6382]
Loop 285 [43081, 9, 1210, 35361, 19256, 15819, 0, 104, 4678]
Loop 286 [43119, 9, 772, 36396, 20008, 16118, 0, 106, 5298]
Loop 287 [42457, 9, 729, 35341, 19396, 15662, 0, 106, 5792]
Loop 288 [41509, 9, 689, 34562, 18879, 15430, 0, 104, 5672]
Loop 289 [42431, 9, 698, 35551, 19690, 15582, 0, 107, 5583]
Loop 290 [42188, 9, 687, 35379, 19646, 15460, 0, 105, 5540]
Loop 291 [42005, 9, 675, 35257, 19711, 15266, 0, 105, 5500]
Loop 292 [41548, 9, 680, 34644, 19181, 15201, 0, 106, 5646]
Loop 293 [41947, 9, 705, 35058, 19286, 15462, 0, 108, 5528]
Loop 294 [52810, 9, 640, 45726, 29601, 15819, 0, 115, 5704]
Loop 295 [54321, 9, 913, 46947, 20280, 26393, 0, 110, 5726]
Loop 296 [50782, 9, 687, 43908, 26651, 16954, 0, 102, 5477]
Loop 297 [42461, 9, 714, 35495, 19628, 15589, 0, 106, 5559]
Loop 298 [49534, 9, 607, 42745, 19110, 23367, 0, 119, 5429]
Loop 299 [48061, 9, 654, 40970, 24848, 15805, 0, 116, 5729]
Loop 300 [42024, 9, 657, 34721, 19400, 15037, 0, 106, 5676]
Loop 301 [41834, 9, 619, 34900, 19617, 15015, 0, 105, 5630]
Loop 302 [42065, 9, 589, 34985, 19345, 15368, 0, 104, 5821]
Loop 303 [41945, 9, 595, 35177, 19763, 15130, 0, 108, 5486]
Loop 304 [61569, 9, 585, 54910, 38027, 16520, 0, 111, 5283]
Loop 305 [58915, 9, 711, 51995, 35453, 16171, 0, 107, 5446]
Loop 306 [61195, 9, 742, 54253, 29802, 24133, 0, 108, 5393]
Loop 307 [44477, 9, 752, 37558, 21424, 15846, 0, 109, 5471]
Loop 308 [42676, 9, 646, 35891, 19762, 15760, 0, 108, 5429]
Loop 309 [44631, 9, 636, 37640, 21944, 15377, 0, 105, 5619]
Loop 310 [41608, 9, 697, 34802, 19114, 15354, 0, 105, 5420]
Loop 311 [43562, 9, 639, 36746, 20741, 15703, 0, 106, 5503]
Loop 312 [41602, 9, 629, 34918, 19513, 15133, 0, 108, 5358]
Loop 313 [41845, 9, 653, 34701, 19283, 15154, 0, 104, 5806]
Loop 314 [41847, 9, 608, 34943, 19526, 15152, 0, 104, 5605]
Loop 315 [42291, 9, 647, 35471, 19853, 15303, 0, 104, 5484]
Loop 316 [60248, 9, 609, 53342, 19724, 33352, 0, 103, 5602]
Loop 317 [41442, 9, 612, 34745, 18984, 15425, 0, 107, 5409]
Loop 318 [42317, 9, 590, 35441, 19755, 15401, 0, 106, 5587]
Loop 319 [41903, 9, 637, 35173, 19692, 15190, 0, 108, 5423]
Loop 320 [41570, 9, 651, 34632, 18844, 15507, 0, 102, 5605]
Loop 321 [42036, 9, 612, 35278, 19677, 15315, 0, 104, 5467]
Loop 322 [41108, 9, 585, 34280, 19250, 14702, 0, 104, 5595]
Loop 323 [41235, 9, 589, 34458, 19267, 14951, 0, 105, 5494]
Loop 324 [48743, 9, 604, 42024, 19690, 22063, 0, 104, 5392]
Loop 325 [41440, 9, 634, 34606, 19164, 15172, 0, 102, 5536]
Loop 326 [40972, 9, 594, 33899, 18719, 14937, 0, 104, 5785]
Loop 327 [42322, 9, 649, 35326, 19443, 15605, 0, 104, 5679]
Loop 328 [41661, 9, 632, 35020, 19728, 15018, 0, 106, 5349]
Loop 329 [42198, 9, 627, 34933, 19597, 15061, 0, 103, 5952]
Loop 330 [44183, 9, 831, 36409, 20196, 15930, 0, 104, 6220]
Loop 331 [41065, 9, 664, 34105, 18933, 14902, 0, 104, 5629]
Loop 332 [41568, 9, 604, 34883, 19148, 15408, 0, 104, 5420]
Loop 333 [41681, 9, 601, 34770, 19489, 15013, 0, 104, 5642]
Loop 334 [41434, 9, 574, 34795, 19242, 15237, 0, 105, 5400]
Loop 335 [41125, 9, 627, 34338, 19336, 14713, 0, 102, 5495]
Loop 336 [41154, 9, 591, 34300, 19037, 15019, 0, 104, 5652]
Loop 337 [39962, 9, 608, 33343, 18567, 14512, 0, 103, 5334]
Loop 338 [41608, 9, 591, 35665, 19657, 15725, 0, 107, 4666]
Loop 339 [41919, 9, 600, 35203, 19754, 15132, 0, 104, 5458]
Loop 340 [43727, 9, 643, 36939, 21559, 15092, 0, 104, 5420]
Loop 341 [41741, 9, 614, 35415, 19419, 15715, 0, 104, 5052]
Loop 342 [43662, 9, 625, 36693, 21133, 15270, 0, 106, 5659]
Loop 343 [42842, 9, 627, 36432, 20288, 15846, 0, 104, 5070]
Loop 344 [42318, 9, 589, 35453, 19761, 15379, 0, 104, 5558]
Loop 345 [42872, 9, 598, 36100, 20347, 15403, 0, 106, 5518]
Loop 346 [59524, 9, 638, 47653, 30725, 16564, 0, 111, 10444]
Loop 347 [49144, 9, 683, 37651, 21570, 15757, 0, 103, 10178]
Loop 348 [42607, 9, 628, 35590, 19874, 15434, 0, 102, 5682]
Loop 349 [41175, 9, 607, 34395, 18985, 15084, 0, 108, 5487]
Loop 350 [41382, 9, 625, 34389, 19493, 14599, 0, 104, 5719]
Loop 351 [41207, 9, 651, 34422, 19274, 14829, 0, 104, 5443]
Loop 352 [40917, 9, 650, 34054, 18503, 15295, 0, 102, 5553]
Loop 353 [41258, 9, 600, 34859, 19659, 14938, 0, 104, 5145]
Loop 354 [41074, 9, 582, 34583, 19225, 15080, 0, 102, 5256]
Loop 355 [41759, 9, 611, 34843, 20058, 14486, 0, 103, 5642]
Loop 356 [41380, 9, 596, 34550, 19657, 14636, 0, 102, 5568]
Loop 357 [41192, 9, 625, 34027, 19278, 14443, 0, 104, 5879]
Loop 358 [40580, 9, 618, 33770, 18988, 14512, 0, 102, 5525]
Loop 359 [41030, 9, 616, 34127, 19217, 14650, 0, 105, 5626]
Loop 360 [40363, 9, 589, 33642, 18555, 14820, 0, 104, 5500]
Loop 361 [41600, 9, 607, 34722, 19730, 14722, 0, 108, 5604]
Loop 362 [40548, 9, 617, 33710, 18698, 14732, 0, 104, 5558]
Loop 363 [40609, 9, 596, 33791, 18804, 14712, 0, 104, 5554]
Loop 364 [41129, 9, 615, 34445, 19360, 14796, 0, 103, 5454]
Loop 365 [41289, 9, 605, 34560, 19676, 14603, 0, 104, 5480]
Loop 366 [40633, 9, 625, 33737, 18999, 14478, 0, 106, 5607]
Loop 367 [47790, 9, 584, 40945, 25604, 15088, 0, 106, 5584]
Loop 368 [41705, 9, 616, 34461, 19407, 14780, 0, 104, 5977]
Loop 369 [41025, 9, 626, 34173, 19276, 14631, 0, 104, 5557]
Loop 370 [55838, 9, 623, 49006, 19153, 29572, 0, 106, 5482]
Loop 371 [41777, 9, 638, 34827, 19559, 14981, 0, 102, 5661]
Loop 372 [41239, 9, 605, 34573, 19221, 15024, 0, 103, 5385]
Loop 373 [40830, 9, 645, 33921, 18756, 14893, 0, 104, 5615]
Loop 374 [40908, 9, 605, 34100, 18934, 14873, 0, 104, 5526]
Loop 375 [41861, 9, 607, 35022, 19626, 15127, 0, 102, 5572]
Loop 376 [41500, 9, 599, 34757, 19555, 14925, 0, 103, 5487]
Loop 377 [40571, 9, 612, 33781, 18714, 14800, 0, 104, 5531]
Loop 378 [41232, 9, 592, 34368, 19211, 14857, 0, 109, 5612]
Loop 379 [41406, 9, 633, 34730, 19436, 15037, 0, 106, 5380]
Loop 380 [41086, 9, 591, 34242, 19429, 14549, 0, 106, 5591]
Loop 381 [40179, 9, 613, 33406, 18579, 14536, 0, 107, 5515]
Loop 382 [41155, 9, 591, 34304, 19229, 14800, 0, 107, 5613]
Loop 383 [41267, 9, 628, 34530, 19232, 15057, 0, 106, 5451]
Loop 384 [41715, 9, 639, 34768, 19518, 14975, 0, 103, 5637]
Loop 385 [41182, 9, 611, 34506, 19203, 15011, 0, 102, 5394]
Loop 386 [41766, 9, 634, 34918, 19267, 15354, 0, 104, 5519]
Loop 387 [41214, 9, 576, 34438, 19169, 15004, 0, 105, 5537]
Loop 388 [41482, 9, 563, 34648, 19657, 14738, 0, 106, 5611]
Loop 389 [47846, 9, 579, 41008, 25594, 15131, 0, 102, 5580]
Loop 390 [40932, 9, 616, 34134, 19172, 14676, 0, 105, 5513]
Loop 391 [41012, 9, 619, 34214, 19139, 14806, 0, 104, 5518]
Loop 392 [40726, 9, 602, 33915, 18906, 14742, 0, 108, 5547]
Loop 393 [40644, 9, 596, 33955, 18822, 14851, 0, 105, 5416]
Loop 394 [40776, 9, 622, 33907, 18722, 14904, 0, 104, 5596]
Loop 395 [40908, 9, 606, 34081, 19177, 14638, 0, 104, 5542]
Loop 396 [42641, 9, 652, 35699, 19759, 15682, 0, 103, 5624]
Loop 397 [41387, 9, 615, 34408, 19197, 14951, 0, 104, 5701]
Loop 398 [41396, 9, 633, 34392, 19299, 14819, 0, 105, 5706]
Loop 399 [41430, 9, 632, 34382, 19246, 14867, 0, 102, 5766]
Loop 400 [40986, 9, 616, 34176, 19170, 14721, 0, 104, 5524]
Loop 401 [40886, 9, 592, 34091, 19005, 14827, 0, 104, 5530]
Loop 402 [41180, 9, 616, 34386, 19289, 14840, 0, 104, 5513]
Loop 403 [41235, 9, 596, 34298, 19236, 14778, 0, 104, 5624]
Loop 404 [41659, 9, 652, 34934, 18949, 15674, 0, 106, 5349]
Loop 405 [41068, 9, 616, 34207, 19106, 14823, 0, 106, 5571]
Loop 406 [40806, 9, 596, 34071, 19050, 14749, 0, 106, 5451]
Loop 407 [42824, 9, 612, 34597, 19152, 15157, 0, 102, 6925]
Loop 408 [62227, 9, 19482, 36612, 20364, 15980, 0, 102, 5351]
Loop 409 [41925, 9, 846, 34717, 19161, 15310, 0, 104, 5502]
Loop 410 [48753, 9, 769, 41478, 19384, 21821, 0, 104, 5639]
Loop 411 [41386, 9, 652, 34588, 18800, 15512, 0, 102, 5504]
Loop 412 [41841, 9, 907, 34925, 19349, 15297, 0, 106, 5296]
Loop 413 [40908, 9, 1046, 34137, 18716, 15150, 0, 102, 5010]
Loop 414 [41252, 9, 729, 34719, 19095, 15374, 0, 103, 5119]
Loop 415 [42202, 9, 631, 35322, 19778, 15257, 0, 106, 5575]
Loop 416 [41349, 9, 610, 35140, 19436, 15378, 0, 104, 4946]
Loop 417 [41306, 9, 608, 34519, 19177, 15051, 0, 104, 5494]
Loop 418 [40945, 9, 623, 34159, 19207, 14683, 0, 105, 5472]
Loop 419 [41292, 9, 612, 34561, 19338, 14964, 0, 103, 5460]
Loop 420 [40997, 9, 625, 34118, 19063, 14798, 0, 102, 5604]
Loop 421 [40576, 9, 594, 33853, 18809, 14769, 0, 104, 5460]
Loop 422 [41096, 9, 624, 34330, 19333, 14735, 0, 103, 5436]
Loop 423 [40995, 9, 558, 34374, 19133, 14984, 0, 103, 5403]
Loop 424 [40359, 9, 581, 33669, 18463, 14935, 0, 106, 5437]
Loop 425 [41096, 9, 574, 34369, 19318, 14775, 0, 102, 5476]
Loop 426 [41424, 9, 629, 34530, 19338, 14922, 0, 104, 5586]
Loop 427 [40903, 9, 599, 34203, 19123, 14817, 0, 102, 5418]
Loop 428 [41222, 9, 574, 34340, 19099, 14960, 0, 104, 5644]
Loop 429 [41278, 9, 603, 34460, 19405, 14782, 0, 102, 5562]
Loop 430 [40667, 9, 585, 33904, 19081, 14543, 0, 103, 5518]
Loop 431 [40855, 9, 593, 33961, 19163, 14541, 0, 104, 5620]
Loop 432 [43081, 9, 575, 39846, 19476, 14625, 0, 104, 1968]
Loop 433 [41901, 9, 608, 35158, 19784, 15124, 0, 104, 5424]
Loop 434 [61031, 9, 582, 54117, 19502, 34331, 0, 109, 5653]
Loop 435 [41577, 9, 592, 34805, 19633, 14865, 0, 106, 5508]
Loop 436 [41631, 9, 581, 34766, 19320, 15174, 0, 104, 5595]
Loop 437 [41234, 9, 605, 34433, 19161, 15024, 0, 100, 5524]
Loop 438 [45222, 9, 593, 38458, 23380, 14820, 0, 103, 5480]
Loop 439 [41063, 9, 606, 34291, 19079, 14942, 0, 104, 5537]
Loop 440 [41021, 9, 580, 34234, 19185, 14747, 0, 104, 5559]
Loop 441 [40629, 9, 607, 33890, 18862, 14755, 0, 106, 5476]
Loop 442 [41152, 9, 609, 34142, 19356, 14501, 0, 102, 5747]
Loop 443 [40740, 9, 623, 34143, 19084, 14806, 0, 106, 5329]
Loop 444 [40799, 9, 587, 33935, 19018, 14643, 0, 104, 5593]
Loop 445 [40314, 9, 594, 33301, 18704, 14327, 0, 104, 5752]
Loop 446 [40990, 9, 598, 34264, 19101, 14905, 0, 104, 5488]
Loop 447 [40762, 9, 610, 34017, 18902, 14825, 0, 105, 5440]
Loop 448 [41092, 9, 629, 34165, 19161, 14762, 0, 102, 5632]
Loop 449 [41042, 9, 581, 34380, 19212, 14869, 0, 108, 5425]
Loop 450 [40817, 9, 611, 34117, 19314, 14563, 0, 105, 5440]
Loop 451 [41364, 9, 614, 34624, 19463, 14888, 0, 103, 5471]
Loop 452 [41391, 9, 620, 34218, 19035, 14926, 0, 106, 5883]
Loop 453 [41320, 9, 607, 34196, 19099, 14814, 0, 104, 5856]
Loop 454 [49637, 9, 645, 42021, 20641, 21136, 0, 103, 6275]
Loop 455 [41001, 9, 587, 34052, 19141, 14653, 0, 106, 5706]
Loop 456 [41245, 9, 602, 34382, 18931, 15176, 0, 105, 5586]
Loop 457 [41681, 9, 602, 34537, 19566, 14719, 0, 102, 5848]
Loop 458 [42311, 9, 756, 34790, 19258, 15295, 0, 108, 6112]
Loop 459 [41257, 9, 623, 34121, 19246, 14587, 0, 104, 5861]
Loop 460 [40910, 9, 591, 33751, 18813, 14641, 0, 102, 5911]
Loop 461 [41083, 9, 578, 34380, 19667, 14448, 0, 104, 5462]
Loop 462 [40720, 9, 618, 33964, 19230, 14472, 0, 102, 5478]
Loop 463 [40607, 9, 591, 33867, 18939, 14636, 0, 105, 5490]
Loop 464 [40721, 9, 576, 34012, 18979, 14750, 0, 104, 5485]
Loop 465 [41511, 9, 585, 34293, 19238, 14796, 0, 104, 5967]
Loop 466 [40535, 9, 589, 33792, 18764, 14758, 0, 104, 5449]
Loop 467 [41050, 9, 601, 34066, 19111, 14696, 0, 104, 5706]
Loop 468 [40744, 9, 610, 33921, 19088, 14581, 0, 104, 5533]
Loop 469 [41451, 9, 629, 34531, 19443, 14803, 0, 105, 5615]
Loop 470 [41057, 9, 591, 34473, 18935, 15256, 0, 106, 5338]
Loop 471 [41189, 9, 596, 34468, 19136, 15049, 0, 104, 5471]
Loop 472 [41870, 9, 611, 34978, 19803, 14907, 0, 103, 5618]
Loop 473 [40321, 9, 583, 33651, 18700, 14691, 0, 106, 5431]
Loop 474 [41143, 9, 633, 33886, 18976, 14631, 0, 104, 5974]
Loop 475 [41152, 9, 616, 34340, 19167, 14928, 0, 106, 5538]
Loop 476 [42802, 9, 617, 39445, 19338, 19711, 0, 104, 2038]
Loop 477 [40921, 9, 614, 33963, 18809, 14895, 0, 104, 5713]
Loop 478 [40560, 9, 598, 33906, 18964, 14640, 0, 106, 5391]
Loop 479 [40535, 9, 613, 33908, 18995, 14642, 0, 102, 5358]
Loop 480 [40910, 9, 567, 33933, 19004, 14677, 0, 103, 5743]
Loop 481 [40924, 9, 630, 33974, 18817, 14871, 0, 104, 5632]
Loop 482 [41391, 9, 609, 34568, 19387, 14904, 0, 104, 5548]
Loop 483 [41162, 9, 609, 34340, 19401, 14670, 0, 104, 5504]
Loop 484 [42647, 9, 592, 35754, 19560, 15896, 0, 103, 5574]
Loop 485 [49778, 9, 642, 42464, 26188, 15994, 0, 104, 6016]
Loop 486 [41209, 9, 605, 34515, 19053, 15196, 0, 104, 5458]
Loop 487 [40645, 9, 616, 33738, 18867, 14594, 0, 106, 5637]
Loop 488 [40943, 9, 588, 34134, 18583, 15245, 0, 105, 5564]
Loop 489 [41555, 9, 583, 34529, 19197, 15068, 0, 104, 5786]
Loop 490 [41604, 9, 579, 34526, 19270, 14979, 0, 104, 5812]
Loop 491 [41510, 9, 586, 34386, 19378, 14725, 0, 102, 5860]
Loop 492 [41094, 9, 606, 33877, 18879, 14722, 0, 105, 5936]
Loop 493 [41360, 9, 582, 33750, 18828, 14660, 0, 104, 6344]
Loop 494 [41407, 9, 595, 34470, 19001, 15218, 0, 104, 5658]
Loop 495 [41065, 9, 587, 34383, 19321, 14771, 0, 104, 5451]
Loop 496 [40493, 9, 585, 33693, 18837, 14560, 0, 102, 5562]
Loop 497 [40988, 9, 585, 34238, 19140, 14849, 0, 104, 5488]
Loop 498 [75890, 9, 594, 69067, 19240, 49556, 0, 106, 5479]
Loop 499 [42340, 9, 621, 35359, 19740, 15356, 0, 103, 5677]
Loop 500 [41136, 9, 574, 34285, 19199, 14786, 0, 107, 5600]
Loop 501 [40777, 9, 640, 33842, 18694, 14893, 0, 102, 5613]
Loop 502 [41006, 9, 609, 34041, 18971, 14796, 0, 104, 5704]
Loop 503 [40897, 9, 638, 34107, 19172, 14645, 0, 105, 5509]
Loop 504 [42754, 9, 585, 35692, 20681, 14735, 0, 104, 5817]
Loop 505 [40732, 9, 614, 33926, 18784, 14878, 0, 110, 5573]
Loop 506 [41377, 9, 625, 34259, 18957, 15000, 0, 103, 5841]
Loop 507 [41026, 9, 629, 34176, 19059, 14826, 0, 106, 5569]
Loop 508 [40527, 9, 608, 33753, 18919, 14537, 0, 105, 5518]
Loop 509 [44163, 9, 599, 35464, 20216, 14964, 0, 105, 7403]
Loop 510 [57733, 9, 598, 51278, 20120, 30867, 0, 111, 5101]
Loop 511 [52041, 9, 625, 45032, 28750, 15985, 0, 115, 5666]
Loop 512 [53281, 9, 601, 46426, 30520, 15578, 0, 105, 5483]
Loop 513 [41504, 9, 747, 34573, 19335, 14937, 0, 106, 5495]
Loop 514 [43950, 9, 581, 37093, 21993, 14802, 0, 104, 5589]
Loop 515 [40507, 9, 590, 33547, 18889, 14386, 0, 106, 5724]
Loop 516 [48956, 9, 594, 41889, 26375, 15218, 0, 106, 5765]
Loop 517 [41409, 9, 702, 34411, 19110, 15013, 0, 105, 5628]
Loop 518 [40247, 9, 555, 33365, 18736, 14372, 0, 108, 5673]
Loop 519 [42125, 9, 602, 35164, 20552, 14358, 0, 106, 5627]
Loop 520 [40383, 9, 554, 33334, 18476, 14610, 0, 106, 5867]
Loop 521 [42279, 9, 574, 35450, 20483, 14696, 0, 106, 5577]
Loop 522 [50930, 9, 597, 44183, 28286, 15564, 0, 108, 5416]
Loop 523 [44058, 9, 747, 36979, 21289, 15389, 0, 104, 5631]
Loop 524 [40930, 9, 714, 33913, 19203, 14439, 0, 106, 5628]
Loop 525 [48587, 9, 580, 41577, 25671, 15631, 0, 105, 5682]
Loop 526 [41021, 9, 627, 33973, 18756, 14951, 0, 105, 5721]
Loop 527 [40419, 9, 576, 33496, 19197, 14027, 0, 109, 5681]
Loop 528 [40399, 9, 578, 33383, 18517, 14576, 0, 106, 5764]
Loop 529 [40398, 9, 571, 33497, 18874, 14361, 0, 106, 5698]
Loop 530 [41668, 9, 566, 33782, 18919, 14600, 0, 104, 6652]
Loop 531 [40841, 9, 733, 33881, 19064, 14545, 0, 106, 5553]
Loop 532 [41154, 9, 579, 34041, 19358, 14435, 0, 104, 5832]
Loop 533 [63108, 9, 631, 56156, 41303, 14590, 0, 104, 5675]
Loop 534 [61412, 9, 576, 54911, 18715, 35896, 0, 109, 5199]
Loop 535 [65857, 9, 682, 59147, 35110, 23719, 0, 103, 5302]
Loop 536 [41786, 9, 660, 34850, 19571, 15022, 0, 104, 5597]
Loop 537 [39430, 9, 558, 32623, 18231, 14123, 0, 102, 5589]
Loop 538 [52200, 9, 587, 47009, 19272, 27467, 0, 104, 3980]
Loop 539 [44890, 9, 577, 37679, 19152, 18257, 0, 102, 5978]
Loop 540 [40552, 9, 601, 33582, 19006, 14324, 0, 106, 5692]
Loop 541 [39780, 9, 585, 32820, 18616, 13945, 0, 104, 5746]
Loop 542 [40228, 9, 550, 33281, 18808, 14211, 0, 102, 5747]
Loop 543 [40011, 9, 598, 33147, 18724, 14162, 0, 107, 5613]
Loop 544 [39808, 9, 593, 32989, 18447, 14275, 0, 104, 5593]
Loop 545 [40414, 9, 589, 33424, 18897, 14268, 0, 102, 5771]
Loop 546 [40767, 9, 565, 33874, 19281, 14337, 0, 106, 5708]
Loop 547 [39884, 9, 573, 32899, 18574, 14070, 0, 106, 5764]
Loop 548 [39740, 9, 590, 32886, 18838, 13794, 0, 106, 5618]
Loop 549 [609242, 9, 581, 601964, 586100, 15545, 0, 105, 5981]
Loop 550 [40194, 9, 629, 33263, 18528, 14472, 0, 104, 5662]
Loop 551 [38845, 9, 593, 32041, 17995, 13765, 0, 104, 5557]
Loop 552 [39762, 9, 567, 32687, 18314, 14111, 0, 102, 5898]
Loop 553 [39229, 9, 561, 32497, 18078, 14151, 0, 102, 5515]
Loop 554 [39791, 9, 577, 32871, 18423, 14195, 0, 98, 5678]
Loop 555 [39353, 9, 583, 32505, 17973, 14291, 0, 102, 5607]
Loop 556 [39361, 9, 567, 32348, 18179, 13907, 0, 104, 5746]
Loop 557 [39723, 9, 585, 33004, 18262, 14479, 0, 105, 5460]
Loop 558 [39320, 9, 616, 32415, 18169, 13994, 0, 104, 5641]
Loop 559 [39118, 9, 610, 32304, 18004, 13996, 0, 102, 5522]
Loop 560 [39698, 9, 623, 32643, 18291, 14089, 0, 106, 5755]
Loop 561 [39275, 9, 589, 32395, 18017, 14131, 0, 104, 5642]
Loop 562 [87844, 9, 579, 72817, 18501, 54026, 0, 102, 13717]
Loop 563 [42889, 9, 679, 36132, 19983, 15834, 0, 102, 5398]
Loop 564 [39671, 9, 662, 32909, 18173, 14466, 0, 102, 5478]
Loop 565 [39319, 9, 563, 32421, 17956, 14193, 0, 102, 5722]
Loop 566 [39114, 9, 556, 32333, 17951, 14115, 0, 104, 5608]
Loop 567 [39220, 9, 585, 32428, 17960, 14207, 0, 102, 5546]
Loop 568 [39037, 9, 608, 32180, 17927, 13994, 0, 103, 5600]
Loop 569 [39117, 9, 625, 32327, 18039, 14022, 0, 102, 5525]
Loop 570 [38896, 9, 613, 32078, 17862, 13956, 0, 102, 5560]
Loop 571 [41599, 9, 602, 34781, 20399, 14124, 0, 102, 5551]
Loop 572 [39356, 9, 594, 32626, 18259, 14115, 0, 106, 5467]
Loop 573 [39016, 9, 582, 32345, 17836, 14257, 0, 102, 5456]
Loop 574 [39094, 9, 587, 32302, 17889, 14148, 0, 104, 5586]
Loop 575 [39384, 9, 585, 32747, 18178, 14301, 0, 102, 5387]
Loop 576 [39630, 9, 623, 32292, 17962, 14076, 0, 99, 6080]
Loop 577 [39313, 9, 614, 32454, 18146, 14049, 0, 104, 5597]
Loop 578 [38960, 9, 634, 32179, 17967, 13942, 0, 102, 5511]
Loop 579 [39550, 9, 598, 32762, 18331, 14164, 0, 100, 5557]
Loop 580 [39401, 9, 581, 32450, 18051, 14118, 0, 103, 5713]
Loop 581 [39322, 9, 576, 32609, 18366, 13975, 0, 104, 5504]
Loop 582 [38873, 9, 583, 32171, 18019, 13860, 0, 102, 5469]
Loop 583 [39450, 9, 582, 32334, 18053, 14024, 0, 104, 5893]
Loop 584 [39432, 9, 587, 32277, 17929, 14080, 0, 104, 5948]
Loop 585 [39037, 9, 613, 32176, 18136, 13779, 0, 102, 5615]
Loop 586 [48579, 9, 610, 41943, 26853, 14787, 0, 102, 5331]
Loop 587 [39806, 9, 647, 33002, 18436, 14258, 0, 104, 5529]
Loop 588 [38792, 9, 613, 32097, 17867, 13929, 0, 104, 5452]
Loop 589 [39093, 9, 589, 32285, 18237, 13744, 0, 102, 5582]
Loop 590 [38682, 9, 596, 32003, 17897, 13812, 0, 103, 5424]
Loop 591 [38800, 9, 597, 32104, 18025, 13770, 0, 104, 5476]
Loop 592 [38749, 9, 600, 31839, 17889, 13642, 0, 104, 5688]
Loop 593 [39048, 9, 620, 32001, 17837, 13869, 0, 104, 5771]
Loop 594 [43970, 9, 598, 37363, 18425, 18634, 0, 105, 5332]
Loop 595 [38992, 9, 595, 32292, 18137, 13851, 0, 104, 5495]
Loop 596 [38981, 9, 605, 32135, 17973, 13865, 0, 102, 5575]
Loop 597 [39545, 9, 583, 32729, 18572, 13862, 0, 106, 5577]
Loop 598 [62921, 9, 873, 55426, 38944, 16170, 0, 102, 5860]
Loop 599 [57862, 9, 686, 51068, 35381, 15349, 0, 104, 5384]
Loop 600 [39731, 9, 723, 32412, 18140, 13976, 0, 104, 5930]
Loop 601 [51567, 9, 598, 44852, 29645, 14875, 0, 104, 5394]
Loop 602 [48463, 9, 714, 41449, 26159, 15022, 0, 105, 5576]
Loop 603 [39864, 9, 753, 32968, 18251, 14425, 0, 102, 5485]
Loop 604 [38477, 9, 625, 31823, 17752, 13793, 0, 104, 5391]
Loop 605 [38685, 9, 583, 31956, 17836, 13826, 0, 102, 5500]
Loop 606 [39129, 9, 598, 32124, 17950, 13890, 0, 104, 5766]
Loop 607 [38727, 9, 575, 32106, 17809, 14014, 0, 104, 5403]
Loop 608 [39128, 9, 594, 32429, 18086, 14060, 0, 102, 5482]
Loop 609 [38579, 9, 571, 31929, 17813, 13818, 0, 104, 5429]
Loop 610 [38466, 9, 604, 31845, 17714, 13834, 0, 104, 5378]
Loop 611 [38590, 9, 585, 31993, 17926, 13766, 0, 102, 5358]
Loop 612 [38637, 9, 598, 32011, 17872, 13843, 0, 102, 5376]
Loop 613 [39249, 9, 572, 32414, 18153, 13948, 0, 104, 5582]
Loop 614 [38508, 9, 583, 31845, 17696, 13855, 0, 104, 5421]
Loop 615 [38892, 9, 578, 31940, 17745, 13880, 0, 104, 5717]
Loop 616 [44914, 9, 581, 40573, 23573, 14446, 0, 103, 3011]
Loop 617 [39541, 9, 558, 32546, 18040, 14195, 0, 104, 5781]
Loop 618 [38777, 9, 567, 32086, 17748, 14036, 0, 106, 5500]
Loop 619 [39089, 9, 587, 32020, 17725, 14007, 0, 105, 5812]
Loop 620 [39563, 9, 743, 32683, 18064, 14343, 0, 104, 5502]
Loop 621 [39169, 9, 587, 32124, 17717, 14102, 0, 100, 5839]
Loop 622 [38955, 9, 594, 31830, 17636, 13912, 0, 103, 5894]
Loop 623 [39024, 9, 603, 32056, 17903, 13860, 0, 102, 5746]
Loop 624 [38608, 9, 613, 31878, 17776, 13815, 0, 105, 5447]
Loop 625 [38761, 9, 587, 31983, 18058, 13628, 0, 104, 5558]
Loop 626 [45987, 9, 572, 39195, 18119, 20765, 0, 106, 5578]
Loop 627 [59209, 9, 603, 52225, 36571, 15366, 0, 116, 5686]
Loop 628 [39964, 9, 782, 33139, 18439, 14411, 0, 106, 5332]
Loop 629 [38898, 9, 574, 31997, 17683, 14046, 0, 104, 5688]
Loop 630 [38643, 9, 569, 31785, 17589, 13943, 0, 105, 5621]
Loop 631 [38570, 9, 541, 31987, 17804, 13928, 0, 104, 5388]
Loop 632 [38578, 9, 568, 32029, 17668, 14083, 0, 102, 5352]
Loop 633 [38962, 9, 569, 32211, 17885, 14068, 0, 102, 5537]
Loop 634 [38497, 9, 532, 31959, 17557, 14129, 0, 104, 5364]
Loop 635 [38501, 9, 540, 31924, 17696, 13974, 0, 104, 5400]
Loop 636 [45832, 9, 572, 39173, 18004, 20884, 0, 119, 5402]
Loop 637 [43969, 9, 581, 37469, 22534, 14632, 0, 119, 5232]
Loop 638 [51673, 9, 568, 36771, 17548, 18950, 0, 103, 13622]
Loop 639 [43053, 9, 851, 36270, 20967, 15007, 0, 100, 5221]
Loop 640 [39382, 9, 687, 32769, 18406, 14094, 0, 106, 5258]
Loop 641 [39016, 9, 563, 32424, 18270, 13910, 0, 102, 5332]
Loop 642 [38681, 9, 614, 32019, 17953, 13776, 0, 102, 5391]
Loop 643 [39615, 9, 556, 33182, 19014, 13882, 0, 103, 5232]
Loop 644 [38641, 9, 572, 31887, 17829, 13779, 0, 102, 5564]
Loop 645 [38280, 9, 594, 31515, 17444, 13803, 0, 104, 5527]
Loop 646 [38714, 9, 581, 31923, 17927, 13746, 0, 102, 5580]
Loop 647 [38014, 9, 557, 31337, 17471, 13592, 0, 104, 5449]
Loop 648 [38575, 9, 565, 32081, 17940, 13854, 0, 100, 5287]
Loop 649 [38152, 9, 531, 31585, 17663, 13660, 0, 104, 5391]
Loop 650 [38371, 9, 582, 31674, 17512, 13892, 0, 102, 5482]
Loop 651 [38978, 9, 565, 32334, 18330, 13749, 0, 102, 5422]
Loop 652 [38107, 9, 559, 31554, 17454, 13839, 0, 102, 5369]
Loop 653 [38304, 9, 567, 31632, 17762, 13621, 0, 103, 5468]
Loop 654 [38464, 9, 589, 32042, 17902, 13887, 0, 101, 5214]
Loop 655 [48930, 9, 559, 42211, 27367, 14574, 0, 103, 5483]
Loop 656 [38586, 9, 760, 31759, 17599, 13878, 0, 106, 5375]
Loop 657 [42193, 9, 545, 35638, 21445, 13892, 0, 106, 5326]
Loop 658 [39335, 9, 571, 32806, 18804, 13736, 0, 104, 5305]
Loop 659 [38385, 9, 569, 31714, 17504, 13934, 0, 102, 5422]
Loop 660 [38632, 9, 636, 32016, 17568, 14133, 0, 103, 5354]
Loop 661 [45179, 9, 570, 38758, 17688, 20721, 0, 102, 5201]
Loop 662 [39993, 9, 697, 33205, 18129, 14816, 0, 106, 5385]
Loop 663 [38831, 9, 601, 32217, 17625, 14302, 0, 108, 5325]
Loop 664 [38094, 9, 563, 31433, 17402, 13787, 0, 102, 5447]
Loop 665 [38568, 9, 560, 32085, 18059, 13738, 0, 103, 5298]
Loop 666 [38411, 9, 579, 31690, 17378, 13958, 0, 104, 5515]
Loop 667 [37790, 9, 562, 31246, 17348, 13637, 0, 101, 5314]
Loop 668 [37957, 9, 557, 31339, 17397, 13695, 0, 102, 5398]
Loop 669 [38200, 9, 563, 31563, 17754, 13557, 0, 104, 5411]
Loop 670 [37843, 9, 547, 31169, 17306, 13599, 0, 102, 5467]
Loop 671 [37646, 9, 563, 31027, 17302, 13473, 0, 102, 5396]
Loop 672 [44309, 9, 585, 31790, 17711, 13816, 0, 104, 11285]
Loop 673 [38035, 9, 561, 31595, 17522, 13743, 0, 102, 5220]
Loop 674 [37864, 9, 556, 31338, 17273, 13756, 0, 104, 5324]
Loop 675 [37686, 9, 549, 31034, 17240, 13491, 0, 100, 5478]
Loop 676 [38604, 9, 889, 31577, 17731, 13577, 0, 104, 5465]
Loop 677 [38096, 9, 744, 31178, 17284, 13619, 0, 106, 5491]
Loop 678 [37806, 9, 587, 31071, 17280, 13513, 0, 104, 5534]
Loop 679 [38236, 9, 685, 31540, 17720, 13548, 0, 106, 5331]
Loop 680 [38638, 9, 643, 31827, 17430, 14146, 0, 102, 5487]
Loop 681 [38749, 9, 589, 32255, 17940, 14025, 0, 106, 5292]
Loop 682 [38178, 9, 629, 31473, 17486, 13728, 0, 104, 5460]
Loop 683 [40956, 9, 595, 33852, 19963, 13614, 0, 117, 5839]
Loop 684 [46373, 9, 581, 39837, 18789, 20772, 0, 117, 5292]
Loop 685 [39186, 9, 632, 32426, 17772, 14403, 0, 104, 5471]
Loop 686 [38200, 9, 577, 31628, 17504, 13871, 0, 103, 5344]
Loop 687 [38420, 9, 604, 31826, 17547, 14023, 0, 101, 5342]
Loop 688 [38774, 9, 804, 31776, 17663, 13827, 0, 102, 5575]
Loop 689 [39211, 9, 667, 32508, 17947, 14240, 0, 102, 5367]
Loop 690 [45684, 9, 576, 39033, 17790, 20872, 0, 101, 5433]
Loop 691 [38744, 9, 602, 32259, 17536, 14408, 0, 102, 5247]
Loop 692 [38040, 9, 567, 31497, 17295, 13860, 0, 102, 5376]
Loop 693 [39029, 9, 574, 32439, 17827, 14278, 0, 104, 5416]
Loop 694 [38347, 9, 563, 31900, 17544, 14071, 0, 104, 5247]
Loop 695 [37905, 9, 592, 31358, 17356, 13698, 0, 104, 5287]
Loop 696 [38117, 9, 568, 31546, 17543, 13710, 0, 102, 5391]
Loop 697 [37814, 9, 569, 31224, 17381, 13570, 0, 106, 5377]
Loop 698 [37870, 9, 578, 31049, 17319, 13436, 0, 104, 5606]
Loop 699 [38095, 9, 569, 31547, 17725, 13561, 0, 100, 5334]
Loop 700 [37615, 9, 565, 30925, 17274, 13393, 0, 104, 5461]
Loop 701 [38000, 9, 635, 31417, 17286, 13863, 0, 102, 5329]
Loop 702 [37761, 9, 558, 31233, 17341, 13644, 0, 105, 5359]
Loop 703 [38094, 9, 560, 31477, 17775, 13448, 0, 102, 5400]
Loop 704 [37869, 9, 570, 31242, 17355, 13632, 0, 102, 5429]
Loop 705 [37884, 9, 561, 31247, 17451, 13503, 0, 103, 5422]
Loop 706 [38322, 9, 565, 31652, 17676, 13670, 0, 102, 5451]
Loop 707 [37923, 9, 560, 31192, 17382, 13572, 0, 103, 5553]
Loop 708 [39660, 9, 567, 33104, 18984, 13871, 0, 102, 5312]
Loop 709 [38381, 9, 575, 31646, 17559, 13832, 0, 102, 5529]
Loop 710 [37958, 9, 572, 31251, 17287, 13652, 0, 102, 5487]
Loop 711 [40391, 9, 562, 33775, 17426, 16094, 0, 104, 5398]
Loop 712 [37737, 9, 570, 31200, 17357, 13534, 0, 102, 5298]
Loop 713 [38566, 9, 718, 31993, 17869, 13831, 0, 104, 5198]
Loop 714 [38269, 9, 545, 31453, 17704, 13492, 0, 106, 5624]
Loop 715 [37632, 9, 565, 31122, 17306, 13526, 0, 102, 5305]
Loop 716 [37584, 9, 548, 31027, 17202, 13533, 0, 106, 5376]
Loop 717 [37917, 9, 587, 31220, 17207, 13721, 0, 104, 5464]
Loop 718 [37951, 9, 546, 31275, 17552, 13429, 0, 102, 5491]
Loop 719 [38253, 9, 581, 31734, 17595, 13867, 0, 102, 5259]
Loop 720 [38411, 9, 589, 31756, 17767, 13672, 0, 104, 5449]
Loop 721 [37814, 9, 568, 31216, 17251, 13675, 0, 104, 5357]
Loop 722 [38032, 9, 593, 31593, 17343, 13928, 0, 102, 5198]
Loop 723 [38608, 9, 587, 31940, 17617, 14034, 0, 107, 5475]
Loop 724 [37646, 9, 574, 31243, 17335, 13639, 0, 74, 5192]
Loop 725 [37821, 9, 566, 31109, 17328, 13508, 0, 119, 5493]
Loop 726 [38794, 9, 551, 32114, 17616, 14221, 0, 101, 5484]
Loop 727 [38722, 9, 547, 31328, 17545, 13541, 0, 102, 6198]
Loop 728 [38435, 9, 683, 31650, 17504, 13889, 0, 104, 5445]
Loop 729 [38347, 9, 577, 31769, 17811, 13719, 0, 100, 5367]
Loop 730 [38147, 9, 600, 31323, 17397, 13674, 0, 104, 5598]
Loop 731 [47037, 9, 567, 31326, 17326, 13756, 0, 106, 14523]
Loop 732 [42377, 9, 780, 35561, 20302, 14986, 0, 102, 5330]
Loop 733 [38433, 9, 665, 31785, 17725, 13776, 0, 103, 5318]
Loop 734 [37842, 9, 582, 31400, 17381, 13716, 0, 106, 5211]
Loop 735 [37553, 9, 549, 31131, 17291, 13544, 0, 104, 5248]
Loop 736 [37639, 9, 567, 31168, 17310, 13572, 0, 104, 5274]
Loop 737 [38025, 9, 574, 31470, 17721, 13443, 0, 104, 5352]
Loop 738 [38003, 9, 625, 31370, 17262, 13847, 0, 104, 5387]
Loop 739 [37721, 9, 581, 31127, 17298, 13563, 0, 104, 5380]
Loop 740 [37631, 9, 600, 31174, 17349, 13546, 0, 104, 5230]
Loop 741 [54167, 9, 580, 47653, 32610, 14767, 0, 104, 5257]
Loop 742 [37602, 9, 624, 31087, 17266, 13548, 0, 104, 5254]
Loop 743 [37500, 9, 581, 30986, 17166, 13531, 0, 102, 5322]
Loop 744 [37772, 9, 576, 31276, 17473, 13528, 0, 105, 5290]
Loop 745 [37487, 9, 547, 31047, 17254, 13506, 0, 102, 5249]
Loop 746 [37372, 9, 543, 30841, 17143, 13446, 0, 106, 5358]
Loop 747 [37310, 9, 557, 30768, 16998, 13511, 0, 102, 5278]
Loop 748 [37188, 9, 519, 30815, 17118, 13418, 0, 100, 5214]
Loop 749 [37362, 9, 551, 30868, 17160, 13433, 0, 102, 5314]
Loop 750 [55308, 9, 547, 30852, 16923, 13672, 0, 104, 23268]
Loop 751 [37693, 9, 680, 31045, 17116, 13668, 0, 102, 5331]
Loop 752 [37612, 9, 579, 30830, 17453, 13118, 0, 102, 5554]
Loop 753 [37187, 9, 545, 30793, 16996, 13530, 0, 102, 5189]
Loop 754 [42721, 9, 554, 36258, 16932, 19059, 0, 102, 5248]
Loop 755 [43811, 9, 567, 37414, 23274, 13877, 0, 104, 5166]
Loop 756 [37354, 9, 656, 30757, 17038, 13437, 0, 102, 5285]
Loop 757 [37150, 9, 553, 30876, 16964, 13639, 0, 106, 5059]
Loop 758 [37225, 9, 540, 30840, 17142, 13418, 0, 102, 5212]
Loop 759 [37394, 9, 542, 31049, 17415, 13357, 0, 98, 5181]
Loop 760 [36948, 9, 534, 30675, 17063, 13349, 0, 102, 5122]
Loop 761 [37231, 9, 530, 30857, 17125, 13458, 0, 104, 5195]
Loop 762 [37114, 9, 546, 30500, 16992, 13231, 0, 102, 5458]
Loop 763 [37325, 9, 545, 30859, 17251, 13342, 0, 102, 5307]
Loop 764 [37309, 9, 554, 30921, 17325, 13344, 0, 100, 5183]
Loop 765 [37116, 9, 538, 30777, 17160, 13359, 0, 106, 5170]
Loop 766 [37797, 9, 585, 31435, 17193, 13962, 0, 91, 5150]
Loop 767 [37496, 9, 561, 30958, 17357, 13320, 0, 102, 5376]
Loop 768 [37361, 9, 569, 30793, 17144, 13371, 0, 104, 5352]
Loop 769 [37040, 9, 560, 30580, 16939, 13373, 0, 104, 5291]
Loop 770 [37052, 9, 562, 30574, 16982, 13338, 0, 102, 5287]
Loop 771 [36702, 9, 547, 30419, 16926, 13222, 0, 106, 5125]
Loop 772 [37083, 9, 567, 30569, 16999, 13289, 0, 102, 5298]
Loop 773 [37471, 9, 547, 30986, 17404, 13324, 0, 100, 5332]
Loop 774 [37387, 9, 572, 30859, 17038, 13544, 0, 82, 5356]
Loop 775 [36942, 9, 562, 30492, 16898, 13338, 0, 82, 5276]
Loop 776 [37115, 9, 711, 30460, 16893, 13304, 0, 100, 5313]
Loop 777 [36999, 9, 534, 30602, 17011, 13321, 0, 102, 5207]
Loop 778 [37299, 9, 554, 30810, 17328, 13220, 0, 108, 5298]
Loop 779 [42979, 9, 546, 36507, 17275, 18966, 0, 102, 5241]
Loop 780 [37734, 9, 783, 31125, 17457, 13400, 0, 100, 5212]
Loop 781 [37050, 9, 550, 30420, 16930, 13233, 0, 103, 5449]
Loop 782 [37186, 9, 568, 30704, 17014, 13428, 0, 102, 5271]
Loop 783 [37306, 9, 536, 30832, 17025, 13530, 0, 102, 5318]
Loop 784 [37560, 9, 569, 31159, 17351, 13523, 0, 102, 5189]
Loop 785 [37623, 9, 559, 31098, 17428, 13384, 0, 102, 5355]
Loop 786 [37726, 9, 558, 31200, 17189, 13757, 0, 104, 5336]
Loop 787 [37407, 9, 563, 30954, 16959, 13738, 0, 100, 5283]
Loop 788 [37387, 9, 561, 30843, 17280, 13293, 0, 100, 5332]
Loop 789 [37307, 9, 547, 30786, 17168, 13359, 0, 100, 5323]
Loop 790 [37146, 9, 550, 30719, 17044, 13423, 0, 102, 5254]
Loop 791 [37074, 9, 559, 30568, 17012, 13284, 0, 104, 5318]
Loop 792 [36938, 9, 554, 30354, 16918, 13160, 0, 101, 5411]
Loop 793 [37261, 9, 627, 30717, 17160, 13280, 0, 101, 5273]
Loop 794 [37440, 9, 559, 30919, 17331, 13329, 0, 102, 5347]
Loop 795 [37008, 9, 555, 30520, 16991, 13260, 0, 100, 5292]
Loop 796 [36753, 9, 560, 30234, 16928, 13045, 0, 102, 5325]
Loop 797 [37721, 9, 696, 31082, 17003, 13819, 0, 106, 5284]
Loop 798 [37318, 9, 576, 30792, 17043, 13494, 0, 95, 5327]
Loop 799 [37363, 9, 559, 30792, 17301, 13235, 0, 100, 5407]
Loop 800 [37747, 9, 636, 31156, 17065, 13832, 0, 101, 5311]
Loop 801 [37800, 9, 537, 31229, 17658, 13299, 0, 100, 5391]
Loop 802 [37128, 9, 543, 30726, 17071, 13389, 0, 104, 5260]
Loop 803 [37258, 9, 558, 30801, 17176, 13364, 0, 100, 5289]
Loop 804 [37963, 9, 581, 31415, 17548, 13612, 0, 102, 5329]
Loop 805 [37728, 9, 554, 31187, 17573, 13317, 0, 104, 5348]
Loop 806 [37119, 9, 554, 30648, 16990, 13402, 0, 102, 5311]
Loop 807 [37172, 9, 561, 30626, 17025, 13327, 0, 104, 5328]
Loop 808 [37298, 9, 550, 30904, 17005, 13621, 0, 102, 5194]
Loop 809 [37473, 9, 560, 31008, 17322, 13424, 0, 101, 5256]
Loop 810 [37341, 9, 559, 31065, 17270, 13531, 0, 102, 5063]
Loop 811 [37035, 9, 550, 30624, 17043, 13340, 0, 102, 5249]
Loop 812 [37433, 9, 553, 31040, 16994, 13772, 0, 100, 5223]
Loop 813 [37632, 9, 571, 31079, 17211, 13599, 0, 104, 5358]
Loop 814 [37429, 9, 561, 30952, 17388, 13316, 0, 101, 5330]
Loop 815 [37147, 9, 565, 30800, 17346, 13198, 0, 98, 5181]
Loop 816 [37902, 9, 566, 30883, 17096, 13509, 0, 100, 5841]
Loop 817 [37186, 9, 547, 30717, 17066, 13391, 0, 102, 5314]
Loop 818 [42645, 9, 569, 36115, 17104, 18724, 0, 102, 5321]
Loop 819 [37367, 9, 557, 30874, 17094, 13500, 0, 104, 5305]
Loop 820 [37081, 9, 554, 30540, 17112, 13158, 0, 102, 5368]
Loop 821 [39907, 9, 614, 33376, 19316, 13764, 0, 101, 5276]
Loop 822 [37482, 9, 574, 31121, 17171, 13681, 0, 102, 5166]
Loop 823 [37204, 9, 563, 30678, 17125, 13267, 0, 104, 5343]
Loop 824 [37533, 9, 563, 30990, 17220, 13494, 0, 102, 5307]
Loop 825 [37272, 9, 543, 30923, 17218, 13431, 0, 102, 5194]
Loop 826 [37376, 9, 546, 30745, 17011, 13477, 0, 100, 5464]
Loop 827 [37556, 9, 556, 31263, 17014, 13992, 0, 102, 5105]
Loop 828 [42628, 9, 552, 35998, 21898, 13834, 0, 102, 5411]
Loop 829 [37624, 9, 618, 31174, 17209, 13712, 0, 100, 5232]
Loop 830 [37303, 9, 563, 30802, 17346, 13205, 0, 105, 5322]
Loop 831 [37127, 9, 543, 30590, 16994, 13313, 0, 104, 5353]
Loop 832 [37179, 9, 561, 30671, 16998, 13418, 0, 102, 5307]
Loop 833 [37132, 9, 563, 30637, 17127, 13253, 0, 102, 5291]
Loop 834 [37240, 9, 574, 30861, 17175, 13431, 0, 104, 5183]
Loop 835 [37394, 9, 554, 31096, 17475, 13355, 0, 102, 5114]
Loop 836 [37145, 9, 571, 30564, 17142, 13152, 0, 100, 5378]
Loop 837 [37196, 9, 647, 30591, 17029, 13289, 0, 102, 5302]
Loop 838 [37079, 9, 545, 30737, 17074, 13406, 0, 102, 5189]
Loop 839 [36984, 9, 547, 30553, 16947, 13347, 0, 102, 5254]
Loop 840 [37455, 9, 536, 30998, 17264, 13464, 0, 102, 5303]
Loop 841 [37387, 9, 556, 30965, 17284, 13415, 0, 102, 5230]
Loop 842 [36995, 9, 536, 30652, 17064, 13317, 0, 102, 5174]
Loop 843 [37594, 9, 547, 31045, 17102, 13686, 0, 102, 5371]
Loop 844 [37688, 9, 554, 31195, 17173, 13759, 0, 102, 5279]
Loop 845 [37697, 9, 540, 31102, 17397, 13437, 0, 100, 5406]
Loop 846 [37408, 9, 543, 31005, 17034, 13694, 0, 102, 5201]
Loop 847 [37566, 9, 529, 31049, 17361, 13411, 0, 103, 5316]
Loop 848 [37020, 9, 543, 30575, 17119, 13213, 0, 102, 5292]
Loop 849 [37606, 9, 564, 31013, 17463, 13293, 0, 102, 5417]
Loop 850 [37225, 9, 552, 30739, 17200, 13248, 0, 102, 5311]
Loop 851 [37300, 9, 551, 30813, 17063, 13482, 0, 101, 5265]
Loop 852 [43170, 9, 521, 36728, 17180, 19279, 0, 104, 5247]
Loop 853 [37593, 9, 546, 31116, 17153, 13683, 0, 91, 5276]
Loop 854 [37132, 9, 547, 30608, 17110, 13218, 0, 102, 5303]
Loop 855 [37602, 9, 552, 31043, 17555, 13234, 0, 103, 5356]
Loop 856 [37061, 9, 541, 30616, 17000, 13329, 0, 102, 5305]
Loop 857 [38373, 9, 558, 31694, 18002, 13428, 0, 100, 5498]
Loop 858 [37245, 9, 559, 30708, 17116, 13336, 0, 102, 5362]
Loop 859 [37301, 9, 548, 30886, 17358, 13264, 0, 102, 5208]
Loop 860 [37010, 9, 561, 30610, 17129, 13198, 0, 100, 5210]
Loop 861 [37627, 9, 572, 31025, 17404, 13344, 0, 102, 5391]
Loop 862 [37773, 9, 563, 31383, 17478, 13648, 0, 91, 5199]
Loop 863 [37161, 9, 552, 30660, 16998, 13410, 0, 102, 5314]
Loop 864 [37759, 9, 567, 31282, 17720, 13291, 0, 104, 5297]
Loop 865 [37050, 9, 551, 30633, 17069, 13276, 0, 100, 5263]
Loop 866 [37188, 9, 563, 30755, 16965, 13514, 0, 101, 5247]
Loop 867 [37044, 9, 563, 30617, 17111, 13225, 0, 100, 5254]
Loop 868 [37108, 9, 602, 30608, 17060, 13301, 0, 102, 5274]
Loop 869 [37390, 9, 556, 30969, 17351, 13353, 0, 102, 5271]
Loop 870 [37117, 9, 569, 30646, 17014, 13367, 0, 100, 5269]
Loop 871 [37147, 9, 552, 30576, 17025, 13266, 0, 94, 5381]
Loop 872 [37106, 9, 576, 30586, 16983, 13340, 0, 104, 5318]
Loop 873 [37101, 9, 558, 30719, 17149, 13331, 0, 102, 5183]
Loop 874 [37147, 9, 539, 30697, 17151, 13272, 0, 95, 5278]
Loop 875 [37868, 9, 553, 31460, 17551, 13656, 0, 101, 5232]
Loop 876 [36999, 9, 563, 30639, 17036, 13345, 0, 102, 5188]
Loop 877 [37985, 9, 598, 31325, 17165, 13890, 0, 104, 5422]
Loop 878 [37287, 9, 625, 30730, 16952, 13520, 0, 93, 5303]
Loop 879 [37045, 9, 570, 30666, 17079, 13333, 0, 104, 5192]
Loop 880 [37327, 9, 568, 30575, 17041, 13266, 0, 99, 5549]
Loop 881 [37509, 9, 566, 31007, 17547, 13191, 0, 103, 5269]
Loop 882 [54099, 9, 603, 47647, 17139, 30234, 0, 104, 5128]
Loop 883 [38013, 9, 636, 31463, 17324, 13852, 0, 102, 5288]
Loop 884 [37384, 9, 540, 30961, 17383, 13318, 0, 102, 5263]
Loop 885 [37353, 9, 540, 30854, 17235, 13356, 0, 102, 5305]
Loop 886 [37100, 9, 550, 30688, 17054, 13365, 0, 102, 5238]
Loop 887 [37266, 9, 548, 30628, 17087, 13256, 0, 101, 5436]
Loop 888 [36897, 9, 537, 30502, 16941, 13298, 0, 103, 5240]
Loop 889 [37244, 9, 534, 30842, 17319, 13251, 0, 102, 5241]
Loop 890 [37581, 9, 535, 31003, 17412, 13319, 0, 105, 5414]
Loop 891 [36930, 9, 538, 30604, 17053, 13280, 0, 98, 5155]
Loop 892 [37003, 9, 565, 30493, 16907, 13333, 0, 102, 5307]
Loop 893 [37088, 9, 554, 30578, 17016, 13316, 0, 104, 5340]
Loop 894 [38714, 9, 556, 32195, 18395, 13532, 0, 102, 5303]
Loop 895 [37631, 9, 514, 31287, 17395, 13643, 0, 103, 5175]
Loop 896 [37136, 9, 551, 30790, 17038, 13512, 0, 100, 5166]
Loop 897 [37123, 9, 561, 30592, 17034, 13299, 0, 99, 5331]
Loop 898 [37577, 9, 569, 31046, 17011, 13764, 0, 128, 5306]
Loop 899 [37489, 9, 565, 31078, 17355, 13488, 0, 102, 5226]
Loop 900 [37110, 9, 565, 30596, 17108, 13229, 0, 80, 5345]
Loop 901 [37947, 9, 640, 31393, 17393, 13717, 0, 98, 5307]
Loop 902 [37280, 9, 556, 30735, 17114, 13368, 0, 102, 5396]
Loop 903 [37393, 9, 557, 30876, 17067, 13548, 0, 100, 5309]
Loop 904 [37387, 9, 559, 30823, 17339, 13233, 0, 102, 5371]
Loop 905 [37058, 9, 524, 30469, 17144, 13057, 0, 104, 5429]
Loop 906 [37008, 9, 556, 30548, 16876, 13413, 0, 102, 5266]
Loop 907 [37026, 9, 542, 30475, 17002, 13214, 0, 100, 5389]
Loop 908 [37331, 9, 602, 30828, 16988, 13559, 0, 102, 5246]
Loop 909 [37449, 9, 572, 30854, 17208, 13386, 0, 102, 5413]
Loop 910 [37043, 9, 530, 30593, 17238, 13083, 0, 102, 5309]
Loop 911 [36989, 9, 550, 30509, 17113, 13116, 0, 102, 5314]
Loop 912 [37351, 9, 556, 30476, 17105, 13109, 0, 104, 5719]
Loop 913 [37034, 9, 566, 30575, 17080, 13211, 0, 102, 5247]
Loop 914 [37147, 9, 529, 30697, 17150, 13286, 0, 100, 5301]
Loop 915 [37495, 9, 551, 30981, 17472, 13238, 0, 103, 5318]
Loop 916 [37013, 9, 558, 30578, 17045, 13269, 0, 102, 5274]
Loop 917 [36950, 9, 546, 30972, 17029, 13670, 0, 102, 4824]
Loop 918 [37154, 9, 562, 30500, 17047, 13173, 0, 100, 5491]
Loop 919 [37094, 9, 563, 30646, 17082, 13292, 0, 102, 5288]
Loop 920 [37053, 9, 552, 30622, 17167, 13220, 0, 102, 5254]
Loop 921 [37635, 9, 632, 30954, 17381, 13294, 0, 102, 5416]
Loop 922 [37138, 9, 547, 30684, 17056, 13359, 0, 100, 5278]
Loop 923 [37201, 9, 567, 30677, 17094, 13315, 0, 101, 5339]
Loop 924 [37868, 9, 614, 31218, 17564, 13397, 0, 103, 5418]
Loop 925 [41663, 9, 556, 35142, 21224, 13641, 0, 100, 5322]
Loop 926 [37641, 9, 549, 31131, 17556, 13324, 0, 101, 5363]
Loop 927 [37265, 9, 558, 30610, 17098, 13238, 0, 102, 5480]
Loop 928 [37162, 9, 549, 30721, 17071, 13389, 0, 102, 5265]
Loop 929 [37170, 9, 582, 30803, 17082, 13440, 0, 103, 5145]
Loop 930 [37347, 9, 561, 30895, 17079, 13530, 0, 93, 5272]
Loop 931 [37512, 9, 563, 31171, 17402, 13495, 0, 100, 5148]
Loop 932 [37025, 9, 561, 30524, 17046, 13198, 0, 80, 5321]
Loop 933 [37230, 9, 559, 30624, 17080, 13290, 0, 102, 5409]
Loop 934 [37647, 9, 556, 31034, 17407, 13362, 0, 98, 5435]
Loop 935 [37121, 9, 542, 30659, 17009, 13382, 0, 102, 5279]
Loop 936 [36950, 9, 561, 30529, 17022, 13233, 0, 102, 5197]
Loop 937 [37250, 9, 563, 30551, 17020, 13251, 0, 102, 5515]
Loop 938 [37211, 9, 590, 30551, 16981, 13309, 0, 100, 5436]
Loop 939 [37641, 9, 545, 31187, 17481, 13453, 0, 102, 5289]
Loop 940 [37176, 9, 551, 30650, 16978, 13402, 0, 102, 5336]
Loop 941 [37117, 9, 554, 30764, 17031, 13469, 0, 104, 5178]
Loop 942 [37234, 9, 569, 30801, 17012, 13521, 0, 96, 5227]
Loop 943 [37323, 9, 536, 30855, 17298, 13297, 0, 103, 5302]
Loop 944 [37668, 9, 558, 31001, 17517, 13212, 0, 99, 5485]
Loop 945 [37420, 9, 646, 30799, 17136, 13373, 0, 102, 5343]
Loop 946 [46244, 9, 556, 39822, 16974, 22580, 0, 102, 5240]
Loop 947 [37556, 9, 585, 31145, 17267, 13610, 0, 102, 5212]
Loop 948 [37207, 9, 571, 30781, 17314, 13196, 0, 102, 5234]
Loop 949 [43188, 9, 530, 36687, 17070, 19353, 0, 102, 5292]
Loop 950 [37595, 9, 542, 31110, 17274, 13579, 0, 102, 5300]
Loop 951 [37243, 9, 552, 30782, 17041, 13489, 0, 100, 5251]
Loop 952 [37016, 9, 554, 30553, 16926, 13338, 0, 100, 5261]
Loop 953 [37187, 9, 557, 30732, 17248, 13200, 0, 104, 5279]
Loop 954 [37560, 9, 547, 31001, 17303, 13411, 0, 104, 5413]
Loop 955 [37398, 9, 599, 30701, 17164, 13285, 0, 104, 5446]
Loop 956 [37062, 9, 588, 30591, 17025, 13298, 0, 104, 5261]
Loop 957 [37331, 9, 583, 30910, 17135, 13517, 0, 102, 5232]
Loop 958 [37396, 9, 571, 30829, 17195, 13371, 0, 100, 5362]
Loop 959 [37436, 9, 578, 30935, 17373, 13300, 0, 94, 5305]
Loop 960 [37278, 9, 664, 30718, 17042, 13413, 0, 102, 5285]
Loop 961 [37392, 9, 583, 31012, 17165, 13584, 0, 98, 5181]
Loop 962 [37064, 9, 594, 30620, 17074, 13276, 0, 102, 5220]
Loop 963 [37157, 9, 617, 30652, 17211, 13174, 0, 104, 5273]
Loop 964 [37629, 9, 650, 30983, 17364, 13333, 0, 102, 5398]
Loop 965 [37489, 9, 623, 30657, 17038, 13340, 0, 95, 5590]
Loop 966 [37152, 9, 629, 30546, 17072, 13222, 0, 80, 5415]
Loop 967 [37205, 9, 571, 30671, 17133, 13251, 0, 100, 5319]
Loop 968 [37604, 9, 658, 30990, 17343, 13347, 0, 102, 5350]
Loop 969 [37536, 9, 632, 31078, 17420, 13356, 0, 99, 5200]
Loop 970 [37223, 9, 609, 30700, 17069, 13375, 0, 102, 5254]
Loop 971 [37161, 9, 647, 30491, 17025, 13200, 0, 100, 5445]
Loop 972 [37276, 9, 676, 30843, 17029, 13518, 0, 102, 5119]
Loop 973 [37684, 9, 582, 31103, 17423, 13404, 0, 106, 5395]
Loop 974 [38107, 9, 599, 31557, 17658, 13643, 0, 93, 5325]
Loop 975 [37361, 9, 612, 30739, 17028, 13426, 0, 100, 5407]
Loop 976 [37659, 9, 548, 30812, 17189, 13336, 0, 101, 5674]
Loop 977 [37310, 9, 558, 30705, 17033, 13387, 0, 99, 5433]
Loop 978 [37596, 9, 616, 31127, 17437, 13424, 0, 100, 5242]
Loop 979 [37320, 9, 632, 30699, 17165, 13269, 0, 100, 5347]
Loop 980 [37050, 9, 612, 30557, 17045, 13240, 0, 104, 5285]
Loop 981 [37401, 9, 663, 30717, 17023, 13409, 0, 102, 5393]
Loop 982 [37285, 9, 590, 30670, 17025, 13385, 0, 102, 5385]
Loop 983 [37586, 9, 585, 31018, 17535, 13222, 0, 102, 5359]
Loop 984 [37262, 9, 636, 30741, 17003, 13471, 0, 102, 5296]
Loop 985 [37173, 9, 588, 30703, 17193, 13243, 0, 102, 5249]
Loop 986 [59339, 9, 643, 52544, 17061, 35230, 0, 100, 5363]
Loop 987 [37163, 9, 570, 30698, 16957, 13484, 0, 102, 5294]
Loop 988 [36824, 9, 631, 30296, 16952, 13063, 0, 102, 5269]
Loop 989 [37255, 9, 621, 30746, 17277, 13199, 0, 102, 5250]
Loop 990 [37006, 9, 586, 30580, 17120, 13198, 0, 102, 5188]
Loop 991 [36891, 9, 618, 30400, 16981, 13147, 0, 101, 5256]
Loop 992 [36846, 9, 651, 30350, 16992, 13114, 0, 104, 5212]
Loop 993 [37195, 9, 621, 30577, 17041, 13240, 0, 102, 5363]
Loop 994 [37185, 9, 562, 30613, 17058, 13295, 0, 104, 5380]
Loop 995 [37245, 9, 644, 30601, 17328, 13009, 0, 102, 5378]
Loop 996 [37163, 9, 609, 30602, 17231, 13075, 0, 98, 5334]
Loop 997 [43056, 9, 636, 30422, 17020, 13152, 0, 101, 11374]
Loop 998 [37444, 9, 578, 30751, 17236, 13236, 0, 100, 5465]
Loop 999 [45110, 9, 627, 30471, 17026, 13185, 0, 104, 13386]
recovery file /tmp65536eccache.dat16384.microecrec0 capacity 16384
