degradeReadReplicas, filename /tmp262144replicas.dat, loop 1000
/tmp262144replicas.dat is a ReplicasFile!
starting benchmark...
ops 1000
final loop (us) 48.697
Loop 0 (us) 49.976
Loop 1 (us) 49.801
Loop 2 (us) 49.085
Loop 3 (us) 65.934
Loop 4 (us) 59.535
Loop 5 (us) 49.408
Loop 6 (us) 49.255
Loop 7 (us) 48.885
Loop 8 (us) 48.748
Loop 9 (us) 48.721
Loop 10 (us) 50.246
Loop 11 (us) 48.69
Loop 12 (us) 48.677
Loop 13 (us) 48.939
Loop 14 (us) 48.801
Loop 15 (us) 48.377
Loop 16 (us) 48.905
Loop 17 (us) 48.632
Loop 18 (us) 48.632
Loop 19 (us) 48.688
Loop 20 (us) 49.437
Loop 21 (us) 48.639
Loop 22 (us) 49.347
Loop 23 (us) 48.511
Loop 24 (us) 48.672
Loop 25 (us) 48.535
Loop 26 (us) 49.097
Loop 27 (us) 49.237
Loop 28 (us) 48.644
Loop 29 (us) 48.619
Loop 30 (us) 48.635
Loop 31 (us) 48.731
Loop 32 (us) 48.316
Loop 33 (us) 48.5
Loop 34 (us) 48.442
Loop 35 (us) 49.145
Loop 36 (us) 49.359
Loop 37 (us) 48.872
Loop 38 (us) 48.307
Loop 39 (us) 48.521
Loop 40 (us) 48.411
Loop 41 (us) 49.066
Loop 42 (us) 48.666
Loop 43 (us) 48.413
Loop 44 (us) 48.608
Loop 45 (us) 48.843
Loop 46 (us) 48.697
Loop 47 (us) 49.098
Loop 48 (us) 48.672
Loop 49 (us) 48.839
Loop 50 (us) 48.412
Loop 51 (us) 48.504
Loop 52 (us) 48.874
Loop 53 (us) 49.147
Loop 54 (us) 48.792
Loop 55 (us) 49.579
Loop 56 (us) 49.196
Loop 57 (us) 48.185
Loop 58 (us) 48.535
Loop 59 (us) 48.849
Loop 60 (us) 49.745
Loop 61 (us) 48.409
Loop 62 (us) 48.728
Loop 63 (us) 48.952
Loop 64 (us) 48.608
Loop 65 (us) 48.539
Loop 66 (us) 49.002
Loop 67 (us) 49.424
Loop 68 (us) 48.873
Loop 69 (us) 48.626
Loop 70 (us) 48.695
Loop 71 (us) 48.245
Loop 72 (us) 48.478
Loop 73 (us) 49.062
Loop 74 (us) 48.967
Loop 75 (us) 48.707
Loop 76 (us) 48.752
Loop 77 (us) 48.737
Loop 78 (us) 48.735
Loop 79 (us) 48.775
Loop 80 (us) 48.756
Loop 81 (us) 49.161
Loop 82 (us) 48.915
Loop 83 (us) 48.735
Loop 84 (us) 49.029
Loop 85 (us) 48.646
Loop 86 (us) 48.382
Loop 87 (us) 48.863
Loop 88 (us) 49.439
Loop 89 (us) 49.447
Loop 90 (us) 48.827
Loop 91 (us) 49.089
Loop 92 (us) 48.538
Loop 93 (us) 48.371
Loop 94 (us) 48.956
Loop 95 (us) 49.156
Loop 96 (us) 49.136
Loop 97 (us) 48.956
Loop 98 (us) 48.963
Loop 99 (us) 48.8
Loop 100 (us) 49.074
Loop 101 (us) 49.012
Loop 102 (us) 48.756
Loop 103 (us) 49.428
Loop 104 (us) 49.107
Loop 105 (us) 48.449
Loop 106 (us) 48.72
Loop 107 (us) 48.759
Loop 108 (us) 49.584
Loop 109 (us) 49.636
Loop 110 (us) 48.949
Loop 111 (us) 48.706
Loop 112 (us) 48.796
Loop 113 (us) 48.877
Loop 114 (us) 48.832
Loop 115 (us) 48.777
Loop 116 (us) 48.674
Loop 117 (us) 48.846
Loop 118 (us) 49.512
Loop 119 (us) 48.849
Loop 120 (us) 49.316
Loop 121 (us) 48.958
Loop 122 (us) 48.748
Loop 123 (us) 48.505
Loop 124 (us) 48.878
Loop 125 (us) 48.458
Loop 126 (us) 48.775
Loop 127 (us) 49.259
Loop 128 (us) 50.206
Loop 129 (us) 48.903
Loop 130 (us) 49.011
Loop 131 (us) 48.948
Loop 132 (us) 48.601
Loop 133 (us) 48.699
Loop 134 (us) 48.874
Loop 135 (us) 48.836
Loop 136 (us) 48.765
Loop 137 (us) 49.025
Loop 138 (us) 49.209
Loop 139 (us) 48.626
Loop 140 (us) 48.991
Loop 141 (us) 49.022
Loop 142 (us) 48.46
Loop 143 (us) 48.394
Loop 144 (us) 49.054
Loop 145 (us) 48.75
Loop 146 (us) 48.601
Loop 147 (us) 48.916
Loop 148 (us) 48.635
Loop 149 (us) 49.341
Loop 150 (us) 48.503
Loop 151 (us) 49.485
Loop 152 (us) 48.738
Loop 153 (us) 48.772
Loop 154 (us) 48.803
Loop 155 (us) 48.934
Loop 156 (us) 48.397
Loop 157 (us) 48.707
Loop 158 (us) 49.104
Loop 159 (us) 49.101
Loop 160 (us) 48.93
Loop 161 (us) 49.098
Loop 162 (us) 49.032
Loop 163 (us) 48.67
Loop 164 (us) 48.965
Loop 165 (us) 48.993
Loop 166 (us) 48.498
Loop 167 (us) 48.59
Loop 168 (us) 49.058
Loop 169 (us) 51.917
Loop 170 (us) 49.115
Loop 171 (us) 48.946
Loop 172 (us) 48.575
Loop 173 (us) 48.253
Loop 174 (us) 48.962
Loop 175 (us) 49.104
Loop 176 (us) 48.789
Loop 177 (us) 48.956
Loop 178 (us) 48.466
Loop 179 (us) 48.13
Loop 180 (us) 48.568
Loop 181 (us) 48.992
Loop 182 (us) 48.735
Loop 183 (us) 48.434
Loop 184 (us) 48.633
Loop 185 (us) 48.582
Loop 186 (us) 49.258
Loop 187 (us) 48.417
Loop 188 (us) 48.732
Loop 189 (us) 48.826
Loop 190 (us) 49.026
Loop 191 (us) 48.39
Loop 192 (us) 48.529
Loop 193 (us) 48.965
Loop 194 (us) 48.825
Loop 195 (us) 48.487
Loop 196 (us) 49.488
Loop 197 (us) 48.551
Loop 198 (us) 48.62
Loop 199 (us) 47.854
Loop 200 (us) 49.038
Loop 201 (us) 48.559
Loop 202 (us) 48.808
Loop 203 (us) 48.798
Loop 204 (us) 48.677
Loop 205 (us) 48.183
Loop 206 (us) 48.289
Loop 207 (us) 48.913
Loop 208 (us) 47.901
Loop 209 (us) 48.847
Loop 210 (us) 48.727
Loop 211 (us) 48.733
Loop 212 (us) 49.213
Loop 213 (us) 48.703
Loop 214 (us) 50.108
Loop 215 (us) 48.609
Loop 216 (us) 48.696
Loop 217 (us) 48.309
Loop 218 (us) 48.715
Loop 219 (us) 48.998
Loop 220 (us) 48.458
Loop 221 (us) 48.957
Loop 222 (us) 48.88
Loop 223 (us) 48.401
Loop 224 (us) 48.436
Loop 225 (us) 48.69
Loop 226 (us) 48.869
Loop 227 (us) 48.496
Loop 228 (us) 48.801
Loop 229 (us) 47.894
Loop 230 (us) 49.22
Loop 231 (us) 48.852
Loop 232 (us) 49.262
Loop 233 (us) 49.025
Loop 234 (us) 48.648
Loop 235 (us) 48.599
Loop 236 (us) 48.717
Loop 237 (us) 48.887
Loop 238 (us) 48.513
Loop 239 (us) 48.541
Loop 240 (us) 49.102
Loop 241 (us) 48.794
Loop 242 (us) 48.53
Loop 243 (us) 48.879
Loop 244 (us) 48.708
Loop 245 (us) 48.781
Loop 246 (us) 48.808
Loop 247 (us) 49.109
Loop 248 (us) 49.28
Loop 249 (us) 48.914
Loop 250 (us) 48.843
Loop 251 (us) 49.514
Loop 252 (us) 48.608
Loop 253 (us) 48.575
Loop 254 (us) 48.911
Loop 255 (us) 48.734
Loop 256 (us) 48.81
Loop 257 (us) 49.115
Loop 258 (us) 49.021
Loop 259 (us) 48.746
Loop 260 (us) 48.783
Loop 261 (us) 48.929
Loop 262 (us) 49.397
Loop 263 (us) 48.644
Loop 264 (us) 48.756
Loop 265 (us) 49.901
Loop 266 (us) 49.169
Loop 267 (us) 49.877
Loop 268 (us) 48.584
Loop 269 (us) 48.847
Loop 270 (us) 48.839
Loop 271 (us) 49.911
Loop 272 (us) 48.742
Loop 273 (us) 49.036
Loop 274 (us) 48.956
Loop 275 (us) 48.89
Loop 276 (us) 48.805
Loop 277 (us) 48.899
Loop 278 (us) 50.438
Loop 279 (us) 49.362
Loop 280 (us) 48.703
Loop 281 (us) 49.276
Loop 282 (us) 49.016
Loop 283 (us) 48.754
Loop 284 (us) 48.992
Loop 285 (us) 48.724
Loop 286 (us) 49.04
Loop 287 (us) 49.056
Loop 288 (us) 48.834
Loop 289 (us) 49.065
Loop 290 (us) 48.632
Loop 291 (us) 52.331
Loop 292 (us) 49.767
Loop 293 (us) 49.384
Loop 294 (us) 48.983
Loop 295 (us) 48.679
Loop 296 (us) 49.021
Loop 297 (us) 49.087
Loop 298 (us) 48.555
Loop 299 (us) 48.547
Loop 300 (us) 48.789
Loop 301 (us) 48.925
Loop 302 (us) 48.817
Loop 303 (us) 48.884
Loop 304 (us) 49.136
Loop 305 (us) 48.181
Loop 306 (us) 48.827
Loop 307 (us) 49.174
Loop 308 (us) 49.096
Loop 309 (us) 48.844
Loop 310 (us) 48.717
Loop 311 (us) 49.056
Loop 312 (us) 48.869
Loop 313 (us) 48.448
Loop 314 (us) 48.781
Loop 315 (us) 48.941
Loop 316 (us) 49.301
Loop 317 (us) 49.829
Loop 318 (us) 49.251
Loop 319 (us) 49.464
Loop 320 (us) 49.328
Loop 321 (us) 48.442
Loop 322 (us) 48.739
Loop 323 (us) 49.196
Loop 324 (us) 48.773
Loop 325 (us) 48.416
Loop 326 (us) 48.515
Loop 327 (us) 49.08
Loop 328 (us) 49.233
Loop 329 (us) 48.71
Loop 330 (us) 48.906
Loop 331 (us) 48.976
Loop 332 (us) 49.01
Loop 333 (us) 48.686
Loop 334 (us) 48.73
Loop 335 (us) 48.856
Loop 336 (us) 48.932
Loop 337 (us) 49.14
Loop 338 (us) 49.009
Loop 339 (us) 48.447
Loop 340 (us) 48.15
Loop 341 (us) 48.637
Loop 342 (us) 48.706
Loop 343 (us) 48.55
Loop 344 (us) 48.637
Loop 345 (us) 48.739
Loop 346 (us) 48.628
Loop 347 (us) 48.402
Loop 348 (us) 48.558
Loop 349 (us) 49.872
Loop 350 (us) 49.508
Loop 351 (us) 50.217
Loop 352 (us) 49.041
Loop 353 (us) 48.727
Loop 354 (us) 48.637
Loop 355 (us) 48.619
Loop 356 (us) 48.361
Loop 357 (us) 48.444
Loop 358 (us) 48.507
Loop 359 (us) 48.812
Loop 360 (us) 48.436
Loop 361 (us) 48.728
Loop 362 (us) 49.134
Loop 363 (us) 48.99
Loop 364 (us) 48.249
Loop 365 (us) 48.134
Loop 366 (us) 48.814
Loop 367 (us) 49.231
Loop 368 (us) 48.433
Loop 369 (us) 48.176
Loop 370 (us) 48.641
Loop 371 (us) 49.027
Loop 372 (us) 48.985
Loop 373 (us) 49.021
Loop 374 (us) 48.708
Loop 375 (us) 48.566
Loop 376 (us) 48.686
Loop 377 (us) 48.51
Loop 378 (us) 59.324
Loop 379 (us) 49.757
Loop 380 (us) 51.207
Loop 381 (us) 50.058
Loop 382 (us) 48.848
Loop 383 (us) 48.837
Loop 384 (us) 48.345
Loop 385 (us) 48.819
Loop 386 (us) 48.006
Loop 387 (us) 48.789
Loop 388 (us) 48.557
Loop 389 (us) 48.612
Loop 390 (us) 48.776
Loop 391 (us) 48.329
Loop 392 (us) 48.914
Loop 393 (us) 48.482
Loop 394 (us) 48.788
Loop 395 (us) 59.602
Loop 396 (us) 48.987
Loop 397 (us) 48.692
Loop 398 (us) 48.733
Loop 399 (us) 49.169
Loop 400 (us) 48.571
Loop 401 (us) 48.338
Loop 402 (us) 48.962
Loop 403 (us) 49.047
Loop 404 (us) 49.037
Loop 405 (us) 48.546
Loop 406 (us) 48.487
Loop 407 (us) 48.622
Loop 408 (us) 49.97
Loop 409 (us) 48.827
Loop 410 (us) 48.451
Loop 411 (us) 49.368
Loop 412 (us) 49.412
Loop 413 (us) 49.106
Loop 414 (us) 48.71
Loop 415 (us) 48.91
Loop 416 (us) 49.308
Loop 417 (us) 48.684
Loop 418 (us) 48.555
Loop 419 (us) 50.698
Loop 420 (us) 49.493
Loop 421 (us) 49.043
Loop 422 (us) 48.856
Loop 423 (us) 48.711
Loop 424 (us) 49.078
Loop 425 (us) 49.073
Loop 426 (us) 48.148
Loop 427 (us) 48.688
Loop 428 (us) 49.076
Loop 429 (us) 49.204
Loop 430 (us) 48.584
Loop 431 (us) 59.154
Loop 432 (us) 49.969
Loop 433 (us) 52.09
Loop 434 (us) 49.033
Loop 435 (us) 48.586
Loop 436 (us) 50.188
Loop 437 (us) 48.587
Loop 438 (us) 48.817
Loop 439 (us) 48.908
Loop 440 (us) 48.721
Loop 441 (us) 48.591
Loop 442 (us) 48.787
Loop 443 (us) 48.953
Loop 444 (us) 48.372
Loop 445 (us) 49.563
Loop 446 (us) 49.023
Loop 447 (us) 48.385
Loop 448 (us) 48.564
Loop 449 (us) 59.183
Loop 450 (us) 60.011
Loop 451 (us) 55.311
Loop 452 (us) 50.076
Loop 453 (us) 49.51
Loop 454 (us) 48.953
Loop 455 (us) 49.669
Loop 456 (us) 48.994
Loop 457 (us) 48.726
Loop 458 (us) 48.77
Loop 459 (us) 49.583
Loop 460 (us) 49.982
Loop 461 (us) 48.85
Loop 462 (us) 48.85
Loop 463 (us) 48.952
Loop 464 (us) 48.347
Loop 465 (us) 48.65
Loop 466 (us) 49.12
Loop 467 (us) 48.879
Loop 468 (us) 48.903
Loop 469 (us) 49.151
Loop 470 (us) 49.051
Loop 471 (us) 48.619
Loop 472 (us) 49.284
Loop 473 (us) 49.361
Loop 474 (us) 48.345
Loop 475 (us) 48.551
Loop 476 (us) 49.441
Loop 477 (us) 48.756
Loop 478 (us) 48.743
Loop 479 (us) 48.548
Loop 480 (us) 48.684
Loop 481 (us) 48.734
Loop 482 (us) 48.582
Loop 483 (us) 48.85
Loop 484 (us) 48.703
Loop 485 (us) 48.945
Loop 486 (us) 48.942
Loop 487 (us) 48.745
Loop 488 (us) 48.683
Loop 489 (us) 48.974
Loop 490 (us) 49.233
Loop 491 (us) 48.856
Loop 492 (us) 48.468
Loop 493 (us) 49.098
Loop 494 (us) 48.663
Loop 495 (us) 48.62
Loop 496 (us) 48.771
Loop 497 (us) 48.938
Loop 498 (us) 48.853
Loop 499 (us) 48.495
Loop 500 (us) 48.606
Loop 501 (us) 48.708
Loop 502 (us) 49.406
Loop 503 (us) 48.464
Loop 504 (us) 48.231
Loop 505 (us) 48.549
Loop 506 (us) 48.901
Loop 507 (us) 48.422
Loop 508 (us) 49.124
Loop 509 (us) 48.71
Loop 510 (us) 48.767
Loop 511 (us) 48.059
Loop 512 (us) 48.736
Loop 513 (us) 49.288
Loop 514 (us) 48.807
Loop 515 (us) 48.756
Loop 516 (us) 48.2
Loop 517 (us) 48.883
Loop 518 (us) 48.121
Loop 519 (us) 48.48
Loop 520 (us) 48.854
Loop 521 (us) 48.755
Loop 522 (us) 49.681
Loop 523 (us) 48.969
Loop 524 (us) 48.868
Loop 525 (us) 48.42
Loop 526 (us) 48.462
Loop 527 (us) 48.741
Loop 528 (us) 48.622
Loop 529 (us) 48.444
Loop 530 (us) 48.517
Loop 531 (us) 48.701
Loop 532 (us) 48.557
Loop 533 (us) 48.573
Loop 534 (us) 48.832
Loop 535 (us) 57.839
Loop 536 (us) 49.696
Loop 537 (us) 55.076
Loop 538 (us) 50.286
Loop 539 (us) 48.948
Loop 540 (us) 48.726
Loop 541 (us) 48.61
Loop 542 (us) 48.579
Loop 543 (us) 48.513
Loop 544 (us) 54.268
Loop 545 (us) 48.61
Loop 546 (us) 48.799
Loop 547 (us) 48.631
Loop 548 (us) 48.42
Loop 549 (us) 48.493
Loop 550 (us) 48.632
Loop 551 (us) 48.588
Loop 552 (us) 48.152
Loop 553 (us) 48.42
Loop 554 (us) 59.719
Loop 555 (us) 49.424
Loop 556 (us) 48.746
Loop 557 (us) 48.645
Loop 558 (us) 48.721
Loop 559 (us) 49.184
Loop 560 (us) 49.273
Loop 561 (us) 48.631
Loop 562 (us) 48.466
Loop 563 (us) 48.833
Loop 564 (us) 48.865
Loop 565 (us) 48.745
Loop 566 (us) 49.331
Loop 567 (us) 48.885
Loop 568 (us) 48.878
Loop 569 (us) 48.692
Loop 570 (us) 48.693
Loop 571 (us) 48.666
Loop 572 (us) 49.641
Loop 573 (us) 50.224
Loop 574 (us) 49.219
Loop 575 (us) 48.675
Loop 576 (us) 48.581
Loop 577 (us) 48.547
Loop 578 (us) 48.866
Loop 579 (us) 49.245
Loop 580 (us) 48.927
Loop 581 (us) 48.509
Loop 582 (us) 48.772
Loop 583 (us) 48.914
Loop 584 (us) 48.699
Loop 585 (us) 48.802
Loop 586 (us) 49.192
Loop 587 (us) 48.981
Loop 588 (us) 48.746
Loop 589 (us) 48.689
Loop 590 (us) 48.878
Loop 591 (us) 48.524
Loop 592 (us) 48.754
Loop 593 (us) 48.539
Loop 594 (us) 48.998
Loop 595 (us) 48.722
Loop 596 (us) 48.692
Loop 597 (us) 49.483
Loop 598 (us) 50.243
Loop 599 (us) 49.774
Loop 600 (us) 49.521
Loop 601 (us) 48.692
Loop 602 (us) 48.537
Loop 603 (us) 48.765
Loop 604 (us) 48.371
Loop 605 (us) 48.535
Loop 606 (us) 48.899
Loop 607 (us) 49.136
Loop 608 (us) 48.502
Loop 609 (us) 48.546
Loop 610 (us) 49.102
Loop 611 (us) 49.003
Loop 612 (us) 48.716
Loop 613 (us) 48.695
Loop 614 (us) 49.59
Loop 615 (us) 49.079
Loop 616 (us) 49.225
Loop 617 (us) 49.132
Loop 618 (us) 48.855
Loop 619 (us) 48.853
Loop 620 (us) 48.418
Loop 621 (us) 48.69
Loop 622 (us) 48.312
Loop 623 (us) 48.602
Loop 624 (us) 48.677
Loop 625 (us) 48.823
Loop 626 (us) 48.734
Loop 627 (us) 48.604
Loop 628 (us) 48.919
Loop 629 (us) 48.59
Loop 630 (us) 48.701
Loop 631 (us) 49.081
Loop 632 (us) 49.167
Loop 633 (us) 48.609
Loop 634 (us) 48.65
Loop 635 (us) 49.335
Loop 636 (us) 48.713
Loop 637 (us) 48.244
Loop 638 (us) 48.883
Loop 639 (us) 49.966
Loop 640 (us) 49.473
Loop 641 (us) 48.852
Loop 642 (us) 48.725
Loop 643 (us) 48.717
Loop 644 (us) 49.076
Loop 645 (us) 49.264
Loop 646 (us) 48.872
Loop 647 (us) 50.658
Loop 648 (us) 55.608
Loop 649 (us) 55.059
Loop 650 (us) 55.489
Loop 651 (us) 55.018
Loop 652 (us) 54.289
Loop 653 (us) 53.75
Loop 654 (us) 54.6
Loop 655 (us) 53.918
Loop 656 (us) 53.636
Loop 657 (us) 53.857
Loop 658 (us) 69.464
Loop 659 (us) 55.684
Loop 660 (us) 49.313
Loop 661 (us) 48.821
Loop 662 (us) 48.879
Loop 663 (us) 48.994
Loop 664 (us) 48.766
Loop 665 (us) 48.82
Loop 666 (us) 48.826
Loop 667 (us) 48.505
Loop 668 (us) 48.584
Loop 669 (us) 48.528
Loop 670 (us) 48.685
Loop 671 (us) 48.797
Loop 672 (us) 48.544
Loop 673 (us) 49.42
Loop 674 (us) 49.167
Loop 675 (us) 48.482
Loop 676 (us) 48.584
Loop 677 (us) 48.646
Loop 678 (us) 48.717
Loop 679 (us) 47.966
Loop 680 (us) 49.124
Loop 681 (us) 48.619
Loop 682 (us) 48.177
Loop 683 (us) 48.554
Loop 684 (us) 48.624
Loop 685 (us) 48.9
Loop 686 (us) 48.336
Loop 687 (us) 48.711
Loop 688 (us) 48.907
Loop 689 (us) 48.899
Loop 690 (us) 48.269
Loop 691 (us) 49.045
Loop 692 (us) 48.673
Loop 693 (us) 48.325
Loop 694 (us) 48.851
Loop 695 (us) 48.639
Loop 696 (us) 48.694
Loop 697 (us) 48.303
Loop 698 (us) 48.268
Loop 699 (us) 48.663
Loop 700 (us) 48.194
Loop 701 (us) 48.59
Loop 702 (us) 48.192
Loop 703 (us) 48.398
Loop 704 (us) 48.433
Loop 705 (us) 48.896
Loop 706 (us) 48.309
Loop 707 (us) 48.369
Loop 708 (us) 48.706
Loop 709 (us) 48.394
Loop 710 (us) 48.365
Loop 711 (us) 47.879
Loop 712 (us) 48.665
Loop 713 (us) 48.236
Loop 714 (us) 48.889
Loop 715 (us) 48.761
Loop 716 (us) 48.562
Loop 717 (us) 48.701
Loop 718 (us) 48.519
Loop 719 (us) 48.641
Loop 720 (us) 48.768
Loop 721 (us) 49.142
Loop 722 (us) 48.477
Loop 723 (us) 48.166
Loop 724 (us) 48.828
Loop 725 (us) 48.874
Loop 726 (us) 48.563
Loop 727 (us) 48.54
Loop 728 (us) 48.746
Loop 729 (us) 48.858
Loop 730 (us) 48.905
Loop 731 (us) 49.011
Loop 732 (us) 48.717
Loop 733 (us) 48.262
Loop 734 (us) 48.414
Loop 735 (us) 49.24
Loop 736 (us) 48.819
Loop 737 (us) 48.792
Loop 738 (us) 48.754
Loop 739 (us) 49.213
Loop 740 (us) 48.671
Loop 741 (us) 48.533
Loop 742 (us) 49.193
Loop 743 (us) 49.269
Loop 744 (us) 48.818
Loop 745 (us) 49.078
Loop 746 (us) 49.191
Loop 747 (us) 48.686
Loop 748 (us) 48.635
Loop 749 (us) 48.69
Loop 750 (us) 48.651
Loop 751 (us) 48.686
Loop 752 (us) 49.179
Loop 753 (us) 49.471
Loop 754 (us) 48.583
Loop 755 (us) 49.242
Loop 756 (us) 49.01
Loop 757 (us) 48.429
Loop 758 (us) 48.183
Loop 759 (us) 48.708
Loop 760 (us) 48.928
Loop 761 (us) 48.446
Loop 762 (us) 48.524
Loop 763 (us) 48.431
Loop 764 (us) 48.695
Loop 765 (us) 48.593
Loop 766 (us) 48.633
Loop 767 (us) 48.606
Loop 768 (us) 48.625
Loop 769 (us) 48.299
Loop 770 (us) 48.424
Loop 771 (us) 48.898
Loop 772 (us) 48.941
Loop 773 (us) 48.46
Loop 774 (us) 48.451
Loop 775 (us) 48.878
Loop 776 (us) 49.188
Loop 777 (us) 48.61
Loop 778 (us) 48.549
Loop 779 (us) 48.664
Loop 780 (us) 48.724
Loop 781 (us) 48.397
Loop 782 (us) 48.682
Loop 783 (us) 48.839
Loop 784 (us) 49.012
Loop 785 (us) 48.653
Loop 786 (us) 64.694
Loop 787 (us) 49.295
Loop 788 (us) 49.209
Loop 789 (us) 49.516
Loop 790 (us) 48.712
Loop 791 (us) 48.463
Loop 792 (us) 58.194
Loop 793 (us) 49.25
Loop 794 (us) 49.205
Loop 795 (us) 50.48
Loop 796 (us) 49.388
Loop 797 (us) 48.522
Loop 798 (us) 48.865
Loop 799 (us) 48.316
Loop 800 (us) 48.517
Loop 801 (us) 59.905
Loop 802 (us) 49.154
Loop 803 (us) 55.155
Loop 804 (us) 49.678
Loop 805 (us) 48.291
Loop 806 (us) 48.479
Loop 807 (us) 48.45
Loop 808 (us) 48.889
Loop 809 (us) 48.58
Loop 810 (us) 48.535
Loop 811 (us) 48.85
Loop 812 (us) 48.852
Loop 813 (us) 48.559
Loop 814 (us) 48.411
Loop 815 (us) 86.159
Loop 816 (us) 67.958
Loop 817 (us) 49.554
Loop 818 (us) 68.718
Loop 819 (us) 65.618
Loop 820 (us) 49.31
Loop 821 (us) 54.74
Loop 822 (us) 61.536
Loop 823 (us) 50.135
Loop 824 (us) 48.885
Loop 825 (us) 48.539
Loop 826 (us) 48.344
Loop 827 (us) 48.76
Loop 828 (us) 48.741
Loop 829 (us) 47.91
Loop 830 (us) 48.686
Loop 831 (us) 48.732
Loop 832 (us) 48.691
Loop 833 (us) 48.688
Loop 834 (us) 48.78
Loop 835 (us) 48.471
Loop 836 (us) 48.131
Loop 837 (us) 47.986
Loop 838 (us) 48.391
Loop 839 (us) 48.183
Loop 840 (us) 48.458
Loop 841 (us) 48.772
Loop 842 (us) 48.617
Loop 843 (us) 48.638
Loop 844 (us) 48.834
Loop 845 (us) 48.599
Loop 846 (us) 48.375
Loop 847 (us) 48.555
Loop 848 (us) 48.078
Loop 849 (us) 48.792
Loop 850 (us) 48.526
Loop 851 (us) 48.537
Loop 852 (us) 48.201
Loop 853 (us) 50.383
Loop 854 (us) 48.384
Loop 855 (us) 48.27
Loop 856 (us) 48.544
Loop 857 (us) 47.968
Loop 858 (us) 48.679
Loop 859 (us) 48.132
Loop 860 (us) 48.219
Loop 861 (us) 48.839
Loop 862 (us) 48.232
Loop 863 (us) 48.068
Loop 864 (us) 48.304
Loop 865 (us) 49.115
Loop 866 (us) 48.091
Loop 867 (us) 48.4
Loop 868 (us) 48.695
Loop 869 (us) 48.835
Loop 870 (us) 47.761
Loop 871 (us) 48.493
Loop 872 (us) 48.973
Loop 873 (us) 48.708
Loop 874 (us) 48.688
Loop 875 (us) 48.537
Loop 876 (us) 48.524
Loop 877 (us) 48.354
Loop 878 (us) 48.303
Loop 879 (us) 48.557
Loop 880 (us) 48.764
Loop 881 (us) 48.763
Loop 882 (us) 47.89
Loop 883 (us) 48.642
Loop 884 (us) 48.775
Loop 885 (us) 48.772
Loop 886 (us) 48.052
Loop 887 (us) 48.541
Loop 888 (us) 48.71
Loop 889 (us) 48.752
Loop 890 (us) 48.641
Loop 891 (us) 48.174
Loop 892 (us) 48.449
Loop 893 (us) 48.59
Loop 894 (us) 48.611
Loop 895 (us) 48.796
Loop 896 (us) 48.881
Loop 897 (us) 48.861
Loop 898 (us) 48.421
Loop 899 (us) 48.581
Loop 900 (us) 48.969
Loop 901 (us) 48.668
Loop 902 (us) 48.641
Loop 903 (us) 48.138
Loop 904 (us) 48.763
Loop 905 (us) 48.732
Loop 906 (us) 48.453
Loop 907 (us) 48.083
Loop 908 (us) 48.533
Loop 909 (us) 48.633
Loop 910 (us) 48.277
Loop 911 (us) 48.43
Loop 912 (us) 48.71
Loop 913 (us) 48.708
Loop 914 (us) 48.511
Loop 915 (us) 48.683
Loop 916 (us) 49.129
Loop 917 (us) 48.771
Loop 918 (us) 48.166
Loop 919 (us) 48.058
Loop 920 (us) 48.734
Loop 921 (us) 48.647
Loop 922 (us) 48.158
Loop 923 (us) 48.214
Loop 924 (us) 48.604
Loop 925 (us) 48.649
Loop 926 (us) 48.58
Loop 927 (us) 48.564
Loop 928 (us) 48.548
Loop 929 (us) 48.375
Loop 930 (us) 48.662
Loop 931 (us) 48.635
Loop 932 (us) 48.696
Loop 933 (us) 48.687
Loop 934 (us) 48.764
Loop 935 (us) 48.367
Loop 936 (us) 49.194
Loop 937 (us) 48.783
Loop 938 (us) 48.335
Loop 939 (us) 48.152
Loop 940 (us) 48.609
Loop 941 (us) 49.016
Loop 942 (us) 48.563
Loop 943 (us) 48.275
Loop 944 (us) 48.472
Loop 945 (us) 48.58
Loop 946 (us) 48.081
Loop 947 (us) 48.422
Loop 948 (us) 48.584
Loop 949 (us) 48.225
Loop 950 (us) 48.574
Loop 951 (us) 48.385
Loop 952 (us) 48.787
Loop 953 (us) 48.644
Loop 954 (us) 48.451
Loop 955 (us) 48.351
Loop 956 (us) 48.826
Loop 957 (us) 48.746
Loop 958 (us) 48.426
Loop 959 (us) 48.128
Loop 960 (us) 48.125
Loop 961 (us) 48.883
Loop 962 (us) 48.531
Loop 963 (us) 48.28
Loop 964 (us) 48.252
Loop 965 (us) 48.895
Loop 966 (us) 48.856
Loop 967 (us) 48.227
Loop 968 (us) 48.188
Loop 969 (us) 48.781
Loop 970 (us) 48.724
Loop 971 (us) 48.349
Loop 972 (us) 48.216
Loop 973 (us) 48.695
Loop 974 (us) 48.55
Loop 975 (us) 48.194
Loop 976 (us) 48.123
Loop 977 (us) 48.843
Loop 978 (us) 48.442
Loop 979 (us) 48.704
Loop 980 (us) 47.791
Loop 981 (us) 48.192
Loop 982 (us) 49.071
Loop 983 (us) 48.932
Loop 984 (us) 48.533
Loop 985 (us) 48.259
Loop 986 (us) 48.206
Loop 987 (us) 48.681
Loop 988 (us) 49.834
Loop 989 (us) 48.465
Loop 990 (us) 48.266
Loop 991 (us) 48.444
Loop 992 (us) 48.555
Loop 993 (us) 47.949
Loop 994 (us) 48.36
Loop 995 (us) 48.557
Loop 996 (us) 47.997
Loop 997 (us) 48.502
Loop 998 (us) 48.633
Loop 999 (us) 48.697
Warmup times 0
avgLoopLatency(us) 49.154627999999995
iops 20343.964356723445
variance 2.3047978331333097
