degradedReadMicroEC, filename /tmp65536eccache.dat monECSubStripeNum 4 transferSize 16384 loop 1000 degradeNum 1
MicroEC Coding Ready

/tmp65536eccache.dat is a ReplicasFile!
networkSizeArray [16384]
starting benchmark...
ops 1000
final loop (us) 29.384
Loop 0 (us) 76.544
Loop 1 (us) 62.56
Loop 2 (us) 40.095
Loop 3 (us) 54.301
Loop 4 (us) 37.97
Loop 5 (us) 37.873
Loop 6 (us) 38.375
Loop 7 (us) 37.433
Loop 8 (us) 37.449
Loop 9 (us) 36.685
Loop 10 (us) 36.257
Loop 11 (us) 37.464
Loop 12 (us) 35.81
Loop 13 (us) 37.981
Loop 14 (us) 37.335
Loop 15 (us) 37.376
Loop 16 (us) 36.436
Loop 17 (us) 38.622
Loop 18 (us) 45.501
Loop 19 (us) 39.736
Loop 20 (us) 46.745
Loop 21 (us) 38.288
Loop 22 (us) 35.772
Loop 23 (us) 38.316
Loop 24 (us) 40.783
Loop 25 (us) 36.483
Loop 26 (us) 37.058
Loop 27 (us) 36.658
Loop 28 (us) 37.423
Loop 29 (us) 37.444
Loop 30 (us) 37.957
Loop 31 (us) 36.939
Loop 32 (us) 37.75
Loop 33 (us) 35.617
Loop 34 (us) 35.933
Loop 35 (us) 36.618
Loop 36 (us) 47.184
Loop 37 (us) 44.616
Loop 38 (us) 36.762
Loop 39 (us) 34.809
Loop 40 (us) 36.485
Loop 41 (us) 35.827
Loop 42 (us) 35.328
Loop 43 (us) 35.335
Loop 44 (us) 43.487
Loop 45 (us) 36.525
Loop 46 (us) 36.381
Loop 47 (us) 35.446
Loop 48 (us) 36.813
Loop 49 (us) 36.489
Loop 50 (us) 35.712
Loop 51 (us) 36.155
Loop 52 (us) 35.506
Loop 53 (us) 36.682
Loop 54 (us) 35.499
Loop 55 (us) 36.454
Loop 56 (us) 36.142
Loop 57 (us) 35.331
Loop 58 (us) 34.662
Loop 59 (us) 36.778
Loop 60 (us) 35.113
Loop 61 (us) 35.747
Loop 62 (us) 35.065
Loop 63 (us) 35.978
Loop 64 (us) 35.985
Loop 65 (us) 35.845
Loop 66 (us) 39.231
Loop 67 (us) 36.358
Loop 68 (us) 43.654
Loop 69 (us) 36.243
Loop 70 (us) 35.986
Loop 71 (us) 35.328
Loop 72 (us) 35.043
Loop 73 (us) 34.828
Loop 74 (us) 36.017
Loop 75 (us) 52.718
Loop 76 (us) 37.416
Loop 77 (us) 36.161
Loop 78 (us) 35.273
Loop 79 (us) 35.674
Loop 80 (us) 39.047
Loop 81 (us) 35.581
Loop 82 (us) 42.833
Loop 83 (us) 40.444
Loop 84 (us) 38.595
Loop 85 (us) 35.642
Loop 86 (us) 35.506
Loop 87 (us) 37.555
Loop 88 (us) 37.072
Loop 89 (us) 36.5
Loop 90 (us) 38.158
Loop 91 (us) 35.742
Loop 92 (us) 44.376
Loop 93 (us) 36.889
Loop 94 (us) 35.617
Loop 95 (us) 35.57
Loop 96 (us) 35.313
Loop 97 (us) 35.891
Loop 98 (us) 36.543
Loop 99 (us) 36.168
Loop 100 (us) 36.401
Loop 101 (us) 36.759
Loop 102 (us) 36.114
Loop 103 (us) 36.556
Loop 104 (us) 35.903
Loop 105 (us) 49.222
Loop 106 (us) 39.598
Loop 107 (us) 35.9
Loop 108 (us) 35.892
Loop 109 (us) 35.927
Loop 110 (us) 34.901
Loop 111 (us) 50.494
Loop 112 (us) 37.606
Loop 113 (us) 35.719
Loop 114 (us) 35.34
Loop 115 (us) 35.623
Loop 116 (us) 47.192
Loop 117 (us) 36.274
Loop 118 (us) 40.113
Loop 119 (us) 37.373
Loop 120 (us) 768.948
Loop 121 (us) 37.812
Loop 122 (us) 43.116
Loop 123 (us) 37.381
Loop 124 (us) 37.022
Loop 125 (us) 35.619
Loop 126 (us) 34.486
Loop 127 (us) 39.787
Loop 128 (us) 34.289
Loop 129 (us) 33.834
Loop 130 (us) 34.256
Loop 131 (us) 34.711
Loop 132 (us) 34.548
Loop 133 (us) 34.517
Loop 134 (us) 34.322
Loop 135 (us) 34.146
Loop 136 (us) 34.042
Loop 137 (us) 34.173
Loop 138 (us) 34.219
Loop 139 (us) 34.391
Loop 140 (us) 34.269
Loop 141 (us) 35.719
Loop 142 (us) 34.275
Loop 143 (us) 34.674
Loop 144 (us) 37.104
Loop 145 (us) 34.24
Loop 146 (us) 41.714
Loop 147 (us) 41.32
Loop 148 (us) 35.247
Loop 149 (us) 36.523
Loop 150 (us) 34.836
Loop 151 (us) 40.159
Loop 152 (us) 35.191
Loop 153 (us) 34.932
Loop 154 (us) 34.357
Loop 155 (us) 34.458
Loop 156 (us) 34.334
Loop 157 (us) 34.059
Loop 158 (us) 34.345
Loop 159 (us) 34.169
Loop 160 (us) 34.039
Loop 161 (us) 34.052
Loop 162 (us) 34.404
Loop 163 (us) 34.529
Loop 164 (us) 34.716
Loop 165 (us) 34.466
Loop 166 (us) 34.562
Loop 167 (us) 34.289
Loop 168 (us) 35.439
Loop 169 (us) 34.479
Loop 170 (us) 34.129
Loop 171 (us) 34.105
Loop 172 (us) 34.123
Loop 173 (us) 40.894
Loop 174 (us) 34.812
Loop 175 (us) 34.584
Loop 176 (us) 34.488
Loop 177 (us) 34.527
Loop 178 (us) 54.124
Loop 179 (us) 34.98
Loop 180 (us) 34.229
Loop 181 (us) 33.99
Loop 182 (us) 34.223
Loop 183 (us) 33.947
Loop 184 (us) 34.125
Loop 185 (us) 34.758
Loop 186 (us) 34.572
Loop 187 (us) 34.591
Loop 188 (us) 34.446
Loop 189 (us) 34.367
Loop 190 (us) 34.01
Loop 191 (us) 34.129
Loop 192 (us) 33.994
Loop 193 (us) 34.295
Loop 194 (us) 34.375
Loop 195 (us) 34.3
Loop 196 (us) 34.531
Loop 197 (us) 34.736
Loop 198 (us) 41.156
Loop 199 (us) 34.812
Loop 200 (us) 33.915
Loop 201 (us) 34.318
Loop 202 (us) 33.906
Loop 203 (us) 34.086
Loop 204 (us) 34.187
Loop 205 (us) 34.16
Loop 206 (us) 34.136
Loop 207 (us) 34.187
Loop 208 (us) 34.018
Loop 209 (us) 34.096
Loop 210 (us) 41.327
Loop 211 (us) 34.828
Loop 212 (us) 34.431
Loop 213 (us) 34.374
Loop 214 (us) 34.01
Loop 215 (us) 33.819
Loop 216 (us) 33.852
Loop 217 (us) 34.302
Loop 218 (us) 33.868
Loop 219 (us) 34.535
Loop 220 (us) 34.074
Loop 221 (us) 34.22
Loop 222 (us) 34.165
Loop 223 (us) 33.855
Loop 224 (us) 40.25
Loop 225 (us) 34.505
Loop 226 (us) 34.171
Loop 227 (us) 33.97
Loop 228 (us) 34.33
Loop 229 (us) 34.294
Loop 230 (us) 34.247
Loop 231 (us) 34.336
Loop 232 (us) 33.776
Loop 233 (us) 33.989
Loop 234 (us) 34.158
Loop 235 (us) 33.943
Loop 236 (us) 34.051
Loop 237 (us) 34.134
Loop 238 (us) 34.014
Loop 239 (us) 34.262
Loop 240 (us) 50.713
Loop 241 (us) 34.894
Loop 242 (us) 34.643
Loop 243 (us) 34.386
Loop 244 (us) 34.854
Loop 245 (us) 33.906
Loop 246 (us) 33.808
Loop 247 (us) 34.015
Loop 248 (us) 34.34
Loop 249 (us) 34.315
Loop 250 (us) 35.508
Loop 251 (us) 34.518
Loop 252 (us) 34.01
Loop 253 (us) 54.771
Loop 254 (us) 47.879
Loop 255 (us) 49.417
Loop 256 (us) 35.007
Loop 257 (us) 35.825
Loop 258 (us) 34.536
Loop 259 (us) 34.375
Loop 260 (us) 33.671
Loop 261 (us) 34.57
Loop 262 (us) 33.934
Loop 263 (us) 50.999
Loop 264 (us) 34.88
Loop 265 (us) 34.17
Loop 266 (us) 33.593
Loop 267 (us) 33.96
Loop 268 (us) 33.598
Loop 269 (us) 34.179
Loop 270 (us) 33.673
Loop 271 (us) 34.009
Loop 272 (us) 33.669
Loop 273 (us) 34.282
Loop 274 (us) 50.172
Loop 275 (us) 35.248
Loop 276 (us) 34.054
Loop 277 (us) 34.656
Loop 278 (us) 34.015
Loop 279 (us) 34.123
Loop 280 (us) 50.073
Loop 281 (us) 37.33
Loop 282 (us) 48.07
Loop 283 (us) 34.851
Loop 284 (us) 35.16
Loop 285 (us) 33.757
Loop 286 (us) 34.034
Loop 287 (us) 33.788
Loop 288 (us) 34.105
Loop 289 (us) 34.302
Loop 290 (us) 33.896
Loop 291 (us) 67.705
Loop 292 (us) 34.597
Loop 293 (us) 33.247
Loop 294 (us) 33.221
Loop 295 (us) 32.744
Loop 296 (us) 33.638
Loop 297 (us) 42.193
Loop 298 (us) 34.756
Loop 299 (us) 33.19
Loop 300 (us) 33.27
Loop 301 (us) 32.835
Loop 302 (us) 32.764
Loop 303 (us) 32.786
Loop 304 (us) 33.097
Loop 305 (us) 32.849
Loop 306 (us) 32.638
Loop 307 (us) 33.256
Loop 308 (us) 33.086
Loop 309 (us) 51.768
Loop 310 (us) 32.421
Loop 311 (us) 32.237
Loop 312 (us) 32.392
Loop 313 (us) 32.226
Loop 314 (us) 32.126
Loop 315 (us) 32.684
Loop 316 (us) 32.223
Loop 317 (us) 32.527
Loop 318 (us) 32.82
Loop 319 (us) 32.514
Loop 320 (us) 45.542
Loop 321 (us) 43.163
Loop 322 (us) 48.103
Loop 323 (us) 40.527
Loop 324 (us) 42.978
Loop 325 (us) 34.577
Loop 326 (us) 32.839
Loop 327 (us) 35.612
Loop 328 (us) 32.379
Loop 329 (us) 32.381
Loop 330 (us) 33.434
Loop 331 (us) 32.3
Loop 332 (us) 32.738
Loop 333 (us) 32.182
Loop 334 (us) 32.685
Loop 335 (us) 32.23
Loop 336 (us) 31.876
Loop 337 (us) 38.142
Loop 338 (us) 39.497
Loop 339 (us) 46.572
Loop 340 (us) 55.438
Loop 341 (us) 37.136
Loop 342 (us) 33.176
Loop 343 (us) 42.379
Loop 344 (us) 41.314
Loop 345 (us) 38.599
Loop 346 (us) 63.667
Loop 347 (us) 34.681
Loop 348 (us) 48.338
Loop 349 (us) 32.948
Loop 350 (us) 32.8
Loop 351 (us) 32.884
Loop 352 (us) 32.859
Loop 353 (us) 32.578
Loop 354 (us) 32.556
Loop 355 (us) 50.35
Loop 356 (us) 65.772
Loop 357 (us) 34.634
Loop 358 (us) 33.682
Loop 359 (us) 725.811
Loop 360 (us) 48.13
Loop 361 (us) 33.662
Loop 362 (us) 32.678
Loop 363 (us) 32.401
Loop 364 (us) 33.833
Loop 365 (us) 31.983
Loop 366 (us) 33.738
Loop 367 (us) 32.827
Loop 368 (us) 33.219
Loop 369 (us) 32.646
Loop 370 (us) 32.701
Loop 371 (us) 33.117
Loop 372 (us) 33.212
Loop 373 (us) 32.872
Loop 374 (us) 48.584
Loop 375 (us) 33.849
Loop 376 (us) 33.031
Loop 377 (us) 49.098
Loop 378 (us) 42.913
Loop 379 (us) 50.647
Loop 380 (us) 36.649
Loop 381 (us) 47.141
Loop 382 (us) 34.863
Loop 383 (us) 34.679
Loop 384 (us) 32.94
Loop 385 (us) 34.453
Loop 386 (us) 32.543
Loop 387 (us) 32.809
Loop 388 (us) 33.013
Loop 389 (us) 32.609
Loop 390 (us) 31.949
Loop 391 (us) 32.765
Loop 392 (us) 47.048
Loop 393 (us) 34.719
Loop 394 (us) 32.41
Loop 395 (us) 33.134
Loop 396 (us) 33.008
Loop 397 (us) 33.421
Loop 398 (us) 32.528
Loop 399 (us) 33.239
Loop 400 (us) 32.119
Loop 401 (us) 32.195
Loop 402 (us) 39.751
Loop 403 (us) 41.309
Loop 404 (us) 32.957
Loop 405 (us) 32.652
Loop 406 (us) 32.277
Loop 407 (us) 113.612
Loop 408 (us) 36.902
Loop 409 (us) 42.77
Loop 410 (us) 32.735
Loop 411 (us) 32.777
Loop 412 (us) 32.262
Loop 413 (us) 32.644
Loop 414 (us) 32.516
Loop 415 (us) 32.465
Loop 416 (us) 32.576
Loop 417 (us) 32.27
Loop 418 (us) 32.947
Loop 419 (us) 32.237
Loop 420 (us) 32.472
Loop 421 (us) 32.337
Loop 422 (us) 31.928
Loop 423 (us) 32.247
Loop 424 (us) 33.378
Loop 425 (us) 32.415
Loop 426 (us) 32.567
Loop 427 (us) 40.074
Loop 428 (us) 33.427
Loop 429 (us) 32.326
Loop 430 (us) 32.373
Loop 431 (us) 31.953
Loop 432 (us) 32.264
Loop 433 (us) 32.802
Loop 434 (us) 32.219
Loop 435 (us) 32.424
Loop 436 (us) 33.021
Loop 437 (us) 33.602
Loop 438 (us) 37.769
Loop 439 (us) 35.811
Loop 440 (us) 33.035
Loop 441 (us) 32.359
Loop 442 (us) 36.104
Loop 443 (us) 32.092
Loop 444 (us) 32.585
Loop 445 (us) 32.081
Loop 446 (us) 32.516
Loop 447 (us) 32.638
Loop 448 (us) 32.677
Loop 449 (us) 32.584
Loop 450 (us) 32.693
Loop 451 (us) 32.428
Loop 452 (us) 32.897
Loop 453 (us) 32.364
Loop 454 (us) 39.494
Loop 455 (us) 33.186
Loop 456 (us) 32.469
Loop 457 (us) 60.57
Loop 458 (us) 33.312
Loop 459 (us) 32.494
Loop 460 (us) 32.611
Loop 461 (us) 32.308
Loop 462 (us) 32.135
Loop 463 (us) 32.295
Loop 464 (us) 32.082
Loop 465 (us) 31.594
Loop 466 (us) 52.133
Loop 467 (us) 34.253
Loop 468 (us) 32.683
Loop 469 (us) 32.601
Loop 470 (us) 31.965
Loop 471 (us) 33.652
Loop 472 (us) 32.288
Loop 473 (us) 32.189
Loop 474 (us) 32.831
Loop 475 (us) 32.16
Loop 476 (us) 31.776
Loop 477 (us) 32.725
Loop 478 (us) 32.064
Loop 479 (us) 32.446
Loop 480 (us) 40.279
Loop 481 (us) 32.776
Loop 482 (us) 34.863
Loop 483 (us) 32.507
Loop 484 (us) 32.304
Loop 485 (us) 32.301
Loop 486 (us) 32.304
Loop 487 (us) 31.696
Loop 488 (us) 32.37
Loop 489 (us) 32.653
Loop 490 (us) 32.836
Loop 491 (us) 46.919
Loop 492 (us) 55.045
Loop 493 (us) 40.327
Loop 494 (us) 32.359
Loop 495 (us) 31.504
Loop 496 (us) 31.488
Loop 497 (us) 32.528
Loop 498 (us) 31.488
Loop 499 (us) 31.539
Loop 500 (us) 31.426
Loop 501 (us) 31.704
Loop 502 (us) 31.551
Loop 503 (us) 31.621
Loop 504 (us) 31.585
Loop 505 (us) 31.736
Loop 506 (us) 39.189
Loop 507 (us) 32.144
Loop 508 (us) 31.233
Loop 509 (us) 31.842
Loop 510 (us) 31.258
Loop 511 (us) 31.655
Loop 512 (us) 31.311
Loop 513 (us) 31.727
Loop 514 (us) 31.553
Loop 515 (us) 31.475
Loop 516 (us) 31.809
Loop 517 (us) 31.377
Loop 518 (us) 31.916
Loop 519 (us) 31.853
Loop 520 (us) 31.567
Loop 521 (us) 31.643
Loop 522 (us) 32.142
Loop 523 (us) 31.572
Loop 524 (us) 31.985
Loop 525 (us) 31.517
Loop 526 (us) 33.064
Loop 527 (us) 31.968
Loop 528 (us) 31.492
Loop 529 (us) 32.212
Loop 530 (us) 53.0
Loop 531 (us) 33.626
Loop 532 (us) 31.96
Loop 533 (us) 39.114
Loop 534 (us) 32.489
Loop 535 (us) 31.532
Loop 536 (us) 31.969
Loop 537 (us) 31.801
Loop 538 (us) 31.429
Loop 539 (us) 31.847
Loop 540 (us) 31.526
Loop 541 (us) 31.845
Loop 542 (us) 31.517
Loop 543 (us) 31.902
Loop 544 (us) 31.353
Loop 545 (us) 31.805
Loop 546 (us) 31.506
Loop 547 (us) 50.215
Loop 548 (us) 31.719
Loop 549 (us) 31.087
Loop 550 (us) 31.26
Loop 551 (us) 30.73
Loop 552 (us) 31.382
Loop 553 (us) 30.965
Loop 554 (us) 31.071
Loop 555 (us) 31.339
Loop 556 (us) 30.908
Loop 557 (us) 31.249
Loop 558 (us) 45.599
Loop 559 (us) 31.867
Loop 560 (us) 37.799
Loop 561 (us) 32.604
Loop 562 (us) 31.659
Loop 563 (us) 30.924
Loop 564 (us) 30.701
Loop 565 (us) 31.202
Loop 566 (us) 31.133
Loop 567 (us) 31.707
Loop 568 (us) 43.113
Loop 569 (us) 31.382
Loop 570 (us) 30.892
Loop 571 (us) 30.531
Loop 572 (us) 30.548
Loop 573 (us) 30.78
Loop 574 (us) 31.07
Loop 575 (us) 30.876
Loop 576 (us) 30.593
Loop 577 (us) 30.974
Loop 578 (us) 30.718
Loop 579 (us) 31.011
Loop 580 (us) 31.016
Loop 581 (us) 31.191
Loop 582 (us) 30.701
Loop 583 (us) 30.714
Loop 584 (us) 30.781
Loop 585 (us) 30.549
Loop 586 (us) 30.985
Loop 587 (us) 31.147
Loop 588 (us) 50.432
Loop 589 (us) 32.517
Loop 590 (us) 30.511
Loop 591 (us) 30.535
Loop 592 (us) 30.143
Loop 593 (us) 30.194
Loop 594 (us) 37.041
Loop 595 (us) 48.466
Loop 596 (us) 31.285
Loop 597 (us) 30.473
Loop 598 (us) 30.227
Loop 599 (us) 30.836
Loop 600 (us) 30.391
Loop 601 (us) 30.513
Loop 602 (us) 30.845
Loop 603 (us) 30.4
Loop 604 (us) 31.954
Loop 605 (us) 30.387
Loop 606 (us) 30.467
Loop 607 (us) 30.818
Loop 608 (us) 30.324
Loop 609 (us) 30.233
Loop 610 (us) 30.695
Loop 611 (us) 30.234
Loop 612 (us) 30.139
Loop 613 (us) 30.531
Loop 614 (us) 30.332
Loop 615 (us) 30.44
Loop 616 (us) 37.961
Loop 617 (us) 31.135
Loop 618 (us) 30.728
Loop 619 (us) 30.909
Loop 620 (us) 30.493
Loop 621 (us) 30.473
Loop 622 (us) 30.675
Loop 623 (us) 30.103
Loop 624 (us) 30.345
Loop 625 (us) 30.668
Loop 626 (us) 37.575
Loop 627 (us) 30.459
Loop 628 (us) 30.297
Loop 629 (us) 30.41
Loop 630 (us) 43.642
Loop 631 (us) 43.231
Loop 632 (us) 32.206
Loop 633 (us) 31.807
Loop 634 (us) 30.793
Loop 635 (us) 49.282
Loop 636 (us) 51.144
Loop 637 (us) 32.981
Loop 638 (us) 30.424
Loop 639 (us) 39.273
Loop 640 (us) 31.358
Loop 641 (us) 30.577
Loop 642 (us) 31.443
Loop 643 (us) 39.636
Loop 644 (us) 30.663
Loop 645 (us) 30.673
Loop 646 (us) 30.737
Loop 647 (us) 30.557
Loop 648 (us) 30.766
Loop 649 (us) 30.71
Loop 650 (us) 48.927
Loop 651 (us) 31.076
Loop 652 (us) 30.414
Loop 653 (us) 42.065
Loop 654 (us) 31.363
Loop 655 (us) 30.545
Loop 656 (us) 30.524
Loop 657 (us) 31.07
Loop 658 (us) 56.003
Loop 659 (us) 32.525
Loop 660 (us) 30.723
Loop 661 (us) 30.577
Loop 662 (us) 30.234
Loop 663 (us) 62.765
Loop 664 (us) 32.731
Loop 665 (us) 30.582
Loop 666 (us) 30.606
Loop 667 (us) 31.039
Loop 668 (us) 30.456
Loop 669 (us) 37.764
Loop 670 (us) 31.954
Loop 671 (us) 30.83
Loop 672 (us) 30.775
Loop 673 (us) 30.371
Loop 674 (us) 30.327
Loop 675 (us) 30.939
Loop 676 (us) 30.216
Loop 677 (us) 41.258
Loop 678 (us) 31.535
Loop 679 (us) 30.502
Loop 680 (us) 58.631
Loop 681 (us) 31.308
Loop 682 (us) 30.963
Loop 683 (us) 30.534
Loop 684 (us) 30.329
Loop 685 (us) 30.531
Loop 686 (us) 30.239
Loop 687 (us) 30.828
Loop 688 (us) 30.881
Loop 689 (us) 30.261
Loop 690 (us) 31.244
Loop 691 (us) 30.751
Loop 692 (us) 30.152
Loop 693 (us) 31.065
Loop 694 (us) 32.502
Loop 695 (us) 30.801
Loop 696 (us) 38.528
Loop 697 (us) 31.402
Loop 698 (us) 30.698
Loop 699 (us) 30.615
Loop 700 (us) 30.5
Loop 701 (us) 30.251
Loop 702 (us) 30.559
Loop 703 (us) 30.17
Loop 704 (us) 30.261
Loop 705 (us) 30.48
Loop 706 (us) 30.259
Loop 707 (us) 30.309
Loop 708 (us) 30.458
Loop 709 (us) 30.48
Loop 710 (us) 30.158
Loop 711 (us) 30.112
Loop 712 (us) 30.713
Loop 713 (us) 30.116
Loop 714 (us) 30.115
Loop 715 (us) 30.253
Loop 716 (us) 30.11
Loop 717 (us) 30.269
Loop 718 (us) 30.447
Loop 719 (us) 30.469
Loop 720 (us) 30.015
Loop 721 (us) 30.387
Loop 722 (us) 58.338
Loop 723 (us) 31.976
Loop 724 (us) 30.733
Loop 725 (us) 35.604
Loop 726 (us) 30.748
Loop 727 (us) 30.473
Loop 728 (us) 30.172
Loop 729 (us) 30.288
Loop 730 (us) 30.211
Loop 731 (us) 53.24
Loop 732 (us) 32.146
Loop 733 (us) 32.37
Loop 734 (us) 31.251
Loop 735 (us) 31.699
Loop 736 (us) 30.327
Loop 737 (us) 30.557
Loop 738 (us) 31.643
Loop 739 (us) 30.569
Loop 740 (us) 30.526
Loop 741 (us) 30.421
Loop 742 (us) 30.026
Loop 743 (us) 31.1
Loop 744 (us) 30.402
Loop 745 (us) 30.623
Loop 746 (us) 30.507
Loop 747 (us) 30.272
Loop 748 (us) 30.289
Loop 749 (us) 30.149
Loop 750 (us) 30.649
Loop 751 (us) 30.172
Loop 752 (us) 30.032
Loop 753 (us) 36.933
Loop 754 (us) 31.3
Loop 755 (us) 30.196
Loop 756 (us) 30.357
Loop 757 (us) 30.6
Loop 758 (us) 30.086
Loop 759 (us) 30.185
Loop 760 (us) 30.429
Loop 761 (us) 30.398
Loop 762 (us) 29.988
Loop 763 (us) 30.127
Loop 764 (us) 30.142
Loop 765 (us) 30.186
Loop 766 (us) 30.959
Loop 767 (us) 30.509
Loop 768 (us) 30.216
Loop 769 (us) 30.711
Loop 770 (us) 30.16
Loop 771 (us) 30.218
Loop 772 (us) 30.531
Loop 773 (us) 30.383
Loop 774 (us) 30.194
Loop 775 (us) 30.453
Loop 776 (us) 30.136
Loop 777 (us) 30.31
Loop 778 (us) 30.072
Loop 779 (us) 30.276
Loop 780 (us) 30.188
Loop 781 (us) 30.846
Loop 782 (us) 30.511
Loop 783 (us) 37.268
Loop 784 (us) 30.491
Loop 785 (us) 30.52
Loop 786 (us) 39.585
Loop 787 (us) 31.167
Loop 788 (us) 30.274
Loop 789 (us) 30.133
Loop 790 (us) 30.178
Loop 791 (us) 30.611
Loop 792 (us) 29.995
Loop 793 (us) 30.431
Loop 794 (us) 30.75
Loop 795 (us) 30.404
Loop 796 (us) 30.262
Loop 797 (us) 30.437
Loop 798 (us) 30.142
Loop 799 (us) 30.368
Loop 800 (us) 30.521
Loop 801 (us) 30.54
Loop 802 (us) 30.376
Loop 803 (us) 30.612
Loop 804 (us) 30.296
Loop 805 (us) 30.171
Loop 806 (us) 30.372
Loop 807 (us) 30.164
Loop 808 (us) 30.095
Loop 809 (us) 30.396
Loop 810 (us) 30.72
Loop 811 (us) 31.014
Loop 812 (us) 36.668
Loop 813 (us) 30.889
Loop 814 (us) 30.435
Loop 815 (us) 30.134
Loop 816 (us) 30.174
Loop 817 (us) 30.149
Loop 818 (us) 29.993
Loop 819 (us) 30.298
Loop 820 (us) 30.669
Loop 821 (us) 30.134
Loop 822 (us) 30.057
Loop 823 (us) 30.73
Loop 824 (us) 30.054
Loop 825 (us) 30.097
Loop 826 (us) 30.13
Loop 827 (us) 30.23
Loop 828 (us) 30.433
Loop 829 (us) 30.166
Loop 830 (us) 30.495
Loop 831 (us) 30.146
Loop 832 (us) 30.029
Loop 833 (us) 48.788
Loop 834 (us) 29.693
Loop 835 (us) 29.595
Loop 836 (us) 29.924
Loop 837 (us) 29.965
Loop 838 (us) 29.749
Loop 839 (us) 29.731
Loop 840 (us) 29.999
Loop 841 (us) 33.726
Loop 842 (us) 30.364
Loop 843 (us) 29.91
Loop 844 (us) 29.583
Loop 845 (us) 29.882
Loop 846 (us) 29.797
Loop 847 (us) 30.431
Loop 848 (us) 29.755
Loop 849 (us) 29.67
Loop 850 (us) 40.24
Loop 851 (us) 30.24
Loop 852 (us) 29.883
Loop 853 (us) 30.106
Loop 854 (us) 30.044
Loop 855 (us) 30.121
Loop 856 (us) 29.881
Loop 857 (us) 30.158
Loop 858 (us) 29.877
Loop 859 (us) 29.933
Loop 860 (us) 30.254
Loop 861 (us) 30.361
Loop 862 (us) 29.831
Loop 863 (us) 29.823
Loop 864 (us) 29.795
Loop 865 (us) 30.121
Loop 866 (us) 29.629
Loop 867 (us) 29.562
Loop 868 (us) 29.597
Loop 869 (us) 29.95
Loop 870 (us) 30.252
Loop 871 (us) 37.262
Loop 872 (us) 30.112
Loop 873 (us) 30.027
Loop 874 (us) 29.983
Loop 875 (us) 29.902
Loop 876 (us) 29.82
Loop 877 (us) 29.948
Loop 878 (us) 29.923
Loop 879 (us) 29.815
Loop 880 (us) 29.857
Loop 881 (us) 32.56
Loop 882 (us) 29.98
Loop 883 (us) 30.104
Loop 884 (us) 30.079
Loop 885 (us) 29.952
Loop 886 (us) 30.045
Loop 887 (us) 29.872
Loop 888 (us) 30.152
Loop 889 (us) 29.75
Loop 890 (us) 29.99
Loop 891 (us) 29.886
Loop 892 (us) 30.925
Loop 893 (us) 30.101
Loop 894 (us) 29.873
Loop 895 (us) 29.997
Loop 896 (us) 30.167
Loop 897 (us) 29.931
Loop 898 (us) 29.981
Loop 899 (us) 30.05
Loop 900 (us) 36.372
Loop 901 (us) 30.263
Loop 902 (us) 29.809
Loop 903 (us) 29.828
Loop 904 (us) 30.052
Loop 905 (us) 30.781
Loop 906 (us) 29.941
Loop 907 (us) 30.048
Loop 908 (us) 29.908
Loop 909 (us) 30.449
Loop 910 (us) 29.645
Loop 911 (us) 30.21
Loop 912 (us) 29.827
Loop 913 (us) 29.716
Loop 914 (us) 35.362
Loop 915 (us) 37.462
Loop 916 (us) 29.848
Loop 917 (us) 30.498
Loop 918 (us) 30.013
Loop 919 (us) 72.968
Loop 920 (us) 31.703
Loop 921 (us) 30.364
Loop 922 (us) 29.835
Loop 923 (us) 29.784
Loop 924 (us) 29.683
Loop 925 (us) 29.828
Loop 926 (us) 29.852
Loop 927 (us) 29.758
Loop 928 (us) 36.587
Loop 929 (us) 37.564
Loop 930 (us) 30.739
Loop 931 (us) 29.937
Loop 932 (us) 29.875
Loop 933 (us) 29.779
Loop 934 (us) 30.391
Loop 935 (us) 29.789
Loop 936 (us) 30.255
Loop 937 (us) 29.886
Loop 938 (us) 30.041
Loop 939 (us) 29.897
Loop 940 (us) 29.831
Loop 941 (us) 29.928
Loop 942 (us) 30.3
Loop 943 (us) 29.635
Loop 944 (us) 29.702
Loop 945 (us) 29.77
Loop 946 (us) 30.146
Loop 947 (us) 29.855
Loop 948 (us) 29.727
Loop 949 (us) 29.749
Loop 950 (us) 30.023
Loop 951 (us) 29.98
Loop 952 (us) 29.766
Loop 953 (us) 29.861
Loop 954 (us) 30.461
Loop 955 (us) 29.879
Loop 956 (us) 29.749
Loop 957 (us) 29.973
Loop 958 (us) 36.82
Loop 959 (us) 48.15
Loop 960 (us) 30.312
Loop 961 (us) 29.993
Loop 962 (us) 29.654
Loop 963 (us) 29.51
Loop 964 (us) 29.348
Loop 965 (us) 29.521
Loop 966 (us) 29.964
Loop 967 (us) 29.731
Loop 968 (us) 29.445
Loop 969 (us) 29.67
Loop 970 (us) 29.507
Loop 971 (us) 29.821
Loop 972 (us) 29.746
Loop 973 (us) 29.713
Loop 974 (us) 29.737
Loop 975 (us) 29.802
Loop 976 (us) 29.531
Loop 977 (us) 29.612
Loop 978 (us) 46.883
Loop 979 (us) 31.193
Loop 980 (us) 29.616
Loop 981 (us) 46.047
Loop 982 (us) 30.954
Loop 983 (us) 30.236
Loop 984 (us) 29.884
Loop 985 (us) 30.781
Loop 986 (us) 39.069
Loop 987 (us) 29.913
Loop 988 (us) 29.862
Loop 989 (us) 29.654
Loop 990 (us) 29.689
Loop 991 (us) 29.581
Loop 992 (us) 29.665
Loop 993 (us) 29.932
Loop 994 (us) 29.542
Loop 995 (us) 29.416
Loop 996 (us) 29.277
Loop 997 (us) 29.443
Loop 998 (us) 29.84
Loop 999 (us) 29.384
Warmup times 0
avgLoopLatency(us) 35.512682
iops 28158.954595431573
variance 32.469952397268436
Loop 0 [76544, 9, 10845, 63911, 30684, 31734, 0, 177]
Loop 1 [62560, 9, 4005, 57565, 43527, 13532, 0, 139]
Loop 2 [40095, 9, 1968, 37196, 24477, 12241, 0, 110]
Loop 3 [54301, 9, 1755, 51668, 39089, 12054, 0, 113]
Loop 4 [37970, 9, 1485, 35658, 23839, 11390, 0, 107]
Loop 5 [37873, 9, 1354, 35659, 23746, 11486, 0, 148]
Loop 6 [38375, 9, 1352, 36194, 24222, 11492, 0, 130]
Loop 7 [37433, 9, 1376, 35226, 23382, 11534, 0, 128]
Loop 8 [37449, 9, 1358, 35202, 23418, 11430, 0, 144]
Loop 9 [36685, 9, 1336, 34506, 22648, 11459, 0, 124]
Loop 10 [36257, 9, 1307, 34107, 22293, 11461, 0, 141]
Loop 11 [37464, 9, 1296, 35335, 23637, 11319, 0, 127]
Loop 12 [35810, 9, 1309, 33690, 22026, 11304, 0, 109]
Loop 13 [37981, 9, 1342, 35790, 24000, 11417, 0, 146]
Loop 14 [37335, 9, 1290, 35220, 23301, 11493, 0, 109]
Loop 15 [37376, 9, 1336, 35200, 23345, 11503, 0, 108]
Loop 16 [36436, 9, 1369, 34224, 22473, 11392, 0, 125]
Loop 17 [38622, 9, 1328, 36456, 24621, 11447, 0, 126]
Loop 18 [45501, 9, 1333, 43244, 21835, 20995, 0, 135]
Loop 19 [39736, 9, 1442, 37462, 25290, 11818, 0, 108]
Loop 20 [46745, 9, 1359, 44515, 32465, 11627, 0, 134]
Loop 21 [38288, 9, 1539, 35888, 24164, 11384, 0, 142]
Loop 22 [35772, 9, 1342, 33565, 22005, 11237, 0, 133]
Loop 23 [38316, 9, 1331, 36166, 24679, 11137, 0, 133]
Loop 24 [40783, 9, 1379, 38511, 26439, 11687, 0, 127]
Loop 25 [36483, 9, 1384, 34242, 22494, 11403, 0, 131]
Loop 26 [37058, 9, 1332, 34865, 22947, 11524, 0, 131]
Loop 27 [36658, 9, 1267, 34559, 22701, 11465, 0, 115]
Loop 28 [37423, 9, 1357, 35224, 23407, 11441, 0, 109]
Loop 29 [37444, 9, 1350, 35264, 23582, 11296, 0, 108]
Loop 30 [37957, 9, 1321, 35785, 23819, 11597, 0, 111]
Loop 31 [36939, 9, 1323, 34783, 23267, 11140, 0, 113]
Loop 32 [37750, 9, 1356, 35574, 23750, 11466, 0, 109]
Loop 33 [35617, 9, 1325, 33463, 21656, 11402, 0, 110]
Loop 34 [35933, 9, 1307, 33777, 22101, 11290, 0, 111]
Loop 35 [36618, 9, 1303, 34486, 22399, 11729, 0, 107]
Loop 36 [47184, 9, 1294, 33665, 22078, 11224, 0, 126]
Loop 37 [44616, 9, 6564, 37099, 24201, 12492, 0, 121]
Loop 38 [36762, 9, 1465, 34479, 22345, 11770, 0, 112]
Loop 39 [34809, 9, 1326, 32676, 20985, 11324, 0, 108]
Loop 40 [36485, 9, 1336, 34353, 22505, 11491, 0, 109]
Loop 41 [35827, 9, 1300, 33726, 21880, 11479, 0, 117]
Loop 42 [35328, 9, 1261, 33289, 21627, 11296, 0, 109]
Loop 43 [35335, 9, 1311, 33208, 21441, 11390, 0, 108]
Loop 44 [43487, 9, 7741, 34874, 22569, 11899, 0, 111]
Loop 45 [36525, 9, 1332, 34351, 22817, 11173, 0, 143]
Loop 46 [36381, 9, 1311, 34280, 22508, 11423, 0, 108]
Loop 47 [35446, 9, 1336, 33312, 21581, 11386, 0, 112]
Loop 48 [36813, 9, 1385, 34608, 22718, 11484, 0, 114]
Loop 49 [36489, 9, 1332, 34352, 22779, 11195, 0, 111]
Loop 50 [35712, 9, 1285, 33618, 21920, 11357, 0, 113]
Loop 51 [36155, 9, 1281, 34061, 22272, 11417, 0, 107]
Loop 52 [35506, 9, 1305, 33393, 21714, 11303, 0, 107]
Loop 53 [36682, 9, 1323, 34555, 22941, 11259, 0, 137]
Loop 54 [35499, 9, 1319, 33394, 21649, 11392, 0, 111]
Loop 55 [36454, 9, 1270, 34385, 22636, 11388, 0, 109]
Loop 56 [36142, 9, 1238, 34101, 22465, 11282, 0, 117]
Loop 57 [35331, 9, 1254, 33287, 21503, 11419, 0, 110]
Loop 58 [34662, 9, 1262, 32619, 20861, 11439, 0, 116]
Loop 59 [36778, 9, 1292, 34670, 22799, 11494, 0, 130]
Loop 60 [35113, 9, 1287, 33024, 21144, 11491, 0, 108]
Loop 61 [35747, 9, 1253, 33676, 21858, 11418, 0, 113]
Loop 62 [35065, 9, 1254, 33024, 21397, 11255, 0, 117]
Loop 63 [35978, 9, 1268, 33892, 22274, 11206, 0, 111]
Loop 64 [35985, 9, 1324, 33859, 21999, 11514, 0, 117]
Loop 65 [35845, 9, 1345, 33708, 22101, 11250, 0, 109]
Loop 66 [39231, 9, 1326, 37061, 25159, 11521, 0, 113]
Loop 67 [36358, 9, 1355, 34167, 22376, 11467, 0, 109]
Loop 68 [43654, 9, 1306, 41438, 23139, 17929, 0, 109]
Loop 69 [36243, 9, 1410, 34063, 22217, 11523, 0, 111]
Loop 70 [35986, 9, 1323, 33904, 22188, 11368, 0, 107]
Loop 71 [35328, 9, 1274, 33215, 21330, 11505, 0, 111]
Loop 72 [35043, 9, 1276, 32964, 21315, 11243, 0, 107]
Loop 73 [34828, 9, 1290, 32758, 20998, 11405, 0, 109]
Loop 74 [36017, 9, 1292, 33930, 22046, 11520, 0, 112]
Loop 75 [52718, 9, 1339, 50483, 37659, 12450, 0, 126]
Loop 76 [37416, 9, 1484, 35142, 23486, 11339, 0, 108]
Loop 77 [36161, 9, 1261, 34116, 22372, 11410, 0, 107]
Loop 78 [35273, 9, 1323, 33168, 21483, 11321, 0, 110]
Loop 79 [35674, 9, 1337, 33514, 22084, 11064, 0, 137]
Loop 80 [39047, 9, 1328, 36927, 25253, 11309, 0, 110]
Loop 81 [35581, 9, 1290, 33482, 21773, 11327, 0, 109]
Loop 82 [42833, 9, 1270, 40746, 22266, 18122, 0, 113]
Loop 83 [40444, 9, 1385, 38222, 26002, 11820, 0, 110]
Loop 84 [38595, 9, 1380, 36414, 24665, 11372, 0, 111]
Loop 85 [35642, 9, 1383, 33465, 21758, 11343, 0, 109]
Loop 86 [35506, 9, 1351, 33356, 21645, 11352, 0, 108]
Loop 87 [37555, 9, 1341, 35344, 23695, 11290, 0, 122]
Loop 88 [37072, 9, 1321, 34951, 23151, 11414, 0, 113]
Loop 89 [36500, 9, 1363, 34349, 22562, 11429, 0, 111]
Loop 90 [38158, 9, 1345, 36027, 23831, 11824, 0, 111]
Loop 91 [35742, 9, 1354, 33576, 21898, 11268, 0, 111]
Loop 92 [44376, 9, 1263, 42306, 30414, 11492, 0, 111]
Loop 93 [36889, 9, 1383, 34710, 22817, 11501, 0, 109]
Loop 94 [35617, 9, 1314, 33506, 21720, 11403, 0, 108]
Loop 95 [35570, 9, 1285, 33498, 21922, 11222, 0, 112]
Loop 96 [35313, 9, 1307, 33199, 21592, 11222, 0, 107]
Loop 97 [35891, 9, 1330, 33733, 22132, 11179, 0, 121]
Loop 98 [36543, 9, 1340, 34349, 22292, 11673, 0, 109]
Loop 99 [36168, 9, 1315, 34028, 22284, 11372, 0, 107]
Loop 100 [36401, 9, 1274, 34338, 22430, 11520, 0, 109]
Loop 101 [36759, 9, 1334, 34629, 22835, 11483, 0, 109]
Loop 102 [36114, 9, 1250, 34067, 22283, 11418, 0, 107]
Loop 103 [36556, 9, 1280, 34469, 22784, 11344, 0, 108]
Loop 104 [35903, 9, 1265, 33796, 22117, 11306, 0, 110]
Loop 105 [49222, 9, 1269, 34153, 22101, 11720, 0, 107]
Loop 106 [39598, 9, 1457, 37227, 24594, 12303, 0, 109]
Loop 107 [35900, 9, 1339, 33737, 22313, 11075, 0, 107]
Loop 108 [35892, 9, 1307, 33728, 21864, 11486, 0, 120]
Loop 109 [35927, 9, 1279, 33844, 22004, 11421, 0, 117]
Loop 110 [34901, 9, 1307, 32735, 21028, 11390, 0, 109]
Loop 111 [50494, 9, 1325, 48269, 35614, 12310, 0, 107]
Loop 112 [37606, 9, 1482, 35302, 23577, 11343, 0, 113]
Loop 113 [35719, 9, 1272, 33699, 22010, 11403, 0, 108]
Loop 114 [35340, 9, 1235, 33269, 21638, 11300, 0, 111]
Loop 115 [35623, 9, 1174, 33690, 21682, 11650, 0, 113]
Loop 116 [47192, 9, 1285, 45118, 32886, 11886, 0, 113]
Loop 117 [36274, 9, 1376, 34100, 22402, 11350, 0, 109]
Loop 118 [40113, 9, 1276, 37959, 25756, 11873, 0, 110]
Loop 119 [37373, 9, 1347, 35227, 22988, 11849, 0, 115]
Loop 120 [768948, 9, 1307, 766737, 753140, 13138, 0, 119]
Loop 121 [37812, 9, 1595, 35364, 23161, 11784, 0, 128]
Loop 122 [43116, 9, 1400, 40888, 20591, 19990, 0, 110]
Loop 123 [37381, 9, 1403, 35175, 23085, 11776, 0, 112]
Loop 124 [37022, 9, 1304, 34877, 22683, 11844, 0, 113]
Loop 125 [35619, 9, 1331, 33489, 21492, 11669, 0, 108]
Loop 126 [34486, 9, 1345, 32348, 20677, 11366, 0, 111]
Loop 127 [39787, 9, 4893, 34079, 21928, 11814, 0, 111]
Loop 128 [34289, 9, 1336, 32164, 20477, 11344, 0, 118]
Loop 129 [33834, 9, 1299, 31741, 20302, 11102, 0, 113]
Loop 130 [34256, 9, 1301, 32162, 20524, 11323, 0, 113]
Loop 131 [34711, 9, 1283, 32611, 20699, 11613, 0, 115]
Loop 132 [34548, 9, 1256, 32498, 20650, 11519, 0, 108]
Loop 133 [34517, 9, 1240, 32496, 20665, 11450, 0, 112]
Loop 134 [34322, 9, 1311, 32237, 20603, 11261, 0, 111]
Loop 135 [34146, 9, 1312, 32089, 20442, 11366, 0, 111]
Loop 136 [34042, 9, 1260, 32011, 20262, 11414, 0, 110]
Loop 137 [34173, 9, 1270, 32062, 20320, 11414, 0, 109]
Loop 138 [34219, 9, 1238, 32220, 20482, 11439, 0, 111]
Loop 139 [34391, 9, 1270, 32326, 20454, 11536, 0, 119]
Loop 140 [34269, 9, 1259, 32217, 20477, 11438, 0, 109]
Loop 141 [35719, 9, 1285, 33655, 21569, 11740, 0, 111]
Loop 142 [34275, 9, 1332, 32161, 20528, 11337, 0, 112]
Loop 143 [34674, 9, 1321, 32512, 20834, 11336, 0, 137]
Loop 144 [37104, 9, 1272, 35011, 22875, 11728, 0, 125]
Loop 145 [34240, 9, 1303, 32162, 20357, 11448, 0, 117]
Loop 146 [41714, 9, 1298, 39572, 20389, 18833, 0, 122]
Loop 147 [41320, 9, 1422, 39060, 20949, 17798, 0, 115]
Loop 148 [35247, 9, 1340, 33102, 20903, 11866, 0, 111]
Loop 149 [36523, 9, 1261, 34360, 20557, 11232, 0, 113]
Loop 150 [34836, 9, 1332, 32702, 20774, 11527, 0, 108]
Loop 151 [40159, 9, 1354, 37983, 25860, 11751, 0, 111]
Loop 152 [35191, 9, 1340, 33018, 20963, 11764, 0, 118]
Loop 153 [34932, 9, 1324, 32816, 20863, 11612, 0, 110]
Loop 154 [34357, 9, 1350, 32141, 20553, 11208, 0, 119]
Loop 155 [34458, 9, 1254, 32411, 20508, 11580, 0, 113]
Loop 156 [34334, 9, 1309, 32252, 20474, 11471, 0, 111]
Loop 157 [34059, 9, 1268, 32001, 20462, 11217, 0, 108]
Loop 158 [34345, 9, 1260, 32232, 20340, 11527, 0, 133]
Loop 159 [34169, 9, 1239, 32108, 20359, 11432, 0, 111]
Loop 160 [34039, 9, 1292, 31931, 20231, 11353, 0, 109]
Loop 161 [34052, 9, 1309, 31936, 20353, 11282, 0, 117]
Loop 162 [34404, 9, 1328, 32264, 20424, 11530, 0, 116]
Loop 163 [34529, 9, 1346, 32373, 20693, 11368, 0, 111]
Loop 164 [34716, 9, 1336, 32557, 20821, 11425, 0, 113]
Loop 165 [34466, 9, 1300, 32328, 20661, 11355, 0, 115]
Loop 166 [34562, 9, 1316, 32468, 20643, 11527, 0, 120]
Loop 167 [34289, 9, 1259, 32284, 20491, 11459, 0, 109]
Loop 168 [35439, 9, 1255, 33414, 21574, 11530, 0, 112]
Loop 169 [34479, 9, 1310, 32375, 20586, 11459, 0, 110]
Loop 170 [34129, 9, 1221, 32112, 20415, 11370, 0, 111]
Loop 171 [34105, 9, 1248, 32073, 20326, 11448, 0, 111]
Loop 172 [34123, 9, 1203, 32093, 20278, 11516, 0, 122]
Loop 173 [40894, 9, 1279, 38787, 26684, 11755, 0, 120]
Loop 174 [34812, 9, 1397, 32583, 20743, 11491, 0, 113]
Loop 175 [34584, 9, 1274, 32437, 20693, 11399, 0, 136]
Loop 176 [34488, 9, 1302, 32365, 20519, 11534, 0, 122]
Loop 177 [34527, 9, 1285, 32424, 20580, 11518, 0, 118]
Loop 178 [54124, 9, 1267, 51981, 39025, 12562, 0, 117]
Loop 179 [34980, 9, 1564, 32597, 20646, 11645, 0, 129]
Loop 180 [34229, 9, 1385, 31987, 20236, 11416, 0, 113]
Loop 181 [33990, 9, 1243, 31934, 20171, 11394, 0, 109]
Loop 182 [34223, 9, 1294, 32099, 20301, 11458, 0, 111]
Loop 183 [33947, 9, 1293, 31733, 19956, 11443, 0, 137]
Loop 184 [34125, 9, 1283, 31976, 20171, 11447, 0, 113]
Loop 185 [34758, 9, 1318, 32645, 20565, 11771, 0, 112]
Loop 186 [34572, 9, 1289, 32432, 20537, 11561, 0, 117]
Loop 187 [34591, 9, 1285, 32461, 20475, 11683, 0, 110]
Loop 188 [34446, 9, 1321, 32328, 20340, 11625, 0, 115]
Loop 189 [34367, 9, 1298, 32303, 20368, 11578, 0, 115]
Loop 190 [34010, 9, 1247, 31987, 20111, 11536, 0, 111]
Loop 191 [34129, 9, 1272, 32072, 20186, 11561, 0, 109]
Loop 192 [33994, 9, 1281, 31914, 20050, 11560, 0, 113]
Loop 193 [34295, 9, 1243, 32247, 20269, 11650, 0, 112]
Loop 194 [34375, 9, 1237, 32355, 20491, 11561, 0, 111]
Loop 195 [34300, 9, 1270, 32217, 20592, 11281, 0, 109]
Loop 196 [34531, 9, 1269, 32466, 20508, 11649, 0, 108]
Loop 197 [34736, 9, 1328, 32578, 20521, 11714, 0, 109]
Loop 198 [41156, 9, 1307, 39010, 20398, 18297, 0, 115]
Loop 199 [34812, 9, 1387, 32579, 20528, 11692, 0, 117]
Loop 200 [33915, 9, 1312, 31776, 20072, 11338, 0, 109]
Loop 201 [34318, 9, 1314, 32227, 20261, 11658, 0, 107]
Loop 202 [33906, 9, 1261, 31890, 20030, 11533, 0, 109]
Loop 203 [34086, 9, 1311, 32013, 20403, 11298, 0, 109]
Loop 204 [34187, 9, 1225, 32175, 20475, 11383, 0, 120]
Loop 205 [34160, 9, 1239, 32142, 20396, 11403, 0, 110]
Loop 206 [34136, 9, 1261, 32097, 20289, 11502, 0, 113]
Loop 207 [34187, 9, 1326, 32106, 20138, 11653, 0, 107]
Loop 208 [34018, 9, 1279, 31927, 20160, 11426, 0, 117]
Loop 209 [34096, 9, 1252, 32053, 20244, 11469, 0, 111]
Loop 210 [41327, 9, 1341, 39158, 20428, 18392, 0, 113]
Loop 211 [34828, 9, 1403, 32661, 20588, 11787, 0, 113]
Loop 212 [34431, 9, 1371, 32230, 20375, 11521, 0, 111]
Loop 213 [34374, 9, 1261, 32365, 20601, 11447, 0, 109]
Loop 214 [34010, 9, 1261, 32008, 20249, 11416, 0, 111]
Loop 215 [33819, 9, 1327, 31710, 20193, 11180, 0, 109]
Loop 216 [33852, 9, 1317, 31750, 20158, 11243, 0, 111]
Loop 217 [34302, 9, 1254, 32255, 20265, 11669, 0, 108]
Loop 218 [33868, 9, 1290, 31812, 20105, 11393, 0, 111]
Loop 219 [34535, 9, 1325, 32408, 20262, 11827, 0, 109]
Loop 220 [34074, 9, 1290, 31992, 20424, 11248, 0, 111]
Loop 221 [34220, 9, 1365, 32055, 20406, 11284, 0, 118]
Loop 222 [34165, 9, 1364, 32033, 20409, 11292, 0, 113]
Loop 223 [33855, 9, 1304, 31787, 19970, 11496, 0, 110]
Loop 224 [40250, 9, 1310, 38151, 26044, 11757, 0, 132]
Loop 225 [34505, 9, 1382, 32272, 20495, 11409, 0, 129]
Loop 226 [34171, 9, 1331, 32003, 20210, 11491, 0, 111]
Loop 227 [33970, 9, 1308, 31852, 20061, 11463, 0, 113]
Loop 228 [34330, 9, 1378, 32140, 20145, 11696, 0, 113]
Loop 229 [34294, 9, 1274, 32178, 20537, 11312, 0, 130]
Loop 230 [34247, 9, 1314, 32114, 20280, 11517, 0, 113]
Loop 231 [34336, 9, 1283, 32252, 20390, 11533, 0, 122]
Loop 232 [33776, 9, 1334, 31678, 19972, 11400, 0, 113]
Loop 233 [33989, 9, 1266, 31920, 20305, 11279, 0, 115]
Loop 234 [34158, 9, 1272, 32031, 20163, 11537, 0, 115]
Loop 235 [33943, 9, 1310, 31853, 20050, 11414, 0, 121]
Loop 236 [34051, 9, 1283, 31962, 20241, 11418, 0, 120]
Loop 237 [34134, 9, 1327, 32075, 20435, 11321, 0, 112]
Loop 238 [34014, 9, 1321, 31894, 20207, 11353, 0, 109]
Loop 239 [34262, 9, 1325, 32137, 20342, 11447, 0, 135]
Loop 240 [50713, 9, 1305, 48540, 36015, 12134, 0, 126]
Loop 241 [34894, 9, 1478, 32607, 20573, 11713, 0, 111]
Loop 242 [34643, 9, 1325, 32561, 20721, 11518, 0, 113]
Loop 243 [34386, 9, 1305, 32314, 20572, 11408, 0, 116]
Loop 244 [34854, 9, 1283, 32798, 20936, 11545, 0, 113]
Loop 245 [33906, 9, 1269, 31839, 20097, 11419, 0, 113]
Loop 246 [33808, 9, 1290, 31730, 20056, 11362, 0, 115]
Loop 247 [34015, 9, 1309, 31878, 20208, 11316, 0, 116]
Loop 248 [34340, 9, 1283, 32277, 20446, 11503, 0, 113]
Loop 249 [34315, 9, 1339, 32178, 20442, 11446, 0, 121]
Loop 250 [35508, 9, 1442, 33230, 21052, 11833, 0, 117]
Loop 251 [34518, 9, 1396, 32325, 20716, 11250, 0, 111]
Loop 252 [34010, 9, 1235, 31954, 20221, 11383, 0, 110]
Loop 253 [54771, 9, 1268, 32290, 20269, 11602, 0, 114]
Loop 254 [47879, 9, 1950, 36059, 22899, 12846, 0, 147]
Loop 255 [49417, 9, 12542, 36013, 22905, 12804, 0, 140]
Loop 256 [35007, 9, 1775, 32487, 20561, 11612, 0, 124]
Loop 257 [35825, 9, 2834, 32266, 20435, 11494, 0, 124]
Loop 258 [34536, 9, 1758, 32087, 20484, 11299, 0, 122]
Loop 259 [34375, 9, 1549, 32038, 20521, 11173, 0, 127]
Loop 260 [33671, 9, 1355, 31617, 20240, 11067, 0, 110]
Loop 261 [34570, 9, 1334, 32496, 20834, 11337, 0, 109]
Loop 262 [33934, 9, 1272, 31885, 20335, 11230, 0, 113]
Loop 263 [50999, 9, 1294, 48854, 36053, 12442, 0, 120]
Loop 264 [34880, 9, 1746, 32422, 20659, 11445, 0, 108]
Loop 265 [34170, 9, 1369, 32065, 20338, 11390, 0, 113]
Loop 266 [33593, 9, 1363, 31486, 19799, 11341, 0, 115]
Loop 267 [33960, 9, 1491, 31719, 19970, 11383, 0, 115]
Loop 268 [33598, 9, 1269, 31556, 19943, 11293, 0, 109]
Loop 269 [34179, 9, 1327, 32111, 20466, 11268, 0, 135]
Loop 270 [33673, 9, 1323, 31589, 20144, 11129, 0, 111]
Loop 271 [34009, 9, 1287, 31971, 20233, 11400, 0, 111]
Loop 272 [33669, 9, 1362, 31561, 20010, 11232, 0, 111]
Loop 273 [34282, 9, 1353, 32159, 20335, 11503, 0, 111]
Loop 274 [50172, 9, 1345, 47977, 28739, 18814, 0, 133]
Loop 275 [35248, 9, 1523, 32935, 20934, 11680, 0, 111]
Loop 276 [34054, 9, 1349, 31932, 20278, 11335, 0, 113]
Loop 277 [34656, 9, 1365, 32483, 20506, 11666, 0, 112]
Loop 278 [34015, 9, 1315, 31953, 20240, 11354, 0, 111]
Loop 279 [34123, 9, 1300, 32014, 20254, 11472, 0, 113]
Loop 280 [50073, 9, 1332, 47877, 35324, 12236, 0, 118]
Loop 281 [37330, 9, 2523, 32986, 20931, 11686, 0, 110]
Loop 282 [48070, 9, 12433, 34650, 22157, 12121, 0, 118]
Loop 283 [34851, 9, 1702, 32423, 20809, 11288, 0, 109]
Loop 284 [35160, 9, 1780, 32623, 21001, 11312, 0, 108]
Loop 285 [33757, 9, 1629, 31398, 19838, 11222, 0, 110]
Loop 286 [34034, 9, 1341, 31893, 20338, 11236, 0, 113]
Loop 287 [33788, 9, 1368, 31697, 20094, 11286, 0, 111]
Loop 288 [34105, 9, 1340, 32041, 20322, 11379, 0, 109]
Loop 289 [34302, 9, 1347, 32164, 20356, 11435, 0, 109]
Loop 290 [33896, 9, 1276, 31894, 20387, 11160, 0, 110]
Loop 291 [67705, 9, 31249, 35565, 22694, 12554, 0, 112]
Loop 292 [34597, 9, 1323, 32588, 20694, 11527, 0, 113]
Loop 293 [33247, 9, 681, 31915, 20440, 11162, 0, 111]
Loop 294 [33221, 9, 672, 31861, 20247, 11248, 0, 129]
Loop 295 [32744, 9, 623, 31437, 19963, 11138, 0, 109]
Loop 296 [33638, 9, 665, 32261, 20388, 11521, 0, 113]
Loop 297 [42193, 9, 687, 32169, 20374, 11465, 0, 109]
Loop 298 [34756, 9, 1405, 32583, 20546, 11704, 0, 111]
Loop 299 [33190, 9, 701, 31732, 19956, 11408, 0, 110]
Loop 300 [33270, 9, 552, 32000, 20535, 11144, 0, 108]
Loop 301 [32835, 9, 583, 31536, 20118, 11110, 0, 108]
Loop 302 [32764, 9, 576, 31469, 19903, 11254, 0, 110]
Loop 303 [32786, 9, 634, 31397, 19943, 11123, 0, 112]
Loop 304 [33097, 9, 612, 31769, 20118, 11255, 0, 108]
Loop 305 [32849, 9, 554, 31593, 20193, 11082, 0, 108]
Loop 306 [32638, 9, 603, 31333, 19799, 11173, 0, 107]
Loop 307 [33256, 9, 616, 31909, 20262, 11309, 0, 110]
Loop 308 [33086, 9, 602, 31776, 20131, 11287, 0, 109]
Loop 309 [51768, 9, 629, 50446, 39121, 11002, 0, 106]
Loop 310 [32421, 9, 629, 31091, 19870, 10884, 0, 111]
Loop 311 [32237, 9, 600, 30954, 19615, 11026, 0, 107]
Loop 312 [32392, 9, 603, 31110, 19775, 10966, 0, 110]
Loop 313 [32226, 9, 554, 30988, 19655, 11018, 0, 108]
Loop 314 [32126, 9, 606, 30829, 19524, 10932, 0, 108]
Loop 315 [32684, 9, 551, 31463, 20158, 10978, 0, 107]
Loop 316 [32223, 9, 571, 30972, 19615, 11041, 0, 107]
Loop 317 [32527, 9, 620, 31229, 19956, 10933, 0, 107]
Loop 318 [32820, 9, 567, 31572, 20065, 11155, 0, 106]
Loop 319 [32514, 9, 621, 31191, 19857, 10993, 0, 106]
Loop 320 [45542, 9, 610, 44063, 32239, 11465, 0, 124]
Loop 321 [43163, 9, 698, 41713, 29230, 12079, 0, 126]
Loop 322 [48103, 9, 773, 46616, 34617, 11581, 0, 121]
Loop 323 [40527, 9, 800, 38940, 26906, 11687, 0, 109]
Loop 324 [42978, 9, 676, 41555, 29685, 11512, 0, 109]
Loop 325 [34577, 9, 681, 33166, 21539, 11273, 0, 109]
Loop 326 [32839, 9, 629, 31530, 20051, 11135, 0, 108]
Loop 327 [35612, 9, 602, 34291, 23070, 10871, 0, 107]
Loop 328 [32379, 9, 577, 31123, 19977, 10839, 0, 107]
Loop 329 [32381, 9, 610, 31094, 19879, 10908, 0, 106]
Loop 330 [33434, 9, 629, 32087, 20857, 10920, 0, 108]
Loop 331 [32300, 9, 581, 31028, 19764, 10916, 0, 107]
Loop 332 [32738, 9, 620, 31427, 19878, 11217, 0, 110]
Loop 333 [32182, 9, 620, 30874, 19600, 10924, 0, 108]
Loop 334 [32685, 9, 613, 31404, 20092, 10818, 0, 105]
Loop 335 [32230, 9, 597, 30916, 19771, 10809, 0, 110]
Loop 336 [31876, 9, 592, 30568, 19509, 10748, 0, 108]
Loop 337 [38142, 9, 552, 36840, 25838, 10688, 0, 108]
Loop 338 [39497, 9, 580, 38141, 19769, 18028, 0, 108]
Loop 339 [46572, 9, 574, 45219, 33254, 11605, 0, 109]
Loop 340 [55438, 9, 689, 53987, 41928, 11677, 0, 107]
Loop 341 [37136, 9, 716, 35694, 24062, 11277, 0, 108]
Loop 342 [33176, 9, 625, 31854, 20422, 11062, 0, 107]
Loop 343 [42379, 9, 658, 40908, 28539, 12034, 0, 109]
Loop 344 [41314, 9, 687, 39900, 27677, 11858, 0, 108]
Loop 345 [38599, 9, 655, 37260, 25711, 11161, 0, 107]
Loop 346 [63667, 9, 580, 62316, 42311, 19618, 0, 111]
Loop 347 [34681, 9, 773, 33228, 21493, 11411, 0, 117]
Loop 348 [48338, 9, 629, 46980, 35063, 11572, 0, 110]
Loop 349 [32948, 9, 751, 31506, 20170, 10997, 0, 108]
Loop 350 [32800, 9, 604, 31490, 20074, 11105, 0, 106]
Loop 351 [32884, 9, 612, 31624, 20272, 11033, 0, 106]
Loop 352 [32859, 9, 605, 31572, 20251, 11011, 0, 109]
Loop 353 [32578, 9, 578, 31271, 19826, 11097, 0, 120]
Loop 354 [32556, 9, 583, 31257, 19998, 10924, 0, 118]
Loop 355 [50350, 9, 713, 48860, 36720, 11788, 0, 136]
Loop 356 [65772, 9, 720, 64275, 51706, 12173, 0, 126]
Loop 357 [34634, 9, 687, 33256, 21608, 11308, 0, 138]
Loop 358 [33682, 9, 751, 32253, 20958, 10969, 0, 122]
Loop 359 [725811, 9, 604, 724462, 712101, 12031, 0, 120]
Loop 360 [48130, 9, 787, 46525, 33817, 12345, 0, 155]
Loop 361 [33662, 9, 780, 32164, 20570, 11201, 0, 117]
Loop 362 [32678, 9, 642, 31324, 20130, 10852, 0, 122]
Loop 363 [32401, 9, 617, 31144, 19945, 10856, 0, 121]
Loop 364 [33833, 9, 620, 32520, 21206, 10960, 0, 120]
Loop 365 [31983, 9, 578, 30726, 19441, 10938, 0, 119]
Loop 366 [33738, 9, 587, 32419, 21367, 10718, 0, 127]
Loop 367 [32827, 9, 638, 31506, 20400, 10769, 0, 109]
Loop 368 [33219, 9, 578, 32013, 20663, 11013, 0, 109]
Loop 369 [32646, 9, 621, 31351, 19899, 11072, 0, 109]
Loop 370 [32701, 9, 590, 31464, 20129, 10989, 0, 109]
Loop 371 [33117, 9, 605, 31868, 20532, 10990, 0, 112]
Loop 372 [33212, 9, 618, 31938, 20673, 10944, 0, 106]
Loop 373 [32872, 9, 632, 31593, 20389, 10871, 0, 105]
Loop 374 [48584, 9, 632, 47204, 35186, 11680, 0, 109]
Loop 375 [33849, 9, 703, 32452, 20837, 11299, 0, 109]
Loop 376 [33031, 9, 612, 31729, 20278, 11094, 0, 107]
Loop 377 [49098, 9, 572, 47784, 35781, 11591, 0, 112]
Loop 378 [42913, 9, 700, 41506, 29828, 11303, 0, 108]
Loop 379 [50647, 9, 620, 49288, 37316, 11571, 0, 107]
Loop 380 [36649, 9, 696, 35231, 23579, 11282, 0, 108]
Loop 381 [47141, 9, 672, 45717, 33611, 11751, 0, 108]
Loop 382 [34863, 9, 683, 33532, 22048, 11148, 0, 110]
Loop 383 [34679, 9, 627, 33401, 22177, 10889, 0, 107]
Loop 384 [32940, 9, 652, 31630, 20404, 10895, 0, 109]
Loop 385 [34453, 9, 609, 33161, 21954, 10858, 0, 107]
Loop 386 [32543, 9, 576, 31318, 20198, 10789, 0, 106]
Loop 387 [32809, 9, 638, 31459, 20144, 10940, 0, 126]
Loop 388 [33013, 9, 625, 31736, 20335, 11034, 0, 107]
Loop 389 [32609, 9, 610, 31333, 20254, 10738, 0, 107]
Loop 390 [31949, 9, 613, 30683, 19520, 10827, 0, 110]
Loop 391 [32765, 9, 613, 31499, 20328, 10843, 0, 110]
Loop 392 [47048, 9, 609, 45710, 33778, 11587, 0, 111]
Loop 393 [34719, 9, 670, 33325, 21603, 11363, 0, 107]
Loop 394 [32410, 9, 636, 31111, 19604, 11181, 0, 109]
Loop 395 [33134, 9, 606, 31882, 20646, 10837, 0, 111]
Loop 396 [33008, 9, 654, 31639, 20310, 10979, 0, 129]
Loop 397 [33421, 9, 578, 32168, 20726, 11044, 0, 111]
Loop 398 [32528, 9, 605, 31245, 19973, 10925, 0, 108]
Loop 399 [33239, 9, 582, 32002, 20614, 11040, 0, 109]
Loop 400 [32119, 9, 616, 30845, 19537, 10949, 0, 113]
Loop 401 [32195, 9, 609, 30940, 19679, 10926, 0, 111]
Loop 402 [39751, 9, 598, 38426, 19877, 18208, 0, 107]
Loop 403 [41309, 9, 645, 39949, 28040, 11561, 0, 109]
Loop 404 [32957, 9, 601, 31646, 20334, 10938, 0, 108]
Loop 405 [32652, 9, 609, 31396, 20100, 10940, 0, 110]
Loop 406 [32277, 9, 587, 31025, 19737, 10940, 0, 108]
Loop 407 [113612, 9, 42065, 70608, 56779, 13431, 0, 115]
Loop 408 [36902, 9, 765, 35199, 23176, 11638, 0, 105]
Loop 409 [42770, 9, 8454, 33545, 21619, 11563, 0, 109]
Loop 410 [32735, 9, 1011, 31068, 19729, 10995, 0, 107]
Loop 411 [32777, 9, 685, 31187, 19972, 10827, 0, 107]
Loop 412 [32262, 9, 572, 31047, 19928, 10791, 0, 109]
Loop 413 [32644, 9, 607, 31399, 20134, 10918, 0, 108]
Loop 414 [32516, 9, 611, 31214, 19948, 10922, 0, 108]
Loop 415 [32465, 9, 576, 31229, 19964, 10913, 0, 127]
Loop 416 [32576, 9, 1040, 30854, 19804, 10703, 0, 111]
Loop 417 [32270, 9, 627, 30909, 19555, 10973, 0, 109]
Loop 418 [32947, 9, 1113, 31133, 19919, 10852, 0, 108]
Loop 419 [32237, 9, 606, 30941, 19644, 10932, 0, 113]
Loop 420 [32472, 9, 589, 31229, 19985, 10898, 0, 107]
Loop 421 [32337, 9, 652, 31043, 19930, 10763, 0, 110]
Loop 422 [31928, 9, 605, 30682, 19530, 10801, 0, 108]
Loop 423 [32247, 9, 576, 31025, 19746, 10929, 0, 108]
Loop 424 [33378, 9, 592, 32118, 20799, 10975, 0, 108]
Loop 425 [32415, 9, 598, 31154, 19846, 10940, 0, 108]
Loop 426 [32567, 9, 612, 31258, 19961, 10920, 0, 108]
Loop 427 [40074, 9, 583, 38777, 20204, 18200, 0, 108]
Loop 428 [33427, 9, 596, 32125, 20686, 11110, 0, 109]
Loop 429 [32326, 9, 589, 31065, 19822, 10894, 0, 107]
Loop 430 [32373, 9, 654, 31042, 19888, 10809, 0, 105]
Loop 431 [31953, 9, 612, 30667, 19518, 10789, 0, 104]
Loop 432 [32264, 9, 601, 30983, 19702, 10909, 0, 113]
Loop 433 [32802, 9, 545, 31605, 20378, 10876, 0, 109]
Loop 434 [32219, 9, 596, 30969, 19850, 10773, 0, 109]
Loop 435 [32424, 9, 585, 31167, 19844, 10965, 0, 105]
Loop 436 [33021, 9, 574, 31806, 20587, 10826, 0, 107]
Loop 437 [33602, 9, 631, 32313, 20914, 11031, 0, 110]
Loop 438 [37769, 9, 625, 36472, 25304, 10822, 0, 109]
Loop 439 [35811, 9, 592, 34518, 23427, 10745, 0, 126]
Loop 440 [33035, 9, 574, 31810, 20409, 11037, 0, 106]
Loop 441 [32359, 9, 600, 31090, 19653, 11073, 0, 108]
Loop 442 [36104, 9, 887, 34515, 23156, 10982, 0, 110]
Loop 443 [32092, 9, 591, 30850, 19635, 10865, 0, 106]
Loop 444 [32585, 9, 894, 31001, 19877, 10734, 0, 107]
Loop 445 [32081, 9, 590, 30812, 19642, 10794, 0, 108]
Loop 446 [32516, 9, 592, 31260, 19937, 10954, 0, 111]
Loop 447 [32638, 9, 628, 31318, 19994, 10952, 0, 109]
Loop 448 [32677, 9, 592, 31424, 19867, 11206, 0, 106]
Loop 449 [32584, 9, 619, 31282, 19923, 10988, 0, 107]
Loop 450 [32693, 9, 876, 31153, 19954, 10818, 0, 106]
Loop 451 [32428, 9, 902, 30859, 19622, 10860, 0, 126]
Loop 452 [32897, 9, 633, 31590, 20424, 10816, 0, 110]
Loop 453 [32364, 9, 636, 31063, 19932, 10768, 0, 108]
Loop 454 [39494, 9, 629, 38183, 19841, 17971, 0, 111]
Loop 455 [33186, 9, 594, 31919, 20402, 11188, 0, 106]
Loop 456 [32469, 9, 605, 31176, 19930, 10902, 0, 107]
Loop 457 [60570, 9, 574, 59225, 46985, 11871, 0, 109]
Loop 458 [33312, 9, 746, 31865, 20413, 11110, 0, 120]
Loop 459 [32494, 9, 663, 31156, 19928, 10856, 0, 108]
Loop 460 [32611, 9, 614, 31300, 19974, 10962, 0, 107]
Loop 461 [32308, 9, 604, 30996, 19823, 10800, 0, 108]
Loop 462 [32135, 9, 607, 30857, 19423, 11081, 0, 105]
Loop 463 [32295, 9, 589, 30980, 19562, 11064, 0, 109]
Loop 464 [32082, 9, 574, 30845, 19735, 10747, 0, 107]
Loop 465 [31594, 9, 596, 30305, 19357, 10602, 0, 107]
Loop 466 [52133, 9, 567, 50811, 19651, 30766, 0, 108]
Loop 467 [34253, 9, 667, 32893, 20941, 11631, 0, 107]
Loop 468 [32683, 9, 626, 31357, 19927, 11050, 0, 108]
Loop 469 [32601, 9, 606, 31304, 20059, 10902, 0, 106]
Loop 470 [31965, 9, 605, 30682, 19438, 10902, 0, 106]
Loop 471 [33652, 9, 583, 32381, 20987, 11064, 0, 107]
Loop 472 [32288, 9, 598, 30978, 19764, 10905, 0, 107]
Loop 473 [32189, 9, 627, 30888, 19496, 11044, 0, 109]
Loop 474 [32831, 9, 607, 31522, 20271, 10935, 0, 108]
Loop 475 [32160, 9, 605, 30897, 19744, 10809, 0, 108]
Loop 476 [31776, 9, 623, 30502, 19392, 10771, 0, 108]
Loop 477 [32725, 9, 622, 31407, 20239, 10809, 0, 108]
Loop 478 [32064, 9, 652, 30755, 19396, 11044, 0, 111]
Loop 479 [32446, 9, 598, 31180, 19993, 10827, 0, 107]
Loop 480 [40279, 9, 605, 38987, 19851, 18793, 0, 106]
Loop 481 [32776, 9, 628, 31470, 19926, 11146, 0, 105]
Loop 482 [34863, 9, 758, 33287, 21139, 11782, 0, 107]
Loop 483 [32507, 9, 613, 31194, 20114, 10735, 0, 108]
Loop 484 [32304, 9, 620, 30981, 19597, 11018, 0, 106]
Loop 485 [32301, 9, 618, 30999, 19897, 10770, 0, 107]
Loop 486 [32304, 9, 578, 31035, 19874, 10798, 0, 106]
Loop 487 [31696, 9, 605, 30408, 19289, 10805, 0, 107]
Loop 488 [32370, 9, 614, 31078, 19815, 10911, 0, 107]
Loop 489 [32653, 9, 603, 31350, 20091, 10893, 0, 106]
Loop 490 [32836, 9, 600, 31553, 20152, 11067, 0, 109]
Loop 491 [46919, 9, 616, 45545, 33435, 11753, 0, 109]
Loop 492 [55045, 9, 771, 53494, 41147, 11981, 0, 116]
Loop 493 [40327, 9, 638, 38999, 27391, 11214, 0, 105]
Loop 494 [32359, 9, 649, 30999, 19567, 11020, 0, 106]
Loop 495 [31504, 9, 596, 30235, 18937, 10880, 0, 109]
Loop 496 [31488, 9, 600, 30205, 19177, 10618, 0, 109]
Loop 497 [32528, 9, 875, 30968, 19820, 10740, 0, 110]
Loop 498 [31488, 9, 602, 30179, 19049, 10732, 0, 133]
Loop 499 [31539, 9, 587, 30285, 18988, 10893, 0, 108]
Loop 500 [31426, 9, 630, 30130, 18840, 10882, 0, 108]
Loop 501 [31704, 9, 626, 30418, 19209, 10813, 0, 105]
Loop 502 [31551, 9, 631, 30240, 19012, 10838, 0, 109]
Loop 503 [31621, 9, 596, 30336, 19167, 10785, 0, 107]
Loop 504 [31585, 9, 891, 30017, 18931, 10714, 0, 107]
Loop 505 [31736, 9, 609, 30448, 19407, 10677, 0, 108]
Loop 506 [39189, 9, 598, 37835, 26243, 11217, 0, 105]
Loop 507 [32144, 9, 590, 30830, 19572, 10894, 0, 109]
Loop 508 [31233, 9, 578, 29957, 18875, 10690, 0, 108]
Loop 509 [31842, 9, 599, 30568, 19432, 10761, 0, 109]
Loop 510 [31258, 9, 597, 29979, 18889, 10712, 0, 109]
Loop 511 [31655, 9, 607, 30374, 19123, 10868, 0, 107]
Loop 512 [31311, 9, 601, 30024, 18824, 10822, 0, 113]
Loop 513 [31727, 9, 612, 30425, 19287, 10785, 0, 107]
Loop 514 [31553, 9, 602, 30265, 19086, 10802, 0, 105]
Loop 515 [31475, 9, 613, 30162, 18932, 10830, 0, 109]
Loop 516 [31809, 9, 610, 30524, 19239, 10884, 0, 107]
Loop 517 [31377, 9, 620, 30005, 18964, 10685, 0, 122]
Loop 518 [31916, 9, 599, 30630, 19321, 10950, 0, 110]
Loop 519 [31853, 9, 603, 30580, 19388, 10818, 0, 106]
Loop 520 [31567, 9, 614, 30260, 19274, 10610, 0, 108]
Loop 521 [31643, 9, 617, 30340, 19093, 10885, 0, 120]
Loop 522 [32142, 9, 610, 30859, 19546, 10942, 0, 109]
Loop 523 [31572, 9, 613, 30250, 18904, 10940, 0, 137]
Loop 524 [31985, 9, 607, 30666, 19343, 10945, 0, 133]
Loop 525 [31517, 9, 568, 30269, 18935, 10948, 0, 107]
Loop 526 [33064, 9, 607, 31783, 20606, 10782, 0, 106]
Loop 527 [31968, 9, 574, 30699, 19343, 10985, 0, 109]
Loop 528 [31492, 9, 574, 30236, 18978, 10870, 0, 109]
Loop 529 [32212, 9, 568, 31003, 19930, 10696, 0, 106]
Loop 530 [53000, 9, 593, 51654, 18853, 32374, 0, 107]
Loop 531 [33626, 9, 928, 32042, 20260, 11414, 0, 109]
Loop 532 [31960, 9, 605, 30672, 19460, 10841, 0, 105]
Loop 533 [39114, 9, 609, 37752, 18877, 18481, 0, 109]
Loop 534 [32489, 9, 603, 31198, 19815, 11017, 0, 108]
Loop 535 [31532, 9, 636, 30187, 18977, 10833, 0, 110]
Loop 536 [31969, 9, 885, 30407, 19050, 10987, 0, 108]
Loop 537 [31801, 9, 576, 30484, 19054, 11073, 0, 137]
Loop 538 [31429, 9, 621, 30117, 18869, 10904, 0, 106]
Loop 539 [31847, 9, 574, 30624, 19321, 10948, 0, 105]
Loop 540 [31526, 9, 605, 30234, 18884, 11000, 0, 109]
Loop 541 [31845, 9, 592, 30571, 19350, 10867, 0, 108]
Loop 542 [31517, 9, 592, 30246, 18911, 10949, 0, 107]
Loop 543 [31902, 9, 594, 30633, 19476, 10776, 0, 107]
Loop 544 [31353, 9, 577, 30090, 18909, 10791, 0, 110]
Loop 545 [31805, 9, 606, 30507, 19252, 10862, 0, 111]
Loop 546 [31506, 9, 605, 30212, 18947, 10880, 0, 109]
Loop 547 [50215, 9, 633, 48906, 19136, 29382, 0, 108]
Loop 548 [31719, 9, 569, 30433, 19456, 10623, 0, 127]
Loop 549 [31087, 9, 598, 29824, 18749, 10683, 0, 106]
Loop 550 [31260, 9, 581, 30012, 19083, 10553, 0, 104]
Loop 551 [30730, 9, 583, 29488, 18649, 10488, 0, 105]
Loop 552 [31382, 9, 616, 30105, 19229, 10528, 0, 106]
Loop 553 [30965, 9, 593, 29700, 18731, 10608, 0, 106]
Loop 554 [31071, 9, 590, 29813, 18785, 10681, 0, 108]
Loop 555 [31339, 9, 627, 30019, 19061, 10588, 0, 104]
Loop 556 [30908, 9, 584, 29651, 18662, 10613, 0, 108]
Loop 557 [31249, 9, 587, 29988, 18921, 10700, 0, 104]
Loop 558 [45599, 9, 567, 44341, 32571, 11390, 0, 106]
Loop 559 [31867, 9, 681, 30515, 19341, 10787, 0, 104]
Loop 560 [37799, 9, 602, 29974, 18988, 10596, 0, 106]
Loop 561 [32604, 9, 520, 31406, 20062, 10997, 0, 105]
Loop 562 [31659, 9, 562, 30439, 19557, 10518, 0, 104]
Loop 563 [30924, 9, 556, 29715, 18898, 10447, 0, 108]
Loop 564 [30701, 9, 528, 29505, 18643, 10486, 0, 106]
Loop 565 [31202, 9, 561, 29961, 19055, 10532, 0, 108]
Loop 566 [31133, 9, 554, 29923, 18952, 10580, 0, 105]
Loop 567 [31707, 9, 532, 30504, 19520, 10632, 0, 106]
Loop 568 [43113, 9, 552, 41845, 30380, 11082, 0, 126]
Loop 569 [31382, 9, 659, 30099, 19041, 10723, 0, 113]
Loop 570 [30892, 9, 596, 29664, 18875, 10391, 0, 104]
Loop 571 [30531, 9, 548, 29319, 18468, 10474, 0, 106]
Loop 572 [30548, 9, 563, 29291, 18551, 10403, 0, 106]
Loop 573 [30780, 9, 549, 29583, 18716, 10525, 0, 105]
Loop 574 [31070, 9, 595, 29786, 18840, 10588, 0, 108]
Loop 575 [30876, 9, 565, 29636, 18752, 10492, 0, 108]
Loop 576 [30593, 9, 531, 29404, 18565, 10481, 0, 129]
Loop 577 [30974, 9, 616, 29720, 18771, 10610, 0, 106]
Loop 578 [30718, 9, 584, 29496, 18593, 10556, 0, 107]
Loop 579 [31011, 9, 618, 29774, 18927, 10483, 0, 105]
Loop 580 [31016, 9, 589, 29773, 18797, 10628, 0, 105]
Loop 581 [31191, 9, 543, 29981, 19249, 10370, 0, 106]
Loop 582 [30701, 9, 561, 29518, 18523, 10621, 0, 104]
Loop 583 [30714, 9, 534, 29525, 18581, 10631, 0, 108]
Loop 584 [30781, 9, 546, 29565, 18713, 10514, 0, 106]
Loop 585 [30549, 9, 545, 29378, 18638, 10378, 0, 106]
Loop 586 [30985, 9, 545, 29806, 18984, 10477, 0, 106]
Loop 587 [31147, 9, 566, 29899, 18948, 10589, 0, 129]
Loop 588 [50432, 9, 534, 49165, 30575, 18186, 0, 106]
Loop 589 [32517, 9, 662, 31209, 19846, 10960, 0, 109]
Loop 590 [30511, 9, 565, 29306, 18459, 10503, 0, 106]
Loop 591 [30535, 9, 561, 29396, 18720, 10313, 0, 104]
Loop 592 [30143, 9, 525, 29042, 18410, 10233, 0, 106]
Loop 593 [30194, 9, 527, 29057, 18367, 10315, 0, 106]
Loop 594 [37041, 9, 534, 35841, 18475, 16970, 0, 104]
Loop 595 [48466, 9, 570, 47124, 35371, 11432, 0, 104]
Loop 596 [31285, 9, 674, 29931, 18871, 10687, 0, 106]
Loop 597 [30473, 9, 496, 29334, 18689, 10304, 0, 105]
Loop 598 [30227, 9, 521, 29124, 18363, 10388, 0, 106]
Loop 599 [30836, 9, 583, 29576, 18660, 10530, 0, 104]
Loop 600 [30391, 9, 594, 29177, 18587, 10231, 0, 106]
Loop 601 [30513, 9, 545, 29387, 18534, 10508, 0, 106]
Loop 602 [30845, 9, 545, 29658, 18746, 10499, 0, 106]
Loop 603 [30400, 9, 538, 29253, 18324, 10559, 0, 104]
Loop 604 [31954, 9, 518, 30821, 20007, 10422, 0, 104]
Loop 605 [30387, 9, 515, 29241, 18428, 10424, 0, 106]
Loop 606 [30467, 9, 490, 29358, 18466, 10507, 0, 106]
Loop 607 [30818, 9, 525, 29656, 18715, 10581, 0, 105]
Loop 608 [30324, 9, 494, 29213, 18372, 10441, 0, 105]
Loop 609 [30233, 9, 538, 29088, 18467, 10259, 0, 104]
Loop 610 [30695, 9, 524, 29560, 18762, 10402, 0, 106]
Loop 611 [30234, 9, 539, 29088, 18293, 10386, 0, 108]
Loop 612 [30139, 9, 561, 29004, 18257, 10360, 0, 107]
Loop 613 [30531, 9, 541, 29416, 18638, 10371, 0, 104]
Loop 614 [30332, 9, 547, 29151, 18328, 10414, 0, 106]
Loop 615 [30440, 9, 545, 29285, 18294, 10610, 0, 106]
Loop 616 [37961, 9, 512, 36788, 18398, 18031, 0, 107]
Loop 617 [31135, 9, 552, 29914, 18915, 10632, 0, 107]
Loop 618 [30728, 9, 525, 29520, 18732, 10391, 0, 107]
Loop 619 [30909, 9, 525, 29779, 18848, 10534, 0, 106]
Loop 620 [30493, 9, 514, 29328, 18353, 10590, 0, 105]
Loop 621 [30473, 9, 529, 29295, 18339, 10544, 0, 105]
Loop 622 [30675, 9, 529, 29505, 18651, 10466, 0, 104]
Loop 623 [30103, 9, 536, 28959, 18366, 10219, 0, 106]
Loop 624 [30345, 9, 544, 29154, 18343, 10391, 0, 107]
Loop 625 [30668, 9, 521, 29510, 18722, 10404, 0, 106]
Loop 626 [37575, 9, 552, 36363, 25593, 10399, 0, 106]
Loop 627 [30459, 9, 527, 29326, 18452, 10470, 0, 106]
Loop 628 [30297, 9, 547, 29142, 18516, 10242, 0, 106]
Loop 629 [30410, 9, 540, 29261, 18367, 10524, 0, 106]
Loop 630 [43642, 9, 545, 42395, 30905, 11069, 0, 110]
Loop 631 [43231, 9, 625, 41850, 30254, 11246, 0, 109]
Loop 632 [32206, 9, 591, 30958, 20080, 10530, 0, 106]
Loop 633 [31807, 9, 552, 30622, 19762, 10502, 0, 104]
Loop 634 [30793, 9, 518, 29628, 18449, 10798, 0, 105]
Loop 635 [49282, 9, 580, 47967, 36476, 11057, 0, 107]
Loop 636 [51144, 9, 642, 49807, 37974, 11410, 0, 108]
Loop 637 [32981, 9, 612, 31725, 20537, 10831, 0, 104]
Loop 638 [30424, 9, 550, 29278, 18408, 10474, 0, 107]
Loop 639 [39273, 9, 517, 38098, 26935, 10791, 0, 104]
Loop 640 [31358, 9, 617, 30094, 19205, 10511, 0, 106]
Loop 641 [30577, 9, 569, 29400, 18691, 10345, 0, 105]
Loop 642 [31443, 9, 515, 30307, 19489, 10428, 0, 110]
Loop 643 [39636, 9, 570, 38411, 27150, 10836, 0, 110]
Loop 644 [30663, 9, 578, 29418, 18687, 10366, 0, 105]
Loop 645 [30673, 9, 558, 29506, 18779, 10364, 0, 104]
Loop 646 [30737, 9, 525, 29584, 18777, 10417, 0, 108]
Loop 647 [30557, 9, 530, 29399, 18585, 10440, 0, 105]
Loop 648 [30766, 9, 534, 29609, 18759, 10486, 0, 104]
Loop 649 [30710, 9, 517, 29536, 18705, 10455, 0, 105]
Loop 650 [48927, 9, 503, 47721, 35939, 11408, 0, 106]
Loop 651 [31076, 9, 643, 29812, 18711, 10750, 0, 113]
Loop 652 [30414, 9, 616, 29201, 18465, 10406, 0, 106]
Loop 653 [42065, 9, 603, 40733, 29472, 10900, 0, 108]
Loop 654 [31363, 9, 591, 30112, 19188, 10567, 0, 104]
Loop 655 [30545, 9, 534, 29332, 18440, 10533, 0, 107]
Loop 656 [30524, 9, 528, 29391, 18624, 10413, 0, 106]
Loop 657 [31070, 9, 552, 29901, 19161, 10411, 0, 105]
Loop 658 [56003, 9, 544, 54753, 18651, 35734, 0, 107]
Loop 659 [32525, 9, 660, 31245, 19770, 11135, 0, 104]
Loop 660 [30723, 9, 550, 29529, 18638, 10488, 0, 106]
Loop 661 [30577, 9, 523, 29387, 18599, 10477, 0, 105]
Loop 662 [30234, 9, 539, 29082, 18336, 10406, 0, 108]
Loop 663 [62765, 9, 547, 61485, 49395, 11647, 0, 118]
Loop 664 [32731, 9, 745, 31287, 19877, 11056, 0, 124]
Loop 665 [30582, 9, 551, 29352, 18603, 10397, 0, 107]
Loop 666 [30606, 9, 576, 29363, 18449, 10558, 0, 119]
Loop 667 [31039, 9, 499, 29913, 18986, 10576, 0, 108]
Loop 668 [30456, 9, 558, 29320, 18569, 10389, 0, 106]
Loop 669 [37764, 9, 517, 36576, 25406, 10827, 0, 105]
Loop 670 [31954, 9, 552, 30784, 19726, 10685, 0, 106]
Loop 671 [30830, 9, 536, 29686, 18884, 10487, 0, 106]
Loop 672 [30775, 9, 523, 29601, 18567, 10703, 0, 129]
Loop 673 [30371, 9, 548, 29175, 18441, 10396, 0, 106]
Loop 674 [30327, 9, 558, 29060, 18353, 10415, 0, 107]
Loop 675 [30939, 9, 527, 29762, 18867, 10518, 0, 105]
Loop 676 [30216, 9, 520, 29109, 18239, 10532, 0, 108]
Loop 677 [41258, 9, 557, 40064, 28805, 10865, 0, 107]
Loop 678 [31535, 9, 707, 30165, 19187, 10676, 0, 111]
Loop 679 [30502, 9, 552, 29346, 18548, 10486, 0, 108]
Loop 680 [58631, 9, 527, 57406, 45528, 11450, 0, 110]
Loop 681 [31308, 9, 727, 29980, 18918, 10740, 0, 116]
Loop 682 [30963, 9, 528, 29786, 18917, 10550, 0, 106]
Loop 683 [30534, 9, 543, 29394, 18596, 10468, 0, 109]
Loop 684 [30329, 9, 556, 29150, 18423, 10404, 0, 108]
Loop 685 [30531, 9, 555, 29361, 18717, 10328, 0, 105]
Loop 686 [30239, 9, 575, 29068, 18381, 10328, 0, 106]
Loop 687 [30828, 9, 587, 29642, 18787, 10527, 0, 106]
Loop 688 [30881, 9, 554, 29718, 18956, 10408, 0, 106]
Loop 689 [30261, 9, 509, 29097, 18297, 10455, 0, 104]
Loop 690 [31244, 9, 528, 30086, 19248, 10464, 0, 106]
Loop 691 [30751, 9, 567, 29565, 18625, 10610, 0, 106]
Loop 692 [30152, 9, 499, 29073, 18457, 10277, 0, 106]
Loop 693 [31065, 9, 497, 29971, 19110, 10508, 0, 106]
Loop 694 [32502, 9, 692, 31056, 19291, 11403, 0, 108]
Loop 695 [30801, 9, 598, 29591, 18779, 10442, 0, 105]
Loop 696 [38528, 9, 531, 37266, 18753, 18110, 0, 104]
Loop 697 [31402, 9, 587, 30219, 19089, 10748, 0, 106]
Loop 698 [30698, 9, 552, 29511, 18616, 10525, 0, 108]
Loop 699 [30615, 9, 525, 29432, 18713, 10364, 0, 107]
Loop 700 [30500, 9, 510, 29317, 18618, 10286, 0, 107]
Loop 701 [30251, 9, 512, 29106, 18341, 10390, 0, 106]
Loop 702 [30559, 9, 548, 29378, 18724, 10297, 0, 106]
Loop 703 [30170, 9, 494, 29053, 18355, 10355, 0, 105]
Loop 704 [30261, 9, 493, 29132, 18585, 10205, 0, 105]
Loop 705 [30480, 9, 517, 29316, 18589, 10371, 0, 105]
Loop 706 [30259, 9, 536, 29065, 18319, 10359, 0, 106]
Loop 707 [30309, 9, 571, 29058, 18339, 10359, 0, 105]
Loop 708 [30458, 9, 571, 29229, 18403, 10443, 0, 103]
Loop 709 [30480, 9, 547, 29268, 18482, 10433, 0, 104]
Loop 710 [30158, 9, 519, 29019, 18264, 10413, 0, 105]
Loop 711 [30112, 9, 522, 29022, 18388, 10271, 0, 105]
Loop 712 [30713, 9, 500, 29592, 18856, 10377, 0, 104]
Loop 713 [30116, 9, 491, 29029, 18409, 10255, 0, 108]
Loop 714 [30115, 9, 494, 28991, 18306, 10355, 0, 108]
Loop 715 [30253, 9, 506, 29161, 18556, 10259, 0, 108]
Loop 716 [30110, 9, 543, 28967, 18255, 10372, 0, 105]
Loop 717 [30269, 9, 492, 29159, 18450, 10381, 0, 104]
Loop 718 [30447, 9, 541, 29232, 18273, 10580, 0, 104]
Loop 719 [30469, 9, 543, 29350, 18669, 10324, 0, 106]
Loop 720 [30015, 9, 539, 28883, 18209, 10335, 0, 105]
Loop 721 [30387, 9, 523, 29221, 18563, 10315, 0, 128]
Loop 722 [58338, 9, 492, 57163, 18489, 38264, 0, 110]
Loop 723 [31976, 9, 661, 30657, 19210, 11100, 0, 105]
Loop 724 [30733, 9, 572, 29520, 18908, 10285, 0, 106]
Loop 725 [35604, 9, 500, 34442, 23513, 10550, 0, 104]
Loop 726 [30748, 9, 593, 29531, 18870, 10292, 0, 106]
Loop 727 [30473, 9, 536, 29256, 18505, 10399, 0, 106]
Loop 728 [30172, 9, 479, 29094, 18318, 10435, 0, 108]
Loop 729 [30288, 9, 512, 29159, 18508, 10295, 0, 108]
Loop 730 [30211, 9, 527, 29081, 18312, 10410, 0, 104]
Loop 731 [53240, 9, 541, 52008, 40055, 11551, 0, 106]
Loop 732 [32146, 9, 708, 30816, 20032, 10488, 0, 106]
Loop 733 [32370, 9, 578, 31164, 20472, 10353, 0, 107]
Loop 734 [31251, 9, 551, 30069, 19303, 10393, 0, 107]
Loop 735 [31699, 9, 551, 30453, 19407, 10694, 0, 104]
Loop 736 [30327, 9, 522, 29172, 18350, 10490, 0, 108]
Loop 737 [30557, 9, 592, 29288, 18549, 10415, 0, 106]
Loop 738 [31643, 9, 492, 30530, 19601, 10610, 0, 106]
Loop 739 [30569, 9, 525, 29459, 18831, 10295, 0, 107]
Loop 740 [30526, 9, 521, 29360, 18549, 10462, 0, 107]
Loop 741 [30421, 9, 523, 29319, 18427, 10537, 0, 106]
Loop 742 [30026, 9, 505, 28874, 18313, 10271, 0, 104]
Loop 743 [31100, 9, 522, 29966, 19052, 10598, 0, 107]
Loop 744 [30402, 9, 527, 29260, 18521, 10413, 0, 105]
Loop 745 [30623, 9, 492, 29490, 18650, 10506, 0, 106]
Loop 746 [30507, 9, 496, 29383, 18740, 10335, 0, 105]
Loop 747 [30272, 9, 477, 29131, 18510, 10273, 0, 118]
Loop 748 [30289, 9, 478, 29137, 18425, 10326, 0, 105]
Loop 749 [30149, 9, 492, 28994, 18250, 10396, 0, 108]
Loop 750 [30649, 9, 522, 29482, 18685, 10461, 0, 108]
Loop 751 [30172, 9, 538, 29028, 18205, 10461, 0, 106]
Loop 752 [30032, 9, 540, 28878, 18205, 10308, 0, 106]
Loop 753 [36933, 9, 547, 35671, 18461, 16850, 0, 106]
Loop 754 [31300, 9, 563, 30159, 19050, 10753, 0, 108]
Loop 755 [30196, 9, 522, 29072, 18344, 10373, 0, 106]
Loop 756 [30357, 9, 508, 29212, 18419, 10432, 0, 108]
Loop 757 [30600, 9, 510, 29454, 18544, 10568, 0, 106]
Loop 758 [30086, 9, 492, 29022, 18456, 10225, 0, 105]
Loop 759 [30185, 9, 565, 28980, 18248, 10360, 0, 106]
Loop 760 [30429, 9, 514, 29319, 18720, 10228, 0, 105]
Loop 761 [30398, 9, 548, 29219, 18344, 10501, 0, 108]
Loop 762 [29988, 9, 504, 28835, 18063, 10393, 0, 108]
Loop 763 [30127, 9, 553, 28995, 18435, 10239, 0, 111]
Loop 764 [30142, 9, 505, 29037, 18422, 10280, 0, 105]
Loop 765 [30186, 9, 501, 29051, 18370, 10341, 0, 104]
Loop 766 [30959, 9, 539, 29813, 18862, 10618, 0, 105]
Loop 767 [30509, 9, 540, 29331, 18503, 10486, 0, 105]
Loop 768 [30216, 9, 511, 29064, 18222, 10505, 0, 111]
Loop 769 [30711, 9, 532, 29542, 18664, 10523, 0, 104]
Loop 770 [30160, 9, 549, 28997, 18371, 10290, 0, 104]
Loop 771 [30218, 9, 529, 29077, 18406, 10350, 0, 106]
Loop 772 [30531, 9, 523, 29390, 18652, 10374, 0, 108]
Loop 773 [30383, 9, 529, 29208, 18574, 10291, 0, 107]
Loop 774 [30194, 9, 523, 29081, 18207, 10541, 0, 104]
Loop 775 [30453, 9, 557, 29285, 18678, 10240, 0, 106]
Loop 776 [30136, 9, 525, 29039, 18339, 10331, 0, 107]
Loop 777 [30310, 9, 514, 29190, 18301, 10556, 0, 106]
Loop 778 [30072, 9, 489, 28974, 18331, 10317, 0, 105]
Loop 779 [30276, 9, 527, 29152, 18452, 10378, 0, 110]
Loop 780 [30188, 9, 522, 29007, 18293, 10364, 0, 107]
Loop 781 [30846, 9, 543, 29684, 18814, 10516, 0, 106]
Loop 782 [30511, 9, 545, 29341, 18529, 10446, 0, 107]
Loop 783 [37268, 9, 545, 36033, 24787, 10835, 0, 108]
Loop 784 [30491, 9, 547, 29281, 18525, 10357, 0, 104]
Loop 785 [30520, 9, 521, 29394, 18717, 10315, 0, 104]
Loop 786 [39585, 9, 486, 38450, 18287, 19824, 0, 104]
Loop 787 [31167, 9, 557, 30010, 18950, 10734, 0, 109]
Loop 788 [30274, 9, 517, 29148, 18442, 10348, 0, 104]
Loop 789 [30133, 9, 481, 29038, 18272, 10393, 0, 107]
Loop 790 [30178, 9, 477, 29120, 18392, 10366, 0, 105]
Loop 791 [30611, 9, 528, 29485, 18580, 10576, 0, 76]
Loop 792 [29995, 9, 525, 28900, 18295, 10267, 0, 73]
Loop 793 [30431, 9, 545, 29317, 18450, 10503, 0, 75]
Loop 794 [30750, 9, 532, 29618, 18780, 10498, 0, 74]
Loop 795 [30404, 9, 523, 29263, 18410, 10516, 0, 75]
Loop 796 [30262, 9, 545, 29148, 18348, 10439, 0, 75]
Loop 797 [30437, 9, 490, 29395, 18645, 10373, 0, 75]
Loop 798 [30142, 9, 503, 29097, 18365, 10362, 0, 74]
Loop 799 [30368, 9, 497, 29314, 18397, 10564, 0, 77]
Loop 800 [30521, 9, 505, 29428, 18665, 10441, 0, 74]
Loop 801 [30540, 9, 556, 29374, 18480, 10539, 0, 74]
Loop 802 [30376, 9, 510, 29250, 18600, 10291, 0, 75]
Loop 803 [30612, 9, 508, 29485, 18640, 10492, 0, 75]
Loop 804 [30296, 9, 522, 29198, 18308, 10532, 0, 76]
Loop 805 [30171, 9, 534, 29061, 18228, 10459, 0, 75]
Loop 806 [30372, 9, 505, 29325, 18541, 10425, 0, 75]
Loop 807 [30164, 9, 529, 29066, 18379, 10353, 0, 76]
Loop 808 [30095, 9, 494, 29018, 18286, 10393, 0, 75]
Loop 809 [30396, 9, 516, 29257, 18428, 10463, 0, 77]
Loop 810 [30720, 9, 509, 29593, 18806, 10435, 0, 75]
Loop 811 [31014, 9, 501, 29887, 19003, 10528, 0, 76]
Loop 812 [36668, 9, 516, 35459, 24351, 10727, 0, 75]
Loop 813 [30889, 9, 506, 29777, 18877, 10526, 0, 77]
Loop 814 [30435, 9, 718, 29163, 18359, 10460, 0, 75]
Loop 815 [30134, 9, 481, 29074, 18216, 10498, 0, 76]
Loop 816 [30174, 9, 481, 29117, 18398, 10346, 0, 77]
Loop 817 [30149, 9, 511, 29061, 18203, 10497, 0, 75]
Loop 818 [29993, 9, 478, 28928, 18170, 10406, 0, 75]
Loop 819 [30298, 9, 508, 29217, 18348, 10524, 0, 77]
Loop 820 [30669, 9, 514, 29606, 18742, 10506, 0, 75]
Loop 821 [30134, 9, 516, 29037, 18201, 10468, 0, 77]
Loop 822 [30057, 9, 514, 28977, 18129, 10470, 0, 74]
Loop 823 [30730, 9, 523, 29623, 18720, 10583, 0, 74]
Loop 824 [30054, 9, 531, 28971, 18210, 10404, 0, 73]
Loop 825 [30097, 9, 502, 29053, 18370, 10349, 0, 74]
Loop 826 [30130, 9, 488, 29081, 18321, 10404, 0, 77]
Loop 827 [30230, 9, 510, 29145, 18504, 10317, 0, 77]
Loop 828 [30433, 9, 488, 29321, 18471, 10486, 0, 75]
Loop 829 [30166, 9, 507, 29073, 18350, 10377, 0, 75]
Loop 830 [30495, 9, 519, 29430, 18680, 10410, 0, 76]
Loop 831 [30146, 9, 550, 29013, 18381, 10260, 0, 77]
Loop 832 [30029, 9, 510, 28949, 18253, 10337, 0, 75]
Loop 833 [48788, 9, 498, 47707, 18300, 29042, 0, 73]
Loop 834 [29693, 9, 489, 28623, 18245, 10045, 0, 102]
Loop 835 [29595, 9, 528, 28504, 18069, 10110, 0, 104]
Loop 836 [29924, 9, 485, 28854, 18348, 10176, 0, 104]
Loop 837 [29965, 9, 537, 28871, 18421, 10113, 0, 76]
Loop 838 [29749, 9, 540, 28674, 18143, 10209, 0, 74]
Loop 839 [29731, 9, 488, 28709, 18151, 10211, 0, 75]
Loop 840 [29999, 9, 484, 28982, 18317, 10341, 0, 75]
Loop 841 [33726, 9, 528, 32527, 21608, 10537, 0, 103]
Loop 842 [30364, 9, 516, 29287, 18587, 10335, 0, 77]
Loop 843 [29910, 9, 488, 28849, 18303, 10211, 0, 74]
Loop 844 [29583, 9, 476, 28513, 18164, 10029, 0, 74]
Loop 845 [29882, 9, 490, 28774, 18173, 10286, 0, 79]
Loop 846 [29797, 9, 516, 28707, 18297, 10087, 0, 77]
Loop 847 [30431, 9, 489, 29350, 18614, 10379, 0, 74]
Loop 848 [29755, 9, 517, 28683, 18054, 10296, 0, 74]
Loop 849 [29670, 9, 515, 28563, 18068, 10153, 0, 75]
Loop 850 [40240, 9, 512, 39128, 18113, 20634, 0, 78]
Loop 851 [30240, 9, 536, 29159, 18436, 10428, 0, 77]
Loop 852 [29883, 9, 496, 28781, 18165, 10257, 0, 76]
Loop 853 [30106, 9, 479, 29084, 18367, 10383, 0, 75]
Loop 854 [30044, 9, 487, 28989, 18379, 10277, 0, 75]
Loop 855 [30121, 9, 489, 29037, 18401, 10270, 0, 76]
Loop 856 [29881, 9, 538, 28721, 18286, 10102, 0, 77]
Loop 857 [30158, 9, 492, 29104, 18543, 10241, 0, 77]
Loop 858 [29877, 9, 524, 28813, 18195, 10260, 0, 75]
Loop 859 [29933, 9, 529, 28866, 18274, 10257, 0, 75]
Loop 860 [30254, 9, 527, 29124, 18195, 10539, 0, 75]
Loop 861 [30361, 9, 549, 29254, 18671, 10233, 0, 103]
Loop 862 [29831, 9, 515, 28776, 18166, 10285, 0, 77]
Loop 863 [29823, 9, 546, 28722, 18146, 10220, 0, 75]
Loop 864 [29795, 9, 518, 28734, 18195, 10168, 0, 77]
Loop 865 [30121, 9, 570, 28966, 18450, 10175, 0, 75]
Loop 866 [29629, 9, 492, 28536, 18037, 10164, 0, 75]
Loop 867 [29562, 9, 491, 28503, 18101, 10082, 0, 76]
Loop 868 [29597, 9, 519, 28530, 18058, 10149, 0, 75]
Loop 869 [29950, 9, 512, 28847, 18339, 10176, 0, 75]
Loop 870 [30252, 9, 505, 29179, 18522, 10336, 0, 74]
Loop 871 [37262, 9, 7135, 29399, 18596, 10444, 0, 106]
Loop 872 [30112, 9, 470, 29077, 18419, 10321, 0, 75]
Loop 873 [30027, 9, 507, 28964, 18357, 10280, 0, 78]
Loop 874 [29983, 9, 506, 28867, 18355, 10177, 0, 74]
Loop 875 [29902, 9, 501, 28800, 18164, 10293, 0, 106]
Loop 876 [29820, 9, 536, 28632, 18099, 10213, 0, 104]
Loop 877 [29948, 9, 514, 28820, 18324, 10149, 0, 104]
Loop 878 [29923, 9, 477, 28843, 18313, 10205, 0, 103]
Loop 879 [29815, 9, 503, 28727, 18239, 10150, 0, 104]
Loop 880 [29857, 9, 509, 28757, 18024, 10410, 0, 104]
Loop 881 [32560, 9, 521, 31381, 20675, 10348, 0, 104]
Loop 882 [29980, 9, 574, 28814, 18296, 10165, 0, 106]
Loop 883 [30104, 9, 525, 28984, 18245, 10337, 0, 104]
Loop 884 [30079, 9, 503, 28998, 18541, 10111, 0, 104]
Loop 885 [29952, 9, 499, 28834, 18248, 10204, 0, 105]
Loop 886 [30045, 9, 490, 28927, 18358, 10219, 0, 105]
Loop 887 [29872, 9, 475, 28771, 18195, 10210, 0, 104]
Loop 888 [30152, 9, 505, 29015, 18463, 10213, 0, 105]
Loop 889 [29750, 9, 496, 28691, 18177, 10164, 0, 107]
Loop 890 [29990, 9, 510, 28874, 18156, 10348, 0, 103]
Loop 891 [29886, 9, 545, 28757, 18128, 10300, 0, 102]
Loop 892 [30925, 9, 548, 29696, 19115, 10196, 0, 106]
Loop 893 [30101, 9, 543, 28971, 18330, 10275, 0, 104]
Loop 894 [29873, 9, 562, 28751, 18172, 10244, 0, 107]
Loop 895 [29997, 9, 525, 28845, 18178, 10326, 0, 103]
Loop 896 [30167, 9, 494, 29090, 18489, 10248, 0, 104]
Loop 897 [29931, 9, 547, 28823, 18181, 10299, 0, 104]
Loop 898 [29981, 9, 507, 28915, 18244, 10335, 0, 104]
Loop 899 [30050, 9, 490, 28991, 18449, 10184, 0, 104]
Loop 900 [36372, 9, 501, 35192, 18441, 16380, 0, 107]
Loop 901 [30263, 9, 519, 29157, 18508, 10298, 0, 104]
Loop 902 [29809, 9, 488, 28750, 18162, 10249, 0, 108]
Loop 903 [29828, 9, 524, 28709, 18150, 10204, 0, 106]
Loop 904 [30052, 9, 507, 28954, 18551, 10067, 0, 103]
Loop 905 [30781, 9, 541, 29614, 18978, 10276, 0, 102]
Loop 906 [29941, 9, 554, 28754, 18363, 10069, 0, 102]
Loop 907 [30048, 9, 501, 28960, 18320, 10291, 0, 106]
Loop 908 [29908, 9, 501, 28824, 18384, 10091, 0, 106]
Loop 909 [30449, 9, 514, 29325, 18738, 10215, 0, 104]
Loop 910 [29645, 9, 496, 28541, 18126, 10074, 0, 104]
Loop 911 [30210, 9, 521, 29070, 18449, 10293, 0, 106]
Loop 912 [29827, 9, 489, 28755, 18347, 10073, 0, 106]
Loop 913 [29716, 9, 485, 28653, 18081, 10224, 0, 104]
Loop 914 [35362, 9, 521, 34176, 18098, 15685, 0, 102]
Loop 915 [37462, 9, 548, 36323, 18461, 17562, 0, 106]
Loop 916 [29848, 9, 494, 28767, 18335, 10089, 0, 104]
Loop 917 [30498, 9, 481, 29441, 18698, 10405, 0, 104]
Loop 918 [30013, 9, 505, 28873, 18233, 10275, 0, 106]
Loop 919 [72968, 9, 521, 71729, 60295, 11022, 0, 103]
Loop 920 [31703, 9, 621, 30376, 19345, 10718, 0, 106]
Loop 921 [30364, 9, 532, 29244, 18682, 10215, 0, 104]
Loop 922 [29835, 9, 504, 28711, 18091, 10282, 0, 106]
Loop 923 [29784, 9, 507, 28676, 18199, 10138, 0, 102]
Loop 924 [29683, 9, 532, 28561, 18102, 10137, 0, 104]
Loop 925 [29828, 9, 543, 28683, 18175, 10155, 0, 102]
Loop 926 [29852, 9, 545, 28750, 18343, 10080, 0, 106]
Loop 927 [29758, 9, 541, 28609, 18073, 10202, 0, 106]
Loop 928 [36587, 9, 500, 35407, 18115, 16869, 0, 111]
Loop 929 [37564, 9, 596, 36367, 18664, 17324, 0, 106]
Loop 930 [30739, 9, 570, 29527, 18762, 10358, 0, 104]
Loop 931 [29937, 9, 514, 28820, 18352, 10130, 0, 106]
Loop 932 [29875, 9, 543, 28718, 18199, 10182, 0, 106]
Loop 933 [29779, 9, 540, 28645, 18037, 10284, 0, 102]
Loop 934 [30391, 9, 505, 29297, 18594, 10364, 0, 102]
Loop 935 [29789, 9, 533, 28634, 18099, 10176, 0, 103]
Loop 936 [30255, 9, 476, 29149, 18392, 10384, 0, 102]
Loop 937 [29886, 9, 487, 28783, 18257, 10167, 0, 104]
Loop 938 [30041, 9, 534, 28899, 18474, 10080, 0, 104]
Loop 939 [29897, 9, 498, 28800, 18215, 10206, 0, 102]
Loop 940 [29831, 9, 554, 28681, 18172, 10163, 0, 104]
Loop 941 [29928, 9, 554, 28769, 18173, 10240, 0, 106]
Loop 942 [30300, 9, 523, 29188, 18735, 10131, 0, 104]
Loop 943 [29635, 9, 521, 28522, 18107, 10069, 0, 104]
Loop 944 [29702, 9, 538, 28564, 18167, 10081, 0, 102]
Loop 945 [29770, 9, 514, 28683, 18159, 10200, 0, 104]
Loop 946 [30146, 9, 543, 28978, 18656, 9993, 0, 104]
Loop 947 [29855, 9, 514, 28743, 18181, 10179, 0, 102]
Loop 948 [29727, 9, 507, 28663, 18150, 10140, 0, 104]
Loop 949 [29749, 9, 490, 28687, 18231, 10113, 0, 104]
Loop 950 [30023, 9, 521, 28936, 18515, 10051, 0, 104]
Loop 951 [29980, 9, 514, 28869, 18189, 10322, 0, 104]
Loop 952 [29766, 9, 498, 28654, 18212, 10111, 0, 104]
Loop 953 [29861, 9, 515, 28749, 18117, 10281, 0, 102]
Loop 954 [30461, 9, 482, 29363, 18762, 10267, 0, 104]
Loop 955 [29879, 9, 499, 28767, 18219, 10218, 0, 104]
Loop 956 [29749, 9, 488, 28703, 18120, 10217, 0, 105]
Loop 957 [29973, 9, 502, 28888, 18266, 10273, 0, 102]
Loop 958 [36820, 9, 499, 35483, 24630, 10495, 0, 265]
Loop 959 [48150, 9, 552, 46938, 35548, 10960, 0, 107]
Loop 960 [30312, 9, 636, 29066, 18222, 10443, 0, 106]
Loop 961 [29993, 9, 542, 28831, 18288, 10187, 0, 105]
Loop 962 [29654, 9, 490, 28575, 17930, 10299, 0, 105]
Loop 963 [29510, 9, 521, 28433, 17962, 10136, 0, 106]
Loop 964 [29348, 9, 476, 28310, 17832, 10127, 0, 104]
Loop 965 [29521, 9, 503, 28432, 17875, 10225, 0, 102]
Loop 966 [29964, 9, 489, 28890, 18369, 10149, 0, 104]
Loop 967 [29731, 9, 529, 28590, 18006, 10216, 0, 102]
Loop 968 [29445, 9, 478, 28404, 17957, 10071, 0, 106]
Loop 969 [29670, 9, 541, 28532, 18025, 10175, 0, 106]
Loop 970 [29507, 9, 543, 28399, 18013, 10042, 0, 105]
Loop 971 [29821, 9, 500, 28744, 18354, 10047, 0, 104]
Loop 972 [29746, 9, 542, 28584, 18017, 10222, 0, 105]
Loop 973 [29713, 9, 501, 28618, 18049, 10180, 0, 108]
Loop 974 [29737, 9, 521, 28622, 18239, 10044, 0, 106]
Loop 975 [29802, 9, 519, 28665, 18241, 10075, 0, 103]
Loop 976 [29531, 9, 474, 28466, 17980, 10126, 0, 104]
Loop 977 [29612, 9, 501, 28523, 17852, 10300, 0, 105]
Loop 978 [46883, 9, 450, 45749, 28368, 16948, 0, 102]
Loop 979 [31193, 9, 656, 29930, 18703, 10810, 0, 104]
Loop 980 [29616, 9, 555, 28468, 18005, 10107, 0, 104]
Loop 981 [46047, 9, 524, 44814, 33680, 10714, 0, 106]
Loop 982 [30954, 9, 629, 29733, 18944, 10413, 0, 104]
Loop 983 [30236, 9, 550, 29051, 18381, 10288, 0, 102]
Loop 984 [29884, 9, 545, 28752, 18264, 10107, 0, 103]
Loop 985 [30781, 9, 521, 29645, 19142, 10131, 0, 106]
Loop 986 [39069, 9, 495, 37915, 20703, 16837, 0, 107]
Loop 987 [29913, 9, 510, 28803, 18187, 10267, 0, 102]
Loop 988 [29862, 9, 520, 28759, 18257, 10160, 0, 106]
Loop 989 [29654, 9, 503, 28571, 17931, 10251, 0, 106]
Loop 990 [29689, 9, 502, 28609, 17966, 10253, 0, 104]
Loop 991 [29581, 9, 512, 28488, 18027, 10087, 0, 102]
Loop 992 [29665, 9, 509, 28561, 17960, 10227, 0, 106]
Loop 993 [29932, 9, 519, 28820, 18290, 10154, 0, 108]
Loop 994 [29542, 9, 532, 28421, 17842, 10176, 0, 104]
Loop 995 [29416, 9, 505, 28313, 17800, 10159, 0, 104]
Loop 996 [29277, 9, 525, 28154, 17730, 10060, 0, 103]
Loop 997 [29443, 9, 501, 28359, 17863, 10122, 0, 106]
Loop 998 [29840, 9, 521, 28723, 18268, 10104, 0, 106]
Loop 999 [29384, 9, 503, 28286, 17795, 10137, 0, 105]
