writeECPipeline, filename /tmp1024eccache.dat, size 1024, encodingSplitSize 256, loop 1000, storageClass 0, locationClass 0, pureMonECSubStripeNum 1, isPureMonEC false
MicroEC Coding Ready

starting benchmark...
CrailConstants.REPLICATION_FACTOR has changed to 5
replicas primary file /tmp1024eccache.dat capacity 0
replicas slave file /tmp1024eccache.datLQL0 capacity 0
replicas slave file /tmp1024eccache.datLQL1 capacity 0
replicas slave file /tmp1024eccache.datLQL2 capacity 0
replicas slave file /tmp1024eccache.datLQL3 capacity 0
replicas slave file /tmp1024eccache.datLQL4 capacity 0
ops 1000
final loop (us) 20.36
Loop 0 (us) 56.56
Loop 1 (us) 52.364
Loop 2 (us) 50.136
Loop 3 (us) 59.535
Loop 4 (us) 38.763
Loop 5 (us) 44.799
Loop 6 (us) 37.514
Loop 7 (us) 56.818
Loop 8 (us) 37.181
Loop 9 (us) 36.968
Loop 10 (us) 37.302
Loop 11 (us) 35.882
Loop 12 (us) 32.802
Loop 13 (us) 31.805
Loop 14 (us) 32.771
Loop 15 (us) 32.561
Loop 16 (us) 36.044
Loop 17 (us) 32.683
Loop 18 (us) 30.791
Loop 19 (us) 34.423
Loop 20 (us) 31.638
Loop 21 (us) 33.736
Loop 22 (us) 32.632
Loop 23 (us) 29.917
Loop 24 (us) 31.405
Loop 25 (us) 32.35
Loop 26 (us) 31.504
Loop 27 (us) 34.686
Loop 28 (us) 33.498
Loop 29 (us) 33.187
Loop 30 (us) 31.528
Loop 31 (us) 31.118
Loop 32 (us) 30.422
Loop 33 (us) 31.135
Loop 34 (us) 31.73
Loop 35 (us) 31.089
Loop 36 (us) 30.166
Loop 37 (us) 41.466
Loop 38 (us) 37.272
Loop 39 (us) 28.8
Loop 40 (us) 29.008
Loop 41 (us) 40.202
Loop 42 (us) 28.765
Loop 43 (us) 28.605
Loop 44 (us) 28.414
Loop 45 (us) 28.61
Loop 46 (us) 28.528
Loop 47 (us) 30.53
Loop 48 (us) 29.603
Loop 49 (us) 29.491
Loop 50 (us) 29.478
Loop 51 (us) 29.055
Loop 52 (us) 28.37
Loop 53 (us) 29.006
Loop 54 (us) 30.356
Loop 55 (us) 29.128
Loop 56 (us) 29.431
Loop 57 (us) 35.293
Loop 58 (us) 29.124
Loop 59 (us) 29.073
Loop 60 (us) 27.987
Loop 61 (us) 34.88
Loop 62 (us) 47.595
Loop 63 (us) 29.808
Loop 64 (us) 52.948
Loop 65 (us) 56.544
Loop 66 (us) 41.425
Loop 67 (us) 30.819
Loop 68 (us) 135.184
Loop 69 (us) 45.975
Loop 70 (us) 31.706
Loop 71 (us) 27.083
Loop 72 (us) 26.744
Loop 73 (us) 28.132
Loop 74 (us) 27.082
Loop 75 (us) 26.684
Loop 76 (us) 26.842
Loop 77 (us) 26.732
Loop 78 (us) 36.111
Loop 79 (us) 28.122
Loop 80 (us) 27.881
Loop 81 (us) 108.662
Loop 82 (us) 29.662
Loop 83 (us) 26.952
Loop 84 (us) 26.983
Loop 85 (us) 27.12
Loop 86 (us) 47.847
Loop 87 (us) 29.689
Loop 88 (us) 48.83
Loop 89 (us) 53.047
Loop 90 (us) 39.858
Loop 91 (us) 28.33
Loop 92 (us) 27.843
Loop 93 (us) 27.936
Loop 94 (us) 26.834
Loop 95 (us) 36.279
Loop 96 (us) 27.688
Loop 97 (us) 27.464
Loop 98 (us) 26.581
Loop 99 (us) 35.197
Loop 100 (us) 26.963
Loop 101 (us) 26.812
Loop 102 (us) 26.362
Loop 103 (us) 26.671
Loop 104 (us) 26.804
Loop 105 (us) 36.264
Loop 106 (us) 27.883
Loop 107 (us) 26.87
Loop 108 (us) 26.319
Loop 109 (us) 30.155
Loop 110 (us) 26.6
Loop 111 (us) 27.654
Loop 112 (us) 27.175
Loop 113 (us) 27.384
Loop 114 (us) 26.877
Loop 115 (us) 26.398
Loop 116 (us) 29.85
Loop 117 (us) 26.81
Loop 118 (us) 26.092
Loop 119 (us) 26.411
Loop 120 (us) 26.557
Loop 121 (us) 27.435
Loop 122 (us) 27.923
Loop 123 (us) 27.291
Loop 124 (us) 26.64
Loop 125 (us) 26.976
Loop 126 (us) 26.604
Loop 127 (us) 28.993
Loop 128 (us) 28.626
Loop 129 (us) 27.725
Loop 130 (us) 26.2
Loop 131 (us) 26.959
Loop 132 (us) 25.949
Loop 133 (us) 26.595
Loop 134 (us) 27.125
Loop 135 (us) 26.518
Loop 136 (us) 26.066
Loop 137 (us) 28.8
Loop 138 (us) 26.786
Loop 139 (us) 26.214
Loop 140 (us) 25.962
Loop 141 (us) 26.165
Loop 142 (us) 25.935
Loop 143 (us) 25.971
Loop 144 (us) 45.189
Loop 145 (us) 37.343
Loop 146 (us) 27.747
Loop 147 (us) 26.19
Loop 148 (us) 25.962
Loop 149 (us) 25.826
Loop 150 (us) 25.718
Loop 151 (us) 27.612
Loop 152 (us) 26.414
Loop 153 (us) 26.5
Loop 154 (us) 25.867
Loop 155 (us) 25.678
Loop 156 (us) 26.093
Loop 157 (us) 27.171
Loop 158 (us) 26.113
Loop 159 (us) 25.605
Loop 160 (us) 25.753
Loop 161 (us) 26.381
Loop 162 (us) 26.223
Loop 163 (us) 26.136
Loop 164 (us) 33.31
Loop 165 (us) 26.941
Loop 166 (us) 25.966
Loop 167 (us) 26.163
Loop 168 (us) 30.853
Loop 169 (us) 27.002
Loop 170 (us) 25.86
Loop 171 (us) 25.821
Loop 172 (us) 26.061
Loop 173 (us) 25.61
Loop 174 (us) 38.544
Loop 175 (us) 26.854
Loop 176 (us) 25.483
Loop 177 (us) 27.123
Loop 178 (us) 25.667
Loop 179 (us) 37.261
Loop 180 (us) 27.136
Loop 181 (us) 25.489
Loop 182 (us) 25.295
Loop 183 (us) 25.428
Loop 184 (us) 25.173
Loop 185 (us) 25.814
Loop 186 (us) 25.345
Loop 187 (us) 24.73
Loop 188 (us) 25.202
Loop 189 (us) 25.086
Loop 190 (us) 25.203
Loop 191 (us) 24.896
Loop 192 (us) 26.3
Loop 193 (us) 26.556
Loop 194 (us) 36.843
Loop 195 (us) 28.714
Loop 196 (us) 25.561
Loop 197 (us) 26.639
Loop 198 (us) 25.484
Loop 199 (us) 25.481
Loop 200 (us) 24.763
Loop 201 (us) 26.012
Loop 202 (us) 25.679
Loop 203 (us) 25.542
Loop 204 (us) 25.734
Loop 205 (us) 25.379
Loop 206 (us) 27.663
Loop 207 (us) 24.703
Loop 208 (us) 24.776
Loop 209 (us) 28.445
Loop 210 (us) 25.406
Loop 211 (us) 24.862
Loop 212 (us) 24.904
Loop 213 (us) 24.723
Loop 214 (us) 24.584
Loop 215 (us) 24.958
Loop 216 (us) 26.222
Loop 217 (us) 25.549
Loop 218 (us) 24.379
Loop 219 (us) 24.807
Loop 220 (us) 30.713
Loop 221 (us) 25.279
Loop 222 (us) 25.286
Loop 223 (us) 24.682
Loop 224 (us) 24.794
Loop 225 (us) 25.909
Loop 226 (us) 25.326
Loop 227 (us) 25.124
Loop 228 (us) 25.556
Loop 229 (us) 24.983
Loop 230 (us) 28.28
Loop 231 (us) 24.84
Loop 232 (us) 32.294
Loop 233 (us) 26.101
Loop 234 (us) 25.069
Loop 235 (us) 25.356
Loop 236 (us) 26.762
Loop 237 (us) 24.63
Loop 238 (us) 24.821
Loop 239 (us) 25.363
Loop 240 (us) 24.615
Loop 241 (us) 25.246
Loop 242 (us) 24.625
Loop 243 (us) 24.415
Loop 244 (us) 25.758
Loop 245 (us) 24.723
Loop 246 (us) 25.155
Loop 247 (us) 25.206
Loop 248 (us) 24.838
Loop 249 (us) 25.629
Loop 250 (us) 24.803
Loop 251 (us) 24.577
Loop 252 (us) 24.57
Loop 253 (us) 24.718
Loop 254 (us) 24.672
Loop 255 (us) 48.538
Loop 256 (us) 27.794
Loop 257 (us) 25.799
Loop 258 (us) 25.317
Loop 259 (us) 24.403
Loop 260 (us) 25.837
Loop 261 (us) 24.96
Loop 262 (us) 24.076
Loop 263 (us) 24.087
Loop 264 (us) 23.86
Loop 265 (us) 26.498
Loop 266 (us) 24.076
Loop 267 (us) 29.704
Loop 268 (us) 43.72
Loop 269 (us) 25.687
Loop 270 (us) 23.54
Loop 271 (us) 23.576
Loop 272 (us) 23.225
Loop 273 (us) 24.138
Loop 274 (us) 47.895
Loop 275 (us) 23.701
Loop 276 (us) 22.895
Loop 277 (us) 22.961
Loop 278 (us) 22.94
Loop 279 (us) 50.618
Loop 280 (us) 29.913
Loop 281 (us) 24.06
Loop 282 (us) 22.93
Loop 283 (us) 23.121
Loop 284 (us) 37.205
Loop 285 (us) 24.249
Loop 286 (us) 22.82
Loop 287 (us) 22.79
Loop 288 (us) 22.825
Loop 289 (us) 23.533
Loop 290 (us) 27.55
Loop 291 (us) 23.161
Loop 292 (us) 22.984
Loop 293 (us) 23.404
Loop 294 (us) 23.046
Loop 295 (us) 22.874
Loop 296 (us) 22.872
Loop 297 (us) 23.061
Loop 298 (us) 22.573
Loop 299 (us) 24.243
Loop 300 (us) 22.948
Loop 301 (us) 22.549
Loop 302 (us) 22.682
Loop 303 (us) 23.671
Loop 304 (us) 22.673
Loop 305 (us) 23.057
Loop 306 (us) 22.543
Loop 307 (us) 22.661
Loop 308 (us) 22.773
Loop 309 (us) 22.83
Loop 310 (us) 33.239
Loop 311 (us) 24.038
Loop 312 (us) 22.702
Loop 313 (us) 23.181
Loop 314 (us) 22.448
Loop 315 (us) 23.255
Loop 316 (us) 22.671
Loop 317 (us) 23.404
Loop 318 (us) 23.005
Loop 319 (us) 22.702
Loop 320 (us) 22.557
Loop 321 (us) 23.427
Loop 322 (us) 37.467
Loop 323 (us) 23.808
Loop 324 (us) 22.768
Loop 325 (us) 21.935
Loop 326 (us) 21.698
Loop 327 (us) 22.222
Loop 328 (us) 21.623
Loop 329 (us) 22.656
Loop 330 (us) 22.013
Loop 331 (us) 22.024
Loop 332 (us) 21.836
Loop 333 (us) 22.697
Loop 334 (us) 22.03
Loop 335 (us) 22.006
Loop 336 (us) 22.508
Loop 337 (us) 22.618
Loop 338 (us) 21.922
Loop 339 (us) 22.352
Loop 340 (us) 22.278
Loop 341 (us) 22.268
Loop 342 (us) 21.658
Loop 343 (us) 21.986
Loop 344 (us) 22.507
Loop 345 (us) 23.039
Loop 346 (us) 22.049
Loop 347 (us) 21.948
Loop 348 (us) 21.771
Loop 349 (us) 22.155
Loop 350 (us) 21.92
Loop 351 (us) 21.878
Loop 352 (us) 21.787
Loop 353 (us) 22.525
Loop 354 (us) 21.603
Loop 355 (us) 21.973
Loop 356 (us) 21.762
Loop 357 (us) 21.763
Loop 358 (us) 22.475
Loop 359 (us) 22.158
Loop 360 (us) 21.854
Loop 361 (us) 22.536
Loop 362 (us) 21.831
Loop 363 (us) 22.19
Loop 364 (us) 22.252
Loop 365 (us) 21.74
Loop 366 (us) 41.225
Loop 367 (us) 22.579
Loop 368 (us) 21.316
Loop 369 (us) 27.907
Loop 370 (us) 22.502
Loop 371 (us) 21.377
Loop 372 (us) 21.224
Loop 373 (us) 21.21
Loop 374 (us) 25.011
Loop 375 (us) 21.142
Loop 376 (us) 21.379
Loop 377 (us) 24.461
Loop 378 (us) 21.703
Loop 379 (us) 21.495
Loop 380 (us) 21.35
Loop 381 (us) 22.302
Loop 382 (us) 21.383
Loop 383 (us) 21.526
Loop 384 (us) 21.333
Loop 385 (us) 24.028
Loop 386 (us) 36.472
Loop 387 (us) 23.119
Loop 388 (us) 21.527
Loop 389 (us) 21.157
Loop 390 (us) 21.304
Loop 391 (us) 21.292
Loop 392 (us) 21.318
Loop 393 (us) 24.401
Loop 394 (us) 21.311
Loop 395 (us) 21.329
Loop 396 (us) 21.237
Loop 397 (us) 20.907
Loop 398 (us) 21.29
Loop 399 (us) 20.886
Loop 400 (us) 21.045
Loop 401 (us) 24.258
Loop 402 (us) 21.519
Loop 403 (us) 21.082
Loop 404 (us) 21.202
Loop 405 (us) 21.991
Loop 406 (us) 21.924
Loop 407 (us) 25.169
Loop 408 (us) 21.915
Loop 409 (us) 23.692
Loop 410 (us) 21.373
Loop 411 (us) 21.672
Loop 412 (us) 21.707
Loop 413 (us) 21.182
Loop 414 (us) 21.058
Loop 415 (us) 20.943
Loop 416 (us) 21.182
Loop 417 (us) 24.251
Loop 418 (us) 21.716
Loop 419 (us) 21.098
Loop 420 (us) 21.643
Loop 421 (us) 21.104
Loop 422 (us) 21.202
Loop 423 (us) 21.0
Loop 424 (us) 21.142
Loop 425 (us) 23.473
Loop 426 (us) 21.428
Loop 427 (us) 21.21
Loop 428 (us) 21.335
Loop 429 (us) 26.103
Loop 430 (us) 21.467
Loop 431 (us) 23.004
Loop 432 (us) 22.108
Loop 433 (us) 23.991
Loop 434 (us) 21.896
Loop 435 (us) 21.27
Loop 436 (us) 22.789
Loop 437 (us) 21.567
Loop 438 (us) 21.393
Loop 439 (us) 21.275
Loop 440 (us) 21.774
Loop 441 (us) 27.619
Loop 442 (us) 22.179
Loop 443 (us) 21.29
Loop 444 (us) 21.597
Loop 445 (us) 20.926
Loop 446 (us) 21.198
Loop 447 (us) 39.064
Loop 448 (us) 520.61
Loop 449 (us) 24.914
Loop 450 (us) 21.678
Loop 451 (us) 21.085
Loop 452 (us) 21.211
Loop 453 (us) 20.891
Loop 454 (us) 21.275
Loop 455 (us) 20.845
Loop 456 (us) 21.366
Loop 457 (us) 25.78
Loop 458 (us) 21.991
Loop 459 (us) 21.118
Loop 460 (us) 22.077
Loop 461 (us) 21.164
Loop 462 (us) 21.498
Loop 463 (us) 20.958
Loop 464 (us) 21.162
Loop 465 (us) 23.679
Loop 466 (us) 21.537
Loop 467 (us) 21.226
Loop 468 (us) 21.208
Loop 469 (us) 21.053
Loop 470 (us) 21.13
Loop 471 (us) 21.289
Loop 472 (us) 22.227
Loop 473 (us) 23.686
Loop 474 (us) 21.468
Loop 475 (us) 21.091
Loop 476 (us) 21.435
Loop 477 (us) 21.173
Loop 478 (us) 21.1
Loop 479 (us) 21.169
Loop 480 (us) 21.069
Loop 481 (us) 23.613
Loop 482 (us) 21.385
Loop 483 (us) 21.527
Loop 484 (us) 25.642
Loop 485 (us) 21.541
Loop 486 (us) 21.366
Loop 487 (us) 21.087
Loop 488 (us) 20.985
Loop 489 (us) 23.917
Loop 490 (us) 21.373
Loop 491 (us) 21.379
Loop 492 (us) 21.29
Loop 493 (us) 21.926
Loop 494 (us) 21.055
Loop 495 (us) 21.053
Loop 496 (us) 21.144
Loop 497 (us) 24.182
Loop 498 (us) 21.518
Loop 499 (us) 21.171
Loop 500 (us) 21.304
Loop 501 (us) 21.085
Loop 502 (us) 21.105
Loop 503 (us) 20.927
Loop 504 (us) 21.102
Loop 505 (us) 23.528
Loop 506 (us) 21.377
Loop 507 (us) 21.043
Loop 508 (us) 21.197
Loop 509 (us) 21.727
Loop 510 (us) 20.977
Loop 511 (us) 21.148
Loop 512 (us) 21.018
Loop 513 (us) 24.111
Loop 514 (us) 21.295
Loop 515 (us) 21.361
Loop 516 (us) 21.146
Loop 517 (us) 21.028
Loop 518 (us) 21.492
Loop 519 (us) 21.117
Loop 520 (us) 21.065
Loop 521 (us) 27.752
Loop 522 (us) 21.422
Loop 523 (us) 21.366
Loop 524 (us) 21.213
Loop 525 (us) 21.251
Loop 526 (us) 21.257
Loop 527 (us) 21.057
Loop 528 (us) 21.018
Loop 529 (us) 23.699
Loop 530 (us) 21.225
Loop 531 (us) 20.998
Loop 532 (us) 21.098
Loop 533 (us) 21.04
Loop 534 (us) 21.809
Loop 535 (us) 21.335
Loop 536 (us) 21.101
Loop 537 (us) 23.774
Loop 538 (us) 21.038
Loop 539 (us) 21.066
Loop 540 (us) 21.069
Loop 541 (us) 21.224
Loop 542 (us) 21.135
Loop 543 (us) 20.963
Loop 544 (us) 21.0
Loop 545 (us) 23.651
Loop 546 (us) 21.93
Loop 547 (us) 21.47
Loop 548 (us) 21.155
Loop 549 (us) 22.15
Loop 550 (us) 21.2
Loop 551 (us) 21.323
Loop 552 (us) 21.253
Loop 553 (us) 23.522
Loop 554 (us) 21.23
Loop 555 (us) 20.904
Loop 556 (us) 21.161
Loop 557 (us) 21.036
Loop 558 (us) 21.581
Loop 559 (us) 21.484
Loop 560 (us) 39.162
Loop 561 (us) 31.277
Loop 562 (us) 21.991
Loop 563 (us) 20.898
Loop 564 (us) 20.951
Loop 565 (us) 21.184
Loop 566 (us) 20.869
Loop 567 (us) 21.064
Loop 568 (us) 20.783
Loop 569 (us) 23.495
Loop 570 (us) 21.724
Loop 571 (us) 23.693
Loop 572 (us) 23.134
Loop 573 (us) 21.754
Loop 574 (us) 21.556
Loop 575 (us) 21.189
Loop 576 (us) 20.987
Loop 577 (us) 24.845
Loop 578 (us) 22.194
Loop 579 (us) 23.312
Loop 580 (us) 20.834
Loop 581 (us) 20.739
Loop 582 (us) 20.793
Loop 583 (us) 21.023
Loop 584 (us) 20.562
Loop 585 (us) 20.963
Loop 586 (us) 20.785
Loop 587 (us) 20.782
Loop 588 (us) 20.774
Loop 589 (us) 20.561
Loop 590 (us) 20.666
Loop 591 (us) 20.597
Loop 592 (us) 21.452
Loop 593 (us) 20.889
Loop 594 (us) 20.911
Loop 595 (us) 20.742
Loop 596 (us) 20.558
Loop 597 (us) 21.694
Loop 598 (us) 20.634
Loop 599 (us) 20.918
Loop 600 (us) 20.675
Loop 601 (us) 22.328
Loop 602 (us) 21.43
Loop 603 (us) 20.94
Loop 604 (us) 20.752
Loop 605 (us) 20.805
Loop 606 (us) 20.63
Loop 607 (us) 20.557
Loop 608 (us) 20.617
Loop 609 (us) 20.52
Loop 610 (us) 20.644
Loop 611 (us) 20.658
Loop 612 (us) 20.49
Loop 613 (us) 20.677
Loop 614 (us) 20.435
Loop 615 (us) 20.655
Loop 616 (us) 20.198
Loop 617 (us) 20.699
Loop 618 (us) 20.576
Loop 619 (us) 20.832
Loop 620 (us) 26.91
Loop 621 (us) 25.601
Loop 622 (us) 21.072
Loop 623 (us) 20.728
Loop 624 (us) 20.435
Loop 625 (us) 20.703
Loop 626 (us) 20.921
Loop 627 (us) 20.703
Loop 628 (us) 20.551
Loop 629 (us) 20.809
Loop 630 (us) 20.703
Loop 631 (us) 20.972
Loop 632 (us) 20.517
Loop 633 (us) 20.697
Loop 634 (us) 20.706
Loop 635 (us) 20.706
Loop 636 (us) 20.624
Loop 637 (us) 20.874
Loop 638 (us) 20.645
Loop 639 (us) 20.789
Loop 640 (us) 20.652
Loop 641 (us) 20.735
Loop 642 (us) 20.739
Loop 643 (us) 25.988
Loop 644 (us) 20.623
Loop 645 (us) 20.624
Loop 646 (us) 20.662
Loop 647 (us) 20.863
Loop 648 (us) 20.594
Loop 649 (us) 20.637
Loop 650 (us) 20.448
Loop 651 (us) 20.608
Loop 652 (us) 20.357
Loop 653 (us) 20.519
Loop 654 (us) 20.57
Loop 655 (us) 20.534
Loop 656 (us) 20.28
Loop 657 (us) 20.383
Loop 658 (us) 20.497
Loop 659 (us) 20.572
Loop 660 (us) 20.442
Loop 661 (us) 20.762
Loop 662 (us) 20.629
Loop 663 (us) 22.051
Loop 664 (us) 20.96
Loop 665 (us) 20.663
Loop 666 (us) 25.133
Loop 667 (us) 20.846
Loop 668 (us) 20.809
Loop 669 (us) 20.681
Loop 670 (us) 20.601
Loop 671 (us) 20.783
Loop 672 (us) 20.67
Loop 673 (us) 20.709
Loop 674 (us) 20.689
Loop 675 (us) 20.805
Loop 676 (us) 21.724
Loop 677 (us) 20.836
Loop 678 (us) 20.747
Loop 679 (us) 20.821
Loop 680 (us) 20.564
Loop 681 (us) 20.61
Loop 682 (us) 20.613
Loop 683 (us) 20.604
Loop 684 (us) 20.728
Loop 685 (us) 23.344
Loop 686 (us) 20.654
Loop 687 (us) 20.679
Loop 688 (us) 20.834
Loop 689 (us) 24.47
Loop 690 (us) 21.24
Loop 691 (us) 20.77
Loop 692 (us) 20.517
Loop 693 (us) 20.668
Loop 694 (us) 20.645
Loop 695 (us) 20.727
Loop 696 (us) 20.553
Loop 697 (us) 20.692
Loop 698 (us) 20.471
Loop 699 (us) 20.577
Loop 700 (us) 508.631
Loop 701 (us) 27.867
Loop 702 (us) 20.889
Loop 703 (us) 20.647
Loop 704 (us) 20.696
Loop 705 (us) 20.524
Loop 706 (us) 20.75
Loop 707 (us) 20.614
Loop 708 (us) 20.642
Loop 709 (us) 20.494
Loop 710 (us) 20.557
Loop 711 (us) 20.481
Loop 712 (us) 20.52
Loop 713 (us) 20.664
Loop 714 (us) 20.386
Loop 715 (us) 20.306
Loop 716 (us) 20.504
Loop 717 (us) 20.249
Loop 718 (us) 20.748
Loop 719 (us) 20.422
Loop 720 (us) 20.34
Loop 721 (us) 20.354
Loop 722 (us) 20.523
Loop 723 (us) 20.65
Loop 724 (us) 25.37
Loop 725 (us) 20.97
Loop 726 (us) 20.733
Loop 727 (us) 20.594
Loop 728 (us) 20.626
Loop 729 (us) 20.433
Loop 730 (us) 20.545
Loop 731 (us) 20.467
Loop 732 (us) 20.659
Loop 733 (us) 20.812
Loop 734 (us) 20.588
Loop 735 (us) 20.4
Loop 736 (us) 20.654
Loop 737 (us) 20.149
Loop 738 (us) 20.424
Loop 739 (us) 20.373
Loop 740 (us) 20.681
Loop 741 (us) 20.619
Loop 742 (us) 21.022
Loop 743 (us) 20.622
Loop 744 (us) 20.482
Loop 745 (us) 20.375
Loop 746 (us) 20.683
Loop 747 (us) 20.464
Loop 748 (us) 23.035
Loop 749 (us) 20.942
Loop 750 (us) 20.602
Loop 751 (us) 20.513
Loop 752 (us) 46.089
Loop 753 (us) 23.037
Loop 754 (us) 20.839
Loop 755 (us) 20.397
Loop 756 (us) 20.408
Loop 757 (us) 20.51
Loop 758 (us) 20.535
Loop 759 (us) 20.34
Loop 760 (us) 20.331
Loop 761 (us) 20.298
Loop 762 (us) 20.275
Loop 763 (us) 20.284
Loop 764 (us) 20.486
Loop 765 (us) 20.405
Loop 766 (us) 20.404
Loop 767 (us) 20.353
Loop 768 (us) 20.239
Loop 769 (us) 20.124
Loop 770 (us) 25.667
Loop 771 (us) 20.407
Loop 772 (us) 21.618
Loop 773 (us) 20.34
Loop 774 (us) 20.212
Loop 775 (us) 20.389
Loop 776 (us) 20.256
Loop 777 (us) 20.356
Loop 778 (us) 20.218
Loop 779 (us) 20.107
Loop 780 (us) 20.322
Loop 781 (us) 20.307
Loop 782 (us) 20.378
Loop 783 (us) 20.455
Loop 784 (us) 20.089
Loop 785 (us) 20.176
Loop 786 (us) 20.506
Loop 787 (us) 20.439
Loop 788 (us) 20.521
Loop 789 (us) 20.322
Loop 790 (us) 20.196
Loop 791 (us) 20.282
Loop 792 (us) 20.353
Loop 793 (us) 75.137
Loop 794 (us) 42.927
Loop 795 (us) 23.94
Loop 796 (us) 21.798
Loop 797 (us) 21.24
Loop 798 (us) 21.311
Loop 799 (us) 24.537
Loop 800 (us) 21.674
Loop 801 (us) 21.273
Loop 802 (us) 21.485
Loop 803 (us) 21.337
Loop 804 (us) 21.539
Loop 805 (us) 22.075
Loop 806 (us) 21.535
Loop 807 (us) 21.578
Loop 808 (us) 21.547
Loop 809 (us) 21.791
Loop 810 (us) 21.712
Loop 811 (us) 21.43
Loop 812 (us) 21.546
Loop 813 (us) 21.443
Loop 814 (us) 37.68
Loop 815 (us) 24.144
Loop 816 (us) 22.505
Loop 817 (us) 21.663
Loop 818 (us) 21.419
Loop 819 (us) 36.31
Loop 820 (us) 22.46
Loop 821 (us) 20.762
Loop 822 (us) 20.74
Loop 823 (us) 20.551
Loop 824 (us) 20.447
Loop 825 (us) 20.603
Loop 826 (us) 20.601
Loop 827 (us) 29.241
Loop 828 (us) 20.593
Loop 829 (us) 40.791
Loop 830 (us) 22.574
Loop 831 (us) 20.53
Loop 832 (us) 20.481
Loop 833 (us) 20.3
Loop 834 (us) 20.532
Loop 835 (us) 20.36
Loop 836 (us) 20.459
Loop 837 (us) 20.291
Loop 838 (us) 20.251
Loop 839 (us) 20.42
Loop 840 (us) 20.549
Loop 841 (us) 20.504
Loop 842 (us) 20.393
Loop 843 (us) 20.936
Loop 844 (us) 20.307
Loop 845 (us) 20.466
Loop 846 (us) 20.424
Loop 847 (us) 20.331
Loop 848 (us) 24.765
Loop 849 (us) 20.775
Loop 850 (us) 20.466
Loop 851 (us) 20.202
Loop 852 (us) 20.351
Loop 853 (us) 20.371
Loop 854 (us) 20.943
Loop 855 (us) 20.353
Loop 856 (us) 20.637
Loop 857 (us) 20.308
Loop 858 (us) 20.305
Loop 859 (us) 20.309
Loop 860 (us) 20.454
Loop 861 (us) 20.344
Loop 862 (us) 20.442
Loop 863 (us) 20.336
Loop 864 (us) 20.344
Loop 865 (us) 20.3
Loop 866 (us) 20.302
Loop 867 (us) 20.311
Loop 868 (us) 20.451
Loop 869 (us) 20.329
Loop 870 (us) 20.271
Loop 871 (us) 23.863
Loop 872 (us) 21.014
Loop 873 (us) 20.415
Loop 874 (us) 20.328
Loop 875 (us) 20.202
Loop 876 (us) 20.349
Loop 877 (us) 20.291
Loop 878 (us) 20.255
Loop 879 (us) 20.269
Loop 880 (us) 20.114
Loop 881 (us) 20.413
Loop 882 (us) 20.329
Loop 883 (us) 20.193
Loop 884 (us) 20.353
Loop 885 (us) 20.265
Loop 886 (us) 20.22
Loop 887 (us) 20.1
Loop 888 (us) 20.291
Loop 889 (us) 20.313
Loop 890 (us) 20.219
Loop 891 (us) 20.287
Loop 892 (us) 20.362
Loop 893 (us) 20.34
Loop 894 (us) 20.402
Loop 895 (us) 21.199
Loop 896 (us) 20.515
Loop 897 (us) 20.402
Loop 898 (us) 20.273
Loop 899 (us) 20.273
Loop 900 (us) 20.435
Loop 901 (us) 20.481
Loop 902 (us) 20.482
Loop 903 (us) 20.444
Loop 904 (us) 20.315
Loop 905 (us) 20.326
Loop 906 (us) 20.236
Loop 907 (us) 20.404
Loop 908 (us) 20.324
Loop 909 (us) 20.48
Loop 910 (us) 20.432
Loop 911 (us) 20.322
Loop 912 (us) 20.178
Loop 913 (us) 21.064
Loop 914 (us) 20.296
Loop 915 (us) 20.313
Loop 916 (us) 20.579
Loop 917 (us) 20.572
Loop 918 (us) 24.379
Loop 919 (us) 22.422
Loop 920 (us) 20.791
Loop 921 (us) 20.322
Loop 922 (us) 20.271
Loop 923 (us) 20.304
Loop 924 (us) 20.402
Loop 925 (us) 20.47
Loop 926 (us) 20.506
Loop 927 (us) 20.491
Loop 928 (us) 20.309
Loop 929 (us) 20.351
Loop 930 (us) 20.326
Loop 931 (us) 20.461
Loop 932 (us) 21.025
Loop 933 (us) 20.559
Loop 934 (us) 20.48
Loop 935 (us) 20.497
Loop 936 (us) 20.262
Loop 937 (us) 20.627
Loop 938 (us) 20.413
Loop 939 (us) 20.65
Loop 940 (us) 20.521
Loop 941 (us) 24.211
Loop 942 (us) 20.756
Loop 943 (us) 21.386
Loop 944 (us) 20.428
Loop 945 (us) 20.497
Loop 946 (us) 20.209
Loop 947 (us) 20.515
Loop 948 (us) 20.309
Loop 949 (us) 20.462
Loop 950 (us) 20.212
Loop 951 (us) 20.428
Loop 952 (us) 20.513
Loop 953 (us) 20.486
Loop 954 (us) 20.07
Loop 955 (us) 20.674
Loop 956 (us) 20.557
Loop 957 (us) 489.718
Loop 958 (us) 21.286
Loop 959 (us) 20.466
Loop 960 (us) 20.306
Loop 961 (us) 20.599
Loop 962 (us) 20.207
Loop 963 (us) 20.575
Loop 964 (us) 20.208
Loop 965 (us) 20.577
Loop 966 (us) 20.269
Loop 967 (us) 20.625
Loop 968 (us) 20.282
Loop 969 (us) 20.446
Loop 970 (us) 20.236
Loop 971 (us) 20.566
Loop 972 (us) 20.265
Loop 973 (us) 20.611
Loop 974 (us) 20.203
Loop 975 (us) 20.467
Loop 976 (us) 20.099
Loop 977 (us) 24.147
Loop 978 (us) 20.389
Loop 979 (us) 20.754
Loop 980 (us) 20.391
Loop 981 (us) 20.703
Loop 982 (us) 20.204
Loop 983 (us) 20.562
Loop 984 (us) 20.439
Loop 985 (us) 21.581
Loop 986 (us) 20.517
Loop 987 (us) 20.663
Loop 988 (us) 20.322
Loop 989 (us) 20.502
Loop 990 (us) 20.347
Loop 991 (us) 20.324
Loop 992 (us) 20.422
Loop 993 (us) 20.428
Loop 994 (us) 20.165
Loop 995 (us) 20.487
Loop 996 (us) 20.085
Loop 997 (us) 20.244
Loop 998 (us) 20.203
Loop 999 (us) 20.36
Warmup times 0
avgLoopLatency(us) 25.529322
iops 39170.64464148323
variance 27.348852130177537
Loop 0 [56560, 13104, 22976, 8670]
Loop 1 [52364, 5037, 30697, 7924]
Loop 2 [50136, 4397, 20548, 7632]
Loop 3 [59535, 4234, 21519, 26881]
Loop 4 [38763, 4279, 20982, 7012]
Loop 5 [44799, 3774, 28473, 6847]
Loop 6 [37514, 4033, 20746, 7138]
Loop 7 [56818, 3645, 32918, 15033]
Loop 8 [37181, 4131, 21608, 6119]
Loop 9 [36968, 4098, 21249, 6306]
Loop 10 [37302, 3907, 21883, 6360]
Loop 11 [35882, 3643, 21585, 5795]
Loop 12 [32802, 3253, 19073, 5930]
Loop 13 [31805, 3347, 18312, 5554]
Loop 14 [32771, 3355, 18814, 5659]
Loop 15 [32561, 3531, 18071, 6216]
Loop 16 [36044, 3966, 21144, 6098]
Loop 17 [32683, 3430, 18733, 5978]
Loop 18 [30791, 3572, 17260, 5575]
Loop 19 [34423, 3171, 20649, 6008]
Loop 20 [31638, 3399, 17751, 5733]
Loop 21 [33736, 3240, 19991, 5547]
Loop 22 [32632, 3151, 18620, 5987]
Loop 23 [29917, 3308, 16148, 5998]
Loop 24 [31405, 3222, 17038, 5977]
Loop 25 [32350, 3621, 16974, 6346]
Loop 26 [31504, 3387, 17231, 5768]
Loop 27 [34686, 3174, 20670, 5974]
Loop 28 [33498, 3215, 19311, 6113]
Loop 29 [33187, 3167, 19285, 5592]
Loop 30 [31528, 3314, 17411, 5833]
Loop 31 [31118, 3344, 16688, 5928]
Loop 32 [30422, 3211, 16936, 5544]
Loop 33 [31135, 3257, 16726, 6126]
Loop 34 [31730, 3175, 17860, 5912]
Loop 35 [31089, 3510, 16850, 5792]
Loop 36 [30166, 3027, 16161, 5914]
Loop 37 [41466, 3375, 26544, 7058]
Loop 38 [37272, 3672, 16352, 12815]
Loop 39 [28800, 2994, 15826, 5582]
Loop 40 [29008, 2999, 16458, 5306]
Loop 41 [40202, 3044, 27143, 5641]
Loop 42 [28765, 3133, 15615, 5700]
Loop 43 [28605, 3027, 16070, 5284]
Loop 44 [28414, 2920, 15469, 5622]
Loop 45 [28610, 2967, 15660, 5684]
Loop 46 [28528, 2923, 15487, 5831]
Loop 47 [30530, 3181, 16463, 6034]
Loop 48 [29603, 3085, 16313, 5874]
Loop 49 [29491, 3157, 15771, 5981]
Loop 50 [29478, 2952, 16513, 5509]
Loop 51 [29055, 3004, 16055, 5551]
Loop 52 [28370, 2887, 15637, 5276]
Loop 53 [29006, 3019, 15922, 5615]
Loop 54 [30356, 3067, 16725, 5731]
Loop 55 [29128, 3128, 15704, 5662]
Loop 56 [29431, 2883, 16034, 6273]
Loop 57 [35293, 3062, 21621, 6045]
Loop 58 [29124, 3328, 15666, 5875]
Loop 59 [29073, 3022, 16132, 5624]
Loop 60 [27987, 2872, 15472, 5340]
Loop 61 [34880, 4100, 18844, 6637]
Loop 62 [47595, 3426, 16337, 22853]
Loop 63 [29808, 3332, 16196, 5729]
Loop 64 [52948, 3573, 37712, 6739]
Loop 65 [56544, 4660, 38741, 7277]
Loop 66 [41425, 3660, 17207, 15509]
Loop 67 [30819, 2985, 16477, 6409]
Loop 68 [135184, 3518, 17337, 109504]
Loop 69 [45975, 4157, 30014, 6843]
Loop 70 [31706, 3938, 16341, 6464]
Loop 71 [27083, 2925, 14824, 5024]
Loop 72 [26744, 2788, 14199, 5535]
Loop 73 [28132, 2952, 15240, 5445]
Loop 74 [27082, 2861, 14967, 5019]
Loop 75 [26684, 2821, 14143, 5489]
Loop 76 [26842, 2832, 14208, 5518]
Loop 77 [26732, 2770, 14780, 4981]
Loop 78 [36111, 2787, 14707, 14359]
Loop 79 [28122, 3051, 15206, 5482]
Loop 80 [27881, 3045, 14860, 5624]
Loop 81 [108662, 3534, 16280, 35891]
Loop 82 [29662, 3597, 15538, 5732]
Loop 83 [26952, 2839, 14684, 5181]
Loop 84 [26983, 2877, 14348, 5435]
Loop 85 [27120, 2862, 14567, 5476]
Loop 86 [47847, 3171, 21292, 5766]
Loop 87 [29689, 3311, 15278, 6397]
Loop 88 [48830, 2928, 27612, 12950]
Loop 89 [53047, 3585, 27785, 15064]
Loop 90 [39858, 3339, 15580, 16174]
Loop 91 [28330, 3082, 15179, 5469]
Loop 92 [27843, 2994, 14613, 5859]
Loop 93 [27936, 2952, 14684, 5770]
Loop 94 [26834, 2882, 14354, 5072]
Loop 95 [36279, 2846, 23258, 5775]
Loop 96 [27688, 3120, 14718, 5447]
Loop 97 [27464, 2996, 14722, 5245]
Loop 98 [26581, 2850, 14357, 5072]
Loop 99 [35197, 2947, 21583, 6395]
Loop 100 [26963, 3277, 14258, 5146]
Loop 101 [26812, 2885, 14687, 4969]
Loop 102 [26362, 2808, 13879, 5465]
Loop 103 [26671, 2787, 14266, 5420]
Loop 104 [26804, 2813, 14224, 5504]
Loop 105 [36264, 3009, 22931, 5970]
Loop 106 [27883, 3102, 14878, 5517]
Loop 107 [26870, 2971, 14283, 5400]
Loop 108 [26319, 2883, 14175, 5063]
Loop 109 [30155, 2899, 14248, 8809]
Loop 110 [26600, 2967, 14264, 5155]
Loop 111 [27654, 3015, 14678, 5596]
Loop 112 [27175, 3036, 14343, 5471]
Loop 113 [27384, 3015, 14671, 5379]
Loop 114 [26877, 2930, 14311, 5429]
Loop 115 [26398, 2879, 14282, 4962]
Loop 116 [29850, 3036, 14442, 5561]
Loop 117 [26810, 2896, 14288, 5327]
Loop 118 [26092, 2886, 14051, 4995]
Loop 119 [26411, 2848, 14216, 5008]
Loop 120 [26557, 2796, 14516, 5039]
Loop 121 [27435, 3058, 14659, 5245]
Loop 122 [27923, 3111, 14762, 5683]
Loop 123 [27291, 3013, 14445, 5546]
Loop 124 [26640, 2871, 14136, 5349]
Loop 125 [26976, 2896, 14736, 5110]
Loop 126 [26604, 2910, 14288, 5038]
Loop 127 [28993, 2989, 14558, 5139]
Loop 128 [28626, 2991, 15272, 5540]
Loop 129 [27725, 2905, 14948, 5749]
Loop 130 [26200, 2934, 14135, 5008]
Loop 131 [26959, 2865, 14843, 5281]
Loop 132 [25949, 2846, 14160, 4975]
Loop 133 [26595, 2960, 14678, 4957]
Loop 134 [27125, 2942, 14769, 5279]
Loop 135 [26518, 3058, 14366, 4941]
Loop 136 [26066, 2779, 14213, 5078]
Loop 137 [28800, 3060, 14835, 6782]
Loop 138 [26786, 2892, 14027, 5887]
Loop 139 [26214, 2858, 14503, 4925]
Loop 140 [25962, 2820, 14195, 5032]
Loop 141 [26165, 2899, 14343, 4883]
Loop 142 [25935, 2805, 14038, 5030]
Loop 143 [25971, 2818, 14246, 4864]
Loop 144 [45189, 3140, 14742, 5854]
Loop 145 [37343, 3554, 15760, 5946]
Loop 146 [27747, 3281, 15046, 5195]
Loop 147 [26190, 2921, 14267, 5027]
Loop 148 [25962, 2838, 14301, 4994]
Loop 149 [25826, 2841, 14189, 4954]
Loop 150 [25718, 2863, 14063, 5021]
Loop 151 [27612, 2976, 14634, 5190]
Loop 152 [26414, 2905, 14472, 5143]
Loop 153 [26500, 2883, 14461, 5136]
Loop 154 [25867, 2861, 14198, 4944]
Loop 155 [25678, 2825, 13931, 5117]
Loop 156 [26093, 2890, 14356, 4995]
Loop 157 [27171, 2944, 14915, 5212]
Loop 158 [26113, 2959, 14162, 5045]
Loop 159 [25605, 2832, 13903, 5030]
Loop 160 [25753, 2748, 14146, 5034]
Loop 161 [26381, 2885, 14343, 5154]
Loop 162 [26223, 2829, 14495, 5072]
Loop 163 [26136, 2962, 14317, 4960]
Loop 164 [33310, 2923, 20907, 5469]
Loop 165 [26941, 3134, 14776, 4957]
Loop 166 [25966, 2821, 14173, 5021]
Loop 167 [26163, 2841, 14255, 5124]
Loop 168 [30853, 2890, 18832, 5245]
Loop 169 [27002, 3244, 14491, 5141]
Loop 170 [25860, 2920, 14080, 4982]
Loop 171 [25821, 2846, 14136, 4975]
Loop 172 [26061, 2982, 14186, 4993]
Loop 173 [25610, 2821, 13865, 5003]
Loop 174 [38544, 2815, 26154, 5553]
Loop 175 [26854, 3069, 14685, 5046]
Loop 176 [25483, 2872, 13706, 5024]
Loop 177 [27123, 2834, 15052, 5161]
Loop 178 [25667, 2810, 13914, 5075]
Loop 179 [37261, 2799, 25075, 5389]
Loop 180 [27136, 3244, 14289, 5327]
Loop 181 [25489, 2950, 13672, 4918]
Loop 182 [25295, 2826, 13372, 5201]
Loop 183 [25428, 2874, 13328, 5353]
Loop 184 [25173, 2823, 13432, 5066]
Loop 185 [25814, 2911, 13674, 5219]
Loop 186 [25345, 2801, 13575, 5051]
Loop 187 [24730, 2730, 13256, 4955]
Loop 188 [25202, 2822, 13326, 5143]
Loop 189 [25086, 2828, 13347, 5076]
Loop 190 [25203, 2796, 13377, 5080]
Loop 191 [24896, 2846, 13127, 5065]
Loop 192 [26300, 3039, 13912, 5212]
Loop 193 [26556, 3098, 14286, 5140]
Loop 194 [36843, 2885, 24537, 5609]
Loop 195 [28714, 3661, 14845, 5817]
Loop 196 [25561, 2856, 13586, 5219]
Loop 197 [26639, 3051, 13670, 5884]
Loop 198 [25484, 3076, 13286, 5292]
Loop 199 [25481, 2911, 13460, 5214]
Loop 200 [24763, 2761, 13340, 4854]
Loop 201 [26012, 3038, 13776, 5183]
Loop 202 [25679, 2874, 13677, 5256]
Loop 203 [25542, 2807, 13353, 5482]
Loop 204 [25734, 2877, 13539, 5424]
Loop 205 [25379, 2912, 13677, 4840]
Loop 206 [27663, 2831, 13315, 7633]
Loop 207 [24703, 2772, 13262, 4855]
Loop 208 [24776, 2925, 13038, 4888]
Loop 209 [28445, 3085, 15096, 5697]
Loop 210 [25406, 3024, 13588, 4946]
Loop 211 [24862, 2874, 13193, 4923]
Loop 212 [24904, 2756, 13309, 4942]
Loop 213 [24723, 2777, 13107, 4951]
Loop 214 [24584, 2755, 13052, 4924]
Loop 215 [24958, 2914, 13291, 4870]
Loop 216 [26222, 2754, 14744, 4879]
Loop 217 [25549, 2897, 13471, 5143]
Loop 218 [24379, 2828, 12921, 4922]
Loop 219 [24807, 2742, 13244, 5018]
Loop 220 [30713, 2754, 19044, 5072]
Loop 221 [25279, 3140, 13165, 5050]
Loop 222 [25286, 2889, 13406, 5039]
Loop 223 [24682, 2754, 12939, 5088]
Loop 224 [24794, 2863, 13215, 4900]
Loop 225 [25909, 2968, 13444, 5538]
Loop 226 [25326, 2896, 13249, 5282]
Loop 227 [25124, 2815, 13333, 5141]
Loop 228 [25556, 3029, 13605, 5001]
Loop 229 [24983, 2868, 13146, 5187]
Loop 230 [28280, 2885, 13649, 5961]
Loop 231 [24840, 2872, 13046, 5062]
Loop 232 [32294, 2959, 14107, 5690]
Loop 233 [26101, 2987, 13345, 5724]
Loop 234 [25069, 2887, 12992, 5293]
Loop 235 [25356, 2857, 13453, 5175]
Loop 236 [26762, 2794, 14289, 5711]
Loop 237 [24630, 2867, 13040, 4887]
Loop 238 [24821, 2854, 13300, 4888]
Loop 239 [25363, 2759, 13856, 4864]
Loop 240 [24615, 2815, 13293, 4782]
Loop 241 [25246, 2874, 13422, 5083]
Loop 242 [24625, 2810, 13180, 4887]
Loop 243 [24415, 2806, 13015, 4858]
Loop 244 [25758, 3029, 13683, 5057]
Loop 245 [24723, 2916, 13003, 4903]
Loop 246 [25155, 2865, 13262, 5089]
Loop 247 [25206, 2874, 13242, 5283]
Loop 248 [24838, 2817, 13304, 4957]
Loop 249 [25629, 2978, 13484, 5099]
Loop 250 [24803, 2934, 13019, 4881]
Loop 251 [24577, 2889, 12950, 4871]
Loop 252 [24570, 2795, 13051, 4838]
Loop 253 [24718, 2815, 13077, 4947]
Loop 254 [24672, 2785, 13121, 4884]
Loop 255 [48538, 3145, 30184, 5983]
Loop 256 [27794, 3526, 13209, 5327]
Loop 257 [25799, 3002, 12710, 5171]
Loop 258 [25317, 2911, 12519, 5657]
Loop 259 [24403, 3009, 12516, 4895]
Loop 260 [25837, 2810, 13190, 5940]
Loop 261 [24960, 2903, 12353, 5766]
Loop 262 [24076, 2759, 12387, 4981]
Loop 263 [24087, 2866, 12296, 4979]
Loop 264 [23860, 2736, 12300, 4927]
Loop 265 [26498, 3377, 13243, 5455]
Loop 266 [24076, 2863, 12179, 4964]
Loop 267 [29704, 2989, 12638, 5036]
Loop 268 [43720, 2829, 31450, 5260]
Loop 269 [25687, 3339, 12683, 5360]
Loop 270 [23540, 2810, 11852, 4873]
Loop 271 [23576, 2836, 11938, 4886]
Loop 272 [23225, 2774, 11620, 4856]
Loop 273 [24138, 2945, 12249, 4921]
Loop 274 [47895, 3258, 12884, 5449]
Loop 275 [23701, 2905, 11971, 4925]
Loop 276 [22895, 2752, 11853, 4808]
Loop 277 [22961, 2763, 11818, 4782]
Loop 278 [22940, 2766, 11821, 4835]
Loop 279 [50618, 3040, 13481, 27792]
Loop 280 [29913, 3101, 13054, 5436]
Loop 281 [24060, 2996, 12203, 5221]
Loop 282 [22930, 2828, 11621, 4960]
Loop 283 [23121, 2783, 11912, 4947]
Loop 284 [37205, 2786, 11866, 19132]
Loop 285 [24249, 3157, 12396, 5083]
Loop 286 [22820, 2740, 11691, 4909]
Loop 287 [22790, 2828, 11626, 4831]
Loop 288 [22825, 2734, 11729, 4882]
Loop 289 [23533, 2741, 12078, 5218]
Loop 290 [27550, 2692, 16114, 5308]
Loop 291 [23161, 2894, 12005, 4703]
Loop 292 [22984, 2698, 11797, 5063]
Loop 293 [23404, 2883, 11946, 4885]
Loop 294 [23046, 2654, 12180, 4735]
Loop 295 [22874, 2679, 11864, 4869]
Loop 296 [22872, 2735, 11616, 5106]
Loop 297 [23061, 2790, 11838, 4908]
Loop 298 [22573, 2732, 11630, 4790]
Loop 299 [24243, 2746, 13260, 4745]
Loop 300 [22948, 2726, 11840, 4923]
Loop 301 [22549, 2635, 11638, 4739]
Loop 302 [22682, 2801, 11563, 4866]
Loop 303 [23671, 2841, 12198, 5026]
Loop 304 [22673, 2896, 11512, 4806]
Loop 305 [23057, 2807, 11879, 4910]
Loop 306 [22543, 2650, 11620, 4824]
Loop 307 [22661, 2703, 11733, 4756]
Loop 308 [22773, 2798, 11769, 4764]
Loop 309 [22830, 2696, 11873, 4800]
Loop 310 [33239, 2726, 11873, 15224]
Loop 311 [24038, 3121, 12408, 4913]
Loop 312 [22702, 2812, 11663, 4775]
Loop 313 [23181, 2821, 11827, 4972]
Loop 314 [22448, 2767, 11447, 4802]
Loop 315 [23255, 2810, 11893, 4904]
Loop 316 [22671, 2744, 11700, 4726]
Loop 317 [23404, 2916, 12006, 4975]
Loop 318 [23005, 2763, 11826, 4915]
Loop 319 [22702, 2810, 11618, 4822]
Loop 320 [22557, 2721, 11639, 4742]
Loop 321 [23427, 2838, 12096, 4946]
Loop 322 [37467, 3494, 13016, 17200]
Loop 323 [23808, 3217, 12651, 4298]
Loop 324 [22768, 2943, 11994, 4290]
Loop 325 [21935, 2841, 11578, 4145]
Loop 326 [21698, 2648, 11585, 4065]
Loop 327 [22222, 2821, 11797, 4166]
Loop 328 [21623, 2662, 11461, 4113]
Loop 329 [22656, 2871, 11930, 4307]
Loop 330 [22013, 2696, 11540, 4317]
Loop 331 [22024, 2713, 11677, 4157]
Loop 332 [21836, 2679, 11619, 4103]
Loop 333 [22697, 2786, 12098, 4271]
Loop 334 [22030, 2728, 11682, 4173]
Loop 335 [22006, 2688, 11749, 4114]
Loop 336 [22508, 2830, 11822, 4286]
Loop 337 [22618, 2872, 12012, 4208]
Loop 338 [21922, 2769, 11514, 4150]
Loop 339 [22352, 2750, 12017, 4145]
Loop 340 [22278, 2823, 11935, 4127]
Loop 341 [22268, 2663, 12108, 4091]
Loop 342 [21658, 2701, 11604, 4004]
Loop 343 [21986, 2700, 11722, 4139]
Loop 344 [22507, 2871, 11866, 4268]
Loop 345 [23039, 2875, 12008, 4585]
Loop 346 [22049, 2794, 11762, 4066]
Loop 347 [21948, 2721, 11700, 4099]
Loop 348 [21771, 2650, 11605, 4107]
Loop 349 [22155, 2755, 11740, 4259]
Loop 350 [21920, 2736, 11722, 4081]
Loop 351 [21878, 2690, 11647, 4146]
Loop 352 [21787, 2668, 11643, 4055]
Loop 353 [22525, 2831, 12035, 4201]
Loop 354 [21603, 2656, 11510, 4063]
Loop 355 [21973, 2688, 11795, 4094]
Loop 356 [21762, 2644, 11574, 4101]
Loop 357 [21763, 2657, 11601, 4041]
Loop 358 [22475, 2747, 12019, 4206]
Loop 359 [22158, 2716, 11749, 4120]
Loop 360 [21854, 2679, 11683, 4049]
Loop 361 [22536, 2943, 11910, 4186]
Loop 362 [21831, 2815, 11488, 4146]
Loop 363 [22190, 2648, 11507, 4401]
Loop 364 [22252, 2799, 11818, 4225]
Loop 365 [21740, 2675, 11704, 3953]
Loop 366 [41225, 2639, 11651, 23513]
Loop 367 [22579, 3021, 12304, 3729]
Loop 368 [21316, 2633, 11654, 3657]
Loop 369 [27907, 4212, 14304, 5052]
Loop 370 [22502, 3138, 12038, 3769]
Loop 371 [21377, 2698, 11580, 3693]
Loop 372 [21224, 2634, 11472, 3722]
Loop 373 [21210, 2548, 11640, 3668]
Loop 374 [25011, 2627, 15399, 3671]
Loop 375 [21142, 2558, 11532, 3669]
Loop 376 [21379, 2646, 11680, 3685]
Loop 377 [24461, 3360, 13014, 4310]
Loop 378 [21703, 2819, 11711, 3783]
Loop 379 [21495, 2652, 11781, 3672]
Loop 380 [21350, 2665, 11636, 3701]
Loop 381 [22302, 2717, 12214, 3845]
Loop 382 [21383, 2648, 11633, 3723]
Loop 383 [21526, 2623, 11709, 3793]
Loop 384 [21333, 2630, 11627, 3696]
Loop 385 [24028, 3082, 12775, 4365]
Loop 386 [36472, 2807, 11992, 18239]
Loop 387 [23119, 3126, 12542, 3938]
Loop 388 [21527, 2648, 11802, 3654]
Loop 389 [21157, 2642, 11617, 3566]
Loop 390 [21304, 2632, 11735, 3594]
Loop 391 [21292, 2640, 11634, 3588]
Loop 392 [21318, 2644, 11780, 3576]
Loop 393 [24401, 3155, 13047, 4290]
Loop 394 [21311, 2690, 11644, 3528]
Loop 395 [21329, 2703, 11636, 3613]
Loop 396 [21237, 2632, 11738, 3545]
Loop 397 [20907, 2558, 11430, 3546]
Loop 398 [21290, 2599, 11672, 3623]
Loop 399 [20886, 2604, 11427, 3508]
Loop 400 [21045, 2589, 11593, 3515]
Loop 401 [24258, 3304, 12972, 4207]
Loop 402 [21519, 2774, 11704, 3623]
Loop 403 [21082, 2604, 11502, 3611]
Loop 404 [21202, 2599, 11563, 3574]
Loop 405 [21991, 2810, 11880, 3747]
Loop 406 [21924, 2772, 12156, 3571]
Loop 407 [25169, 2595, 14122, 5015]
Loop 408 [21915, 2865, 11933, 3616]
Loop 409 [23692, 3136, 12680, 4162]
Loop 410 [21373, 2701, 11614, 3585]
Loop 411 [21672, 2650, 11689, 3499]
Loop 412 [21707, 2667, 11930, 3614]
Loop 413 [21182, 2598, 11569, 3649]
Loop 414 [21058, 2588, 11558, 3516]
Loop 415 [20943, 2526, 11460, 3596]
Loop 416 [21182, 2568, 11636, 3627]
Loop 417 [24251, 3261, 12981, 4307]
Loop 418 [21716, 2852, 11683, 3706]
Loop 419 [21098, 2562, 11669, 3558]
Loop 420 [21643, 2595, 11818, 3781]
Loop 421 [21104, 2610, 11514, 3605]
Loop 422 [21202, 2674, 11696, 3476]
Loop 423 [21000, 2695, 11390, 3581]
Loop 424 [21142, 2626, 11624, 3566]
Loop 425 [23473, 3098, 12564, 4137]
Loop 426 [21428, 2737, 11623, 3595]
Loop 427 [21210, 2588, 11672, 3562]
Loop 428 [21335, 2590, 11753, 3629]
Loop 429 [26103, 2600, 12094, 3688]
Loop 430 [21467, 2796, 11683, 3574]
Loop 431 [23004, 2686, 12631, 4341]
Loop 432 [22108, 2705, 11644, 4362]
Loop 433 [23991, 3134, 12851, 4230]
Loop 434 [21896, 2867, 11997, 3652]
Loop 435 [21270, 2708, 11634, 3603]
Loop 436 [22789, 2692, 11864, 4886]
Loop 437 [21567, 2690, 11915, 3614]
Loop 438 [21393, 2704, 11809, 3608]
Loop 439 [21275, 2710, 11530, 3675]
Loop 440 [21774, 2642, 12248, 3549]
Loop 441 [27619, 3099, 12875, 7964]
Loop 442 [22179, 2889, 12132, 3679]
Loop 443 [21290, 2748, 11685, 3528]
Loop 444 [21597, 2672, 12057, 3585]
Loop 445 [20926, 2632, 11361, 3623]
Loop 446 [21198, 2628, 11654, 3567]
Loop 447 [39064, 2683, 29466, 3543]
Loop 448 [520610, 2726, 510456, 4006]
Loop 449 [24914, 3832, 12948, 4252]
Loop 450 [21678, 2798, 11791, 3592]
Loop 451 [21085, 2607, 11631, 3514]
Loop 452 [21211, 2646, 11633, 3550]
Loop 453 [20891, 2606, 11411, 3492]
Loop 454 [21275, 2582, 11734, 3577]
Loop 455 [20845, 2553, 11422, 3517]
Loop 456 [21366, 2584, 11798, 3594]
Loop 457 [25780, 3101, 12700, 4236]
Loop 458 [21991, 3025, 12025, 3587]
Loop 459 [21118, 2614, 11555, 3594]
Loop 460 [22077, 2801, 12198, 3699]
Loop 461 [21164, 2689, 11459, 3648]
Loop 462 [21498, 2573, 11944, 3648]
Loop 463 [20958, 2600, 11521, 3537]
Loop 464 [21162, 2630, 11702, 3559]
Loop 465 [23679, 3195, 12679, 4108]
Loop 466 [21537, 2754, 11837, 3505]
Loop 467 [21226, 2641, 11696, 3536]
Loop 468 [21208, 2609, 11682, 3535]
Loop 469 [21053, 2584, 11649, 3519]
Loop 470 [21130, 2632, 11677, 3499]
Loop 471 [21289, 2655, 11605, 3608]
Loop 472 [22227, 2742, 12282, 3720]
Loop 473 [23686, 3167, 12689, 4166]
Loop 474 [21468, 2741, 11751, 3528]
Loop 475 [21091, 2651, 11520, 3565]
Loop 476 [21435, 2667, 11839, 3497]
Loop 477 [21173, 2683, 11471, 3616]
Loop 478 [21100, 2708, 11554, 3493]
Loop 479 [21169, 2666, 11518, 3614]
Loop 480 [21069, 2604, 11516, 3585]
Loop 481 [23613, 3107, 12664, 4159]
Loop 482 [21385, 2710, 11606, 3620]
Loop 483 [21527, 2724, 11800, 3570]
Loop 484 [25642, 2735, 15740, 3747]
Loop 485 [21541, 2854, 11709, 3512]
Loop 486 [21366, 2819, 11583, 3497]
Loop 487 [21087, 2608, 11518, 3525]
Loop 488 [20985, 2628, 11501, 3525]
Loop 489 [23917, 3201, 12908, 4155]
Loop 490 [21373, 2739, 11625, 3567]
Loop 491 [21379, 2682, 11731, 3590]
Loop 492 [21290, 2719, 11579, 3571]
Loop 493 [21926, 2841, 11846, 3786]
Loop 494 [21055, 2702, 11521, 3543]
Loop 495 [21053, 2785, 11376, 3567]
Loop 496 [21144, 2670, 11570, 3546]
Loop 497 [24182, 3233, 12993, 4146]
Loop 498 [21518, 2888, 11614, 3553]
Loop 499 [21171, 2670, 11621, 3537]
Loop 500 [21304, 2662, 11705, 3583]
Loop 501 [21085, 2644, 11551, 3549]
Loop 502 [21105, 2758, 11531, 3525]
Loop 503 [20927, 2610, 11440, 3544]
Loop 504 [21102, 2641, 11556, 3535]
Loop 505 [23528, 3186, 12526, 4157]
Loop 506 [21377, 2730, 11667, 3534]
Loop 507 [21043, 2674, 11425, 3528]
Loop 508 [21197, 2714, 11549, 3585]
Loop 509 [21727, 2827, 11751, 3702]
Loop 510 [20977, 2692, 11437, 3470]
Loop 511 [21148, 2690, 11552, 3566]
Loop 512 [21018, 2659, 11445, 3613]
Loop 513 [24111, 3317, 12893, 4217]
Loop 514 [21295, 2695, 11547, 3592]
Loop 515 [21361, 2679, 11733, 3550]
Loop 516 [21146, 2670, 11589, 3552]
Loop 517 [21028, 2663, 11480, 3566]
Loop 518 [21492, 2727, 11888, 3623]
Loop 519 [21117, 2639, 11565, 3563]
Loop 520 [21065, 2623, 11595, 3552]
Loop 521 [27752, 6752, 13121, 4199]
Loop 522 [21422, 2947, 11501, 3534]
Loop 523 [21366, 2719, 11636, 3541]
Loop 524 [21213, 2741, 11615, 3481]
Loop 525 [21251, 2802, 11565, 3505]
Loop 526 [21257, 2661, 11742, 3577]
Loop 527 [21057, 2646, 11488, 3574]
Loop 528 [21018, 2661, 11501, 3519]
Loop 529 [23699, 3126, 12750, 4124]
Loop 530 [21225, 2750, 11542, 3554]
Loop 531 [20998, 2696, 11447, 3520]
Loop 532 [21098, 2657, 11549, 3595]
Loop 533 [21040, 2634, 11379, 3629]
Loop 534 [21809, 2757, 11849, 3649]
Loop 535 [21335, 2688, 11641, 3635]
Loop 536 [21101, 2630, 11622, 3526]
Loop 537 [23774, 3174, 12861, 4122]
Loop 538 [21038, 2741, 11405, 3470]
Loop 539 [21066, 2626, 11592, 3537]
Loop 540 [21069, 2643, 11693, 3503]
Loop 541 [21224, 2639, 11791, 3528]
Loop 542 [21135, 2668, 11617, 3585]
Loop 543 [20963, 2604, 11654, 3467]
Loop 544 [21000, 2623, 11629, 3450]
Loop 545 [23651, 3118, 12850, 4111]
Loop 546 [21930, 2767, 11864, 3798]
Loop 547 [21470, 2721, 11824, 3587]
Loop 548 [21155, 2750, 11492, 3631]
Loop 549 [22150, 2843, 12031, 3762]
Loop 550 [21200, 2679, 11597, 3580]
Loop 551 [21323, 2568, 11745, 3625]
Loop 552 [21253, 2548, 11757, 3583]
Loop 553 [23522, 3100, 12689, 4069]
Loop 554 [21230, 2719, 11487, 3628]
Loop 555 [20904, 2582, 11451, 3528]
Loop 556 [21161, 2604, 11563, 3623]
Loop 557 [21036, 2590, 11605, 3525]
Loop 558 [21581, 2708, 11790, 3699]
Loop 559 [21484, 2717, 11757, 3619]
Loop 560 [39162, 2570, 29726, 3556]
Loop 561 [31277, 3257, 19993, 4299]
Loop 562 [21991, 2977, 11856, 3550]
Loop 563 [20898, 2601, 11400, 3580]
Loop 564 [20951, 2639, 11456, 3540]
Loop 565 [21184, 2656, 11578, 3581]
Loop 566 [20869, 2664, 11345, 3550]
Loop 567 [21064, 2677, 11498, 3510]
Loop 568 [20783, 2571, 11299, 3544]
Loop 569 [23495, 3133, 12679, 4040]
Loop 570 [21724, 2801, 11745, 3676]
Loop 571 [23693, 2820, 11844, 3718]
Loop 572 [23134, 3056, 12560, 3938]
Loop 573 [21754, 2727, 11804, 3834]
Loop 574 [21556, 2673, 11773, 3736]
Loop 575 [21189, 2591, 11642, 3591]
Loop 576 [20987, 2587, 11487, 3575]
Loop 577 [24845, 3154, 13723, 4246]
Loop 578 [22194, 2707, 11767, 4241]
Loop 579 [23312, 3211, 12682, 3880]
Loop 580 [20834, 2648, 11383, 3550]
Loop 581 [20739, 2566, 11425, 3524]
Loop 582 [20793, 2520, 11530, 3563]
Loop 583 [21023, 2654, 11618, 3552]
Loop 584 [20562, 2549, 11184, 3620]
Loop 585 [20963, 2577, 11529, 3611]
Loop 586 [20785, 2562, 11426, 3585]
Loop 587 [20782, 2623, 11324, 3601]
Loop 588 [20774, 2558, 11399, 3607]
Loop 589 [20561, 2573, 11228, 3544]
Loop 590 [20666, 2531, 11396, 3566]
Loop 591 [20597, 2581, 11396, 3479]
Loop 592 [21452, 2652, 11678, 3769]
Loop 593 [20889, 2548, 11500, 3522]
Loop 594 [20911, 2612, 11494, 3530]
Loop 595 [20742, 2535, 11434, 3515]
Loop 596 [20558, 2546, 11372, 3455]
Loop 597 [21694, 2728, 11861, 3700]
Loop 598 [20634, 2639, 11219, 3542]
Loop 599 [20918, 2676, 11418, 3617]
Loop 600 [20675, 2524, 11360, 3545]
Loop 601 [22328, 2630, 12263, 4236]
Loop 602 [21430, 2631, 11492, 4094]
Loop 603 [20940, 2595, 11493, 3643]
Loop 604 [20752, 2617, 11324, 3560]
Loop 605 [20805, 2650, 11314, 3631]
Loop 606 [20630, 2535, 11463, 3463]
Loop 607 [20557, 2481, 11354, 3514]
Loop 608 [20617, 2591, 11250, 3541]
Loop 609 [20520, 2477, 11308, 3497]
Loop 610 [20644, 2526, 11377, 3532]
Loop 611 [20658, 2530, 11375, 3521]
Loop 612 [20490, 2549, 11117, 3590]
Loop 613 [20677, 2575, 11353, 3532]
Loop 614 [20435, 2546, 11219, 3519]
Loop 615 [20655, 2520, 11441, 3510]
Loop 616 [20198, 2559, 10951, 3547]
Loop 617 [20699, 2579, 11416, 3527]
Loop 618 [20576, 2575, 11241, 3521]
Loop 619 [20832, 2528, 11486, 3596]
Loop 620 [26910, 2721, 12039, 3625]
Loop 621 [25601, 2754, 12972, 4503]
Loop 622 [21072, 2647, 11485, 3692]
Loop 623 [20728, 2590, 11374, 3547]
Loop 624 [20435, 2670, 11038, 3532]
Loop 625 [20703, 2706, 11298, 3494]
Loop 626 [20921, 2595, 11562, 3572]
Loop 627 [20703, 2531, 11354, 3590]
Loop 628 [20551, 2589, 11285, 3457]
Loop 629 [20809, 2558, 11479, 3555]
Loop 630 [20703, 2608, 11343, 3561]
Loop 631 [20972, 2657, 11491, 3585]
Loop 632 [20517, 2509, 11248, 3530]
Loop 633 [20697, 2542, 11383, 3528]
Loop 634 [20706, 2604, 11344, 3523]
Loop 635 [20706, 2585, 11437, 3492]
Loop 636 [20624, 2507, 11310, 3583]
Loop 637 [20874, 2562, 11536, 3590]
Loop 638 [20645, 2545, 11337, 3541]
Loop 639 [20789, 2531, 11439, 3552]
Loop 640 [20652, 2622, 11197, 3610]
Loop 641 [20735, 2579, 11440, 3490]
Loop 642 [20739, 2597, 11344, 3562]
Loop 643 [25988, 2692, 11895, 3659]
Loop 644 [20623, 2571, 11242, 3534]
Loop 645 [20624, 2575, 11393, 3434]
Loop 646 [20662, 2567, 11276, 3590]
Loop 647 [20863, 2603, 11548, 3486]
Loop 648 [20594, 2526, 11324, 3543]
Loop 649 [20637, 2536, 11434, 3457]
Loop 650 [20448, 2492, 11326, 3468]
Loop 651 [20608, 2512, 11399, 3488]
Loop 652 [20357, 2485, 11208, 3457]
Loop 653 [20519, 2549, 11330, 3445]
Loop 654 [20570, 2524, 11332, 3501]
Loop 655 [20534, 2566, 11394, 3391]
Loop 656 [20280, 2524, 11083, 3476]
Loop 657 [20383, 2536, 11142, 3516]
Loop 658 [20497, 2545, 11229, 3477]
Loop 659 [20572, 2535, 11301, 3516]
Loop 660 [20442, 2524, 11238, 3472]
Loop 661 [20762, 2566, 11496, 3495]
Loop 662 [20629, 2626, 11336, 3437]
Loop 663 [22051, 2650, 11604, 3774]
Loop 664 [20960, 2657, 11456, 3568]
Loop 665 [20663, 2566, 11252, 3546]
Loop 666 [25133, 2598, 15588, 3710]
Loop 667 [20846, 2770, 11255, 3568]
Loop 668 [20809, 2675, 11262, 3598]
Loop 669 [20681, 2584, 11405, 3497]
Loop 670 [20601, 2607, 11374, 3420]
Loop 671 [20783, 2623, 11412, 3538]
Loop 672 [20670, 2571, 11330, 3472]
Loop 673 [20709, 2673, 11243, 3530]
Loop 674 [20689, 2603, 11312, 3528]
Loop 675 [20805, 2681, 11459, 3487]
Loop 676 [21724, 2759, 11769, 3792]
Loop 677 [20836, 2597, 11363, 3588]
Loop 678 [20747, 2597, 11381, 3501]
Loop 679 [20821, 2724, 11255, 3633]
Loop 680 [20564, 2577, 11243, 3516]
Loop 681 [20610, 2590, 11279, 3548]
Loop 682 [20613, 2641, 11206, 3499]
Loop 683 [20604, 2529, 11461, 3439]
Loop 684 [20728, 2599, 11324, 3541]
Loop 685 [23344, 2834, 11627, 3701]
Loop 686 [20654, 2608, 11284, 3466]
Loop 687 [20679, 2577, 11443, 3483]
Loop 688 [20834, 2628, 11101, 3554]
Loop 689 [24470, 2564, 15053, 3679]
Loop 690 [21240, 2770, 11594, 3532]
Loop 691 [20770, 2655, 11407, 3512]
Loop 692 [20517, 2677, 11095, 3467]
Loop 693 [20668, 2641, 11270, 3499]
Loop 694 [20645, 2572, 11361, 3501]
Loop 695 [20727, 2559, 11408, 3564]
Loop 696 [20553, 2508, 11289, 3469]
Loop 697 [20692, 2533, 11412, 3563]
Loop 698 [20471, 2520, 11291, 3494]
Loop 699 [20577, 2544, 11345, 3505]
Loop 700 [508631, 2496, 478978, 23872]
Loop 701 [27867, 3657, 12704, 3725]
Loop 702 [20889, 2648, 11414, 3397]
Loop 703 [20647, 2568, 11412, 3392]
Loop 704 [20696, 2504, 11569, 3390]
Loop 705 [20524, 2523, 11401, 3366]
Loop 706 [20750, 2517, 11508, 3430]
Loop 707 [20614, 2575, 11359, 3430]
Loop 708 [20642, 2520, 11332, 3505]
Loop 709 [20494, 2546, 11373, 3368]
Loop 710 [20557, 2536, 11352, 3421]
Loop 711 [20481, 2525, 11324, 3390]
Loop 712 [20520, 2501, 11443, 3372]
Loop 713 [20664, 2588, 11306, 3514]
Loop 714 [20386, 2559, 11210, 3362]
Loop 715 [20306, 2515, 11168, 3411]
Loop 716 [20504, 2508, 11423, 3315]
Loop 717 [20249, 2464, 11122, 3439]
Loop 718 [20748, 2534, 11461, 3488]
Loop 719 [20422, 2531, 11220, 3411]
Loop 720 [20340, 2556, 11272, 3344]
Loop 721 [20354, 2520, 11310, 3362]
Loop 722 [20523, 2493, 11409, 3390]
Loop 723 [20650, 2646, 11356, 3386]
Loop 724 [25370, 2677, 15997, 3453]
Loop 725 [20970, 2874, 11379, 3421]
Loop 726 [20733, 2628, 11463, 3395]
Loop 727 [20594, 2574, 11396, 3413]
Loop 728 [20626, 2553, 11532, 3372]
Loop 729 [20433, 2524, 11361, 3362]
Loop 730 [20545, 2592, 11376, 3357]
Loop 731 [20467, 2562, 11346, 3405]
Loop 732 [20659, 2571, 11516, 3361]
Loop 733 [20812, 2597, 11591, 3409]
Loop 734 [20588, 2573, 11489, 3329]
Loop 735 [20400, 2568, 11266, 3349]
Loop 736 [20654, 2625, 11418, 3410]
Loop 737 [20149, 2502, 11157, 3288]
Loop 738 [20424, 2537, 11377, 3322]
Loop 739 [20373, 2519, 11366, 3329]
Loop 740 [20681, 2634, 11536, 3344]
Loop 741 [20619, 2555, 11464, 3392]
Loop 742 [21022, 2653, 11630, 3504]
Loop 743 [20622, 2611, 11517, 3343]
Loop 744 [20482, 2566, 11368, 3311]
Loop 745 [20375, 2548, 11294, 3342]
Loop 746 [20683, 2582, 11502, 3382]
Loop 747 [20464, 2595, 11277, 3428]
Loop 748 [23035, 2754, 13055, 3917]
Loop 749 [20942, 2814, 11381, 3421]
Loop 750 [20602, 2610, 11365, 3377]
Loop 751 [20513, 2560, 11352, 3364]
Loop 752 [46089, 2568, 11328, 28887]
Loop 753 [23037, 3426, 12691, 3428]
Loop 754 [20839, 2679, 11538, 3304]
Loop 755 [20397, 2608, 11341, 3248]
Loop 756 [20408, 2678, 11317, 3206]
Loop 757 [20510, 2566, 11516, 3136]
Loop 758 [20535, 2664, 11439, 3218]
Loop 759 [20340, 2616, 11283, 3255]
Loop 760 [20331, 2591, 11379, 3182]
Loop 761 [20298, 2534, 11345, 3251]
Loop 762 [20275, 2538, 11302, 3199]
Loop 763 [20284, 2550, 11327, 3187]
Loop 764 [20486, 2623, 11423, 3225]
Loop 765 [20405, 2555, 11378, 3279]
Loop 766 [20404, 2652, 11330, 3217]
Loop 767 [20353, 2615, 11214, 3347]
Loop 768 [20239, 2482, 11291, 3251]
Loop 769 [20124, 2557, 11132, 3227]
Loop 770 [25667, 7256, 11755, 3419]
Loop 771 [20407, 2684, 11256, 3184]
Loop 772 [21618, 2630, 12424, 3293]
Loop 773 [20340, 2614, 11297, 3178]
Loop 774 [20212, 2532, 11259, 3219]
Loop 775 [20389, 2577, 11410, 3224]
Loop 776 [20256, 2626, 11204, 3244]
Loop 777 [20356, 2593, 11332, 3173]
Loop 778 [20218, 2537, 11270, 3184]
Loop 779 [20107, 2583, 11076, 3240]
Loop 780 [20322, 2528, 11317, 3205]
Loop 781 [20307, 2546, 11281, 3227]
Loop 782 [20378, 2673, 11221, 3231]
Loop 783 [20455, 2586, 11501, 3151]
Loop 784 [20089, 2575, 11183, 3149]
Loop 785 [20176, 2535, 11279, 3195]
Loop 786 [20506, 2643, 11410, 3198]
Loop 787 [20439, 2519, 11372, 3295]
Loop 788 [20521, 2588, 11412, 3256]
Loop 789 [20322, 2592, 11348, 3178]
Loop 790 [20196, 2570, 11201, 3240]
Loop 791 [20282, 2580, 11240, 3264]
Loop 792 [20353, 2598, 11315, 3222]
Loop 793 [75137, 2547, 11193, 58161]
Loop 794 [42927, 3832, 13709, 21386]
Loop 795 [23940, 3532, 12502, 4419]
Loop 796 [21798, 2814, 11492, 4169]
Loop 797 [21240, 2544, 11286, 4192]
Loop 798 [21311, 2637, 11272, 4168]
Loop 799 [24537, 2819, 11755, 4358]
Loop 800 [21674, 2637, 11472, 4217]
Loop 801 [21273, 2535, 11210, 4226]
Loop 802 [21485, 2595, 11424, 4167]
Loop 803 [21337, 2617, 11282, 4237]
Loop 804 [21539, 2640, 11392, 4221]
Loop 805 [22075, 2714, 11538, 4392]
Loop 806 [21535, 2642, 11377, 4230]
Loop 807 [21578, 2613, 11569, 4188]
Loop 808 [21547, 2692, 11332, 4272]
Loop 809 [21791, 2613, 11643, 4292]
Loop 810 [21712, 2667, 11467, 4256]
Loop 811 [21430, 2622, 11277, 4307]
Loop 812 [21546, 2588, 11446, 4222]
Loop 813 [21443, 2564, 11434, 4174]
Loop 814 [37680, 2606, 17320, 14388]
Loop 815 [24144, 3154, 12440, 5070]
Loop 816 [22505, 2769, 11662, 4785]
Loop 817 [21663, 2595, 11498, 4270]
Loop 818 [21419, 2616, 11326, 4190]
Loop 819 [36310, 2577, 11391, 19063]
Loop 820 [22460, 3213, 12310, 3468]
Loop 821 [20762, 2676, 11379, 3386]
Loop 822 [20740, 2644, 11408, 3408]
Loop 823 [20551, 2613, 11347, 3345]
Loop 824 [20447, 2538, 11226, 3397]
Loop 825 [20603, 2533, 11341, 3455]
Loop 826 [20601, 2598, 11277, 3439]
Loop 827 [29241, 11389, 11219, 3383]
Loop 828 [20593, 2522, 11412, 3412]
Loop 829 [40791, 3240, 12941, 20924]
Loop 830 [22574, 3175, 12272, 3558]
Loop 831 [20530, 2588, 11351, 3348]
Loop 832 [20481, 2601, 11344, 3279]
Loop 833 [20300, 2555, 11237, 3219]
Loop 834 [20532, 2568, 11398, 3245]
Loop 835 [20360, 2606, 11319, 3217]
Loop 836 [20459, 2595, 11241, 3353]
Loop 837 [20291, 2575, 11224, 3217]
Loop 838 [20251, 2508, 11172, 3308]
Loop 839 [20420, 2575, 11301, 3289]
Loop 840 [20549, 2524, 11412, 3357]
Loop 841 [20504, 2641, 11317, 3242]
Loop 842 [20393, 2629, 11259, 3224]
Loop 843 [20936, 2682, 11431, 3455]
Loop 844 [20307, 2575, 11337, 3180]
Loop 845 [20466, 2550, 11339, 3288]
Loop 846 [20424, 2577, 11374, 3233]
Loop 847 [20331, 2479, 11343, 3291]
Loop 848 [24765, 2768, 15097, 3524]
Loop 849 [20775, 2781, 11427, 3259]
Loop 850 [20466, 2700, 11266, 3268]
Loop 851 [20202, 2547, 11233, 3244]
Loop 852 [20351, 2577, 11332, 3228]
Loop 853 [20371, 2628, 11277, 3249]
Loop 854 [20943, 2637, 11477, 3480]
Loop 855 [20353, 2597, 11243, 3302]
Loop 856 [20637, 2604, 11539, 3330]
Loop 857 [20308, 2529, 11234, 3321]
Loop 858 [20305, 2628, 11299, 3237]
Loop 859 [20309, 2564, 11303, 3209]
Loop 860 [20454, 2611, 11421, 3231]
Loop 861 [20344, 2540, 11339, 3244]
Loop 862 [20442, 2568, 11400, 3260]
Loop 863 [20336, 2591, 11271, 3248]
Loop 864 [20344, 2635, 11308, 3224]
Loop 865 [20300, 2624, 11223, 3223]
Loop 866 [20302, 2606, 11259, 3259]
Loop 867 [20311, 2521, 11415, 3175]
Loop 868 [20451, 2503, 11512, 3221]
Loop 869 [20329, 2586, 11274, 3235]
Loop 870 [20271, 2559, 11312, 3209]
Loop 871 [23863, 2607, 11324, 6686]
Loop 872 [21014, 2735, 11658, 3272]
Loop 873 [20415, 2664, 11282, 3220]
Loop 874 [20328, 2622, 11349, 3164]
Loop 875 [20202, 2559, 11250, 3189]
Loop 876 [20349, 2499, 11443, 3213]
Loop 877 [20291, 2544, 11350, 3191]
Loop 878 [20255, 2560, 11290, 3235]
Loop 879 [20269, 2541, 11305, 3163]
Loop 880 [20114, 2563, 11110, 3242]
Loop 881 [20413, 2528, 11412, 3267]
Loop 882 [20329, 2570, 11256, 3307]
Loop 883 [20193, 2566, 11252, 3176]
Loop 884 [20353, 2518, 11439, 3169]
Loop 885 [20265, 2538, 11319, 3181]
Loop 886 [20220, 2526, 11290, 3198]
Loop 887 [20100, 2555, 11164, 3184]
Loop 888 [20291, 2575, 11260, 3260]
Loop 889 [20313, 2571, 11277, 3237]
Loop 890 [20219, 2646, 11104, 3233]
Loop 891 [20287, 2557, 11261, 3247]
Loop 892 [20362, 2606, 11357, 3219]
Loop 893 [20340, 2591, 11304, 3224]
Loop 894 [20402, 2581, 11365, 3286]
Loop 895 [21199, 2732, 11587, 3468]
Loop 896 [20515, 2645, 11361, 3280]
Loop 897 [20402, 2507, 11363, 3259]
Loop 898 [20273, 2606, 11144, 3238]
Loop 899 [20273, 2555, 11265, 3225]
Loop 900 [20435, 2515, 11372, 3293]
Loop 901 [20481, 2624, 11456, 3273]
Loop 902 [20482, 2584, 11389, 3229]
Loop 903 [20444, 2568, 11404, 3193]
Loop 904 [20315, 2582, 11204, 3295]
Loop 905 [20326, 2555, 11276, 3275]
Loop 906 [20236, 2573, 11232, 3218]
Loop 907 [20404, 2604, 11327, 3240]
Loop 908 [20324, 2566, 11195, 3321]
Loop 909 [20480, 2582, 11383, 3238]
Loop 910 [20432, 2624, 11322, 3277]
Loop 911 [20322, 2602, 11226, 3273]
Loop 912 [20178, 2570, 11135, 3238]
Loop 913 [21064, 2697, 11600, 3470]
Loop 914 [20296, 2573, 11276, 3278]
Loop 915 [20313, 2615, 11169, 3322]
Loop 916 [20579, 2713, 11353, 3276]
Loop 917 [20572, 2581, 11358, 3280]
Loop 918 [24379, 5906, 11740, 3442]
Loop 919 [22422, 2701, 12335, 3869]
Loop 920 [20791, 2710, 11363, 3445]
Loop 921 [20322, 2577, 11262, 3184]
Loop 922 [20271, 2555, 11155, 3300]
Loop 923 [20304, 2515, 11293, 3246]
Loop 924 [20402, 2522, 11372, 3251]
Loop 925 [20470, 2626, 11366, 3242]
Loop 926 [20506, 2652, 11411, 3260]
Loop 927 [20491, 2585, 11339, 3284]
Loop 928 [20309, 2548, 11290, 3299]
Loop 929 [20351, 2533, 11412, 3206]
Loop 930 [20326, 2586, 11241, 3300]
Loop 931 [20461, 2551, 11537, 3169]
Loop 932 [21025, 2684, 11478, 3505]
Loop 933 [20559, 2487, 11558, 3261]
Loop 934 [20480, 2582, 11341, 3293]
Loop 935 [20497, 2563, 11416, 3264]
Loop 936 [20262, 2560, 11106, 3333]
Loop 937 [20627, 2606, 11369, 3352]
Loop 938 [20413, 2538, 11277, 3304]
Loop 939 [20650, 2584, 11569, 3222]
Loop 940 [20521, 2553, 11396, 3306]
Loop 941 [24211, 2606, 14769, 3546]
Loop 942 [20756, 2701, 11427, 3304]
Loop 943 [21386, 2637, 12083, 3362]
Loop 944 [20428, 2640, 11148, 3390]
Loop 945 [20497, 2526, 11436, 3298]
Loop 946 [20209, 2528, 11199, 3246]
Loop 947 [20515, 2561, 11459, 3234]
Loop 948 [20309, 2535, 11250, 3249]
Loop 949 [20462, 2575, 11306, 3288]
Loop 950 [20212, 2539, 11174, 3277]
Loop 951 [20428, 2595, 11327, 3270]
Loop 952 [20513, 2522, 11470, 3267]
Loop 953 [20486, 2575, 11279, 3302]
Loop 954 [20070, 2558, 10993, 3268]
Loop 955 [20674, 2588, 11456, 3320]
Loop 956 [20557, 2549, 11410, 3293]
Loop 957 [489718, 2546, 479970, 3793]
Loop 958 [21286, 3049, 11596, 3268]
Loop 959 [20466, 2561, 11266, 3254]
Loop 960 [20306, 2570, 11134, 3346]
Loop 961 [20599, 2530, 11477, 3321]
Loop 962 [20207, 2531, 11162, 3286]
Loop 963 [20575, 2666, 11392, 3280]
Loop 964 [20208, 2512, 11163, 3286]
Loop 965 [20577, 2528, 11427, 3333]
Loop 966 [20269, 2549, 11224, 3241]
Loop 967 [20625, 2586, 11498, 3306]
Loop 968 [20282, 2537, 11212, 3292]
Loop 969 [20446, 2608, 11329, 3260]
Loop 970 [20236, 2648, 11033, 3319]
Loop 971 [20566, 2589, 11414, 3233]
Loop 972 [20265, 2541, 11192, 3215]
Loop 973 [20611, 2646, 11409, 3248]
Loop 974 [20203, 2517, 11112, 3303]
Loop 975 [20467, 2508, 11502, 3194]
Loop 976 [20099, 2543, 11091, 3275]
Loop 977 [24147, 2498, 14991, 3403]
Loop 978 [20389, 2666, 11181, 3275]
Loop 979 [20754, 2611, 11623, 3246]
Loop 980 [20391, 2563, 11350, 3243]
Loop 981 [20703, 2564, 11638, 3227]
Loop 982 [20204, 2517, 11201, 3266]
Loop 983 [20562, 2604, 11401, 3295]
Loop 984 [20439, 2568, 11363, 3260]
Loop 985 [21581, 2526, 11302, 4505]
Loop 986 [20517, 2639, 11344, 3279]
Loop 987 [20663, 2640, 11470, 3293]
Loop 988 [20322, 2601, 11212, 3301]
Loop 989 [20502, 2632, 11381, 3289]
Loop 990 [20347, 2601, 11232, 3291]
Loop 991 [20324, 2599, 11201, 3270]
Loop 992 [20422, 2615, 11263, 3289]
Loop 993 [20428, 2586, 11281, 3315]
Loop 994 [20165, 2598, 11084, 3262]
Loop 995 [20487, 2566, 11410, 3323]
Loop 996 [20085, 2533, 11130, 3218]
Loop 997 [20244, 2524, 11231, 3262]
Loop 998 [20203, 2614, 11201, 3235]
Loop 999 [20360, 2599, 11272, 3249]
replicas primary file /tmp1024eccache.dat capacity 256
replicas slave file /tmp1024eccache.datLQL0 capacity 256
replicas slave file /tmp1024eccache.datLQL1 capacity 256
replicas slave file /tmp1024eccache.datLQL2 capacity 256
replicas slave file /tmp1024eccache.datLQL3 capacity 256
replicas slave file /tmp1024eccache.datLQL4 capacity 256
