writeMicroEC_CodingDescent, filename /tmp1024microec.dat, size 1024, loop 1000, storageClass 0, locationClass 0, monECSubStripeNum 1
CrailConstants.REPLICATION_FACTOR has changed to 5
MicroEC Coding Ready

networkSizeArray [256]
starting benchmark...
replicas primary file /tmp1024microec.dat capacity 0
replicas slave file /tmp1024microec.datLQL0 capacity 0
replicas slave file /tmp1024microec.datLQL1 capacity 0
replicas slave file /tmp1024microec.datLQL2 capacity 0
replicas slave file /tmp1024microec.datLQL3 capacity 0
replicas slave file /tmp1024microec.datLQL4 capacity 0
CrailConstants.REPLICATION_FACTOR has changed to 5
ops 1000
final loop (us) 21.532
Loop 0 (us) 100.801
Loop 1 (us) 51.458
Loop 2 (us) 45.375
Loop 3 (us) 42.669
Loop 4 (us) 86.888
Loop 5 (us) 60.9
Loop 6 (us) 39.674
Loop 7 (us) 41.606
Loop 8 (us) 41.399
Loop 9 (us) 43.77
Loop 10 (us) 37.45
Loop 11 (us) 41.748
Loop 12 (us) 39.229
Loop 13 (us) 46.306
Loop 14 (us) 37.921
Loop 15 (us) 38.144
Loop 16 (us) 35.762
Loop 17 (us) 51.587
Loop 18 (us) 40.068
Loop 19 (us) 39.179
Loop 20 (us) 37.116
Loop 21 (us) 37.172
Loop 22 (us) 37.991
Loop 23 (us) 37.509
Loop 24 (us) 37.455
Loop 25 (us) 40.387
Loop 26 (us) 39.261
Loop 27 (us) 37.013
Loop 28 (us) 34.488
Loop 29 (us) 34.712
Loop 30 (us) 36.367
Loop 31 (us) 37.806
Loop 32 (us) 34.856
Loop 33 (us) 32.335
Loop 34 (us) 33.385
Loop 35 (us) 36.403
Loop 36 (us) 53.495
Loop 37 (us) 51.852
Loop 38 (us) 31.992
Loop 39 (us) 31.401
Loop 40 (us) 34.774
Loop 41 (us) 33.093
Loop 42 (us) 30.608
Loop 43 (us) 33.617
Loop 44 (us) 32.095
Loop 45 (us) 32.141
Loop 46 (us) 31.412
Loop 47 (us) 37.713
Loop 48 (us) 32.936
Loop 49 (us) 31.0
Loop 50 (us) 30.675
Loop 51 (us) 32.417
Loop 52 (us) 31.007
Loop 53 (us) 32.108
Loop 54 (us) 31.366
Loop 55 (us) 31.654
Loop 56 (us) 31.078
Loop 57 (us) 32.414
Loop 58 (us) 31.906
Loop 59 (us) 31.638
Loop 60 (us) 30.861
Loop 61 (us) 37.862
Loop 62 (us) 31.998
Loop 63 (us) 32.651
Loop 64 (us) 33.098
Loop 65 (us) 128.736
Loop 66 (us) 63.446
Loop 67 (us) 61.454
Loop 68 (us) 36.835
Loop 69 (us) 33.3
Loop 70 (us) 31.749
Loop 71 (us) 32.042
Loop 72 (us) 30.965
Loop 73 (us) 32.558
Loop 74 (us) 32.933
Loop 75 (us) 31.524
Loop 76 (us) 33.198
Loop 77 (us) 54.979
Loop 78 (us) 43.698
Loop 79 (us) 31.461
Loop 80 (us) 32.128
Loop 81 (us) 32.033
Loop 82 (us) 31.036
Loop 83 (us) 32.249
Loop 84 (us) 39.117
Loop 85 (us) 43.584
Loop 86 (us) 52.014
Loop 87 (us) 43.753
Loop 88 (us) 45.03
Loop 89 (us) 34.59
Loop 90 (us) 32.749
Loop 91 (us) 32.224
Loop 92 (us) 30.822
Loop 93 (us) 40.934
Loop 94 (us) 34.198
Loop 95 (us) 48.196
Loop 96 (us) 44.942
Loop 97 (us) 34.294
Loop 98 (us) 32.093
Loop 99 (us) 32.886
Loop 100 (us) 31.775
Loop 101 (us) 30.165
Loop 102 (us) 30.764
Loop 103 (us) 32.37
Loop 104 (us) 38.385
Loop 105 (us) 31.794
Loop 106 (us) 32.097
Loop 107 (us) 32.581
Loop 108 (us) 30.86
Loop 109 (us) 33.982
Loop 110 (us) 33.507
Loop 111 (us) 29.831
Loop 112 (us) 29.696
Loop 113 (us) 29.998
Loop 114 (us) 29.166
Loop 115 (us) 29.551
Loop 116 (us) 28.627
Loop 117 (us) 29.371
Loop 118 (us) 29.064
Loop 119 (us) 29.536
Loop 120 (us) 29.03
Loop 121 (us) 29.722
Loop 122 (us) 28.855
Loop 123 (us) 28.88
Loop 124 (us) 29.126
Loop 125 (us) 29.257
Loop 126 (us) 29.82
Loop 127 (us) 33.715
Loop 128 (us) 28.497
Loop 129 (us) 28.829
Loop 130 (us) 29.259
Loop 131 (us) 28.782
Loop 132 (us) 29.522
Loop 133 (us) 28.423
Loop 134 (us) 28.417
Loop 135 (us) 28.565
Loop 136 (us) 29.09
Loop 137 (us) 29.321
Loop 138 (us) 46.426
Loop 139 (us) 30.698
Loop 140 (us) 28.576
Loop 141 (us) 29.386
Loop 142 (us) 27.909
Loop 143 (us) 28.467
Loop 144 (us) 28.107
Loop 145 (us) 28.75
Loop 146 (us) 39.253
Loop 147 (us) 31.779
Loop 148 (us) 28.194
Loop 149 (us) 28.169
Loop 150 (us) 28.468
Loop 151 (us) 29.096
Loop 152 (us) 55.874
Loop 153 (us) 40.986
Loop 154 (us) 30.401
Loop 155 (us) 29.804
Loop 156 (us) 28.807
Loop 157 (us) 36.893
Loop 158 (us) 28.845
Loop 159 (us) 28.125
Loop 160 (us) 27.993
Loop 161 (us) 28.929
Loop 162 (us) 34.584
Loop 163 (us) 28.834
Loop 164 (us) 29.031
Loop 165 (us) 27.566
Loop 166 (us) 29.812
Loop 167 (us) 28.73
Loop 168 (us) 28.068
Loop 169 (us) 28.46
Loop 170 (us) 49.861
Loop 171 (us) 27.899
Loop 172 (us) 27.857
Loop 173 (us) 33.655
Loop 174 (us) 28.598
Loop 175 (us) 28.074
Loop 176 (us) 27.728
Loop 177 (us) 27.985
Loop 178 (us) 27.549
Loop 179 (us) 27.537
Loop 180 (us) 28.191
Loop 181 (us) 27.672
Loop 182 (us) 27.66
Loop 183 (us) 27.743
Loop 184 (us) 27.864
Loop 185 (us) 28.765
Loop 186 (us) 27.81
Loop 187 (us) 27.319
Loop 188 (us) 27.644
Loop 189 (us) 27.865
Loop 190 (us) 27.951
Loop 191 (us) 27.657
Loop 192 (us) 28.011
Loop 193 (us) 28.016
Loop 194 (us) 27.395
Loop 195 (us) 27.699
Loop 196 (us) 29.396
Loop 197 (us) 27.606
Loop 198 (us) 27.714
Loop 199 (us) 27.945
Loop 200 (us) 29.427
Loop 201 (us) 27.885
Loop 202 (us) 27.834
Loop 203 (us) 27.813
Loop 204 (us) 27.685
Loop 205 (us) 27.389
Loop 206 (us) 27.575
Loop 207 (us) 34.54
Loop 208 (us) 29.202
Loop 209 (us) 31.442
Loop 210 (us) 27.891
Loop 211 (us) 29.651
Loop 212 (us) 27.57
Loop 213 (us) 27.918
Loop 214 (us) 28.248
Loop 215 (us) 27.245
Loop 216 (us) 27.343
Loop 217 (us) 27.7
Loop 218 (us) 27.275
Loop 219 (us) 29.062
Loop 220 (us) 27.85
Loop 221 (us) 29.013
Loop 222 (us) 27.539
Loop 223 (us) 29.441
Loop 224 (us) 46.722
Loop 225 (us) 27.725
Loop 226 (us) 27.342
Loop 227 (us) 42.495
Loop 228 (us) 27.222
Loop 229 (us) 26.71
Loop 230 (us) 27.518
Loop 231 (us) 26.996
Loop 232 (us) 26.576
Loop 233 (us) 27.524
Loop 234 (us) 27.001
Loop 235 (us) 27.272
Loop 236 (us) 28.769
Loop 237 (us) 27.958
Loop 238 (us) 30.309
Loop 239 (us) 631.019
Loop 240 (us) 28.478
Loop 241 (us) 28.443
Loop 242 (us) 26.84
Loop 243 (us) 27.084
Loop 244 (us) 27.98
Loop 245 (us) 27.95
Loop 246 (us) 41.574
Loop 247 (us) 28.08
Loop 248 (us) 25.802
Loop 249 (us) 55.35
Loop 250 (us) 25.477
Loop 251 (us) 25.257
Loop 252 (us) 25.435
Loop 253 (us) 25.18
Loop 254 (us) 27.018
Loop 255 (us) 37.938
Loop 256 (us) 29.785
Loop 257 (us) 28.982
Loop 258 (us) 26.975
Loop 259 (us) 26.742
Loop 260 (us) 26.214
Loop 261 (us) 25.935
Loop 262 (us) 25.394
Loop 263 (us) 25.352
Loop 264 (us) 26.42
Loop 265 (us) 25.421
Loop 266 (us) 25.658
Loop 267 (us) 29.231
Loop 268 (us) 36.334
Loop 269 (us) 109.452
Loop 270 (us) 68.64
Loop 271 (us) 28.064
Loop 272 (us) 24.548
Loop 273 (us) 25.129
Loop 274 (us) 24.519
Loop 275 (us) 24.515
Loop 276 (us) 24.474
Loop 277 (us) 26.479
Loop 278 (us) 26.137
Loop 279 (us) 36.496
Loop 280 (us) 26.587
Loop 281 (us) 24.998
Loop 282 (us) 25.195
Loop 283 (us) 24.648
Loop 284 (us) 24.626
Loop 285 (us) 24.114
Loop 286 (us) 24.368
Loop 287 (us) 24.238
Loop 288 (us) 24.35
Loop 289 (us) 25.727
Loop 290 (us) 23.903
Loop 291 (us) 23.73
Loop 292 (us) 24.39
Loop 293 (us) 24.533
Loop 294 (us) 38.225
Loop 295 (us) 27.116
Loop 296 (us) 24.636
Loop 297 (us) 39.037
Loop 298 (us) 26.916
Loop 299 (us) 24.603
Loop 300 (us) 25.935
Loop 301 (us) 24.296
Loop 302 (us) 24.364
Loop 303 (us) 24.406
Loop 304 (us) 24.452
Loop 305 (us) 24.754
Loop 306 (us) 24.169
Loop 307 (us) 24.103
Loop 308 (us) 24.148
Loop 309 (us) 24.153
Loop 310 (us) 24.413
Loop 311 (us) 24.098
Loop 312 (us) 26.443
Loop 313 (us) 25.252
Loop 314 (us) 24.862
Loop 315 (us) 24.294
Loop 316 (us) 24.723
Loop 317 (us) 24.575
Loop 318 (us) 24.787
Loop 319 (us) 24.371
Loop 320 (us) 24.513
Loop 321 (us) 24.44
Loop 322 (us) 24.296
Loop 323 (us) 23.855
Loop 324 (us) 26.046
Loop 325 (us) 24.385
Loop 326 (us) 24.298
Loop 327 (us) 41.889
Loop 328 (us) 34.774
Loop 329 (us) 26.101
Loop 330 (us) 24.258
Loop 331 (us) 24.052
Loop 332 (us) 24.075
Loop 333 (us) 23.876
Loop 334 (us) 24.047
Loop 335 (us) 25.369
Loop 336 (us) 25.091
Loop 337 (us) 24.851
Loop 338 (us) 24.191
Loop 339 (us) 23.879
Loop 340 (us) 24.171
Loop 341 (us) 23.814
Loop 342 (us) 23.688
Loop 343 (us) 23.659
Loop 344 (us) 23.27
Loop 345 (us) 24.302
Loop 346 (us) 23.741
Loop 347 (us) 24.78
Loop 348 (us) 23.89
Loop 349 (us) 23.892
Loop 350 (us) 24.11
Loop 351 (us) 24.29
Loop 352 (us) 23.876
Loop 353 (us) 24.142
Loop 354 (us) 23.688
Loop 355 (us) 23.473
Loop 356 (us) 23.671
Loop 357 (us) 24.278
Loop 358 (us) 36.664
Loop 359 (us) 26.699
Loop 360 (us) 24.081
Loop 361 (us) 24.174
Loop 362 (us) 23.436
Loop 363 (us) 23.482
Loop 364 (us) 23.832
Loop 365 (us) 23.828
Loop 366 (us) 23.887
Loop 367 (us) 23.663
Loop 368 (us) 23.699
Loop 369 (us) 53.559
Loop 370 (us) 25.783
Loop 371 (us) 23.522
Loop 372 (us) 23.187
Loop 373 (us) 23.562
Loop 374 (us) 22.892
Loop 375 (us) 23.308
Loop 376 (us) 23.989
Loop 377 (us) 31.015
Loop 378 (us) 23.963
Loop 379 (us) 23.568
Loop 380 (us) 23.207
Loop 381 (us) 23.382
Loop 382 (us) 30.868
Loop 383 (us) 23.389
Loop 384 (us) 23.211
Loop 385 (us) 34.618
Loop 386 (us) 23.948
Loop 387 (us) 23.245
Loop 388 (us) 23.231
Loop 389 (us) 23.551
Loop 390 (us) 23.475
Loop 391 (us) 23.728
Loop 392 (us) 23.344
Loop 393 (us) 25.858
Loop 394 (us) 23.588
Loop 395 (us) 23.505
Loop 396 (us) 22.935
Loop 397 (us) 23.987
Loop 398 (us) 23.349
Loop 399 (us) 23.468
Loop 400 (us) 23.129
Loop 401 (us) 25.736
Loop 402 (us) 23.385
Loop 403 (us) 23.241
Loop 404 (us) 23.108
Loop 405 (us) 23.327
Loop 406 (us) 23.244
Loop 407 (us) 27.698
Loop 408 (us) 23.67
Loop 409 (us) 26.309
Loop 410 (us) 23.194
Loop 411 (us) 23.4
Loop 412 (us) 23.159
Loop 413 (us) 23.052
Loop 414 (us) 26.162
Loop 415 (us) 23.746
Loop 416 (us) 23.389
Loop 417 (us) 25.946
Loop 418 (us) 23.537
Loop 419 (us) 23.234
Loop 420 (us) 23.591
Loop 421 (us) 23.134
Loop 422 (us) 22.966
Loop 423 (us) 23.367
Loop 424 (us) 22.81
Loop 425 (us) 25.498
Loop 426 (us) 23.278
Loop 427 (us) 23.377
Loop 428 (us) 24.123
Loop 429 (us) 23.174
Loop 430 (us) 23.171
Loop 431 (us) 23.37
Loop 432 (us) 24.163
Loop 433 (us) 25.902
Loop 434 (us) 23.14
Loop 435 (us) 24.182
Loop 436 (us) 23.362
Loop 437 (us) 23.448
Loop 438 (us) 22.715
Loop 439 (us) 23.07
Loop 440 (us) 23.004
Loop 441 (us) 25.115
Loop 442 (us) 22.886
Loop 443 (us) 23.663
Loop 444 (us) 23.101
Loop 445 (us) 22.924
Loop 446 (us) 23.088
Loop 447 (us) 22.948
Loop 448 (us) 22.587
Loop 449 (us) 24.985
Loop 450 (us) 22.832
Loop 451 (us) 23.98
Loop 452 (us) 22.951
Loop 453 (us) 22.795
Loop 454 (us) 22.676
Loop 455 (us) 23.794
Loop 456 (us) 23.442
Loop 457 (us) 25.06
Loop 458 (us) 23.106
Loop 459 (us) 22.661
Loop 460 (us) 23.047
Loop 461 (us) 22.931
Loop 462 (us) 23.002
Loop 463 (us) 23.254
Loop 464 (us) 22.976
Loop 465 (us) 25.399
Loop 466 (us) 28.777
Loop 467 (us) 23.069
Loop 468 (us) 22.594
Loop 469 (us) 22.833
Loop 470 (us) 22.786
Loop 471 (us) 22.961
Loop 472 (us) 22.605
Loop 473 (us) 24.955
Loop 474 (us) 23.353
Loop 475 (us) 53.414
Loop 476 (us) 25.551
Loop 477 (us) 22.77
Loop 478 (us) 23.967
Loop 479 (us) 23.019
Loop 480 (us) 22.33
Loop 481 (us) 24.978
Loop 482 (us) 22.592
Loop 483 (us) 22.337
Loop 484 (us) 35.623
Loop 485 (us) 23.539
Loop 486 (us) 22.682
Loop 487 (us) 23.034
Loop 488 (us) 22.735
Loop 489 (us) 25.793
Loop 490 (us) 22.854
Loop 491 (us) 22.898
Loop 492 (us) 23.053
Loop 493 (us) 22.485
Loop 494 (us) 22.493
Loop 495 (us) 22.467
Loop 496 (us) 22.647
Loop 497 (us) 24.751
Loop 498 (us) 22.546
Loop 499 (us) 25.428
Loop 500 (us) 23.178
Loop 501 (us) 22.729
Loop 502 (us) 22.609
Loop 503 (us) 22.354
Loop 504 (us) 22.268
Loop 505 (us) 24.924
Loop 506 (us) 23.292
Loop 507 (us) 22.321
Loop 508 (us) 22.312
Loop 509 (us) 22.686
Loop 510 (us) 22.58
Loop 511 (us) 23.146
Loop 512 (us) 22.518
Loop 513 (us) 24.827
Loop 514 (us) 22.684
Loop 515 (us) 22.724
Loop 516 (us) 22.221
Loop 517 (us) 22.82
Loop 518 (us) 23.201
Loop 519 (us) 22.806
Loop 520 (us) 22.6
Loop 521 (us) 25.081
Loop 522 (us) 22.815
Loop 523 (us) 22.771
Loop 524 (us) 22.911
Loop 525 (us) 22.744
Loop 526 (us) 22.348
Loop 527 (us) 22.689
Loop 528 (us) 22.554
Loop 529 (us) 25.011
Loop 530 (us) 23.516
Loop 531 (us) 22.605
Loop 532 (us) 22.538
Loop 533 (us) 22.567
Loop 534 (us) 22.353
Loop 535 (us) 22.52
Loop 536 (us) 22.144
Loop 537 (us) 24.656
Loop 538 (us) 22.327
Loop 539 (us) 22.489
Loop 540 (us) 22.192
Loop 541 (us) 26.702
Loop 542 (us) 23.105
Loop 543 (us) 22.979
Loop 544 (us) 22.531
Loop 545 (us) 24.938
Loop 546 (us) 22.5
Loop 547 (us) 22.449
Loop 548 (us) 22.257
Loop 549 (us) 22.539
Loop 550 (us) 22.044
Loop 551 (us) 22.201
Loop 552 (us) 22.319
Loop 553 (us) 25.113
Loop 554 (us) 22.259
Loop 555 (us) 22.627
Loop 556 (us) 22.15
Loop 557 (us) 22.722
Loop 558 (us) 22.447
Loop 559 (us) 22.365
Loop 560 (us) 22.332
Loop 561 (us) 24.817
Loop 562 (us) 22.479
Loop 563 (us) 22.35
Loop 564 (us) 22.174
Loop 565 (us) 22.993
Loop 566 (us) 22.199
Loop 567 (us) 22.436
Loop 568 (us) 22.013
Loop 569 (us) 24.408
Loop 570 (us) 22.405
Loop 571 (us) 22.263
Loop 572 (us) 22.119
Loop 573 (us) 22.067
Loop 574 (us) 22.385
Loop 575 (us) 22.066
Loop 576 (us) 22.195
Loop 577 (us) 25.961
Loop 578 (us) 22.555
Loop 579 (us) 22.119
Loop 580 (us) 22.855
Loop 581 (us) 22.185
Loop 582 (us) 22.183
Loop 583 (us) 22.31
Loop 584 (us) 22.384
Loop 585 (us) 26.803
Loop 586 (us) 22.761
Loop 587 (us) 31.953
Loop 588 (us) 22.407
Loop 589 (us) 21.964
Loop 590 (us) 27.499
Loop 591 (us) 22.339
Loop 592 (us) 22.064
Loop 593 (us) 21.993
Loop 594 (us) 22.053
Loop 595 (us) 21.938
Loop 596 (us) 22.064
Loop 597 (us) 21.882
Loop 598 (us) 23.074
Loop 599 (us) 22.279
Loop 600 (us) 21.719
Loop 601 (us) 21.765
Loop 602 (us) 22.118
Loop 603 (us) 21.931
Loop 604 (us) 22.361
Loop 605 (us) 22.027
Loop 606 (us) 22.303
Loop 607 (us) 22.3
Loop 608 (us) 22.219
Loop 609 (us) 22.022
Loop 610 (us) 21.966
Loop 611 (us) 21.822
Loop 612 (us) 25.88
Loop 613 (us) 22.613
Loop 614 (us) 21.879
Loop 615 (us) 22.031
Loop 616 (us) 21.884
Loop 617 (us) 22.061
Loop 618 (us) 22.045
Loop 619 (us) 24.949
Loop 620 (us) 22.144
Loop 621 (us) 21.964
Loop 622 (us) 23.215
Loop 623 (us) 22.321
Loop 624 (us) 21.628
Loop 625 (us) 22.382
Loop 626 (us) 21.949
Loop 627 (us) 22.144
Loop 628 (us) 21.811
Loop 629 (us) 564.852
Loop 630 (us) 23.103
Loop 631 (us) 22.153
Loop 632 (us) 21.671
Loop 633 (us) 22.117
Loop 634 (us) 21.813
Loop 635 (us) 22.09
Loop 636 (us) 21.78
Loop 637 (us) 22.082
Loop 638 (us) 21.798
Loop 639 (us) 22.135
Loop 640 (us) 21.884
Loop 641 (us) 21.894
Loop 642 (us) 21.702
Loop 643 (us) 21.605
Loop 644 (us) 27.991
Loop 645 (us) 22.669
Loop 646 (us) 21.867
Loop 647 (us) 21.922
Loop 648 (us) 22.345
Loop 649 (us) 21.9
Loop 650 (us) 22.012
Loop 651 (us) 21.939
Loop 652 (us) 21.991
Loop 653 (us) 21.933
Loop 654 (us) 22.01
Loop 655 (us) 22.243
Loop 656 (us) 22.12
Loop 657 (us) 21.92
Loop 658 (us) 22.053
Loop 659 (us) 23.374
Loop 660 (us) 22.085
Loop 661 (us) 21.809
Loop 662 (us) 22.24
Loop 663 (us) 23.26
Loop 664 (us) 22.972
Loop 665 (us) 21.83
Loop 666 (us) 25.384
Loop 667 (us) 22.365
Loop 668 (us) 22.306
Loop 669 (us) 22.024
Loop 670 (us) 22.128
Loop 671 (us) 22.221
Loop 672 (us) 22.142
Loop 673 (us) 21.957
Loop 674 (us) 21.904
Loop 675 (us) 21.942
Loop 676 (us) 21.997
Loop 677 (us) 21.831
Loop 678 (us) 22.082
Loop 679 (us) 22.172
Loop 680 (us) 22.27
Loop 681 (us) 22.194
Loop 682 (us) 22.009
Loop 683 (us) 23.943
Loop 684 (us) 21.732
Loop 685 (us) 21.719
Loop 686 (us) 21.809
Loop 687 (us) 21.933
Loop 688 (us) 22.61
Loop 689 (us) 22.205
Loop 690 (us) 21.798
Loop 691 (us) 21.958
Loop 692 (us) 22.088
Loop 693 (us) 22.188
Loop 694 (us) 21.752
Loop 695 (us) 22.174
Loop 696 (us) 21.904
Loop 697 (us) 21.791
Loop 698 (us) 22.074
Loop 699 (us) 22.206
Loop 700 (us) 22.02
Loop 701 (us) 22.03
Loop 702 (us) 21.972
Loop 703 (us) 21.813
Loop 704 (us) 21.935
Loop 705 (us) 22.029
Loop 706 (us) 21.739
Loop 707 (us) 21.984
Loop 708 (us) 21.797
Loop 709 (us) 21.777
Loop 710 (us) 26.921
Loop 711 (us) 22.332
Loop 712 (us) 31.845
Loop 713 (us) 22.821
Loop 714 (us) 22.04
Loop 715 (us) 22.293
Loop 716 (us) 21.924
Loop 717 (us) 21.992
Loop 718 (us) 21.928
Loop 719 (us) 40.541
Loop 720 (us) 21.561
Loop 721 (us) 21.685
Loop 722 (us) 21.312
Loop 723 (us) 21.636
Loop 724 (us) 21.949
Loop 725 (us) 24.25
Loop 726 (us) 21.74
Loop 727 (us) 21.797
Loop 728 (us) 21.817
Loop 729 (us) 21.596
Loop 730 (us) 21.884
Loop 731 (us) 28.131
Loop 732 (us) 22.197
Loop 733 (us) 21.769
Loop 734 (us) 21.74
Loop 735 (us) 21.608
Loop 736 (us) 22.065
Loop 737 (us) 21.441
Loop 738 (us) 21.682
Loop 739 (us) 21.322
Loop 740 (us) 21.774
Loop 741 (us) 22.008
Loop 742 (us) 21.877
Loop 743 (us) 21.889
Loop 744 (us) 21.95
Loop 745 (us) 21.895
Loop 746 (us) 21.879
Loop 747 (us) 21.882
Loop 748 (us) 23.417
Loop 749 (us) 21.693
Loop 750 (us) 23.912
Loop 751 (us) 21.656
Loop 752 (us) 21.949
Loop 753 (us) 22.32
Loop 754 (us) 21.68
Loop 755 (us) 21.948
Loop 756 (us) 32.838
Loop 757 (us) 22.323
Loop 758 (us) 21.718
Loop 759 (us) 34.551
Loop 760 (us) 22.447
Loop 761 (us) 23.754
Loop 762 (us) 21.807
Loop 763 (us) 22.631
Loop 764 (us) 21.933
Loop 765 (us) 22.035
Loop 766 (us) 21.663
Loop 767 (us) 22.08
Loop 768 (us) 21.726
Loop 769 (us) 22.168
Loop 770 (us) 21.603
Loop 771 (us) 21.518
Loop 772 (us) 21.723
Loop 773 (us) 21.863
Loop 774 (us) 21.563
Loop 775 (us) 21.837
Loop 776 (us) 21.501
Loop 777 (us) 21.833
Loop 778 (us) 21.461
Loop 779 (us) 22.019
Loop 780 (us) 21.757
Loop 781 (us) 21.594
Loop 782 (us) 21.469
Loop 783 (us) 22.873
Loop 784 (us) 21.473
Loop 785 (us) 22.484
Loop 786 (us) 21.592
Loop 787 (us) 33.037
Loop 788 (us) 22.723
Loop 789 (us) 22.093
Loop 790 (us) 21.524
Loop 791 (us) 21.767
Loop 792 (us) 32.334
Loop 793 (us) 21.918
Loop 794 (us) 21.605
Loop 795 (us) 21.663
Loop 796 (us) 21.558
Loop 797 (us) 21.51
Loop 798 (us) 21.691
Loop 799 (us) 21.547
Loop 800 (us) 22.042
Loop 801 (us) 21.738
Loop 802 (us) 21.535
Loop 803 (us) 21.758
Loop 804 (us) 21.938
Loop 805 (us) 21.521
Loop 806 (us) 21.576
Loop 807 (us) 22.192
Loop 808 (us) 21.672
Loop 809 (us) 21.532
Loop 810 (us) 21.911
Loop 811 (us) 21.659
Loop 812 (us) 21.884
Loop 813 (us) 21.585
Loop 814 (us) 21.742
Loop 815 (us) 21.259
Loop 816 (us) 21.743
Loop 817 (us) 21.428
Loop 818 (us) 21.574
Loop 819 (us) 21.766
Loop 820 (us) 21.744
Loop 821 (us) 21.504
Loop 822 (us) 21.786
Loop 823 (us) 21.454
Loop 824 (us) 22.327
Loop 825 (us) 21.566
Loop 826 (us) 21.431
Loop 827 (us) 21.658
Loop 828 (us) 21.687
Loop 829 (us) 22.248
Loop 830 (us) 21.591
Loop 831 (us) 21.74
Loop 832 (us) 21.702
Loop 833 (us) 21.473
Loop 834 (us) 21.452
Loop 835 (us) 21.628
Loop 836 (us) 21.53
Loop 837 (us) 21.935
Loop 838 (us) 21.655
Loop 839 (us) 21.882
Loop 840 (us) 21.453
Loop 841 (us) 21.935
Loop 842 (us) 21.639
Loop 843 (us) 22.184
Loop 844 (us) 21.561
Loop 845 (us) 21.43
Loop 846 (us) 21.51
Loop 847 (us) 21.574
Loop 848 (us) 21.297
Loop 849 (us) 21.748
Loop 850 (us) 21.043
Loop 851 (us) 26.569
Loop 852 (us) 21.594
Loop 853 (us) 23.386
Loop 854 (us) 21.622
Loop 855 (us) 21.768
Loop 856 (us) 21.142
Loop 857 (us) 21.65
Loop 858 (us) 21.259
Loop 859 (us) 21.617
Loop 860 (us) 21.439
Loop 861 (us) 21.891
Loop 862 (us) 21.774
Loop 863 (us) 21.689
Loop 864 (us) 21.742
Loop 865 (us) 37.759
Loop 866 (us) 22.408
Loop 867 (us) 21.327
Loop 868 (us) 21.171
Loop 869 (us) 21.379
Loop 870 (us) 21.445
Loop 871 (us) 21.634
Loop 872 (us) 29.234
Loop 873 (us) 22.153
Loop 874 (us) 23.103
Loop 875 (us) 21.969
Loop 876 (us) 21.89
Loop 877 (us) 21.327
Loop 878 (us) 21.69
Loop 879 (us) 21.605
Loop 880 (us) 21.591
Loop 881 (us) 21.588
Loop 882 (us) 21.455
Loop 883 (us) 21.355
Loop 884 (us) 21.337
Loop 885 (us) 21.608
Loop 886 (us) 21.463
Loop 887 (us) 21.135
Loop 888 (us) 21.444
Loop 889 (us) 21.228
Loop 890 (us) 21.345
Loop 891 (us) 21.421
Loop 892 (us) 21.402
Loop 893 (us) 24.034
Loop 894 (us) 21.889
Loop 895 (us) 21.66
Loop 896 (us) 21.752
Loop 897 (us) 21.758
Loop 898 (us) 21.674
Loop 899 (us) 21.373
Loop 900 (us) 21.758
Loop 901 (us) 21.486
Loop 902 (us) 21.57
Loop 903 (us) 21.724
Loop 904 (us) 22.075
Loop 905 (us) 21.671
Loop 906 (us) 21.405
Loop 907 (us) 21.507
Loop 908 (us) 21.609
Loop 909 (us) 21.793
Loop 910 (us) 21.29
Loop 911 (us) 21.696
Loop 912 (us) 21.397
Loop 913 (us) 43.137
Loop 914 (us) 21.076
Loop 915 (us) 21.277
Loop 916 (us) 21.379
Loop 917 (us) 21.611
Loop 918 (us) 22.78
Loop 919 (us) 23.505
Loop 920 (us) 21.678
Loop 921 (us) 21.455
Loop 922 (us) 21.317
Loop 923 (us) 21.1
Loop 924 (us) 21.24
Loop 925 (us) 25.104
Loop 926 (us) 21.698
Loop 927 (us) 21.563
Loop 928 (us) 21.284
Loop 929 (us) 21.427
Loop 930 (us) 21.135
Loop 931 (us) 21.056
Loop 932 (us) 21.149
Loop 933 (us) 21.429
Loop 934 (us) 21.457
Loop 935 (us) 21.381
Loop 936 (us) 21.343
Loop 937 (us) 21.155
Loop 938 (us) 21.338
Loop 939 (us) 21.058
Loop 940 (us) 21.925
Loop 941 (us) 21.225
Loop 942 (us) 21.554
Loop 943 (us) 21.25
Loop 944 (us) 21.377
Loop 945 (us) 21.231
Loop 946 (us) 21.235
Loop 947 (us) 21.034
Loop 948 (us) 22.15
Loop 949 (us) 21.235
Loop 950 (us) 21.541
Loop 951 (us) 21.598
Loop 952 (us) 21.085
Loop 953 (us) 21.044
Loop 954 (us) 21.209
Loop 955 (us) 22.871
Loop 956 (us) 21.487
Loop 957 (us) 21.355
Loop 958 (us) 21.888
Loop 959 (us) 21.107
Loop 960 (us) 21.402
Loop 961 (us) 21.327
Loop 962 (us) 21.382
Loop 963 (us) 21.46
Loop 964 (us) 21.545
Loop 965 (us) 21.437
Loop 966 (us) 21.738
Loop 967 (us) 21.346
Loop 968 (us) 21.479
Loop 969 (us) 21.616
Loop 970 (us) 27.838
Loop 971 (us) 21.574
Loop 972 (us) 20.94
Loop 973 (us) 21.147
Loop 974 (us) 21.375
Loop 975 (us) 21.429
Loop 976 (us) 21.346
Loop 977 (us) 21.479
Loop 978 (us) 21.182
Loop 979 (us) 21.35
Loop 980 (us) 21.474
Loop 981 (us) 21.579
Loop 982 (us) 21.517
Loop 983 (us) 21.219
Loop 984 (us) 21.226
Loop 985 (us) 21.22
Loop 986 (us) 21.14
Loop 987 (us) 21.381
Loop 988 (us) 21.384
Loop 989 (us) 21.481
Loop 990 (us) 21.612
Loop 991 (us) 21.589
Loop 992 (us) 21.459
Loop 993 (us) 21.962
Loop 994 (us) 21.284
Loop 995 (us) 21.142
Loop 996 (us) 21.171
Loop 997 (us) 21.461
Loop 998 (us) 21.523
Loop 999 (us) 21.532
Warmup times 0
avgLoopLatency(us) 27.153584
iops 36827.551014996774
variance 26.841902694238026
Loop 0 [100801, 38350, 16313, 25022, 22829, 19675]
Loop 1 [51458, 10740, 17131, 12935, 11534, 9776]
Loop 2 [45375, 6859, 15495, 12308, 11203, 9980]
Loop 3 [42669, 6466, 14802, 11503, 10535, 9032]
Loop 4 [86888, 8037, 35709, 11654, 10554, 30420]
Loop 5 [60900, 6872, 32912, 12042, 11050, 8241]
Loop 6 [39674, 5684, 13814, 11467, 10566, 7920]
Loop 7 [41606, 5249, 16704, 11655, 10748, 7350]
Loop 8 [41399, 5100, 16965, 11474, 10589, 7148]
Loop 9 [43770, 6235, 17209, 10317, 9464, 9203]
Loop 10 [37450, 5103, 13956, 9602, 8813, 8048]
Loop 11 [41748, 5489, 15837, 11137, 10324, 8541]
Loop 12 [39229, 5246, 15238, 10980, 10219, 7018]
Loop 13 [46306, 5230, 21897, 11607, 10778, 6865]
Loop 14 [37921, 5096, 14262, 10838, 10034, 7024]
Loop 15 [38144, 4970, 14621, 10051, 9278, 7711]
Loop 16 [35762, 5564, 12398, 9693, 8837, 7332]
Loop 17 [51587, 6725, 25647, 10403, 9565, 8029]
Loop 18 [40068, 5423, 14944, 11354, 10506, 7551]
Loop 19 [39179, 5147, 14556, 11455, 10633, 7266]
Loop 20 [37116, 4906, 13728, 10789, 10025, 6960]
Loop 21 [37172, 5376, 12952, 10494, 9715, 7599]
Loop 22 [37991, 5004, 13987, 11520, 10840, 6765]
Loop 23 [37509, 5050, 14387, 10234, 9420, 7138]
Loop 24 [37455, 5282, 13588, 10550, 9719, 7261]
Loop 25 [40387, 5272, 14652, 10762, 9892, 8999]
Loop 26 [39261, 5402, 14763, 10391, 9608, 7873]
Loop 27 [37013, 4976, 13384, 10911, 10130, 6996]
Loop 28 [34488, 4995, 12254, 9922, 9180, 6581]
Loop 29 [34712, 4937, 12938, 9141, 8380, 7022]
Loop 30 [36367, 4797, 13531, 10625, 9896, 6692]
Loop 31 [37806, 4961, 14654, 10246, 9528, 7211]
Loop 32 [34856, 4906, 13705, 8757, 8022, 6762]
Loop 33 [32335, 4880, 11090, 8886, 8119, 6805]
Loop 34 [33385, 5296, 10878, 9132, 8367, 7375]
Loop 35 [36403, 5910, 12000, 9792, 8961, 7896]
Loop 36 [53495, 4644, 11084, 9091, 8336, 27859]
Loop 37 [51852, 5817, 18990, 18294, 17428, 8064]
Loop 38 [31992, 4623, 10862, 9235, 8589, 6630]
Loop 39 [31401, 4563, 10641, 9289, 8653, 6244]
Loop 40 [34774, 4522, 11197, 8830, 8166, 9575]
Loop 41 [33093, 4700, 10791, 9402, 8525, 7581]
Loop 42 [30608, 4534, 10674, 8770, 8035, 6001]
Loop 43 [33617, 4642, 11285, 8686, 7977, 8358]
Loop 44 [32095, 4531, 11291, 8163, 7277, 7452]
Loop 45 [32141, 4510, 11374, 9435, 8701, 6183]
Loop 46 [31412, 4494, 10493, 8841, 8150, 6916]
Loop 47 [37713, 4474, 11015, 9298, 8584, 12285]
Loop 48 [32936, 4620, 11259, 9487, 8742, 6903]
Loop 49 [31000, 4571, 10703, 8410, 7645, 6677]
Loop 50 [30675, 4461, 10917, 8673, 7964, 5928]
Loop 51 [32417, 4654, 10752, 9766, 9054, 6558]
Loop 52 [31007, 4600, 10395, 8653, 7879, 6723]
Loop 53 [32108, 4571, 11006, 9187, 8489, 6665]
Loop 54 [31366, 4764, 10368, 9342, 8596, 6222]
Loop 55 [31654, 4543, 11111, 9054, 8372, 6332]
Loop 56 [31078, 4530, 10227, 9580, 8805, 6105]
Loop 57 [32414, 4625, 10901, 9184, 8443, 7027]
Loop 58 [31906, 4647, 11200, 8853, 8094, 6503]
Loop 59 [31638, 4512, 11150, 8979, 8232, 6353]
Loop 60 [30861, 4399, 10965, 8540, 7794, 6326]
Loop 61 [37862, 6342, 13564, 9582, 8722, 7581]
Loop 62 [31998, 4605, 11846, 8536, 7820, 6332]
Loop 63 [32651, 4937, 12159, 8465, 7674, 6407]
Loop 64 [33098, 4553, 11886, 9451, 8729, 6556]
Loop 65 [128736, 6176, 14512, 97820, 96831, 9377]
Loop 66 [63446, 6746, 36870, 11897, 11098, 7160]
Loop 67 [61454, 4593, 14692, 8996, 8287, 32395]
Loop 68 [36835, 5142, 14149, 9449, 8551, 7368]
Loop 69 [33300, 4652, 12635, 8691, 7959, 6663]
Loop 70 [31749, 4427, 11007, 8900, 8268, 6770]
Loop 71 [32042, 4438, 12226, 8773, 8088, 5955]
Loop 72 [30965, 4513, 10676, 9028, 8373, 6085]
Loop 73 [32558, 4742, 11037, 9524, 8775, 6564]
Loop 74 [32933, 4963, 11496, 8988, 8240, 6772]
Loop 75 [31524, 4530, 11521, 8751, 8026, 6005]
Loop 76 [33198, 4578, 12425, 8789, 8124, 6705]
Loop 77 [54979, 4557, 10681, 9679, 8948, 29275]
Loop 78 [43698, 5480, 21736, 9278, 8491, 6473]
Loop 79 [31461, 4483, 10984, 9393, 8735, 5932]
Loop 80 [32128, 4523, 11026, 9247, 8575, 6698]
Loop 81 [32033, 4629, 11044, 9790, 9057, 5910]
Loop 82 [31036, 4520, 10222, 9145, 8443, 6448]
Loop 83 [32249, 4520, 11151, 9173, 8434, 6741]
Loop 84 [39117, 4930, 18269, 8611, 7870, 6630]
Loop 85 [43584, 4577, 11195, 8728, 8035, 6153]
Loop 86 [52014, 4804, 11736, 27438, 26756, 6979]
Loop 87 [43753, 5316, 11937, 8540, 7769, 16722]
Loop 88 [45030, 4961, 12019, 8682, 7944, 18605]
Loop 89 [34590, 5385, 12454, 9573, 8826, 6453]
Loop 90 [32749, 4878, 11172, 9221, 8525, 6811]
Loop 91 [32224, 4636, 11120, 9853, 9179, 5903]
Loop 92 [30822, 4542, 10734, 8376, 7678, 6507]
Loop 93 [40934, 4458, 11186, 8712, 7962, 15669]
Loop 94 [34198, 5163, 11817, 9654, 8943, 6849]
Loop 95 [48196, 4530, 11214, 9047, 8338, 22631]
Loop 96 [44942, 4768, 11898, 18223, 17516, 9332]
Loop 97 [34294, 4831, 11740, 10076, 9351, 6969]
Loop 98 [32093, 4713, 10414, 9132, 8387, 7169]
Loop 99 [32886, 4625, 11374, 9269, 8523, 6891]
Loop 100 [31775, 4607, 10621, 9308, 8521, 6598]
Loop 101 [30165, 4545, 10619, 8531, 7815, 5830]
Loop 102 [30764, 4562, 9994, 9121, 8423, 6431]
Loop 103 [32370, 4568, 12258, 8361, 7656, 6541]
Loop 104 [38385, 4611, 17574, 8826, 8071, 6679]
Loop 105 [31794, 4679, 11592, 8653, 7946, 6218]
Loop 106 [32097, 4506, 11246, 9121, 8395, 6526]
Loop 107 [32581, 4527, 11372, 9876, 9168, 6145]
Loop 108 [30860, 5146, 10322, 8339, 7608, 6355]
Loop 109 [33982, 4450, 10780, 10514, 9792, 7565]
Loop 110 [33507, 5561, 11129, 8999, 8192, 7117]
Loop 111 [29831, 4570, 10401, 8270, 7629, 5957]
Loop 112 [29696, 4532, 10477, 8103, 7379, 5925]
Loop 113 [29998, 4717, 10185, 8054, 7375, 6404]
Loop 114 [29166, 4398, 9898, 7975, 7293, 6207]
Loop 115 [29551, 4516, 9952, 8192, 7519, 6220]
Loop 116 [28627, 4439, 9770, 7829, 7157, 5883]
Loop 117 [29371, 4437, 9999, 8008, 7331, 6205]
Loop 118 [29064, 4476, 9551, 8087, 7334, 6266]
Loop 119 [29536, 4585, 10326, 7862, 7126, 6045]
Loop 120 [29030, 4505, 9675, 7997, 7300, 6189]
Loop 121 [29722, 4607, 10216, 7798, 7131, 6411]
Loop 122 [28855, 4383, 10032, 8070, 7376, 5753]
Loop 123 [28880, 4353, 10225, 7913, 7201, 5756]
Loop 124 [29126, 4448, 10117, 8275, 7570, 5655]
Loop 125 [29257, 4439, 9887, 8113, 7403, 6180]
Loop 126 [29820, 4629, 10107, 8155, 7419, 6297]
Loop 127 [33715, 7835, 10894, 8494, 7747, 5814]
Loop 128 [28497, 4456, 9798, 7966, 7264, 5635]
Loop 129 [28829, 4432, 9980, 7889, 7184, 5864]
Loop 130 [29259, 4552, 10068, 7965, 7228, 5989]
Loop 131 [28782, 4548, 10056, 7800, 7147, 5737]
Loop 132 [29522, 4409, 9741, 9058, 8367, 5703]
Loop 133 [28423, 4388, 9967, 7790, 7130, 5637]
Loop 134 [28417, 4454, 9569, 8031, 7339, 5721]
Loop 135 [28565, 4407, 9764, 7992, 7306, 5738]
Loop 136 [29090, 4620, 9871, 8221, 7572, 5699]
Loop 137 [29321, 4581, 10169, 8000, 7227, 5923]
Loop 138 [46426, 4378, 10189, 7855, 7124, 23221]
Loop 139 [30698, 5048, 10645, 8237, 7532, 6027]
Loop 140 [28576, 4399, 10016, 7899, 7151, 5541]
Loop 141 [29386, 4755, 10160, 8076, 7300, 5679]
Loop 142 [27909, 4391, 9641, 7764, 7142, 5450]
Loop 143 [28467, 4428, 9919, 7868, 7199, 5563]
Loop 144 [28107, 4318, 9683, 7900, 7229, 5578]
Loop 145 [28750, 4511, 10045, 7915, 7248, 5640]
Loop 146 [39253, 4337, 9983, 7776, 7086, 16413]
Loop 147 [31779, 5037, 10535, 9754, 9036, 5791]
Loop 148 [28194, 4432, 9662, 7978, 7195, 5509]
Loop 149 [28169, 4398, 9899, 7722, 7064, 5502]
Loop 150 [28468, 4455, 9993, 7988, 7301, 5369]
Loop 151 [29096, 4416, 9522, 8788, 7241, 5666]
Loop 152 [55874, 15500, 11190, 8942, 8197, 6863]
Loop 153 [40986, 5462, 13156, 8137, 7412, 6070]
Loop 154 [30401, 4800, 11135, 8082, 7373, 5781]
Loop 155 [29804, 4413, 11250, 7913, 7225, 5542]
Loop 156 [28807, 4377, 9787, 7984, 7318, 5985]
Loop 157 [36893, 4970, 17295, 8092, 7295, 5846]
Loop 158 [28845, 4281, 10619, 7827, 7102, 5473]
Loop 159 [28125, 4268, 9992, 7829, 7115, 5429]
Loop 160 [27993, 4210, 9942, 7829, 7160, 5434]
Loop 161 [28929, 4483, 10173, 8071, 7337, 5589]
Loop 162 [34584, 4257, 9746, 14075, 13415, 5806]
Loop 163 [28834, 4643, 10175, 7928, 7226, 5498]
Loop 164 [29031, 4403, 10822, 7746, 7058, 5431]
Loop 165 [27566, 4343, 9566, 7699, 7048, 5378]
Loop 166 [29812, 4319, 11457, 7956, 7246, 5523]
Loop 167 [28730, 4418, 10009, 7930, 7256, 5478]
Loop 168 [28068, 4321, 9934, 7862, 7187, 5358]
Loop 169 [28460, 4348, 9708, 8256, 7497, 5570]
Loop 170 [49861, 5140, 29747, 8332, 7545, 6007]
Loop 171 [27899, 4186, 9655, 7904, 7207, 5538]
Loop 172 [27857, 4360, 9491, 7802, 7145, 5657]
Loop 173 [33655, 4303, 9426, 7640, 6977, 11707]
Loop 174 [28598, 4536, 9890, 7977, 7286, 5591]
Loop 175 [28074, 4336, 9788, 7833, 7192, 5543]
Loop 176 [27728, 4334, 9683, 7756, 7107, 5382]
Loop 177 [27985, 4452, 9693, 7638, 6969, 5597]
Loop 178 [27549, 4250, 9646, 7645, 6982, 5382]
Loop 179 [27537, 4312, 9547, 7721, 7044, 5345]
Loop 180 [28191, 4233, 9924, 7785, 7124, 5608]
Loop 181 [27672, 4304, 9825, 7534, 6833, 5369]
Loop 182 [27660, 4279, 9495, 7902, 7238, 5370]
Loop 183 [27743, 4341, 9726, 7643, 6944, 5447]
Loop 184 [27864, 4382, 9725, 7847, 7175, 5365]
Loop 185 [28765, 4441, 10056, 7924, 7181, 5692]
Loop 186 [27810, 4318, 9796, 7687, 7037, 5372]
Loop 187 [27319, 4193, 9373, 7756, 7038, 5376]
Loop 188 [27644, 4171, 9626, 7696, 7005, 5513]
Loop 189 [27865, 4313, 9397, 7842, 7140, 5710]
Loop 190 [27951, 4205, 9637, 7977, 7271, 5531]
Loop 191 [27657, 4208, 9712, 7815, 7103, 5367]
Loop 192 [28011, 4222, 9845, 8033, 7304, 5323]
Loop 193 [28016, 4352, 9816, 7674, 7002, 5545]
Loop 194 [27395, 4170, 9606, 7809, 7133, 5248]
Loop 195 [27699, 4286, 9715, 7752, 7051, 5369]
Loop 196 [29396, 4516, 10381, 8129, 7408, 5730]
Loop 197 [27606, 4241, 9876, 7446, 6803, 5424]
Loop 198 [27714, 4290, 9491, 7897, 7193, 5424]
Loop 199 [27945, 4337, 9836, 7745, 7051, 5447]
Loop 200 [29427, 4307, 9518, 9364, 8653, 5606]
Loop 201 [27885, 4410, 9633, 7764, 7067, 5496]
Loop 202 [27834, 4241, 9697, 7917, 7214, 5391]
Loop 203 [27813, 4234, 9806, 7782, 7153, 5395]
Loop 204 [27685, 4306, 9515, 7873, 7149, 5383]
Loop 205 [27389, 4228, 9584, 7685, 7004, 5334]
Loop 206 [27575, 4288, 9376, 7863, 7213, 5445]
Loop 207 [34540, 4250, 9750, 13874, 13188, 6043]
Loop 208 [29202, 4480, 10632, 8041, 7368, 5484]
Loop 209 [31442, 4430, 10612, 10027, 7273, 5733]
Loop 210 [27891, 4488, 9733, 7698, 7025, 5393]
Loop 211 [29651, 4468, 10601, 8314, 7558, 5666]
Loop 212 [27570, 4249, 9390, 7774, 7115, 5553]
Loop 213 [27918, 4361, 9952, 7763, 7062, 5254]
Loop 214 [28248, 4335, 9834, 7880, 7170, 5545]
Loop 215 [27245, 4274, 9387, 7497, 6770, 5451]
Loop 216 [27343, 4170, 9311, 7853, 7201, 5447]
Loop 217 [27700, 4292, 9766, 7608, 6916, 5451]
Loop 218 [27275, 4317, 9289, 7661, 6983, 5416]
Loop 219 [29062, 4322, 10486, 8128, 7371, 5505]
Loop 220 [27850, 4306, 9783, 7847, 7177, 5287]
Loop 221 [29013, 4239, 10831, 8017, 7321, 5316]
Loop 222 [27539, 4366, 9511, 7690, 7080, 5383]
Loop 223 [29441, 4354, 11527, 7611, 6916, 5358]
Loop 224 [46722, 4365, 10080, 7851, 7173, 23824]
Loop 225 [27725, 4383, 10076, 7479, 6821, 5167]
Loop 226 [27342, 4322, 9329, 7527, 6809, 5611]
Loop 227 [42495, 4942, 22884, 7942, 7213, 6142]
Loop 228 [27222, 4285, 9487, 7463, 6785, 5316]
Loop 229 [26710, 4197, 9296, 7434, 6774, 5219]
Loop 230 [27518, 4334, 9402, 7713, 7071, 5535]
Loop 231 [26996, 4226, 9289, 7419, 6727, 5496]
Loop 232 [26576, 4295, 8988, 7521, 6874, 5208]
Loop 233 [27524, 4330, 9634, 7592, 6920, 5440]
Loop 234 [27001, 4190, 9644, 7376, 6741, 5241]
Loop 235 [27272, 4255, 9792, 7508, 6876, 5191]
Loop 236 [28769, 4316, 10404, 7620, 6952, 5916]
Loop 237 [27958, 4343, 9409, 8243, 7580, 5367]
Loop 238 [30309, 5198, 10155, 7993, 7290, 6299]
Loop 239 [631019, 5248, 609749, 8788, 8035, 6616]
Loop 240 [28478, 4297, 10271, 7466, 6818, 5823]
Loop 241 [28443, 4310, 9484, 8724, 8030, 5416]
Loop 242 [26840, 4279, 9192, 7385, 6700, 5440]
Loop 243 [27084, 4349, 9172, 7603, 6947, 5395]
Loop 244 [27980, 4148, 9154, 8594, 7962, 5535]
Loop 245 [27950, 4368, 9681, 7632, 6974, 5659]
Loop 246 [41574, 4257, 9409, 7682, 6983, 19423]
Loop 247 [28080, 5099, 10069, 7448, 6756, 4899]
Loop 248 [25802, 4115, 9026, 7311, 6645, 4788]
Loop 249 [55350, 11135, 30546, 7769, 6997, 5340]
Loop 250 [25477, 4259, 8799, 7054, 6417, 4790]
Loop 251 [25257, 4177, 8780, 7155, 6515, 4611]
Loop 252 [25435, 4044, 8941, 7179, 6523, 4728]
Loop 253 [25180, 4067, 8828, 7085, 6424, 4609]
Loop 254 [27018, 4459, 9535, 7503, 6774, 4917]
Loop 255 [37938, 14370, 9723, 7802, 7031, 5389]
Loop 256 [29785, 6586, 9878, 7580, 6895, 5132]
Loop 257 [28982, 5293, 10550, 7603, 6958, 4808]
Loop 258 [26975, 5077, 8701, 7353, 6672, 5289]
Loop 259 [26742, 4946, 9240, 7302, 6696, 4706]
Loop 260 [26214, 4062, 9200, 7820, 7189, 4591]
Loop 261 [25935, 4286, 9170, 7344, 6690, 4554]
Loop 262 [25394, 3933, 8910, 7264, 6633, 4755]
Loop 263 [25352, 3995, 8804, 7211, 6599, 4747]
Loop 264 [26420, 3932, 8970, 7322, 6672, 5618]
Loop 265 [25421, 4057, 8951, 7063, 6444, 4732]
Loop 266 [25658, 3978, 8625, 7071, 6413, 5380]
Loop 267 [29231, 5252, 10080, 7841, 7078, 5425]
Loop 268 [36334, 3989, 8899, 7109, 6466, 15635]
Loop 269 [109452, 4286, 9970, 7252, 6557, 87244]
Loop 270 [68640, 32999, 10087, 9233, 8405, 15731]
Loop 271 [28064, 4228, 9429, 8403, 7716, 5416]
Loop 272 [24548, 3563, 8649, 7036, 6376, 4683]
Loop 273 [25129, 3593, 9004, 7341, 6659, 4671]
Loop 274 [24519, 3452, 8722, 7182, 6535, 4610]
Loop 275 [24515, 3339, 8741, 7282, 6590, 4618]
Loop 276 [24474, 3447, 8571, 7253, 6575, 4712]
Loop 277 [26479, 3789, 9573, 7776, 7058, 4815]
Loop 278 [26137, 3457, 8879, 8589, 7953, 4687]
Loop 279 [36496, 3502, 9636, 8789, 8106, 13952]
Loop 280 [26587, 3696, 9194, 7522, 6825, 5641]
Loop 281 [24998, 3498, 9010, 7136, 6457, 4790]
Loop 282 [25195, 3514, 8702, 7157, 6494, 4613]
Loop 283 [24648, 3411, 8860, 7071, 6398, 4741]
Loop 284 [24626, 3581, 8671, 7184, 6511, 4656]
Loop 285 [24114, 3408, 8481, 7058, 6378, 4618]
Loop 286 [24368, 3395, 8631, 7080, 6411, 4718]
Loop 287 [24238, 3344, 8618, 7091, 6398, 4631]
Loop 288 [24350, 3408, 8575, 7157, 6450, 4642]
Loop 289 [25727, 3578, 9187, 7463, 6701, 4949]
Loop 290 [23903, 3351, 8534, 6838, 6181, 4628]
Loop 291 [23730, 3348, 8361, 6969, 6311, 4529]
Loop 292 [24390, 3347, 8728, 7116, 6431, 4693]
Loop 293 [24533, 3336, 8726, 7078, 6411, 4868]
Loop 294 [38225, 3306, 8525, 6976, 6307, 18840]
Loop 295 [27116, 4159, 9534, 7669, 6920, 5210]
Loop 296 [24636, 3446, 8456, 7515, 6810, 4638]
Loop 297 [39037, 3568, 8759, 7135, 6453, 18962]
Loop 298 [26916, 3858, 9710, 7598, 6861, 5189]
Loop 299 [24603, 3378, 8671, 7129, 6468, 4875]
Loop 300 [25935, 3698, 9280, 7307, 6623, 5124]
Loop 301 [24296, 3417, 8678, 7105, 6432, 4556]
Loop 302 [24364, 3295, 8748, 7215, 6584, 4578]
Loop 303 [24406, 3286, 8935, 7116, 6461, 4579]
Loop 304 [24452, 3351, 8704, 7205, 6533, 4663]
Loop 305 [24754, 3468, 8813, 7270, 6601, 4640]
Loop 306 [24169, 3297, 8728, 7062, 6384, 4541]
Loop 307 [24103, 3367, 8575, 7162, 6493, 4469]
Loop 308 [24148, 3339, 8605, 7144, 6446, 4495]
Loop 309 [24153, 3349, 8522, 7118, 6420, 4623]
Loop 310 [24413, 3361, 8709, 7188, 6508, 4532]
Loop 311 [24098, 3456, 8512, 7073, 6416, 4491]
Loop 312 [26443, 3638, 9107, 7938, 7011, 5094]
Loop 313 [25252, 3479, 8947, 7385, 6530, 4881]
Loop 314 [24862, 3612, 8574, 7371, 6662, 4696]
Loop 315 [24294, 3490, 8362, 7182, 6488, 4716]
Loop 316 [24723, 3543, 8533, 7350, 6668, 4669]
Loop 317 [24575, 3472, 8709, 7157, 6455, 4620]
Loop 318 [24787, 3508, 8755, 7219, 6508, 4739]
Loop 319 [24371, 3570, 8520, 7135, 6427, 4587]
Loop 320 [24513, 3442, 8607, 7234, 6544, 4602]
Loop 321 [24440, 3479, 8651, 6964, 6274, 4751]
Loop 322 [24296, 3366, 8681, 7043, 6306, 4658]
Loop 323 [23855, 3381, 8352, 6870, 6229, 4689]
Loop 324 [26046, 3759, 9245, 7561, 6804, 4871]
Loop 325 [24385, 3435, 8637, 7091, 6428, 4599]
Loop 326 [24298, 3302, 8538, 7250, 6566, 4612]
Loop 327 [41889, 3422, 8509, 7229, 6566, 22021]
Loop 328 [34774, 4092, 9240, 7877, 7160, 12954]
Loop 329 [26101, 3885, 9411, 7337, 6622, 4911]
Loop 330 [24258, 3501, 8631, 7142, 6466, 4467]
Loop 331 [24052, 3340, 8438, 7242, 6591, 4496]
Loop 332 [24075, 3261, 8348, 7337, 6599, 4618]
Loop 333 [23876, 3371, 8447, 6967, 6311, 4512]
Loop 334 [24047, 3346, 8472, 7196, 6527, 4476]
Loop 335 [25369, 3565, 9229, 7232, 6505, 4833]
Loop 336 [25091, 3372, 8598, 7939, 7261, 4640]
Loop 337 [24851, 3501, 9196, 7065, 6425, 4560]
Loop 338 [24191, 3291, 8893, 6944, 6241, 4506]
Loop 339 [23879, 3384, 8491, 6991, 6328, 4474]
Loop 340 [24171, 3461, 8514, 7108, 6427, 4572]
Loop 341 [23814, 3411, 8507, 6871, 6151, 4489]
Loop 342 [23688, 3338, 8381, 6943, 6285, 4470]
Loop 343 [23659, 3371, 8457, 6797, 6158, 4520]
Loop 344 [23270, 3251, 8199, 6864, 6212, 4444]
Loop 345 [24302, 3401, 8762, 6985, 6341, 4663]
Loop 346 [23741, 3289, 8365, 6998, 6344, 4600]
Loop 347 [24780, 3500, 8764, 7261, 6546, 4755]
Loop 348 [23890, 3277, 8391, 7164, 6520, 4526]
Loop 349 [23892, 3388, 8378, 7103, 6479, 4488]
Loop 350 [24110, 3331, 8554, 7009, 6364, 4685]
Loop 351 [24290, 3290, 8696, 7328, 6681, 4470]
Loop 352 [23876, 3334, 8401, 7129, 6448, 4487]
Loop 353 [24142, 3384, 8708, 7059, 6351, 4414]
Loop 354 [23688, 3316, 8392, 7071, 6397, 4350]
Loop 355 [23473, 3244, 8538, 6965, 6329, 4190]
Loop 356 [23671, 3338, 8453, 6983, 6302, 4383]
Loop 357 [24278, 3397, 8859, 6899, 6229, 4547]
Loop 358 [36664, 3271, 8372, 6958, 6295, 17453]
Loop 359 [26699, 4068, 9464, 7690, 6843, 4870]
Loop 360 [24081, 3422, 8576, 7260, 6588, 4307]
Loop 361 [24174, 3457, 8795, 6939, 6268, 4454]
Loop 362 [23436, 3258, 8382, 7006, 6379, 4272]
Loop 363 [23482, 3282, 8430, 6983, 6335, 4251]
Loop 364 [23832, 3519, 8374, 7111, 6451, 4300]
Loop 365 [23828, 3329, 8738, 7009, 6393, 4228]
Loop 366 [23887, 3363, 8489, 7188, 6468, 4369]
Loop 367 [23663, 3285, 8558, 7025, 6412, 4277]
Loop 368 [23699, 3388, 8276, 7106, 6479, 4396]
Loop 369 [53559, 4004, 10193, 7766, 6843, 30902]
Loop 370 [25783, 4170, 9374, 7574, 6861, 4123]
Loop 371 [23522, 3363, 8616, 7138, 6466, 3874]
Loop 372 [23187, 3392, 8371, 6967, 6276, 3935]
Loop 373 [23562, 3357, 8839, 7162, 6488, 3703]
Loop 374 [22892, 3264, 8300, 6966, 6322, 3843]
Loop 375 [23308, 3351, 8787, 6822, 6184, 3825]
Loop 376 [23989, 3473, 8749, 7274, 6561, 3980]
Loop 377 [31015, 5996, 11168, 8434, 7450, 4813]
Loop 378 [23963, 3931, 8536, 7044, 6366, 3957]
Loop 379 [23568, 3446, 8704, 6987, 6313, 3916]
Loop 380 [23207, 3393, 8394, 7011, 6306, 3902]
Loop 381 [23382, 3379, 8421, 7278, 6577, 3756]
Loop 382 [30868, 3397, 14836, 8249, 7600, 3840]
Loop 383 [23389, 3424, 8591, 6989, 6278, 3802]
Loop 384 [23211, 3357, 8329, 7186, 6509, 3767]
Loop 385 [34618, 11481, 9779, 8105, 7254, 4611]
Loop 386 [23948, 3860, 8436, 7191, 6502, 3956]
Loop 387 [23245, 3403, 8350, 6977, 6314, 4006]
Loop 388 [23231, 3406, 8421, 6942, 6288, 3929]
Loop 389 [23551, 3338, 8673, 7144, 6477, 3871]
Loop 390 [23475, 3444, 8421, 7207, 6537, 3896]
Loop 391 [23728, 3392, 9023, 6981, 6311, 3762]
Loop 392 [23344, 3242, 8295, 7384, 6694, 3855]
Loop 393 [25858, 4225, 9311, 7585, 6772, 4173]
Loop 394 [23588, 3660, 8372, 6993, 6318, 4007]
Loop 395 [23505, 3375, 8467, 7237, 6559, 3883]
Loop 396 [22935, 3444, 8380, 6788, 6100, 3774]
Loop 397 [23987, 3502, 8818, 7147, 6431, 3942]
Loop 398 [23349, 3424, 8354, 7120, 6477, 3932]
Loop 399 [23468, 3419, 8611, 7075, 6431, 3834]
Loop 400 [23129, 3468, 8292, 7006, 6338, 3840]
Loop 401 [25736, 4089, 9309, 7683, 6916, 4075]
Loop 402 [23385, 3506, 8472, 7077, 6433, 3752]
Loop 403 [23241, 3302, 8471, 7143, 6495, 3825]
Loop 404 [23108, 3548, 8153, 7051, 6402, 3809]
Loop 405 [23327, 3483, 8459, 7018, 6364, 3811]
Loop 406 [23244, 3544, 8241, 7074, 6386, 3863]
Loop 407 [27698, 3614, 11213, 7205, 6526, 5119]
Loop 408 [23670, 3455, 8664, 7162, 6486, 3827]
Loop 409 [26309, 4155, 9571, 7523, 6710, 4438]
Loop 410 [23194, 3555, 8320, 6912, 6233, 3843]
Loop 411 [23400, 3346, 8493, 7144, 6484, 3855]
Loop 412 [23159, 3315, 8463, 7003, 6302, 3784]
Loop 413 [23052, 3348, 8416, 7015, 6344, 3698]
Loop 414 [26162, 3463, 8443, 9827, 9169, 3866]
Loop 415 [23746, 3585, 8558, 7059, 6331, 3951]
Loop 416 [23389, 3479, 8274, 7206, 6546, 3880]
Loop 417 [25946, 4088, 9462, 7529, 6783, 4246]
Loop 418 [23537, 3518, 8496, 7120, 6422, 3893]
Loop 419 [23234, 3395, 8433, 7058, 6417, 3851]
Loop 420 [23591, 3415, 8580, 7182, 6530, 3934]
Loop 421 [23134, 3417, 8424, 6977, 6305, 3825]
Loop 422 [22966, 3300, 8309, 6998, 6361, 3847]
Loop 423 [23367, 3352, 8573, 7101, 6417, 3818]
Loop 424 [22810, 3242, 8232, 7039, 6373, 3814]
Loop 425 [25498, 4170, 9255, 7328, 6577, 4241]
Loop 426 [23278, 3448, 8487, 6903, 6255, 3926]
Loop 427 [23377, 3328, 8479, 7167, 6481, 3866]
Loop 428 [24123, 3436, 9420, 6907, 6231, 3811]
Loop 429 [23174, 3457, 8467, 6956, 6291, 3793]
Loop 430 [23171, 3416, 8450, 7035, 6359, 3771]
Loop 431 [23370, 3330, 8638, 7084, 6411, 3816]
Loop 432 [24163, 3515, 8755, 7240, 6554, 4036]
Loop 433 [25902, 4099, 9444, 7554, 6772, 4250]
Loop 434 [23140, 3377, 8390, 7107, 6410, 3744]
Loop 435 [24182, 3449, 8306, 7133, 6477, 4781]
Loop 436 [23362, 3467, 8543, 7015, 6373, 3818]
Loop 437 [23448, 3661, 8361, 7020, 6351, 3939]
Loop 438 [22715, 3341, 8181, 6887, 6271, 3758]
Loop 439 [23070, 3353, 8472, 6883, 6218, 3862]
Loop 440 [23004, 3346, 8317, 6893, 6244, 3886]
Loop 441 [25115, 4110, 9217, 7170, 6448, 4064]
Loop 442 [22886, 3517, 8370, 6789, 6138, 3678]
Loop 443 [23663, 3454, 8758, 6993, 6337, 3951]
Loop 444 [23101, 3353, 8593, 6962, 6299, 3644]
Loop 445 [22924, 3297, 8513, 6838, 6169, 3722]
Loop 446 [23088, 3415, 8451, 6864, 6188, 3821]
Loop 447 [22948, 3423, 8368, 6778, 6103, 3838]
Loop 448 [22587, 3264, 8255, 6923, 6267, 3662]
Loop 449 [24985, 3971, 9065, 7253, 6507, 4111]
Loop 450 [22832, 3386, 8398, 6840, 6170, 3716]
Loop 451 [23980, 3320, 8338, 7958, 7323, 3858]
Loop 452 [22951, 3397, 8367, 6940, 6277, 3745]
Loop 453 [22795, 3382, 8308, 6878, 6256, 3716]
Loop 454 [22676, 3274, 8361, 6894, 6233, 3681]
Loop 455 [23794, 3457, 8750, 7142, 6452, 3915]
Loop 456 [23442, 3299, 8376, 7384, 6710, 3836]
Loop 457 [25060, 4115, 8968, 7268, 6478, 4148]
Loop 458 [23106, 3439, 8411, 7080, 6437, 3660]
Loop 459 [22661, 3291, 8192, 6904, 6260, 3754]
Loop 460 [23047, 3363, 8443, 7097, 6415, 3627]
Loop 461 [22931, 3271, 8303, 6942, 6279, 3878]
Loop 462 [23002, 3474, 8359, 6979, 6308, 3671]
Loop 463 [23254, 3453, 8475, 6997, 6354, 3796]
Loop 464 [22976, 3426, 8392, 6945, 6287, 3680]
Loop 465 [25399, 4159, 9092, 7490, 6724, 4119]
Loop 466 [28777, 3423, 8441, 12444, 11785, 3942]
Loop 467 [23069, 3578, 8314, 6929, 6268, 3722]
Loop 468 [22594, 3295, 8234, 6861, 6211, 3720]
Loop 469 [22833, 3352, 8336, 6941, 6302, 3734]
Loop 470 [22786, 3276, 8311, 6977, 6328, 3718]
Loop 471 [22961, 3386, 8360, 6973, 6335, 3709]
Loop 472 [22605, 3299, 8190, 6969, 6303, 3669]
Loop 473 [24955, 4021, 9047, 7281, 6562, 4086]
Loop 474 [23353, 3442, 8386, 6996, 6333, 3988]
Loop 475 [53414, 3450, 8442, 6734, 6082, 34145]
Loop 476 [25551, 4274, 9485, 7534, 6829, 3726]
Loop 477 [22770, 3402, 8357, 6996, 6345, 3484]
Loop 478 [23967, 3703, 9007, 7092, 6417, 3654]
Loop 479 [23019, 3295, 8743, 6941, 6315, 3506]
Loop 480 [22330, 3300, 8095, 6909, 6278, 3508]
Loop 481 [24978, 4022, 9121, 7395, 6688, 3893]
Loop 482 [22592, 3366, 8130, 7109, 6437, 3464]
Loop 483 [22337, 3327, 8099, 6918, 6218, 3477]
Loop 484 [35623, 3228, 8208, 19777, 19120, 3842]
Loop 485 [23539, 3743, 8588, 7025, 6359, 3666]
Loop 486 [22682, 3358, 8330, 6894, 6233, 3623]
Loop 487 [23034, 3366, 8546, 7053, 6417, 3541]
Loop 488 [22735, 3344, 8190, 7118, 6420, 3567]
Loop 489 [25793, 4179, 9620, 7554, 6836, 3886]
Loop 490 [22854, 3443, 8375, 6976, 6308, 3557]
Loop 491 [22898, 3297, 8372, 7183, 6546, 3514]
Loop 492 [23053, 3455, 8480, 6994, 6322, 3605]
Loop 493 [22485, 3384, 8266, 6914, 6258, 3422]
Loop 494 [22493, 3295, 8261, 6938, 6290, 3497]
Loop 495 [22467, 3372, 8460, 6740, 6101, 3433]
Loop 496 [22647, 3422, 8161, 7041, 6367, 3504]
Loop 497 [24751, 4026, 9036, 7297, 6584, 3809]
Loop 498 [22546, 3353, 8261, 6910, 6229, 3510]
Loop 499 [25428, 3911, 9469, 7623, 6845, 3834]
Loop 500 [23178, 3534, 8459, 7051, 6380, 3554]
Loop 501 [22729, 3483, 8458, 6865, 6196, 3362]
Loop 502 [22609, 3318, 8170, 7020, 6369, 3550]
Loop 503 [22354, 3385, 8197, 6721, 6050, 3516]
Loop 504 [22268, 3304, 8070, 6900, 6257, 3526]
Loop 505 [24924, 4037, 9144, 7352, 6626, 3825]
Loop 506 [23292, 3519, 8653, 6984, 6298, 3635]
Loop 507 [22321, 3340, 8158, 6963, 6300, 3394]
Loop 508 [22312, 3253, 8002, 7061, 6389, 3466]
Loop 509 [22686, 3259, 8381, 6998, 6324, 3523]
Loop 510 [22580, 3355, 8168, 6965, 6315, 3609]
Loop 511 [23146, 3399, 8726, 6945, 6287, 3543]
Loop 512 [22518, 3209, 8314, 6943, 6276, 3539]
Loop 513 [24827, 3913, 9268, 7382, 6646, 3682]
Loop 514 [22684, 3377, 8416, 6809, 6159, 3623]
Loop 515 [22724, 3256, 8482, 6974, 6344, 3485]
Loop 516 [22221, 3266, 8143, 6863, 6205, 3464]
Loop 517 [22820, 3415, 8553, 6843, 6203, 3514]
Loop 518 [23201, 3401, 8518, 7000, 6346, 3779]
Loop 519 [22806, 3309, 8601, 6850, 6203, 3512]
Loop 520 [22600, 3313, 8141, 7086, 6397, 3533]
Loop 521 [25081, 4103, 9132, 7341, 6608, 3982]
Loop 522 [22815, 3445, 8484, 6863, 6210, 3504]
Loop 523 [22771, 3169, 8655, 6844, 6207, 3601]
Loop 524 [22911, 3306, 8217, 7266, 6597, 3628]
Loop 525 [22744, 3224, 8570, 6861, 6173, 3622]
Loop 526 [22348, 3294, 8099, 6841, 6161, 3635]
Loop 527 [22689, 3284, 8288, 7115, 6446, 3510]
Loop 528 [22554, 3317, 8290, 6856, 6200, 3590]
Loop 529 [25011, 3959, 9427, 7268, 6544, 3860]
Loop 530 [23516, 3446, 8649, 7164, 6443, 3749]
Loop 531 [22605, 3339, 8248, 7091, 6415, 3447]
Loop 532 [22538, 3299, 8175, 6909, 6258, 3638]
Loop 533 [22567, 3308, 8368, 6907, 6240, 3510]
Loop 534 [22353, 3341, 8106, 6854, 6196, 3545]
Loop 535 [22520, 3324, 8396, 6772, 6138, 3510]
Loop 536 [22144, 3348, 8019, 6703, 6056, 3574]
Loop 537 [24656, 4073, 9145, 7130, 6386, 3774]
Loop 538 [22327, 3363, 8326, 6605, 5968, 3543]
Loop 539 [22489, 3302, 8361, 6745, 6074, 3502]
Loop 540 [22192, 3239, 8206, 6696, 5977, 3548]
Loop 541 [26702, 3326, 8277, 6909, 6265, 7634]
Loop 542 [23105, 3342, 8546, 7094, 6418, 3643]
Loop 543 [22979, 3322, 8527, 6962, 6340, 3645]
Loop 544 [22531, 3337, 8252, 6884, 6254, 3521]
Loop 545 [24938, 4075, 9146, 7284, 6539, 3902]
Loop 546 [22500, 3410, 8259, 6805, 6151, 3519]
Loop 547 [22449, 3278, 8261, 6876, 6258, 3567]
Loop 548 [22257, 3245, 8167, 6766, 6138, 3575]
Loop 549 [22539, 3359, 8299, 6862, 6220, 3536]
Loop 550 [22044, 3268, 8148, 6654, 6011, 3452]
Loop 551 [22201, 3286, 8261, 6701, 6053, 3481]
Loop 552 [22319, 3253, 8186, 6872, 6215, 3514]
Loop 553 [25113, 3991, 9354, 7338, 6624, 3898]
Loop 554 [22259, 3386, 8214, 6699, 6042, 3472]
Loop 555 [22627, 3348, 8325, 6931, 6299, 3492]
Loop 556 [22150, 3346, 8123, 6784, 6131, 3379]
Loop 557 [22722, 3309, 8318, 6936, 6289, 3647]
Loop 558 [22447, 3329, 8250, 6866, 6211, 3523]
Loop 559 [22365, 3283, 8366, 6752, 6119, 3481]
Loop 560 [22332, 3334, 8179, 6758, 6134, 3570]
Loop 561 [24817, 3949, 9118, 7352, 6630, 3854]
Loop 562 [22479, 3248, 8298, 6936, 6266, 3465]
Loop 563 [22350, 3233, 8166, 6957, 6312, 3473]
Loop 564 [22174, 3353, 8011, 6803, 6147, 3504]
Loop 565 [22993, 3396, 8513, 6974, 6314, 3580]
Loop 566 [22199, 3362, 8177, 6741, 6096, 3420]
Loop 567 [22436, 3289, 8307, 6803, 6170, 3546]
Loop 568 [22013, 3200, 8096, 6827, 6151, 3439]
Loop 569 [24408, 3871, 9030, 7128, 6415, 3814]
Loop 570 [22405, 3324, 8352, 6684, 6015, 3560]
Loop 571 [22263, 3292, 8197, 6697, 6040, 3586]
Loop 572 [22119, 3202, 8094, 6850, 6216, 3435]
Loop 573 [22067, 3255, 8019, 6820, 6167, 3464]
Loop 574 [22385, 3258, 8468, 6669, 6048, 3495]
Loop 575 [22066, 3291, 8183, 6661, 6012, 3415]
Loop 576 [22195, 3321, 8137, 6831, 6172, 3404]
Loop 577 [25961, 4104, 9062, 8019, 7280, 4204]
Loop 578 [22555, 3331, 8422, 6916, 6284, 3394]
Loop 579 [22119, 3291, 8139, 6803, 6175, 3390]
Loop 580 [22855, 3484, 8354, 6974, 6319, 3530]
Loop 581 [22185, 3380, 8066, 6699, 6032, 3514]
Loop 582 [22183, 3302, 8137, 6759, 6147, 3485]
Loop 583 [22310, 3253, 8332, 6677, 6034, 3544]
Loop 584 [22384, 3247, 8252, 6907, 6249, 3481]
Loop 585 [26803, 4756, 9635, 7769, 6870, 4062]
Loop 586 [22761, 3428, 8407, 6859, 6216, 3577]
Loop 587 [31953, 3524, 17167, 7186, 6541, 3588]
Loop 588 [22407, 3277, 8356, 6774, 6151, 3485]
Loop 589 [21964, 3224, 8063, 6645, 6007, 3565]
Loop 590 [27499, 3301, 8203, 11767, 11091, 3659]
Loop 591 [22339, 3494, 8150, 6747, 6145, 3499]
Loop 592 [22064, 3286, 8091, 6737, 6113, 3493]
Loop 593 [21993, 3253, 8093, 6781, 6142, 3388]
Loop 594 [22053, 3322, 8075, 6754, 6112, 3426]
Loop 595 [21938, 3234, 8217, 6584, 5958, 3421]
Loop 596 [22064, 3172, 8274, 6748, 6120, 3415]
Loop 597 [21882, 3286, 8028, 6687, 6060, 3377]
Loop 598 [23074, 3275, 8087, 7671, 7069, 3528]
Loop 599 [22279, 3410, 8099, 6783, 6134, 3481]
Loop 600 [21719, 3187, 8079, 6630, 5988, 3357]
Loop 601 [21765, 3220, 8141, 6526, 5907, 3393]
Loop 602 [22118, 3321, 8004, 6679, 6019, 3629]
Loop 603 [21931, 3169, 8154, 6691, 6052, 3408]
Loop 604 [22361, 3209, 8219, 6914, 6299, 3521]
Loop 605 [22027, 3231, 8195, 6666, 6038, 3433]
Loop 606 [22303, 3242, 8141, 6854, 6224, 3507]
Loop 607 [22300, 3206, 8301, 6852, 6213, 3379]
Loop 608 [22219, 3295, 8165, 6798, 6173, 3444]
Loop 609 [22022, 3195, 8154, 6663, 6036, 3450]
Loop 610 [21966, 3213, 8012, 6732, 6100, 3524]
Loop 611 [21822, 3264, 8071, 6670, 6031, 3352]
Loop 612 [25880, 3175, 8024, 10517, 6430, 3621]
Loop 613 [22613, 3424, 8246, 6899, 6198, 3532]
Loop 614 [21879, 3178, 8073, 6677, 6045, 3497]
Loop 615 [22031, 3321, 8072, 6721, 6072, 3422]
Loop 616 [21884, 3201, 7935, 6790, 6163, 3475]
Loop 617 [22061, 3209, 8111, 6812, 6167, 3437]
Loop 618 [22045, 3240, 7969, 6860, 6222, 3458]
Loop 619 [24949, 3138, 8096, 9543, 8877, 3654]
Loop 620 [22144, 3415, 8104, 6689, 6040, 3435]
Loop 621 [21964, 3229, 8312, 6496, 5901, 3384]
Loop 622 [23215, 3159, 8030, 6670, 6008, 4820]
Loop 623 [22321, 3273, 8314, 6621, 6001, 3614]
Loop 624 [21628, 3197, 7851, 6552, 5950, 3554]
Loop 625 [22382, 3330, 8290, 6832, 6200, 3461]
Loop 626 [21949, 3268, 8008, 6712, 6076, 3456]
Loop 627 [22144, 3283, 8062, 6947, 6318, 3376]
Loop 628 [21811, 3207, 7941, 6710, 6067, 3464]
Loop 629 [564852, 3240, 8305, 548641, 547966, 4075]
Loop 630 [23103, 3811, 8316, 7011, 6315, 3461]
Loop 631 [22153, 3328, 8188, 6643, 6023, 3508]
Loop 632 [21671, 3344, 7784, 6634, 6000, 3437]
Loop 633 [22117, 3237, 8358, 6530, 5914, 3468]
Loop 634 [21813, 3193, 7966, 6565, 5950, 3594]
Loop 635 [22090, 3211, 8252, 6747, 6112, 3386]
Loop 636 [21780, 3202, 7914, 6677, 6092, 3482]
Loop 637 [22082, 3221, 8303, 6610, 5994, 3432]
Loop 638 [21798, 3264, 8064, 6546, 5899, 3439]
Loop 639 [22135, 3197, 8267, 6674, 6038, 3471]
Loop 640 [21884, 3302, 8117, 6579, 5973, 3414]
Loop 641 [21894, 3231, 8175, 6607, 5971, 3430]
Loop 642 [21702, 3235, 7997, 6563, 5956, 3423]
Loop 643 [21605, 3179, 7978, 6614, 5963, 3364]
Loop 644 [27991, 3184, 8117, 12405, 11764, 3751]
Loop 645 [22669, 3392, 8320, 6922, 6266, 3515]
Loop 646 [21867, 3184, 8106, 6640, 6033, 3431]
Loop 647 [21922, 3198, 8227, 6610, 6016, 3414]
Loop 648 [22345, 3351, 8274, 6733, 6133, 3488]
Loop 649 [21900, 3171, 8115, 6543, 5888, 3574]
Loop 650 [22012, 3252, 8069, 6737, 6121, 3463]
Loop 651 [21939, 3155, 8046, 6741, 6112, 3511]
Loop 652 [21991, 3202, 8068, 6763, 6125, 3437]
Loop 653 [21933, 3248, 8010, 6676, 6030, 3448]
Loop 654 [22010, 3225, 8044, 6830, 6205, 3405]
Loop 655 [22243, 3220, 8179, 6754, 6131, 3587]
Loop 656 [22120, 3187, 8245, 6687, 6062, 3516]
Loop 657 [21920, 3188, 8032, 6688, 6052, 3520]
Loop 658 [22053, 3193, 8164, 6613, 5963, 3557]
Loop 659 [23374, 3202, 8072, 8208, 7580, 3430]
Loop 660 [22085, 3233, 8321, 6690, 6056, 3331]
Loop 661 [21809, 3247, 7904, 6684, 6067, 3481]
Loop 662 [22240, 3227, 8279, 6790, 6203, 3426]
Loop 663 [23260, 3285, 8005, 7751, 6443, 3694]
Loop 664 [22972, 3919, 8234, 6888, 6233, 3444]
Loop 665 [21830, 3194, 8126, 6602, 5994, 3404]
Loop 666 [25384, 6298, 8062, 6890, 6231, 3599]
Loop 667 [22365, 3408, 8274, 6671, 6047, 3517]
Loop 668 [22306, 3377, 8301, 6663, 6024, 3477]
Loop 669 [22024, 3259, 8064, 6628, 6007, 3563]
Loop 670 [22128, 3311, 8110, 6728, 6116, 3514]
Loop 671 [22221, 3313, 8141, 6718, 6083, 3488]
Loop 672 [22142, 3249, 8072, 6807, 6161, 3495]
Loop 673 [21957, 3217, 8166, 6563, 5923, 3519]
Loop 674 [21904, 3174, 8015, 6690, 6038, 3488]
Loop 675 [21942, 3285, 8065, 6677, 6021, 3428]
Loop 676 [21997, 3222, 8074, 6749, 6118, 3487]
Loop 677 [21831, 3202, 8095, 6552, 5898, 3486]
Loop 678 [22082, 3295, 8015, 6758, 6112, 3550]
Loop 679 [22172, 3368, 8126, 6758, 6162, 3415]
Loop 680 [22270, 3248, 8074, 6885, 6231, 3541]
Loop 681 [22194, 3230, 8175, 6782, 6135, 3512]
Loop 682 [22009, 3238, 8053, 6695, 6067, 3476]
Loop 683 [23943, 3632, 8996, 7120, 6468, 3680]
Loop 684 [21732, 3278, 7900, 6562, 5917, 3459]
Loop 685 [21719, 3240, 7982, 6506, 5875, 3481]
Loop 686 [21809, 3224, 8035, 6649, 6012, 3439]
Loop 687 [21933, 3187, 8160, 6628, 5988, 3475]
Loop 688 [22610, 3329, 8433, 6899, 6220, 3482]
Loop 689 [22205, 3242, 8281, 6832, 6229, 3383]
Loop 690 [21798, 3249, 7944, 6646, 6001, 3459]
Loop 691 [21958, 3249, 8176, 6670, 6069, 3382]
Loop 692 [22088, 3257, 8079, 6798, 6167, 3450]
Loop 693 [22188, 3297, 8335, 6650, 6002, 3379]
Loop 694 [21752, 3261, 7849, 6656, 6061, 3505]
Loop 695 [22174, 3333, 8274, 6674, 6041, 3413]
Loop 696 [21904, 3261, 8000, 6743, 6123, 3453]
Loop 697 [21791, 3132, 8254, 6606, 5998, 3340]
Loop 698 [22074, 3364, 7973, 6745, 6136, 3495]
Loop 699 [22206, 3286, 8163, 6799, 6192, 3487]
Loop 700 [22020, 3213, 8086, 6746, 6136, 3495]
Loop 701 [22030, 3229, 8199, 6696, 6074, 3419]
Loop 702 [21972, 3207, 8288, 6582, 5956, 3395]
Loop 703 [21813, 3245, 8097, 6621, 5965, 3346]
Loop 704 [21935, 3295, 7836, 6827, 6183, 3488]
Loop 705 [22029, 3238, 8196, 6555, 5928, 3536]
Loop 706 [21739, 3185, 7889, 6619, 5983, 3516]
Loop 707 [21984, 3176, 8070, 6755, 6120, 3464]
Loop 708 [21797, 3262, 8081, 6609, 6021, 3358]
Loop 709 [21777, 3162, 8068, 6587, 5975, 3497]
Loop 710 [26921, 3306, 12708, 6760, 6095, 3603]
Loop 711 [22332, 3244, 8327, 6760, 6145, 3477]
Loop 712 [31845, 3180, 8068, 16311, 15678, 3724]
Loop 713 [22821, 3517, 8363, 6940, 6282, 3494]
Loop 714 [22040, 3284, 8084, 6776, 6110, 3382]
Loop 715 [22293, 3203, 8083, 7120, 6477, 3393]
Loop 716 [21924, 3234, 8002, 6717, 6081, 3445]
Loop 717 [21992, 3313, 8095, 6675, 6031, 3401]
Loop 718 [21928, 3218, 8053, 6769, 6105, 3375]
Loop 719 [40541, 3306, 26577, 6617, 6000, 3517]
Loop 720 [21561, 3173, 7944, 6466, 5821, 3475]
Loop 721 [21685, 3133, 8137, 6508, 5865, 3433]
Loop 722 [21312, 3069, 7871, 6446, 5799, 3390]
Loop 723 [21636, 3156, 7998, 6593, 5954, 3432]
Loop 724 [21949, 3185, 8100, 6712, 6058, 3413]
Loop 725 [24250, 3832, 8837, 7237, 6519, 3793]
Loop 726 [21740, 3247, 7871, 6739, 6130, 3388]
Loop 727 [21797, 3167, 8060, 6565, 5902, 3504]
Loop 728 [21817, 3211, 8095, 6636, 6009, 3395]
Loop 729 [21596, 3156, 8043, 6440, 5814, 3459]
Loop 730 [21884, 3144, 8182, 6559, 5923, 3498]
Loop 731 [28131, 8715, 8168, 7179, 6534, 3557]
Loop 732 [22197, 3248, 8289, 6754, 6132, 3395]
Loop 733 [21769, 3191, 7998, 6686, 6045, 3411]
Loop 734 [21740, 3176, 7989, 6679, 6053, 3399]
Loop 735 [21608, 3154, 7958, 6606, 5974, 3396]
Loop 736 [22065, 3281, 8009, 6858, 6231, 3405]
Loop 737 [21441, 3121, 7964, 6541, 5912, 3335]
Loop 738 [21682, 3257, 7851, 6677, 6035, 3419]
Loop 739 [21322, 3215, 7781, 6472, 5828, 3370]
Loop 740 [21774, 3160, 8118, 6583, 5958, 3446]
Loop 741 [22008, 3328, 8071, 6660, 6058, 3483]
Loop 742 [21877, 3200, 7980, 6756, 6125, 3470]
Loop 743 [21889, 3253, 8054, 6616, 6002, 3463]
Loop 744 [21950, 3164, 8026, 6849, 6229, 3401]
Loop 745 [21895, 3209, 8113, 6667, 6049, 3430]
Loop 746 [21879, 3215, 8081, 6690, 6080, 3375]
Loop 747 [21882, 3339, 7995, 6666, 6020, 3375]
Loop 748 [23417, 3225, 9159, 6646, 6021, 3921]
Loop 749 [21693, 3295, 8061, 6427, 5828, 3429]
Loop 750 [23912, 3566, 9012, 7078, 6360, 3701]
Loop 751 [21656, 3178, 8019, 6619, 6010, 3377]
Loop 752 [21949, 3145, 8157, 6703, 6072, 3488]
Loop 753 [22320, 3315, 8355, 6720, 6091, 3446]
Loop 754 [21680, 3202, 7998, 6595, 5956, 3392]
Loop 755 [21948, 3211, 8059, 6704, 6067, 3488]
Loop 756 [32838, 3187, 8070, 17275, 16642, 3771]
Loop 757 [22323, 3466, 8320, 6664, 6007, 3382]
Loop 758 [21718, 3223, 7985, 6555, 5937, 3474]
Loop 759 [34551, 3253, 7941, 18996, 18314, 3805]
Loop 760 [22447, 3783, 7940, 6730, 6090, 3477]
Loop 761 [23754, 3728, 8866, 6870, 6181, 3752]
Loop 762 [21807, 3288, 7926, 6548, 5989, 3550]
Loop 763 [22631, 3332, 8587, 6623, 6029, 3550]
Loop 764 [21933, 3224, 8218, 6543, 5934, 3437]
Loop 765 [22035, 3277, 8172, 6537, 5906, 3528]
Loop 766 [21663, 3161, 8014, 6584, 5998, 3401]
Loop 767 [22080, 3282, 8279, 6548, 5888, 3490]
Loop 768 [21726, 3145, 7960, 6666, 6016, 3444]
Loop 769 [22168, 3162, 8745, 6404, 5768, 3348]
Loop 770 [21603, 3204, 7806, 6523, 5838, 3559]
Loop 771 [21518, 3146, 8064, 6523, 5905, 3319]
Loop 772 [21723, 3202, 7955, 6577, 5972, 3470]
Loop 773 [21863, 3197, 8090, 6630, 6020, 3469]
Loop 774 [21563, 3145, 7988, 6566, 5945, 3348]
Loop 775 [21837, 3276, 8108, 6544, 5931, 3402]
Loop 776 [21501, 3171, 7893, 6568, 5954, 3369]
Loop 777 [21833, 3223, 8172, 6497, 5884, 3428]
Loop 778 [21461, 3233, 7687, 6646, 5974, 3383]
Loop 779 [22019, 3240, 8225, 6612, 5991, 3430]
Loop 780 [21757, 3272, 8009, 6597, 5950, 3382]
Loop 781 [21594, 3168, 8028, 6544, 5914, 3366]
Loop 782 [21469, 3239, 7778, 6470, 5861, 3470]
Loop 783 [22873, 3118, 8199, 7531, 6894, 3515]
Loop 784 [21473, 3201, 7975, 6368, 5773, 3432]
Loop 785 [22484, 3288, 8396, 6683, 6093, 3548]
Loop 786 [21592, 3229, 7762, 6591, 5949, 3497]
Loop 787 [33037, 3222, 8106, 17329, 16657, 3845]
Loop 788 [22723, 3660, 8186, 6916, 6269, 3479]
Loop 789 [22093, 3293, 8084, 6743, 6113, 3466]
Loop 790 [21524, 3087, 7941, 6641, 6029, 3353]
Loop 791 [21767, 3237, 8039, 6537, 5899, 3424]
Loop 792 [32334, 3073, 8013, 17009, 16350, 3714]
Loop 793 [21918, 3402, 8112, 6502, 5859, 3398]
Loop 794 [21605, 3205, 7886, 6515, 5880, 3492]
Loop 795 [21663, 3111, 8033, 6581, 5961, 3426]
Loop 796 [21558, 3082, 8031, 6506, 5876, 3435]
Loop 797 [21510, 3129, 7875, 6568, 5934, 3445]
Loop 798 [21691, 3202, 7933, 6582, 5946, 3487]
Loop 799 [21547, 3229, 7922, 6454, 5861, 3433]
Loop 800 [22042, 3186, 8138, 6643, 6005, 3535]
Loop 801 [21738, 3306, 8111, 6382, 5746, 3463]
Loop 802 [21535, 3160, 7915, 6525, 5903, 3450]
Loop 803 [21758, 3157, 8206, 6469, 5839, 3422]
Loop 804 [21938, 3200, 8269, 6565, 5956, 3423]
Loop 805 [21521, 3171, 8008, 6455, 5873, 3406]
Loop 806 [21576, 3120, 7955, 6537, 5908, 3436]
Loop 807 [22192, 3271, 8132, 6615, 5985, 3665]
Loop 808 [21672, 3186, 8004, 6545, 5923, 3424]
Loop 809 [21532, 3075, 7973, 6552, 5902, 3474]
Loop 810 [21911, 3173, 8159, 6617, 5980, 3448]
Loop 811 [21659, 3148, 7908, 6616, 5980, 3481]
Loop 812 [21884, 3253, 8038, 6535, 5893, 3582]
Loop 813 [21585, 3162, 8061, 6346, 5748, 3517]
Loop 814 [21742, 3138, 8123, 6615, 5996, 3357]
Loop 815 [21259, 3080, 7787, 6457, 5842, 3422]
Loop 816 [21743, 3162, 7928, 6737, 6107, 3390]
Loop 817 [21428, 3120, 7918, 6480, 5862, 3401]
Loop 818 [21574, 3151, 7827, 6577, 5956, 3501]
Loop 819 [21766, 3264, 8163, 6477, 5852, 3373]
Loop 820 [21744, 3233, 8104, 6417, 5807, 3494]
Loop 821 [21504, 3213, 7919, 6431, 5806, 3435]
Loop 822 [21786, 3200, 7940, 6665, 6047, 3507]
Loop 823 [21454, 3171, 7957, 6331, 5739, 3474]
Loop 824 [22327, 3462, 8087, 6800, 6169, 3510]
Loop 825 [21566, 3197, 7862, 6506, 5867, 3513]
Loop 826 [21431, 3216, 7928, 6411, 5777, 3387]
Loop 827 [21658, 3162, 8003, 6556, 5918, 3446]
Loop 828 [21687, 3178, 8124, 6420, 5782, 3462]
Loop 829 [22248, 3223, 8423, 6659, 6043, 3413]
Loop 830 [21591, 3165, 7968, 6533, 5929, 3408]
Loop 831 [21740, 3140, 7997, 6555, 5956, 3515]
Loop 832 [21702, 3253, 7922, 6527, 5921, 3462]
Loop 833 [21473, 3169, 8044, 6311, 5724, 3408]
Loop 834 [21452, 3148, 7670, 6661, 6023, 3460]
Loop 835 [21628, 3197, 8157, 6371, 5771, 3388]
Loop 836 [21530, 3124, 8051, 6317, 5746, 3521]
Loop 837 [21935, 3193, 8156, 6575, 5943, 3452]
Loop 838 [21655, 3140, 7986, 6569, 5967, 3430]
Loop 839 [21882, 3209, 8152, 6466, 5833, 3539]
Loop 840 [21453, 3190, 7769, 6424, 5808, 3537]
Loop 841 [21935, 3220, 8309, 6429, 5825, 3492]
Loop 842 [21639, 3211, 7844, 6632, 5975, 3435]
Loop 843 [22184, 3226, 8150, 6880, 6245, 3417]
Loop 844 [21561, 3123, 7942, 6555, 5945, 3462]
Loop 845 [21430, 3151, 7851, 6458, 5844, 3435]
Loop 846 [21510, 3156, 7970, 6396, 5817, 3468]
Loop 847 [21574, 3213, 8008, 6444, 5843, 3419]
Loop 848 [21297, 3148, 7742, 6390, 5781, 3552]
Loop 849 [21748, 3109, 8124, 6492, 5890, 3526]
Loop 850 [21043, 3129, 7720, 6241, 5648, 3472]
Loop 851 [26569, 3236, 12448, 6810, 6161, 3551]
Loop 852 [21594, 3286, 7851, 6595, 6007, 3352]
Loop 853 [23386, 3406, 8856, 7073, 6419, 3497]
Loop 854 [21622, 3208, 7778, 6672, 6069, 3461]
Loop 855 [21768, 3278, 8051, 6449, 5878, 3419]
Loop 856 [21142, 3126, 7798, 6349, 5770, 3377]
Loop 857 [21650, 3116, 8125, 6469, 5861, 3426]
Loop 858 [21259, 3212, 7794, 6431, 5819, 3340]
Loop 859 [21617, 3191, 8039, 6571, 5942, 3335]
Loop 860 [21439, 3097, 7787, 6628, 6023, 3403]
Loop 861 [21891, 3238, 7984, 6741, 6121, 3426]
Loop 862 [21774, 3308, 8028, 6618, 5979, 3337]
Loop 863 [21689, 3224, 7951, 6531, 5916, 3462]
Loop 864 [21742, 3206, 7970, 6495, 5906, 3562]
Loop 865 [37759, 3621, 8707, 20863, 20164, 4022]
Loop 866 [22408, 3739, 8121, 6491, 5854, 3552]
Loop 867 [21327, 3267, 7928, 6305, 5697, 3328]
Loop 868 [21171, 3169, 7964, 6242, 5659, 3292]
Loop 869 [21379, 3129, 8091, 6238, 5668, 3435]
Loop 870 [21445, 3226, 8002, 6269, 5662, 3441]
Loop 871 [21634, 3238, 7999, 6418, 5832, 3484]
Loop 872 [29234, 3457, 8717, 12638, 6565, 3880]
Loop 873 [22153, 3532, 8141, 6409, 5781, 3547]
Loop 874 [23103, 3541, 8792, 6677, 6031, 3581]
Loop 875 [21969, 3213, 8206, 6546, 5917, 3510]
Loop 876 [21890, 3255, 8356, 6260, 5662, 3517]
Loop 877 [21327, 3178, 7928, 6288, 5691, 3437]
Loop 878 [21690, 3159, 8341, 6291, 5677, 3417]
Loop 879 [21605, 3136, 7942, 6392, 5776, 3619]
Loop 880 [21591, 3129, 7968, 6527, 5912, 3481]
Loop 881 [21588, 3149, 8041, 6385, 5777, 3532]
Loop 882 [21455, 3248, 7875, 6393, 5798, 3470]
Loop 883 [21355, 3160, 7919, 6368, 5758, 3430]
Loop 884 [21337, 3113, 7941, 6411, 5781, 3386]
Loop 885 [21608, 3273, 7935, 6498, 5850, 3402]
Loop 886 [21463, 3146, 8006, 6402, 5777, 3406]
Loop 887 [21135, 3153, 7956, 6161, 5564, 3366]
Loop 888 [21444, 3084, 8015, 6546, 5912, 3337]
Loop 889 [21228, 3109, 7964, 6224, 5621, 3437]
Loop 890 [21345, 3164, 7997, 6393, 5794, 3318]
Loop 891 [21421, 3259, 7935, 6353, 5732, 3373]
Loop 892 [21402, 3141, 7891, 6501, 5905, 3386]
Loop 893 [24034, 3691, 9143, 6987, 6224, 3665]
Loop 894 [21889, 3326, 8063, 6580, 5949, 3386]
Loop 895 [21660, 3186, 8152, 6424, 5815, 3381]
Loop 896 [21752, 3206, 7921, 6696, 6074, 3435]
Loop 897 [21758, 3201, 8038, 6594, 5937, 3390]
Loop 898 [21674, 3237, 8017, 6457, 5826, 3464]
Loop 899 [21373, 3146, 7948, 6482, 5871, 3318]
Loop 900 [21758, 3137, 8084, 6608, 6006, 3413]
Loop 901 [21486, 3279, 8035, 6282, 5671, 3395]
Loop 902 [21570, 3167, 7990, 6440, 5825, 3492]
Loop 903 [21724, 3273, 8033, 6497, 5865, 3419]
Loop 904 [22075, 3257, 8176, 6641, 5995, 3518]
Loop 905 [21671, 3295, 8022, 6499, 5867, 3357]
Loop 906 [21405, 3122, 7849, 6524, 5921, 3410]
Loop 907 [21507, 3169, 7905, 6538, 5912, 3383]
Loop 908 [21609, 3210, 7991, 6453, 5819, 3459]
Loop 909 [21793, 3133, 8360, 6330, 5717, 3437]
Loop 910 [21290, 3182, 7800, 6391, 5779, 3417]
Loop 911 [21696, 3173, 8186, 6369, 5719, 3459]
Loop 912 [21397, 3163, 7865, 6411, 5795, 3458]
Loop 913 [43137, 24572, 8150, 6449, 5803, 3484]
Loop 914 [21076, 3140, 7777, 6320, 5699, 3355]
Loop 915 [21277, 3114, 7930, 6366, 5735, 3390]
Loop 916 [21379, 3145, 7911, 6435, 5826, 3362]
Loop 917 [21611, 3244, 7949, 6537, 5930, 3386]
Loop 918 [22780, 3289, 7891, 7669, 7005, 3442]
Loop 919 [23505, 3337, 9294, 6375, 5723, 3991]
Loop 920 [21678, 3203, 8004, 6504, 5883, 3457]
Loop 921 [21455, 3171, 7981, 6417, 5790, 3401]
Loop 922 [21317, 3255, 7844, 6354, 5724, 3368]
Loop 923 [21100, 3140, 7800, 6349, 5733, 3342]
Loop 924 [21240, 3094, 7818, 6477, 5874, 3352]
Loop 925 [25104, 3242, 7933, 9838, 5852, 3576]
Loop 926 [21698, 3197, 8104, 6446, 5791, 3460]
Loop 927 [21563, 3168, 8006, 6393, 5797, 3459]
Loop 928 [21284, 3125, 7883, 6395, 5799, 3382]
Loop 929 [21427, 3160, 7971, 6318, 5722, 3482]
Loop 930 [21135, 3115, 7933, 6244, 5662, 3357]
Loop 931 [21056, 3114, 7816, 6355, 5746, 3301]
Loop 932 [21149, 3114, 7737, 6471, 5888, 3344]
Loop 933 [21429, 3155, 7933, 6428, 5808, 3429]
Loop 934 [21457, 3167, 7871, 6480, 5862, 3424]
Loop 935 [21381, 3151, 7926, 6424, 5792, 3397]
Loop 936 [21343, 3103, 7871, 6435, 5805, 3457]
Loop 937 [21155, 3121, 7845, 6274, 5681, 3408]
Loop 938 [21338, 3173, 7915, 6415, 5808, 3328]
Loop 939 [21058, 3049, 7817, 6286, 5683, 3423]
Loop 940 [21925, 3180, 8493, 6370, 5759, 3392]
Loop 941 [21225, 3130, 7712, 6420, 5802, 3457]
Loop 942 [21554, 3160, 7871, 6685, 6056, 3350]
Loop 943 [21250, 3150, 7796, 6373, 5748, 3426]
Loop 944 [21377, 3100, 7941, 6424, 5794, 3423]
Loop 945 [21231, 3151, 7853, 6340, 5710, 3385]
Loop 946 [21235, 3012, 7929, 6422, 5788, 3346]
Loop 947 [21034, 3145, 7633, 6342, 5776, 3437]
Loop 948 [22150, 3192, 8365, 6648, 6023, 3403]
Loop 949 [21235, 3151, 7722, 6435, 5850, 3400]
Loop 950 [21541, 3093, 7873, 6601, 5972, 3477]
Loop 951 [21598, 3264, 7838, 6435, 5835, 3532]
Loop 952 [21085, 3113, 7687, 6502, 5882, 3320]
Loop 953 [21044, 3171, 7785, 6184, 5583, 3424]
Loop 954 [21209, 3144, 7926, 6337, 5728, 3332]
Loop 955 [22871, 3391, 8731, 6698, 6056, 3541]
Loop 956 [21487, 3136, 8000, 6455, 5838, 3408]
Loop 957 [21355, 3178, 7931, 6277, 5656, 3458]
Loop 958 [21888, 3161, 8199, 6570, 5921, 3452]
Loop 959 [21107, 3149, 7807, 6375, 5707, 3260]
Loop 960 [21402, 3166, 7789, 6570, 5939, 3379]
Loop 961 [21327, 3146, 7904, 6400, 5755, 3369]
Loop 962 [21382, 3133, 8086, 6328, 5737, 3339]
Loop 963 [21460, 3173, 8064, 6402, 5793, 3337]
Loop 964 [21545, 3108, 8097, 6446, 5810, 3409]
Loop 965 [21437, 3162, 8064, 6262, 5653, 3447]
Loop 966 [21738, 3193, 8091, 6568, 5943, 3388]
Loop 967 [21346, 3128, 7978, 6390, 5751, 3362]
Loop 968 [21479, 3111, 7831, 6610, 6014, 3412]
Loop 969 [21616, 3194, 7884, 6582, 5943, 3455]
Loop 970 [27838, 3277, 13788, 6631, 5945, 3590]
Loop 971 [21574, 3101, 7986, 6495, 5883, 3485]
Loop 972 [20940, 2991, 7827, 6317, 5724, 3328]
Loop 973 [21147, 3007, 8090, 6130, 5517, 3417]
Loop 974 [21375, 3107, 8021, 6377, 5742, 3397]
Loop 975 [21429, 3157, 8046, 6324, 5721, 3399]
Loop 976 [21346, 3140, 7951, 6391, 5769, 3373]
Loop 977 [21479, 3156, 7911, 6511, 5877, 3405]
Loop 978 [21182, 3144, 7847, 6395, 5795, 3295]
Loop 979 [21350, 3149, 7911, 6371, 5787, 3412]
Loop 980 [21474, 3170, 7929, 6449, 5839, 3421]
Loop 981 [21579, 3167, 8059, 6423, 5833, 3406]
Loop 982 [21517, 3139, 8004, 6427, 5785, 3451]
Loop 983 [21219, 3180, 7947, 6195, 5582, 3384]
Loop 984 [21226, 3233, 7698, 6409, 5814, 3394]
Loop 985 [21220, 3085, 8013, 6259, 5659, 3392]
Loop 986 [21140, 3158, 7804, 6289, 5677, 3397]
Loop 987 [21381, 3146, 7951, 6431, 5832, 3386]
Loop 988 [21384, 3197, 7740, 6431, 5812, 3517]
Loop 989 [21481, 3220, 7806, 6571, 5941, 3393]
Loop 990 [21612, 3226, 7928, 6497, 5858, 3467]
Loop 991 [21589, 3122, 8055, 6411, 5783, 3479]
Loop 992 [21459, 3224, 7873, 6448, 5852, 3424]
Loop 993 [21962, 3284, 8302, 6486, 5820, 3393]
Loop 994 [21284, 3185, 7818, 6358, 5732, 3427]
Loop 995 [21142, 3062, 7893, 6308, 5700, 3405]
Loop 996 [21171, 3070, 7823, 6442, 5832, 3355]
Loop 997 [21461, 3175, 7964, 6369, 5741, 3472]
Loop 998 [21523, 3135, 7776, 6592, 5973, 3508]
Loop 999 [21532, 3188, 7973, 6406, 5776, 3488]
replicas primary file /tmp1024microec.dat capacity 256
replicas slave file /tmp1024microec.datLQL0 capacity 256
replicas slave file /tmp1024microec.datLQL1 capacity 256
replicas slave file /tmp1024microec.datLQL2 capacity 256
replicas slave file /tmp1024microec.datLQL3 capacity 256
replicas slave file /tmp1024microec.datLQL4 capacity 256
