writeHydra, filename /tmp1024hydra3.dat, size 1024, loop 1000, storageClass 0, locationClass 0
CrailConstants.REPLICATION_FACTOR has changed to 5
starting benchmark...
replicas primary file /tmp1024hydra3.dat capacity 0
replicas slave file /tmp1024hydra3.datLQL0 capacity 0
replicas slave file /tmp1024hydra3.datLQL1 capacity 0
replicas slave file /tmp1024hydra3.datLQL2 capacity 0
replicas slave file /tmp1024hydra3.datLQL3 capacity 0
replicas slave file /tmp1024hydra3.datLQL4 capacity 0
ops 1000
final loop (us) 18.708
Loop 0 (us) 108.821
Loop 1 (us) 48.797
Loop 2 (us) 45.833
Loop 3 (us) 44.44
Loop 4 (us) 44.884
Loop 5 (us) 41.526
Loop 6 (us) 56.75
Loop 7 (us) 42.942
Loop 8 (us) 53.493
Loop 9 (us) 39.277
Loop 10 (us) 37.559
Loop 11 (us) 37.187
Loop 12 (us) 45.506
Loop 13 (us) 35.68
Loop 14 (us) 34.415
Loop 15 (us) 52.242
Loop 16 (us) 38.644
Loop 17 (us) 38.519
Loop 18 (us) 36.842
Loop 19 (us) 32.68
Loop 20 (us) 33.055
Loop 21 (us) 34.67
Loop 22 (us) 43.452
Loop 23 (us) 38.769
Loop 24 (us) 39.266
Loop 25 (us) 35.965
Loop 26 (us) 36.327
Loop 27 (us) 33.602
Loop 28 (us) 35.18
Loop 29 (us) 35.474
Loop 30 (us) 36.19
Loop 31 (us) 37.341
Loop 32 (us) 33.893
Loop 33 (us) 58.742
Loop 34 (us) 35.725
Loop 35 (us) 33.303
Loop 36 (us) 32.435
Loop 37 (us) 31.477
Loop 38 (us) 40.406
Loop 39 (us) 33.111
Loop 40 (us) 31.455
Loop 41 (us) 36.017
Loop 42 (us) 32.095
Loop 43 (us) 30.499
Loop 44 (us) 30.85
Loop 45 (us) 30.681
Loop 46 (us) 32.438
Loop 47 (us) 31.062
Loop 48 (us) 31.134
Loop 49 (us) 31.61
Loop 50 (us) 31.312
Loop 51 (us) 30.907
Loop 52 (us) 30.708
Loop 53 (us) 31.222
Loop 54 (us) 33.643
Loop 55 (us) 31.369
Loop 56 (us) 32.913
Loop 57 (us) 32.795
Loop 58 (us) 30.87
Loop 59 (us) 33.822
Loop 60 (us) 31.892
Loop 61 (us) 39.051
Loop 62 (us) 35.599
Loop 63 (us) 71.476
Loop 64 (us) 120.35
Loop 65 (us) 78.414
Loop 66 (us) 52.946
Loop 67 (us) 32.348
Loop 68 (us) 32.381
Loop 69 (us) 61.912
Loop 70 (us) 32.414
Loop 71 (us) 31.557
Loop 72 (us) 28.982
Loop 73 (us) 31.036
Loop 74 (us) 31.922
Loop 75 (us) 30.903
Loop 76 (us) 28.823
Loop 77 (us) 29.849
Loop 78 (us) 34.258
Loop 79 (us) 52.311
Loop 80 (us) 35.191
Loop 81 (us) 30.192
Loop 82 (us) 43.685
Loop 83 (us) 36.797
Loop 84 (us) 35.995
Loop 85 (us) 29.684
Loop 86 (us) 59.87
Loop 87 (us) 41.806
Loop 88 (us) 28.647
Loop 89 (us) 27.648
Loop 90 (us) 31.469
Loop 91 (us) 27.546
Loop 92 (us) 28.935
Loop 93 (us) 38.898
Loop 94 (us) 30.559
Loop 95 (us) 39.707
Loop 96 (us) 42.237
Loop 97 (us) 41.382
Loop 98 (us) 31.021
Loop 99 (us) 27.302
Loop 100 (us) 31.715
Loop 101 (us) 29.43
Loop 102 (us) 30.169
Loop 103 (us) 29.13
Loop 104 (us) 40.217
Loop 105 (us) 30.339
Loop 106 (us) 28.364
Loop 107 (us) 26.71
Loop 108 (us) 26.852
Loop 109 (us) 38.322
Loop 110 (us) 31.126
Loop 111 (us) 51.77
Loop 112 (us) 47.102
Loop 113 (us) 35.002
Loop 114 (us) 27.022
Loop 115 (us) 28.494
Loop 116 (us) 27.765
Loop 117 (us) 29.808
Loop 118 (us) 30.517
Loop 119 (us) 27.191
Loop 120 (us) 28.147
Loop 121 (us) 28.793
Loop 122 (us) 29.43
Loop 123 (us) 26.804
Loop 124 (us) 27.506
Loop 125 (us) 26.992
Loop 126 (us) 26.825
Loop 127 (us) 30.617
Loop 128 (us) 26.762
Loop 129 (us) 27.164
Loop 130 (us) 26.715
Loop 131 (us) 27.463
Loop 132 (us) 49.48
Loop 133 (us) 28.999
Loop 134 (us) 26.866
Loop 135 (us) 41.679
Loop 136 (us) 29.048
Loop 137 (us) 27.353
Loop 138 (us) 27.161
Loop 139 (us) 27.043
Loop 140 (us) 27.743
Loop 141 (us) 26.637
Loop 142 (us) 26.303
Loop 143 (us) 27.194
Loop 144 (us) 29.565
Loop 145 (us) 27.051
Loop 146 (us) 26.713
Loop 147 (us) 26.596
Loop 148 (us) 27.158
Loop 149 (us) 26.666
Loop 150 (us) 26.444
Loop 151 (us) 27.707
Loop 152 (us) 27.109
Loop 153 (us) 26.781
Loop 154 (us) 26.404
Loop 155 (us) 34.269
Loop 156 (us) 30.546
Loop 157 (us) 27.521
Loop 158 (us) 26.797
Loop 159 (us) 28.478
Loop 160 (us) 36.776
Loop 161 (us) 27.19
Loop 162 (us) 26.471
Loop 163 (us) 26.367
Loop 164 (us) 27.225
Loop 165 (us) 26.768
Loop 166 (us) 26.125
Loop 167 (us) 26.33
Loop 168 (us) 26.469
Loop 169 (us) 26.635
Loop 170 (us) 27.617
Loop 171 (us) 26.492
Loop 172 (us) 25.695
Loop 173 (us) 25.98
Loop 174 (us) 25.953
Loop 175 (us) 25.802
Loop 176 (us) 26.185
Loop 177 (us) 30.805
Loop 178 (us) 28.796
Loop 179 (us) 25.638
Loop 180 (us) 26.012
Loop 181 (us) 25.765
Loop 182 (us) 27.666
Loop 183 (us) 25.676
Loop 184 (us) 26.094
Loop 185 (us) 26.262
Loop 186 (us) 25.951
Loop 187 (us) 25.737
Loop 188 (us) 25.684
Loop 189 (us) 25.55
Loop 190 (us) 25.735
Loop 191 (us) 26.137
Loop 192 (us) 25.794
Loop 193 (us) 34.553
Loop 194 (us) 26.152
Loop 195 (us) 26.218
Loop 196 (us) 25.835
Loop 197 (us) 31.844
Loop 198 (us) 26.096
Loop 199 (us) 25.817
Loop 200 (us) 26.081
Loop 201 (us) 26.282
Loop 202 (us) 26.028
Loop 203 (us) 25.905
Loop 204 (us) 25.691
Loop 205 (us) 27.348
Loop 206 (us) 25.92
Loop 207 (us) 28.663
Loop 208 (us) 26.269
Loop 209 (us) 26.735
Loop 210 (us) 25.844
Loop 211 (us) 25.593
Loop 212 (us) 25.683
Loop 213 (us) 26.256
Loop 214 (us) 25.543
Loop 215 (us) 25.784
Loop 216 (us) 31.331
Loop 217 (us) 26.421
Loop 218 (us) 25.753
Loop 219 (us) 26.489
Loop 220 (us) 26.006
Loop 221 (us) 25.468
Loop 222 (us) 25.866
Loop 223 (us) 26.078
Loop 224 (us) 25.547
Loop 225 (us) 26.258
Loop 226 (us) 26.17
Loop 227 (us) 26.173
Loop 228 (us) 28.111
Loop 229 (us) 26.052
Loop 230 (us) 26.187
Loop 231 (us) 25.789
Loop 232 (us) 25.39
Loop 233 (us) 26.174
Loop 234 (us) 26.833
Loop 235 (us) 26.056
Loop 236 (us) 29.03
Loop 237 (us) 26.024
Loop 238 (us) 26.589
Loop 239 (us) 34.417
Loop 240 (us) 26.571
Loop 241 (us) 26.189
Loop 242 (us) 26.327
Loop 243 (us) 25.767
Loop 244 (us) 25.876
Loop 245 (us) 25.71
Loop 246 (us) 25.22
Loop 247 (us) 25.927
Loop 248 (us) 25.76
Loop 249 (us) 26.163
Loop 250 (us) 25.452
Loop 251 (us) 28.31
Loop 252 (us) 32.531
Loop 253 (us) 27.426
Loop 254 (us) 25.68
Loop 255 (us) 35.873
Loop 256 (us) 28.404
Loop 257 (us) 30.525
Loop 258 (us) 27.579
Loop 259 (us) 26.382
Loop 260 (us) 103.369
Loop 261 (us) 47.602
Loop 262 (us) 32.233
Loop 263 (us) 29.837
Loop 264 (us) 30.236
Loop 265 (us) 44.748
Loop 266 (us) 32.882
Loop 267 (us) 66.24
Loop 268 (us) 31.853
Loop 269 (us) 29.002
Loop 270 (us) 48.839
Loop 271 (us) 41.519
Loop 272 (us) 30.44
Loop 273 (us) 43.751
Loop 274 (us) 30.855
Loop 275 (us) 28.233
Loop 276 (us) 39.002
Loop 277 (us) 31.048
Loop 278 (us) 28.519
Loop 279 (us) 32.494
Loop 280 (us) 42.369
Loop 281 (us) 35.425
Loop 282 (us) 25.666
Loop 283 (us) 25.282
Loop 284 (us) 24.904
Loop 285 (us) 24.51
Loop 286 (us) 25.088
Loop 287 (us) 24.495
Loop 288 (us) 24.472
Loop 289 (us) 25.33
Loop 290 (us) 29.706
Loop 291 (us) 25.25
Loop 292 (us) 24.99
Loop 293 (us) 24.481
Loop 294 (us) 24.793
Loop 295 (us) 24.814
Loop 296 (us) 24.63
Loop 297 (us) 31.466
Loop 298 (us) 25.317
Loop 299 (us) 25.042
Loop 300 (us) 24.206
Loop 301 (us) 24.415
Loop 302 (us) 24.277
Loop 303 (us) 24.474
Loop 304 (us) 24.301
Loop 305 (us) 24.9
Loop 306 (us) 24.485
Loop 307 (us) 24.564
Loop 308 (us) 25.176
Loop 309 (us) 26.361
Loop 310 (us) 24.552
Loop 311 (us) 24.663
Loop 312 (us) 35.465
Loop 313 (us) 25.706
Loop 314 (us) 24.938
Loop 315 (us) 24.686
Loop 316 (us) 24.976
Loop 317 (us) 25.264
Loop 318 (us) 25.43
Loop 319 (us) 24.624
Loop 320 (us) 24.995
Loop 321 (us) 26.542
Loop 322 (us) 25.364
Loop 323 (us) 24.299
Loop 324 (us) 24.404
Loop 325 (us) 24.456
Loop 326 (us) 43.393
Loop 327 (us) 25.069
Loop 328 (us) 24.166
Loop 329 (us) 25.306
Loop 330 (us) 24.672
Loop 331 (us) 47.992
Loop 332 (us) 30.309
Loop 333 (us) 25.488
Loop 334 (us) 25.346
Loop 335 (us) 25.19
Loop 336 (us) 24.583
Loop 337 (us) 26.452
Loop 338 (us) 25.321
Loop 339 (us) 23.67
Loop 340 (us) 25.416
Loop 341 (us) 25.284
Loop 342 (us) 24.889
Loop 343 (us) 26.221
Loop 344 (us) 26.234
Loop 345 (us) 25.636
Loop 346 (us) 24.103
Loop 347 (us) 24.087
Loop 348 (us) 24.748
Loop 349 (us) 25.838
Loop 350 (us) 44.116
Loop 351 (us) 25.601
Loop 352 (us) 24.278
Loop 353 (us) 24.48
Loop 354 (us) 23.45
Loop 355 (us) 30.078
Loop 356 (us) 23.449
Loop 357 (us) 23.584
Loop 358 (us) 22.828
Loop 359 (us) 22.887
Loop 360 (us) 23.131
Loop 361 (us) 24.233
Loop 362 (us) 23.196
Loop 363 (us) 22.817
Loop 364 (us) 22.677
Loop 365 (us) 22.812
Loop 366 (us) 23.788
Loop 367 (us) 30.203
Loop 368 (us) 23.285
Loop 369 (us) 25.085
Loop 370 (us) 23.836
Loop 371 (us) 22.801
Loop 372 (us) 24.417
Loop 373 (us) 23.395
Loop 374 (us) 39.188
Loop 375 (us) 26.42
Loop 376 (us) 23.377
Loop 377 (us) 29.878
Loop 378 (us) 25.829
Loop 379 (us) 30.305
Loop 380 (us) 47.792
Loop 381 (us) 26.238
Loop 382 (us) 23.362
Loop 383 (us) 23.116
Loop 384 (us) 22.152
Loop 385 (us) 25.778
Loop 386 (us) 23.11
Loop 387 (us) 23.247
Loop 388 (us) 22.297
Loop 389 (us) 25.456
Loop 390 (us) 21.818
Loop 391 (us) 22.024
Loop 392 (us) 21.39
Loop 393 (us) 25.643
Loop 394 (us) 21.801
Loop 395 (us) 22.571
Loop 396 (us) 21.727
Loop 397 (us) 22.406
Loop 398 (us) 21.299
Loop 399 (us) 21.638
Loop 400 (us) 21.617
Loop 401 (us) 26.025
Loop 402 (us) 22.711
Loop 403 (us) 22.153
Loop 404 (us) 22.607
Loop 405 (us) 22.141
Loop 406 (us) 37.537
Loop 407 (us) 25.964
Loop 408 (us) 22.434
Loop 409 (us) 24.572
Loop 410 (us) 24.217
Loop 411 (us) 22.464
Loop 412 (us) 23.228
Loop 413 (us) 22.376
Loop 414 (us) 21.938
Loop 415 (us) 22.256
Loop 416 (us) 22.368
Loop 417 (us) 24.692
Loop 418 (us) 22.509
Loop 419 (us) 21.222
Loop 420 (us) 22.859
Loop 421 (us) 22.516
Loop 422 (us) 21.911
Loop 423 (us) 632.82
Loop 424 (us) 22.904
Loop 425 (us) 25.132
Loop 426 (us) 22.399
Loop 427 (us) 23.418
Loop 428 (us) 30.686
Loop 429 (us) 22.662
Loop 430 (us) 22.383
Loop 431 (us) 21.412
Loop 432 (us) 21.155
Loop 433 (us) 24.594
Loop 434 (us) 22.031
Loop 435 (us) 21.306
Loop 436 (us) 21.186
Loop 437 (us) 21.73
Loop 438 (us) 23.207
Loop 439 (us) 23.046
Loop 440 (us) 22.798
Loop 441 (us) 25.066
Loop 442 (us) 22.05
Loop 443 (us) 22.522
Loop 444 (us) 23.974
Loop 445 (us) 22.112
Loop 446 (us) 22.484
Loop 447 (us) 22.29
Loop 448 (us) 21.74
Loop 449 (us) 26.859
Loop 450 (us) 22.34
Loop 451 (us) 27.588
Loop 452 (us) 22.22
Loop 453 (us) 22.288
Loop 454 (us) 22.137
Loop 455 (us) 22.529
Loop 456 (us) 47.884
Loop 457 (us) 23.814
Loop 458 (us) 20.654
Loop 459 (us) 20.429
Loop 460 (us) 20.067
Loop 461 (us) 20.07
Loop 462 (us) 20.973
Loop 463 (us) 22.071
Loop 464 (us) 21.503
Loop 465 (us) 23.597
Loop 466 (us) 21.601
Loop 467 (us) 20.834
Loop 468 (us) 20.249
Loop 469 (us) 20.603
Loop 470 (us) 20.548
Loop 471 (us) 20.131
Loop 472 (us) 20.601
Loop 473 (us) 23.085
Loop 474 (us) 20.063
Loop 475 (us) 21.406
Loop 476 (us) 19.793
Loop 477 (us) 20.145
Loop 478 (us) 19.866
Loop 479 (us) 53.062
Loop 480 (us) 40.578
Loop 481 (us) 24.984
Loop 482 (us) 20.699
Loop 483 (us) 20.28
Loop 484 (us) 20.161
Loop 485 (us) 20.085
Loop 486 (us) 21.565
Loop 487 (us) 20.375
Loop 488 (us) 19.751
Loop 489 (us) 22.695
Loop 490 (us) 20.522
Loop 491 (us) 20.267
Loop 492 (us) 19.846
Loop 493 (us) 20.886
Loop 494 (us) 20.359
Loop 495 (us) 19.622
Loop 496 (us) 20.087
Loop 497 (us) 22.968
Loop 498 (us) 21.401
Loop 499 (us) 19.826
Loop 500 (us) 19.945
Loop 501 (us) 19.985
Loop 502 (us) 20.156
Loop 503 (us) 20.252
Loop 504 (us) 20.011
Loop 505 (us) 37.476
Loop 506 (us) 22.327
Loop 507 (us) 19.857
Loop 508 (us) 20.006
Loop 509 (us) 19.506
Loop 510 (us) 20.753
Loop 511 (us) 19.808
Loop 512 (us) 19.768
Loop 513 (us) 22.416
Loop 514 (us) 20.056
Loop 515 (us) 19.882
Loop 516 (us) 19.569
Loop 517 (us) 19.628
Loop 518 (us) 19.472
Loop 519 (us) 19.616
Loop 520 (us) 19.399
Loop 521 (us) 22.124
Loop 522 (us) 25.096
Loop 523 (us) 19.67
Loop 524 (us) 19.451
Loop 525 (us) 19.978
Loop 526 (us) 19.721
Loop 527 (us) 19.604
Loop 528 (us) 19.414
Loop 529 (us) 22.251
Loop 530 (us) 19.856
Loop 531 (us) 19.631
Loop 532 (us) 19.642
Loop 533 (us) 19.854
Loop 534 (us) 19.762
Loop 535 (us) 21.297
Loop 536 (us) 20.459
Loop 537 (us) 22.258
Loop 538 (us) 20.353
Loop 539 (us) 20.344
Loop 540 (us) 19.384
Loop 541 (us) 19.788
Loop 542 (us) 19.611
Loop 543 (us) 19.761
Loop 544 (us) 19.571
Loop 545 (us) 21.929
Loop 546 (us) 20.1
Loop 547 (us) 21.207
Loop 548 (us) 19.675
Loop 549 (us) 19.593
Loop 550 (us) 19.42
Loop 551 (us) 19.824
Loop 552 (us) 19.639
Loop 553 (us) 21.929
Loop 554 (us) 19.87
Loop 555 (us) 19.578
Loop 556 (us) 19.683
Loop 557 (us) 605.263
Loop 558 (us) 20.53
Loop 559 (us) 19.914
Loop 560 (us) 19.35
Loop 561 (us) 22.469
Loop 562 (us) 19.816
Loop 563 (us) 19.887
Loop 564 (us) 21.207
Loop 565 (us) 19.959
Loop 566 (us) 19.526
Loop 567 (us) 19.779
Loop 568 (us) 19.558
Loop 569 (us) 24.069
Loop 570 (us) 19.647
Loop 571 (us) 19.846
Loop 572 (us) 19.564
Loop 573 (us) 20.776
Loop 574 (us) 21.248
Loop 575 (us) 19.93
Loop 576 (us) 19.365
Loop 577 (us) 20.902
Loop 578 (us) 19.828
Loop 579 (us) 23.044
Loop 580 (us) 20.856
Loop 581 (us) 26.347
Loop 582 (us) 20.205
Loop 583 (us) 19.681
Loop 584 (us) 19.677
Loop 585 (us) 19.385
Loop 586 (us) 19.56
Loop 587 (us) 19.283
Loop 588 (us) 19.891
Loop 589 (us) 19.637
Loop 590 (us) 20.306
Loop 591 (us) 19.644
Loop 592 (us) 19.697
Loop 593 (us) 19.366
Loop 594 (us) 19.387
Loop 595 (us) 19.708
Loop 596 (us) 19.343
Loop 597 (us) 19.874
Loop 598 (us) 20.092
Loop 599 (us) 19.646
Loop 600 (us) 19.349
Loop 601 (us) 19.691
Loop 602 (us) 19.236
Loop 603 (us) 19.427
Loop 604 (us) 19.545
Loop 605 (us) 20.828
Loop 606 (us) 19.488
Loop 607 (us) 19.558
Loop 608 (us) 20.907
Loop 609 (us) 20.383
Loop 610 (us) 20.269
Loop 611 (us) 19.626
Loop 612 (us) 19.391
Loop 613 (us) 19.75
Loop 614 (us) 19.584
Loop 615 (us) 19.466
Loop 616 (us) 19.451
Loop 617 (us) 19.272
Loop 618 (us) 19.4
Loop 619 (us) 19.398
Loop 620 (us) 19.846
Loop 621 (us) 21.142
Loop 622 (us) 20.381
Loop 623 (us) 19.349
Loop 624 (us) 19.507
Loop 625 (us) 19.356
Loop 626 (us) 19.537
Loop 627 (us) 19.429
Loop 628 (us) 20.851
Loop 629 (us) 20.019
Loop 630 (us) 19.675
Loop 631 (us) 19.965
Loop 632 (us) 19.974
Loop 633 (us) 19.4
Loop 634 (us) 19.401
Loop 635 (us) 19.436
Loop 636 (us) 19.183
Loop 637 (us) 19.542
Loop 638 (us) 19.159
Loop 639 (us) 19.653
Loop 640 (us) 19.32
Loop 641 (us) 19.659
Loop 642 (us) 19.688
Loop 643 (us) 19.682
Loop 644 (us) 19.445
Loop 645 (us) 19.963
Loop 646 (us) 19.366
Loop 647 (us) 19.451
Loop 648 (us) 19.613
Loop 649 (us) 19.354
Loop 650 (us) 20.46
Loop 651 (us) 24.57
Loop 652 (us) 20.058
Loop 653 (us) 19.136
Loop 654 (us) 42.3
Loop 655 (us) 19.349
Loop 656 (us) 39.678
Loop 657 (us) 21.084
Loop 658 (us) 19.29
Loop 659 (us) 18.771
Loop 660 (us) 19.332
Loop 661 (us) 19.243
Loop 662 (us) 19.457
Loop 663 (us) 20.495
Loop 664 (us) 19.588
Loop 665 (us) 19.369
Loop 666 (us) 19.04
Loop 667 (us) 19.265
Loop 668 (us) 19.044
Loop 669 (us) 18.838
Loop 670 (us) 18.891
Loop 671 (us) 19.173
Loop 672 (us) 18.733
Loop 673 (us) 19.032
Loop 674 (us) 26.515
Loop 675 (us) 19.163
Loop 676 (us) 19.416
Loop 677 (us) 19.957
Loop 678 (us) 18.896
Loop 679 (us) 19.119
Loop 680 (us) 19.672
Loop 681 (us) 18.929
Loop 682 (us) 18.819
Loop 683 (us) 18.917
Loop 684 (us) 19.159
Loop 685 (us) 18.75
Loop 686 (us) 19.334
Loop 687 (us) 18.817
Loop 688 (us) 18.875
Loop 689 (us) 18.873
Loop 690 (us) 19.263
Loop 691 (us) 18.8
Loop 692 (us) 19.328
Loop 693 (us) 22.64
Loop 694 (us) 19.546
Loop 695 (us) 18.853
Loop 696 (us) 19.109
Loop 697 (us) 19.086
Loop 698 (us) 18.895
Loop 699 (us) 18.858
Loop 700 (us) 18.771
Loop 701 (us) 19.379
Loop 702 (us) 18.95
Loop 703 (us) 18.977
Loop 704 (us) 18.747
Loop 705 (us) 19.29
Loop 706 (us) 18.89
Loop 707 (us) 19.191
Loop 708 (us) 20.402
Loop 709 (us) 18.964
Loop 710 (us) 18.803
Loop 711 (us) 19.263
Loop 712 (us) 18.78
Loop 713 (us) 18.937
Loop 714 (us) 19.004
Loop 715 (us) 19.174
Loop 716 (us) 19.336
Loop 717 (us) 19.055
Loop 718 (us) 19.161
Loop 719 (us) 18.948
Loop 720 (us) 18.909
Loop 721 (us) 18.7
Loop 722 (us) 18.913
Loop 723 (us) 18.609
Loop 724 (us) 18.749
Loop 725 (us) 18.964
Loop 726 (us) 18.543
Loop 727 (us) 18.658
Loop 728 (us) 18.962
Loop 729 (us) 18.746
Loop 730 (us) 18.834
Loop 731 (us) 18.724
Loop 732 (us) 19.936
Loop 733 (us) 18.984
Loop 734 (us) 18.628
Loop 735 (us) 19.299
Loop 736 (us) 18.934
Loop 737 (us) 18.882
Loop 738 (us) 18.983
Loop 739 (us) 19.039
Loop 740 (us) 18.731
Loop 741 (us) 18.782
Loop 742 (us) 18.683
Loop 743 (us) 19.003
Loop 744 (us) 18.624
Loop 745 (us) 18.68
Loop 746 (us) 18.83
Loop 747 (us) 18.576
Loop 748 (us) 20.504
Loop 749 (us) 18.953
Loop 750 (us) 19.004
Loop 751 (us) 19.715
Loop 752 (us) 19.193
Loop 753 (us) 19.015
Loop 754 (us) 18.979
Loop 755 (us) 22.945
Loop 756 (us) 19.774
Loop 757 (us) 18.867
Loop 758 (us) 19.159
Loop 759 (us) 18.796
Loop 760 (us) 18.791
Loop 761 (us) 18.742
Loop 762 (us) 18.897
Loop 763 (us) 18.791
Loop 764 (us) 18.997
Loop 765 (us) 19.015
Loop 766 (us) 18.962
Loop 767 (us) 19.045
Loop 768 (us) 18.855
Loop 769 (us) 20.171
Loop 770 (us) 19.219
Loop 771 (us) 19.188
Loop 772 (us) 18.622
Loop 773 (us) 18.959
Loop 774 (us) 18.583
Loop 775 (us) 18.879
Loop 776 (us) 18.607
Loop 777 (us) 18.78
Loop 778 (us) 18.503
Loop 779 (us) 24.276
Loop 780 (us) 19.863
Loop 781 (us) 19.023
Loop 782 (us) 19.054
Loop 783 (us) 18.682
Loop 784 (us) 18.711
Loop 785 (us) 18.764
Loop 786 (us) 18.921
Loop 787 (us) 18.842
Loop 788 (us) 18.968
Loop 789 (us) 18.76
Loop 790 (us) 18.906
Loop 791 (us) 18.69
Loop 792 (us) 19.148
Loop 793 (us) 18.669
Loop 794 (us) 18.884
Loop 795 (us) 18.705
Loop 796 (us) 18.673
Loop 797 (us) 18.684
Loop 798 (us) 18.728
Loop 799 (us) 18.603
Loop 800 (us) 18.819
Loop 801 (us) 18.976
Loop 802 (us) 19.986
Loop 803 (us) 23.637
Loop 804 (us) 19.407
Loop 805 (us) 18.915
Loop 806 (us) 18.788
Loop 807 (us) 18.944
Loop 808 (us) 18.799
Loop 809 (us) 18.79
Loop 810 (us) 18.643
Loop 811 (us) 19.158
Loop 812 (us) 18.543
Loop 813 (us) 19.077
Loop 814 (us) 18.94
Loop 815 (us) 18.922
Loop 816 (us) 18.507
Loop 817 (us) 18.822
Loop 818 (us) 18.653
Loop 819 (us) 19.032
Loop 820 (us) 18.738
Loop 821 (us) 18.859
Loop 822 (us) 19.15
Loop 823 (us) 18.809
Loop 824 (us) 18.981
Loop 825 (us) 18.634
Loop 826 (us) 18.716
Loop 827 (us) 23.214
Loop 828 (us) 19.469
Loop 829 (us) 22.595
Loop 830 (us) 19.796
Loop 831 (us) 18.988
Loop 832 (us) 19.103
Loop 833 (us) 18.864
Loop 834 (us) 19.054
Loop 835 (us) 18.751
Loop 836 (us) 18.942
Loop 837 (us) 18.744
Loop 838 (us) 20.158
Loop 839 (us) 19.174
Loop 840 (us) 19.05
Loop 841 (us) 19.013
Loop 842 (us) 18.545
Loop 843 (us) 19.704
Loop 844 (us) 18.56
Loop 845 (us) 19.252
Loop 846 (us) 19.36
Loop 847 (us) 18.889
Loop 848 (us) 18.62
Loop 849 (us) 19.024
Loop 850 (us) 18.706
Loop 851 (us) 18.802
Loop 852 (us) 18.899
Loop 853 (us) 19.001
Loop 854 (us) 19.048
Loop 855 (us) 19.222
Loop 856 (us) 19.228
Loop 857 (us) 18.882
Loop 858 (us) 19.041
Loop 859 (us) 18.76
Loop 860 (us) 18.828
Loop 861 (us) 22.31
Loop 862 (us) 20.045
Loop 863 (us) 18.813
Loop 864 (us) 41.035
Loop 865 (us) 18.536
Loop 866 (us) 19.048
Loop 867 (us) 18.613
Loop 868 (us) 18.742
Loop 869 (us) 18.712
Loop 870 (us) 18.682
Loop 871 (us) 18.982
Loop 872 (us) 18.711
Loop 873 (us) 18.646
Loop 874 (us) 18.769
Loop 875 (us) 18.953
Loop 876 (us) 18.311
Loop 877 (us) 18.886
Loop 878 (us) 18.574
Loop 879 (us) 18.565
Loop 880 (us) 18.552
Loop 881 (us) 18.569
Loop 882 (us) 18.6
Loop 883 (us) 18.687
Loop 884 (us) 18.793
Loop 885 (us) 23.792
Loop 886 (us) 18.698
Loop 887 (us) 18.862
Loop 888 (us) 18.783
Loop 889 (us) 18.675
Loop 890 (us) 18.616
Loop 891 (us) 18.782
Loop 892 (us) 18.613
Loop 893 (us) 18.709
Loop 894 (us) 18.474
Loop 895 (us) 18.7
Loop 896 (us) 18.626
Loop 897 (us) 18.409
Loop 898 (us) 18.844
Loop 899 (us) 18.593
Loop 900 (us) 18.634
Loop 901 (us) 18.6
Loop 902 (us) 18.487
Loop 903 (us) 18.505
Loop 904 (us) 18.529
Loop 905 (us) 18.556
Loop 906 (us) 18.647
Loop 907 (us) 18.731
Loop 908 (us) 18.504
Loop 909 (us) 22.826
Loop 910 (us) 19.339
Loop 911 (us) 18.371
Loop 912 (us) 18.208
Loop 913 (us) 18.796
Loop 914 (us) 18.642
Loop 915 (us) 18.652
Loop 916 (us) 18.412
Loop 917 (us) 18.553
Loop 918 (us) 19.378
Loop 919 (us) 18.946
Loop 920 (us) 18.715
Loop 921 (us) 18.634
Loop 922 (us) 19.316
Loop 923 (us) 19.226
Loop 924 (us) 18.645
Loop 925 (us) 18.672
Loop 926 (us) 18.952
Loop 927 (us) 18.573
Loop 928 (us) 18.849
Loop 929 (us) 18.659
Loop 930 (us) 18.84
Loop 931 (us) 18.562
Loop 932 (us) 19.039
Loop 933 (us) 23.575
Loop 934 (us) 19.052
Loop 935 (us) 18.881
Loop 936 (us) 18.496
Loop 937 (us) 18.613
Loop 938 (us) 18.9
Loop 939 (us) 18.612
Loop 940 (us) 20.012
Loop 941 (us) 18.769
Loop 942 (us) 18.778
Loop 943 (us) 18.817
Loop 944 (us) 18.605
Loop 945 (us) 18.671
Loop 946 (us) 18.668
Loop 947 (us) 18.722
Loop 948 (us) 18.651
Loop 949 (us) 19.043
Loop 950 (us) 19.617
Loop 951 (us) 19.011
Loop 952 (us) 18.582
Loop 953 (us) 18.764
Loop 954 (us) 18.574
Loop 955 (us) 18.738
Loop 956 (us) 18.45
Loop 957 (us) 22.977
Loop 958 (us) 19.185
Loop 959 (us) 18.689
Loop 960 (us) 18.879
Loop 961 (us) 18.656
Loop 962 (us) 18.875
Loop 963 (us) 18.654
Loop 964 (us) 18.711
Loop 965 (us) 20.98
Loop 966 (us) 18.74
Loop 967 (us) 18.744
Loop 968 (us) 23.373
Loop 969 (us) 18.906
Loop 970 (us) 18.796
Loop 971 (us) 18.675
Loop 972 (us) 18.77
Loop 973 (us) 18.492
Loop 974 (us) 23.809
Loop 975 (us) 18.815
Loop 976 (us) 18.876
Loop 977 (us) 18.86
Loop 978 (us) 18.7
Loop 979 (us) 18.891
Loop 980 (us) 18.851
Loop 981 (us) 18.885
Loop 982 (us) 18.531
Loop 983 (us) 18.554
Loop 984 (us) 18.772
Loop 985 (us) 18.78
Loop 986 (us) 18.578
Loop 987 (us) 19.03
Loop 988 (us) 18.66
Loop 989 (us) 18.851
Loop 990 (us) 18.649
Loop 991 (us) 18.707
Loop 992 (us) 23.237
Loop 993 (us) 19.105
Loop 994 (us) 18.79
Loop 995 (us) 18.738
Loop 996 (us) 18.707
Loop 997 (us) 18.935
Loop 998 (us) 18.724
Loop 999 (us) 18.708
Warmup times 0
avgLoopLatency(us) 25.573848
iops 39102.44559207515
variance 27.972848096446974
Loop 0 [108821, 9, 26090, 22077, 17738, 41585]
Loop 1 [48797, 9, 10353, 18826, 8458, 10364]
Loop 2 [45833, 9, 7714, 18184, 9149, 10075]
Loop 3 [44440, 9, 7098, 18210, 8974, 9482]
Loop 4 [44884, 9, 7004, 19194, 7691, 10116]
Loop 5 [41526, 9, 5677, 15810, 10377, 8912]
Loop 6 [56750, 9, 6270, 16320, 9540, 23801]
Loop 7 [42942, 9, 6320, 18751, 8543, 8695]
Loop 8 [53493, 9, 6010, 29791, 8749, 8353]
Loop 9 [39277, 9, 5387, 18097, 7383, 7837]
Loop 10 [37559, 9, 5305, 14741, 8806, 8115]
Loop 11 [37187, 9, 5222, 16420, 7045, 7935]
Loop 12 [45506, 9, 5801, 15910, 6723, 8504]
Loop 13 [35680, 9, 5414, 14593, 6641, 8387]
Loop 14 [34415, 9, 5187, 14392, 6858, 7368]
Loop 15 [52242, 9, 6380, 28224, 8679, 8339]
Loop 16 [38644, 9, 6012, 17060, 7080, 7907]
Loop 17 [38519, 9, 5783, 15354, 8279, 8485]
Loop 18 [36842, 9, 5283, 16579, 6442, 7885]
Loop 19 [32680, 9, 5283, 12819, 6597, 7361]
Loop 20 [33055, 9, 5172, 13189, 6650, 7501]
Loop 21 [34670, 9, 5168, 14397, 7246, 7246]
Loop 22 [43452, 9, 5604, 22182, 7250, 7801]
Loop 23 [38769, 9, 5804, 15728, 8180, 8454]
Loop 24 [39266, 9, 5770, 17783, 6519, 8588]
Loop 25 [35965, 9, 5264, 13546, 8312, 8192]
Loop 26 [36327, 9, 5347, 16460, 6422, 7524]
Loop 27 [33602, 9, 5323, 13167, 6880, 7665]
Loop 28 [35180, 9, 5206, 15173, 6475, 7759]
Loop 29 [35474, 9, 5843, 14537, 6479, 8057]
Loop 30 [36190, 9, 5205, 14179, 8050, 8057]
Loop 31 [37341, 9, 5261, 16726, 6552, 8226]
Loop 32 [33893, 9, 5217, 14177, 6376, 7550]
Loop 33 [58742, 9, 13626, 28197, 7339, 8925]
Loop 34 [35725, 9, 6134, 14077, 6353, 8507]
Loop 35 [33303, 9, 5681, 12990, 6217, 7856]
Loop 36 [32435, 9, 5283, 12969, 5994, 7634]
Loop 37 [31477, 9, 4977, 12405, 6161, 7348]
Loop 38 [40406, 9, 5111, 12515, 6417, 15795]
Loop 39 [33111, 9, 5240, 13382, 6265, 7636]
Loop 40 [31455, 9, 4975, 12586, 6018, 7321]
Loop 41 [36017, 9, 6236, 14188, 6511, 8457]
Loop 42 [32095, 9, 5265, 12471, 6251, 7547]
Loop 43 [30499, 9, 4823, 11915, 6169, 7039]
Loop 44 [30850, 9, 4811, 11940, 6167, 7370]
Loop 45 [30681, 9, 4831, 12041, 6148, 7092]
Loop 46 [32438, 9, 5203, 12916, 6276, 7441]
Loop 47 [31062, 9, 4839, 12084, 6076, 7509]
Loop 48 [31134, 9, 4834, 12083, 6181, 7468]
Loop 49 [31610, 9, 4934, 12394, 6387, 7346]
Loop 50 [31312, 9, 4953, 12090, 6096, 7595]
Loop 51 [30907, 9, 4853, 12042, 5977, 7504]
Loop 52 [30708, 9, 4888, 12010, 5994, 7275]
Loop 53 [31222, 9, 4802, 12551, 6019, 7278]
Loop 54 [33643, 9, 5420, 13452, 6287, 7866]
Loop 55 [31369, 9, 4939, 12389, 6229, 7288]
Loop 56 [32913, 9, 5129, 12995, 6308, 7924]
Loop 57 [32795, 9, 5210, 12655, 6586, 7781]
Loop 58 [30870, 9, 4944, 12280, 6107, 7014]
Loop 59 [33822, 9, 5175, 13036, 7155, 7855]
Loop 60 [31892, 9, 5094, 12068, 7035, 7142]
Loop 61 [39051, 9, 7075, 15646, 6664, 8997]
Loop 62 [35599, 9, 6074, 13823, 6528, 8462]
Loop 63 [71476, 9, 5218, 12430, 6296, 46680]
Loop 64 [120350, 9, 6956, 16116, 85541, 10931]
Loop 65 [78414, 9, 7875, 18255, 39800, 11584]
Loop 66 [52946, 9, 7046, 29704, 7022, 8478]
Loop 67 [32348, 9, 5154, 12637, 6326, 7692]
Loop 68 [32381, 9, 4720, 12978, 5682, 8459]
Loop 69 [61912, 9, 5828, 33473, 13235, 8728]
Loop 70 [32414, 9, 5139, 12861, 6448, 7428]
Loop 71 [31557, 9, 4433, 13449, 6012, 7120]
Loop 72 [28982, 9, 4296, 11567, 5713, 6843]
Loop 73 [31036, 9, 4534, 12455, 6209, 7219]
Loop 74 [31922, 9, 4354, 13694, 5755, 7228]
Loop 75 [30903, 9, 4283, 11769, 6335, 7961]
Loop 76 [28823, 9, 4301, 11237, 5850, 6910]
Loop 77 [29849, 9, 4499, 11590, 6008, 7131]
Loop 78 [34258, 9, 5535, 12841, 6555, 8751]
Loop 79 [52311, 9, 5915, 23089, 6202, 16227]
Loop 80 [35191, 9, 5580, 14571, 6482, 7578]
Loop 81 [30192, 9, 4510, 11764, 6366, 6975]
Loop 82 [43685, 9, 4469, 11716, 6114, 20761]
Loop 83 [36797, 9, 5374, 12775, 6555, 11480]
Loop 84 [35995, 9, 5112, 11817, 12728, 5801]
Loop 85 [29684, 9, 4417, 11766, 6297, 6701]
Loop 86 [59870, 9, 17809, 11585, 23106, 6705]
Loop 87 [41806, 9, 5136, 22696, 6658, 6694]
Loop 88 [28647, 9, 4314, 12236, 5748, 5841]
Loop 89 [27648, 9, 4370, 11474, 5642, 5639]
Loop 90 [31469, 9, 4649, 12238, 5917, 8130]
Loop 91 [27546, 9, 4366, 11162, 5907, 5591]
Loop 92 [28935, 9, 4257, 11993, 6026, 6102]
Loop 93 [38898, 9, 4076, 11802, 5560, 16792]
Loop 94 [30559, 9, 5110, 12848, 5812, 6244]
Loop 95 [39707, 9, 4277, 11132, 17242, 6365]
Loop 96 [42237, 9, 5047, 11525, 5872, 19026]
Loop 97 [41382, 9, 5065, 12263, 6264, 17175]
Loop 98 [31021, 9, 5065, 12631, 6364, 6401]
Loop 99 [27302, 9, 4179, 11341, 5669, 5542]
Loop 100 [31715, 9, 4529, 12287, 5918, 8385]
Loop 101 [29430, 9, 4888, 11676, 5743, 6574]
Loop 102 [30169, 9, 4284, 11044, 6321, 7940]
Loop 103 [29130, 9, 4253, 11332, 6012, 6934]
Loop 104 [40217, 9, 5259, 20898, 6385, 7102]
Loop 105 [30339, 9, 5310, 12006, 5988, 6449]
Loop 106 [28364, 9, 4188, 11729, 5788, 6107]
Loop 107 [26710, 9, 4126, 10807, 5731, 5537]
Loop 108 [26852, 9, 4277, 10814, 5634, 5617]
Loop 109 [38322, 9, 4237, 10961, 6129, 16225]
Loop 110 [31126, 9, 5189, 12897, 6060, 6427]
Loop 111 [51770, 9, 4583, 12786, 26805, 6973]
Loop 112 [47102, 9, 5779, 27520, 6435, 6761]
Loop 113 [35002, 9, 5347, 16956, 6079, 6023]
Loop 114 [27022, 9, 4299, 11123, 5619, 5453]
Loop 115 [28494, 9, 5128, 11155, 5992, 5653]
Loop 116 [27765, 9, 4197, 11636, 5604, 5819]
Loop 117 [29808, 9, 4762, 11724, 6411, 6378]
Loop 118 [30517, 9, 4370, 12028, 7042, 6548]
Loop 119 [27191, 9, 4104, 11310, 5604, 5650]
Loop 120 [28147, 9, 4288, 11501, 5540, 6287]
Loop 121 [28793, 9, 4370, 11582, 6747, 5553]
Loop 122 [29430, 9, 4525, 11860, 6630, 5899]
Loop 123 [26804, 9, 4237, 10912, 5544, 5600]
Loop 124 [27506, 9, 4207, 11325, 5794, 5673]
Loop 125 [26992, 9, 4112, 10636, 5402, 6315]
Loop 126 [26825, 9, 4128, 11053, 5635, 5429]
Loop 127 [30617, 9, 6909, 10936, 6275, 5895]
Loop 128 [26762, 9, 4299, 10929, 5511, 5478]
Loop 129 [27164, 9, 4322, 10937, 5682, 5700]
Loop 130 [26715, 9, 4153, 10922, 5702, 5458]
Loop 131 [27463, 9, 4191, 11332, 6084, 5360]
Loop 132 [49480, 9, 5336, 31410, 6076, 6103]
Loop 133 [28999, 9, 4477, 12360, 5698, 5941]
Loop 134 [26866, 9, 4139, 11259, 5365, 5582]
Loop 135 [41679, 9, 4062, 10596, 5448, 20938]
Loop 136 [29048, 9, 5157, 11941, 5639, 5763]
Loop 137 [27353, 9, 4353, 11234, 5610, 5589]
Loop 138 [27161, 9, 4286, 10995, 5690, 5642]
Loop 139 [27043, 9, 4245, 10966, 5712, 5571]
Loop 140 [27743, 9, 4201, 10559, 6074, 6399]
Loop 141 [26637, 9, 4200, 10813, 5356, 5673]
Loop 142 [26303, 9, 4146, 10451, 5573, 5575]
Loop 143 [27194, 9, 4349, 10828, 5866, 5618]
Loop 144 [29565, 9, 4589, 11983, 6477, 5985]
Loop 145 [27051, 9, 4323, 10851, 5670, 5650]
Loop 146 [26713, 9, 4215, 10851, 5475, 5637]
Loop 147 [26596, 9, 4230, 10712, 5564, 5575]
Loop 148 [27158, 9, 4311, 10990, 5708, 5622]
Loop 149 [26666, 9, 4151, 10759, 5650, 5555]
Loop 150 [26444, 9, 4155, 10653, 5580, 5534]
Loop 151 [27707, 9, 4323, 10659, 5555, 5704]
Loop 152 [27109, 9, 4450, 10798, 5622, 5701]
Loop 153 [26781, 9, 4347, 11042, 5435, 5451]
Loop 154 [26404, 9, 4270, 10572, 5547, 5500]
Loop 155 [34269, 9, 4531, 17421, 5668, 6067]
Loop 156 [30546, 9, 5042, 12883, 5856, 6189]
Loop 157 [27521, 9, 4490, 11017, 5694, 5797]
Loop 158 [26797, 9, 4189, 10767, 5667, 5633]
Loop 159 [28478, 9, 4600, 11430, 5896, 6010]
Loop 160 [36776, 9, 4146, 10785, 5675, 5500]
Loop 161 [27190, 9, 4287, 10996, 5661, 5726]
Loop 162 [26471, 9, 4190, 10563, 5666, 5520]
Loop 163 [26367, 9, 4213, 10658, 5542, 5450]
Loop 164 [27225, 9, 4301, 10960, 5641, 5721]
Loop 165 [26768, 9, 4343, 10638, 5714, 5536]
Loop 166 [26125, 9, 4328, 10454, 5418, 5427]
Loop 167 [26330, 9, 4359, 10548, 5455, 5429]
Loop 168 [26469, 9, 4119, 11180, 5365, 5296]
Loop 169 [26635, 9, 4356, 10978, 5242, 5498]
Loop 170 [27617, 9, 4462, 11470, 5440, 5713]
Loop 171 [26492, 9, 4171, 10619, 5706, 5495]
Loop 172 [25695, 9, 4022, 10387, 5423, 5341]
Loop 173 [25980, 9, 4160, 10457, 5425, 5471]
Loop 174 [25953, 9, 4208, 10404, 5456, 5334]
Loop 175 [25802, 9, 4152, 10261, 5448, 5418]
Loop 176 [26185, 9, 4159, 10313, 5814, 5370]
Loop 177 [30805, 9, 4124, 10778, 9772, 5586]
Loop 178 [28796, 9, 4095, 13233, 5553, 5394]
Loop 179 [25638, 9, 3957, 10503, 5281, 5399]
Loop 180 [26012, 9, 4098, 10563, 5482, 5380]
Loop 181 [25765, 9, 3964, 10665, 5232, 5402]
Loop 182 [27666, 9, 4425, 11328, 5582, 5810]
Loop 183 [25676, 9, 3961, 10432, 5396, 5379]
Loop 184 [26094, 9, 3984, 10623, 5522, 5440]
Loop 185 [26262, 9, 4128, 10632, 5485, 5467]
Loop 186 [25951, 9, 4029, 10596, 5539, 5305]
Loop 187 [25737, 9, 4128, 10280, 5353, 5464]
Loop 188 [25684, 9, 4007, 10408, 5371, 5409]
Loop 189 [25550, 9, 3940, 10426, 5367, 5308]
Loop 190 [25735, 9, 4049, 10410, 5302, 5460]
Loop 191 [26137, 9, 3988, 10911, 5327, 5398]
Loop 192 [25794, 9, 3994, 10521, 5329, 5467]
Loop 193 [34553, 9, 4594, 18270, 5425, 5687]
Loop 194 [26152, 9, 4099, 10470, 5666, 5391]
Loop 195 [26218, 9, 4021, 10310, 5527, 5815]
Loop 196 [25835, 9, 4060, 10379, 5489, 5396]
Loop 197 [31844, 9, 3969, 10421, 11496, 5417]
Loop 198 [26096, 9, 3990, 10587, 5529, 5465]
Loop 199 [25817, 9, 3995, 10392, 5511, 5407]
Loop 200 [26081, 9, 4014, 10658, 5511, 5403]
Loop 201 [26282, 9, 4171, 10619, 5496, 5448]
Loop 202 [26028, 9, 3949, 10494, 5520, 5546]
Loop 203 [25905, 9, 3969, 10719, 5424, 5272]
Loop 204 [25691, 9, 4075, 10377, 5358, 5355]
Loop 205 [27348, 9, 4434, 11193, 5453, 5742]
Loop 206 [25920, 9, 3995, 10295, 5684, 5466]
Loop 207 [28663, 9, 4783, 11531, 5837, 5945]
Loop 208 [26269, 9, 4279, 10688, 5413, 5382]
Loop 209 [26735, 9, 4295, 10845, 5494, 5545]
Loop 210 [25844, 9, 4040, 10461, 5451, 5376]
Loop 211 [25593, 9, 4017, 10366, 5376, 5336]
Loop 212 [25683, 9, 4102, 10288, 5371, 5420]
Loop 213 [26256, 9, 4045, 10849, 5330, 5519]
Loop 214 [25543, 9, 3968, 10451, 5301, 5294]
Loop 215 [25784, 9, 3968, 10455, 5396, 5466]
Loop 216 [31331, 9, 8135, 11379, 5531, 5797]
Loop 217 [26421, 9, 4294, 10676, 5498, 5418]
Loop 218 [25753, 9, 4061, 10140, 5688, 5345]
Loop 219 [26489, 9, 4090, 10758, 5661, 5462]
Loop 220 [26006, 9, 4155, 10475, 5391, 5490]
Loop 221 [25468, 9, 3998, 10426, 5180, 5363]
Loop 222 [25866, 9, 4029, 10589, 5417, 5292]
Loop 223 [26078, 9, 4124, 10302, 5489, 5602]
Loop 224 [25547, 9, 4024, 10321, 5347, 5338]
Loop 225 [26258, 9, 4290, 10554, 5361, 5487]
Loop 226 [26170, 9, 4145, 10488, 5591, 5433]
Loop 227 [26173, 9, 4093, 10511, 5662, 5410]
Loop 228 [28111, 9, 4722, 11211, 5841, 5784]
Loop 229 [26052, 9, 4082, 10570, 5394, 5502]
Loop 230 [26187, 9, 4027, 10576, 5590, 5498]
Loop 231 [25789, 9, 3978, 10517, 5302, 5453]
Loop 232 [25390, 9, 3939, 10325, 5321, 5306]
Loop 233 [26174, 9, 4257, 10384, 5550, 5418]
Loop 234 [26833, 9, 4199, 10870, 5453, 5785]
Loop 235 [26056, 9, 4070, 10630, 5389, 5476]
Loop 236 [29030, 9, 4294, 12391, 6173, 5621]
Loop 237 [26024, 9, 4146, 10357, 5435, 5560]
Loop 238 [26589, 9, 4332, 10600, 5579, 5573]
Loop 239 [34417, 9, 4483, 17120, 5569, 6703]
Loop 240 [26571, 9, 4077, 10806, 5568, 5582]
Loop 241 [26189, 9, 4110, 10621, 5584, 5378]
Loop 242 [26327, 9, 4084, 10645, 5602, 5475]
Loop 243 [25767, 9, 4079, 10523, 5391, 5273]
Loop 244 [25876, 9, 4079, 10349, 5378, 5553]
Loop 245 [25710, 9, 4001, 10491, 5422, 5270]
Loop 246 [25220, 9, 3900, 10012, 5287, 5527]
Loop 247 [25927, 9, 4046, 10472, 5375, 5549]
Loop 248 [25760, 9, 4053, 10384, 5354, 5442]
Loop 249 [26163, 9, 4160, 10612, 5345, 5522]
Loop 250 [25452, 9, 4093, 10233, 5353, 5245]
Loop 251 [28310, 9, 4401, 11405, 6165, 5826]
Loop 252 [32531, 9, 5146, 11749, 8597, 6472]
Loop 253 [27426, 9, 4172, 11826, 5489, 5404]
Loop 254 [25680, 9, 4153, 10317, 5291, 5409]
Loop 255 [35873, 9, 10615, 11890, 6646, 6102]
Loop 256 [28404, 9, 5944, 10747, 5706, 5484]
Loop 257 [30525, 9, 4856, 12923, 6320, 5537]
Loop 258 [27579, 9, 4382, 11689, 5663, 5336]
Loop 259 [26382, 9, 4052, 10714, 5606, 5509]
Loop 260 [103369, 9, 4476, 10711, 5733, 81769]
Loop 261 [47602, 9, 6605, 14699, 6159, 19529]
Loop 262 [32233, 9, 5367, 12032, 5741, 8565]
Loop 263 [29837, 9, 4357, 10723, 5799, 8416]
Loop 264 [30236, 9, 4013, 10508, 5664, 9453]
Loop 265 [44748, 9, 5480, 11863, 5737, 20890]
Loop 266 [32882, 9, 4841, 12033, 5790, 9687]
Loop 267 [66240, 9, 35993, 10544, 7113, 11997]
Loop 268 [31853, 9, 4317, 11197, 5627, 10163]
Loop 269 [29002, 9, 3735, 10872, 5446, 8383]
Loop 270 [48839, 9, 3581, 11171, 5290, 28122]
Loop 271 [41519, 9, 4582, 12357, 5779, 18168]
Loop 272 [30440, 9, 4183, 11591, 5695, 8482]
Loop 273 [43751, 9, 3730, 10674, 5622, 22173]
Loop 274 [30855, 9, 4265, 11743, 5740, 8564]
Loop 275 [28233, 9, 3607, 10526, 5516, 8097]
Loop 276 [39002, 9, 3476, 10681, 5588, 18553]
Loop 277 [31048, 9, 4228, 11842, 5662, 8784]
Loop 278 [28519, 9, 3568, 10740, 5416, 8303]
Loop 279 [32494, 9, 4173, 11450, 6395, 9124]
Loop 280 [42369, 9, 3718, 10698, 5543, 21791]
Loop 281 [35425, 9, 4613, 18095, 5956, 6202]
Loop 282 [25666, 9, 3572, 10371, 5559, 5637]
Loop 283 [25282, 9, 3503, 10464, 5296, 5508]
Loop 284 [24904, 9, 3352, 10118, 5338, 5613]
Loop 285 [24510, 9, 3311, 10069, 5236, 5389]
Loop 286 [25088, 9, 3388, 10258, 5403, 5542]
Loop 287 [24495, 9, 3243, 9939, 5339, 5469]
Loop 288 [24472, 9, 3370, 9861, 5219, 5553]
Loop 289 [25330, 9, 3331, 10443, 5391, 5664]
Loop 290 [29706, 9, 4265, 12724, 5688, 6450]
Loop 291 [25250, 9, 3459, 10311, 5400, 5535]
Loop 292 [24990, 9, 3355, 10193, 5427, 5509]
Loop 293 [24481, 9, 3294, 10015, 5259, 5408]
Loop 294 [24793, 9, 3348, 9971, 5443, 5527]
Loop 295 [24814, 9, 3462, 10069, 5090, 5663]
Loop 296 [24630, 9, 3299, 10346, 5081, 5416]
Loop 297 [31466, 9, 3809, 15602, 5462, 6030]
Loop 298 [25317, 9, 3430, 10355, 5387, 5604]
Loop 299 [25042, 9, 3497, 10167, 5402, 5489]
Loop 300 [24206, 9, 3302, 9971, 4990, 5433]
Loop 301 [24415, 9, 3330, 9748, 5416, 5429]
Loop 302 [24277, 9, 3176, 9913, 5291, 5402]
Loop 303 [24474, 9, 3202, 10026, 5248, 5473]
Loop 304 [24301, 9, 3229, 9990, 5056, 5517]
Loop 305 [24900, 9, 3280, 10168, 5225, 5724]
Loop 306 [24485, 9, 3311, 10112, 5152, 5406]
Loop 307 [24564, 9, 3366, 10058, 5186, 5471]
Loop 308 [25176, 9, 3253, 10341, 5527, 5538]
Loop 309 [26361, 9, 3592, 10871, 5508, 5852]
Loop 310 [24552, 9, 3352, 10122, 5079, 5511]
Loop 311 [24663, 9, 3336, 10055, 5327, 5442]
Loop 312 [35465, 9, 3801, 19655, 5522, 5972]
Loop 313 [25706, 9, 3635, 10583, 5364, 5598]
Loop 314 [24938, 9, 3250, 10224, 5462, 5500]
Loop 315 [24686, 9, 3376, 10203, 5282, 5340]
Loop 316 [24976, 9, 3379, 10308, 5228, 5563]
Loop 317 [25264, 9, 3433, 10544, 5203, 5578]
Loop 318 [25430, 9, 3565, 10324, 5324, 5722]
Loop 319 [24624, 9, 3343, 10039, 5247, 5473]
Loop 320 [24995, 9, 3399, 10111, 5517, 5478]
Loop 321 [26542, 9, 3636, 11039, 5401, 5928]
Loop 322 [25364, 9, 3454, 10483, 5294, 5607]
Loop 323 [24299, 9, 3310, 10071, 5050, 5366]
Loop 324 [24404, 9, 3255, 10196, 5132, 5324]
Loop 325 [24456, 9, 3270, 9801, 5320, 5569]
Loop 326 [43393, 9, 4476, 25382, 5573, 7432]
Loop 327 [25069, 9, 3339, 10102, 5361, 5786]
Loop 328 [24166, 9, 3219, 9956, 5154, 5358]
Loop 329 [25306, 9, 3452, 10486, 5231, 5606]
Loop 330 [24672, 9, 3360, 9896, 5343, 5568]
Loop 331 [47992, 9, 3281, 9637, 5492, 28995]
Loop 332 [30309, 9, 4643, 11882, 5713, 7558]
Loop 333 [25488, 9, 3343, 10140, 5498, 5980]
Loop 334 [25346, 9, 3461, 10311, 5296, 5806]
Loop 335 [25190, 9, 3528, 10166, 5199, 5822]
Loop 336 [24583, 9, 3262, 9805, 5327, 5695]
Loop 337 [26452, 9, 3445, 10741, 5397, 6349]
Loop 338 [25321, 9, 3261, 10116, 5192, 6286]
Loop 339 [23670, 9, 3246, 9610, 5110, 5229]
Loop 340 [25416, 9, 3252, 9972, 5706, 6036]
Loop 341 [25284, 9, 3374, 10621, 5553, 5236]
Loop 342 [24889, 9, 3433, 10438, 5110, 5423]
Loop 343 [26221, 9, 3423, 10561, 6030, 5696]
Loop 344 [26234, 9, 3608, 10733, 5363, 6034]
Loop 345 [25636, 9, 3617, 10268, 5910, 5341]
Loop 346 [24103, 9, 3253, 10010, 5127, 5199]
Loop 347 [24087, 9, 3588, 9739, 5068, 5201]
Loop 348 [24748, 9, 3388, 10348, 4995, 5486]
Loop 349 [25838, 9, 3242, 10100, 5108, 6860]
Loop 350 [44116, 9, 4188, 26985, 5185, 6979]
Loop 351 [25601, 9, 3601, 9706, 4948, 6851]
Loop 352 [24278, 9, 3345, 9714, 5389, 5361]
Loop 353 [24480, 9, 3434, 9617, 4972, 5959]
Loop 354 [23450, 9, 3258, 9211, 5096, 5396]
Loop 355 [30078, 9, 3626, 14866, 5126, 5987]
Loop 356 [23449, 9, 3242, 9294, 5000, 5442]
Loop 357 [23584, 9, 3277, 9661, 4891, 5261]
Loop 358 [22828, 9, 3273, 9070, 4766, 5245]
Loop 359 [22887, 9, 3218, 9023, 4833, 5318]
Loop 360 [23131, 9, 3208, 9464, 4990, 5027]
Loop 361 [24233, 9, 3461, 9586, 5114, 5457]
Loop 362 [23196, 9, 3284, 9134, 4913, 5338]
Loop 363 [22817, 9, 3215, 9096, 4779, 5234]
Loop 364 [22677, 9, 3270, 8848, 4791, 5295]
Loop 365 [22812, 9, 3392, 8976, 4853, 5120]
Loop 366 [23788, 9, 3426, 9384, 4959, 5482]
Loop 367 [30203, 9, 3974, 14856, 5106, 5655]
Loop 368 [23285, 9, 3302, 9406, 4988, 5130]
Loop 369 [25085, 9, 3344, 9923, 5221, 5963]
Loop 370 [23836, 9, 3264, 9317, 5144, 5615]
Loop 371 [22801, 9, 3248, 9163, 4784, 5123]
Loop 372 [24417, 9, 3293, 9717, 5225, 5734]
Loop 373 [23395, 9, 3172, 9745, 4866, 5133]
Loop 374 [39188, 9, 3404, 9440, 4691, 21082]
Loop 375 [26420, 9, 4288, 10585, 5320, 5722]
Loop 376 [23377, 9, 3312, 9566, 5161, 4871]
Loop 377 [29878, 9, 4966, 11892, 5782, 6602]
Loop 378 [25829, 9, 3936, 10829, 5128, 5350]
Loop 379 [30305, 9, 11077, 9334, 4770, 4631]
Loop 380 [47792, 9, 3470, 9466, 5123, 28936]
Loop 381 [26238, 9, 4248, 10933, 4792, 5474]
Loop 382 [23362, 9, 3227, 9232, 5123, 5170]
Loop 383 [23116, 9, 3231, 9681, 4957, 4749]
Loop 384 [22152, 9, 3222, 9178, 4693, 4544]
Loop 385 [25778, 9, 4321, 10486, 5019, 5386]
Loop 386 [23110, 9, 3334, 9285, 4766, 5218]
Loop 387 [23247, 9, 3211, 9830, 4704, 5039]
Loop 388 [22297, 9, 3087, 9208, 4876, 4623]
Loop 389 [25456, 9, 3878, 10104, 5324, 5640]
Loop 390 [21818, 9, 3266, 9005, 4593, 4418]
Loop 391 [22024, 9, 3253, 9041, 4817, 4432]
Loop 392 [21390, 9, 3129, 9106, 4649, 4062]
Loop 393 [25643, 9, 4011, 10408, 5321, 5366]
Loop 394 [21801, 9, 3242, 8981, 4934, 4172]
Loop 395 [22571, 9, 3151, 9114, 5323, 4518]
Loop 396 [21727, 9, 3240, 9017, 4850, 4119]
Loop 397 [22406, 9, 3276, 9236, 5110, 4256]
Loop 398 [21299, 9, 3116, 8910, 4697, 4111]
Loop 399 [21638, 9, 3075, 9172, 4789, 4115]
Loop 400 [21617, 9, 3146, 8924, 4922, 4159]
Loop 401 [26025, 9, 4347, 10967, 4995, 5152]
Loop 402 [22711, 9, 3391, 9566, 4821, 4266]
Loop 403 [22153, 9, 3328, 9168, 4995, 4121]
Loop 404 [22607, 9, 3273, 9214, 5068, 4585]
Loop 405 [22141, 9, 3261, 9105, 4964, 4339]
Loop 406 [37537, 9, 3412, 9622, 7421, 16399]
Loop 407 [25964, 9, 4285, 11230, 5347, 4572]
Loop 408 [22434, 9, 3214, 9225, 4808, 4667]
Loop 409 [24572, 9, 3873, 10310, 4866, 4939]
Loop 410 [24217, 9, 3335, 9050, 5233, 6071]
Loop 411 [22464, 9, 3237, 9514, 4959, 4236]
Loop 412 [23228, 9, 3382, 9799, 4828, 4711]
Loop 413 [22376, 9, 3064, 9462, 4550, 4813]
Loop 414 [21938, 9, 3109, 9307, 4853, 4206]
Loop 415 [22256, 9, 3131, 9515, 4791, 4348]
Loop 416 [22368, 9, 3419, 9442, 4966, 3996]
Loop 417 [24692, 9, 3929, 10319, 5066, 4846]
Loop 418 [22509, 9, 3206, 9493, 5050, 4246]
Loop 419 [21222, 9, 3049, 8964, 4672, 4066]
Loop 420 [22859, 9, 3360, 9424, 5085, 4508]
Loop 421 [22516, 9, 3129, 9497, 5019, 4399]
Loop 422 [21911, 9, 3251, 9365, 4777, 4064]
Loop 423 [632820, 9, 3016, 9349, 614452, 5429]
Loop 424 [22904, 9, 3823, 9522, 4822, 4248]
Loop 425 [25132, 9, 4031, 10530, 5139, 4899]
Loop 426 [22399, 9, 3324, 9458, 4823, 4317]
Loop 427 [23418, 9, 4221, 8999, 5119, 4571]
Loop 428 [30686, 9, 3488, 16733, 5154, 4787]
Loop 429 [22662, 9, 3063, 9668, 5240, 4212]
Loop 430 [22383, 9, 3018, 9471, 5131, 4312]
Loop 431 [21412, 9, 2996, 8954, 4892, 4095]
Loop 432 [21155, 9, 3054, 8856, 4671, 4113]
Loop 433 [24594, 9, 3877, 10347, 5129, 4676]
Loop 434 [22031, 9, 3230, 9272, 4926, 4113]
Loop 435 [21306, 9, 3117, 8824, 4769, 4132]
Loop 436 [21186, 9, 3089, 8762, 4773, 4099]
Loop 437 [21730, 9, 3136, 9125, 4822, 4184]
Loop 438 [23207, 9, 3119, 9139, 4760, 5715]
Loop 439 [23046, 9, 3116, 9717, 5068, 4667]
Loop 440 [22798, 9, 3495, 9662, 4808, 4346]
Loop 441 [25066, 9, 3847, 10461, 5310, 4915]
Loop 442 [22050, 9, 3457, 9539, 4499, 4080]
Loop 443 [22522, 9, 3093, 9601, 4824, 4264]
Loop 444 [23974, 9, 2996, 8955, 4691, 6820]
Loop 445 [22112, 9, 3255, 9161, 4760, 4456]
Loop 446 [22484, 9, 3672, 9243, 4932, 4160]
Loop 447 [22290, 9, 3202, 9711, 4806, 4075]
Loop 448 [21740, 9, 3218, 9196, 4738, 4100]
Loop 449 [26859, 9, 4213, 11277, 5551, 5196]
Loop 450 [22340, 9, 3127, 9168, 4939, 4636]
Loop 451 [27588, 9, 3426, 14341, 4954, 4345]
Loop 452 [22220, 9, 3105, 9453, 4966, 4178]
Loop 453 [22288, 9, 3129, 9523, 4964, 4110]
Loop 454 [22137, 9, 3096, 9417, 4981, 4170]
Loop 455 [22529, 9, 3352, 9640, 4543, 4525]
Loop 456 [47884, 9, 4162, 33600, 5135, 4451]
Loop 457 [23814, 9, 3900, 9820, 4782, 4737]
Loop 458 [20654, 9, 3098, 8485, 4372, 4242]
Loop 459 [20429, 9, 2870, 8715, 4344, 4042]
Loop 460 [20067, 9, 3075, 8188, 4270, 4053]
Loop 461 [20070, 9, 3155, 8113, 4352, 4006]
Loop 462 [20973, 9, 3038, 8558, 4469, 4421]
Loop 463 [22071, 9, 3286, 9238, 4525, 4498]
Loop 464 [21503, 9, 2974, 8990, 4561, 4472]
Loop 465 [23597, 9, 3696, 10055, 4655, 4631]
Loop 466 [21601, 9, 3209, 9316, 4394, 4205]
Loop 467 [20834, 9, 3056, 8644, 4535, 4135]
Loop 468 [20249, 9, 3007, 8246, 4407, 4117]
Loop 469 [20603, 9, 2989, 8478, 4458, 4206]
Loop 470 [20548, 9, 2987, 8565, 4254, 4283]
Loop 471 [20131, 9, 2920, 8520, 4202, 4003]
Loop 472 [20601, 9, 3041, 8345, 4345, 4391]
Loop 473 [23085, 9, 3818, 9295, 4713, 4726]
Loop 474 [20063, 9, 3188, 8154, 4157, 4077]
Loop 475 [21406, 9, 3379, 8906, 4344, 4281]
Loop 476 [19793, 9, 2914, 8261, 4061, 4093]
Loop 477 [20145, 9, 2954, 8422, 4292, 4029]
Loop 478 [19866, 9, 2952, 8190, 4228, 4031]
Loop 479 [53062, 9, 27127, 8235, 5462, 4929]
Loop 480 [40578, 9, 14855, 9591, 5192, 4635]
Loop 481 [24984, 9, 4403, 10170, 5012, 4859]
Loop 482 [20699, 9, 3088, 8589, 4426, 4157]
Loop 483 [20280, 9, 3040, 8363, 4308, 4106]
Loop 484 [20161, 9, 2863, 8177, 4629, 4065]
Loop 485 [20085, 9, 2887, 8168, 4421, 4159]
Loop 486 [21565, 9, 3357, 9065, 4355, 4291]
Loop 487 [20375, 9, 2942, 8505, 4376, 4120]
Loop 488 [19751, 9, 2912, 8232, 4177, 4005]
Loop 489 [22695, 9, 3552, 9428, 4545, 4632]
Loop 490 [20522, 9, 2987, 8636, 4414, 4027]
Loop 491 [20267, 9, 2855, 8254, 4611, 4099]
Loop 492 [19846, 9, 2938, 8097, 4357, 4016]
Loop 493 [20886, 9, 3151, 8564, 4523, 4215]
Loop 494 [20359, 9, 2923, 8476, 4410, 4109]
Loop 495 [19622, 9, 2836, 8121, 4237, 3987]
Loop 496 [20087, 9, 2843, 8270, 4458, 4048]
Loop 497 [22968, 9, 3543, 9526, 4748, 4602]
Loop 498 [21401, 9, 3364, 8916, 4381, 4274]
Loop 499 [19826, 9, 2925, 8273, 4168, 4024]
Loop 500 [19945, 9, 2894, 8240, 4244, 4115]
Loop 501 [19985, 9, 2803, 8316, 4363, 4035]
Loop 502 [20156, 9, 2874, 8356, 4408, 4060]
Loop 503 [20252, 9, 2878, 8099, 4480, 4355]
Loop 504 [20011, 9, 2846, 8391, 4433, 3903]
Loop 505 [37476, 9, 3563, 9495, 4600, 19127]
Loop 506 [22327, 9, 3922, 9276, 4593, 4079]
Loop 507 [19857, 9, 2936, 8365, 4241, 3875]
Loop 508 [20006, 9, 3046, 8293, 4328, 3898]
Loop 509 [19506, 9, 2854, 8214, 4170, 3832]
Loop 510 [20753, 9, 3148, 8817, 4283, 4049]
Loop 511 [19808, 9, 3018, 8261, 4169, 3901]
Loop 512 [19768, 9, 2923, 8318, 4238, 3865]
Loop 513 [22416, 9, 3559, 9214, 4831, 4291]
Loop 514 [20056, 9, 2945, 8146, 4578, 3942]
Loop 515 [19882, 9, 3031, 8212, 4310, 3898]
Loop 516 [19569, 9, 2994, 7918, 4343, 3891]
Loop 517 [19628, 9, 2971, 8137, 4252, 3834]
Loop 518 [19472, 9, 2938, 8146, 4131, 3809]
Loop 519 [19616, 9, 2923, 8113, 4279, 3855]
Loop 520 [19399, 9, 2843, 7944, 4343, 3829]
Loop 521 [22124, 9, 3535, 9171, 4314, 4580]
Loop 522 [25096, 9, 3328, 12783, 4336, 4173]
Loop 523 [19670, 9, 3023, 8152, 4274, 3807]
Loop 524 [19451, 9, 2934, 8164, 4173, 3753]
Loop 525 [19978, 9, 3017, 8241, 4350, 3924]
Loop 526 [19721, 9, 2974, 8161, 4281, 3869]
Loop 527 [19604, 9, 2891, 8137, 4361, 3785]
Loop 528 [19414, 9, 2904, 7977, 4305, 3785]
Loop 529 [22251, 9, 3433, 9376, 4540, 4422]
Loop 530 [19856, 9, 2994, 8278, 4266, 3882]
Loop 531 [19631, 9, 2994, 8070, 4348, 3802]
Loop 532 [19642, 9, 3020, 8296, 4084, 3813]
Loop 533 [19854, 9, 2938, 8374, 4294, 3827]
Loop 534 [19762, 9, 3014, 8407, 4169, 3759]
Loop 535 [21297, 9, 3397, 8782, 4563, 4119]
Loop 536 [20459, 9, 3052, 8657, 4473, 3838]
Loop 537 [22258, 9, 3517, 9150, 4732, 4341]
Loop 538 [20353, 9, 3042, 8737, 4310, 3829]
Loop 539 [20344, 9, 3113, 8445, 4445, 3878]
Loop 540 [19384, 9, 2958, 8063, 4093, 3845]
Loop 541 [19788, 9, 3003, 8188, 4279, 3873]
Loop 542 [19611, 9, 2945, 8221, 4250, 3747]
Loop 543 [19761, 9, 2942, 8215, 4241, 3909]
Loop 544 [19571, 9, 2976, 8126, 4403, 3636]
Loop 545 [21929, 9, 3398, 9236, 4544, 4244]
Loop 546 [20100, 9, 3036, 8411, 4310, 3905]
Loop 547 [21207, 9, 3315, 8899, 4432, 4104]
Loop 548 [19675, 9, 2918, 8119, 4379, 3818]
Loop 549 [19593, 9, 2938, 8209, 4176, 3856]
Loop 550 [19420, 9, 2907, 8148, 4141, 3785]
Loop 551 [19824, 9, 2938, 8366, 4157, 3929]
Loop 552 [19639, 9, 2932, 8145, 4343, 3791]
Loop 553 [21929, 9, 3464, 9123, 4463, 4385]
Loop 554 [19870, 9, 2971, 8234, 4296, 3942]
Loop 555 [19578, 9, 2985, 8242, 4271, 3656]
Loop 556 [19683, 9, 2936, 8247, 4192, 3860]
Loop 557 [605263, 9, 3772, 591699, 4660, 4649]
Loop 558 [20530, 9, 3007, 8528, 4666, 3880]
Loop 559 [19914, 9, 3023, 8125, 4476, 3827]
Loop 560 [19350, 9, 2907, 7929, 4288, 3760]
Loop 561 [22469, 9, 3614, 9477, 4516, 4346]
Loop 562 [19816, 9, 3102, 8274, 4252, 3736]
Loop 563 [19887, 9, 3009, 8274, 4332, 3838]
Loop 564 [21207, 9, 3262, 8815, 4516, 4131]
Loop 565 [19959, 9, 3017, 8455, 4160, 3879]
Loop 566 [19526, 9, 2978, 8086, 4088, 3842]
Loop 567 [19779, 9, 2923, 8358, 4244, 3796]
Loop 568 [19558, 9, 2941, 8150, 4136, 3885]
Loop 569 [24069, 9, 4292, 9898, 4813, 4559]
Loop 570 [19647, 9, 3002, 8182, 4232, 3776]
Loop 571 [19846, 9, 2998, 8201, 4342, 3862]
Loop 572 [19564, 9, 2846, 8156, 4256, 3871]
Loop 573 [20776, 9, 3105, 8584, 4516, 4058]
Loop 574 [21248, 9, 3153, 8611, 4414, 4621]
Loop 575 [19930, 9, 2934, 8331, 4390, 3838]
Loop 576 [19365, 9, 2839, 8132, 4095, 3859]
Loop 577 [20902, 9, 2945, 9316, 4328, 3849]
Loop 578 [19828, 9, 2908, 8161, 4449, 3876]
Loop 579 [23044, 9, 3900, 9577, 4733, 4321]
Loop 580 [20856, 9, 2993, 8380, 4310, 4687]
Loop 581 [26347, 9, 2987, 8111, 10448, 4307]
Loop 582 [20205, 9, 3187, 8431, 4305, 3838]
Loop 583 [19681, 9, 2916, 8108, 4350, 3875]
Loop 584 [19677, 9, 2958, 8232, 4231, 3831]
Loop 585 [19385, 9, 2873, 8008, 4216, 3851]
Loop 586 [19560, 9, 2904, 7946, 4317, 3949]
Loop 587 [19283, 9, 2909, 7940, 4276, 3718]
Loop 588 [19891, 9, 2883, 8374, 4326, 3868]
Loop 589 [19637, 9, 2945, 8132, 4334, 3792]
Loop 590 [20306, 9, 3087, 8476, 4481, 3819]
Loop 591 [19644, 9, 2921, 8172, 4374, 3751]
Loop 592 [19697, 9, 2967, 8039, 4508, 3708]
Loop 593 [19366, 9, 2905, 8073, 4254, 3690]
Loop 594 [19387, 9, 2869, 7955, 4407, 3727]
Loop 595 [19708, 9, 2863, 8174, 4372, 3869]
Loop 596 [19343, 9, 2863, 7868, 4377, 3818]
Loop 597 [19874, 9, 2890, 8311, 4306, 3929]
Loop 598 [20092, 9, 2838, 7913, 5045, 3848]
Loop 599 [19646, 9, 2952, 8139, 4361, 3756]
Loop 600 [19349, 9, 2948, 7961, 4279, 3729]
Loop 601 [19691, 9, 2894, 8235, 4409, 3743]
Loop 602 [19236, 9, 2899, 7881, 4175, 3845]
Loop 603 [19427, 9, 2874, 8057, 4276, 3774]
Loop 604 [19545, 9, 2932, 8024, 4352, 3805]
Loop 605 [20828, 9, 3060, 8839, 4489, 3982]
Loop 606 [19488, 9, 2854, 8252, 4147, 3792]
Loop 607 [19558, 9, 2992, 7928, 4312, 3900]
Loop 608 [20907, 9, 2930, 8037, 4371, 5093]
Loop 609 [20383, 9, 2972, 8170, 4328, 4394]
Loop 610 [20269, 9, 3035, 8500, 4369, 3898]
Loop 611 [19626, 9, 2896, 8245, 4257, 3785]
Loop 612 [19391, 9, 2778, 8117, 4378, 3694]
Loop 613 [19750, 9, 2943, 7948, 4420, 3989]
Loop 614 [19584, 9, 2746, 8205, 4427, 3761]
Loop 615 [19466, 9, 2826, 8063, 4316, 3842]
Loop 616 [19451, 9, 2843, 8185, 4250, 3750]
Loop 617 [19272, 9, 2827, 8011, 4232, 3760]
Loop 618 [19400, 9, 2915, 7856, 4386, 3829]
Loop 619 [19398, 9, 2867, 8070, 4184, 3821]
Loop 620 [19846, 9, 3027, 8097, 4424, 3861]
Loop 621 [21142, 9, 2892, 7970, 4282, 5478]
Loop 622 [20381, 9, 2936, 8273, 4638, 3991]
Loop 623 [19349, 9, 2945, 7977, 4279, 3725]
Loop 624 [19507, 9, 2890, 7944, 4484, 3750]
Loop 625 [19356, 9, 2893, 8000, 4306, 3735]
Loop 626 [19537, 9, 2936, 8018, 4361, 3792]
Loop 627 [19429, 9, 2889, 7988, 4286, 3838]
Loop 628 [20851, 9, 3189, 8522, 4550, 4132]
Loop 629 [20019, 9, 2995, 8438, 4359, 3784]
Loop 630 [19675, 9, 2889, 8099, 4420, 3851]
Loop 631 [19965, 9, 3024, 8223, 4479, 3824]
Loop 632 [19974, 9, 2988, 8176, 4503, 3869]
Loop 633 [19400, 9, 2839, 8081, 4316, 3729]
Loop 634 [19401, 9, 2798, 7967, 4315, 3874]
Loop 635 [19436, 9, 2825, 8033, 4377, 3767]
Loop 636 [19183, 9, 2818, 7960, 4146, 3827]
Loop 637 [19542, 9, 2842, 8149, 4339, 3774]
Loop 638 [19159, 9, 2871, 7820, 4169, 3874]
Loop 639 [19653, 9, 2909, 8011, 4453, 3840]
Loop 640 [19320, 9, 2855, 7999, 4281, 3750]
Loop 641 [19659, 9, 2954, 8145, 4429, 3707]
Loop 642 [19688, 9, 2834, 8121, 4428, 3860]
Loop 643 [19682, 9, 2835, 8068, 4532, 3813]
Loop 644 [19445, 9, 2799, 7980, 4396, 3822]
Loop 645 [19963, 9, 3038, 8218, 4430, 3845]
Loop 646 [19366, 9, 2833, 8086, 4253, 3778]
Loop 647 [19451, 9, 2845, 8038, 4345, 3772]
Loop 648 [19613, 9, 2874, 8015, 4587, 3703]
Loop 649 [19354, 9, 2805, 7940, 4345, 3777]
Loop 650 [20460, 9, 3016, 8653, 4476, 3880]
Loop 651 [24570, 9, 3049, 12097, 4782, 4170]
Loop 652 [20058, 9, 2978, 8520, 4335, 3783]
Loop 653 [19136, 9, 2770, 7851, 4307, 3770]
Loop 654 [42300, 9, 25088, 8187, 4510, 4075]
Loop 655 [19349, 9, 2871, 7955, 4345, 3756]
Loop 656 [39678, 9, 2805, 7813, 4326, 24112]
Loop 657 [21084, 9, 3699, 8797, 4352, 3794]
Loop 658 [19290, 9, 2980, 8062, 4251, 3572]
Loop 659 [18771, 9, 2895, 7727, 4098, 3602]
Loop 660 [19332, 9, 2903, 8024, 4292, 3689]
Loop 661 [19243, 9, 2820, 8159, 4198, 3644]
Loop 662 [19457, 9, 2803, 8212, 4376, 3647]
Loop 663 [20495, 9, 2960, 8350, 4269, 3708]
Loop 664 [19588, 9, 2965, 8160, 4316, 3699]
Loop 665 [19369, 9, 2796, 8232, 4263, 3649]
Loop 666 [19040, 9, 2819, 7871, 4268, 3644]
Loop 667 [19265, 9, 2867, 8189, 4090, 3687]
Loop 668 [19044, 9, 2816, 7909, 4133, 3727]
Loop 669 [18838, 9, 2704, 7899, 4147, 3654]
Loop 670 [18891, 9, 2837, 7791, 4231, 3593]
Loop 671 [19173, 9, 2875, 8097, 4193, 3565]
Loop 672 [18733, 9, 2829, 7829, 4119, 3532]
Loop 673 [19032, 9, 2776, 7992, 4230, 3579]
Loop 674 [26515, 9, 9000, 8678, 4425, 3947]
Loop 675 [19163, 9, 2834, 7997, 4284, 3604]
Loop 676 [19416, 9, 2967, 8129, 4191, 3697]
Loop 677 [19957, 9, 3216, 8253, 4377, 3667]
Loop 678 [18896, 9, 2803, 7878, 4128, 3658]
Loop 679 [19119, 9, 2843, 8012, 4236, 3597]
Loop 680 [19672, 9, 2870, 8475, 4233, 3667]
Loop 681 [18929, 9, 2719, 8042, 4151, 3568]
Loop 682 [18819, 9, 2735, 7866, 4167, 3603]
Loop 683 [18917, 9, 2728, 7875, 4321, 3572]
Loop 684 [19159, 9, 2877, 7828, 4359, 3629]
Loop 685 [18750, 9, 2841, 7600, 4296, 3562]
Loop 686 [19334, 9, 2921, 7985, 4352, 3643]
Loop 687 [18817, 9, 2728, 7802, 4308, 3539]
Loop 688 [18875, 9, 2758, 7831, 4343, 3484]
Loop 689 [18873, 9, 2776, 7977, 4095, 3559]
Loop 690 [19263, 9, 2887, 8057, 4234, 3614]
Loop 691 [18800, 9, 2779, 7752, 4144, 3667]
Loop 692 [19328, 9, 2797, 8058, 4414, 3622]
Loop 693 [22640, 9, 3468, 9846, 4411, 4438]
Loop 694 [19546, 9, 2887, 8379, 4168, 3670]
Loop 695 [18853, 9, 2890, 7786, 4196, 3546]
Loop 696 [19109, 9, 2854, 7999, 4259, 3583]
Loop 697 [19086, 9, 2739, 8106, 4282, 3536]
Loop 698 [18895, 9, 2762, 7999, 4198, 3466]
Loop 699 [18858, 9, 2737, 7940, 4210, 3550]
Loop 700 [18771, 9, 2781, 7891, 4181, 3486]
Loop 701 [19379, 9, 2827, 8049, 4447, 3641]
Loop 702 [18950, 9, 2808, 7967, 4122, 3607]
Loop 703 [18977, 9, 2805, 7932, 4190, 3601]
Loop 704 [18747, 9, 2802, 7706, 4273, 3528]
Loop 705 [19290, 9, 2808, 8079, 4381, 3581]
Loop 706 [18890, 9, 2761, 7936, 4152, 3612]
Loop 707 [19191, 9, 2854, 8116, 4201, 3579]
Loop 708 [20402, 9, 3142, 8549, 4438, 3801]
Loop 709 [18964, 9, 2823, 7813, 4241, 3638]
Loop 710 [18803, 9, 2812, 7887, 4070, 3575]
Loop 711 [19263, 9, 2841, 8125, 4235, 3623]
Loop 712 [18780, 9, 2732, 7864, 4159, 3570]
Loop 713 [18937, 9, 2840, 7798, 4304, 3539]
Loop 714 [19004, 9, 2826, 7886, 4208, 3657]
Loop 715 [19174, 9, 2772, 7986, 4326, 3647]
Loop 716 [19336, 9, 2821, 8033, 4276, 3749]
Loop 717 [19055, 9, 2751, 7826, 4357, 3684]
Loop 718 [19161, 9, 2737, 7980, 4498, 3531]
Loop 719 [18948, 9, 2730, 7844, 4233, 3680]
Loop 720 [18909, 9, 2717, 7942, 4243, 3552]
Loop 721 [18700, 9, 2801, 7856, 4143, 3455]
Loop 722 [18913, 9, 2755, 7853, 4344, 3512]
Loop 723 [18609, 9, 2768, 7669, 4205, 3533]
Loop 724 [18749, 9, 2763, 7736, 4306, 3506]
Loop 725 [18964, 9, 2760, 7993, 4126, 3638]
Loop 726 [18543, 9, 2656, 7778, 4182, 3489]
Loop 727 [18658, 9, 2735, 7723, 4235, 3526]
Loop 728 [18962, 9, 2783, 7878, 4374, 3490]
Loop 729 [18746, 9, 2819, 7902, 4042, 3569]
Loop 730 [18834, 9, 2752, 7721, 4312, 3609]
Loop 731 [18724, 9, 2798, 7665, 4205, 3621]
Loop 732 [19936, 9, 3089, 8302, 4259, 3825]
Loop 733 [18984, 9, 2756, 8110, 4087, 3581]
Loop 734 [18628, 9, 2705, 7847, 4142, 3488]
Loop 735 [19299, 9, 2707, 7894, 4667, 3581]
Loop 736 [18934, 9, 2781, 7822, 4347, 3528]
Loop 737 [18882, 9, 2836, 7927, 4257, 3429]
Loop 738 [18983, 9, 2788, 7782, 4377, 3592]
Loop 739 [19039, 9, 2816, 7862, 4336, 3579]
Loop 740 [18731, 9, 2792, 7729, 4260, 3531]
Loop 741 [18782, 9, 2785, 7783, 4173, 3581]
Loop 742 [18683, 9, 2803, 7656, 4224, 3568]
Loop 743 [19003, 9, 2827, 7964, 4201, 3579]
Loop 744 [18624, 9, 2758, 7823, 4139, 3462]
Loop 745 [18680, 9, 2701, 7869, 4170, 3510]
Loop 746 [18830, 9, 2765, 7893, 4160, 3578]
Loop 747 [18576, 9, 2768, 7557, 4243, 3591]
Loop 748 [20504, 9, 2870, 9112, 4228, 3841]
Loop 749 [18953, 9, 2785, 7796, 4290, 3652]
Loop 750 [19004, 9, 2728, 8026, 4245, 3581]
Loop 751 [19715, 9, 2676, 7915, 4270, 4365]
Loop 752 [19193, 9, 2794, 8066, 4346, 3524]
Loop 753 [19015, 9, 2817, 7895, 4327, 3537]
Loop 754 [18979, 9, 2746, 7995, 4306, 3499]
Loop 755 [22945, 9, 2818, 7568, 4317, 7737]
Loop 756 [19774, 9, 3014, 8281, 4341, 3677]
Loop 757 [18867, 9, 2861, 7851, 4182, 3547]
Loop 758 [19159, 9, 2825, 8064, 4203, 3623]
Loop 759 [18796, 9, 2721, 7783, 4186, 3663]
Loop 760 [18791, 9, 2801, 7846, 4261, 3448]
Loop 761 [18742, 9, 2790, 7787, 4223, 3517]
Loop 762 [18897, 9, 2799, 7862, 4241, 3554]
Loop 763 [18791, 9, 2819, 7906, 4084, 3536]
Loop 764 [18997, 9, 2809, 7818, 4237, 3694]
Loop 765 [19015, 9, 2715, 7929, 4305, 3637]
Loop 766 [18962, 9, 2817, 7931, 4214, 3574]
Loop 767 [19045, 9, 2799, 8052, 4190, 3570]
Loop 768 [18855, 9, 2823, 7778, 4219, 3579]
Loop 769 [20171, 9, 2871, 8901, 4334, 3628]
Loop 770 [19219, 9, 2871, 7940, 4278, 3699]
Loop 771 [19188, 9, 2896, 7858, 4414, 3592]
Loop 772 [18622, 9, 2794, 7685, 4151, 3545]
Loop 773 [18959, 9, 2743, 7886, 4252, 3635]
Loop 774 [18583, 9, 2761, 7570, 4154, 3661]
Loop 775 [18879, 9, 2807, 7849, 4237, 3547]
Loop 776 [18607, 9, 2857, 7657, 4019, 3643]
Loop 777 [18780, 9, 2854, 7929, 4088, 3473]
Loop 778 [18503, 9, 2741, 7571, 4199, 3572]
Loop 779 [24276, 9, 2792, 7806, 4271, 8892]
Loop 780 [19863, 9, 3104, 8394, 4247, 3665]
Loop 781 [19023, 9, 2894, 7835, 4241, 3629]
Loop 782 [19054, 9, 2810, 7864, 4319, 3611]
Loop 783 [18682, 9, 2805, 7693, 4272, 3474]
Loop 784 [18711, 9, 2790, 7749, 4215, 3510]
Loop 785 [18764, 9, 2816, 7758, 4230, 3523]
Loop 786 [18921, 9, 2952, 7909, 4110, 3523]
Loop 787 [18842, 9, 2832, 7700, 4310, 3550]
Loop 788 [18968, 9, 2819, 7871, 4328, 3517]
Loop 789 [18760, 9, 2735, 7813, 4173, 3570]
Loop 790 [18906, 9, 2795, 7819, 4200, 3650]
Loop 791 [18690, 9, 2722, 7689, 4305, 3539]
Loop 792 [19148, 9, 2779, 7856, 4326, 3736]
Loop 793 [18669, 9, 2672, 7854, 4159, 3543]
Loop 794 [18884, 9, 2758, 7814, 4277, 3576]
Loop 795 [18705, 9, 2748, 7805, 4042, 3676]
Loop 796 [18673, 9, 2826, 7744, 4155, 3517]
Loop 797 [18684, 9, 2812, 7791, 4042, 3598]
Loop 798 [18728, 9, 2765, 7645, 4210, 3663]
Loop 799 [18603, 9, 2752, 7727, 4119, 3577]
Loop 800 [18819, 9, 2783, 7923, 4192, 3479]
Loop 801 [18976, 9, 2812, 7964, 4217, 3547]
Loop 802 [19986, 9, 3043, 8228, 4554, 3740]
Loop 803 [23637, 9, 2914, 8051, 8407, 3812]
Loop 804 [19407, 9, 3043, 7917, 4454, 3561]
Loop 805 [18915, 9, 2845, 7705, 4337, 3565]
Loop 806 [18788, 9, 2903, 7809, 4117, 3516]
Loop 807 [18944, 9, 2874, 8041, 4036, 3546]
Loop 808 [18799, 9, 2924, 7796, 4058, 3558]
Loop 809 [18790, 9, 2854, 7809, 4212, 3463]
Loop 810 [18643, 9, 2854, 7631, 4181, 3525]
Loop 811 [19158, 9, 2883, 7984, 4298, 3539]
Loop 812 [18543, 9, 2804, 7674, 4172, 3472]
Loop 813 [19077, 9, 2800, 7838, 4367, 3636]
Loop 814 [18940, 9, 2818, 7863, 4244, 3584]
Loop 815 [18922, 9, 2819, 7853, 4219, 3594]
Loop 816 [18507, 9, 2748, 7678, 4088, 3533]
Loop 817 [18822, 9, 2845, 7784, 4297, 3461]
Loop 818 [18653, 9, 2761, 7788, 4175, 3497]
Loop 819 [19032, 9, 2880, 7882, 4184, 3639]
Loop 820 [18738, 9, 2732, 7924, 4210, 3452]
Loop 821 [18859, 9, 2746, 7836, 4225, 3612]
Loop 822 [19150, 9, 2821, 7895, 4323, 3657]
Loop 823 [18809, 9, 2852, 7766, 4230, 3519]
Loop 824 [18981, 9, 2799, 8037, 4156, 3540]
Loop 825 [18634, 9, 2784, 7780, 4193, 3425]
Loop 826 [18716, 9, 2864, 7833, 4049, 3537]
Loop 827 [23214, 9, 2858, 7876, 8170, 3859]
Loop 828 [19469, 9, 3108, 8112, 4172, 3636]
Loop 829 [22595, 9, 3607, 9513, 4425, 4556]
Loop 830 [19796, 9, 3058, 8309, 4266, 3702]
Loop 831 [18988, 9, 2872, 7948, 4188, 3548]
Loop 832 [19103, 9, 2888, 7924, 4259, 3559]
Loop 833 [18864, 9, 2836, 7881, 4217, 3483]
Loop 834 [19054, 9, 2834, 7784, 4358, 3650]
Loop 835 [18751, 9, 2831, 7688, 4257, 3540]
Loop 836 [18942, 9, 2803, 7785, 4326, 3559]
Loop 837 [18744, 9, 2728, 7805, 4182, 3601]
Loop 838 [20158, 9, 3067, 8445, 4332, 3867]
Loop 839 [19174, 9, 2808, 8026, 4230, 3659]
Loop 840 [19050, 9, 2887, 7891, 4332, 3486]
Loop 841 [19013, 9, 2965, 7920, 4179, 3501]
Loop 842 [18545, 9, 2734, 7574, 4204, 3578]
Loop 843 [19704, 9, 2982, 8164, 4412, 3687]
Loop 844 [18560, 9, 2790, 7618, 4252, 3457]
Loop 845 [19252, 9, 2843, 7984, 4368, 3605]
Loop 846 [19360, 9, 2974, 8067, 4237, 3641]
Loop 847 [18889, 9, 2879, 7886, 4135, 3557]
Loop 848 [18620, 9, 2910, 7549, 4195, 3534]
Loop 849 [19024, 9, 2810, 7929, 4266, 3569]
Loop 850 [18706, 9, 2821, 7879, 3995, 3568]
Loop 851 [18802, 9, 2821, 7761, 4240, 3547]
Loop 852 [18899, 9, 2783, 7866, 4250, 3572]
Loop 853 [19001, 9, 2781, 7890, 4389, 3519]
Loop 854 [19048, 9, 2852, 8106, 4170, 3463]
Loop 855 [19222, 9, 2859, 8165, 4168, 3610]
Loop 856 [19228, 9, 2816, 8026, 4395, 3568]
Loop 857 [18882, 9, 2761, 7740, 4339, 3628]
Loop 858 [19041, 9, 2831, 7982, 4224, 3556]
Loop 859 [18760, 9, 2721, 7846, 4230, 3528]
Loop 860 [18828, 9, 2881, 7744, 4164, 3585]
Loop 861 [22310, 9, 2785, 7730, 4226, 7091]
Loop 862 [20045, 9, 3127, 8553, 4287, 3646]
Loop 863 [18813, 9, 2844, 7819, 4051, 3654]
Loop 864 [41035, 9, 2923, 29844, 4133, 3705]
Loop 865 [18536, 9, 2675, 7822, 4206, 3381]
Loop 866 [19048, 9, 2767, 7944, 4330, 3536]
Loop 867 [18613, 9, 2770, 7791, 4102, 3526]
Loop 868 [18742, 9, 2805, 7787, 4199, 3532]
Loop 869 [18712, 9, 2791, 7739, 4124, 3634]
Loop 870 [18682, 9, 2780, 7725, 4220, 3535]
Loop 871 [18982, 9, 2748, 8066, 4162, 3560]
Loop 872 [18711, 9, 2719, 7880, 4101, 3589]
Loop 873 [18646, 9, 2778, 7883, 4085, 3460]
Loop 874 [18769, 9, 2757, 7620, 4430, 3523]
Loop 875 [18953, 9, 2876, 7848, 4272, 3537]
Loop 876 [18311, 9, 2739, 7539, 4137, 3465]
Loop 877 [18886, 9, 2812, 7930, 4208, 3510]
Loop 878 [18574, 9, 2717, 7627, 4186, 3538]
Loop 879 [18565, 9, 2681, 7718, 4248, 3470]
Loop 880 [18552, 9, 2720, 7650, 4153, 3572]
Loop 881 [18569, 9, 2763, 7740, 4164, 3447]
Loop 882 [18600, 9, 2759, 7628, 4205, 3537]
Loop 883 [18687, 9, 2741, 7700, 4306, 3508]
Loop 884 [18793, 9, 2790, 7769, 4259, 3524]
Loop 885 [23792, 9, 3021, 12262, 4316, 3721]
Loop 886 [18698, 9, 2774, 7761, 4157, 3567]
Loop 887 [18862, 9, 2713, 7875, 4311, 3523]
Loop 888 [18783, 9, 2756, 7924, 4192, 3486]
Loop 889 [18675, 9, 2653, 7890, 4214, 3493]
Loop 890 [18616, 9, 2736, 7858, 4067, 3518]
Loop 891 [18782, 9, 2778, 7759, 4327, 3485]
Loop 892 [18613, 9, 2765, 7711, 4216, 3490]
Loop 893 [18709, 9, 2783, 7815, 4067, 3589]
Loop 894 [18474, 9, 2779, 7721, 4042, 3502]
Loop 895 [18700, 9, 2785, 7621, 4212, 3647]
Loop 896 [18626, 9, 2765, 7700, 4162, 3559]
Loop 897 [18409, 9, 2788, 7671, 4091, 3435]
Loop 898 [18844, 9, 2812, 7786, 4288, 3541]
Loop 899 [18593, 9, 2742, 7773, 4107, 3530]
Loop 900 [18634, 9, 2661, 7652, 4314, 3561]
Loop 901 [18600, 9, 2715, 7740, 4139, 3559]
Loop 902 [18487, 9, 2739, 7683, 4121, 3510]
Loop 903 [18505, 9, 2714, 7634, 4177, 3538]
Loop 904 [18529, 9, 2734, 7753, 4188, 3432]
Loop 905 [18556, 9, 2745, 7738, 4162, 3483]
Loop 906 [18647, 9, 2767, 7822, 4150, 3481]
Loop 907 [18731, 9, 2825, 7728, 4161, 3598]
Loop 908 [18504, 9, 2728, 7697, 4175, 3446]
Loop 909 [22826, 9, 2887, 11033, 4709, 3727]
Loop 910 [19339, 9, 2874, 8090, 4305, 3621]
Loop 911 [18371, 9, 2673, 7747, 4049, 3473]
Loop 912 [18208, 9, 2724, 7534, 4048, 3444]
Loop 913 [18796, 9, 2784, 7767, 4350, 3463]
Loop 914 [18642, 9, 2769, 7646, 4186, 3586]
Loop 915 [18652, 9, 2767, 7745, 4204, 3504]
Loop 916 [18412, 9, 2779, 7629, 4084, 3460]
Loop 917 [18553, 9, 2756, 7717, 4184, 3441]
Loop 918 [19378, 9, 2735, 7693, 5046, 3479]
Loop 919 [18946, 9, 2816, 7975, 4191, 3530]
Loop 920 [18715, 9, 2759, 7815, 4248, 3470]
Loop 921 [18634, 9, 2774, 7747, 4274, 3392]
Loop 922 [19316, 9, 2781, 7682, 4033, 4341]
Loop 923 [19226, 9, 2885, 8003, 4247, 3654]
Loop 924 [18645, 9, 2708, 7988, 4039, 3485]
Loop 925 [18672, 9, 2717, 7767, 4202, 3545]
Loop 926 [18952, 9, 2916, 7769, 4236, 3592]
Loop 927 [18573, 9, 2677, 7824, 4102, 3512]
Loop 928 [18849, 9, 2828, 7881, 4185, 3524]
Loop 929 [18659, 9, 2876, 7765, 4142, 3446]
Loop 930 [18840, 9, 2799, 7716, 4339, 3556]
Loop 931 [18562, 9, 2780, 7780, 4082, 3483]
Loop 932 [19039, 9, 2864, 7884, 4261, 3585]
Loop 933 [23575, 9, 6645, 7920, 4673, 3844]
Loop 934 [19052, 9, 2953, 7942, 4215, 3508]
Loop 935 [18881, 9, 2719, 8057, 4181, 3475]
Loop 936 [18496, 9, 2761, 7755, 4077, 3475]
Loop 937 [18613, 9, 2690, 7826, 4087, 3548]
Loop 938 [18900, 9, 2884, 7864, 4139, 3586]
Loop 939 [18612, 9, 2797, 7718, 4144, 3510]
Loop 940 [20012, 9, 2806, 8898, 4344, 3546]
Loop 941 [18769, 9, 2719, 7886, 4148, 3568]
Loop 942 [18778, 9, 2730, 7800, 4222, 3578]
Loop 943 [18817, 9, 2716, 7880, 4244, 3537]
Loop 944 [18605, 9, 2714, 7543, 4301, 3570]
Loop 945 [18671, 9, 2728, 7873, 4110, 3517]
Loop 946 [18668, 9, 2787, 7815, 4148, 3506]
Loop 947 [18722, 9, 2796, 7751, 4148, 3594]
Loop 948 [18651, 9, 2843, 7665, 4140, 3553]
Loop 949 [19043, 9, 2796, 8002, 4242, 3566]
Loop 950 [19617, 9, 2872, 7771, 4044, 4442]
Loop 951 [19011, 9, 3004, 7796, 4296, 3463]
Loop 952 [18582, 9, 2779, 7702, 4185, 3486]
Loop 953 [18764, 9, 2717, 7875, 4288, 3442]
Loop 954 [18574, 9, 2789, 7823, 4058, 3479]
Loop 955 [18738, 9, 2785, 7776, 4183, 3557]
Loop 956 [18450, 9, 2662, 7813, 3983, 3568]
Loop 957 [22977, 9, 2753, 7783, 8043, 3947]
Loop 958 [19185, 9, 2956, 8276, 3998, 3507]
Loop 959 [18689, 9, 2797, 7751, 4152, 3532]
Loop 960 [18879, 9, 2827, 8088, 4095, 3431]
Loop 961 [18656, 9, 2679, 7871, 4206, 3477]
Loop 962 [18875, 9, 2828, 7879, 4193, 3543]
Loop 963 [18654, 9, 2777, 7880, 4122, 3439]
Loop 964 [18711, 9, 2728, 7858, 4243, 3452]
Loop 965 [20980, 9, 3118, 8859, 4410, 4106]
Loop 966 [18740, 9, 2808, 7862, 4148, 3489]
Loop 967 [18744, 9, 2759, 7935, 4057, 3552]
Loop 968 [23373, 9, 2759, 7818, 8432, 3885]
Loop 969 [18906, 9, 2932, 7913, 4132, 3490]
Loop 970 [18796, 9, 2746, 7825, 4211, 3582]
Loop 971 [18675, 9, 2719, 7919, 4111, 3501]
Loop 972 [18770, 9, 2764, 7841, 4183, 3546]
Loop 973 [18492, 9, 2672, 7797, 4090, 3502]
Loop 974 [23809, 9, 2821, 12786, 4222, 3566]
Loop 975 [18815, 9, 2636, 8064, 4125, 3563]
Loop 976 [18876, 9, 2738, 7845, 4242, 3589]
Loop 977 [18860, 9, 2821, 8040, 4085, 3471]
Loop 978 [18700, 9, 2722, 7775, 4287, 3494]
Loop 979 [18891, 9, 2750, 7683, 4443, 3568]
Loop 980 [18851, 9, 2802, 7752, 4299, 3583]
Loop 981 [18885, 9, 2770, 7983, 4160, 3536]
Loop 982 [18531, 9, 2765, 7709, 4133, 3490]
Loop 983 [18554, 9, 2690, 7710, 4172, 3543]
Loop 984 [18772, 9, 2706, 7981, 4127, 3525]
Loop 985 [18780, 9, 2702, 7984, 4114, 3541]
Loop 986 [18578, 9, 2746, 7651, 4055, 3672]
Loop 987 [19030, 9, 2775, 8012, 4232, 3570]
Loop 988 [18660, 9, 2832, 7749, 3970, 3678]
Loop 989 [18851, 9, 2876, 7836, 4161, 3543]
Loop 990 [18649, 9, 2769, 7929, 4005, 3530]
Loop 991 [18707, 9, 2819, 7666, 4172, 3617]
Loop 992 [23237, 9, 6247, 8070, 4602, 3847]
Loop 993 [19105, 9, 2880, 8119, 4141, 3526]
Loop 994 [18790, 9, 2745, 7946, 4151, 3515]
Loop 995 [18738, 9, 2770, 7732, 4237, 3583]
Loop 996 [18707, 9, 2688, 7776, 4363, 3463]
Loop 997 [18935, 9, 2767, 7818, 4255, 3650]
Loop 998 [18724, 9, 2792, 7793, 4123, 3588]
Loop 999 [18708, 9, 2721, 7791, 4245, 3519]
replicas primary file /tmp1024hydra3.dat capacity 256
replicas slave file /tmp1024hydra3.datLQL0 capacity 256
replicas slave file /tmp1024hydra3.datLQL1 capacity 256
replicas slave file /tmp1024hydra3.datLQL2 capacity 256
replicas slave file /tmp1024hydra3.datLQL3 capacity 256
replicas slave file /tmp1024hydra3.datLQL4 capacity 256
