write, filename /tmprep2.dat, size 1024, loop 1000, storageClass 0, locationClass 0
starting benchmark...
ops 1000
final loop (us) 6.996
Loop 0 (us) 8.983
Loop 1 (us) 8.565
Loop 2 (us) 7.814
Loop 3 (us) 8.144
Loop 4 (us) 8.199
Loop 5 (us) 7.69
Loop 6 (us) 7.632
Loop 7 (us) 8.129
Loop 8 (us) 8.253
Loop 9 (us) 8.287
Loop 10 (us) 9.31
Loop 11 (us) 7.881
Loop 12 (us) 8.139
Loop 13 (us) 8.143
Loop 14 (us) 8.071
Loop 15 (us) 7.638
Loop 16 (us) 7.682
Loop 17 (us) 7.744
Loop 18 (us) 8.123
Loop 19 (us) 7.638
Loop 20 (us) 7.567
Loop 21 (us) 7.778
Loop 22 (us) 8.935
Loop 23 (us) 8.538
Loop 24 (us) 8.037
Loop 25 (us) 7.793
Loop 26 (us) 7.402
Loop 27 (us) 8.092
Loop 28 (us) 7.728
Loop 29 (us) 13.534
Loop 30 (us) 8.6
Loop 31 (us) 8.297
Loop 32 (us) 7.901
Loop 33 (us) 8.169
Loop 34 (us) 7.302
Loop 35 (us) 7.292
Loop 36 (us) 7.958
Loop 37 (us) 8.079
Loop 38 (us) 7.864
Loop 39 (us) 7.492
Loop 40 (us) 7.586
Loop 41 (us) 8.289
Loop 42 (us) 32.794
Loop 43 (us) 22.898
Loop 44 (us) 8.612
Loop 45 (us) 8.477
Loop 46 (us) 7.841
Loop 47 (us) 7.804
Loop 48 (us) 7.872
Loop 49 (us) 7.788
Loop 50 (us) 7.78
Loop 51 (us) 7.943
Loop 52 (us) 7.959
Loop 53 (us) 8.127
Loop 54 (us) 18.787
Loop 55 (us) 8.644
Loop 56 (us) 7.816
Loop 57 (us) 14.009
Loop 58 (us) 8.816
Loop 59 (us) 7.45
Loop 60 (us) 7.537
Loop 61 (us) 7.621
Loop 62 (us) 7.849
Loop 63 (us) 7.596
Loop 64 (us) 8.001
Loop 65 (us) 7.993
Loop 66 (us) 7.55
Loop 67 (us) 7.53
Loop 68 (us) 7.89
Loop 69 (us) 7.806
Loop 70 (us) 8.732
Loop 71 (us) 7.863
Loop 72 (us) 8.121
Loop 73 (us) 7.5
Loop 74 (us) 19.643
Loop 75 (us) 8.187
Loop 76 (us) 7.735
Loop 77 (us) 7.916
Loop 78 (us) 7.668
Loop 79 (us) 7.73
Loop 80 (us) 7.502
Loop 81 (us) 7.391
Loop 82 (us) 8.044
Loop 83 (us) 7.914
Loop 84 (us) 7.615
Loop 85 (us) 7.332
Loop 86 (us) 8.664
Loop 87 (us) 8.171
Loop 88 (us) 7.982
Loop 89 (us) 7.673
Loop 90 (us) 8.246
Loop 91 (us) 7.661
Loop 92 (us) 7.974
Loop 93 (us) 7.886
Loop 94 (us) 7.573
Loop 95 (us) 7.535
Loop 96 (us) 7.814
Loop 97 (us) 8.011
Loop 98 (us) 7.603
Loop 99 (us) 7.397
Loop 100 (us) 7.634
Loop 101 (us) 17.192
Loop 102 (us) 8.36
Loop 103 (us) 17.358
Loop 104 (us) 16.25
Loop 105 (us) 9.269
Loop 106 (us) 7.766
Loop 107 (us) 7.397
Loop 108 (us) 7.782
Loop 109 (us) 8.267
Loop 110 (us) 7.901
Loop 111 (us) 7.828
Loop 112 (us) 7.841
Loop 113 (us) 9.402
Loop 114 (us) 8.066
Loop 115 (us) 7.771
Loop 116 (us) 7.601
Loop 117 (us) 7.965
Loop 118 (us) 7.44
Loop 119 (us) 7.46
Loop 120 (us) 7.38
Loop 121 (us) 7.658
Loop 122 (us) 7.492
Loop 123 (us) 7.705
Loop 124 (us) 7.591
Loop 125 (us) 7.469
Loop 126 (us) 7.415
Loop 127 (us) 7.405
Loop 128 (us) 7.372
Loop 129 (us) 7.675
Loop 130 (us) 20.257
Loop 131 (us) 8.873
Loop 132 (us) 7.859
Loop 133 (us) 7.883
Loop 134 (us) 7.704
Loop 135 (us) 7.56
Loop 136 (us) 27.168
Loop 137 (us) 8.52
Loop 138 (us) 7.791
Loop 139 (us) 7.826
Loop 140 (us) 7.728
Loop 141 (us) 7.362
Loop 142 (us) 8.828
Loop 143 (us) 9.127
Loop 144 (us) 7.948
Loop 145 (us) 8.604
Loop 146 (us) 7.636
Loop 147 (us) 7.385
Loop 148 (us) 7.517
Loop 149 (us) 7.432
Loop 150 (us) 7.602
Loop 151 (us) 7.788
Loop 152 (us) 7.823
Loop 153 (us) 8.009
Loop 154 (us) 7.429
Loop 155 (us) 7.901
Loop 156 (us) 7.495
Loop 157 (us) 7.736
Loop 158 (us) 7.664
Loop 159 (us) 7.575
Loop 160 (us) 7.801
Loop 161 (us) 7.537
Loop 162 (us) 7.365
Loop 163 (us) 7.611
Loop 164 (us) 7.596
Loop 165 (us) 7.633
Loop 166 (us) 7.881
Loop 167 (us) 35.222
Loop 168 (us) 40.667
Loop 169 (us) 8.59
Loop 170 (us) 7.609
Loop 171 (us) 7.246
Loop 172 (us) 28.841
Loop 173 (us) 18.766
Loop 174 (us) 8.755
Loop 175 (us) 7.747
Loop 176 (us) 7.547
Loop 177 (us) 7.426
Loop 178 (us) 7.241
Loop 179 (us) 7.038
Loop 180 (us) 7.449
Loop 181 (us) 7.408
Loop 182 (us) 7.177
Loop 183 (us) 7.448
Loop 184 (us) 7.335
Loop 185 (us) 7.643
Loop 186 (us) 7.678
Loop 187 (us) 7.488
Loop 188 (us) 7.288
Loop 189 (us) 9.309
Loop 190 (us) 7.455
Loop 191 (us) 7.243
Loop 192 (us) 7.199
Loop 193 (us) 7.643
Loop 194 (us) 7.375
Loop 195 (us) 7.219
Loop 196 (us) 7.201
Loop 197 (us) 7.609
Loop 198 (us) 7.395
Loop 199 (us) 7.528
Loop 200 (us) 7.671
Loop 201 (us) 7.801
Loop 202 (us) 7.444
Loop 203 (us) 7.49
Loop 204 (us) 7.671
Loop 205 (us) 18.981
Loop 206 (us) 8.591
Loop 207 (us) 7.594
Loop 208 (us) 8.072
Loop 209 (us) 7.641
Loop 210 (us) 7.484
Loop 211 (us) 8.166
Loop 212 (us) 7.575
Loop 213 (us) 7.784
Loop 214 (us) 7.764
Loop 215 (us) 57.472
Loop 216 (us) 45.292
Loop 217 (us) 8.959
Loop 218 (us) 7.685
Loop 219 (us) 7.58
Loop 220 (us) 7.596
Loop 221 (us) 7.626
Loop 222 (us) 7.716
Loop 223 (us) 7.665
Loop 224 (us) 7.644
Loop 225 (us) 7.674
Loop 226 (us) 7.144
Loop 227 (us) 7.324
Loop 228 (us) 7.34
Loop 229 (us) 7.75
Loop 230 (us) 7.512
Loop 231 (us) 7.121
Loop 232 (us) 7.821
Loop 233 (us) 7.63
Loop 234 (us) 14.872
Loop 235 (us) 7.572
Loop 236 (us) 7.29
Loop 237 (us) 8.144
Loop 238 (us) 8.284
Loop 239 (us) 7.896
Loop 240 (us) 7.306
Loop 241 (us) 8.502
Loop 242 (us) 8.477
Loop 243 (us) 7.774
Loop 244 (us) 7.43
Loop 245 (us) 7.194
Loop 246 (us) 8.953
Loop 247 (us) 7.834
Loop 248 (us) 7.641
Loop 249 (us) 7.816
Loop 250 (us) 7.597
Loop 251 (us) 7.531
Loop 252 (us) 7.544
Loop 253 (us) 7.199
Loop 254 (us) 7.442
Loop 255 (us) 7.406
Loop 256 (us) 7.553
Loop 257 (us) 7.312
Loop 258 (us) 8.82
Loop 259 (us) 7.517
Loop 260 (us) 7.177
Loop 261 (us) 7.188
Loop 262 (us) 7.568
Loop 263 (us) 7.257
Loop 264 (us) 7.35
Loop 265 (us) 7.188
Loop 266 (us) 7.086
Loop 267 (us) 7.58
Loop 268 (us) 7.297
Loop 269 (us) 7.35
Loop 270 (us) 7.761
Loop 271 (us) 8.206
Loop 272 (us) 8.304
Loop 273 (us) 8.682
Loop 274 (us) 8.093
Loop 275 (us) 8.03
Loop 276 (us) 8.321
Loop 277 (us) 8.116
Loop 278 (us) 7.477
Loop 279 (us) 7.144
Loop 280 (us) 7.397
Loop 281 (us) 7.157
Loop 282 (us) 7.128
Loop 283 (us) 7.522
Loop 284 (us) 7.6
Loop 285 (us) 7.323
Loop 286 (us) 7.544
Loop 287 (us) 7.274
Loop 288 (us) 8.468
Loop 289 (us) 7.789
Loop 290 (us) 7.496
Loop 291 (us) 8.026
Loop 292 (us) 7.727
Loop 293 (us) 7.504
Loop 294 (us) 7.496
Loop 295 (us) 7.691
Loop 296 (us) 7.716
Loop 297 (us) 7.99
Loop 298 (us) 7.45
Loop 299 (us) 7.475
Loop 300 (us) 7.491
Loop 301 (us) 7.406
Loop 302 (us) 7.324
Loop 303 (us) 7.224
Loop 304 (us) 7.629
Loop 305 (us) 7.522
Loop 306 (us) 7.4
Loop 307 (us) 7.794
Loop 308 (us) 7.417
Loop 309 (us) 7.446
Loop 310 (us) 7.538
Loop 311 (us) 7.934
Loop 312 (us) 7.714
Loop 313 (us) 7.852
Loop 314 (us) 7.95
Loop 315 (us) 9.649
Loop 316 (us) 8.155
Loop 317 (us) 7.66
Loop 318 (us) 7.462
Loop 319 (us) 7.07
Loop 320 (us) 7.567
Loop 321 (us) 7.654
Loop 322 (us) 7.482
Loop 323 (us) 7.139
Loop 324 (us) 7.488
Loop 325 (us) 7.355
Loop 326 (us) 7.605
Loop 327 (us) 7.544
Loop 328 (us) 7.506
Loop 329 (us) 7.406
Loop 330 (us) 7.555
Loop 331 (us) 7.405
Loop 332 (us) 7.742
Loop 333 (us) 7.295
Loop 334 (us) 8.029
Loop 335 (us) 7.72
Loop 336 (us) 7.812
Loop 337 (us) 7.614
Loop 338 (us) 7.264
Loop 339 (us) 7.594
Loop 340 (us) 7.338
Loop 341 (us) 7.533
Loop 342 (us) 19.467
Loop 343 (us) 8.29
Loop 344 (us) 7.648
Loop 345 (us) 7.643
Loop 346 (us) 7.535
Loop 347 (us) 7.31
Loop 348 (us) 7.319
Loop 349 (us) 7.927
Loop 350 (us) 7.255
Loop 351 (us) 7.427
Loop 352 (us) 7.344
Loop 353 (us) 7.776
Loop 354 (us) 7.121
Loop 355 (us) 7.34
Loop 356 (us) 12.696
Loop 357 (us) 8.092
Loop 358 (us) 7.388
Loop 359 (us) 7.048
Loop 360 (us) 7.188
Loop 361 (us) 7.5
Loop 362 (us) 7.03
Loop 363 (us) 7.401
Loop 364 (us) 7.341
Loop 365 (us) 7.054
Loop 366 (us) 7.369
Loop 367 (us) 7.303
Loop 368 (us) 7.571
Loop 369 (us) 7.928
Loop 370 (us) 7.277
Loop 371 (us) 7.122
Loop 372 (us) 7.266
Loop 373 (us) 7.22
Loop 374 (us) 7.197
Loop 375 (us) 7.281
Loop 376 (us) 8.03
Loop 377 (us) 7.455
Loop 378 (us) 7.157
Loop 379 (us) 7.466
Loop 380 (us) 7.545
Loop 381 (us) 7.406
Loop 382 (us) 7.305
Loop 383 (us) 7.557
Loop 384 (us) 7.382
Loop 385 (us) 7.347
Loop 386 (us) 6.93
Loop 387 (us) 7.318
Loop 388 (us) 7.533
Loop 389 (us) 7.478
Loop 390 (us) 7.156
Loop 391 (us) 7.292
Loop 392 (us) 7.348
Loop 393 (us) 7.333
Loop 394 (us) 7.073
Loop 395 (us) 7.252
Loop 396 (us) 7.302
Loop 397 (us) 7.509
Loop 398 (us) 7.475
Loop 399 (us) 7.774
Loop 400 (us) 7.602
Loop 401 (us) 7.887
Loop 402 (us) 7.282
Loop 403 (us) 7.261
Loop 404 (us) 7.506
Loop 405 (us) 7.398
Loop 406 (us) 7.319
Loop 407 (us) 8.685
Loop 408 (us) 8.823
Loop 409 (us) 7.677
Loop 410 (us) 7.332
Loop 411 (us) 8.306
Loop 412 (us) 7.273
Loop 413 (us) 7.533
Loop 414 (us) 7.688
Loop 415 (us) 7.781
Loop 416 (us) 8.558
Loop 417 (us) 7.404
Loop 418 (us) 8.153
Loop 419 (us) 7.671
Loop 420 (us) 7.274
Loop 421 (us) 7.368
Loop 422 (us) 8.346
Loop 423 (us) 7.661
Loop 424 (us) 8.821
Loop 425 (us) 7.72
Loop 426 (us) 7.082
Loop 427 (us) 7.179
Loop 428 (us) 7.195
Loop 429 (us) 7.498
Loop 430 (us) 7.357
Loop 431 (us) 7.057
Loop 432 (us) 6.993
Loop 433 (us) 7.19
Loop 434 (us) 7.48
Loop 435 (us) 7.437
Loop 436 (us) 7.384
Loop 437 (us) 7.478
Loop 438 (us) 7.552
Loop 439 (us) 8.49
Loop 440 (us) 17.768
Loop 441 (us) 7.773
Loop 442 (us) 7.474
Loop 443 (us) 7.883
Loop 444 (us) 7.169
Loop 445 (us) 7.856
Loop 446 (us) 8.019
Loop 447 (us) 7.729
Loop 448 (us) 7.558
Loop 449 (us) 7.752
Loop 450 (us) 7.315
Loop 451 (us) 7.392
Loop 452 (us) 7.134
Loop 453 (us) 7.281
Loop 454 (us) 8.293
Loop 455 (us) 7.523
Loop 456 (us) 7.496
Loop 457 (us) 7.297
Loop 458 (us) 7.213
Loop 459 (us) 7.282
Loop 460 (us) 7.518
Loop 461 (us) 7.255
Loop 462 (us) 7.293
Loop 463 (us) 7.13
Loop 464 (us) 7.072
Loop 465 (us) 7.302
Loop 466 (us) 7.19
Loop 467 (us) 17.393
Loop 468 (us) 7.25
Loop 469 (us) 7.618
Loop 470 (us) 7.286
Loop 471 (us) 7.233
Loop 472 (us) 7.191
Loop 473 (us) 7.489
Loop 474 (us) 7.609
Loop 475 (us) 7.404
Loop 476 (us) 7.358
Loop 477 (us) 7.582
Loop 478 (us) 7.415
Loop 479 (us) 8.377
Loop 480 (us) 13.792
Loop 481 (us) 7.685
Loop 482 (us) 8.54
Loop 483 (us) 8.598
Loop 484 (us) 7.566
Loop 485 (us) 7.523
Loop 486 (us) 7.319
Loop 487 (us) 7.527
Loop 488 (us) 9.079
Loop 489 (us) 7.351
Loop 490 (us) 7.354
Loop 491 (us) 7.384
Loop 492 (us) 7.474
Loop 493 (us) 7.783
Loop 494 (us) 7.694
Loop 495 (us) 7.186
Loop 496 (us) 7.057
Loop 497 (us) 7.255
Loop 498 (us) 7.228
Loop 499 (us) 7.046
Loop 500 (us) 7.167
Loop 501 (us) 7.544
Loop 502 (us) 7.832
Loop 503 (us) 7.273
Loop 504 (us) 7.19
Loop 505 (us) 7.064
Loop 506 (us) 7.259
Loop 507 (us) 7.325
Loop 508 (us) 7.544
Loop 509 (us) 7.29
Loop 510 (us) 7.46
Loop 511 (us) 7.067
Loop 512 (us) 7.442
Loop 513 (us) 7.408
Loop 514 (us) 8.317
Loop 515 (us) 7.233
Loop 516 (us) 7.576
Loop 517 (us) 42.459
Loop 518 (us) 32.348
Loop 519 (us) 8.62
Loop 520 (us) 7.934
Loop 521 (us) 7.705
Loop 522 (us) 8.577
Loop 523 (us) 7.578
Loop 524 (us) 8.148
Loop 525 (us) 7.134
Loop 526 (us) 7.144
Loop 527 (us) 7.124
Loop 528 (us) 7.194
Loop 529 (us) 7.41
Loop 530 (us) 7.17
Loop 531 (us) 7.11
Loop 532 (us) 7.061
Loop 533 (us) 7.206
Loop 534 (us) 8.056
Loop 535 (us) 12.726
Loop 536 (us) 7.839
Loop 537 (us) 7.331
Loop 538 (us) 7.231
Loop 539 (us) 7.293
Loop 540 (us) 7.201
Loop 541 (us) 6.967
Loop 542 (us) 7.382
Loop 543 (us) 7.411
Loop 544 (us) 7.426
Loop 545 (us) 26.914
Loop 546 (us) 20.358
Loop 547 (us) 8.275
Loop 548 (us) 7.466
Loop 549 (us) 7.488
Loop 550 (us) 7.221
Loop 551 (us) 7.012
Loop 552 (us) 7.27
Loop 553 (us) 7.179
Loop 554 (us) 6.952
Loop 555 (us) 7.381
Loop 556 (us) 7.424
Loop 557 (us) 7.05
Loop 558 (us) 7.134
Loop 559 (us) 7.599
Loop 560 (us) 7.223
Loop 561 (us) 7.135
Loop 562 (us) 7.017
Loop 563 (us) 6.929
Loop 564 (us) 7.172
Loop 565 (us) 7.364
Loop 566 (us) 7.007
Loop 567 (us) 6.981
Loop 568 (us) 7.524
Loop 569 (us) 7.495
Loop 570 (us) 7.025
Loop 571 (us) 7.045
Loop 572 (us) 7.223
Loop 573 (us) 7.264
Loop 574 (us) 6.976
Loop 575 (us) 7.139
Loop 576 (us) 7.419
Loop 577 (us) 7.192
Loop 578 (us) 7.319
Loop 579 (us) 7.549
Loop 580 (us) 7.43
Loop 581 (us) 7.554
Loop 582 (us) 7.351
Loop 583 (us) 7.368
Loop 584 (us) 7.446
Loop 585 (us) 7.184
Loop 586 (us) 7.415
Loop 587 (us) 7.167
Loop 588 (us) 8.025
Loop 589 (us) 7.542
Loop 590 (us) 7.411
Loop 591 (us) 7.273
Loop 592 (us) 7.266
Loop 593 (us) 7.31
Loop 594 (us) 14.011
Loop 595 (us) 8.103
Loop 596 (us) 7.794
Loop 597 (us) 7.667
Loop 598 (us) 7.412
Loop 599 (us) 7.364
Loop 600 (us) 7.059
Loop 601 (us) 7.295
Loop 602 (us) 7.29
Loop 603 (us) 7.466
Loop 604 (us) 7.255
Loop 605 (us) 7.16
Loop 606 (us) 7.198
Loop 607 (us) 7.6
Loop 608 (us) 7.475
Loop 609 (us) 7.322
Loop 610 (us) 7.168
Loop 611 (us) 7.25
Loop 612 (us) 7.377
Loop 613 (us) 8.23
Loop 614 (us) 7.839
Loop 615 (us) 7.229
Loop 616 (us) 7.438
Loop 617 (us) 7.37
Loop 618 (us) 7.041
Loop 619 (us) 7.076
Loop 620 (us) 7.049
Loop 621 (us) 7.511
Loop 622 (us) 7.511
Loop 623 (us) 7.29
Loop 624 (us) 8.039
Loop 625 (us) 7.072
Loop 626 (us) 7.132
Loop 627 (us) 7.303
Loop 628 (us) 7.295
Loop 629 (us) 7.071
Loop 630 (us) 7.235
Loop 631 (us) 7.266
Loop 632 (us) 7.048
Loop 633 (us) 7.172
Loop 634 (us) 6.977
Loop 635 (us) 7.019
Loop 636 (us) 7.012
Loop 637 (us) 7.454
Loop 638 (us) 7.143
Loop 639 (us) 7.129
Loop 640 (us) 7.067
Loop 641 (us) 7.21
Loop 642 (us) 7.435
Loop 643 (us) 7.054
Loop 644 (us) 7.321
Loop 645 (us) 7.299
Loop 646 (us) 7.083
Loop 647 (us) 6.993
Loop 648 (us) 7.704
Loop 649 (us) 7.141
Loop 650 (us) 7.458
Loop 651 (us) 7.304
Loop 652 (us) 6.949
Loop 653 (us) 7.163
Loop 654 (us) 7.863
Loop 655 (us) 8.671
Loop 656 (us) 7.478
Loop 657 (us) 8.264
Loop 658 (us) 7.518
Loop 659 (us) 7.626
Loop 660 (us) 7.608
Loop 661 (us) 7.74
Loop 662 (us) 6.949
Loop 663 (us) 7.047
Loop 664 (us) 6.974
Loop 665 (us) 7.066
Loop 666 (us) 7.346
Loop 667 (us) 7.228
Loop 668 (us) 6.943
Loop 669 (us) 7.499
Loop 670 (us) 7.382
Loop 671 (us) 7.049
Loop 672 (us) 7.012
Loop 673 (us) 7.132
Loop 674 (us) 7.043
Loop 675 (us) 7.382
Loop 676 (us) 7.175
Loop 677 (us) 6.887
Loop 678 (us) 7.045
Loop 679 (us) 7.196
Loop 680 (us) 7.23
Loop 681 (us) 7.152
Loop 682 (us) 7.219
Loop 683 (us) 7.419
Loop 684 (us) 55.506
Loop 685 (us) 34.145
Loop 686 (us) 7.998
Loop 687 (us) 7.573
Loop 688 (us) 7.177
Loop 689 (us) 7.51
Loop 690 (us) 6.867
Loop 691 (us) 7.13
Loop 692 (us) 7.123
Loop 693 (us) 7.485
Loop 694 (us) 7.313
Loop 695 (us) 7.228
Loop 696 (us) 7.389
Loop 697 (us) 7.161
Loop 698 (us) 7.106
Loop 699 (us) 7.412
Loop 700 (us) 7.108
Loop 701 (us) 7.175
Loop 702 (us) 6.949
Loop 703 (us) 7.253
Loop 704 (us) 7.206
Loop 705 (us) 7.105
Loop 706 (us) 7.026
Loop 707 (us) 6.887
Loop 708 (us) 7.088
Loop 709 (us) 7.177
Loop 710 (us) 7.068
Loop 711 (us) 7.186
Loop 712 (us) 7.125
Loop 713 (us) 7.442
Loop 714 (us) 11.048
Loop 715 (us) 7.669
Loop 716 (us) 7.188
Loop 717 (us) 7.266
Loop 718 (us) 7.234
Loop 719 (us) 7.219
Loop 720 (us) 7.317
Loop 721 (us) 7.225
Loop 722 (us) 7.271
Loop 723 (us) 7.054
Loop 724 (us) 7.139
Loop 725 (us) 6.887
Loop 726 (us) 7.148
Loop 727 (us) 7.958
Loop 728 (us) 7.319
Loop 729 (us) 7.337
Loop 730 (us) 7.04
Loop 731 (us) 7.09
Loop 732 (us) 7.351
Loop 733 (us) 7.635
Loop 734 (us) 7.32
Loop 735 (us) 7.275
Loop 736 (us) 7.39
Loop 737 (us) 7.293
Loop 738 (us) 6.99
Loop 739 (us) 6.892
Loop 740 (us) 7.257
Loop 741 (us) 7.01
Loop 742 (us) 7.088
Loop 743 (us) 6.905
Loop 744 (us) 7.291
Loop 745 (us) 7.33
Loop 746 (us) 7.107
Loop 747 (us) 7.27
Loop 748 (us) 7.176
Loop 749 (us) 24.789
Loop 750 (us) 8.039
Loop 751 (us) 7.373
Loop 752 (us) 7.167
Loop 753 (us) 7.259
Loop 754 (us) 7.01
Loop 755 (us) 7.249
Loop 756 (us) 7.161
Loop 757 (us) 6.958
Loop 758 (us) 6.947
Loop 759 (us) 6.793
Loop 760 (us) 7.008
Loop 761 (us) 7.046
Loop 762 (us) 7.12
Loop 763 (us) 6.865
Loop 764 (us) 6.99
Loop 765 (us) 6.907
Loop 766 (us) 6.998
Loop 767 (us) 6.967
Loop 768 (us) 7.362
Loop 769 (us) 7.366
Loop 770 (us) 6.84
Loop 771 (us) 6.675
Loop 772 (us) 6.859
Loop 773 (us) 6.978
Loop 774 (us) 7.489
Loop 775 (us) 6.94
Loop 776 (us) 7.12
Loop 777 (us) 7.049
Loop 778 (us) 7.037
Loop 779 (us) 6.854
Loop 780 (us) 7.074
Loop 781 (us) 7.208
Loop 782 (us) 7.259
Loop 783 (us) 6.827
Loop 784 (us) 6.886
Loop 785 (us) 7.226
Loop 786 (us) 6.931
Loop 787 (us) 6.943
Loop 788 (us) 7.059
Loop 789 (us) 6.922
Loop 790 (us) 7.518
Loop 791 (us) 6.877
Loop 792 (us) 6.841
Loop 793 (us) 6.894
Loop 794 (us) 7.337
Loop 795 (us) 7.459
Loop 796 (us) 18.579
Loop 797 (us) 7.264
Loop 798 (us) 6.892
Loop 799 (us) 7.63
Loop 800 (us) 6.94
Loop 801 (us) 7.466
Loop 802 (us) 7.669
Loop 803 (us) 7.293
Loop 804 (us) 7.439
Loop 805 (us) 7.372
Loop 806 (us) 7.521
Loop 807 (us) 8.71
Loop 808 (us) 7.181
Loop 809 (us) 7.243
Loop 810 (us) 7.105
Loop 811 (us) 7.13
Loop 812 (us) 7.446
Loop 813 (us) 7.217
Loop 814 (us) 7.641
Loop 815 (us) 7.585
Loop 816 (us) 7.424
Loop 817 (us) 6.877
Loop 818 (us) 6.934
Loop 819 (us) 7.526
Loop 820 (us) 7.326
Loop 821 (us) 7.163
Loop 822 (us) 6.792
Loop 823 (us) 6.879
Loop 824 (us) 6.958
Loop 825 (us) 6.985
Loop 826 (us) 7.712
Loop 827 (us) 7.236
Loop 828 (us) 7.06
Loop 829 (us) 7.031
Loop 830 (us) 6.932
Loop 831 (us) 6.865
Loop 832 (us) 7.382
Loop 833 (us) 7.311
Loop 834 (us) 7.139
Loop 835 (us) 7.153
Loop 836 (us) 7.137
Loop 837 (us) 6.899
Loop 838 (us) 7.056
Loop 839 (us) 6.835
Loop 840 (us) 7.377
Loop 841 (us) 7.415
Loop 842 (us) 14.368
Loop 843 (us) 7.513
Loop 844 (us) 7.108
Loop 845 (us) 7.259
Loop 846 (us) 7.197
Loop 847 (us) 7.175
Loop 848 (us) 7.134
Loop 849 (us) 7.053
Loop 850 (us) 6.901
Loop 851 (us) 7.036
Loop 852 (us) 6.997
Loop 853 (us) 7.243
Loop 854 (us) 7.041
Loop 855 (us) 7.047
Loop 856 (us) 6.847
Loop 857 (us) 6.901
Loop 858 (us) 7.009
Loop 859 (us) 6.932
Loop 860 (us) 6.767
Loop 861 (us) 7.457
Loop 862 (us) 7.302
Loop 863 (us) 6.941
Loop 864 (us) 6.874
Loop 865 (us) 7.363
Loop 866 (us) 6.95
Loop 867 (us) 7.104
Loop 868 (us) 7.36
Loop 869 (us) 7.014
Loop 870 (us) 6.834
Loop 871 (us) 6.841
Loop 872 (us) 7.154
Loop 873 (us) 6.965
Loop 874 (us) 7.061
Loop 875 (us) 6.965
Loop 876 (us) 6.993
Loop 877 (us) 6.889
Loop 878 (us) 7.151
Loop 879 (us) 7.148
Loop 880 (us) 7.131
Loop 881 (us) 7.62
Loop 882 (us) 7.34
Loop 883 (us) 7.325
Loop 884 (us) 7.21
Loop 885 (us) 7.526
Loop 886 (us) 7.637
Loop 887 (us) 7.393
Loop 888 (us) 7.217
Loop 889 (us) 7.026
Loop 890 (us) 7.08
Loop 891 (us) 7.169
Loop 892 (us) 7.181
Loop 893 (us) 6.788
Loop 894 (us) 7.158
Loop 895 (us) 7.337
Loop 896 (us) 7.002
Loop 897 (us) 7.35
Loop 898 (us) 7.351
Loop 899 (us) 7.025
Loop 900 (us) 7.166
Loop 901 (us) 7.215
Loop 902 (us) 7.551
Loop 903 (us) 7.364
Loop 904 (us) 7.451
Loop 905 (us) 6.844
Loop 906 (us) 7.145
Loop 907 (us) 7.301
Loop 908 (us) 7.017
Loop 909 (us) 7.024
Loop 910 (us) 16.344
Loop 911 (us) 23.895
Loop 912 (us) 8.591
Loop 913 (us) 7.308
Loop 914 (us) 7.254
Loop 915 (us) 7.275
Loop 916 (us) 6.856
Loop 917 (us) 7.028
Loop 918 (us) 7.024
Loop 919 (us) 7.304
Loop 920 (us) 6.983
Loop 921 (us) 7.192
Loop 922 (us) 6.983
Loop 923 (us) 6.95
Loop 924 (us) 7.232
Loop 925 (us) 7.1
Loop 926 (us) 6.794
Loop 927 (us) 7.26
Loop 928 (us) 7.019
Loop 929 (us) 7.306
Loop 930 (us) 6.823
Loop 931 (us) 7.051
Loop 932 (us) 7.508
Loop 933 (us) 7.003
Loop 934 (us) 8.64
Loop 935 (us) 7.261
Loop 936 (us) 7.111
Loop 937 (us) 7.587
Loop 938 (us) 7.245
Loop 939 (us) 6.879
Loop 940 (us) 6.783
Loop 941 (us) 7.172
Loop 942 (us) 7.192
Loop 943 (us) 6.83
Loop 944 (us) 7.085
Loop 945 (us) 7.239
Loop 946 (us) 7.202
Loop 947 (us) 7.315
Loop 948 (us) 7.351
Loop 949 (us) 6.881
Loop 950 (us) 6.959
Loop 951 (us) 6.904
Loop 952 (us) 7.346
Loop 953 (us) 7.273
Loop 954 (us) 7.233
Loop 955 (us) 6.986
Loop 956 (us) 6.716
Loop 957 (us) 6.898
Loop 958 (us) 6.836
Loop 959 (us) 6.707
Loop 960 (us) 7.0
Loop 961 (us) 7.35
Loop 962 (us) 7.055
Loop 963 (us) 7.143
Loop 964 (us) 7.092
Loop 965 (us) 7.394
Loop 966 (us) 7.294
Loop 967 (us) 7.197
Loop 968 (us) 7.158
Loop 969 (us) 6.896
Loop 970 (us) 12.228
Loop 971 (us) 7.334
Loop 972 (us) 6.976
Loop 973 (us) 7.031
Loop 974 (us) 7.355
Loop 975 (us) 7.163
Loop 976 (us) 7.195
Loop 977 (us) 7.382
Loop 978 (us) 7.158
Loop 979 (us) 7.189
Loop 980 (us) 6.879
Loop 981 (us) 7.662
Loop 982 (us) 7.328
Loop 983 (us) 6.642
Loop 984 (us) 7.056
Loop 985 (us) 7.035
Loop 986 (us) 6.762
Loop 987 (us) 6.943
Loop 988 (us) 7.339
Loop 989 (us) 6.896
Loop 990 (us) 6.686
Loop 991 (us) 6.945
Loop 992 (us) 6.903
Loop 993 (us) 6.927
Loop 994 (us) 6.894
Loop 995 (us) 6.941
Loop 996 (us) 6.885
Loop 997 (us) 7.328
Loop 998 (us) 7.253
Loop 999 (us) 6.996
Warmup times 0
avgLoopLatency(us) 8.084283000000001
iops 123696.80774411286
variance 3.897664991108269
file capacity 1024
