writeECPipeline, filename /tmp1024eccache3.dat, size 1024, encodingSplitSize 256, loop 1000, storageClass 0, locationClass 0, pureMonECSubStripeNum 1, isPureMonEC false
starting benchmark...
CrailConstants.REPLICATION_FACTOR has changed to 5
replicas primary file /tmp1024eccache3.dat capacity 0
replicas slave file /tmp1024eccache3.datLQL0 capacity 0
replicas slave file /tmp1024eccache3.datLQL1 capacity 0
replicas slave file /tmp1024eccache3.datLQL2 capacity 0
replicas slave file /tmp1024eccache3.datLQL3 capacity 0
replicas slave file /tmp1024eccache3.datLQL4 capacity 0
ops 1000
final loop (us) 20.776
Loop 0 (us) 58.257
Loop 1 (us) 46.806
Loop 2 (us) 55.225
Loop 3 (us) 42.601
Loop 4 (us) 42.48
Loop 5 (us) 44.816
Loop 6 (us) 40.152
Loop 7 (us) 39.484
Loop 8 (us) 38.378
Loop 9 (us) 43.286
Loop 10 (us) 57.784
Loop 11 (us) 43.019
Loop 12 (us) 39.791
Loop 13 (us) 54.186
Loop 14 (us) 65.562
Loop 15 (us) 36.068
Loop 16 (us) 35.218
Loop 17 (us) 39.056
Loop 18 (us) 34.776
Loop 19 (us) 34.231
Loop 20 (us) 37.438
Loop 21 (us) 34.841
Loop 22 (us) 36.303
Loop 23 (us) 37.487
Loop 24 (us) 43.722
Loop 25 (us) 38.273
Loop 26 (us) 40.069
Loop 27 (us) 40.433
Loop 28 (us) 39.612
Loop 29 (us) 38.218
Loop 30 (us) 35.061
Loop 31 (us) 35.1
Loop 32 (us) 34.531
Loop 33 (us) 40.044
Loop 34 (us) 35.806
Loop 35 (us) 33.715
Loop 36 (us) 34.14
Loop 37 (us) 33.595
Loop 38 (us) 32.664
Loop 39 (us) 32.619
Loop 40 (us) 32.773
Loop 41 (us) 33.686
Loop 42 (us) 34.061
Loop 43 (us) 32.953
Loop 44 (us) 33.267
Loop 45 (us) 33.44
Loop 46 (us) 39.122
Loop 47 (us) 33.921
Loop 48 (us) 33.076
Loop 49 (us) 33.25
Loop 50 (us) 32.323
Loop 51 (us) 33.11
Loop 52 (us) 32.775
Loop 53 (us) 32.347
Loop 54 (us) 34.413
Loop 55 (us) 33.043
Loop 56 (us) 32.463
Loop 57 (us) 35.592
Loop 58 (us) 32.274
Loop 59 (us) 32.224
Loop 60 (us) 32.108
Loop 61 (us) 45.034
Loop 62 (us) 35.977
Loop 63 (us) 33.276
Loop 64 (us) 38.53
Loop 65 (us) 41.535
Loop 66 (us) 80.413
Loop 67 (us) 42.455
Loop 68 (us) 34.805
Loop 69 (us) 64.231
Loop 70 (us) 81.778
Loop 71 (us) 41.334
Loop 72 (us) 51.757
Loop 73 (us) 41.384
Loop 74 (us) 33.582
Loop 75 (us) 35.193
Loop 76 (us) 52.201
Loop 77 (us) 32.871
Loop 78 (us) 37.121
Loop 79 (us) 33.125
Loop 80 (us) 32.975
Loop 81 (us) 34.213
Loop 82 (us) 31.849
Loop 83 (us) 32.561
Loop 84 (us) 33.032
Loop 85 (us) 32.547
Loop 86 (us) 49.576
Loop 87 (us) 44.46
Loop 88 (us) 49.973
Loop 89 (us) 34.624
Loop 90 (us) 33.63
Loop 91 (us) 32.866
Loop 92 (us) 36.126
Loop 93 (us) 31.841
Loop 94 (us) 32.596
Loop 95 (us) 32.779
Loop 96 (us) 763.052
Loop 97 (us) 33.245
Loop 98 (us) 32.357
Loop 99 (us) 31.65
Loop 100 (us) 32.831
Loop 101 (us) 30.469
Loop 102 (us) 30.287
Loop 103 (us) 31.659
Loop 104 (us) 31.339
Loop 105 (us) 31.579
Loop 106 (us) 31.687
Loop 107 (us) 30.338
Loop 108 (us) 30.35
Loop 109 (us) 30.178
Loop 110 (us) 32.393
Loop 111 (us) 30.675
Loop 112 (us) 30.469
Loop 113 (us) 30.905
Loop 114 (us) 30.273
Loop 115 (us) 30.025
Loop 116 (us) 52.779
Loop 117 (us) 33.224
Loop 118 (us) 30.608
Loop 119 (us) 30.417
Loop 120 (us) 29.693
Loop 121 (us) 37.857
Loop 122 (us) 31.138
Loop 123 (us) 30.54
Loop 124 (us) 30.351
Loop 125 (us) 29.912
Loop 126 (us) 29.969
Loop 127 (us) 32.423
Loop 128 (us) 30.429
Loop 129 (us) 30.644
Loop 130 (us) 30.192
Loop 131 (us) 29.804
Loop 132 (us) 29.881
Loop 133 (us) 36.139
Loop 134 (us) 30.543
Loop 135 (us) 29.826
Loop 136 (us) 30.801
Loop 137 (us) 30.373
Loop 138 (us) 30.033
Loop 139 (us) 29.935
Loop 140 (us) 30.103
Loop 141 (us) 29.879
Loop 142 (us) 29.695
Loop 143 (us) 29.762
Loop 144 (us) 30.42
Loop 145 (us) 37.065
Loop 146 (us) 30.635
Loop 147 (us) 29.512
Loop 148 (us) 29.584
Loop 149 (us) 29.879
Loop 150 (us) 29.939
Loop 151 (us) 32.005
Loop 152 (us) 30.552
Loop 153 (us) 30.254
Loop 154 (us) 30.215
Loop 155 (us) 30.054
Loop 156 (us) 30.004
Loop 157 (us) 35.06
Loop 158 (us) 30.522
Loop 159 (us) 29.68
Loop 160 (us) 49.617
Loop 161 (us) 35.694
Loop 162 (us) 32.002
Loop 163 (us) 29.765
Loop 164 (us) 31.784
Loop 165 (us) 30.344
Loop 166 (us) 29.928
Loop 167 (us) 29.403
Loop 168 (us) 29.479
Loop 169 (us) 30.925
Loop 170 (us) 31.103
Loop 171 (us) 30.308
Loop 172 (us) 29.753
Loop 173 (us) 29.48
Loop 174 (us) 29.755
Loop 175 (us) 29.598
Loop 176 (us) 29.706
Loop 177 (us) 30.118
Loop 178 (us) 29.748
Loop 179 (us) 29.634
Loop 180 (us) 29.702
Loop 181 (us) 30.542
Loop 182 (us) 31.109
Loop 183 (us) 30.142
Loop 184 (us) 29.786
Loop 185 (us) 29.997
Loop 186 (us) 29.717
Loop 187 (us) 29.272
Loop 188 (us) 29.826
Loop 189 (us) 29.216
Loop 190 (us) 30.268
Loop 191 (us) 29.507
Loop 192 (us) 29.954
Loop 193 (us) 37.789
Loop 194 (us) 30.489
Loop 195 (us) 29.534
Loop 196 (us) 29.837
Loop 197 (us) 29.243
Loop 198 (us) 29.815
Loop 199 (us) 29.25
Loop 200 (us) 32.41
Loop 201 (us) 30.418
Loop 202 (us) 30.068
Loop 203 (us) 31.032
Loop 204 (us) 48.654
Loop 205 (us) 30.063
Loop 206 (us) 29.452
Loop 207 (us) 28.552
Loop 208 (us) 29.532
Loop 209 (us) 29.584
Loop 210 (us) 29.302
Loop 211 (us) 28.566
Loop 212 (us) 29.627
Loop 213 (us) 29.126
Loop 214 (us) 28.546
Loop 215 (us) 28.572
Loop 216 (us) 43.259
Loop 217 (us) 31.003
Loop 218 (us) 44.474
Loop 219 (us) 30.032
Loop 220 (us) 28.992
Loop 221 (us) 28.623
Loop 222 (us) 28.194
Loop 223 (us) 28.058
Loop 224 (us) 712.322
Loop 225 (us) 33.196
Loop 226 (us) 29.113
Loop 227 (us) 28.628
Loop 228 (us) 29.086
Loop 229 (us) 28.638
Loop 230 (us) 31.658
Loop 231 (us) 27.998
Loop 232 (us) 28.11
Loop 233 (us) 29.891
Loop 234 (us) 28.299
Loop 235 (us) 28.468
Loop 236 (us) 29.789
Loop 237 (us) 29.195
Loop 238 (us) 29.514
Loop 239 (us) 28.262
Loop 240 (us) 29.585
Loop 241 (us) 29.436
Loop 242 (us) 28.792
Loop 243 (us) 28.028
Loop 244 (us) 28.443
Loop 245 (us) 29.325
Loop 246 (us) 53.767
Loop 247 (us) 29.744
Loop 248 (us) 27.611
Loop 249 (us) 27.699
Loop 250 (us) 27.479
Loop 251 (us) 27.15
Loop 252 (us) 27.923
Loop 253 (us) 26.816
Loop 254 (us) 27.439
Loop 255 (us) 31.445
Loop 256 (us) 27.889
Loop 257 (us) 30.826
Loop 258 (us) 28.714
Loop 259 (us) 27.996
Loop 260 (us) 39.115
Loop 261 (us) 28.033
Loop 262 (us) 41.823
Loop 263 (us) 28.852
Loop 264 (us) 27.323
Loop 265 (us) 44.487
Loop 266 (us) 30.259
Loop 267 (us) 27.3
Loop 268 (us) 48.692
Loop 269 (us) 29.922
Loop 270 (us) 37.688
Loop 271 (us) 37.799
Loop 272 (us) 29.015
Loop 273 (us) 27.634
Loop 274 (us) 42.04
Loop 275 (us) 29.891
Loop 276 (us) 79.636
Loop 277 (us) 62.841
Loop 278 (us) 28.676
Loop 279 (us) 30.68
Loop 280 (us) 29.31
Loop 281 (us) 28.413
Loop 282 (us) 27.262
Loop 283 (us) 26.573
Loop 284 (us) 26.479
Loop 285 (us) 26.186
Loop 286 (us) 26.596
Loop 287 (us) 26.128
Loop 288 (us) 26.397
Loop 289 (us) 26.955
Loop 290 (us) 26.76
Loop 291 (us) 26.962
Loop 292 (us) 27.864
Loop 293 (us) 26.959
Loop 294 (us) 51.245
Loop 295 (us) 30.166
Loop 296 (us) 26.693
Loop 297 (us) 26.975
Loop 298 (us) 27.245
Loop 299 (us) 26.558
Loop 300 (us) 26.981
Loop 301 (us) 26.793
Loop 302 (us) 26.186
Loop 303 (us) 26.316
Loop 304 (us) 27.795
Loop 305 (us) 26.921
Loop 306 (us) 26.69
Loop 307 (us) 26.452
Loop 308 (us) 26.391
Loop 309 (us) 26.465
Loop 310 (us) 26.706
Loop 311 (us) 26.054
Loop 312 (us) 25.896
Loop 313 (us) 26.901
Loop 314 (us) 26.368
Loop 315 (us) 44.964
Loop 316 (us) 26.015
Loop 317 (us) 27.229
Loop 318 (us) 26.263
Loop 319 (us) 25.388
Loop 320 (us) 26.652
Loop 321 (us) 26.363
Loop 322 (us) 25.719
Loop 323 (us) 25.458
Loop 324 (us) 25.953
Loop 325 (us) 25.714
Loop 326 (us) 26.113
Loop 327 (us) 25.769
Loop 328 (us) 25.718
Loop 329 (us) 34.637
Loop 330 (us) 26.068
Loop 331 (us) 26.174
Loop 332 (us) 25.975
Loop 333 (us) 25.655
Loop 334 (us) 26.508
Loop 335 (us) 25.845
Loop 336 (us) 26.322
Loop 337 (us) 26.511
Loop 338 (us) 25.774
Loop 339 (us) 25.784
Loop 340 (us) 25.635
Loop 341 (us) 25.714
Loop 342 (us) 26.888
Loop 343 (us) 26.197
Loop 344 (us) 26.676
Loop 345 (us) 26.334
Loop 346 (us) 25.902
Loop 347 (us) 25.496
Loop 348 (us) 25.835
Loop 349 (us) 25.561
Loop 350 (us) 25.406
Loop 351 (us) 25.399
Loop 352 (us) 29.487
Loop 353 (us) 26.837
Loop 354 (us) 26.141
Loop 355 (us) 25.919
Loop 356 (us) 25.563
Loop 357 (us) 25.511
Loop 358 (us) 25.727
Loop 359 (us) 32.811
Loop 360 (us) 26.469
Loop 361 (us) 26.417
Loop 362 (us) 26.147
Loop 363 (us) 25.359
Loop 364 (us) 25.548
Loop 365 (us) 25.432
Loop 366 (us) 25.995
Loop 367 (us) 26.07
Loop 368 (us) 25.771
Loop 369 (us) 26.558
Loop 370 (us) 25.611
Loop 371 (us) 25.674
Loop 372 (us) 31.965
Loop 373 (us) 26.234
Loop 374 (us) 25.518
Loop 375 (us) 25.809
Loop 376 (us) 25.649
Loop 377 (us) 26.327
Loop 378 (us) 46.343
Loop 379 (us) 26.771
Loop 380 (us) 25.175
Loop 381 (us) 24.78
Loop 382 (us) 24.824
Loop 383 (us) 25.675
Loop 384 (us) 24.808
Loop 385 (us) 26.392
Loop 386 (us) 25.191
Loop 387 (us) 24.526
Loop 388 (us) 24.493
Loop 389 (us) 24.835
Loop 390 (us) 24.841
Loop 391 (us) 49.145
Loop 392 (us) 27.883
Loop 393 (us) 25.563
Loop 394 (us) 26.453
Loop 395 (us) 25.595
Loop 396 (us) 24.482
Loop 397 (us) 24.855
Loop 398 (us) 25.488
Loop 399 (us) 24.59
Loop 400 (us) 24.765
Loop 401 (us) 24.963
Loop 402 (us) 24.159
Loop 403 (us) 24.436
Loop 404 (us) 24.344
Loop 405 (us) 24.377
Loop 406 (us) 24.167
Loop 407 (us) 27.488
Loop 408 (us) 27.096
Loop 409 (us) 42.594
Loop 410 (us) 36.354
Loop 411 (us) 30.976
Loop 412 (us) 24.238
Loop 413 (us) 23.903
Loop 414 (us) 23.845
Loop 415 (us) 23.531
Loop 416 (us) 23.515
Loop 417 (us) 24.263
Loop 418 (us) 23.899
Loop 419 (us) 23.823
Loop 420 (us) 27.322
Loop 421 (us) 25.356
Loop 422 (us) 116.974
Loop 423 (us) 29.301
Loop 424 (us) 25.075
Loop 425 (us) 25.363
Loop 426 (us) 23.859
Loop 427 (us) 23.889
Loop 428 (us) 24.335
Loop 429 (us) 28.638
Loop 430 (us) 24.684
Loop 431 (us) 23.968
Loop 432 (us) 24.976
Loop 433 (us) 31.233
Loop 434 (us) 25.771
Loop 435 (us) 24.063
Loop 436 (us) 24.448
Loop 437 (us) 42.371
Loop 438 (us) 23.757
Loop 439 (us) 23.71
Loop 440 (us) 23.425
Loop 441 (us) 26.431
Loop 442 (us) 23.711
Loop 443 (us) 23.704
Loop 444 (us) 24.85
Loop 445 (us) 37.6
Loop 446 (us) 27.681
Loop 447 (us) 24.993
Loop 448 (us) 23.93
Loop 449 (us) 26.974
Loop 450 (us) 23.537
Loop 451 (us) 24.26
Loop 452 (us) 23.635
Loop 453 (us) 23.406
Loop 454 (us) 23.236
Loop 455 (us) 23.342
Loop 456 (us) 23.05
Loop 457 (us) 29.002
Loop 458 (us) 35.743
Loop 459 (us) 24.583
Loop 460 (us) 24.295
Loop 461 (us) 23.944
Loop 462 (us) 23.446
Loop 463 (us) 23.474
Loop 464 (us) 24.098
Loop 465 (us) 26.711
Loop 466 (us) 23.416
Loop 467 (us) 23.718
Loop 468 (us) 23.081
Loop 469 (us) 23.382
Loop 470 (us) 23.24
Loop 471 (us) 24.8
Loop 472 (us) 23.171
Loop 473 (us) 26.356
Loop 474 (us) 23.726
Loop 475 (us) 23.012
Loop 476 (us) 23.692
Loop 477 (us) 23.395
Loop 478 (us) 23.274
Loop 479 (us) 23.414
Loop 480 (us) 27.3
Loop 481 (us) 26.611
Loop 482 (us) 23.621
Loop 483 (us) 23.618
Loop 484 (us) 23.411
Loop 485 (us) 23.183
Loop 486 (us) 23.378
Loop 487 (us) 23.247
Loop 488 (us) 22.944
Loop 489 (us) 26.935
Loop 490 (us) 23.816
Loop 491 (us) 23.542
Loop 492 (us) 23.406
Loop 493 (us) 24.477
Loop 494 (us) 23.297
Loop 495 (us) 23.238
Loop 496 (us) 23.156
Loop 497 (us) 26.02
Loop 498 (us) 23.712
Loop 499 (us) 23.511
Loop 500 (us) 23.298
Loop 501 (us) 24.825
Loop 502 (us) 23.288
Loop 503 (us) 23.387
Loop 504 (us) 23.168
Loop 505 (us) 26.073
Loop 506 (us) 23.511
Loop 507 (us) 23.672
Loop 508 (us) 23.454
Loop 509 (us) 23.336
Loop 510 (us) 23.186
Loop 511 (us) 23.394
Loop 512 (us) 23.358
Loop 513 (us) 27.121
Loop 514 (us) 60.971
Loop 515 (us) 57.39
Loop 516 (us) 26.728
Loop 517 (us) 23.624
Loop 518 (us) 23.276
Loop 519 (us) 23.187
Loop 520 (us) 22.828
Loop 521 (us) 25.911
Loop 522 (us) 23.07
Loop 523 (us) 23.075
Loop 524 (us) 22.771
Loop 525 (us) 23.179
Loop 526 (us) 24.26
Loop 527 (us) 23.287
Loop 528 (us) 22.963
Loop 529 (us) 25.868
Loop 530 (us) 23.236
Loop 531 (us) 23.294
Loop 532 (us) 22.924
Loop 533 (us) 23.043
Loop 534 (us) 22.71
Loop 535 (us) 22.97
Loop 536 (us) 23.114
Loop 537 (us) 25.663
Loop 538 (us) 30.061
Loop 539 (us) 23.245
Loop 540 (us) 23.037
Loop 541 (us) 23.21
Loop 542 (us) 22.873
Loop 543 (us) 22.76
Loop 544 (us) 23.11
Loop 545 (us) 25.802
Loop 546 (us) 22.939
Loop 547 (us) 23.57
Loop 548 (us) 22.815
Loop 549 (us) 23.054
Loop 550 (us) 22.677
Loop 551 (us) 30.598
Loop 552 (us) 23.198
Loop 553 (us) 25.631
Loop 554 (us) 23.413
Loop 555 (us) 22.972
Loop 556 (us) 22.436
Loop 557 (us) 22.749
Loop 558 (us) 22.74
Loop 559 (us) 22.667
Loop 560 (us) 22.722
Loop 561 (us) 25.184
Loop 562 (us) 22.667
Loop 563 (us) 22.564
Loop 564 (us) 23.638
Loop 565 (us) 22.621
Loop 566 (us) 22.571
Loop 567 (us) 22.56
Loop 568 (us) 22.52
Loop 569 (us) 24.996
Loop 570 (us) 22.801
Loop 571 (us) 25.408
Loop 572 (us) 22.731
Loop 573 (us) 23.143
Loop 574 (us) 22.511
Loop 575 (us) 22.718
Loop 576 (us) 23.205
Loop 577 (us) 25.667
Loop 578 (us) 24.321
Loop 579 (us) 22.851
Loop 580 (us) 22.58
Loop 581 (us) 23.391
Loop 582 (us) 23.564
Loop 583 (us) 22.822
Loop 584 (us) 22.327
Loop 585 (us) 25.368
Loop 586 (us) 22.779
Loop 587 (us) 22.724
Loop 588 (us) 22.749
Loop 589 (us) 28.863
Loop 590 (us) 24.149
Loop 591 (us) 22.624
Loop 592 (us) 22.992
Loop 593 (us) 25.291
Loop 594 (us) 22.62
Loop 595 (us) 22.795
Loop 596 (us) 22.339
Loop 597 (us) 22.313
Loop 598 (us) 22.314
Loop 599 (us) 23.471
Loop 600 (us) 23.006
Loop 601 (us) 25.176
Loop 602 (us) 45.181
Loop 603 (us) 24.493
Loop 604 (us) 23.466
Loop 605 (us) 22.377
Loop 606 (us) 21.725
Loop 607 (us) 21.862
Loop 608 (us) 25.242
Loop 609 (us) 25.119
Loop 610 (us) 22.039
Loop 611 (us) 21.891
Loop 612 (us) 21.92
Loop 613 (us) 21.925
Loop 614 (us) 21.829
Loop 615 (us) 21.754
Loop 616 (us) 21.801
Loop 617 (us) 24.621
Loop 618 (us) 22.25
Loop 619 (us) 22.567
Loop 620 (us) 22.734
Loop 621 (us) 25.463
Loop 622 (us) 23.208
Loop 623 (us) 22.081
Loop 624 (us) 22.153
Loop 625 (us) 24.425
Loop 626 (us) 21.894
Loop 627 (us) 21.815
Loop 628 (us) 21.627
Loop 629 (us) 21.845
Loop 630 (us) 21.846
Loop 631 (us) 21.904
Loop 632 (us) 21.868
Loop 633 (us) 24.975
Loop 634 (us) 21.911
Loop 635 (us) 21.869
Loop 636 (us) 21.835
Loop 637 (us) 21.549
Loop 638 (us) 22.132
Loop 639 (us) 21.66
Loop 640 (us) 22.225
Loop 641 (us) 24.133
Loop 642 (us) 21.74
Loop 643 (us) 21.795
Loop 644 (us) 21.647
Loop 645 (us) 21.924
Loop 646 (us) 22.587
Loop 647 (us) 22.059
Loop 648 (us) 21.838
Loop 649 (us) 24.545
Loop 650 (us) 21.761
Loop 651 (us) 22.109
Loop 652 (us) 21.856
Loop 653 (us) 21.904
Loop 654 (us) 21.756
Loop 655 (us) 21.718
Loop 656 (us) 24.419
Loop 657 (us) 25.077
Loop 658 (us) 22.319
Loop 659 (us) 27.602
Loop 660 (us) 21.798
Loop 661 (us) 22.06
Loop 662 (us) 22.117
Loop 663 (us) 24.032
Loop 664 (us) 22.297
Loop 665 (us) 24.106
Loop 666 (us) 22.134
Loop 667 (us) 21.357
Loop 668 (us) 21.353
Loop 669 (us) 21.66
Loop 670 (us) 21.513
Loop 671 (us) 21.379
Loop 672 (us) 21.559
Loop 673 (us) 21.514
Loop 674 (us) 21.654
Loop 675 (us) 21.355
Loop 676 (us) 22.115
Loop 677 (us) 22.648
Loop 678 (us) 40.232
Loop 679 (us) 48.584
Loop 680 (us) 24.711
Loop 681 (us) 21.649
Loop 682 (us) 21.352
Loop 683 (us) 20.971
Loop 684 (us) 21.034
Loop 685 (us) 24.214
Loop 686 (us) 21.122
Loop 687 (us) 20.745
Loop 688 (us) 21.151
Loop 689 (us) 20.99
Loop 690 (us) 20.927
Loop 691 (us) 21.236
Loop 692 (us) 20.993
Loop 693 (us) 21.344
Loop 694 (us) 21.383
Loop 695 (us) 21.094
Loop 696 (us) 21.486
Loop 697 (us) 20.786
Loop 698 (us) 27.508
Loop 699 (us) 21.643
Loop 700 (us) 21.145
Loop 701 (us) 21.093
Loop 702 (us) 21.125
Loop 703 (us) 21.032
Loop 704 (us) 21.022
Loop 705 (us) 20.987
Loop 706 (us) 21.073
Loop 707 (us) 20.902
Loop 708 (us) 21.075
Loop 709 (us) 20.976
Loop 710 (us) 21.248
Loop 711 (us) 21.233
Loop 712 (us) 21.016
Loop 713 (us) 21.162
Loop 714 (us) 21.095
Loop 715 (us) 21.322
Loop 716 (us) 21.118
Loop 717 (us) 21.286
Loop 718 (us) 21.32
Loop 719 (us) 21.213
Loop 720 (us) 21.021
Loop 721 (us) 21.917
Loop 722 (us) 20.892
Loop 723 (us) 21.237
Loop 724 (us) 21.106
Loop 725 (us) 20.942
Loop 726 (us) 20.955
Loop 727 (us) 21.158
Loop 728 (us) 20.942
Loop 729 (us) 21.036
Loop 730 (us) 21.136
Loop 731 (us) 21.035
Loop 732 (us) 21.204
Loop 733 (us) 20.96
Loop 734 (us) 21.204
Loop 735 (us) 21.191
Loop 736 (us) 21.034
Loop 737 (us) 23.745
Loop 738 (us) 20.967
Loop 739 (us) 21.159
Loop 740 (us) 20.887
Loop 741 (us) 20.786
Loop 742 (us) 20.739
Loop 743 (us) 20.992
Loop 744 (us) 20.809
Loop 745 (us) 20.674
Loop 746 (us) 20.521
Loop 747 (us) 21.164
Loop 748 (us) 22.268
Loop 749 (us) 21.782
Loop 750 (us) 21.26
Loop 751 (us) 20.983
Loop 752 (us) 20.972
Loop 753 (us) 21.931
Loop 754 (us) 20.956
Loop 755 (us) 21.093
Loop 756 (us) 21.029
Loop 757 (us) 20.964
Loop 758 (us) 20.852
Loop 759 (us) 21.138
Loop 760 (us) 21.126
Loop 761 (us) 21.148
Loop 762 (us) 21.082
Loop 763 (us) 20.95
Loop 764 (us) 21.033
Loop 765 (us) 20.774
Loop 766 (us) 20.77
Loop 767 (us) 20.938
Loop 768 (us) 20.903
Loop 769 (us) 20.918
Loop 770 (us) 21.066
Loop 771 (us) 21.02
Loop 772 (us) 20.968
Loop 773 (us) 20.924
Loop 774 (us) 22.306
Loop 775 (us) 21.359
Loop 776 (us) 21.949
Loop 777 (us) 21.14
Loop 778 (us) 21.156
Loop 779 (us) 21.215
Loop 780 (us) 21.153
Loop 781 (us) 21.095
Loop 782 (us) 20.856
Loop 783 (us) 20.411
Loop 784 (us) 20.876
Loop 785 (us) 20.526
Loop 786 (us) 20.75
Loop 787 (us) 20.623
Loop 788 (us) 20.859
Loop 789 (us) 21.073
Loop 790 (us) 21.095
Loop 791 (us) 21.133
Loop 792 (us) 21.202
Loop 793 (us) 21.124
Loop 794 (us) 21.194
Loop 795 (us) 20.856
Loop 796 (us) 20.922
Loop 797 (us) 20.947
Loop 798 (us) 21.126
Loop 799 (us) 23.644
Loop 800 (us) 21.107
Loop 801 (us) 20.595
Loop 802 (us) 21.167
Loop 803 (us) 21.341
Loop 804 (us) 20.949
Loop 805 (us) 20.646
Loop 806 (us) 21.208
Loop 807 (us) 20.712
Loop 808 (us) 21.238
Loop 809 (us) 20.794
Loop 810 (us) 20.827
Loop 811 (us) 21.193
Loop 812 (us) 21.051
Loop 813 (us) 20.94
Loop 814 (us) 21.159
Loop 815 (us) 20.883
Loop 816 (us) 21.062
Loop 817 (us) 20.819
Loop 818 (us) 21.0
Loop 819 (us) 21.224
Loop 820 (us) 20.883
Loop 821 (us) 25.122
Loop 822 (us) 21.173
Loop 823 (us) 20.604
Loop 824 (us) 20.913
Loop 825 (us) 20.509
Loop 826 (us) 20.888
Loop 827 (us) 20.639
Loop 828 (us) 21.146
Loop 829 (us) 21.532
Loop 830 (us) 20.785
Loop 831 (us) 20.987
Loop 832 (us) 21.353
Loop 833 (us) 20.719
Loop 834 (us) 21.058
Loop 835 (us) 20.579
Loop 836 (us) 21.104
Loop 837 (us) 20.96
Loop 838 (us) 20.961
Loop 839 (us) 21.033
Loop 840 (us) 20.989
Loop 841 (us) 20.865
Loop 842 (us) 20.803
Loop 843 (us) 21.639
Loop 844 (us) 25.362
Loop 845 (us) 21.262
Loop 846 (us) 21.842
Loop 847 (us) 21.1
Loop 848 (us) 21.053
Loop 849 (us) 21.087
Loop 850 (us) 21.058
Loop 851 (us) 20.818
Loop 852 (us) 20.761
Loop 853 (us) 21.02
Loop 854 (us) 20.961
Loop 855 (us) 20.67
Loop 856 (us) 21.06
Loop 857 (us) 20.668
Loop 858 (us) 20.85
Loop 859 (us) 20.781
Loop 860 (us) 20.902
Loop 861 (us) 20.887
Loop 862 (us) 20.98
Loop 863 (us) 20.929
Loop 864 (us) 21.014
Loop 865 (us) 20.524
Loop 866 (us) 20.801
Loop 867 (us) 24.011
Loop 868 (us) 21.074
Loop 869 (us) 21.385
Loop 870 (us) 20.942
Loop 871 (us) 21.202
Loop 872 (us) 20.872
Loop 873 (us) 21.069
Loop 874 (us) 20.925
Loop 875 (us) 21.193
Loop 876 (us) 24.909
Loop 877 (us) 21.304
Loop 878 (us) 21.093
Loop 879 (us) 20.705
Loop 880 (us) 20.71
Loop 881 (us) 21.191
Loop 882 (us) 20.746
Loop 883 (us) 21.079
Loop 884 (us) 21.25
Loop 885 (us) 21.211
Loop 886 (us) 20.502
Loop 887 (us) 20.932
Loop 888 (us) 20.691
Loop 889 (us) 20.938
Loop 890 (us) 20.812
Loop 891 (us) 20.622
Loop 892 (us) 20.936
Loop 893 (us) 21.521
Loop 894 (us) 20.641
Loop 895 (us) 20.734
Loop 896 (us) 20.741
Loop 897 (us) 20.371
Loop 898 (us) 20.377
Loop 899 (us) 21.355
Loop 900 (us) 20.652
Loop 901 (us) 20.894
Loop 902 (us) 20.896
Loop 903 (us) 20.572
Loop 904 (us) 20.978
Loop 905 (us) 20.748
Loop 906 (us) 20.565
Loop 907 (us) 21.12
Loop 908 (us) 20.908
Loop 909 (us) 20.987
Loop 910 (us) 20.659
Loop 911 (us) 20.455
Loop 912 (us) 20.492
Loop 913 (us) 21.393
Loop 914 (us) 20.663
Loop 915 (us) 20.687
Loop 916 (us) 20.42
Loop 917 (us) 20.61
Loop 918 (us) 20.61
Loop 919 (us) 22.221
Loop 920 (us) 21.696
Loop 921 (us) 25.397
Loop 922 (us) 21.399
Loop 923 (us) 21.04
Loop 924 (us) 20.72
Loop 925 (us) 20.953
Loop 926 (us) 20.932
Loop 927 (us) 20.927
Loop 928 (us) 20.907
Loop 929 (us) 20.566
Loop 930 (us) 20.715
Loop 931 (us) 20.588
Loop 932 (us) 21.51
Loop 933 (us) 21.102
Loop 934 (us) 20.959
Loop 935 (us) 20.632
Loop 936 (us) 20.878
Loop 937 (us) 20.511
Loop 938 (us) 20.571
Loop 939 (us) 20.548
Loop 940 (us) 20.838
Loop 941 (us) 20.703
Loop 942 (us) 20.918
Loop 943 (us) 20.714
Loop 944 (us) 24.575
Loop 945 (us) 22.244
Loop 946 (us) 20.706
Loop 947 (us) 20.738
Loop 948 (us) 20.812
Loop 949 (us) 20.648
Loop 950 (us) 20.667
Loop 951 (us) 20.53
Loop 952 (us) 20.814
Loop 953 (us) 20.474
Loop 954 (us) 20.912
Loop 955 (us) 20.582
Loop 956 (us) 20.756
Loop 957 (us) 20.419
Loop 958 (us) 20.857
Loop 959 (us) 20.569
Loop 960 (us) 20.83
Loop 961 (us) 20.515
Loop 962 (us) 20.652
Loop 963 (us) 20.685
Loop 964 (us) 20.825
Loop 965 (us) 20.623
Loop 966 (us) 20.834
Loop 967 (us) 24.59
Loop 968 (us) 21.417
Loop 969 (us) 20.506
Loop 970 (us) 20.632
Loop 971 (us) 20.624
Loop 972 (us) 20.763
Loop 973 (us) 20.639
Loop 974 (us) 20.79
Loop 975 (us) 20.612
Loop 976 (us) 20.973
Loop 977 (us) 20.777
Loop 978 (us) 20.789
Loop 979 (us) 20.77
Loop 980 (us) 20.898
Loop 981 (us) 20.717
Loop 982 (us) 20.83
Loop 983 (us) 20.727
Loop 984 (us) 20.899
Loop 985 (us) 20.621
Loop 986 (us) 20.679
Loop 987 (us) 20.615
Loop 988 (us) 20.803
Loop 989 (us) 20.912
Loop 990 (us) 24.513
Loop 991 (us) 21.02
Loop 992 (us) 20.969
Loop 993 (us) 20.503
Loop 994 (us) 20.602
Loop 995 (us) 20.743
Loop 996 (us) 576.591
Loop 997 (us) 21.795
Loop 998 (us) 21.434
Loop 999 (us) 20.776
Warmup times 0
avgLoopLatency(us) 28.479408
iops 35113.089429387015
variance 37.06491734769596
Loop 0 [58257, 9, 6026, 27752, 10503]
Loop 1 [46806, 9, 5541, 22733, 10056]
Loop 2 [55225, 9, 4946, 22138, 9790]
Loop 3 [42601, 9, 4365, 21838, 9409]
Loop 4 [42480, 9, 4235, 22259, 9048]
Loop 5 [44816, 9, 4279, 25492, 9074]
Loop 6 [40152, 9, 4501, 20196, 9417]
Loop 7 [39484, 9, 4234, 20224, 9066]
Loop 8 [38378, 9, 4118, 19600, 8766]
Loop 9 [43286, 9, 4220, 24401, 8757]
Loop 10 [57784, 9, 4159, 20497, 27114]
Loop 11 [43019, 9, 5270, 22520, 8824]
Loop 12 [39791, 9, 4472, 20816, 8385]
Loop 13 [54186, 9, 4085, 23639, 20858]
Loop 14 [65562, 9, 4589, 40203, 14711]
Loop 15 [36068, 9, 4365, 18873, 7235]
Loop 16 [35218, 9, 3681, 19515, 6843]
Loop 17 [39056, 9, 3805, 22854, 7140]
Loop 18 [34776, 9, 3636, 19056, 6868]
Loop 19 [34231, 9, 3622, 18640, 6865]
Loop 20 [37438, 9, 3570, 20773, 7744]
Loop 21 [34841, 9, 3676, 18549, 7115]
Loop 22 [36303, 9, 3767, 19998, 6916]
Loop 23 [37487, 9, 3668, 21388, 6884]
Loop 24 [43722, 9, 4166, 25313, 7931]
Loop 25 [38273, 9, 4066, 21131, 7091]
Loop 26 [40069, 9, 3656, 23602, 7079]
Loop 27 [40433, 9, 3705, 24051, 6958]
Loop 28 [39612, 9, 3623, 23932, 6621]
Loop 29 [38218, 9, 3767, 21499, 7196]
Loop 30 [35061, 9, 3683, 18672, 7146]
Loop 31 [35100, 9, 3538, 18349, 7354]
Loop 32 [34531, 9, 3510, 18375, 7048]
Loop 33 [40044, 9, 4574, 20526, 8333]
Loop 34 [35806, 9, 3780, 18722, 7182]
Loop 35 [33715, 9, 3483, 18224, 6668]
Loop 36 [34140, 9, 3184, 18329, 7046]
Loop 37 [33595, 9, 3361, 17746, 7176]
Loop 38 [32664, 9, 3107, 17859, 6660]
Loop 39 [32619, 9, 3340, 17725, 6672]
Loop 40 [32773, 9, 3180, 17670, 6993]
Loop 41 [33686, 9, 3398, 18212, 6933]
Loop 42 [34061, 9, 3369, 18476, 7281]
Loop 43 [32953, 9, 3218, 17525, 6951]
Loop 44 [33267, 9, 3273, 17940, 6761]
Loop 45 [33440, 9, 3263, 18350, 6687]
Loop 46 [39122, 9, 3125, 17848, 13084]
Loop 47 [33921, 9, 3445, 18408, 6796]
Loop 48 [33076, 9, 3260, 18100, 6861]
Loop 49 [33250, 9, 3375, 18128, 6570]
Loop 50 [32323, 9, 3206, 17512, 6684]
Loop 51 [33110, 9, 3293, 18106, 6790]
Loop 52 [32775, 9, 3193, 18015, 6495]
Loop 53 [32347, 9, 3216, 17583, 6604]
Loop 54 [34413, 9, 3497, 18481, 6994]
Loop 55 [33043, 9, 3253, 18173, 6528]
Loop 56 [32463, 9, 3242, 17805, 6466]
Loop 57 [35592, 9, 3579, 19023, 7433]
Loop 58 [32274, 9, 3185, 17511, 6691]
Loop 59 [32224, 9, 3209, 17606, 6581]
Loop 60 [32108, 9, 3157, 17570, 6489]
Loop 61 [45034, 9, 4710, 26012, 8336]
Loop 62 [35977, 9, 3663, 19389, 7147]
Loop 63 [33276, 9, 3399, 18301, 6409]
Loop 64 [38530, 9, 4449, 20360, 7707]
Loop 65 [41535, 9, 5237, 21514, 8078]
Loop 66 [80413, 9, 3628, 61354, 9901]
Loop 67 [42455, 9, 4990, 23442, 8204]
Loop 68 [34805, 9, 3998, 18643, 7112]
Loop 69 [64231, 9, 3118, 17969, 38426]
Loop 70 [81778, 9, 4048, 19286, 53135]
Loop 71 [41334, 9, 4791, 21390, 9229]
Loop 72 [51757, 9, 3900, 17712, 25155]
Loop 73 [41384, 9, 3898, 24307, 7714]
Loop 74 [33582, 9, 3150, 17931, 7505]
Loop 75 [35193, 9, 3376, 18014, 7401]
Loop 76 [52201, 9, 3263, 35428, 8307]
Loop 77 [32871, 9, 3788, 17561, 6417]
Loop 78 [37121, 9, 3969, 19027, 8638]
Loop 79 [33125, 9, 3320, 18110, 6736]
Loop 80 [32975, 9, 3246, 17989, 6909]
Loop 81 [34213, 9, 3285, 18557, 6449]
Loop 82 [31849, 9, 3187, 17053, 6725]
Loop 83 [32561, 9, 3224, 17905, 6707]
Loop 84 [33032, 9, 3282, 18011, 6735]
Loop 85 [32547, 9, 2992, 16785, 7893]
Loop 86 [49576, 9, 3701, 18439, 7664]
Loop 87 [44460, 9, 3216, 16890, 19221]
Loop 88 [49973, 9, 3485, 30427, 10895]
Loop 89 [34624, 9, 3787, 18555, 7226]
Loop 90 [33630, 9, 3226, 18588, 7027]
Loop 91 [32866, 9, 3488, 17465, 7130]
Loop 92 [36126, 9, 3073, 20599, 7614]
Loop 93 [31841, 9, 3259, 16983, 6770]
Loop 94 [32596, 9, 3090, 18415, 6264]
Loop 95 [32779, 9, 3388, 17567, 6762]
Loop 96 [763052, 9, 3202, 747463, 7490]
Loop 97 [33245, 9, 3713, 16852, 7696]
Loop 98 [32357, 9, 3258, 17506, 6666]
Loop 99 [31650, 9, 2987, 16801, 7207]
Loop 100 [32831, 9, 3204, 16837, 7924]
Loop 101 [30469, 9, 3142, 16404, 6187]
Loop 102 [30287, 9, 3069, 16378, 6217]
Loop 103 [31659, 9, 3019, 16170, 7703]
Loop 104 [31339, 9, 3160, 16837, 6725]
Loop 105 [31579, 9, 3218, 16561, 7004]
Loop 106 [31687, 9, 3175, 17244, 6410]
Loop 107 [30338, 9, 3082, 16427, 6144]
Loop 108 [30350, 9, 3075, 16537, 6053]
Loop 109 [30178, 9, 2981, 16408, 6160]
Loop 110 [32393, 9, 3187, 17534, 6708]
Loop 111 [30675, 9, 3008, 16835, 6020]
Loop 112 [30469, 9, 2981, 16492, 6296]
Loop 113 [30905, 9, 3135, 16805, 6185]
Loop 114 [30273, 9, 3032, 16477, 6031]
Loop 115 [30025, 9, 2941, 16363, 5990]
Loop 116 [52779, 9, 3229, 17395, 24765]
Loop 117 [33224, 9, 3875, 17832, 6187]
Loop 118 [30608, 9, 3233, 16476, 6087]
Loop 119 [30417, 9, 2953, 16489, 6376]
Loop 120 [29693, 9, 2892, 16435, 5779]
Loop 121 [37857, 9, 3035, 23241, 6735]
Loop 122 [31138, 9, 3176, 16913, 6269]
Loop 123 [30540, 9, 2952, 16655, 6351]
Loop 124 [30351, 9, 2994, 16651, 6027]
Loop 125 [29912, 9, 2979, 16437, 5854]
Loop 126 [29969, 9, 2942, 16533, 5866]
Loop 127 [32423, 9, 3199, 16812, 5936]
Loop 128 [30429, 9, 2973, 16803, 5961]
Loop 129 [30644, 9, 3066, 16859, 5867]
Loop 130 [30192, 9, 2843, 16898, 5803]
Loop 131 [29804, 9, 2934, 16368, 5845]
Loop 132 [29881, 9, 2876, 16377, 6018]
Loop 133 [36139, 9, 2962, 22254, 6327]
Loop 134 [30543, 9, 3158, 16652, 6001]
Loop 135 [29826, 9, 2857, 16287, 5971]
Loop 136 [30801, 9, 3200, 16587, 6353]
Loop 137 [30373, 9, 3080, 16591, 6003]
Loop 138 [30033, 9, 2932, 16605, 5850]
Loop 139 [29935, 9, 3023, 16373, 5966]
Loop 140 [30103, 9, 3062, 16451, 5891]
Loop 141 [29879, 9, 2893, 16445, 5917]
Loop 142 [29695, 9, 3035, 16128, 5955]
Loop 143 [29762, 9, 2987, 16331, 5798]
Loop 144 [30420, 9, 2957, 16949, 5926]
Loop 145 [37065, 9, 3011, 23096, 6247]
Loop 146 [30635, 9, 3180, 16875, 5826]
Loop 147 [29512, 9, 2916, 16258, 5812]
Loop 148 [29584, 9, 2980, 16148, 5902]
Loop 149 [29879, 9, 2883, 16535, 5770]
Loop 150 [29939, 9, 3054, 16449, 5888]
Loop 151 [32005, 9, 3142, 16856, 6397]
Loop 152 [30552, 9, 3077, 16799, 5926]
Loop 153 [30254, 9, 3157, 16538, 5870]
Loop 154 [30215, 9, 3081, 16606, 5917]
Loop 155 [30054, 9, 2976, 16581, 5924]
Loop 156 [30004, 9, 3080, 16505, 5814]
Loop 157 [35060, 9, 3011, 21313, 6180]
Loop 158 [30522, 9, 3182, 16670, 6023]
Loop 159 [29680, 9, 3037, 16141, 5888]
Loop 160 [49617, 9, 3023, 16645, 25273]
Loop 161 [35694, 9, 3831, 18556, 6570]
Loop 162 [32002, 9, 3140, 16799, 6158]
Loop 163 [29765, 9, 2849, 16340, 5443]
Loop 164 [31784, 9, 3202, 17711, 5793]
Loop 165 [30344, 9, 3255, 16774, 5727]
Loop 166 [29928, 9, 2986, 16584, 5748]
Loop 167 [29403, 9, 2939, 16160, 5717]
Loop 168 [29479, 9, 2932, 16395, 5620]
Loop 169 [30925, 9, 3076, 17059, 5903]
Loop 170 [31103, 9, 3012, 17667, 5491]
Loop 171 [30308, 9, 2926, 16706, 5596]
Loop 172 [29753, 9, 2978, 16719, 5549]
Loop 173 [29480, 9, 2949, 16362, 5564]
Loop 174 [29755, 9, 2965, 16686, 5486]
Loop 175 [29598, 9, 2996, 16352, 5596]
Loop 176 [29706, 9, 2996, 16618, 5547]
Loop 177 [30118, 9, 3145, 16679, 5635]
Loop 178 [29748, 9, 2879, 16549, 5568]
Loop 179 [29634, 9, 2918, 16349, 5801]
Loop 180 [29702, 9, 2868, 16410, 5807]
Loop 181 [30542, 9, 3045, 16843, 5926]
Loop 182 [31109, 9, 2984, 16354, 7102]
Loop 183 [30142, 9, 2985, 16294, 6176]
Loop 184 [29786, 9, 2992, 16393, 5885]
Loop 185 [29997, 9, 3188, 16389, 5693]
Loop 186 [29717, 9, 3009, 16723, 5499]
Loop 187 [29272, 9, 2881, 16090, 5658]
Loop 188 [29826, 9, 3078, 16537, 5411]
Loop 189 [29216, 9, 2931, 16094, 5667]
Loop 190 [30268, 9, 2937, 17047, 5547]
Loop 191 [29507, 9, 2916, 16458, 5583]
Loop 192 [29954, 9, 2974, 16788, 5569]
Loop 193 [37789, 9, 9561, 17459, 5935]
Loop 194 [30489, 9, 3140, 16967, 5723]
Loop 195 [29534, 9, 2903, 16337, 5537]
Loop 196 [29837, 9, 2949, 16887, 5423]
Loop 197 [29243, 9, 2963, 16198, 5559]
Loop 198 [29815, 9, 2911, 16943, 5486]
Loop 199 [29250, 9, 3029, 16017, 5640]
Loop 200 [32410, 9, 3397, 17708, 6173]
Loop 201 [30418, 9, 3194, 16752, 5799]
Loop 202 [30068, 9, 3047, 16812, 5664]
Loop 203 [31032, 9, 2942, 17881, 5603]
Loop 204 [48654, 9, 2967, 16356, 5573]
Loop 205 [30063, 9, 2972, 16529, 5779]
Loop 206 [29452, 9, 2828, 16495, 5432]
Loop 207 [28552, 9, 2752, 15742, 5467]
Loop 208 [29532, 9, 2900, 16539, 5657]
Loop 209 [29584, 9, 3038, 16230, 5586]
Loop 210 [29302, 9, 2912, 16300, 5522]
Loop 211 [28566, 9, 2941, 15795, 5423]
Loop 212 [29627, 9, 2983, 16677, 5411]
Loop 213 [29126, 9, 2872, 16399, 5391]
Loop 214 [28546, 9, 2863, 15699, 5471]
Loop 215 [28572, 9, 2854, 15686, 5429]
Loop 216 [43259, 9, 2821, 30017, 5800]
Loop 217 [31003, 9, 3562, 16483, 5894]
Loop 218 [44474, 9, 3620, 17264, 6249]
Loop 219 [30032, 9, 3368, 16332, 5500]
Loop 220 [28992, 9, 3020, 15963, 5551]
Loop 221 [28623, 9, 2938, 15695, 5524]
Loop 222 [28194, 9, 2914, 15755, 5265]
Loop 223 [28058, 9, 2821, 15349, 5524]
Loop 224 [712322, 9, 2927, 698640, 6264]
Loop 225 [33196, 9, 4160, 17468, 6143]
Loop 226 [29113, 9, 3082, 16013, 5478]
Loop 227 [28628, 9, 2863, 15881, 5420]
Loop 228 [29086, 9, 2967, 16225, 5493]
Loop 229 [28638, 9, 2892, 15633, 5424]
Loop 230 [31658, 9, 3140, 16246, 5543]
Loop 231 [27998, 9, 3012, 15272, 5348]
Loop 232 [28110, 9, 2858, 15434, 5509]
Loop 233 [29891, 9, 3196, 16205, 5815]
Loop 234 [28299, 9, 2940, 15651, 5356]
Loop 235 [28468, 9, 2863, 15527, 5449]
Loop 236 [29789, 9, 2885, 17003, 5488]
Loop 237 [29195, 9, 2960, 15379, 6365]
Loop 238 [29514, 9, 3021, 16634, 5465]
Loop 239 [28262, 9, 3031, 15247, 5522]
Loop 240 [29585, 9, 2871, 15647, 6708]
Loop 241 [29436, 9, 3027, 15613, 6293]
Loop 242 [28792, 9, 3022, 15851, 5573]
Loop 243 [28028, 9, 2863, 15281, 5467]
Loop 244 [28443, 9, 2920, 15651, 5513]
Loop 245 [29325, 9, 2871, 16163, 5659]
Loop 246 [53767, 9, 2964, 39659, 6475]
Loop 247 [29744, 9, 3880, 15319, 5669]
Loop 248 [27611, 9, 2983, 14835, 5394]
Loop 249 [27699, 9, 2941, 14616, 5633]
Loop 250 [27479, 9, 2832, 14785, 5463]
Loop 251 [27150, 9, 2865, 14359, 5515]
Loop 252 [27923, 9, 2815, 15471, 5389]
Loop 253 [26816, 9, 2714, 14299, 5478]
Loop 254 [27439, 9, 2875, 15013, 5239]
Loop 255 [31445, 9, 3109, 15476, 5943]
Loop 256 [27889, 9, 2948, 14818, 5549]
Loop 257 [30826, 9, 3341, 15215, 5671]
Loop 258 [28714, 9, 2920, 14444, 6011]
Loop 259 [27996, 9, 3027, 14826, 5429]
Loop 260 [39115, 9, 2941, 25365, 6073]
Loop 261 [28033, 9, 3353, 14629, 5433]
Loop 262 [41823, 9, 2874, 27950, 6406]
Loop 263 [28852, 9, 3360, 15181, 5586]
Loop 264 [27323, 9, 2909, 14630, 5378]
Loop 265 [44487, 9, 4095, 28224, 6744]
Loop 266 [30259, 9, 3825, 15476, 5485]
Loop 267 [27300, 9, 2928, 14611, 5362]
Loop 268 [48692, 9, 2927, 14463, 26560]
Loop 269 [29922, 9, 3277, 15931, 5769]
Loop 270 [37688, 9, 2969, 14869, 15227]
Loop 271 [37799, 9, 3235, 15815, 13932]
Loop 272 [29015, 9, 3131, 15609, 5361]
Loop 273 [27634, 9, 3044, 14518, 5457]
Loop 274 [42040, 9, 2925, 15595, 18478]
Loop 275 [29891, 9, 3178, 15970, 5682]
Loop 276 [79636, 9, 2994, 14585, 57291]
Loop 277 [62841, 9, 4560, 17628, 6344]
Loop 278 [28676, 9, 3388, 15012, 5352]
Loop 279 [30680, 9, 3222, 16301, 5828]
Loop 280 [29310, 9, 3069, 14909, 6216]
Loop 281 [28413, 9, 3031, 14814, 5325]
Loop 282 [27262, 9, 3007, 14758, 5429]
Loop 283 [26573, 9, 2947, 14572, 5263]
Loop 284 [26479, 9, 2983, 14499, 5192]
Loop 285 [26186, 9, 2846, 14411, 5264]
Loop 286 [26596, 9, 2916, 14529, 5225]
Loop 287 [26128, 9, 2834, 14271, 5210]
Loop 288 [26397, 9, 2930, 14483, 5136]
Loop 289 [26955, 9, 2885, 14756, 5371]
Loop 290 [26760, 9, 2903, 14511, 5429]
Loop 291 [26962, 9, 3062, 14628, 5427]
Loop 292 [27864, 9, 2978, 15296, 5549]
Loop 293 [26959, 9, 2923, 14502, 5739]
Loop 294 [51245, 9, 3003, 37063, 7244]
Loop 295 [30166, 9, 3678, 17045, 5227]
Loop 296 [26693, 9, 3018, 14279, 5129]
Loop 297 [26975, 9, 2976, 14578, 5440]
Loop 298 [27245, 9, 2965, 15092, 5218]
Loop 299 [26558, 9, 2761, 14545, 5480]
Loop 300 [26981, 9, 2794, 14863, 5407]
Loop 301 [26793, 9, 2927, 14837, 5336]
Loop 302 [26186, 9, 2819, 14445, 5181]
Loop 303 [26316, 9, 2921, 14461, 5214]
Loop 304 [27795, 9, 3018, 15032, 5715]
Loop 305 [26921, 9, 3005, 14678, 5309]
Loop 306 [26690, 9, 2881, 14569, 5133]
Loop 307 [26452, 9, 2910, 14529, 5203]
Loop 308 [26391, 9, 3003, 14326, 5214]
Loop 309 [26465, 9, 2929, 14441, 5274]
Loop 310 [26706, 9, 2944, 14785, 5082]
Loop 311 [26054, 9, 2847, 14184, 5291]
Loop 312 [25896, 9, 2919, 13955, 5185]
Loop 313 [26901, 9, 3029, 14690, 5267]
Loop 314 [26368, 9, 2958, 14246, 5278]
Loop 315 [44964, 9, 2852, 14272, 24110]
Loop 316 [26015, 9, 2890, 14063, 5048]
Loop 317 [27229, 9, 3091, 14627, 5562]
Loop 318 [26263, 9, 2899, 14008, 5369]
Loop 319 [25388, 9, 2770, 13641, 5227]
Loop 320 [26652, 9, 3107, 14266, 5327]
Loop 321 [26363, 9, 2942, 14244, 5283]
Loop 322 [25719, 9, 2911, 13819, 5163]
Loop 323 [25458, 9, 2821, 13787, 5139]
Loop 324 [25953, 9, 2881, 14131, 5174]
Loop 325 [25714, 9, 2857, 14051, 5111]
Loop 326 [26113, 9, 2781, 14337, 5194]
Loop 327 [25769, 9, 2817, 14075, 5174]
Loop 328 [25718, 9, 2878, 13778, 5194]
Loop 329 [34637, 9, 2938, 22361, 5462]
Loop 330 [26068, 9, 2920, 14063, 5097]
Loop 331 [26174, 9, 2905, 14433, 5097]
Loop 332 [25975, 9, 2798, 14147, 5136]
Loop 333 [25655, 9, 2834, 13944, 5193]
Loop 334 [26508, 9, 2941, 14180, 5400]
Loop 335 [25845, 9, 2796, 13892, 5265]
Loop 336 [26322, 9, 2887, 14321, 5283]
Loop 337 [26511, 9, 2903, 14484, 5259]
Loop 338 [25774, 9, 2728, 14060, 5227]
Loop 339 [25784, 9, 2860, 13949, 5245]
Loop 340 [25635, 9, 2863, 13969, 5046]
Loop 341 [25714, 9, 2785, 14026, 5083]
Loop 342 [26888, 9, 2865, 14583, 5579]
Loop 343 [26197, 9, 2803, 14284, 5285]
Loop 344 [26676, 9, 2991, 14561, 5304]
Loop 345 [26334, 9, 2897, 14376, 5146]
Loop 346 [25902, 9, 2850, 13949, 5293]
Loop 347 [25496, 9, 2769, 13985, 5043]
Loop 348 [25835, 9, 2863, 14080, 5162]
Loop 349 [25561, 9, 2874, 13814, 5216]
Loop 350 [25406, 9, 2835, 13821, 5100]
Loop 351 [25399, 9, 2821, 13790, 5150]
Loop 352 [29487, 9, 3235, 15768, 6121]
Loop 353 [26837, 9, 2967, 14696, 5242]
Loop 354 [26141, 9, 2851, 14273, 5214]
Loop 355 [25919, 9, 2910, 14144, 5083]
Loop 356 [25563, 9, 2876, 13941, 5064]
Loop 357 [25511, 9, 2796, 13798, 5211]
Loop 358 [25727, 9, 2854, 13960, 5126]
Loop 359 [32811, 9, 2834, 14058, 12136]
Loop 360 [26469, 9, 2895, 14452, 5196]
Loop 361 [26417, 9, 3016, 14359, 5154]
Loop 362 [26147, 9, 2696, 14610, 5127]
Loop 363 [25359, 9, 2825, 13736, 5055]
Loop 364 [25548, 9, 2701, 14060, 5130]
Loop 365 [25432, 9, 2848, 13676, 5191]
Loop 366 [25995, 9, 2849, 14166, 5256]
Loop 367 [26070, 9, 2849, 14319, 5161]
Loop 368 [25771, 9, 2813, 14145, 5085]
Loop 369 [26558, 9, 2938, 14385, 5340]
Loop 370 [25611, 9, 2823, 13944, 5110]
Loop 371 [25674, 9, 2801, 13997, 5095]
Loop 372 [31965, 9, 2941, 19783, 5538]
Loop 373 [26234, 9, 3058, 14087, 5106]
Loop 374 [25518, 9, 2873, 13903, 5125]
Loop 375 [25809, 9, 2820, 13885, 5277]
Loop 376 [25649, 9, 2834, 14164, 5042]
Loop 377 [26327, 9, 3049, 14306, 5128]
Loop 378 [46343, 9, 2872, 32403, 7160]
Loop 379 [26771, 9, 3683, 13407, 5456]
Loop 380 [25175, 9, 2859, 13014, 5496]
Loop 381 [24780, 9, 2812, 13082, 5176]
Loop 382 [24824, 9, 2783, 12999, 5216]
Loop 383 [25675, 9, 3058, 13331, 5382]
Loop 384 [24808, 9, 2851, 13028, 5220]
Loop 385 [26392, 9, 2943, 13836, 5480]
Loop 386 [25191, 9, 2883, 13231, 5166]
Loop 387 [24526, 9, 2923, 12735, 5108]
Loop 388 [24493, 9, 2820, 12861, 4990]
Loop 389 [24835, 9, 2810, 13109, 5192]
Loop 390 [24841, 9, 2792, 13083, 5187]
Loop 391 [49145, 9, 2916, 13167, 29312]
Loop 392 [27883, 9, 3408, 14174, 6219]
Loop 393 [25563, 9, 3013, 13172, 5381]
Loop 394 [26453, 9, 2803, 12903, 6396]
Loop 395 [25595, 9, 2927, 13229, 5613]
Loop 396 [24482, 9, 2818, 13021, 5003]
Loop 397 [24855, 9, 2809, 13183, 5107]
Loop 398 [25488, 9, 2969, 13289, 5327]
Loop 399 [24590, 9, 2787, 12808, 5199]
Loop 400 [24765, 9, 2788, 13096, 5133]
Loop 401 [24963, 9, 2917, 13163, 5072]
Loop 402 [24159, 9, 2685, 12750, 4955]
Loop 403 [24436, 9, 2848, 12874, 5081]
Loop 404 [24344, 9, 2821, 12881, 4950]
Loop 405 [24377, 9, 2839, 12889, 5024]
Loop 406 [24167, 9, 2749, 12817, 4931]
Loop 407 [27488, 9, 2828, 15692, 5254]
Loop 408 [27096, 9, 2940, 13240, 7156]
Loop 409 [42594, 9, 2936, 13533, 22285]
Loop 410 [36354, 9, 3384, 23865, 4870]
Loop 411 [30976, 9, 3120, 13220, 10650]
Loop 412 [24238, 9, 2996, 12937, 4332]
Loop 413 [23903, 9, 2865, 12857, 4530]
Loop 414 [23845, 9, 2808, 12773, 4576]
Loop 415 [23531, 9, 2884, 12563, 4358]
Loop 416 [23515, 9, 2856, 12653, 4285]
Loop 417 [24263, 9, 3000, 13047, 4516]
Loop 418 [23899, 9, 2779, 12802, 4509]
Loop 419 [23823, 9, 2856, 12797, 4464]
Loop 420 [27322, 9, 2959, 13280, 7327]
Loop 421 [25356, 9, 2972, 13291, 5337]
Loop 422 [116974, 9, 3428, 15152, 36234]
Loop 423 [29301, 9, 4028, 15555, 5233]
Loop 424 [25075, 9, 3235, 13101, 4775]
Loop 425 [25363, 9, 3013, 13118, 5314]
Loop 426 [23859, 9, 2726, 12905, 4427]
Loop 427 [23889, 9, 2819, 12912, 4372]
Loop 428 [24335, 9, 2833, 13205, 4662]
Loop 429 [28638, 9, 2894, 13127, 8974]
Loop 430 [24684, 9, 2985, 13327, 4558]
Loop 431 [23968, 9, 2774, 12843, 4638]
Loop 432 [24976, 9, 2921, 13339, 5094]
Loop 433 [31233, 9, 3869, 16788, 5868]
Loop 434 [25771, 9, 3150, 13735, 4719]
Loop 435 [24063, 9, 2838, 12753, 4496]
Loop 436 [24448, 9, 2864, 13307, 4471]
Loop 437 [42371, 9, 2762, 31493, 4369]
Loop 438 [23757, 9, 2723, 12897, 4411]
Loop 439 [23710, 9, 2653, 12876, 4485]
Loop 440 [23425, 9, 2716, 12704, 4378]
Loop 441 [26431, 9, 3178, 14257, 4861]
Loop 442 [23711, 9, 2912, 12750, 4301]
Loop 443 [23704, 9, 2748, 13023, 4259]
Loop 444 [24850, 9, 2825, 12558, 5753]
Loop 445 [37600, 9, 3077, 13154, 17432]
Loop 446 [27681, 9, 3574, 14804, 5061]
Loop 447 [24993, 9, 2898, 12864, 5271]
Loop 448 [23930, 9, 2850, 13032, 4275]
Loop 449 [26974, 9, 3266, 14396, 4908]
Loop 450 [23537, 9, 2763, 12554, 4297]
Loop 451 [24260, 9, 2897, 12951, 4565]
Loop 452 [23635, 9, 2753, 12870, 4199]
Loop 453 [23406, 9, 2784, 12722, 4191]
Loop 454 [23236, 9, 2741, 12604, 4190]
Loop 455 [23342, 9, 2823, 12679, 4189]
Loop 456 [23050, 9, 2810, 12513, 4095]
Loop 457 [29002, 9, 3302, 13876, 4959]
Loop 458 [35743, 9, 3097, 13488, 4731]
Loop 459 [24583, 9, 2969, 13402, 4312]
Loop 460 [24295, 9, 2617, 13085, 4748]
Loop 461 [23944, 9, 2708, 13109, 4325]
Loop 462 [23446, 9, 2661, 12637, 4316]
Loop 463 [23474, 9, 2754, 12824, 4168]
Loop 464 [24098, 9, 2741, 13156, 4571]
Loop 465 [26711, 9, 3320, 14268, 4815]
Loop 466 [23416, 9, 2723, 12681, 4264]
Loop 467 [23718, 9, 2777, 12786, 4384]
Loop 468 [23081, 9, 2695, 12642, 4109]
Loop 469 [23382, 9, 2679, 12786, 4248]
Loop 470 [23240, 9, 2714, 12520, 4270]
Loop 471 [24800, 9, 2819, 13622, 4546]
Loop 472 [23171, 9, 2670, 12566, 4237]
Loop 473 [26356, 9, 3399, 14040, 4745]
Loop 474 [23726, 9, 2896, 12560, 4378]
Loop 475 [23012, 9, 2746, 12464, 4177]
Loop 476 [23692, 9, 2800, 12941, 4273]
Loop 477 [23395, 9, 2821, 12575, 4283]
Loop 478 [23274, 9, 2688, 12622, 4325]
Loop 479 [23414, 9, 2859, 12589, 4340]
Loop 480 [27300, 9, 3296, 14202, 5305]
Loop 481 [26611, 9, 3237, 14310, 4818]
Loop 482 [23621, 9, 2871, 12841, 4191]
Loop 483 [23618, 9, 2936, 12775, 4192]
Loop 484 [23411, 9, 2900, 12696, 4179]
Loop 485 [23183, 9, 2725, 12594, 4177]
Loop 486 [23378, 9, 2732, 12795, 4171]
Loop 487 [23247, 9, 2705, 12710, 4184]
Loop 488 [22944, 9, 2736, 12461, 4135]
Loop 489 [26935, 9, 3339, 14392, 4917]
Loop 490 [23816, 9, 2829, 12899, 4324]
Loop 491 [23542, 9, 2734, 12781, 4325]
Loop 492 [23406, 9, 2792, 12624, 4350]
Loop 493 [24477, 9, 2934, 13237, 4532]
Loop 494 [23297, 9, 2708, 12698, 4239]
Loop 495 [23238, 9, 2660, 12682, 4206]
Loop 496 [23156, 9, 2770, 12485, 4292]
Loop 497 [26020, 9, 3225, 14086, 4620]
Loop 498 [23712, 9, 2809, 12770, 4288]
Loop 499 [23511, 9, 2744, 12775, 4287]
Loop 500 [23298, 9, 2610, 12817, 4221]
Loop 501 [24825, 9, 2943, 13479, 4434]
Loop 502 [23288, 9, 2728, 12710, 4123]
Loop 503 [23387, 9, 2821, 12763, 4185]
Loop 504 [23168, 9, 2752, 12498, 4246]
Loop 505 [26073, 9, 3419, 13613, 4844]
Loop 506 [23511, 9, 2742, 12642, 4319]
Loop 507 [23672, 9, 2779, 12968, 4281]
Loop 508 [23454, 9, 2750, 12715, 4261]
Loop 509 [23336, 9, 2787, 12684, 4192]
Loop 510 [23186, 9, 2741, 12544, 4321]
Loop 511 [23394, 9, 2764, 12627, 4299]
Loop 512 [23358, 9, 2826, 12584, 4257]
Loop 513 [27121, 9, 3481, 14073, 5057]
Loop 514 [60971, 9, 3584, 15108, 5578]
Loop 515 [57390, 9, 3419, 14350, 15954]
Loop 516 [26728, 9, 3500, 14373, 4398]
Loop 517 [23624, 9, 2982, 12708, 4084]
Loop 518 [23276, 9, 2940, 12615, 4099]
Loop 519 [23187, 9, 2805, 12747, 3987]
Loop 520 [22828, 9, 2734, 12325, 4225]
Loop 521 [25911, 9, 3295, 13862, 4562]
Loop 522 [23070, 9, 2725, 12495, 4146]
Loop 523 [23075, 9, 2719, 12529, 4190]
Loop 524 [22771, 9, 2776, 12400, 4044]
Loop 525 [23179, 9, 2795, 12646, 4146]
Loop 526 [24260, 9, 2758, 13154, 4545]
Loop 527 [23287, 9, 2694, 12709, 4177]
Loop 528 [22963, 9, 2734, 12628, 4043]
Loop 529 [25868, 9, 3213, 13981, 4547]
Loop 530 [23236, 9, 2910, 12425, 4180]
Loop 531 [23294, 9, 2919, 12553, 4170]
Loop 532 [22924, 9, 2751, 12509, 4098]
Loop 533 [23043, 9, 2871, 12544, 4021]
Loop 534 [22710, 9, 2649, 12412, 4099]
Loop 535 [22970, 9, 2678, 12392, 4265]
Loop 536 [23114, 9, 2768, 12591, 4153]
Loop 537 [25663, 9, 3388, 13801, 4345]
Loop 538 [30061, 9, 2853, 13199, 4319]
Loop 539 [23245, 9, 2717, 12681, 4073]
Loop 540 [23037, 9, 2799, 12646, 3999]
Loop 541 [23210, 9, 2866, 12579, 4157]
Loop 542 [22873, 9, 2707, 12419, 4119]
Loop 543 [22760, 9, 2739, 12356, 4015]
Loop 544 [23110, 9, 2819, 12487, 4209]
Loop 545 [25802, 9, 3206, 13953, 4448]
Loop 546 [22939, 9, 2654, 12411, 4173]
Loop 547 [23570, 9, 2856, 12731, 4217]
Loop 548 [22815, 9, 2715, 12341, 4164]
Loop 549 [23054, 9, 2818, 12447, 4168]
Loop 550 [22677, 9, 2710, 12417, 4016]
Loop 551 [30598, 9, 9600, 13160, 4175]
Loop 552 [23198, 9, 2985, 12473, 4084]
Loop 553 [25631, 9, 3275, 13776, 4444]
Loop 554 [23413, 9, 2972, 12396, 4374]
Loop 555 [22972, 9, 2666, 12522, 4065]
Loop 556 [22436, 9, 2597, 12238, 3968]
Loop 557 [22749, 9, 2803, 12379, 3996]
Loop 558 [22740, 9, 2659, 12447, 4077]
Loop 559 [22667, 9, 2703, 12416, 4003]
Loop 560 [22722, 9, 2704, 12336, 4002]
Loop 561 [25184, 9, 3200, 13506, 4250]
Loop 562 [22667, 9, 2632, 12263, 4061]
Loop 563 [22564, 9, 2668, 12298, 3944]
Loop 564 [23638, 9, 2858, 12750, 4239]
Loop 565 [22621, 9, 2579, 12353, 4008]
Loop 566 [22571, 9, 2561, 12179, 4137]
Loop 567 [22560, 9, 2639, 12438, 3821]
Loop 568 [22520, 9, 2560, 12187, 4040]
Loop 569 [24996, 9, 3224, 13315, 4427]
Loop 570 [22801, 9, 2729, 12284, 4068]
Loop 571 [25408, 9, 2677, 12678, 4108]
Loop 572 [22731, 9, 2748, 12294, 3981]
Loop 573 [23143, 9, 2840, 12486, 4130]
Loop 574 [22511, 9, 2659, 12257, 3894]
Loop 575 [22718, 9, 2714, 12345, 4024]
Loop 576 [23205, 9, 2880, 12504, 4086]
Loop 577 [25667, 9, 3162, 13836, 4558]
Loop 578 [24321, 9, 2712, 13314, 4538]
Loop 579 [22851, 9, 2804, 12509, 3966]
Loop 580 [22580, 9, 2646, 12380, 3933]
Loop 581 [23391, 9, 2664, 12223, 4972]
Loop 582 [23564, 9, 2721, 12663, 4591]
Loop 583 [22822, 9, 2769, 12405, 4084]
Loop 584 [22327, 9, 2721, 12203, 3905]
Loop 585 [25368, 9, 3217, 13473, 4494]
Loop 586 [22779, 9, 2621, 12392, 4159]
Loop 587 [22724, 9, 2610, 12412, 4069]
Loop 588 [22749, 9, 2586, 12367, 4069]
Loop 589 [28863, 9, 2661, 12318, 10301]
Loop 590 [24149, 9, 2982, 13114, 4334]
Loop 591 [22624, 9, 2763, 12447, 3923]
Loop 592 [22992, 9, 2696, 12615, 4086]
Loop 593 [25291, 9, 3098, 13708, 4306]
Loop 594 [22620, 9, 2648, 12370, 4023]
Loop 595 [22795, 9, 2644, 12488, 4077]
Loop 596 [22339, 9, 2583, 12278, 4041]
Loop 597 [22313, 9, 2606, 12168, 4036]
Loop 598 [22314, 9, 2594, 12110, 3986]
Loop 599 [23471, 9, 2609, 12562, 4766]
Loop 600 [23006, 9, 2757, 12566, 4134]
Loop 601 [25176, 9, 3315, 13573, 4294]
Loop 602 [45181, 9, 2819, 12806, 25705]
Loop 603 [24493, 9, 3254, 13699, 3559]
Loop 604 [23466, 9, 2733, 13481, 3565]
Loop 605 [22377, 9, 2727, 12483, 3466]
Loop 606 [21725, 9, 2507, 12310, 3380]
Loop 607 [21862, 9, 2569, 12241, 3508]
Loop 608 [25242, 9, 3131, 14036, 3914]
Loop 609 [25119, 9, 3315, 13858, 3834]
Loop 610 [22039, 9, 2584, 12378, 3376]
Loop 611 [21891, 9, 2584, 12302, 3437]
Loop 612 [21920, 9, 2562, 12424, 3406]
Loop 613 [21925, 9, 2586, 12247, 3508]
Loop 614 [21829, 9, 2557, 12247, 3395]
Loop 615 [21754, 9, 2489, 12365, 3353]
Loop 616 [21801, 9, 2603, 12234, 3393]
Loop 617 [24621, 9, 3075, 13697, 3823]
Loop 618 [22250, 9, 2648, 12557, 3348]
Loop 619 [22567, 9, 2735, 12750, 3439]
Loop 620 [22734, 9, 2648, 12594, 3703]
Loop 621 [25463, 9, 2863, 13672, 3572]
Loop 622 [23208, 9, 2686, 12467, 4523]
Loop 623 [22081, 9, 2661, 12309, 3489]
Loop 624 [22153, 9, 2578, 12503, 3472]
Loop 625 [24425, 9, 3113, 13512, 3774]
Loop 626 [21894, 9, 2592, 12133, 3534]
Loop 627 [21815, 9, 2572, 12223, 3497]
Loop 628 [21627, 9, 2575, 12036, 3541]
Loop 629 [21845, 9, 2698, 12257, 3373]
Loop 630 [21846, 9, 2619, 12223, 3512]
Loop 631 [21904, 9, 2635, 12225, 3503]
Loop 632 [21868, 9, 2573, 12214, 3493]
Loop 633 [24975, 9, 3158, 13658, 3883]
Loop 634 [21911, 9, 2610, 12000, 3561]
Loop 635 [21869, 9, 2657, 12321, 3348]
Loop 636 [21835, 9, 2624, 12227, 3499]
Loop 637 [21549, 9, 2600, 11955, 3445]
Loop 638 [22132, 9, 2633, 12498, 3459]
Loop 639 [21660, 9, 2670, 12005, 3497]
Loop 640 [22225, 9, 2701, 12445, 3510]
Loop 641 [24133, 9, 3157, 13216, 3702]
Loop 642 [21740, 9, 2493, 12170, 3338]
Loop 643 [21795, 9, 2532, 12421, 3311]
Loop 644 [21647, 9, 2529, 12123, 3377]
Loop 645 [21924, 9, 2561, 12330, 3451]
Loop 646 [22587, 9, 2655, 12702, 3534]
Loop 647 [22059, 9, 2600, 12495, 3455]
Loop 648 [21838, 9, 2570, 12207, 3472]
Loop 649 [24545, 9, 3136, 13471, 3746]
Loop 650 [21761, 9, 2617, 12101, 3386]
Loop 651 [22109, 9, 2614, 12460, 3433]
Loop 652 [21856, 9, 2768, 12028, 3552]
Loop 653 [21904, 9, 2736, 12219, 3439]
Loop 654 [21756, 9, 2694, 12135, 3405]
Loop 655 [21718, 9, 2579, 12218, 3385]
Loop 656 [24419, 9, 3051, 13682, 3771]
Loop 657 [25077, 9, 3134, 13927, 3874]
Loop 658 [22319, 9, 2632, 12556, 3434]
Loop 659 [27602, 9, 2704, 12832, 3563]
Loop 660 [21798, 9, 2535, 12249, 3547]
Loop 661 [22060, 9, 2655, 12403, 3466]
Loop 662 [22117, 9, 2528, 12365, 3623]
Loop 663 [24032, 9, 2918, 12815, 3607]
Loop 664 [22297, 9, 2693, 12511, 3402]
Loop 665 [24106, 9, 3136, 13238, 3716]
Loop 666 [22134, 9, 2843, 12080, 3575]
Loop 667 [21357, 9, 2493, 11996, 3397]
Loop 668 [21353, 9, 2564, 11974, 3374]
Loop 669 [21660, 9, 2617, 12096, 3416]
Loop 670 [21513, 9, 2546, 12068, 3437]
Loop 671 [21379, 9, 2608, 11986, 3352]
Loop 672 [21559, 9, 2560, 12089, 3448]
Loop 673 [21514, 9, 2546, 12039, 3422]
Loop 674 [21654, 9, 2555, 12088, 3548]
Loop 675 [21355, 9, 2590, 11844, 3413]
Loop 676 [22115, 9, 2702, 12270, 3499]
Loop 677 [22648, 9, 2841, 12609, 3466]
Loop 678 [40232, 9, 2541, 30812, 3322]
Loop 679 [48584, 9, 2666, 12046, 30293]
Loop 680 [24711, 9, 3519, 13598, 3519]
Loop 681 [21649, 9, 2700, 12008, 3256]
Loop 682 [21352, 9, 2506, 11935, 3331]
Loop 683 [20971, 9, 2458, 11893, 3169]
Loop 684 [21034, 9, 2424, 11964, 3279]
Loop 685 [24214, 9, 2697, 12413, 3332]
Loop 686 [21122, 9, 2456, 12098, 3127]
Loop 687 [20745, 9, 2387, 11791, 3182]
Loop 688 [21151, 9, 2542, 11988, 3237]
Loop 689 [20990, 9, 2411, 11906, 3184]
Loop 690 [20927, 9, 2451, 11895, 3177]
Loop 691 [21236, 9, 2551, 11921, 3295]
Loop 692 [20993, 9, 2505, 11850, 3224]
Loop 693 [21344, 9, 2462, 12151, 3273]
Loop 694 [21383, 9, 2546, 12127, 3231]
Loop 695 [21094, 9, 2416, 11963, 3242]
Loop 696 [21486, 9, 2673, 12039, 3270]
Loop 697 [20786, 9, 2431, 11784, 3232]
Loop 698 [27508, 9, 2500, 18137, 3383]
Loop 699 [21643, 9, 2733, 12116, 3191]
Loop 700 [21145, 9, 2646, 12033, 3038]
Loop 701 [21093, 9, 2460, 11978, 3195]
Loop 702 [21125, 9, 2570, 11980, 3188]
Loop 703 [21032, 9, 2443, 11984, 3155]
Loop 704 [21022, 9, 2507, 12032, 3084]
Loop 705 [20987, 9, 2552, 11809, 3140]
Loop 706 [21073, 9, 2526, 11879, 3178]
Loop 707 [20902, 9, 2478, 11946, 3118]
Loop 708 [21075, 9, 2608, 11888, 3173]
Loop 709 [20976, 9, 2484, 11933, 3131]
Loop 710 [21248, 9, 2520, 12114, 3160]
Loop 711 [21233, 9, 2475, 12113, 3200]
Loop 712 [21016, 9, 2515, 11925, 3133]
Loop 713 [21162, 9, 2551, 12010, 3185]
Loop 714 [21095, 9, 2564, 11892, 3200]
Loop 715 [21322, 9, 2516, 12204, 3171]
Loop 716 [21118, 9, 2597, 11928, 3204]
Loop 717 [21286, 9, 2557, 12059, 3164]
Loop 718 [21320, 9, 2586, 12128, 3176]
Loop 719 [21213, 9, 2510, 12046, 3193]
Loop 720 [21021, 9, 2555, 11826, 3162]
Loop 721 [21917, 9, 2555, 12506, 3240]
Loop 722 [20892, 9, 2476, 11704, 3175]
Loop 723 [21237, 9, 2554, 11911, 3291]
Loop 724 [21106, 9, 2453, 12001, 3255]
Loop 725 [20942, 9, 2468, 11959, 3142]
Loop 726 [20955, 9, 2560, 11780, 3226]
Loop 727 [21158, 9, 2487, 12031, 3204]
Loop 728 [20942, 9, 2489, 11819, 3224]
Loop 729 [21036, 9, 2513, 11771, 3218]
Loop 730 [21136, 9, 2626, 11811, 3186]
Loop 731 [21035, 9, 2488, 12037, 3023]
Loop 732 [21204, 9, 2616, 11957, 3177]
Loop 733 [20960, 9, 2520, 11929, 3147]
Loop 734 [21204, 9, 2566, 12030, 3211]
Loop 735 [21191, 9, 2495, 11965, 3227]
Loop 736 [21034, 9, 2582, 11891, 3159]
Loop 737 [23745, 9, 2952, 13314, 3632]
Loop 738 [20967, 9, 2507, 11712, 3226]
Loop 739 [21159, 9, 2506, 11957, 3142]
Loop 740 [20887, 9, 2426, 11995, 3100]
Loop 741 [20786, 9, 2451, 11726, 3177]
Loop 742 [20739, 9, 2484, 11740, 3127]
Loop 743 [20992, 9, 2393, 11963, 3222]
Loop 744 [20809, 9, 2460, 11739, 3225]
Loop 745 [20674, 9, 2425, 11725, 3149]
Loop 746 [20521, 9, 2395, 11631, 3135]
Loop 747 [21164, 9, 2409, 12023, 3284]
Loop 748 [22268, 9, 2431, 13204, 3216]
Loop 749 [21782, 9, 2554, 11906, 3849]
Loop 750 [21260, 9, 2623, 12041, 3167]
Loop 751 [20983, 9, 2511, 11907, 3140]
Loop 752 [20972, 9, 2546, 11899, 3155]
Loop 753 [21931, 9, 2606, 12306, 3330]
Loop 754 [20956, 9, 2402, 11865, 3160]
Loop 755 [21093, 9, 2577, 11753, 3251]
Loop 756 [21029, 9, 2455, 11966, 3124]
Loop 757 [20964, 9, 2487, 11826, 3142]
Loop 758 [20852, 9, 2487, 11795, 3092]
Loop 759 [21138, 9, 2457, 12079, 3170]
Loop 760 [21126, 9, 2597, 11981, 3156]
Loop 761 [21148, 9, 2573, 11815, 3270]
Loop 762 [21082, 9, 2553, 11844, 3228]
Loop 763 [20950, 9, 2552, 11975, 3076]
Loop 764 [21033, 9, 2520, 11886, 3215]
Loop 765 [20774, 9, 2462, 11709, 3180]
Loop 766 [20770, 9, 2406, 11713, 3162]
Loop 767 [20938, 9, 2517, 11878, 3182]
Loop 768 [20903, 9, 2435, 11841, 3169]
Loop 769 [20918, 9, 2461, 11795, 3195]
Loop 770 [21066, 9, 2494, 11955, 3169]
Loop 771 [21020, 9, 2467, 11949, 3197]
Loop 772 [20968, 9, 2462, 11979, 3122]
Loop 773 [20924, 9, 2487, 11799, 3244]
Loop 774 [22306, 9, 2467, 13091, 3270]
Loop 775 [21359, 9, 2584, 12076, 3134]
Loop 776 [21949, 9, 2564, 12378, 3318]
Loop 777 [21140, 9, 2566, 11729, 3331]
Loop 778 [21156, 9, 2467, 11981, 3207]
Loop 779 [21215, 9, 2564, 11806, 3422]
Loop 780 [21153, 9, 2427, 12062, 3137]
Loop 781 [21095, 9, 2657, 11792, 3246]
Loop 782 [20856, 9, 2391, 11830, 3159]
Loop 783 [20411, 9, 2469, 11533, 3092]
Loop 784 [20876, 9, 2447, 11829, 3120]
Loop 785 [20526, 9, 2422, 11541, 3188]
Loop 786 [20750, 9, 2436, 11667, 3209]
Loop 787 [20623, 9, 2439, 11552, 3252]
Loop 788 [20859, 9, 2359, 11828, 3218]
Loop 789 [21073, 9, 2497, 11901, 3277]
Loop 790 [21095, 9, 2417, 12006, 3164]
Loop 791 [21133, 9, 2472, 11855, 3403]
Loop 792 [21202, 9, 2436, 11993, 3222]
Loop 793 [21124, 9, 2546, 11844, 3242]
Loop 794 [21194, 9, 2471, 11882, 3291]
Loop 795 [20856, 9, 2529, 11757, 3147]
Loop 796 [20922, 9, 2430, 11933, 3080]
Loop 797 [20947, 9, 2471, 11685, 3298]
Loop 798 [21126, 9, 2415, 12012, 3140]
Loop 799 [23644, 9, 2750, 12321, 3335]
Loop 800 [21107, 9, 2473, 11831, 3247]
Loop 801 [20595, 9, 2444, 11461, 3210]
Loop 802 [21167, 9, 2564, 11931, 3247]
Loop 803 [21341, 9, 2694, 11877, 3284]
Loop 804 [20949, 9, 2472, 11877, 3160]
Loop 805 [20646, 9, 2447, 11576, 3206]
Loop 806 [21208, 9, 2382, 12194, 3209]
Loop 807 [20712, 9, 2400, 11698, 3209]
Loop 808 [21238, 9, 2518, 11928, 3277]
Loop 809 [20794, 9, 2433, 11691, 3244]
Loop 810 [20827, 9, 2488, 11653, 3258]
Loop 811 [21193, 9, 2558, 11887, 3215]
Loop 812 [21051, 9, 2504, 11851, 3246]
Loop 813 [20940, 9, 2468, 11844, 3205]
Loop 814 [21159, 9, 2438, 11984, 3222]
Loop 815 [20883, 9, 2464, 11860, 3143]
Loop 816 [21062, 9, 2548, 11899, 3253]
Loop 817 [20819, 9, 2498, 11656, 3146]
Loop 818 [21000, 9, 2453, 11802, 3262]
Loop 819 [21224, 9, 2433, 12033, 3280]
Loop 820 [20883, 9, 2508, 11751, 3266]
Loop 821 [25122, 9, 2402, 15729, 3512]
Loop 822 [21173, 9, 2644, 11750, 3293]
Loop 823 [20604, 9, 2408, 11645, 3151]
Loop 824 [20913, 9, 2484, 11760, 3200]
Loop 825 [20509, 9, 2393, 11549, 3155]
Loop 826 [20888, 9, 2444, 11820, 3237]
Loop 827 [20639, 9, 2430, 11641, 3124]
Loop 828 [21146, 9, 2440, 12013, 3264]
Loop 829 [21532, 9, 2621, 11992, 3368]
Loop 830 [20785, 9, 2393, 11638, 3266]
Loop 831 [20987, 9, 2440, 11777, 3284]
Loop 832 [21353, 9, 2663, 11901, 3185]
Loop 833 [20719, 9, 2511, 11529, 3198]
Loop 834 [21058, 9, 2472, 11862, 3172]
Loop 835 [20579, 9, 2393, 11569, 3213]
Loop 836 [21104, 9, 2546, 11873, 3202]
Loop 837 [20960, 9, 2508, 11798, 3205]
Loop 838 [20961, 9, 2510, 11890, 3124]
Loop 839 [21033, 9, 2427, 11908, 3267]
Loop 840 [20989, 9, 2526, 11820, 3210]
Loop 841 [20865, 9, 2449, 11737, 3258]
Loop 842 [20803, 9, 2483, 11714, 3174]
Loop 843 [21639, 9, 2628, 12120, 3306]
Loop 844 [25362, 9, 2451, 16067, 3366]
Loop 845 [21262, 9, 2535, 11937, 3263]
Loop 846 [21842, 9, 2614, 12398, 3271]
Loop 847 [21100, 9, 2542, 11899, 3191]
Loop 848 [21053, 9, 2506, 11844, 3257]
Loop 849 [21087, 9, 2493, 12026, 3059]
Loop 850 [21058, 9, 2473, 11919, 3246]
Loop 851 [20818, 9, 2442, 11731, 3140]
Loop 852 [20761, 9, 2487, 11717, 3120]
Loop 853 [21020, 9, 2498, 11995, 3151]
Loop 854 [20961, 9, 2460, 11859, 3244]
Loop 855 [20670, 9, 2420, 11829, 3043]
Loop 856 [21060, 9, 2553, 11872, 3189]
Loop 857 [20668, 9, 2450, 11672, 3136]
Loop 858 [20850, 9, 2541, 11707, 3221]
Loop 859 [20781, 9, 2467, 11755, 3113]
Loop 860 [20902, 9, 2499, 11831, 3153]
Loop 861 [20887, 9, 2449, 11864, 3170]
Loop 862 [20980, 9, 2455, 11900, 3211]
Loop 863 [20929, 9, 2452, 11895, 3163]
Loop 864 [21014, 9, 2561, 11915, 3162]
Loop 865 [20524, 9, 2467, 11564, 3106]
Loop 866 [20801, 9, 2490, 11743, 3189]
Loop 867 [24011, 9, 2925, 13417, 3774]
Loop 868 [21074, 9, 2549, 11937, 3171]
Loop 869 [21385, 9, 2581, 12197, 3154]
Loop 870 [20942, 9, 2473, 11900, 3140]
Loop 871 [21202, 9, 2519, 12135, 3134]
Loop 872 [20872, 9, 2462, 11811, 3188]
Loop 873 [21069, 9, 2596, 11969, 3158]
Loop 874 [20925, 9, 2575, 11762, 3162]
Loop 875 [21193, 9, 2453, 12009, 3319]
Loop 876 [24909, 9, 2486, 15701, 3337]
Loop 877 [21304, 9, 2584, 11955, 3229]
Loop 878 [21093, 9, 2586, 11857, 3187]
Loop 879 [20705, 9, 2420, 11783, 3136]
Loop 880 [20710, 9, 2422, 11834, 3106]
Loop 881 [21191, 9, 2561, 11964, 3085]
Loop 882 [20746, 9, 2438, 11715, 3131]
Loop 883 [21079, 9, 2582, 12002, 3147]
Loop 884 [21250, 9, 2644, 11833, 3306]
Loop 885 [21211, 9, 2695, 11876, 3204]
Loop 886 [20502, 9, 2390, 11598, 3121]
Loop 887 [20932, 9, 2504, 11741, 3266]
Loop 888 [20691, 9, 2463, 11692, 3053]
Loop 889 [20938, 9, 2468, 11886, 3231]
Loop 890 [20812, 9, 2504, 11687, 3139]
Loop 891 [20622, 9, 2484, 11615, 3142]
Loop 892 [20936, 9, 2491, 11799, 3155]
Loop 893 [21521, 9, 2644, 12063, 3239]
Loop 894 [20641, 9, 2440, 11573, 3175]
Loop 895 [20734, 9, 2446, 11678, 3157]
Loop 896 [20741, 9, 2438, 11762, 3144]
Loop 897 [20371, 9, 2400, 11429, 3129]
Loop 898 [20377, 9, 2453, 11344, 3147]
Loop 899 [21355, 9, 2582, 11973, 3207]
Loop 900 [20652, 9, 2470, 11716, 3096]
Loop 901 [20894, 9, 2385, 11742, 3304]
Loop 902 [20896, 9, 2435, 11875, 3202]
Loop 903 [20572, 9, 2362, 11653, 3118]
Loop 904 [20978, 9, 2486, 11820, 3154]
Loop 905 [20748, 9, 2562, 11582, 3213]
Loop 906 [20565, 9, 2393, 11550, 3152]
Loop 907 [21120, 9, 2460, 11919, 3224]
Loop 908 [20908, 9, 2509, 11885, 3105]
Loop 909 [20987, 9, 2468, 11765, 3224]
Loop 910 [20659, 9, 2427, 11676, 3217]
Loop 911 [20455, 9, 2448, 11682, 3071]
Loop 912 [20492, 9, 2435, 11562, 3134]
Loop 913 [21393, 9, 2621, 12057, 3239]
Loop 914 [20663, 9, 2504, 11454, 3296]
Loop 915 [20687, 9, 2440, 11689, 3172]
Loop 916 [20420, 9, 2395, 11530, 3188]
Loop 917 [20610, 9, 2478, 11655, 3116]
Loop 918 [20610, 9, 2470, 11605, 3074]
Loop 919 [22221, 9, 2497, 13001, 3289]
Loop 920 [21696, 9, 2566, 11786, 3910]
Loop 921 [25397, 9, 2586, 11730, 7627]
Loop 922 [21399, 9, 2527, 12097, 3160]
Loop 923 [21040, 9, 2446, 11995, 3245]
Loop 924 [20720, 9, 2400, 11788, 3038]
Loop 925 [20953, 9, 2435, 11915, 3236]
Loop 926 [20932, 9, 2337, 11990, 3109]
Loop 927 [20927, 9, 2524, 11838, 3184]
Loop 928 [20907, 9, 2462, 11840, 3116]
Loop 929 [20566, 9, 2486, 11516, 3244]
Loop 930 [20715, 9, 2358, 11711, 3191]
Loop 931 [20588, 9, 2429, 11604, 3209]
Loop 932 [21510, 9, 2664, 12102, 3226]
Loop 933 [21102, 9, 2559, 11812, 3176]
Loop 934 [20959, 9, 2466, 11963, 3076]
Loop 935 [20632, 9, 2435, 11663, 3125]
Loop 936 [20878, 9, 2465, 11930, 3078]
Loop 937 [20511, 9, 2473, 11461, 3151]
Loop 938 [20571, 9, 2360, 11633, 3086]
Loop 939 [20548, 9, 2458, 11585, 3116]
Loop 940 [20838, 9, 2356, 11906, 3143]
Loop 941 [20703, 9, 2446, 11791, 3110]
Loop 942 [20918, 9, 2480, 11892, 3136]
Loop 943 [20714, 9, 2477, 11733, 3147]
Loop 944 [24575, 9, 2444, 15356, 3344]
Loop 945 [22244, 9, 2574, 12959, 3200]
Loop 946 [20706, 9, 2471, 11611, 3111]
Loop 947 [20738, 9, 2502, 11659, 3230]
Loop 948 [20812, 9, 2493, 11855, 3126]
Loop 949 [20648, 9, 2561, 11512, 3177]
Loop 950 [20667, 9, 2513, 11622, 3069]
Loop 951 [20530, 9, 2373, 11682, 3081]
Loop 952 [20814, 9, 2455, 11828, 3100]
Loop 953 [20474, 9, 2398, 11520, 3117]
Loop 954 [20912, 9, 2449, 11947, 3110]
Loop 955 [20582, 9, 2440, 11674, 3078]
Loop 956 [20756, 9, 2396, 11870, 3134]
Loop 957 [20419, 9, 2384, 11468, 3175]
Loop 958 [20857, 9, 2400, 11919, 3144]
Loop 959 [20569, 9, 2439, 11594, 3119]
Loop 960 [20830, 9, 2484, 11826, 3130]
Loop 961 [20515, 9, 2450, 11490, 3200]
Loop 962 [20652, 9, 2445, 11666, 3186]
Loop 963 [20685, 9, 2506, 11633, 3093]
Loop 964 [20825, 9, 2449, 11811, 3130]
Loop 965 [20623, 9, 2400, 11709, 3099]
Loop 966 [20834, 9, 2442, 11902, 3102]
Loop 967 [24590, 9, 2431, 15380, 3311]
Loop 968 [21417, 9, 2613, 12107, 3212]
Loop 969 [20506, 9, 2443, 11413, 3166]
Loop 970 [20632, 9, 2429, 11596, 3205]
Loop 971 [20624, 9, 2382, 11755, 3113]
Loop 972 [20763, 9, 2530, 11707, 3133]
Loop 973 [20639, 9, 2462, 11625, 3144]
Loop 974 [20790, 9, 2542, 11593, 3231]
Loop 975 [20612, 9, 2564, 11518, 3110]
Loop 976 [20973, 9, 2482, 11805, 3209]
Loop 977 [20777, 9, 2523, 11742, 3080]
Loop 978 [20789, 9, 2471, 11722, 3193]
Loop 979 [20770, 9, 2504, 11662, 3171]
Loop 980 [20898, 9, 2551, 11691, 3184]
Loop 981 [20717, 9, 2476, 11638, 3130]
Loop 982 [20830, 9, 2488, 11737, 3144]
Loop 983 [20727, 9, 2502, 11651, 3131]
Loop 984 [20899, 9, 2448, 11796, 3162]
Loop 985 [20621, 9, 2482, 11666, 3038]
Loop 986 [20679, 9, 2521, 11683, 3127]
Loop 987 [20615, 9, 2446, 11693, 3099]
Loop 988 [20803, 9, 2398, 11902, 3165]
Loop 989 [20912, 9, 2473, 11778, 3241]
Loop 990 [24513, 9, 2439, 15376, 3293]
Loop 991 [21020, 9, 2590, 11718, 3188]
Loop 992 [20969, 9, 2555, 11871, 3149]
Loop 993 [20503, 9, 2433, 11486, 3184]
Loop 994 [20602, 9, 2511, 11583, 3163]
Loop 995 [20743, 9, 2445, 11652, 3207]
Loop 996 [576591, 9, 2564, 567122, 3451]
Loop 997 [21795, 9, 2939, 11826, 3304]
Loop 998 [21434, 9, 2484, 12167, 3229]
Loop 999 [20776, 9, 2513, 11645, 3200]
replicas primary file /tmp1024eccache3.dat capacity 256
replicas slave file /tmp1024eccache3.datLQL0 capacity 256
replicas slave file /tmp1024eccache3.datLQL1 capacity 256
replicas slave file /tmp1024eccache3.datLQL2 capacity 256
replicas slave file /tmp1024eccache3.datLQL3 capacity 256
replicas slave file /tmp1024eccache3.datLQL4 capacity 256
