writeECPipeline, filename /tmp1048576eccache.dat, size 1048576, encodingSplitSize 262144, loop 1000, storageClass 0, locationClass 0, pureMonECSubStripeNum 1, isPureMonEC false
MicroEC Coding Ready

starting benchmark...
CrailConstants.REPLICATION_FACTOR has changed to 5
replicas primary file /tmp1048576eccache.dat capacity 0
replicas slave file /tmp1048576eccache.datLQL0 capacity 0
replicas slave file /tmp1048576eccache.datLQL1 capacity 0
replicas slave file /tmp1048576eccache.datLQL2 capacity 0
replicas slave file /tmp1048576eccache.datLQL3 capacity 0
replicas slave file /tmp1048576eccache.datLQL4 capacity 0
ops 1000
final loop (us) 527.68
Loop 0 (us) 476.4
Loop 1 (us) 435.67
Loop 2 (us) 449.909
Loop 3 (us) 430.507
Loop 4 (us) 523.626
Loop 5 (us) 494.487
Loop 6 (us) 582.326
Loop 7 (us) 498.675
Loop 8 (us) 496.653
Loop 9 (us) 495.299
Loop 10 (us) 493.534
Loop 11 (us) 535.187
Loop 12 (us) 491.038
Loop 13 (us) 549.654
Loop 14 (us) 501.752
Loop 15 (us) 545.649
Loop 16 (us) 501.699
Loop 17 (us) 523.526
Loop 18 (us) 590.846
Loop 19 (us) 522.071
Loop 20 (us) 512.312
Loop 21 (us) 607.143
Loop 22 (us) 583.103
Loop 23 (us) 629.231
Loop 24 (us) 531.094
Loop 25 (us) 536.543
Loop 26 (us) 619.906
Loop 27 (us) 615.385
Loop 28 (us) 800.275
Loop 29 (us) 492.787
Loop 30 (us) 532.217
Loop 31 (us) 646.74
Loop 32 (us) 657.0
Loop 33 (us) 632.465
Loop 34 (us) 8115.904
Loop 35 (us) 624.857
Loop 36 (us) 597.088
Loop 37 (us) 545.686
Loop 38 (us) 543.416
Loop 39 (us) 641.208
Loop 40 (us) 709.78
Loop 41 (us) 635.665
Loop 42 (us) 553.167
Loop 43 (us) 534.04
Loop 44 (us) 517.33
Loop 45 (us) 631.912
Loop 46 (us) 589.444
Loop 47 (us) 538.557
Loop 48 (us) 502.044
Loop 49 (us) 489.856
Loop 50 (us) 498.991
Loop 51 (us) 590.811
Loop 52 (us) 593.191
Loop 53 (us) 674.702
Loop 54 (us) 704.322
Loop 55 (us) 505.993
Loop 56 (us) 459.692
Loop 57 (us) 609.929
Loop 58 (us) 540.943
Loop 59 (us) 542.596
Loop 60 (us) 649.273
Loop 61 (us) 670.323
Loop 62 (us) 521.837
Loop 63 (us) 543.219
Loop 64 (us) 535.655
Loop 65 (us) 824.718
Loop 66 (us) 660.718
Loop 67 (us) 529.387
Loop 68 (us) 575.04
Loop 69 (us) 553.006
Loop 70 (us) 586.84
Loop 71 (us) 582.077
Loop 72 (us) 521.092
Loop 73 (us) 617.475
Loop 74 (us) 516.668
Loop 75 (us) 583.386
Loop 76 (us) 644.701
Loop 77 (us) 489.145
Loop 78 (us) 446.424
Loop 79 (us) 546.925
Loop 80 (us) 612.662
Loop 81 (us) 617.785
Loop 82 (us) 729.709
Loop 83 (us) 556.556
Loop 84 (us) 502.629
Loop 85 (us) 618.951
Loop 86 (us) 484.893
Loop 87 (us) 586.653
Loop 88 (us) 676.416
Loop 89 (us) 632.105
Loop 90 (us) 615.666
Loop 91 (us) 741.398
Loop 92 (us) 627.488
Loop 93 (us) 660.992
Loop 94 (us) 632.337
Loop 95 (us) 537.148
Loop 96 (us) 530.299
Loop 97 (us) 615.736
Loop 98 (us) 486.114
Loop 99 (us) 584.015
Loop 100 (us) 492.062
Loop 101 (us) 443.77
Loop 102 (us) 569.121
Loop 103 (us) 586.395
Loop 104 (us) 553.913
Loop 105 (us) 589.274
Loop 106 (us) 482.765
Loop 107 (us) 586.063
Loop 108 (us) 572.431
Loop 109 (us) 504.505
Loop 110 (us) 470.737
Loop 111 (us) 507.1
Loop 112 (us) 681.566
Loop 113 (us) 1428.392
Loop 114 (us) 479.449
Loop 115 (us) 512.376
Loop 116 (us) 486.939
Loop 117 (us) 659.182
Loop 118 (us) 524.003
Loop 119 (us) 521.609
Loop 120 (us) 601.529
Loop 121 (us) 610.189
Loop 122 (us) 570.583
Loop 123 (us) 611.256
Loop 124 (us) 6221.639
Loop 125 (us) 512.312
Loop 126 (us) 458.884
Loop 127 (us) 542.01
Loop 128 (us) 604.034
Loop 129 (us) 624.934
Loop 130 (us) 615.389
Loop 131 (us) 624.5
Loop 132 (us) 624.306
Loop 133 (us) 594.08
Loop 134 (us) 618.104
Loop 135 (us) 714.829
Loop 136 (us) 519.488
Loop 137 (us) 526.064
Loop 138 (us) 648.823
Loop 139 (us) 625.355
Loop 140 (us) 503.463
Loop 141 (us) 569.8
Loop 142 (us) 498.442
Loop 143 (us) 567.27
Loop 144 (us) 485.004
Loop 145 (us) 462.782
Loop 146 (us) 652.728
Loop 147 (us) 634.704
Loop 148 (us) 602.33
Loop 149 (us) 502.035
Loop 150 (us) 499.268
Loop 151 (us) 560.93
Loop 152 (us) 637.535
Loop 153 (us) 501.752
Loop 154 (us) 571.944
Loop 155 (us) 507.434
Loop 156 (us) 603.697
Loop 157 (us) 604.515
Loop 158 (us) 487.482
Loop 159 (us) 449.784
Loop 160 (us) 582.903
Loop 161 (us) 485.674
Loop 162 (us) 477.329
Loop 163 (us) 494.483
Loop 164 (us) 527.982
Loop 165 (us) 598.673
Loop 166 (us) 665.123
Loop 167 (us) 622.565
Loop 168 (us) 634.535
Loop 169 (us) 589.259
Loop 170 (us) 603.293
Loop 171 (us) 505.447
Loop 172 (us) 612.193
Loop 173 (us) 605.391
Loop 174 (us) 480.634
Loop 175 (us) 567.025
Loop 176 (us) 586.196
Loop 177 (us) 482.059
Loop 178 (us) 598.221
Loop 179 (us) 503.088
Loop 180 (us) 508.454
Loop 181 (us) 569.094
Loop 182 (us) 509.421
Loop 183 (us) 615.866
Loop 184 (us) 619.832
Loop 185 (us) 657.649
Loop 186 (us) 534.657
Loop 187 (us) 621.875
Loop 188 (us) 501.819
Loop 189 (us) 531.831
Loop 190 (us) 501.286
Loop 191 (us) 617.597
Loop 192 (us) 602.438
Loop 193 (us) 609.046
Loop 194 (us) 518.694
Loop 195 (us) 519.259
Loop 196 (us) 519.831
Loop 197 (us) 499.928
Loop 198 (us) 495.263
Loop 199 (us) 493.551
Loop 200 (us) 529.97
Loop 201 (us) 641.539
Loop 202 (us) 578.576
Loop 203 (us) 578.75
Loop 204 (us) 506.329
Loop 205 (us) 481.266
Loop 206 (us) 538.928
Loop 207 (us) 574.724
Loop 208 (us) 600.118
Loop 209 (us) 469.461
Loop 210 (us) 609.991
Loop 211 (us) 602.25
Loop 212 (us) 504.345
Loop 213 (us) 484.164
Loop 214 (us) 640.77
Loop 215 (us) 495.102
Loop 216 (us) 515.442
Loop 217 (us) 603.533
Loop 218 (us) 502.352
Loop 219 (us) 481.722
Loop 220 (us) 590.333
Loop 221 (us) 616.359
Loop 222 (us) 639.982
Loop 223 (us) 578.516
Loop 224 (us) 483.013
Loop 225 (us) 577.356
Loop 226 (us) 589.433
Loop 227 (us) 606.881
Loop 228 (us) 496.388
Loop 229 (us) 594.618
Loop 230 (us) 624.78
Loop 231 (us) 572.895
Loop 232 (us) 619.382
Loop 233 (us) 614.718
Loop 234 (us) 611.525
Loop 235 (us) 551.06
Loop 236 (us) 606.172
Loop 237 (us) 621.518
Loop 238 (us) 521.607
Loop 239 (us) 616.208
Loop 240 (us) 641.453
Loop 241 (us) 601.614
Loop 242 (us) 499.593
Loop 243 (us) 616.256
Loop 244 (us) 629.007
Loop 245 (us) 617.386
Loop 246 (us) 634.497
Loop 247 (us) 611.18
Loop 248 (us) 484.543
Loop 249 (us) 458.213
Loop 250 (us) 566.414
Loop 251 (us) 610.962
Loop 252 (us) 526.939
Loop 253 (us) 648.414
Loop 254 (us) 664.631
Loop 255 (us) 512.067
Loop 256 (us) 511.107
Loop 257 (us) 648.581
Loop 258 (us) 638.956
Loop 259 (us) 622.447
Loop 260 (us) 506.966
Loop 261 (us) 568.166
Loop 262 (us) 541.192
Loop 263 (us) 523.837
Loop 264 (us) 657.735
Loop 265 (us) 608.957
Loop 266 (us) 482.333
Loop 267 (us) 575.848
Loop 268 (us) 493.257
Loop 269 (us) 540.053
Loop 270 (us) 592.304
Loop 271 (us) 486.826
Loop 272 (us) 498.972
Loop 273 (us) 506.246
Loop 274 (us) 600.902
Loop 275 (us) 655.24
Loop 276 (us) 519.522
Loop 277 (us) 489.823
Loop 278 (us) 3546.046
Loop 279 (us) 507.656
Loop 280 (us) 610.295
Loop 281 (us) 580.536
Loop 282 (us) 607.836
Loop 283 (us) 636.589
Loop 284 (us) 613.78
Loop 285 (us) 617.899
Loop 286 (us) 571.556
Loop 287 (us) 504.048
Loop 288 (us) 677.917
Loop 289 (us) 517.35
Loop 290 (us) 532.514
Loop 291 (us) 613.019
Loop 292 (us) 542.016
Loop 293 (us) 630.062
Loop 294 (us) 624.979
Loop 295 (us) 631.962
Loop 296 (us) 613.272
Loop 297 (us) 548.313
Loop 298 (us) 617.468
Loop 299 (us) 641.854
Loop 300 (us) 610.526
Loop 301 (us) 551.83
Loop 302 (us) 488.246
Loop 303 (us) 502.028
Loop 304 (us) 616.339
Loop 305 (us) 600.854
Loop 306 (us) 642.73
Loop 307 (us) 531.399
Loop 308 (us) 661.812
Loop 309 (us) 583.778
Loop 310 (us) 665.015
Loop 311 (us) 478.431
Loop 312 (us) 569.116
Loop 313 (us) 512.677
Loop 314 (us) 684.976
Loop 315 (us) 498.849
Loop 316 (us) 445.269
Loop 317 (us) 573.28
Loop 318 (us) 484.81
Loop 319 (us) 600.295
Loop 320 (us) 569.628
Loop 321 (us) 606.142
Loop 322 (us) 616.829
Loop 323 (us) 614.052
Loop 324 (us) 590.852
Loop 325 (us) 655.53
Loop 326 (us) 615.273
Loop 327 (us) 567.973
Loop 328 (us) 518.35
Loop 329 (us) 523.93
Loop 330 (us) 557.508
Loop 331 (us) 646.422
Loop 332 (us) 645.472
Loop 333 (us) 648.892
Loop 334 (us) 613.312
Loop 335 (us) 643.942
Loop 336 (us) 922.736
Loop 337 (us) 610.38
Loop 338 (us) 528.861
Loop 339 (us) 622.193
Loop 340 (us) 619.242
Loop 341 (us) 587.404
Loop 342 (us) 526.099
Loop 343 (us) 611.663
Loop 344 (us) 617.406
Loop 345 (us) 612.087
Loop 346 (us) 612.937
Loop 347 (us) 639.094
Loop 348 (us) 484.636
Loop 349 (us) 680.388
Loop 350 (us) 506.935
Loop 351 (us) 451.988
Loop 352 (us) 570.007
Loop 353 (us) 596.298
Loop 354 (us) 614.44
Loop 355 (us) 572.495
Loop 356 (us) 631.105
Loop 357 (us) 510.656
Loop 358 (us) 519.188
Loop 359 (us) 631.82
Loop 360 (us) 651.917
Loop 361 (us) 614.793
Loop 362 (us) 486.013
Loop 363 (us) 604.664
Loop 364 (us) 529.508
Loop 365 (us) 667.23
Loop 366 (us) 624.529
Loop 367 (us) 531.205
Loop 368 (us) 550.387
Loop 369 (us) 611.264
Loop 370 (us) 620.481
Loop 371 (us) 499.509
Loop 372 (us) 583.97
Loop 373 (us) 492.53
Loop 374 (us) 487.036
Loop 375 (us) 438.065
Loop 376 (us) 549.145
Loop 377 (us) 451.367
Loop 378 (us) 515.636
Loop 379 (us) 478.99
Loop 380 (us) 592.108
Loop 381 (us) 608.469
Loop 382 (us) 620.016
Loop 383 (us) 610.046
Loop 384 (us) 619.232
Loop 385 (us) 577.639
Loop 386 (us) 653.005
Loop 387 (us) 506.277
Loop 388 (us) 580.933
Loop 389 (us) 589.633
Loop 390 (us) 632.824
Loop 391 (us) 502.316
Loop 392 (us) 518.509
Loop 393 (us) 620.707
Loop 394 (us) 618.97
Loop 395 (us) 514.269
Loop 396 (us) 493.164
Loop 397 (us) 516.996
Loop 398 (us) 635.263
Loop 399 (us) 485.093
Loop 400 (us) 517.358
Loop 401 (us) 604.325
Loop 402 (us) 599.916
Loop 403 (us) 526.403
Loop 404 (us) 1853.961
Loop 405 (us) 485.004
Loop 406 (us) 460.094
Loop 407 (us) 500.318
Loop 408 (us) 681.024
Loop 409 (us) 559.798
Loop 410 (us) 631.829
Loop 411 (us) 509.398
Loop 412 (us) 449.385
Loop 413 (us) 574.327
Loop 414 (us) 556.449
Loop 415 (us) 486.857
Loop 416 (us) 486.97
Loop 417 (us) 470.233
Loop 418 (us) 485.516
Loop 419 (us) 536.42
Loop 420 (us) 486.888
Loop 421 (us) 487.242
Loop 422 (us) 649.105
Loop 423 (us) 600.904
Loop 424 (us) 531.165
Loop 425 (us) 721.976
Loop 426 (us) 662.846
Loop 427 (us) 587.66
Loop 428 (us) 515.99
Loop 429 (us) 515.983
Loop 430 (us) 484.024
Loop 431 (us) 655.81
Loop 432 (us) 540.378
Loop 433 (us) 618.88
Loop 434 (us) 627.819
Loop 435 (us) 633.933
Loop 436 (us) 537.676
Loop 437 (us) 623.077
Loop 438 (us) 611.764
Loop 439 (us) 619.37
Loop 440 (us) 527.866
Loop 441 (us) 530.854
Loop 442 (us) 669.727
Loop 443 (us) 660.049
Loop 444 (us) 593.555
Loop 445 (us) 642.46
Loop 446 (us) 688.16
Loop 447 (us) 623.08
Loop 448 (us) 640.339
Loop 449 (us) 504.154
Loop 450 (us) 526.983
Loop 451 (us) 681.0
Loop 452 (us) 522.273
Loop 453 (us) 615.847
Loop 454 (us) 628.765
Loop 455 (us) 602.204
Loop 456 (us) 629.543
Loop 457 (us) 1611.154
Loop 458 (us) 497.432
Loop 459 (us) 597.252
Loop 460 (us) 539.263
Loop 461 (us) 614.357
Loop 462 (us) 482.881
Loop 463 (us) 573.635
Loop 464 (us) 535.858
Loop 465 (us) 648.336
Loop 466 (us) 490.79
Loop 467 (us) 443.014
Loop 468 (us) 576.395
Loop 469 (us) 579.935
Loop 470 (us) 450.07
Loop 471 (us) 488.919
Loop 472 (us) 572.668
Loop 473 (us) 647.891
Loop 474 (us) 522.023
Loop 475 (us) 649.884
Loop 476 (us) 616.152
Loop 477 (us) 507.821
Loop 478 (us) 522.093
Loop 479 (us) 1067.511
Loop 480 (us) 624.88
Loop 481 (us) 533.849
Loop 482 (us) 617.217
Loop 483 (us) 617.441
Loop 484 (us) 628.832
Loop 485 (us) 650.542
Loop 486 (us) 500.11
Loop 487 (us) 465.919
Loop 488 (us) 567.545
Loop 489 (us) 676.773
Loop 490 (us) 496.381
Loop 491 (us) 633.573
Loop 492 (us) 487.88
Loop 493 (us) 470.972
Loop 494 (us) 653.436
Loop 495 (us) 641.309
Loop 496 (us) 611.288
Loop 497 (us) 584.223
Loop 498 (us) 626.05
Loop 499 (us) 609.169
Loop 500 (us) 584.701
Loop 501 (us) 551.669
Loop 502 (us) 631.87
Loop 503 (us) 486.097
Loop 504 (us) 525.382
Loop 505 (us) 669.261
Loop 506 (us) 608.852
Loop 507 (us) 505.276
Loop 508 (us) 615.105
Loop 509 (us) 600.627
Loop 510 (us) 547.969
Loop 511 (us) 547.412
Loop 512 (us) 625.178
Loop 513 (us) 609.592
Loop 514 (us) 500.745
Loop 515 (us) 485.482
Loop 516 (us) 586.799
Loop 517 (us) 557.421
Loop 518 (us) 623.284
Loop 519 (us) 624.079
Loop 520 (us) 483.509
Loop 521 (us) 571.625
Loop 522 (us) 519.733
Loop 523 (us) 522.248
Loop 524 (us) 517.09
Loop 525 (us) 525.819
Loop 526 (us) 501.014
Loop 527 (us) 465.168
Loop 528 (us) 421.117
Loop 529 (us) 505.07
Loop 530 (us) 620.345
Loop 531 (us) 557.607
Loop 532 (us) 563.428
Loop 533 (us) 501.894
Loop 534 (us) 673.284
Loop 535 (us) 636.165
Loop 536 (us) 641.306
Loop 537 (us) 715.147
Loop 538 (us) 528.888
Loop 539 (us) 653.213
Loop 540 (us) 516.107
Loop 541 (us) 556.762
Loop 542 (us) 614.973
Loop 543 (us) 500.357
Loop 544 (us) 611.751
Loop 545 (us) 520.328
Loop 546 (us) 597.787
Loop 547 (us) 500.558
Loop 548 (us) 527.39
Loop 549 (us) 488.213
Loop 550 (us) 501.948
Loop 551 (us) 515.141
Loop 552 (us) 624.342
Loop 553 (us) 600.125
Loop 554 (us) 473.491
Loop 555 (us) 671.686
Loop 556 (us) 544.125
Loop 557 (us) 637.327
Loop 558 (us) 491.853
Loop 559 (us) 567.376
Loop 560 (us) 491.638
Loop 561 (us) 443.049
Loop 562 (us) 580.609
Loop 563 (us) 537.817
Loop 564 (us) 624.41
Loop 565 (us) 511.287
Loop 566 (us) 513.528
Loop 567 (us) 482.082
Loop 568 (us) 823.492
Loop 569 (us) 448.18
Loop 570 (us) 503.605
Loop 571 (us) 558.307
Loop 572 (us) 668.236
Loop 573 (us) 504.888
Loop 574 (us) 447.233
Loop 575 (us) 568.37
Loop 576 (us) 579.052
Loop 577 (us) 613.742
Loop 578 (us) 621.663
Loop 579 (us) 563.089
Loop 580 (us) 590.98
Loop 581 (us) 576.549
Loop 582 (us) 621.33
Loop 583 (us) 522.224
Loop 584 (us) 541.347
Loop 585 (us) 616.23
Loop 586 (us) 485.939
Loop 587 (us) 574.542
Loop 588 (us) 485.705
Loop 589 (us) 444.038
Loop 590 (us) 648.093
Loop 591 (us) 535.5
Loop 592 (us) 658.299
Loop 593 (us) 484.196
Loop 594 (us) 616.43
Loop 595 (us) 523.21
Loop 596 (us) 606.683
Loop 597 (us) 613.666
Loop 598 (us) 607.191
Loop 599 (us) 486.051
Loop 600 (us) 604.87
Loop 601 (us) 587.877
Loop 602 (us) 488.237
Loop 603 (us) 625.963
Loop 604 (us) 673.473
Loop 605 (us) 530.929
Loop 606 (us) 521.823
Loop 607 (us) 501.974
Loop 608 (us) 500.753
Loop 609 (us) 513.003
Loop 610 (us) 611.234
Loop 611 (us) 506.051
Loop 612 (us) 580.317
Loop 613 (us) 500.745
Loop 614 (us) 508.017
Loop 615 (us) 500.519
Loop 616 (us) 504.211
Loop 617 (us) 625.472
Loop 618 (us) 496.553
Loop 619 (us) 611.87
Loop 620 (us) 629.483
Loop 621 (us) 670.358
Loop 622 (us) 605.518
Loop 623 (us) 611.933
Loop 624 (us) 476.112
Loop 625 (us) 569.69
Loop 626 (us) 603.264
Loop 627 (us) 661.927
Loop 628 (us) 495.756
Loop 629 (us) 499.606
Loop 630 (us) 489.533
Loop 631 (us) 652.551
Loop 632 (us) 622.128
Loop 633 (us) 640.018
Loop 634 (us) 640.187
Loop 635 (us) 595.58
Loop 636 (us) 544.786
Loop 637 (us) 606.193
Loop 638 (us) 537.297
Loop 639 (us) 525.944
Loop 640 (us) 651.205
Loop 641 (us) 547.323
Loop 642 (us) 664.111
Loop 643 (us) 576.387
Loop 644 (us) 587.806
Loop 645 (us) 616.831
Loop 646 (us) 598.92
Loop 647 (us) 646.048
Loop 648 (us) 679.077
Loop 649 (us) 634.298
Loop 650 (us) 592.643
Loop 651 (us) 604.594
Loop 652 (us) 506.668
Loop 653 (us) 495.758
Loop 654 (us) 652.485
Loop 655 (us) 631.263
Loop 656 (us) 619.731
Loop 657 (us) 608.289
Loop 658 (us) 632.475
Loop 659 (us) 607.676
Loop 660 (us) 512.934
Loop 661 (us) 494.659
Loop 662 (us) 609.218
Loop 663 (us) 494.883
Loop 664 (us) 563.422
Loop 665 (us) 582.298
Loop 666 (us) 512.795
Loop 667 (us) 595.479
Loop 668 (us) 497.451
Loop 669 (us) 580.686
Loop 670 (us) 609.883
Loop 671 (us) 480.402
Loop 672 (us) 923.496
Loop 673 (us) 493.656
Loop 674 (us) 628.133
Loop 675 (us) 602.613
Loop 676 (us) 620.649
Loop 677 (us) 614.526
Loop 678 (us) 624.532
Loop 679 (us) 525.133
Loop 680 (us) 649.187
Loop 681 (us) 479.35
Loop 682 (us) 499.592
Loop 683 (us) 603.873
Loop 684 (us) 587.466
Loop 685 (us) 636.896
Loop 686 (us) 516.651
Loop 687 (us) 528.575
Loop 688 (us) 508.577
Loop 689 (us) 665.474
Loop 690 (us) 479.503
Loop 691 (us) 556.608
Loop 692 (us) 523.337
Loop 693 (us) 476.101
Loop 694 (us) 436.784
Loop 695 (us) 537.395
Loop 696 (us) 589.244
Loop 697 (us) 621.373
Loop 698 (us) 624.493
Loop 699 (us) 513.701
Loop 700 (us) 617.484
Loop 701 (us) 586.279
Loop 702 (us) 701.058
Loop 703 (us) 499.32
Loop 704 (us) 613.055
Loop 705 (us) 553.372
Loop 706 (us) 538.282
Loop 707 (us) 622.569
Loop 708 (us) 493.618
Loop 709 (us) 598.263
Loop 710 (us) 549.623
Loop 711 (us) 609.797
Loop 712 (us) 631.993
Loop 713 (us) 495.686
Loop 714 (us) 613.044
Loop 715 (us) 524.426
Loop 716 (us) 618.513
Loop 717 (us) 503.318
Loop 718 (us) 627.808
Loop 719 (us) 530.234
Loop 720 (us) 628.138
Loop 721 (us) 622.75
Loop 722 (us) 592.45
Loop 723 (us) 506.685
Loop 724 (us) 610.654
Loop 725 (us) 501.326
Loop 726 (us) 577.599
Loop 727 (us) 512.354
Loop 728 (us) 630.551
Loop 729 (us) 535.706
Loop 730 (us) 521.736
Loop 731 (us) 514.787
Loop 732 (us) 495.527
Loop 733 (us) 487.826
Loop 734 (us) 601.056
Loop 735 (us) 483.01
Loop 736 (us) 437.274
Loop 737 (us) 527.074
Loop 738 (us) 585.065
Loop 739 (us) 507.289
Loop 740 (us) 623.991
Loop 741 (us) 501.578
Loop 742 (us) 586.42
Loop 743 (us) 601.529
Loop 744 (us) 495.421
Loop 745 (us) 499.417
Loop 746 (us) 712.1
Loop 747 (us) 610.405
Loop 748 (us) 654.722
Loop 749 (us) 489.162
Loop 750 (us) 613.458
Loop 751 (us) 570.859
Loop 752 (us) 522.264
Loop 753 (us) 590.997
Loop 754 (us) 608.316
Loop 755 (us) 565.713
Loop 756 (us) 494.9
Loop 757 (us) 489.791
Loop 758 (us) 475.04
Loop 759 (us) 596.209
Loop 760 (us) 660.506
Loop 761 (us) 582.895
Loop 762 (us) 528.29
Loop 763 (us) 509.327
Loop 764 (us) 606.15
Loop 765 (us) 597.627
Loop 766 (us) 648.982
Loop 767 (us) 511.64
Loop 768 (us) 482.972
Loop 769 (us) 532.759
Loop 770 (us) 597.356
Loop 771 (us) 506.969
Loop 772 (us) 553.73
Loop 773 (us) 552.469
Loop 774 (us) 477.547
Loop 775 (us) 594.836
Loop 776 (us) 518.578
Loop 777 (us) 494.406
Loop 778 (us) 456.974
Loop 779 (us) 487.543
Loop 780 (us) 463.329
Loop 781 (us) 577.371
Loop 782 (us) 598.049
Loop 783 (us) 641.799
Loop 784 (us) 577.111
Loop 785 (us) 629.74
Loop 786 (us) 645.193
Loop 787 (us) 674.329
Loop 788 (us) 477.475
Loop 789 (us) 1204.908
Loop 790 (us) 603.831
Loop 791 (us) 493.957
Loop 792 (us) 478.74
Loop 793 (us) 571.204
Loop 794 (us) 694.334
Loop 795 (us) 612.472
Loop 796 (us) 483.46
Loop 797 (us) 597.25
Loop 798 (us) 520.54
Loop 799 (us) 604.317
Loop 800 (us) 617.272
Loop 801 (us) 580.894
Loop 802 (us) 537.555
Loop 803 (us) 651.929
Loop 804 (us) 479.373
Loop 805 (us) 487.003
Loop 806 (us) 439.559
Loop 807 (us) 562.678
Loop 808 (us) 638.436
Loop 809 (us) 481.491
Loop 810 (us) 559.07
Loop 811 (us) 485.063
Loop 812 (us) 479.563
Loop 813 (us) 438.145
Loop 814 (us) 430.434
Loop 815 (us) 480.256
Loop 816 (us) 510.361
Loop 817 (us) 437.087
Loop 818 (us) 521.655
Loop 819 (us) 475.758
Loop 820 (us) 448.788
Loop 821 (us) 626.831
Loop 822 (us) 502.503
Loop 823 (us) 549.819
Loop 824 (us) 626.071
Loop 825 (us) 591.99
Loop 826 (us) 612.593
Loop 827 (us) 638.921
Loop 828 (us) 608.507
Loop 829 (us) 610.645
Loop 830 (us) 479.864
Loop 831 (us) 562.941
Loop 832 (us) 560.967
Loop 833 (us) 483.589
Loop 834 (us) 649.777
Loop 835 (us) 557.144
Loop 836 (us) 522.14
Loop 837 (us) 649.091
Loop 838 (us) 627.776
Loop 839 (us) 616.936
Loop 840 (us) 615.59
Loop 841 (us) 494.057
Loop 842 (us) 579.234
Loop 843 (us) 508.672
Loop 844 (us) 535.031
Loop 845 (us) 513.793
Loop 846 (us) 651.004
Loop 847 (us) 603.242
Loop 848 (us) 477.468
Loop 849 (us) 632.832
Loop 850 (us) 558.308
Loop 851 (us) 503.799
Loop 852 (us) 624.977
Loop 853 (us) 493.923
Loop 854 (us) 486.26
Loop 855 (us) 435.426
Loop 856 (us) 552.389
Loop 857 (us) 490.554
Loop 858 (us) 478.556
Loop 859 (us) 496.343
Loop 860 (us) 468.692
Loop 861 (us) 593.088
Loop 862 (us) 567.23
Loop 863 (us) 568.448
Loop 864 (us) 609.2
Loop 865 (us) 592.456
Loop 866 (us) 476.796
Loop 867 (us) 556.418
Loop 868 (us) 640.04
Loop 869 (us) 571.912
Loop 870 (us) 497.036
Loop 871 (us) 609.546
Loop 872 (us) 496.928
Loop 873 (us) 557.042
Loop 874 (us) 505.663
Loop 875 (us) 496.05
Loop 876 (us) 711.253
Loop 877 (us) 613.03
Loop 878 (us) 494.551
Loop 879 (us) 597.609
Loop 880 (us) 594.397
Loop 881 (us) 641.167
Loop 882 (us) 522.961
Loop 883 (us) 508.347
Loop 884 (us) 618.014
Loop 885 (us) 670.46
Loop 886 (us) 650.653
Loop 887 (us) 1507.679
Loop 888 (us) 613.325
Loop 889 (us) 624.02
Loop 890 (us) 515.584
Loop 891 (us) 603.54
Loop 892 (us) 514.611
Loop 893 (us) 643.05
Loop 894 (us) 555.479
Loop 895 (us) 604.089
Loop 896 (us) 606.903
Loop 897 (us) 630.792
Loop 898 (us) 673.35
Loop 899 (us) 612.374
Loop 900 (us) 611.064
Loop 901 (us) 612.368
Loop 902 (us) 503.208
Loop 903 (us) 494.829
Loop 904 (us) 519.119
Loop 905 (us) 621.999
Loop 906 (us) 501.544
Loop 907 (us) 456.123
Loop 908 (us) 514.884
Loop 909 (us) 584.437
Loop 910 (us) 515.622
Loop 911 (us) 475.525
Loop 912 (us) 497.652
Loop 913 (us) 698.525
Loop 914 (us) 482.394
Loop 915 (us) 607.676
Loop 916 (us) 465.015
Loop 917 (us) 475.117
Loop 918 (us) 488.022
Loop 919 (us) 651.214
Loop 920 (us) 641.105
Loop 921 (us) 613.423
Loop 922 (us) 637.346
Loop 923 (us) 648.294
Loop 924 (us) 518.239
Loop 925 (us) 611.818
Loop 926 (us) 521.054
Loop 927 (us) 640.231
Loop 928 (us) 490.274
Loop 929 (us) 437.723
Loop 930 (us) 579.675
Loop 931 (us) 504.69
Loop 932 (us) 636.752
Loop 933 (us) 475.845
Loop 934 (us) 436.106
Loop 935 (us) 552.703
Loop 936 (us) 531.775
Loop 937 (us) 502.531
Loop 938 (us) 458.401
Loop 939 (us) 568.488
Loop 940 (us) 614.284
Loop 941 (us) 494.461
Loop 942 (us) 537.607
Loop 943 (us) 496.305
Loop 944 (us) 652.461
Loop 945 (us) 627.479
Loop 946 (us) 891.657
Loop 947 (us) 443.109
Loop 948 (us) 570.647
Loop 949 (us) 585.016
Loop 950 (us) 511.826
Loop 951 (us) 612.555
Loop 952 (us) 681.308
Loop 953 (us) 511.756
Loop 954 (us) 507.398
Loop 955 (us) 652.323
Loop 956 (us) 584.332
Loop 957 (us) 567.509
Loop 958 (us) 673.837
Loop 959 (us) 623.62
Loop 960 (us) 475.475
Loop 961 (us) 507.369
Loop 962 (us) 652.925
Loop 963 (us) 612.577
Loop 964 (us) 621.889
Loop 965 (us) 526.963
Loop 966 (us) 529.105
Loop 967 (us) 488.345
Loop 968 (us) 517.945
Loop 969 (us) 646.666
Loop 970 (us) 609.994
Loop 971 (us) 652.85
Loop 972 (us) 647.052
Loop 973 (us) 606.697
Loop 974 (us) 527.041
Loop 975 (us) 538.916
Loop 976 (us) 523.163
Loop 977 (us) 675.787
Loop 978 (us) 523.378
Loop 979 (us) 646.031
Loop 980 (us) 638.105
Loop 981 (us) 648.749
Loop 982 (us) 484.383
Loop 983 (us) 613.97
Loop 984 (us) 587.515
Loop 985 (us) 660.987
Loop 986 (us) 651.772
Loop 987 (us) 615.503
Loop 988 (us) 635.254
Loop 989 (us) 618.254
Loop 990 (us) 523.884
Loop 991 (us) 519.393
Loop 992 (us) 585.094
Loop 993 (us) 494.48
Loop 994 (us) 505.287
Loop 995 (us) 496.692
Loop 996 (us) 514.474
Loop 997 (us) 489.403
Loop 998 (us) 616.296
Loop 999 (us) 527.68
Warmup times 0
avgLoopLatency(us) 588.271066
iops 1699.896625546428
variance 327.13164021972227
Loop 0 [476400, 212777, 26427, 229116]
Loop 1 [435670, 172260, 32266, 223115]
Loop 2 [449909, 164805, 25997, 229843]
Loop 3 [430507, 167000, 26496, 228006]
Loop 4 [523626, 244345, 52088, 214799]
Loop 5 [494487, 212086, 29802, 242624]
Loop 6 [582326, 306887, 45343, 219561]
Loop 7 [498675, 230632, 36502, 223343]
Loop 8 [496653, 230042, 33941, 223568]
Loop 9 [495299, 229233, 33133, 224895]
Loop 10 [493534, 227352, 34030, 223743]
Loop 11 [535187, 266943, 35363, 224575]
Loop 12 [491038, 219623, 34489, 227372]
Loop 13 [549654, 276337, 45016, 220822]
Loop 14 [501752, 236084, 33988, 223687]
Loop 15 [545649, 272966, 40067, 223688]
Loop 16 [501699, 236150, 34959, 222733]
Loop 17 [523526, 236748, 45614, 224110]
Loop 18 [590846, 295890, 50949, 232538]
Loop 19 [522071, 235814, 41048, 235363]
Loop 20 [512312, 236380, 40633, 223905]
Loop 21 [607143, 323591, 45903, 221761]
Loop 22 [583103, 307250, 47934, 217799]
Loop 23 [629231, 336092, 52310, 230493]
Loop 24 [531094, 243717, 38356, 239142]
Loop 25 [536543, 229213, 32414, 266272]
Loop 26 [619906, 344437, 52621, 215474]
Loop 27 [615385, 323218, 55747, 225741]
Loop 28 [800275, 431019, 101724, 224691]
Loop 29 [492787, 223240, 37051, 222826]
Loop 30 [532217, 256300, 39390, 229589]
Loop 31 [646740, 356140, 56258, 224300]
Loop 32 [657000, 371368, 54708, 221242]
Loop 33 [632465, 339880, 55484, 226749]
Loop 34 [8115904, 7243307, 428250, 175379]
Loop 35 [624857, 325783, 118242, 171208]
Loop 36 [597088, 286514, 60832, 236834]
Loop 37 [545686, 252097, 52504, 229265]
Loop 38 [543416, 250279, 54099, 228010]
Loop 39 [641208, 342715, 138476, 149177]
Loop 40 [709780, 398661, 77980, 209354]
Loop 41 [635665, 321199, 146680, 146303]
Loop 42 [553167, 250605, 112693, 176150]
Loop 43 [534040, 245127, 106226, 169693]
Loop 44 [517330, 225460, 98724, 183776]
Loop 45 [631912, 342179, 63360, 218910]
Loop 46 [589444, 301433, 111525, 166344]
Loop 47 [538557, 249751, 110024, 168308]
Loop 48 [502044, 224855, 91518, 176526]
Loop 49 [489856, 206231, 98779, 177559]
Loop 50 [498991, 222448, 89371, 177642]
Loop 51 [590811, 311661, 61803, 209744]
Loop 52 [593191, 302553, 117734, 163649]
Loop 53 [674702, 368074, 69362, 227856]
Loop 54 [704322, 407425, 137567, 148540]
Loop 55 [505993, 222904, 96648, 175052]
Loop 56 [459692, 184397, 82063, 186402]
Loop 57 [609929, 324964, 57933, 220105]
Loop 58 [540943, 253754, 51901, 226181]
Loop 59 [542596, 248506, 55961, 228111]
Loop 60 [649273, 350468, 125318, 163757]
Loop 61 [670323, 368586, 67593, 217663]
Loop 62 [521837, 232645, 50538, 229658]
Loop 63 [543219, 258594, 55890, 218463]
Loop 64 [535655, 248397, 109844, 167648]
Loop 65 [824718, 233893, 429572, 150072]
Loop 66 [660718, 278044, 147515, 224562]
Loop 67 [529387, 229148, 80303, 205800]
Loop 68 [575040, 299979, 46959, 218044]
Loop 69 [553006, 263812, 48650, 218579]
Loop 70 [586840, 307197, 39637, 228752]
Loop 71 [582077, 280679, 82009, 210310]
Loop 72 [521092, 247481, 42550, 221229]
Loop 73 [617475, 332840, 48259, 226054]
Loop 74 [516668, 218913, 35447, 253145]
Loop 75 [583386, 243955, 36280, 244429]
Loop 76 [644701, 346403, 52180, 235639]
Loop 77 [489145, 224060, 31781, 223516]
Loop 78 [446424, 188507, 25178, 226507]
Loop 79 [546925, 279333, 41070, 219336]
Loop 80 [612662, 338566, 48426, 215813]
Loop 81 [617785, 293157, 38961, 219528]
Loop 82 [729709, 377825, 51450, 166534]
Loop 83 [556556, 243839, 31995, 222786]
Loop 84 [502629, 221953, 31689, 239926]
Loop 85 [618951, 349420, 47308, 214694]
Loop 86 [484893, 221415, 64562, 189314]
Loop 87 [586653, 311165, 76090, 187751]
Loop 88 [676416, 334528, 114569, 216462]
Loop 89 [632105, 358090, 46903, 217601]
Loop 90 [615666, 259810, 86373, 258373]
Loop 91 [741398, 368876, 67361, 293304]
Loop 92 [627488, 355708, 42802, 218601]
Loop 93 [660992, 375632, 41216, 234446]
Loop 94 [632337, 314839, 33649, 242676]
Loop 95 [537148, 243928, 26718, 257950]
Loop 96 [530299, 248860, 29504, 243223]
Loop 97 [615736, 343977, 42488, 219938]
Loop 98 [486114, 223550, 26301, 227113]
Loop 99 [584015, 319717, 33865, 223341]
Loop 100 [492062, 221881, 24038, 238131]
Loop 101 [443770, 184396, 22248, 231281]
Loop 102 [569121, 303142, 34743, 223424]
Loop 103 [586395, 315176, 36195, 225686]
Loop 104 [553913, 265013, 28591, 251758]
Loop 105 [589274, 322522, 36448, 220735]
Loop 106 [482765, 222943, 21973, 229234]
Loop 107 [586063, 318220, 35648, 225613]
Loop 108 [572431, 302566, 38625, 221469]
Loop 109 [504505, 243122, 25820, 226784]
Loop 110 [470737, 205425, 27661, 227299]
Loop 111 [507100, 244532, 27184, 226090]
Loop 112 [681566, 352036, 46146, 273179]
Loop 113 [1428392, 320587, 37344, 218705]
Loop 114 [479449, 220574, 22358, 228653]
Loop 115 [512376, 250544, 29761, 224238]
Loop 116 [486939, 210626, 23854, 230086]
Loop 117 [659182, 365572, 41016, 242708]
Loop 118 [524003, 246197, 26126, 243307]
Loop 119 [521609, 243217, 25658, 243643]
Loop 120 [601529, 333440, 39759, 219705]
Loop 121 [610189, 331853, 35115, 233919]
Loop 122 [570583, 279082, 28602, 253527]
Loop 123 [611256, 341751, 37859, 221060]
Loop 124 [6221639, 5786420, 166137, 189502]
Loop 125 [512312, 229328, 32384, 238596]
Loop 126 [458884, 194179, 29060, 226925]
Loop 127 [542010, 263158, 40671, 229301]
Loop 128 [604034, 322903, 58449, 209515]
Loop 129 [624934, 337895, 51469, 223144]
Loop 130 [615389, 341664, 47956, 216774]
Loop 131 [624500, 335974, 48181, 226408]
Loop 132 [624306, 344397, 57927, 210273]
Loop 133 [594080, 298357, 40531, 238105]
Loop 134 [618104, 336497, 54995, 212943]
Loop 135 [714829, 386694, 58290, 256835]
Loop 136 [519488, 246216, 36456, 227764]
Loop 137 [526064, 245145, 34687, 237171]
Loop 138 [648823, 375704, 55275, 210758]
Loop 139 [625355, 313819, 43955, 255368]
Loop 140 [503463, 225490, 34648, 236000]
Loop 141 [569800, 303169, 46584, 213447]
Loop 142 [498442, 231788, 35214, 220690]
Loop 143 [567270, 294339, 46942, 215947]
Loop 144 [485004, 221773, 31983, 222481]
Loop 145 [462782, 203972, 33303, 219568]
Loop 146 [652728, 364545, 52089, 221787]
Loop 147 [634704, 357514, 45864, 222579]
Loop 148 [602330, 308155, 58602, 227174]
Loop 149 [502035, 222599, 32624, 238618]
Loop 150 [499268, 235755, 33919, 222866]
Loop 151 [560930, 291738, 46581, 204910]
Loop 152 [637535, 310568, 45929, 272536]
Loop 153 [501752, 222323, 32662, 239157]
Loop 154 [571944, 306246, 42533, 216726]
Loop 155 [507434, 243510, 37070, 219078]
Loop 156 [603697, 325849, 38976, 222784]
Loop 157 [604515, 327516, 44622, 220126]
Loop 158 [487482, 225241, 28261, 225761]
Loop 159 [449784, 192326, 24370, 226853]
Loop 160 [582903, 302539, 30331, 243350]
Loop 161 [485674, 221856, 22753, 231654]
Loop 162 [477329, 213988, 27402, 227971]
Loop 163 [494483, 222285, 24689, 239020]
Loop 164 [527982, 266879, 32475, 221921]
Loop 165 [598673, 326640, 46317, 217089]
Loop 166 [665123, 387472, 55874, 212913]
Loop 167 [622565, 329556, 35680, 248238]
Loop 168 [634535, 355043, 38454, 232179]
Loop 169 [589259, 310799, 35426, 234206]
Loop 170 [603293, 336760, 48061, 209874]
Loop 171 [505447, 243249, 27888, 226662]
Loop 172 [612193, 333323, 36510, 233113]
Loop 173 [605391, 337221, 41020, 217901]
Loop 174 [480634, 220229, 25889, 226749]
Loop 175 [567025, 302341, 32743, 225385]
Loop 176 [586196, 321009, 36340, 220804]
Loop 177 [482059, 221627, 26715, 226007]
Loop 178 [598221, 324844, 49600, 213731]
Loop 179 [503088, 230028, 24573, 240158]
Loop 180 [508454, 245349, 26761, 229684]
Loop 181 [569094, 301410, 37354, 220837]
Loop 182 [509421, 247943, 28074, 225546]
Loop 183 [615866, 334874, 37985, 233499]
Loop 184 [619832, 342202, 37586, 231758]
Loop 185 [657649, 369203, 36926, 242816]
Loop 186 [534657, 241975, 22575, 260930]
Loop 187 [621875, 355941, 36895, 220426]
Loop 188 [501819, 241202, 23769, 229108]
Loop 189 [531831, 270242, 29028, 224250]
Loop 190 [501286, 239407, 27769, 225218]
Loop 191 [617597, 337346, 37216, 233860]
Loop 192 [602438, 335600, 37156, 220811]
Loop 193 [609046, 331296, 36066, 233594]
Loop 194 [518694, 242004, 23134, 244891]
Loop 195 [519259, 241806, 25308, 244042]
Loop 196 [519831, 242991, 25832, 243077]
Loop 197 [499928, 222409, 31592, 237799]
Loop 198 [495263, 233569, 26462, 229190]
Loop 199 [493551, 222989, 24200, 238256]
Loop 200 [529970, 255768, 36497, 224554]
Loop 201 [641539, 368767, 44410, 221273]
Loop 202 [578576, 312732, 30882, 224156]
Loop 203 [578750, 313841, 30815, 224373]
Loop 204 [506329, 242398, 28148, 226111]
Loop 205 [481266, 220392, 26034, 226757]
Loop 206 [538928, 274780, 31098, 226552]
Loop 207 [574724, 299418, 28352, 237901]
Loop 208 [600118, 334541, 36855, 219940]
Loop 209 [469461, 209816, 26542, 225434]
Loop 210 [609991, 329330, 36500, 235716]
Loop 211 [602250, 336378, 36261, 220666]
Loop 212 [504345, 243184, 29371, 223898]
Loop 213 [484164, 222083, 26698, 227335]
Loop 214 [640770, 372051, 37859, 223297]
Loop 215 [495102, 225906, 22070, 238454]
Loop 216 [515442, 244636, 24665, 240240]
Loop 217 [603533, 337034, 37216, 220940]
Loop 218 [502352, 240952, 25635, 227561]
Loop 219 [481722, 220580, 26254, 226744]
Loop 220 [590333, 324812, 32543, 226220]
Loop 221 [616359, 332477, 42711, 226127]
Loop 222 [639982, 344193, 46266, 237667]
Loop 223 [578516, 314620, 35738, 220348]
Loop 224 [483013, 223040, 25427, 226561]
Loop 225 [577356, 312198, 31950, 226415]
Loop 226 [589433, 319568, 36802, 224416]
Loop 227 [606881, 327113, 37001, 234616]
Loop 228 [496388, 220904, 23336, 244109]
Loop 229 [594618, 326024, 39245, 220057]
Loop 230 [624780, 333498, 36237, 232493]
Loop 231 [572895, 308747, 34799, 221352]
Loop 232 [619382, 338950, 38799, 232936]
Loop 233 [614718, 346169, 40379, 219167]
Loop 234 [611525, 332224, 37233, 232821]
Loop 235 [551060, 262120, 31155, 249535]
Loop 236 [606172, 338904, 36146, 221895]
Loop 237 [621518, 343253, 37922, 231638]
Loop 238 [521607, 244601, 24676, 243565]
Loop 239 [616208, 349047, 39046, 219652]
Loop 240 [641453, 331116, 37766, 264201]
Loop 241 [601614, 321322, 40905, 223519]
Loop 242 [499593, 236587, 26128, 228731]
Loop 243 [616256, 341322, 49052, 216576]
Loop 244 [629007, 347528, 37600, 231840]
Loop 245 [617386, 352913, 37264, 218943]
Loop 246 [634497, 356218, 36675, 233363]
Loop 247 [611180, 345483, 38166, 219296]
Loop 248 [484543, 223946, 26753, 226004]
Loop 249 [458213, 201462, 23721, 227176]
Loop 250 [566414, 303633, 31709, 224650]
Loop 251 [610962, 332066, 42641, 227093]
Loop 252 [526939, 265377, 25098, 227849]
Loop 253 [648414, 358569, 39269, 241069]
Loop 254 [664631, 396937, 40451, 218054]
Loop 255 [512067, 247755, 30108, 225563]
Loop 256 [511107, 247913, 28872, 225304]
Loop 257 [648581, 367916, 37623, 233703]
Loop 258 [638956, 372238, 38326, 219003]
Loop 259 [622447, 340327, 36605, 236852]
Loop 260 [506966, 230170, 25273, 243311]
Loop 261 [568166, 305380, 33300, 223073]
Loop 262 [541192, 263394, 37632, 229435]
Loop 263 [523837, 260806, 29362, 224775]
Loop 264 [657735, 369673, 37799, 240941]
Loop 265 [608957, 342697, 38127, 218955]
Loop 266 [482333, 222301, 26672, 225107]
Loop 267 [575848, 311059, 32724, 225330]
Loop 268 [493257, 224299, 25122, 236093]
Loop 269 [540053, 277343, 32671, 223419]
Loop 270 [592304, 318869, 33944, 231023]
Loop 271 [486826, 210830, 26318, 241474]
Loop 272 [498972, 222163, 25279, 243706]
Loop 273 [506246, 242483, 27240, 229832]
Loop 274 [600902, 333615, 39558, 218306]
Loop 275 [655240, 334023, 36242, 276164]
Loop 276 [519522, 229288, 23421, 258888]
Loop 277 [489823, 214478, 25889, 243129]
Loop 278 [3546046, 3033148, 245410, 164882]
Loop 279 [507656, 209312, 38355, 222967]
Loop 280 [610295, 333059, 52760, 211399]
Loop 281 [580536, 298507, 46888, 216474]
Loop 282 [607836, 312951, 104025, 177136]
Loop 283 [636589, 347528, 58944, 220470]
Loop 284 [613780, 341635, 48801, 212262]
Loop 285 [617899, 332856, 47542, 226436]
Loop 286 [571556, 259149, 42572, 260289]
Loop 287 [504048, 222739, 35338, 237059]
Loop 288 [677917, 394063, 103722, 172820]
Loop 289 [517350, 249848, 41511, 217364]
Loop 290 [532514, 240528, 111050, 172574]
Loop 291 [613019, 312889, 111316, 178099]
Loop 292 [542016, 248537, 39216, 245379]
Loop 293 [630062, 356780, 54567, 209466]
Loop 294 [624979, 340542, 51295, 223349]
Loop 295 [631962, 351577, 63075, 206622]
Loop 296 [613272, 332617, 47613, 224735]
Loop 297 [548313, 251383, 104738, 183654]
Loop 298 [617468, 346427, 52001, 210136]
Loop 299 [641854, 340730, 102632, 186135]
Loop 300 [610526, 339927, 49619, 211947]
Loop 301 [551830, 251562, 114621, 174734]
Loop 302 [488246, 222316, 38445, 218728]
Loop 303 [502028, 239218, 37204, 218790]
Loop 304 [616339, 329356, 47764, 229406]
Loop 305 [600854, 331996, 47644, 212573]
Loop 306 [642730, 334136, 96206, 192687]
Loop 307 [531399, 245089, 38739, 233823]
Loop 308 [661812, 385735, 55747, 211366]
Loop 309 [583778, 313026, 48376, 213324]
Loop 310 [665015, 380574, 39365, 232920]
Loop 311 [478431, 209225, 23866, 237784]
Loop 312 [569116, 306948, 32507, 223583]
Loop 313 [512677, 251789, 27579, 224891]
Loop 314 [684976, 399515, 42148, 232111]
Loop 315 [498849, 222245, 23506, 245180]
Loop 316 [445269, 187435, 19876, 232153]
Loop 317 [573280, 308719, 28079, 230296]
Loop 318 [484810, 220501, 22918, 233264]
Loop 319 [600295, 311451, 44745, 218126]
Loop 320 [569628, 294869, 40421, 223600]
Loop 321 [606142, 336604, 39346, 219068]
Loop 322 [616829, 336924, 63892, 205483]
Loop 323 [614052, 343916, 40799, 218042]
Loop 324 [590852, 307978, 39470, 233849]
Loop 325 [655530, 384944, 42886, 217597]
Loop 326 [615273, 325388, 36245, 243420]
Loop 327 [567973, 285196, 30497, 242572]
Loop 328 [518350, 241108, 23898, 245053]
Loop 329 [523930, 245100, 25179, 244826]
Loop 330 [557508, 266795, 31195, 249850]
Loop 331 [646422, 378054, 41347, 217878]
Loop 332 [645472, 364445, 37233, 234958]
Loop 333 [648892, 382202, 39690, 218726]
Loop 334 [613312, 334247, 37414, 232985]
Loop 335 [643942, 377966, 39672, 217607]
Loop 336 [922736, 494601, 114314, 197081]
Loop 337 [610380, 329609, 47544, 224417]
Loop 338 [528861, 248442, 46439, 223017]
Loop 339 [622193, 348032, 53077, 211076]
Loop 340 [619242, 336483, 50161, 223401]
Loop 341 [587404, 299876, 45977, 232446]
Loop 342 [526099, 244077, 38975, 234172]
Loop 343 [611663, 339579, 51503, 210932]
Loop 344 [617406, 333056, 47602, 226823]
Loop 345 [612087, 340868, 50099, 212480]
Loop 346 [612937, 331178, 46131, 226582]
Loop 347 [639094, 359754, 65253, 205729]
Loop 348 [484636, 219364, 36858, 219067]
Loop 349 [680388, 394325, 50053, 226077]
Loop 350 [506935, 227659, 32211, 239337]
Loop 351 [451988, 190612, 30866, 223980]
Loop 352 [570007, 305083, 43299, 215291]
Loop 353 [596298, 320996, 48074, 217721]
Loop 354 [614440, 343980, 51375, 210285]
Loop 355 [572495, 293928, 42047, 227703]
Loop 356 [631105, 331783, 50106, 234565]
Loop 357 [510656, 240808, 38938, 222240]
Loop 358 [519188, 237280, 36901, 236411]
Loop 359 [631820, 352314, 61684, 208687]
Loop 360 [651917, 357453, 46268, 236999]
Loop 361 [614793, 342192, 53604, 210195]
Loop 362 [486013, 221558, 34832, 220597]
Loop 363 [604664, 322027, 60940, 212747]
Loop 364 [529508, 250615, 45268, 223979]
Loop 365 [667230, 391762, 58483, 207072]
Loop 366 [624529, 340120, 51779, 223169]
Loop 367 [531205, 247630, 40349, 233845]
Loop 368 [550387, 245563, 27773, 268071]
Loop 369 [611264, 345363, 37907, 218912]
Loop 370 [620481, 340300, 38664, 232521]
Loop 371 [499509, 222686, 25344, 243498]
Loop 372 [583970, 312434, 32903, 231447]
Loop 373 [492530, 217746, 26435, 239937]
Loop 374 [487036, 222985, 30839, 223646]
Loop 375 [438065, 182316, 19720, 230170]
Loop 376 [549145, 289681, 26341, 227330]
Loop 377 [451367, 191726, 21500, 229666]
Loop 378 [515636, 246731, 22884, 238026]
Loop 379 [478990, 220650, 23441, 226721]
Loop 380 [592108, 311609, 32741, 240710]
Loop 381 [608469, 340100, 35813, 222882]
Loop 382 [620016, 339492, 36626, 234364]
Loop 383 [610046, 335471, 44548, 221608]
Loop 384 [619232, 337531, 37451, 231747]
Loop 385 [577639, 295531, 29435, 243170]
Loop 386 [653005, 383854, 39075, 220391]
Loop 387 [506277, 243989, 27355, 226310]
Loop 388 [580933, 293435, 34628, 243917]
Loop 389 [589633, 324407, 36499, 219842]
Loop 390 [632824, 357151, 37213, 229214]
Loop 391 [502316, 231066, 30938, 230711]
Loop 392 [518509, 256362, 26096, 228919]
Loop 393 [620707, 355025, 35556, 220494]
Loop 394 [618970, 339578, 38282, 231852]
Loop 395 [514269, 246952, 25895, 233283]
Loop 396 [493164, 217019, 26626, 241222]
Loop 397 [516996, 244586, 29884, 233754]
Loop 398 [635263, 368929, 37053, 220658]
Loop 399 [485093, 223656, 23842, 228831]
Loop 400 [517358, 250746, 25419, 234644]
Loop 401 [604325, 328062, 36947, 230264]
Loop 402 [599916, 335122, 35706, 220862]
Loop 403 [526403, 251497, 26889, 240127]
Loop 404 [1853961, 899225, 375982, 192061]
Loop 405 [485004, 219808, 38077, 217656]
Loop 406 [460094, 182675, 29439, 223043]
Loop 407 [500318, 231049, 42335, 219093]
Loop 408 [681024, 372341, 121012, 175209]
Loop 409 [559798, 246270, 42746, 233840]
Loop 410 [631829, 357153, 52981, 210660]
Loop 411 [509398, 223621, 89738, 183269]
Loop 412 [449385, 190816, 30179, 221937]
Loop 413 [574327, 306285, 45930, 215062]
Loop 414 [556449, 284571, 43495, 217795]
Loop 415 [486857, 222062, 35694, 219955]
Loop 416 [486970, 222852, 35827, 219873]
Loop 417 [470233, 205481, 32499, 222469]
Loop 418 [485516, 221853, 35483, 219193]
Loop 419 [536420, 271459, 41861, 215880]
Loop 420 [486888, 222162, 35716, 220509]
Loop 421 [487242, 202965, 33190, 244688]
Loop 422 [649105, 367701, 53345, 219302]
Loop 423 [600904, 313778, 47461, 231022]
Loop 424 [531165, 241449, 45963, 235230]
Loop 425 [721976, 403329, 146612, 161216]
Loop 426 [662846, 361719, 67496, 223367]
Loop 427 [587660, 317891, 46355, 214592]
Loop 428 [515990, 250023, 37728, 219644]
Loop 429 [515983, 243124, 37294, 225324]
Loop 430 [484024, 221233, 32708, 222372]
Loop 431 [655810, 353136, 127524, 168159]
Loop 432 [540378, 257891, 39207, 234520]
Loop 433 [618880, 342753, 52489, 214298]
Loop 434 [627819, 343040, 50619, 224668]
Loop 435 [633933, 338117, 109742, 177699]
Loop 436 [537676, 266799, 27727, 234714]
Loop 437 [623077, 342934, 38225, 231861]
Loop 438 [611764, 345814, 36850, 220363]
Loop 439 [619370, 339903, 38501, 232007]
Loop 440 [527866, 249187, 27990, 242040]
Loop 441 [530854, 249470, 33377, 238438]
Loop 442 [669727, 401874, 38677, 220247]
Loop 443 [660049, 378522, 38850, 233722]
Loop 444 [593555, 328186, 34786, 222448]
Loop 445 [642460, 361219, 39281, 233247]
Loop 446 [688160, 381135, 39910, 219181]
Loop 447 [623080, 334161, 36590, 243402]
Loop 448 [640339, 373224, 37050, 221373]
Loop 449 [504154, 240526, 24690, 227419]
Loop 450 [526983, 263786, 28613, 226221]
Loop 451 [681000, 395360, 43090, 233003]
Loop 452 [522273, 243835, 28564, 241025]
Loop 453 [615847, 349510, 38505, 219228]
Loop 454 [628765, 350056, 37470, 231898]
Loop 455 [602204, 336013, 36725, 220919]
Loop 456 [629543, 348789, 40481, 230578]
Loop 457 [1611154, 339897, 1042897, 177039]
Loop 458 [497432, 230856, 33409, 223584]
Loop 459 [597252, 316038, 34933, 239396]
Loop 460 [539263, 259502, 27093, 243786]
Loop 461 [614357, 346285, 36112, 221697]
Loop 462 [482881, 222182, 22419, 229700]
Loop 463 [573635, 308902, 32903, 225036]
Loop 464 [535858, 264247, 30326, 232365]
Loop 465 [648336, 381133, 36820, 221345]
Loop 466 [490790, 228568, 25250, 228134]
Loop 467 [443014, 185514, 21213, 229689]
Loop 468 [576395, 314311, 31752, 223501]
Loop 469 [579935, 300399, 30273, 241548]
Loop 470 [450070, 191059, 22632, 228086]
Loop 471 [488919, 226637, 25409, 228808]
Loop 472 [572668, 307637, 34214, 223639]
Loop 473 [647891, 363089, 45122, 222315]
Loop 474 [522023, 256750, 26137, 229063]
Loop 475 [649884, 374885, 44846, 220619]
Loop 476 [616152, 335715, 33797, 235433]
Loop 477 [507821, 230148, 27114, 243252]
Loop 478 [522093, 253088, 27947, 234405]
Loop 479 [1067511, 610863, 169424, 179907]
Loop 480 [624880, 324281, 55761, 234215]
Loop 481 [533849, 249446, 39117, 235667]
Loop 482 [617217, 343589, 53106, 211012]
Loop 483 [617441, 334476, 52174, 221771]
Loop 484 [628832, 344711, 98928, 175930]
Loop 485 [650542, 335391, 50527, 233712]
Loop 486 [500110, 221396, 34895, 235698]
Loop 487 [465919, 183549, 77466, 198690]
Loop 488 [567545, 298966, 42593, 217703]
Loop 489 [676773, 376137, 69525, 219335]
Loop 490 [496381, 210303, 77802, 200280]
Loop 491 [633573, 354415, 96405, 175198]
Loop 492 [487880, 222114, 33046, 222383]
Loop 493 [470972, 209206, 33671, 221585]
Loop 494 [653436, 371097, 52291, 220712]
Loop 495 [641309, 364657, 50511, 214564]
Loop 496 [611288, 315741, 90940, 195778]
Loop 497 [584223, 314177, 46531, 214939]
Loop 498 [626050, 338068, 51362, 224919]
Loop 499 [609169, 338913, 48995, 212433]
Loop 500 [584701, 303269, 48141, 224360]
Loop 501 [551669, 258777, 39318, 245098]
Loop 502 [631870, 346113, 112304, 164372]
Loop 503 [486097, 222664, 32747, 222626]
Loop 504 [525382, 255196, 46011, 215471]
Loop 505 [669261, 382943, 54240, 222990]
Loop 506 [608852, 337413, 51461, 211439]
Loop 507 [505276, 240349, 34728, 221924]
Loop 508 [615105, 334192, 46119, 226755]
Loop 509 [600627, 333950, 47520, 211092]
Loop 510 [547969, 239308, 124667, 175345]
Loop 511 [547412, 263761, 52111, 221687]
Loop 512 [625178, 344955, 38691, 232493]
Loop 513 [609592, 342434, 37826, 220826]
Loop 514 [500745, 238907, 23531, 230176]
Loop 515 [485482, 224470, 24194, 229172]
Loop 516 [586799, 310130, 35459, 234313]
Loop 517 [557421, 292091, 32477, 223903]
Loop 518 [623284, 343792, 39875, 230479]
Loop 519 [624079, 354283, 40452, 219331]
Loop 520 [483509, 222240, 25738, 226258]
Loop 521 [571625, 307888, 34282, 222822]
Loop 522 [519733, 249840, 29130, 232504]
Loop 523 [522248, 243365, 28845, 240667]
Loop 524 [517090, 238253, 29591, 240761]
Loop 525 [525819, 246760, 30696, 240657]
Loop 526 [501014, 224089, 25379, 243697]
Loop 527 [465168, 205725, 22068, 230645]
Loop 528 [421117, 165189, 21257, 229633]
Loop 529 [505070, 244257, 23490, 230959]
Loop 530 [620345, 353927, 56499, 201577]
Loop 531 [557607, 295429, 27464, 225412]
Loop 532 [563428, 298591, 31002, 224677]
Loop 533 [501894, 240002, 26849, 226363]
Loop 534 [673284, 388363, 42903, 230650]
Loop 535 [636165, 362375, 38449, 226954]
Loop 536 [641306, 330507, 37113, 264621]
Loop 537 [715147, 344166, 60795, 221325]
Loop 538 [528888, 258808, 24379, 235344]
Loop 539 [653213, 371708, 45630, 224130]
Loop 540 [516107, 234639, 29679, 241631]
Loop 541 [556762, 265960, 28330, 252703]
Loop 542 [614973, 346503, 37196, 221726]
Loop 543 [500357, 239610, 25295, 226510]
Loop 544 [611751, 334183, 39140, 230262]
Loop 545 [520328, 242688, 25804, 243115]
Loop 546 [597787, 332937, 36792, 219825]
Loop 547 [500558, 239960, 27091, 225067]
Loop 548 [527390, 257994, 34692, 222259]
Loop 549 [488213, 227080, 26081, 226410]
Loop 550 [501948, 240957, 26627, 227142]
Loop 551 [515141, 252005, 27426, 226860]
Loop 552 [624342, 342912, 40225, 231540]
Loop 553 [600125, 333272, 37072, 220528]
Loop 554 [473491, 212252, 26680, 226777]
Loop 555 [671686, 389705, 41212, 231660]
Loop 556 [544125, 264756, 28449, 242412]
Loop 557 [637327, 370989, 38590, 219041]
Loop 558 [491853, 231214, 23341, 229225]
Loop 559 [567376, 304542, 33714, 222389]
Loop 560 [491638, 222793, 26098, 234761]
Loop 561 [443049, 184222, 43906, 208535]
Loop 562 [580609, 313305, 36438, 221885]
Loop 563 [537817, 269549, 34017, 225216]
Loop 564 [624410, 352267, 47056, 216222]
Loop 565 [511287, 248896, 28244, 226060]
Loop 566 [513528, 250617, 27914, 225667]
Loop 567 [482082, 221483, 23234, 228646]
Loop 568 [823492, 425048, 112189, 184033]
Loop 569 [448180, 164474, 29622, 223746]
Loop 570 [503605, 239625, 36213, 219643]
Loop 571 [558307, 252569, 54260, 217530]
Loop 572 [668236, 363204, 115034, 180147]
Loop 573 [504888, 222367, 37292, 234259]
Loop 574 [447233, 183291, 32795, 223198]
Loop 575 [568370, 300707, 43178, 216560]
Loop 576 [579052, 285560, 88559, 195213]
Loop 577 [613742, 341576, 50284, 212788]
Loop 578 [621663, 337264, 48654, 223760]
Loop 579 [563089, 250037, 44096, 258337]
Loop 580 [590980, 323282, 45336, 213575]
Loop 581 [576549, 308023, 43287, 215996]
Loop 582 [621330, 338097, 49805, 223860]
Loop 583 [522224, 242434, 39753, 232088]
Loop 584 [541347, 252580, 45381, 234874]
Loop 585 [616230, 343443, 49495, 213326]
Loop 586 [485939, 221833, 41455, 213897]
Loop 587 [574542, 307529, 44460, 215588]
Loop 588 [485705, 223187, 34464, 219650]
Loop 589 [444038, 183637, 28618, 222980]
Loop 590 [648093, 353700, 115175, 170607]
Loop 591 [535500, 256226, 37752, 233082]
Loop 592 [658299, 384414, 57410, 206995]
Loop 593 [484196, 220237, 35200, 220430]
Loop 594 [616430, 333410, 49264, 225005]
Loop 595 [523210, 243661, 39102, 232691]
Loop 596 [606683, 338228, 46716, 213144]
Loop 597 [613666, 332918, 48496, 224713]
Loop 598 [607191, 338657, 46615, 213878]
Loop 599 [486051, 222040, 33411, 222508]
Loop 600 [604870, 335629, 37110, 224601]
Loop 601 [587877, 321218, 33984, 223525]
Loop 602 [488237, 219859, 31597, 227463]
Loop 603 [625963, 345612, 41163, 230767]
Loop 604 [673473, 404348, 37224, 221874]
Loop 605 [530929, 261179, 26985, 234030]
Loop 606 [521823, 249833, 40902, 222074]
Loop 607 [501974, 240674, 25834, 227297]
Loop 608 [500753, 238072, 26915, 227551]
Loop 609 [513003, 246434, 24141, 234289]
Loop 610 [611234, 333342, 39318, 229898]
Loop 611 [506051, 228929, 26803, 242843]
Loop 612 [580317, 315390, 34370, 223721]
Loop 613 [500745, 240589, 23722, 228019]
Loop 614 [508017, 245408, 27604, 227109]
Loop 615 [500519, 238790, 26548, 226938]
Loop 616 [504211, 240815, 28208, 226298]
Loop 617 [625472, 343365, 39109, 232012]
Loop 618 [496553, 220773, 27670, 240054]
Loop 619 [611870, 344746, 38022, 220236]
Loop 620 [629483, 333262, 37127, 249889]
Loop 621 [670358, 397071, 50969, 207624]
Loop 622 [605518, 330908, 38242, 226363]
Loop 623 [611933, 344116, 38631, 218748]
Loop 624 [476112, 216122, 25427, 226287]
Loop 625 [569690, 304858, 33763, 224541]
Loop 626 [603264, 335909, 36988, 221281]
Loop 627 [661927, 354811, 41113, 229947]
Loop 628 [495756, 216917, 27228, 243454]
Loop 629 [499606, 235670, 26801, 230139]
Loop 630 [489533, 217282, 31496, 231152]
Loop 631 [652551, 384100, 38664, 220541]
Loop 632 [622128, 338349, 40534, 233054]
Loop 633 [640018, 372653, 37339, 220637]
Loop 634 [640187, 333810, 58760, 223813]
Loop 635 [595580, 328172, 40423, 217616]
Loop 636 [544786, 277742, 30792, 226254]
Loop 637 [606193, 328256, 37293, 231634]
Loop 638 [537297, 257554, 30615, 240122]
Loop 639 [525944, 247228, 28291, 242263]
Loop 640 [651205, 381539, 40311, 219595]
Loop 641 [547323, 283087, 28557, 225663]
Loop 642 [664111, 378898, 43127, 233264]
Loop 643 [576387, 291629, 39035, 235927]
Loop 644 [587806, 322555, 34883, 221252]
Loop 645 [616831, 336286, 38513, 232083]
Loop 646 [598920, 334081, 36495, 219931]
Loop 647 [646048, 359671, 37574, 235733]
Loop 648 [679077, 411697, 39589, 218860]
Loop 649 [634298, 341654, 40299, 242449]
Loop 650 [592643, 309676, 30187, 243775]
Loop 651 [604594, 339843, 37197, 218565]
Loop 652 [506668, 242648, 29346, 226592]
Loop 653 [495758, 234318, 24441, 228459]
Loop 654 [652485, 371112, 40701, 231810]
Loop 655 [631263, 360698, 40485, 219507]
Loop 656 [619731, 338941, 39483, 231898]
Loop 657 [608289, 340910, 36795, 221814]
Loop 658 [632475, 351744, 38284, 233972]
Loop 659 [607676, 334947, 36069, 228663]
Loop 660 [512934, 244879, 27323, 232657]
Loop 661 [494659, 233295, 25853, 227002]
Loop 662 [609218, 330074, 39716, 229976]
Loop 663 [494883, 217005, 25887, 241489]
Loop 664 [563422, 301359, 31766, 223739]
Loop 665 [582298, 293762, 34170, 246298]
Loop 666 [512795, 235313, 26665, 243207]
Loop 667 [595479, 329954, 34888, 222262]
Loop 668 [497451, 227170, 37721, 221896]
Loop 669 [580686, 309214, 35701, 228911]
Loop 670 [609883, 342815, 38296, 220424]
Loop 671 [480402, 220174, 30595, 222089]
Loop 672 [923496, 540929, 77990, 238746]
Loop 673 [493656, 215930, 87250, 179746]
Loop 674 [628133, 316347, 112879, 191295]
Loop 675 [602613, 329429, 49134, 213939]
Loop 676 [620649, 333484, 50967, 224267]
Loop 677 [614526, 329455, 100588, 173478]
Loop 678 [624532, 339337, 51707, 224931]
Loop 679 [525133, 241655, 39717, 235000]
Loop 680 [649187, 376214, 49107, 213070]
Loop 681 [479350, 216274, 33667, 221229]
Loop 682 [499592, 215491, 85798, 189559]
Loop 683 [603873, 324152, 49278, 221151]
Loop 684 [587466, 316779, 45553, 216552]
Loop 685 [636896, 336122, 53219, 221712]
Loop 686 [516651, 236041, 36412, 235695]
Loop 687 [528575, 223356, 34482, 262599]
Loop 688 [508577, 239589, 39691, 222332]
Loop 689 [665474, 392576, 51153, 211897]
Loop 690 [479503, 213828, 46720, 209922]
Loop 691 [556608, 291294, 40638, 215807]
Loop 692 [523337, 239641, 46613, 226032]
Loop 693 [476101, 214079, 34534, 219297]
Loop 694 [436784, 178217, 30268, 222132]
Loop 695 [537395, 271533, 42537, 217205]
Loop 696 [589244, 318627, 46658, 215424]
Loop 697 [621373, 336861, 50255, 225210]
Loop 698 [624493, 356121, 46388, 213444]
Loop 699 [513701, 245147, 41308, 218209]
Loop 700 [617484, 336288, 47466, 224471]
Loop 701 [586279, 316499, 48358, 213327]
Loop 702 [701058, 353839, 122401, 215994]
Loop 703 [499320, 220047, 38398, 233132]
Loop 704 [613055, 335021, 49376, 220103]
Loop 705 [553372, 289970, 26488, 227884]
Loop 706 [538282, 273946, 31323, 223966]
Loop 707 [622569, 341839, 40192, 231288]
Loop 708 [493618, 217198, 25967, 242528]
Loop 709 [598263, 327555, 40033, 223071]
Loop 710 [549623, 285871, 29519, 225559]
Loop 711 [609797, 315259, 38889, 246657]
Loop 712 [631993, 360281, 36489, 227225]
Loop 713 [495686, 233973, 24931, 228655]
Loop 714 [613044, 333219, 37771, 233660]
Loop 715 [524426, 244361, 31095, 241273]
Loop 716 [618513, 348909, 36209, 223238]
Loop 717 [503318, 241174, 27397, 225873]
Loop 718 [627808, 347870, 38053, 232460]
Loop 719 [530234, 229475, 26651, 265468]
Loop 720 [628138, 346189, 38376, 234209]
Loop 721 [622750, 344846, 37440, 231694]
Loop 722 [592450, 327884, 34660, 221773]
Loop 723 [506685, 246355, 26257, 226031]
Loop 724 [610654, 331132, 39041, 231207]
Loop 725 [501326, 224107, 27535, 241505]
Loop 726 [577599, 315576, 31009, 224085]
Loop 727 [512354, 245518, 32256, 223399]
Loop 728 [630551, 319047, 39773, 262616]
Loop 729 [535706, 257255, 28561, 240729]
Loop 730 [521736, 243478, 27878, 241799]
Loop 731 [514787, 235950, 29243, 240105]
Loop 732 [495527, 218681, 25405, 243221]
Loop 733 [487826, 226847, 25082, 229909]
Loop 734 [601056, 324157, 35944, 231887]
Loop 735 [483010, 221875, 24041, 228359]
Loop 736 [437274, 180964, 21676, 228558]
Loop 737 [527074, 266309, 29487, 225086]
Loop 738 [585065, 315884, 34738, 223534]
Loop 739 [507289, 243664, 29768, 224483]
Loop 740 [623991, 342140, 40267, 232569]
Loop 741 [501578, 223465, 26041, 243510]
Loop 742 [586420, 322873, 32037, 223646]
Loop 743 [601529, 311130, 35126, 246636]
Loop 744 [495421, 218311, 25745, 243467]
Loop 745 [499417, 235584, 29104, 228011]
Loop 746 [712100, 387141, 69889, 223418]
Loop 747 [610405, 324401, 42567, 234155]
Loop 748 [654722, 387365, 39723, 218683]
Loop 749 [489162, 227026, 23871, 229690]
Loop 750 [613458, 316526, 35942, 249702]
Loop 751 [570859, 285785, 28882, 246545]
Loop 752 [522264, 242506, 27373, 243504]
Loop 753 [590997, 324431, 37307, 220692]
Loop 754 [608316, 327943, 36755, 234439]
Loop 755 [565713, 288697, 32873, 235994]
Loop 756 [494900, 216746, 26491, 243532]
Loop 757 [489791, 227762, 24751, 230965]
Loop 758 [475040, 206538, 25164, 235369]
Loop 759 [596209, 330255, 36046, 221234]
Loop 760 [660506, 350428, 36576, 265147]
Loop 761 [582895, 296061, 35863, 239418]
Loop 762 [528290, 224432, 26909, 269089]
Loop 763 [509327, 236818, 27466, 238132]
Loop 764 [606150, 341388, 34086, 221459]
Loop 765 [597627, 305953, 37063, 245587]
Loop 766 [648982, 381259, 38667, 220834]
Loop 767 [511640, 247929, 26693, 228172]
Loop 768 [482972, 222655, 24809, 227443]
Loop 769 [532759, 272848, 24320, 228155]
Loop 770 [597356, 321074, 38251, 228219]
Loop 771 [506969, 222702, 35561, 238224]
Loop 772 [553730, 290126, 33887, 222174]
Loop 773 [552469, 287812, 28310, 227286]
Loop 774 [477547, 215653, 24901, 228179]
Loop 775 [594836, 316154, 36766, 234816]
Loop 776 [518578, 243417, 28925, 233167]
Loop 777 [494406, 216170, 27627, 241138]
Loop 778 [456974, 198010, 23186, 229092]
Loop 779 [487543, 227966, 23780, 230096]
Loop 780 [463329, 202207, 25217, 228151]
Loop 781 [577371, 311934, 34599, 221746]
Loop 782 [598049, 323354, 38054, 226290]
Loop 783 [641799, 373937, 39866, 218683]
Loop 784 [577111, 300069, 36438, 231471]
Loop 785 [629740, 363774, 37015, 220153]
Loop 786 [645193, 340538, 36884, 259211]
Loop 787 [674329, 399830, 41749, 223963]
Loop 788 [477475, 216830, 26094, 226860]
Loop 789 [1204908, 817085, 118453, 192877]
Loop 790 [603831, 333349, 48890, 212313]
Loop 791 [493957, 211630, 43315, 230181]
Loop 792 [478740, 216222, 35353, 219425]
Loop 793 [571204, 299114, 50491, 212619]
Loop 794 [694334, 404616, 56642, 223524]
Loop 795 [612472, 336014, 47892, 219898]
Loop 796 [483460, 215863, 35877, 224260]
Loop 797 [597250, 314001, 58362, 217440]
Loop 798 [520540, 244026, 38356, 229099]
Loop 799 [604317, 216139, 81156, 233631]
Loop 800 [617272, 329265, 116117, 164329]
Loop 801 [580894, 300370, 48103, 222156]
Loop 802 [537555, 254231, 41477, 233001]
Loop 803 [651929, 346267, 123669, 171597]
Loop 804 [479373, 213245, 44283, 212588]
Loop 805 [487003, 223367, 34365, 221084]
Loop 806 [439559, 178760, 30063, 222526]
Loop 807 [562678, 296091, 44564, 215912]
Loop 808 [638436, 351183, 102821, 175683]
Loop 809 [481491, 215885, 34952, 219068]
Loop 810 [559070, 290304, 44774, 216879]
Loop 811 [485063, 216593, 40675, 218147]
Loop 812 [479563, 215463, 34451, 220776]
Loop 813 [438145, 179674, 33468, 219042]
Loop 814 [430434, 166066, 36519, 220408]
Loop 815 [480256, 210415, 49273, 214587]
Loop 816 [510361, 211050, 35445, 218463]
Loop 817 [437087, 178358, 29197, 223599]
Loop 818 [521655, 238099, 92387, 185359]
Loop 819 [475758, 212763, 32879, 220893]
Loop 820 [448788, 182517, 31725, 228433]
Loop 821 [626831, 350439, 38417, 228205]
Loop 822 [502503, 224076, 27302, 243218]
Loop 823 [549819, 267227, 26532, 249763]
Loop 824 [626071, 319286, 37563, 259518]
Loop 825 [591990, 325736, 37132, 220104]
Loop 826 [612593, 331851, 37113, 234127]
Loop 827 [638921, 374912, 37314, 218356]
Loop 828 [608507, 329588, 35145, 235136]
Loop 829 [610645, 337397, 47493, 216991]
Loop 830 [479864, 218999, 27537, 225335]
Loop 831 [562941, 283658, 48307, 223767]
Loop 832 [560967, 294256, 34562, 223356]
Loop 833 [483589, 217301, 23637, 233793]
Loop 834 [649777, 368768, 38102, 230835]
Loop 835 [557144, 243634, 29624, 275449]
Loop 836 [522140, 242825, 30150, 240954]
Loop 837 [649091, 379768, 40603, 219596]
Loop 838 [627776, 348960, 37681, 232760]
Loop 839 [616936, 338313, 53191, 215368]
Loop 840 [615590, 331658, 40956, 231875]
Loop 841 [494057, 217249, 23403, 245407]
Loop 842 [579234, 313824, 39631, 218380]
Loop 843 [508672, 244369, 31910, 223788]
Loop 844 [535031, 258935, 37744, 227201]
Loop 845 [513793, 249704, 29316, 225896]
Loop 846 [651004, 338891, 37752, 265410]
Loop 847 [603242, 337792, 39775, 217133]
Loop 848 [477468, 216308, 26888, 226368]
Loop 849 [632832, 363611, 36916, 224734]
Loop 850 [558308, 248210, 27344, 274623]
Loop 851 [503799, 225294, 25077, 245113]
Loop 852 [624977, 356963, 39071, 221146]
Loop 853 [493923, 232081, 28158, 224425]
Loop 854 [486260, 220158, 36322, 220937]
Loop 855 [435426, 179001, 23404, 227067]
Loop 856 [552389, 289836, 31199, 224457]
Loop 857 [490554, 227288, 28860, 225819]
Loop 858 [478556, 216028, 26242, 228101]
Loop 859 [496343, 237070, 26771, 226252]
Loop 860 [468692, 195767, 23835, 240759]
Loop 861 [593088, 316821, 36232, 230964]
Loop 862 [567230, 286658, 26321, 245917]
Loop 863 [568448, 249907, 32941, 276407]
Loop 864 [609200, 314564, 29248, 258151]
Loop 865 [592456, 325250, 40580, 216871]
Loop 866 [476796, 216368, 32455, 219316]
Loop 867 [556418, 291556, 32377, 225404]
Loop 868 [640040, 371245, 40845, 218590]
Loop 869 [571912, 306375, 31694, 223575]
Loop 870 [497036, 234856, 28576, 224757]
Loop 871 [609546, 330407, 35747, 234654]
Loop 872 [496928, 220233, 24094, 245294]
Loop 873 [557042, 292719, 36856, 218715]
Loop 874 [505663, 243216, 27896, 225595]
Loop 875 [496050, 234542, 28005, 225114]
Loop 876 [711253, 396159, 41644, 264593]
Loop 877 [613030, 345240, 56465, 202554]
Loop 878 [494551, 233925, 26007, 225748]
Loop 879 [597609, 307433, 36319, 245164]
Loop 880 [594397, 312758, 28082, 245061]
Loop 881 [641167, 361485, 38157, 232110]
Loop 882 [522961, 246867, 50277, 214067]
Loop 883 [508347, 243723, 29410, 226559]
Loop 884 [618014, 336344, 39272, 232667]
Loop 885 [670460, 402131, 40200, 219084]
Loop 886 [650653, 359391, 39937, 243254]
Loop 887 [1507679, 292365, 59437, 269760]
Loop 888 [613325, 344412, 39784, 219449]
Loop 889 [624020, 342372, 36869, 233909]
Loop 890 [515584, 235861, 27164, 244229]
Loop 891 [603540, 339875, 41820, 213418]
Loop 892 [514611, 246341, 37907, 218792]
Loop 893 [643050, 352301, 40084, 240593]
Loop 894 [555479, 243225, 23391, 279984]
Loop 895 [604089, 337052, 38617, 219414]
Loop 896 [606903, 330394, 54053, 213185]
Loop 897 [630792, 367169, 41356, 213592]
Loop 898 [673350, 351452, 35601, 276962]
Loop 899 [612374, 346439, 40762, 216429]
Loop 900 [611064, 331040, 37737, 231901]
Loop 901 [612368, 344971, 53609, 202116]
Loop 902 [503208, 241102, 28592, 225023]
Loop 903 [494829, 233110, 28834, 224998]
Loop 904 [519119, 256417, 29051, 225377]
Loop 905 [621999, 338253, 39874, 234375]
Loop 906 [501544, 223016, 25894, 244645]
Loop 907 [456123, 192306, 24818, 232526]
Loop 908 [514884, 237863, 26981, 243753]
Loop 909 [584437, 311412, 34250, 230300]
Loop 910 [515622, 246568, 38117, 218898]
Loop 911 [475525, 215332, 25719, 226120]
Loop 912 [497652, 236900, 29787, 224267]
Loop 913 [698525, 390289, 39535, 259364]
Loop 914 [482394, 205286, 27854, 240811]
Loop 915 [607676, 333337, 37540, 227711]
Loop 916 [465015, 205860, 25922, 225303]
Loop 917 [475117, 215038, 28228, 223925]
Loop 918 [488022, 229075, 24537, 228330]
Loop 919 [651214, 358597, 37390, 242568]
Loop 920 [641105, 371421, 41510, 219380]
Loop 921 [613423, 334368, 35489, 234248]
Loop 922 [637346, 371187, 38583, 219427]
Loop 923 [648294, 357794, 39233, 242618]
Loop 924 [518239, 238806, 24714, 246321]
Loop 925 [611818, 295463, 30481, 277296]
Loop 926 [521054, 241251, 23895, 247572]
Loop 927 [640231, 372848, 42650, 215743]
Loop 928 [490274, 224213, 34837, 221457]
Loop 929 [437723, 179723, 22004, 229996]
Loop 930 [579675, 315575, 31411, 226221]
Loop 931 [504690, 240894, 28101, 227283]
Loop 932 [636752, 368394, 39696, 219265]
Loop 933 [475845, 215061, 27195, 225878]
Loop 934 [436106, 179706, 24105, 226384]
Loop 935 [552703, 290590, 30177, 225203]
Loop 936 [531775, 234162, 25867, 264435]
Loop 937 [502531, 223369, 34006, 235540]
Loop 938 [458401, 179474, 20821, 251816]
Loop 939 [568488, 305755, 33879, 221764]
Loop 940 [614284, 320001, 34349, 250377]
Loop 941 [494461, 216569, 26004, 243955]
Loop 942 [537607, 276177, 33797, 220663]
Loop 943 [496305, 236912, 27820, 223516]
Loop 944 [652461, 342126, 69746, 231974]
Loop 945 [627479, 354292, 38240, 226177]
Loop 946 [891657, 507321, 88493, 199375]
Loop 947 [443109, 181501, 33201, 220244]
Loop 948 [570647, 302976, 44054, 216993]
Loop 949 [585016, 314764, 51609, 209548]
Loop 950 [511826, 244907, 41702, 216473]
Loop 951 [612555, 317005, 60895, 225179]
Loop 952 [681308, 407027, 56619, 208663]
Loop 953 [511756, 217746, 100646, 184648]
Loop 954 [507398, 242466, 40933, 214758]
Loop 955 [652323, 325428, 48867, 268972]
Loop 956 [584332, 272065, 44631, 259321]
Loop 957 [567509, 299805, 46141, 212439]
Loop 958 [673837, 387273, 52967, 224544]
Loop 959 [623620, 348472, 49803, 217260]
Loop 960 [475475, 212669, 39510, 214952]
Loop 961 [507369, 240063, 40824, 217668]
Loop 962 [652925, 368047, 50979, 225172]
Loop 963 [612577, 340946, 51658, 210539]
Loop 964 [621889, 340197, 50056, 223460]
Loop 965 [526963, 237276, 49891, 232024]
Loop 966 [529105, 244615, 36628, 239584]
Loop 967 [488345, 207737, 35885, 236117]
Loop 968 [517945, 237014, 37220, 235042]
Loop 969 [646666, 374246, 54888, 208412]
Loop 970 [609994, 329118, 47183, 225220]
Loop 971 [652850, 387772, 50942, 206171]
Loop 972 [647052, 354969, 50224, 231952]
Loop 973 [606697, 336273, 49386, 212124]
Loop 974 [527041, 224766, 123717, 170074]
Loop 975 [538916, 244388, 99918, 187457]
Loop 976 [523163, 242396, 94269, 177540]
Loop 977 [675787, 390769, 52221, 223775]
Loop 978 [523378, 244846, 29224, 240971]
Loop 979 [646031, 377893, 41227, 217541]
Loop 980 [638105, 356275, 37610, 233798]
Loop 981 [648749, 381449, 42255, 216220]
Loop 982 [484383, 222552, 26257, 226777]
Loop 983 [613970, 346863, 34266, 225846]
Loop 984 [587515, 321261, 38084, 219541]
Loop 985 [660987, 379438, 39936, 232746]
Loop 986 [651772, 382336, 41514, 218918]
Loop 987 [615503, 327833, 36176, 242796]
Loop 988 [635254, 366002, 37803, 221494]
Loop 989 [618254, 339872, 37383, 232310]
Loop 990 [523884, 247063, 25805, 242171]
Loop 991 [519393, 241327, 26446, 242988]
Loop 992 [585094, 319629, 37319, 219169]
Loop 993 [494480, 234193, 26353, 225667]
Loop 994 [505287, 243247, 27740, 226379]
Loop 995 [496692, 234709, 29052, 224880]
Loop 996 [514474, 245344, 27976, 233277]
Loop 997 [489403, 219973, 36306, 221824]
Loop 998 [616296, 349494, 33564, 226003]
Loop 999 [527680, 251168, 23429, 245001]
replicas primary file /tmp1048576eccache.dat capacity 262144
replicas slave file /tmp1048576eccache.datLQL0 capacity 262144
replicas slave file /tmp1048576eccache.datLQL1 capacity 262144
replicas slave file /tmp1048576eccache.datLQL2 capacity 262144
replicas slave file /tmp1048576eccache.datLQL3 capacity 262144
replicas slave file /tmp1048576eccache.datLQL4 capacity 262144
