writeECPipeline, filename /tmp16384eccache.dat, size 16384, encodingSplitSize 4096, loop 1000, storageClass 0, locationClass 0, pureMonECSubStripeNum 1, isPureMonEC false
MicroEC Coding Ready

starting benchmark...
CrailConstants.REPLICATION_FACTOR has changed to 5
replicas primary file /tmp16384eccache.dat capacity 0
replicas slave file /tmp16384eccache.datLQL0 capacity 0
replicas slave file /tmp16384eccache.datLQL1 capacity 0
replicas slave file /tmp16384eccache.datLQL2 capacity 0
replicas slave file /tmp16384eccache.datLQL3 capacity 0
replicas slave file /tmp16384eccache.datLQL4 capacity 0
ops 1000
final loop (us) 19.517
Loop 0 (us) 108.049
Loop 1 (us) 108.894
Loop 2 (us) 56.62
Loop 3 (us) 41.036
Loop 4 (us) 42.282
Loop 5 (us) 41.305
Loop 6 (us) 42.406
Loop 7 (us) 36.98
Loop 8 (us) 42.979
Loop 9 (us) 35.623
Loop 10 (us) 36.82
Loop 11 (us) 35.102
Loop 12 (us) 34.072
Loop 13 (us) 59.11
Loop 14 (us) 36.604
Loop 15 (us) 34.262
Loop 16 (us) 33.79
Loop 17 (us) 58.941
Loop 18 (us) 38.118
Loop 19 (us) 44.225
Loop 20 (us) 35.036
Loop 21 (us) 35.34
Loop 22 (us) 34.739
Loop 23 (us) 34.967
Loop 24 (us) 34.85
Loop 25 (us) 34.112
Loop 26 (us) 34.364
Loop 27 (us) 35.162
Loop 28 (us) 33.952
Loop 29 (us) 35.975
Loop 30 (us) 36.053
Loop 31 (us) 34.644
Loop 32 (us) 33.236
Loop 33 (us) 32.069
Loop 34 (us) 32.66
Loop 35 (us) 35.861
Loop 36 (us) 30.392
Loop 37 (us) 32.925
Loop 38 (us) 30.132
Loop 39 (us) 30.538
Loop 40 (us) 30.114
Loop 41 (us) 35.203
Loop 42 (us) 30.124
Loop 43 (us) 29.928
Loop 44 (us) 30.212
Loop 45 (us) 30.186
Loop 46 (us) 48.271
Loop 47 (us) 29.667
Loop 48 (us) 29.407
Loop 49 (us) 29.602
Loop 50 (us) 29.411
Loop 51 (us) 29.238
Loop 52 (us) 29.164
Loop 53 (us) 29.951
Loop 54 (us) 30.158
Loop 55 (us) 29.706
Loop 56 (us) 29.528
Loop 57 (us) 29.404
Loop 58 (us) 30.121
Loop 59 (us) 29.553
Loop 60 (us) 29.836
Loop 61 (us) 39.31
Loop 62 (us) 31.486
Loop 63 (us) 29.527
Loop 64 (us) 57.784
Loop 65 (us) 56.723
Loop 66 (us) 32.474
Loop 67 (us) 46.102
Loop 68 (us) 30.498
Loop 69 (us) 63.99
Loop 70 (us) 29.866
Loop 71 (us) 29.662
Loop 72 (us) 29.27
Loop 73 (us) 29.46
Loop 74 (us) 28.76
Loop 75 (us) 29.085
Loop 76 (us) 30.105
Loop 77 (us) 29.46
Loop 78 (us) 34.298
Loop 79 (us) 28.919
Loop 80 (us) 28.783
Loop 81 (us) 28.906
Loop 82 (us) 29.086
Loop 83 (us) 28.511
Loop 84 (us) 28.649
Loop 85 (us) 41.345
Loop 86 (us) 29.549
Loop 87 (us) 43.919
Loop 88 (us) 33.208
Loop 89 (us) 30.914
Loop 90 (us) 28.687
Loop 91 (us) 28.631
Loop 92 (us) 39.661
Loop 93 (us) 29.87
Loop 94 (us) 29.452
Loop 95 (us) 29.102
Loop 96 (us) 47.806
Loop 97 (us) 28.895
Loop 98 (us) 47.099
Loop 99 (us) 28.795
Loop 100 (us) 55.834
Loop 101 (us) 50.674
Loop 102 (us) 47.407
Loop 103 (us) 30.591
Loop 104 (us) 39.319
Loop 105 (us) 39.984
Loop 106 (us) 37.941
Loop 107 (us) 41.752
Loop 108 (us) 32.612
Loop 109 (us) 36.654
Loop 110 (us) 28.029
Loop 111 (us) 40.471
Loop 112 (us) 37.782
Loop 113 (us) 27.776
Loop 114 (us) 39.124
Loop 115 (us) 27.382
Loop 116 (us) 43.104
Loop 117 (us) 27.145
Loop 118 (us) 44.179
Loop 119 (us) 27.406
Loop 120 (us) 26.783
Loop 121 (us) 26.498
Loop 122 (us) 26.754
Loop 123 (us) 27.397
Loop 124 (us) 26.675
Loop 125 (us) 26.651
Loop 126 (us) 27.169
Loop 127 (us) 41.349
Loop 128 (us) 27.063
Loop 129 (us) 28.205
Loop 130 (us) 26.69
Loop 131 (us) 79.923
Loop 132 (us) 43.758
Loop 133 (us) 29.526
Loop 134 (us) 28.818
Loop 135 (us) 29.403
Loop 136 (us) 28.922
Loop 137 (us) 33.307
Loop 138 (us) 38.181
Loop 139 (us) 30.084
Loop 140 (us) 54.425
Loop 141 (us) 28.603
Loop 142 (us) 87.179
Loop 143 (us) 64.587
Loop 144 (us) 30.462
Loop 145 (us) 34.127
Loop 146 (us) 29.943
Loop 147 (us) 29.986
Loop 148 (us) 29.4
Loop 149 (us) 29.208
Loop 150 (us) 29.718
Loop 151 (us) 30.449
Loop 152 (us) 33.693
Loop 153 (us) 29.219
Loop 154 (us) 39.81
Loop 155 (us) 30.125
Loop 156 (us) 29.271
Loop 157 (us) 59.772
Loop 158 (us) 28.029
Loop 159 (us) 27.367
Loop 160 (us) 26.71
Loop 161 (us) 27.264
Loop 162 (us) 26.854
Loop 163 (us) 26.903
Loop 164 (us) 26.951
Loop 165 (us) 26.917
Loop 166 (us) 27.278
Loop 167 (us) 27.209
Loop 168 (us) 26.972
Loop 169 (us) 27.077
Loop 170 (us) 27.143
Loop 171 (us) 26.939
Loop 172 (us) 27.041
Loop 173 (us) 27.336
Loop 174 (us) 27.093
Loop 175 (us) 27.142
Loop 176 (us) 27.371
Loop 177 (us) 27.063
Loop 178 (us) 27.257
Loop 179 (us) 26.897
Loop 180 (us) 32.125
Loop 181 (us) 27.029
Loop 182 (us) 27.653
Loop 183 (us) 26.877
Loop 184 (us) 26.821
Loop 185 (us) 27.579
Loop 186 (us) 26.724
Loop 187 (us) 26.689
Loop 188 (us) 27.176
Loop 189 (us) 26.859
Loop 190 (us) 27.087
Loop 191 (us) 26.912
Loop 192 (us) 26.77
Loop 193 (us) 26.915
Loop 194 (us) 27.347
Loop 195 (us) 27.04
Loop 196 (us) 27.12
Loop 197 (us) 27.371
Loop 198 (us) 27.197
Loop 199 (us) 26.97
Loop 200 (us) 27.631
Loop 201 (us) 26.723
Loop 202 (us) 26.813
Loop 203 (us) 26.847
Loop 204 (us) 26.925
Loop 205 (us) 28.689
Loop 206 (us) 27.643
Loop 207 (us) 28.063
Loop 208 (us) 27.065
Loop 209 (us) 26.954
Loop 210 (us) 26.922
Loop 211 (us) 26.99
Loop 212 (us) 26.631
Loop 213 (us) 26.776
Loop 214 (us) 26.999
Loop 215 (us) 26.954
Loop 216 (us) 27.293
Loop 217 (us) 26.879
Loop 218 (us) 27.475
Loop 219 (us) 26.857
Loop 220 (us) 26.993
Loop 221 (us) 26.761
Loop 222 (us) 26.742
Loop 223 (us) 27.105
Loop 224 (us) 27.088
Loop 225 (us) 26.759
Loop 226 (us) 26.811
Loop 227 (us) 26.99
Loop 228 (us) 27.198
Loop 229 (us) 27.253
Loop 230 (us) 30.091
Loop 231 (us) 27.01
Loop 232 (us) 26.841
Loop 233 (us) 27.589
Loop 234 (us) 26.923
Loop 235 (us) 26.93
Loop 236 (us) 28.643
Loop 237 (us) 26.98
Loop 238 (us) 27.015
Loop 239 (us) 27.69
Loop 240 (us) 27.088
Loop 241 (us) 27.488
Loop 242 (us) 31.767
Loop 243 (us) 27.008
Loop 244 (us) 27.041
Loop 245 (us) 26.978
Loop 246 (us) 27.067
Loop 247 (us) 26.795
Loop 248 (us) 27.475
Loop 249 (us) 26.886
Loop 250 (us) 26.706
Loop 251 (us) 27.091
Loop 252 (us) 27.101
Loop 253 (us) 27.455
Loop 254 (us) 27.004
Loop 255 (us) 34.172
Loop 256 (us) 28.909
Loop 257 (us) 27.716
Loop 258 (us) 29.795
Loop 259 (us) 52.996
Loop 260 (us) 27.154
Loop 261 (us) 26.65
Loop 262 (us) 26.772
Loop 263 (us) 26.961
Loop 264 (us) 26.82
Loop 265 (us) 27.202
Loop 266 (us) 26.418
Loop 267 (us) 26.96
Loop 268 (us) 27.133
Loop 269 (us) 26.837
Loop 270 (us) 32.266
Loop 271 (us) 26.995
Loop 272 (us) 26.969
Loop 273 (us) 26.595
Loop 274 (us) 26.72
Loop 275 (us) 26.7
Loop 276 (us) 27.344
Loop 277 (us) 26.744
Loop 278 (us) 26.845
Loop 279 (us) 56.195
Loop 280 (us) 41.998
Loop 281 (us) 25.879
Loop 282 (us) 25.027
Loop 283 (us) 25.11
Loop 284 (us) 24.834
Loop 285 (us) 24.711
Loop 286 (us) 25.142
Loop 287 (us) 24.889
Loop 288 (us) 25.547
Loop 289 (us) 24.699
Loop 290 (us) 24.826
Loop 291 (us) 24.774
Loop 292 (us) 24.72
Loop 293 (us) 24.658
Loop 294 (us) 25.21
Loop 295 (us) 24.917
Loop 296 (us) 25.146
Loop 297 (us) 25.1
Loop 298 (us) 24.851
Loop 299 (us) 24.988
Loop 300 (us) 25.311
Loop 301 (us) 24.707
Loop 302 (us) 24.945
Loop 303 (us) 24.675
Loop 304 (us) 24.75
Loop 305 (us) 24.714
Loop 306 (us) 24.918
Loop 307 (us) 24.92
Loop 308 (us) 25.009
Loop 309 (us) 25.086
Loop 310 (us) 25.042
Loop 311 (us) 24.856
Loop 312 (us) 25.543
Loop 313 (us) 24.756
Loop 314 (us) 24.865
Loop 315 (us) 24.497
Loop 316 (us) 25.061
Loop 317 (us) 25.055
Loop 318 (us) 24.855
Loop 319 (us) 25.137
Loop 320 (us) 24.878
Loop 321 (us) 24.936
Loop 322 (us) 24.554
Loop 323 (us) 24.714
Loop 324 (us) 25.492
Loop 325 (us) 24.896
Loop 326 (us) 24.971
Loop 327 (us) 24.85
Loop 328 (us) 24.878
Loop 329 (us) 24.855
Loop 330 (us) 24.773
Loop 331 (us) 24.825
Loop 332 (us) 24.491
Loop 333 (us) 24.964
Loop 334 (us) 24.996
Loop 335 (us) 25.474
Loop 336 (us) 25.06
Loop 337 (us) 24.742
Loop 338 (us) 28.831
Loop 339 (us) 24.958
Loop 340 (us) 25.115
Loop 341 (us) 52.759
Loop 342 (us) 26.986
Loop 343 (us) 21.631
Loop 344 (us) 21.577
Loop 345 (us) 21.581
Loop 346 (us) 20.974
Loop 347 (us) 21.607
Loop 348 (us) 21.514
Loop 349 (us) 21.18
Loop 350 (us) 21.202
Loop 351 (us) 21.58
Loop 352 (us) 21.503
Loop 353 (us) 21.045
Loop 354 (us) 21.153
Loop 355 (us) 21.176
Loop 356 (us) 21.069
Loop 357 (us) 21.577
Loop 358 (us) 21.277
Loop 359 (us) 21.735
Loop 360 (us) 21.003
Loop 361 (us) 21.282
Loop 362 (us) 21.242
Loop 363 (us) 21.198
Loop 364 (us) 21.364
Loop 365 (us) 21.259
Loop 366 (us) 21.073
Loop 367 (us) 21.322
Loop 368 (us) 21.264
Loop 369 (us) 21.368
Loop 370 (us) 21.381
Loop 371 (us) 21.571
Loop 372 (us) 21.226
Loop 373 (us) 21.381
Loop 374 (us) 21.459
Loop 375 (us) 21.36
Loop 376 (us) 23.048
Loop 377 (us) 21.226
Loop 378 (us) 22.15
Loop 379 (us) 21.095
Loop 380 (us) 21.273
Loop 381 (us) 21.04
Loop 382 (us) 20.998
Loop 383 (us) 21.809
Loop 384 (us) 21.612
Loop 385 (us) 21.015
Loop 386 (us) 21.171
Loop 387 (us) 21.388
Loop 388 (us) 21.118
Loop 389 (us) 21.366
Loop 390 (us) 21.379
Loop 391 (us) 21.167
Loop 392 (us) 21.325
Loop 393 (us) 21.35
Loop 394 (us) 21.8
Loop 395 (us) 21.282
Loop 396 (us) 20.994
Loop 397 (us) 21.182
Loop 398 (us) 21.177
Loop 399 (us) 21.237
Loop 400 (us) 21.208
Loop 401 (us) 20.969
Loop 402 (us) 21.171
Loop 403 (us) 21.444
Loop 404 (us) 21.294
Loop 405 (us) 21.4
Loop 406 (us) 21.744
Loop 407 (us) 21.477
Loop 408 (us) 21.242
Loop 409 (us) 21.151
Loop 410 (us) 23.84
Loop 411 (us) 21.425
Loop 412 (us) 21.146
Loop 413 (us) 21.787
Loop 414 (us) 21.17
Loop 415 (us) 21.139
Loop 416 (us) 21.539
Loop 417 (us) 21.06
Loop 418 (us) 21.778
Loop 419 (us) 21.385
Loop 420 (us) 21.563
Loop 421 (us) 21.078
Loop 422 (us) 21.282
Loop 423 (us) 21.478
Loop 424 (us) 21.202
Loop 425 (us) 21.308
Loop 426 (us) 21.596
Loop 427 (us) 21.267
Loop 428 (us) 21.231
Loop 429 (us) 21.308
Loop 430 (us) 21.614
Loop 431 (us) 21.009
Loop 432 (us) 21.411
Loop 433 (us) 21.328
Loop 434 (us) 21.094
Loop 435 (us) 21.384
Loop 436 (us) 21.379
Loop 437 (us) 21.213
Loop 438 (us) 21.15
Loop 439 (us) 21.512
Loop 440 (us) 21.158
Loop 441 (us) 21.107
Loop 442 (us) 21.716
Loop 443 (us) 21.301
Loop 444 (us) 21.252
Loop 445 (us) 21.129
Loop 446 (us) 21.668
Loop 447 (us) 21.073
Loop 448 (us) 21.733
Loop 449 (us) 21.091
Loop 450 (us) 21.149
Loop 451 (us) 21.242
Loop 452 (us) 21.454
Loop 453 (us) 21.541
Loop 454 (us) 21.419
Loop 455 (us) 21.259
Loop 456 (us) 21.235
Loop 457 (us) 22.493
Loop 458 (us) 21.282
Loop 459 (us) 21.552
Loop 460 (us) 21.426
Loop 461 (us) 21.186
Loop 462 (us) 21.605
Loop 463 (us) 21.205
Loop 464 (us) 21.219
Loop 465 (us) 21.88
Loop 466 (us) 21.202
Loop 467 (us) 21.213
Loop 468 (us) 21.275
Loop 469 (us) 21.41
Loop 470 (us) 21.514
Loop 471 (us) 21.389
Loop 472 (us) 21.598
Loop 473 (us) 21.253
Loop 474 (us) 21.097
Loop 475 (us) 21.301
Loop 476 (us) 21.413
Loop 477 (us) 21.565
Loop 478 (us) 21.244
Loop 479 (us) 21.311
Loop 480 (us) 21.394
Loop 481 (us) 21.204
Loop 482 (us) 21.24
Loop 483 (us) 21.131
Loop 484 (us) 21.512
Loop 485 (us) 21.302
Loop 486 (us) 21.166
Loop 487 (us) 21.317
Loop 488 (us) 21.449
Loop 489 (us) 21.43
Loop 490 (us) 21.313
Loop 491 (us) 21.481
Loop 492 (us) 21.464
Loop 493 (us) 21.603
Loop 494 (us) 21.265
Loop 495 (us) 21.291
Loop 496 (us) 21.097
Loop 497 (us) 21.076
Loop 498 (us) 21.501
Loop 499 (us) 21.275
Loop 500 (us) 21.353
Loop 501 (us) 21.827
Loop 502 (us) 21.291
Loop 503 (us) 21.141
Loop 504 (us) 21.323
Loop 505 (us) 21.577
Loop 506 (us) 21.133
Loop 507 (us) 21.457
Loop 508 (us) 21.589
Loop 509 (us) 21.055
Loop 510 (us) 21.225
Loop 511 (us) 21.118
Loop 512 (us) 21.82
Loop 513 (us) 21.219
Loop 514 (us) 21.217
Loop 515 (us) 21.5
Loop 516 (us) 21.488
Loop 517 (us) 21.426
Loop 518 (us) 21.463
Loop 519 (us) 21.055
Loop 520 (us) 21.164
Loop 521 (us) 21.235
Loop 522 (us) 21.208
Loop 523 (us) 21.492
Loop 524 (us) 21.807
Loop 525 (us) 21.513
Loop 526 (us) 21.43
Loop 527 (us) 21.153
Loop 528 (us) 21.036
Loop 529 (us) 21.031
Loop 530 (us) 21.113
Loop 531 (us) 21.362
Loop 532 (us) 21.153
Loop 533 (us) 21.488
Loop 534 (us) 21.641
Loop 535 (us) 21.251
Loop 536 (us) 21.765
Loop 537 (us) 21.29
Loop 538 (us) 21.419
Loop 539 (us) 21.16
Loop 540 (us) 21.266
Loop 541 (us) 21.514
Loop 542 (us) 21.222
Loop 543 (us) 20.917
Loop 544 (us) 21.357
Loop 545 (us) 21.35
Loop 546 (us) 24.165
Loop 547 (us) 22.305
Loop 548 (us) 22.742
Loop 549 (us) 21.374
Loop 550 (us) 21.184
Loop 551 (us) 21.128
Loop 552 (us) 21.317
Loop 553 (us) 21.366
Loop 554 (us) 21.432
Loop 555 (us) 21.149
Loop 556 (us) 21.181
Loop 557 (us) 21.534
Loop 558 (us) 21.29
Loop 559 (us) 21.206
Loop 560 (us) 21.78
Loop 561 (us) 29.172
Loop 562 (us) 21.317
Loop 563 (us) 21.371
Loop 564 (us) 21.322
Loop 565 (us) 21.512
Loop 566 (us) 21.198
Loop 567 (us) 21.545
Loop 568 (us) 21.201
Loop 569 (us) 21.291
Loop 570 (us) 21.164
Loop 571 (us) 23.435
Loop 572 (us) 21.38
Loop 573 (us) 21.532
Loop 574 (us) 21.328
Loop 575 (us) 21.43
Loop 576 (us) 21.052
Loop 577 (us) 21.1
Loop 578 (us) 20.964
Loop 579 (us) 21.146
Loop 580 (us) 22.396
Loop 581 (us) 21.355
Loop 582 (us) 21.164
Loop 583 (us) 21.801
Loop 584 (us) 21.029
Loop 585 (us) 21.069
Loop 586 (us) 21.231
Loop 587 (us) 21.358
Loop 588 (us) 21.138
Loop 589 (us) 21.383
Loop 590 (us) 21.343
Loop 591 (us) 21.266
Loop 592 (us) 21.064
Loop 593 (us) 21.421
Loop 594 (us) 21.009
Loop 595 (us) 21.58
Loop 596 (us) 21.279
Loop 597 (us) 21.187
Loop 598 (us) 21.366
Loop 599 (us) 21.521
Loop 600 (us) 21.291
Loop 601 (us) 21.097
Loop 602 (us) 21.177
Loop 603 (us) 21.408
Loop 604 (us) 21.463
Loop 605 (us) 21.225
Loop 606 (us) 21.269
Loop 607 (us) 21.565
Loop 608 (us) 21.143
Loop 609 (us) 21.427
Loop 610 (us) 21.282
Loop 611 (us) 21.135
Loop 612 (us) 21.323
Loop 613 (us) 21.208
Loop 614 (us) 21.06
Loop 615 (us) 21.128
Loop 616 (us) 21.202
Loop 617 (us) 21.339
Loop 618 (us) 21.803
Loop 619 (us) 21.359
Loop 620 (us) 21.28
Loop 621 (us) 25.349
Loop 622 (us) 21.382
Loop 623 (us) 21.274
Loop 624 (us) 21.037
Loop 625 (us) 21.18
Loop 626 (us) 21.19
Loop 627 (us) 21.191
Loop 628 (us) 21.271
Loop 629 (us) 21.727
Loop 630 (us) 21.623
Loop 631 (us) 21.293
Loop 632 (us) 21.086
Loop 633 (us) 21.284
Loop 634 (us) 21.237
Loop 635 (us) 21.13
Loop 636 (us) 21.43
Loop 637 (us) 21.149
Loop 638 (us) 21.43
Loop 639 (us) 21.368
Loop 640 (us) 21.136
Loop 641 (us) 21.115
Loop 642 (us) 21.566
Loop 643 (us) 21.374
Loop 644 (us) 21.157
Loop 645 (us) 21.423
Loop 646 (us) 21.423
Loop 647 (us) 21.053
Loop 648 (us) 21.046
Loop 649 (us) 21.297
Loop 650 (us) 21.093
Loop 651 (us) 21.053
Loop 652 (us) 21.499
Loop 653 (us) 21.247
Loop 654 (us) 21.736
Loop 655 (us) 21.122
Loop 656 (us) 21.275
Loop 657 (us) 21.286
Loop 658 (us) 21.148
Loop 659 (us) 21.601
Loop 660 (us) 21.201
Loop 661 (us) 21.237
Loop 662 (us) 21.598
Loop 663 (us) 22.25
Loop 664 (us) 21.492
Loop 665 (us) 488.386
Loop 666 (us) 21.22
Loop 667 (us) 21.186
Loop 668 (us) 21.244
Loop 669 (us) 21.366
Loop 670 (us) 21.259
Loop 671 (us) 21.234
Loop 672 (us) 21.352
Loop 673 (us) 21.189
Loop 674 (us) 21.041
Loop 675 (us) 21.405
Loop 676 (us) 21.579
Loop 677 (us) 21.464
Loop 678 (us) 21.297
Loop 679 (us) 21.501
Loop 680 (us) 21.068
Loop 681 (us) 21.228
Loop 682 (us) 21.311
Loop 683 (us) 21.171
Loop 684 (us) 21.308
Loop 685 (us) 22.846
Loop 686 (us) 21.188
Loop 687 (us) 21.265
Loop 688 (us) 21.44
Loop 689 (us) 21.701
Loop 690 (us) 21.096
Loop 691 (us) 21.332
Loop 692 (us) 21.144
Loop 693 (us) 21.142
Loop 694 (us) 21.246
Loop 695 (us) 21.327
Loop 696 (us) 21.255
Loop 697 (us) 21.261
Loop 698 (us) 21.144
Loop 699 (us) 21.057
Loop 700 (us) 21.162
Loop 701 (us) 21.694
Loop 702 (us) 21.534
Loop 703 (us) 21.115
Loop 704 (us) 21.361
Loop 705 (us) 21.363
Loop 706 (us) 21.226
Loop 707 (us) 21.058
Loop 708 (us) 21.282
Loop 709 (us) 21.519
Loop 710 (us) 21.168
Loop 711 (us) 21.508
Loop 712 (us) 21.027
Loop 713 (us) 21.498
Loop 714 (us) 21.084
Loop 715 (us) 21.298
Loop 716 (us) 21.349
Loop 717 (us) 22.478
Loop 718 (us) 21.584
Loop 719 (us) 22.218
Loop 720 (us) 21.113
Loop 721 (us) 21.239
Loop 722 (us) 21.123
Loop 723 (us) 21.219
Loop 724 (us) 21.37
Loop 725 (us) 21.607
Loop 726 (us) 21.346
Loop 727 (us) 21.026
Loop 728 (us) 21.28
Loop 729 (us) 21.238
Loop 730 (us) 21.266
Loop 731 (us) 21.027
Loop 732 (us) 21.302
Loop 733 (us) 21.1
Loop 734 (us) 30.783
Loop 735 (us) 21.331
Loop 736 (us) 21.826
Loop 737 (us) 21.731
Loop 738 (us) 21.297
Loop 739 (us) 21.526
Loop 740 (us) 21.598
Loop 741 (us) 21.175
Loop 742 (us) 21.41
Loop 743 (us) 21.742
Loop 744 (us) 21.534
Loop 745 (us) 21.251
Loop 746 (us) 22.049
Loop 747 (us) 21.162
Loop 748 (us) 21.824
Loop 749 (us) 21.454
Loop 750 (us) 21.995
Loop 751 (us) 25.128
Loop 752 (us) 21.707
Loop 753 (us) 21.64
Loop 754 (us) 21.716
Loop 755 (us) 21.422
Loop 756 (us) 21.576
Loop 757 (us) 21.485
Loop 758 (us) 21.549
Loop 759 (us) 21.419
Loop 760 (us) 21.821
Loop 761 (us) 21.504
Loop 762 (us) 21.334
Loop 763 (us) 21.476
Loop 764 (us) 21.242
Loop 765 (us) 19.965
Loop 766 (us) 19.626
Loop 767 (us) 19.434
Loop 768 (us) 19.209
Loop 769 (us) 19.565
Loop 770 (us) 19.527
Loop 771 (us) 19.421
Loop 772 (us) 19.747
Loop 773 (us) 19.411
Loop 774 (us) 19.474
Loop 775 (us) 19.456
Loop 776 (us) 19.5
Loop 777 (us) 19.363
Loop 778 (us) 19.53
Loop 779 (us) 19.768
Loop 780 (us) 19.349
Loop 781 (us) 19.596
Loop 782 (us) 19.559
Loop 783 (us) 19.751
Loop 784 (us) 19.488
Loop 785 (us) 19.422
Loop 786 (us) 19.613
Loop 787 (us) 19.573
Loop 788 (us) 19.404
Loop 789 (us) 19.394
Loop 790 (us) 19.51
Loop 791 (us) 19.554
Loop 792 (us) 19.44
Loop 793 (us) 19.331
Loop 794 (us) 19.478
Loop 795 (us) 19.895
Loop 796 (us) 19.668
Loop 797 (us) 19.361
Loop 798 (us) 19.508
Loop 799 (us) 22.19
Loop 800 (us) 19.652
Loop 801 (us) 19.531
Loop 802 (us) 19.353
Loop 803 (us) 19.404
Loop 804 (us) 19.376
Loop 805 (us) 19.28
Loop 806 (us) 19.609
Loop 807 (us) 19.743
Loop 808 (us) 19.532
Loop 809 (us) 19.45
Loop 810 (us) 19.546
Loop 811 (us) 19.343
Loop 812 (us) 19.484
Loop 813 (us) 19.211
Loop 814 (us) 19.568
Loop 815 (us) 19.4
Loop 816 (us) 19.325
Loop 817 (us) 19.432
Loop 818 (us) 19.487
Loop 819 (us) 19.732
Loop 820 (us) 19.622
Loop 821 (us) 19.623
Loop 822 (us) 19.45
Loop 823 (us) 19.296
Loop 824 (us) 19.666
Loop 825 (us) 19.298
Loop 826 (us) 21.642
Loop 827 (us) 19.603
Loop 828 (us) 19.565
Loop 829 (us) 19.697
Loop 830 (us) 20.117
Loop 831 (us) 24.396
Loop 832 (us) 19.66
Loop 833 (us) 19.483
Loop 834 (us) 19.401
Loop 835 (us) 19.635
Loop 836 (us) 19.634
Loop 837 (us) 19.317
Loop 838 (us) 19.694
Loop 839 (us) 19.404
Loop 840 (us) 19.363
Loop 841 (us) 20.461
Loop 842 (us) 475.022
Loop 843 (us) 21.248
Loop 844 (us) 19.432
Loop 845 (us) 19.433
Loop 846 (us) 19.675
Loop 847 (us) 19.259
Loop 848 (us) 19.416
Loop 849 (us) 19.525
Loop 850 (us) 19.47
Loop 851 (us) 19.588
Loop 852 (us) 19.615
Loop 853 (us) 19.656
Loop 854 (us) 19.907
Loop 855 (us) 19.424
Loop 856 (us) 19.383
Loop 857 (us) 19.501
Loop 858 (us) 19.635
Loop 859 (us) 19.46
Loop 860 (us) 19.558
Loop 861 (us) 19.674
Loop 862 (us) 19.527
Loop 863 (us) 19.444
Loop 864 (us) 19.47
Loop 865 (us) 19.437
Loop 866 (us) 19.706
Loop 867 (us) 19.731
Loop 868 (us) 19.566
Loop 869 (us) 19.613
Loop 870 (us) 19.459
Loop 871 (us) 19.468
Loop 872 (us) 19.488
Loop 873 (us) 19.351
Loop 874 (us) 19.415
Loop 875 (us) 19.538
Loop 876 (us) 19.49
Loop 877 (us) 19.424
Loop 878 (us) 19.942
Loop 879 (us) 19.498
Loop 880 (us) 19.48
Loop 881 (us) 19.685
Loop 882 (us) 19.389
Loop 883 (us) 19.497
Loop 884 (us) 19.492
Loop 885 (us) 19.505
Loop 886 (us) 19.536
Loop 887 (us) 19.614
Loop 888 (us) 20.011
Loop 889 (us) 19.269
Loop 890 (us) 19.802
Loop 891 (us) 19.231
Loop 892 (us) 19.403
Loop 893 (us) 19.519
Loop 894 (us) 19.513
Loop 895 (us) 19.86
Loop 896 (us) 19.38
Loop 897 (us) 19.556
Loop 898 (us) 22.201
Loop 899 (us) 19.356
Loop 900 (us) 19.366
Loop 901 (us) 19.479
Loop 902 (us) 19.739
Loop 903 (us) 22.275
Loop 904 (us) 19.616
Loop 905 (us) 19.584
Loop 906 (us) 19.13
Loop 907 (us) 19.504
Loop 908 (us) 19.507
Loop 909 (us) 19.519
Loop 910 (us) 20.059
Loop 911 (us) 19.864
Loop 912 (us) 19.41
Loop 913 (us) 19.779
Loop 914 (us) 19.442
Loop 915 (us) 19.604
Loop 916 (us) 19.545
Loop 917 (us) 19.53
Loop 918 (us) 19.883
Loop 919 (us) 19.531
Loop 920 (us) 19.49
Loop 921 (us) 19.603
Loop 922 (us) 20.062
Loop 923 (us) 19.473
Loop 924 (us) 19.442
Loop 925 (us) 19.712
Loop 926 (us) 19.585
Loop 927 (us) 19.544
Loop 928 (us) 19.635
Loop 929 (us) 19.455
Loop 930 (us) 19.538
Loop 931 (us) 19.47
Loop 932 (us) 19.468
Loop 933 (us) 19.564
Loop 934 (us) 19.506
Loop 935 (us) 19.547
Loop 936 (us) 19.572
Loop 937 (us) 19.73
Loop 938 (us) 19.541
Loop 939 (us) 19.459
Loop 940 (us) 19.679
Loop 941 (us) 19.626
Loop 942 (us) 19.629
Loop 943 (us) 19.629
Loop 944 (us) 19.532
Loop 945 (us) 19.483
Loop 946 (us) 19.382
Loop 947 (us) 22.079
Loop 948 (us) 19.534
Loop 949 (us) 19.888
Loop 950 (us) 19.595
Loop 951 (us) 19.412
Loop 952 (us) 22.026
Loop 953 (us) 47.888
Loop 954 (us) 20.076
Loop 955 (us) 28.768
Loop 956 (us) 20.426
Loop 957 (us) 19.433
Loop 958 (us) 19.35
Loop 959 (us) 19.574
Loop 960 (us) 480.055
Loop 961 (us) 19.8
Loop 962 (us) 19.542
Loop 963 (us) 19.622
Loop 964 (us) 19.567
Loop 965 (us) 19.393
Loop 966 (us) 19.472
Loop 967 (us) 19.42
Loop 968 (us) 19.563
Loop 969 (us) 19.612
Loop 970 (us) 19.581
Loop 971 (us) 19.594
Loop 972 (us) 19.903
Loop 973 (us) 19.599
Loop 974 (us) 19.791
Loop 975 (us) 19.501
Loop 976 (us) 19.433
Loop 977 (us) 19.548
Loop 978 (us) 22.802
Loop 979 (us) 19.319
Loop 980 (us) 19.6
Loop 981 (us) 19.615
Loop 982 (us) 19.759
Loop 983 (us) 19.56
Loop 984 (us) 19.981
Loop 985 (us) 19.697
Loop 986 (us) 19.589
Loop 987 (us) 19.566
Loop 988 (us) 19.767
Loop 989 (us) 19.446
Loop 990 (us) 19.808
Loop 991 (us) 19.134
Loop 992 (us) 19.574
Loop 993 (us) 19.633
Loop 994 (us) 19.437
Loop 995 (us) 19.259
Loop 996 (us) 19.864
Loop 997 (us) 19.383
Loop 998 (us) 19.797
Loop 999 (us) 19.517
Warmup times 0
avgLoopLatency(us) 25.846255
iops 38690.32476852062
variance 26.19853430942226
Loop 0 [108049, 21458, 59335, 12394]
Loop 1 [108894, 9444, 51700, 30558]
Loop 2 [56620, 7203, 22684, 6992]
Loop 3 [41036, 6814, 20187, 6467]
Loop 4 [42282, 6437, 22217, 6607]
Loop 5 [41305, 7022, 20145, 6984]
Loop 6 [42406, 6116, 23801, 6368]
Loop 7 [36980, 5578, 19653, 6076]
Loop 8 [42979, 5732, 25439, 6291]
Loop 9 [35623, 5579, 18408, 6255]
Loop 10 [36820, 5473, 19967, 6073]
Loop 11 [35102, 5559, 18055, 6098]
Loop 12 [34072, 5473, 16912, 6280]
Loop 13 [59110, 5380, 41969, 6302]
Loop 14 [36604, 5919, 19345, 6003]
Loop 15 [34262, 5546, 17432, 5921]
Loop 16 [33790, 5301, 17326, 6063]
Loop 17 [58941, 7212, 19549, 26411]
Loop 18 [38118, 6785, 19204, 6039]
Loop 19 [44225, 5965, 26890, 5886]
Loop 20 [35036, 6187, 17650, 5841]
Loop 21 [35340, 5973, 18339, 5498]
Loop 22 [34739, 6132, 17337, 5402]
Loop 23 [34967, 5847, 17523, 5857]
Loop 24 [34850, 5843, 18025, 5452]
Loop 25 [34112, 5726, 16661, 5806]
Loop 26 [34364, 5923, 17696, 5422]
Loop 27 [35162, 5832, 18534, 5478]
Loop 28 [33952, 5753, 17610, 5412]
Loop 29 [35975, 6111, 18501, 5686]
Loop 30 [36053, 5987, 18625, 5484]
Loop 31 [34644, 5934, 17865, 5435]
Loop 32 [33236, 5781, 16697, 5478]
Loop 33 [32069, 5824, 15556, 5502]
Loop 34 [32660, 6441, 15609, 5458]
Loop 35 [35861, 5335, 15035, 5254]
Loop 36 [30392, 5312, 15095, 5121]
Loop 37 [32925, 5188, 15314, 4979]
Loop 38 [30132, 5152, 15028, 5216]
Loop 39 [30538, 5269, 15276, 5347]
Loop 40 [30114, 5254, 14847, 5407]
Loop 41 [35203, 5380, 19565, 5262]
Loop 42 [30124, 5191, 15208, 5021]
Loop 43 [29928, 5222, 14625, 5433]
Loop 44 [30212, 5218, 15020, 5356]
Loop 45 [30186, 5157, 14946, 5276]
Loop 46 [48271, 5081, 33261, 5329]
Loop 47 [29667, 5119, 14944, 4984]
Loop 48 [29407, 5164, 14663, 5007]
Loop 49 [29602, 5191, 14441, 5306]
Loop 50 [29411, 5070, 14667, 4952]
Loop 51 [29238, 5077, 14543, 5001]
Loop 52 [29164, 5026, 14601, 4936]
Loop 53 [29951, 5190, 14925, 5153]
Loop 54 [30158, 5304, 14986, 5072]
Loop 55 [29706, 5090, 14725, 5367]
Loop 56 [29528, 5124, 14755, 5121]
Loop 57 [29404, 5114, 14477, 5154]
Loop 58 [30121, 5263, 14997, 5312]
Loop 59 [29553, 5100, 14584, 5303]
Loop 60 [29836, 5177, 14732, 5312]
Loop 61 [39310, 12114, 15527, 6216]
Loop 62 [31486, 5703, 15121, 5393]
Loop 63 [29527, 5255, 14499, 4842]
Loop 64 [57784, 5675, 40956, 5819]
Loop 65 [56723, 5666, 27670, 5808]
Loop 66 [32474, 5522, 15848, 5132]
Loop 67 [46102, 5085, 30660, 5225]
Loop 68 [30498, 5323, 14700, 5424]
Loop 69 [63990, 5101, 48909, 5125]
Loop 70 [29866, 5657, 14518, 4923]
Loop 71 [29662, 5203, 14475, 5255]
Loop 72 [29270, 5173, 14255, 5223]
Loop 73 [29460, 5289, 14498, 5071]
Loop 74 [28760, 5037, 14131, 4864]
Loop 75 [29085, 5080, 14399, 4922]
Loop 76 [30105, 5206, 14428, 5214]
Loop 77 [29460, 5174, 14521, 5238]
Loop 78 [34298, 5110, 19797, 4930]
Loop 79 [28919, 5159, 14191, 5024]
Loop 80 [28783, 5243, 14138, 4912]
Loop 81 [28906, 5090, 14120, 5154]
Loop 82 [29086, 5155, 14290, 5152]
Loop 83 [28511, 5129, 14126, 4924]
Loop 84 [28649, 5045, 14138, 5017]
Loop 85 [41345, 5174, 14326, 5543]
Loop 86 [29549, 5343, 14325, 5280]
Loop 87 [43919, 5047, 29006, 5276]
Loop 88 [33208, 5382, 17948, 5256]
Loop 89 [30914, 5260, 15757, 5426]
Loop 90 [28687, 5121, 14293, 4919]
Loop 91 [28631, 5089, 14018, 5035]
Loop 92 [39661, 5097, 24858, 5302]
Loop 93 [29870, 5450, 14810, 5032]
Loop 94 [29452, 5154, 14675, 5176]
Loop 95 [29102, 5124, 14335, 5223]
Loop 96 [47806, 5278, 14606, 23398]
Loop 97 [28895, 5246, 13996, 5092]
Loop 98 [47099, 5138, 32279, 5183]
Loop 99 [28795, 5316, 13882, 5087]
Loop 100 [55834, 10028, 14813, 5575]
Loop 101 [50674, 5452, 14305, 19449]
Loop 102 [47407, 5418, 15656, 21705]
Loop 103 [30591, 5285, 14912, 5974]
Loop 104 [39319, 5089, 14494, 15381]
Loop 105 [39984, 5270, 14009, 16265]
Loop 106 [37941, 5239, 23114, 5219]
Loop 107 [41752, 5293, 14944, 17200]
Loop 108 [32612, 5192, 18425, 4530]
Loop 109 [36654, 5118, 13806, 13449]
Loop 110 [28029, 5238, 13979, 4494]
Loop 111 [40471, 5045, 13814, 17279]
Loop 112 [37782, 5369, 14290, 13764]
Loop 113 [27776, 5338, 13619, 4503]
Loop 114 [39124, 5109, 13344, 16379]
Loop 115 [27382, 5296, 13663, 3937]
Loop 116 [43104, 5177, 13789, 16724]
Loop 117 [27145, 5242, 13570, 3976]
Loop 118 [44179, 5101, 13404, 21415]
Loop 119 [27406, 5187, 13768, 4044]
Loop 120 [26783, 5247, 13389, 3867]
Loop 121 [26498, 5056, 13249, 3962]
Loop 122 [26754, 5002, 13474, 4106]
Loop 123 [27397, 5056, 13901, 4075]
Loop 124 [26675, 4972, 13396, 4082]
Loop 125 [26651, 4987, 13380, 4076]
Loop 126 [27169, 5000, 13676, 4268]
Loop 127 [41349, 5111, 13741, 16005]
Loop 128 [27063, 5183, 13659, 3758]
Loop 129 [28205, 5086, 15246, 3700]
Loop 130 [26690, 5136, 13772, 3670]
Loop 131 [79923, 5021, 13466, 57196]
Loop 132 [43758, 6205, 14549, 18218]
Loop 133 [29526, 5338, 13441, 6200]
Loop 134 [28818, 4990, 13319, 6167]
Loop 135 [29403, 5068, 13495, 6385]
Loop 136 [28922, 5053, 13411, 6167]
Loop 137 [33307, 5019, 17851, 6096]
Loop 138 [38181, 5194, 13338, 15393]
Loop 139 [30084, 5024, 13814, 6978]
Loop 140 [54425, 5179, 13383, 31524]
Loop 141 [28603, 5280, 15294, 3592]
Loop 142 [87179, 4999, 13547, 64334]
Loop 143 [64587, 6294, 14324, 39012]
Loop 144 [30462, 5451, 13684, 6850]
Loop 145 [34127, 9851, 13206, 6617]
Loop 146 [29943, 5119, 13619, 6799]
Loop 147 [29986, 5256, 13614, 6608]
Loop 148 [29400, 5103, 13569, 6415]
Loop 149 [29208, 5027, 13187, 6682]
Loop 150 [29718, 5195, 13692, 6428]
Loop 151 [30449, 5143, 13408, 6638]
Loop 152 [33693, 5112, 17976, 6291]
Loop 153 [29219, 5166, 13433, 6350]
Loop 154 [39810, 5039, 13473, 16960]
Loop 155 [30125, 5230, 13566, 6938]
Loop 156 [29271, 5049, 13591, 6357]
Loop 157 [59772, 5203, 13572, 36638]
Loop 158 [28029, 5400, 13815, 4349]
Loop 159 [27367, 5179, 13524, 4274]
Loop 160 [26710, 5185, 13264, 4086]
Loop 161 [27264, 5207, 13291, 4286]
Loop 162 [26854, 5130, 13125, 4162]
Loop 163 [26903, 5054, 13497, 4149]
Loop 164 [26951, 5048, 13537, 4133]
Loop 165 [26917, 5148, 13304, 4104]
Loop 166 [27278, 5174, 13750, 4084]
Loop 167 [27209, 5218, 13557, 4131]
Loop 168 [26972, 5075, 13399, 4200]
Loop 169 [27077, 5028, 13391, 4349]
Loop 170 [27143, 5145, 13366, 4270]
Loop 171 [26939, 5130, 13470, 4089]
Loop 172 [27041, 5147, 13501, 4174]
Loop 173 [27336, 5187, 13730, 4123]
Loop 174 [27093, 5034, 13632, 4104]
Loop 175 [27142, 5194, 13543, 4177]
Loop 176 [27371, 5121, 13867, 4120]
Loop 177 [27063, 5213, 13479, 4060]
Loop 178 [27257, 5214, 13564, 4221]
Loop 179 [26897, 5090, 13302, 4301]
Loop 180 [32125, 5041, 18538, 4283]
Loop 181 [27029, 5163, 13422, 4193]
Loop 182 [27653, 5287, 13512, 4476]
Loop 183 [26877, 5039, 13313, 4220]
Loop 184 [26821, 5045, 13386, 4122]
Loop 185 [27579, 5258, 13446, 4543]
Loop 186 [26724, 5114, 13205, 4177]
Loop 187 [26689, 5012, 13223, 4250]
Loop 188 [27176, 5123, 13441, 4265]
Loop 189 [26859, 5048, 13454, 4088]
Loop 190 [27087, 5149, 13546, 4106]
Loop 191 [26912, 5148, 13435, 4091]
Loop 192 [26770, 4968, 13512, 4064]
Loop 193 [26915, 5171, 13371, 4111]
Loop 194 [27347, 5139, 13616, 4168]
Loop 195 [27040, 5177, 13477, 4128]
Loop 196 [27120, 5165, 13605, 4066]
Loop 197 [27371, 5190, 13579, 4208]
Loop 198 [27197, 5150, 13577, 4199]
Loop 199 [26970, 5065, 13579, 4072]
Loop 200 [27631, 5130, 13821, 4330]
Loop 201 [26723, 5032, 13286, 4104]
Loop 202 [26813, 5051, 13413, 4073]
Loop 203 [26847, 5145, 13229, 4212]
Loop 204 [26925, 5117, 13424, 4115]
Loop 205 [28689, 5115, 13417, 5857]
Loop 206 [27643, 5205, 13758, 4239]
Loop 207 [28063, 5154, 13288, 5272]
Loop 208 [27065, 5172, 13482, 4110]
Loop 209 [26954, 5181, 13415, 4122]
Loop 210 [26922, 5091, 13393, 4166]
Loop 211 [26990, 5099, 13545, 4097]
Loop 212 [26631, 5049, 13219, 4154]
Loop 213 [26776, 5057, 13206, 4174]
Loop 214 [26999, 5078, 13564, 4071]
Loop 215 [26954, 5158, 13422, 4051]
Loop 216 [27293, 5240, 13686, 4149]
Loop 217 [26879, 4979, 13542, 4100]
Loop 218 [27475, 5163, 13597, 4323]
Loop 219 [26857, 4999, 13561, 4043]
Loop 220 [26993, 5114, 13251, 4294]
Loop 221 [26761, 5074, 13196, 4142]
Loop 222 [26742, 5102, 13253, 4162]
Loop 223 [27105, 5063, 13559, 4232]
Loop 224 [27088, 5168, 13429, 4174]
Loop 225 [26759, 5116, 13169, 4131]
Loop 226 [26811, 5110, 13152, 4211]
Loop 227 [26990, 5021, 13588, 4077]
Loop 228 [27198, 5122, 13564, 4128]
Loop 229 [27253, 5160, 13588, 4044]
Loop 230 [30091, 5212, 13767, 4130]
Loop 231 [27010, 5171, 13486, 4161]
Loop 232 [26841, 5095, 13488, 4142]
Loop 233 [27589, 5249, 13730, 4352]
Loop 234 [26923, 5123, 13523, 4026]
Loop 235 [26930, 5272, 13326, 4153]
Loop 236 [28643, 5044, 14893, 4410]
Loop 237 [26980, 5143, 13380, 4110]
Loop 238 [27015, 5129, 13411, 4187]
Loop 239 [27690, 5071, 13351, 5010]
Loop 240 [27088, 5119, 13577, 4152]
Loop 241 [27488, 5165, 13612, 4201]
Loop 242 [31767, 5118, 18157, 4236]
Loop 243 [27008, 5166, 13391, 4154]
Loop 244 [27041, 5118, 13543, 4087]
Loop 245 [26978, 5144, 13413, 4142]
Loop 246 [27067, 5176, 13526, 4129]
Loop 247 [26795, 5130, 13424, 4089]
Loop 248 [27475, 5121, 13892, 4157]
Loop 249 [26886, 5163, 13421, 4071]
Loop 250 [26706, 5088, 13377, 4102]
Loop 251 [27091, 5081, 13485, 4159]
Loop 252 [27101, 5145, 13617, 4104]
Loop 253 [27455, 5225, 13625, 4180]
Loop 254 [27004, 5088, 13684, 4039]
Loop 255 [34172, 5152, 13426, 4376]
Loop 256 [28909, 5105, 13388, 4257]
Loop 257 [27716, 5109, 13218, 4133]
Loop 258 [29795, 5276, 15329, 4369]
Loop 259 [52996, 5369, 13664, 4319]
Loop 260 [27154, 5132, 13395, 4108]
Loop 261 [26650, 5183, 13156, 4248]
Loop 262 [26772, 5101, 13404, 4122]
Loop 263 [26961, 5201, 13704, 4067]
Loop 264 [26820, 5067, 13614, 4084]
Loop 265 [27202, 5190, 13610, 4222]
Loop 266 [26418, 5043, 13398, 3969]
Loop 267 [26960, 5245, 13630, 4055]
Loop 268 [27133, 5226, 13573, 4230]
Loop 269 [26837, 5292, 13507, 4042]
Loop 270 [32266, 5125, 19083, 4076]
Loop 271 [26995, 5243, 13530, 4075]
Loop 272 [26969, 5192, 13681, 4082]
Loop 273 [26595, 5267, 13186, 4185]
Loop 274 [26720, 5227, 13489, 4088]
Loop 275 [26700, 5110, 13551, 4024]
Loop 276 [27344, 5206, 13730, 4167]
Loop 277 [26744, 5137, 13541, 4057]
Loop 278 [26845, 5276, 13426, 4257]
Loop 279 [56195, 5135, 40054, 4932]
Loop 280 [41998, 5927, 12454, 4331]
Loop 281 [25879, 5177, 11646, 4157]
Loop 282 [25027, 5091, 11804, 4070]
Loop 283 [25110, 5096, 11757, 4194]
Loop 284 [24834, 5203, 11616, 4102]
Loop 285 [24711, 5074, 11634, 4035]
Loop 286 [25142, 5117, 11747, 4225]
Loop 287 [24889, 5168, 11697, 4095]
Loop 288 [25547, 5203, 12028, 4166]
Loop 289 [24699, 5118, 11722, 3987]
Loop 290 [24826, 5057, 11565, 4144]
Loop 291 [24774, 5145, 11625, 4090]
Loop 292 [24720, 5134, 11700, 4152]
Loop 293 [24658, 4985, 11521, 4166]
Loop 294 [25210, 5188, 11689, 4130]
Loop 295 [24917, 5189, 11632, 4084]
Loop 296 [25146, 5176, 11852, 4126]
Loop 297 [25100, 5103, 11836, 4177]
Loop 298 [24851, 5137, 11662, 4086]
Loop 299 [24988, 5303, 11581, 4199]
Loop 300 [25311, 5150, 11803, 4208]
Loop 301 [24707, 5134, 11611, 4106]
Loop 302 [24945, 5165, 11906, 4064]
Loop 303 [24675, 5115, 11575, 4183]
Loop 304 [24750, 5155, 11703, 4093]
Loop 305 [24714, 5139, 11549, 4128]
Loop 306 [24918, 5225, 11640, 4157]
Loop 307 [24920, 5216, 11720, 4139]
Loop 308 [25009, 5262, 11691, 4135]
Loop 309 [25086, 5258, 11693, 4275]
Loop 310 [25042, 5267, 11761, 4101]
Loop 311 [24856, 5160, 11698, 4168]
Loop 312 [25543, 5199, 12103, 4246]
Loop 313 [24756, 5165, 11518, 4218]
Loop 314 [24865, 5183, 11715, 4097]
Loop 315 [24497, 5115, 11480, 4092]
Loop 316 [25061, 5230, 11770, 4190]
Loop 317 [25055, 5276, 11649, 4110]
Loop 318 [24855, 5105, 11791, 4079]
Loop 319 [25137, 5305, 11716, 4166]
Loop 320 [24878, 5268, 11579, 4107]
Loop 321 [24936, 5181, 11728, 4144]
Loop 322 [24554, 5142, 11519, 4035]
Loop 323 [24714, 5195, 11505, 4137]
Loop 324 [25492, 5345, 11899, 4314]
Loop 325 [24896, 5229, 11673, 4115]
Loop 326 [24971, 5245, 11639, 4184]
Loop 327 [24850, 5156, 11773, 4104]
Loop 328 [24878, 5092, 11856, 4057]
Loop 329 [24855, 5231, 11622, 4175]
Loop 330 [24773, 5247, 11569, 4057]
Loop 331 [24825, 5124, 11695, 4106]
Loop 332 [24491, 5152, 11431, 4107]
Loop 333 [24964, 5158, 11766, 4122]
Loop 334 [24996, 5145, 11726, 4213]
Loop 335 [25474, 5152, 11820, 4498]
Loop 336 [25060, 5137, 11715, 4219]
Loop 337 [24742, 5258, 11426, 4128]
Loop 338 [28831, 5109, 15702, 4140]
Loop 339 [24958, 5262, 11629, 4275]
Loop 340 [25115, 5327, 11753, 4142]
Loop 341 [52759, 5230, 39182, 4362]
Loop 342 [26986, 5657, 13331, 4161]
Loop 343 [21631, 5179, 8434, 4076]
Loop 344 [21577, 5106, 8394, 4156]
Loop 345 [21581, 5211, 8232, 4106]
Loop 346 [20974, 5050, 8034, 4050]
Loop 347 [21607, 5216, 8241, 4177]
Loop 348 [21514, 5170, 8377, 4113]
Loop 349 [21180, 5150, 8219, 4017]
Loop 350 [21202, 5172, 8243, 4080]
Loop 351 [21580, 5163, 8188, 4117]
Loop 352 [21503, 5172, 8372, 4064]
Loop 353 [21045, 5128, 8074, 4044]
Loop 354 [21153, 5079, 8032, 4187]
Loop 355 [21176, 5143, 8268, 4035]
Loop 356 [21069, 5093, 8223, 4015]
Loop 357 [21577, 5240, 8235, 4214]
Loop 358 [21277, 5126, 8283, 4084]
Loop 359 [21735, 5168, 8367, 4170]
Loop 360 [21003, 5132, 8075, 4017]
Loop 361 [21282, 5062, 8154, 4179]
Loop 362 [21242, 5181, 8048, 4146]
Loop 363 [21198, 5142, 8214, 4072]
Loop 364 [21364, 5104, 8220, 4209]
Loop 365 [21259, 5113, 8201, 4089]
Loop 366 [21073, 5056, 8161, 4062]
Loop 367 [21322, 5053, 8298, 4142]
Loop 368 [21264, 5234, 8214, 4046]
Loop 369 [21368, 5228, 8210, 4099]
Loop 370 [21381, 5095, 8238, 4150]
Loop 371 [21571, 5108, 8296, 4205]
Loop 372 [21226, 5097, 8181, 4014]
Loop 373 [21381, 5155, 8288, 4158]
Loop 374 [21459, 5066, 8280, 4185]
Loop 375 [21360, 5172, 8247, 4101]
Loop 376 [23048, 5161, 8231, 5824]
Loop 377 [21226, 5082, 8128, 4108]
Loop 378 [22150, 5088, 8192, 5074]
Loop 379 [21095, 5140, 8059, 4037]
Loop 380 [21273, 5086, 8124, 4152]
Loop 381 [21040, 5073, 8157, 4052]
Loop 382 [20998, 5105, 8004, 4069]
Loop 383 [21809, 5273, 8367, 4233]
Loop 384 [21612, 5161, 8385, 4166]
Loop 385 [21015, 5132, 8041, 4044]
Loop 386 [21171, 5108, 8238, 4053]
Loop 387 [21388, 5090, 8278, 4177]
Loop 388 [21118, 5094, 8179, 4083]
Loop 389 [21366, 5162, 8245, 4070]
Loop 390 [21379, 5101, 8202, 4195]
Loop 391 [21167, 5156, 8157, 4042]
Loop 392 [21325, 5139, 8183, 4115]
Loop 393 [21350, 5112, 8186, 4188]
Loop 394 [21800, 5166, 8536, 4228]
Loop 395 [21282, 5147, 8227, 4044]
Loop 396 [20994, 5087, 8065, 4041]
Loop 397 [21182, 5147, 8095, 4122]
Loop 398 [21177, 5160, 8259, 4024]
Loop 399 [21237, 5101, 8222, 4031]
Loop 400 [21208, 5136, 8082, 4159]
Loop 401 [20969, 5097, 7977, 4068]
Loop 402 [21171, 5161, 8155, 4059]
Loop 403 [21444, 5223, 8159, 4139]
Loop 404 [21294, 5238, 8212, 4015]
Loop 405 [21400, 5096, 8174, 4067]
Loop 406 [21744, 5287, 8303, 4230]
Loop 407 [21477, 5141, 8362, 4168]
Loop 408 [21242, 5161, 8201, 4046]
Loop 409 [21151, 5112, 8164, 4007]
Loop 410 [23840, 5121, 8317, 6394]
Loop 411 [21425, 5271, 8203, 4081]
Loop 412 [21146, 5041, 8297, 4051]
Loop 413 [21787, 5056, 8578, 4173]
Loop 414 [21170, 5085, 8214, 4069]
Loop 415 [21139, 5044, 8146, 4164]
Loop 416 [21539, 5108, 8317, 4215]
Loop 417 [21060, 5071, 8088, 4066]
Loop 418 [21778, 5265, 8274, 4124]
Loop 419 [21385, 5192, 8243, 4106]
Loop 420 [21563, 5215, 8307, 4199]
Loop 421 [21078, 5083, 8100, 4026]
Loop 422 [21282, 5243, 8149, 4082]
Loop 423 [21478, 5086, 8445, 4197]
Loop 424 [21202, 5139, 8159, 4111]
Loop 425 [21308, 5236, 8204, 4073]
Loop 426 [21596, 5136, 8457, 4195]
Loop 427 [21267, 5178, 8206, 4084]
Loop 428 [21231, 5139, 8206, 4146]
Loop 429 [21308, 5077, 8281, 4113]
Loop 430 [21614, 5274, 8358, 4173]
Loop 431 [21009, 5053, 8170, 4009]
Loop 432 [21411, 5137, 8290, 4048]
Loop 433 [21328, 5199, 8086, 4130]
Loop 434 [21094, 5134, 8042, 4079]
Loop 435 [21384, 5145, 8313, 4117]
Loop 436 [21379, 5078, 8255, 4192]
Loop 437 [21213, 5141, 8142, 4075]
Loop 438 [21150, 5092, 8165, 4047]
Loop 439 [21512, 5217, 8265, 4160]
Loop 440 [21158, 5094, 8168, 4122]
Loop 441 [21107, 5197, 8033, 4035]
Loop 442 [21716, 5261, 8259, 4273]
Loop 443 [21301, 5032, 8389, 4080]
Loop 444 [21252, 5150, 8248, 4089]
Loop 445 [21129, 5187, 8108, 4028]
Loop 446 [21668, 5109, 8511, 4165]
Loop 447 [21073, 5167, 8163, 3986]
Loop 448 [21733, 5212, 8602, 4104]
Loop 449 [21091, 5053, 8150, 4102]
Loop 450 [21149, 5188, 8106, 4056]
Loop 451 [21242, 5205, 8231, 4046]
Loop 452 [21454, 5134, 8301, 4170]
Loop 453 [21541, 5178, 8226, 4246]
Loop 454 [21419, 5221, 8225, 4055]
Loop 455 [21259, 5141, 8298, 4040]
Loop 456 [21235, 5154, 8071, 4151]
Loop 457 [22493, 5108, 7831, 4169]
Loop 458 [21282, 5186, 8070, 4078]
Loop 459 [21552, 5158, 8336, 4135]
Loop 460 [21426, 5159, 8347, 4067]
Loop 461 [21186, 5172, 8104, 4059]
Loop 462 [21605, 5163, 8354, 4210]
Loop 463 [21205, 5099, 8119, 4130]
Loop 464 [21219, 5138, 8165, 4062]
Loop 465 [21880, 5197, 8418, 4223]
Loop 466 [21202, 5110, 8172, 4120]
Loop 467 [21213, 5152, 8126, 4082]
Loop 468 [21275, 5234, 8165, 3993]
Loop 469 [21410, 5047, 8358, 4090]
Loop 470 [21514, 5256, 8305, 4066]
Loop 471 [21389, 5134, 8290, 4103]
Loop 472 [21598, 5178, 8345, 4137]
Loop 473 [21253, 5211, 8099, 4070]
Loop 474 [21097, 5106, 8070, 4168]
Loop 475 [21301, 5121, 8216, 4133]
Loop 476 [21413, 5105, 8362, 4045]
Loop 477 [21565, 5161, 8352, 4137]
Loop 478 [21244, 5114, 8111, 4077]
Loop 479 [21311, 5127, 8161, 4155]
Loop 480 [21394, 5170, 8256, 4084]
Loop 481 [21204, 5117, 8155, 4108]
Loop 482 [21240, 5170, 8177, 4111]
Loop 483 [21131, 5159, 8008, 4071]
Loop 484 [21512, 5227, 8306, 4104]
Loop 485 [21302, 5079, 8185, 4202]
Loop 486 [21166, 5090, 8150, 4042]
Loop 487 [21317, 5143, 8201, 4066]
Loop 488 [21449, 5099, 8417, 4093]
Loop 489 [21430, 5160, 8209, 4176]
Loop 490 [21313, 5207, 8195, 4048]
Loop 491 [21481, 5201, 8285, 4054]
Loop 492 [21464, 5112, 8301, 4236]
Loop 493 [21603, 5284, 8086, 4197]
Loop 494 [21265, 5064, 8168, 4119]
Loop 495 [21291, 5121, 8157, 4082]
Loop 496 [21097, 5097, 8188, 4010]
Loop 497 [21076, 5098, 8092, 4069]
Loop 498 [21501, 5075, 8308, 4139]
Loop 499 [21275, 5130, 8248, 4074]
Loop 500 [21353, 5156, 8252, 4131]
Loop 501 [21827, 5187, 8454, 4206]
Loop 502 [21291, 5077, 8163, 4132]
Loop 503 [21141, 5118, 8093, 4068]
Loop 504 [21323, 5172, 8283, 4009]
Loop 505 [21577, 5246, 8278, 4248]
Loop 506 [21133, 5110, 8110, 4044]
Loop 507 [21457, 5235, 8276, 4049]
Loop 508 [21589, 5328, 8256, 4145]
Loop 509 [21055, 5134, 8021, 4079]
Loop 510 [21225, 5057, 8226, 4150]
Loop 511 [21118, 5130, 8031, 4165]
Loop 512 [21820, 5184, 8531, 4129]
Loop 513 [21219, 5119, 8265, 4026]
Loop 514 [21217, 5212, 8094, 4079]
Loop 515 [21500, 5097, 8316, 4146]
Loop 516 [21488, 5279, 8117, 4109]
Loop 517 [21426, 5144, 8258, 4082]
Loop 518 [21463, 5209, 8197, 4155]
Loop 519 [21055, 5105, 8090, 4100]
Loop 520 [21164, 5168, 8210, 4022]
Loop 521 [21235, 5041, 8203, 4133]
Loop 522 [21208, 5149, 8151, 4111]
Loop 523 [21492, 5168, 8361, 4124]
Loop 524 [21807, 5293, 8228, 4236]
Loop 525 [21513, 5194, 8323, 4180]
Loop 526 [21430, 5170, 8378, 4025]
Loop 527 [21153, 5098, 8261, 3997]
Loop 528 [21036, 5126, 7997, 4146]
Loop 529 [21031, 5145, 7931, 4075]
Loop 530 [21113, 5090, 8135, 4030]
Loop 531 [21362, 5064, 8203, 4110]
Loop 532 [21153, 5101, 8122, 4055]
Loop 533 [21488, 5203, 8343, 4113]
Loop 534 [21641, 5152, 8425, 4217]
Loop 535 [21251, 5174, 8212, 4040]
Loop 536 [21765, 5198, 8418, 4146]
Loop 537 [21290, 5126, 8217, 4126]
Loop 538 [21419, 5187, 8354, 4097]
Loop 539 [21160, 5090, 8191, 4062]
Loop 540 [21266, 5127, 8167, 4152]
Loop 541 [21514, 5227, 8334, 4129]
Loop 542 [21222, 5210, 8082, 4085]
Loop 543 [20917, 5072, 8040, 4048]
Loop 544 [21357, 5141, 8239, 4162]
Loop 545 [21350, 5212, 8194, 4119]
Loop 546 [24165, 5141, 8090, 7155]
Loop 547 [22305, 5281, 8286, 4836]
Loop 548 [22742, 5305, 8299, 5043]
Loop 549 [21374, 5102, 8292, 4031]
Loop 550 [21184, 5170, 8078, 4062]
Loop 551 [21128, 5159, 8077, 4088]
Loop 552 [21317, 5212, 8065, 4146]
Loop 553 [21366, 5179, 8108, 4084]
Loop 554 [21432, 5085, 8312, 4073]
Loop 555 [21149, 5237, 8022, 4121]
Loop 556 [21181, 5139, 8166, 4119]
Loop 557 [21534, 5081, 8343, 4120]
Loop 558 [21290, 5075, 8350, 4053]
Loop 559 [21206, 5146, 8117, 4099]
Loop 560 [21780, 5221, 8398, 4175]
Loop 561 [29172, 5280, 15704, 4248]
Loop 562 [21317, 5209, 8174, 4097]
Loop 563 [21371, 5260, 8216, 4039]
Loop 564 [21322, 5031, 8250, 4084]
Loop 565 [21512, 5243, 8281, 4112]
Loop 566 [21198, 5133, 8214, 4086]
Loop 567 [21545, 5143, 8230, 4197]
Loop 568 [21201, 5103, 8190, 3978]
Loop 569 [21291, 5149, 8186, 4088]
Loop 570 [21164, 5028, 8128, 4133]
Loop 571 [23435, 5243, 8289, 4164]
Loop 572 [21380, 5190, 8195, 4081]
Loop 573 [21532, 5086, 8320, 4165]
Loop 574 [21328, 5147, 8114, 4139]
Loop 575 [21430, 5212, 8237, 4075]
Loop 576 [21052, 5152, 8033, 4057]
Loop 577 [21100, 5123, 8013, 4119]
Loop 578 [20964, 5123, 7999, 4051]
Loop 579 [21146, 5137, 8042, 4086]
Loop 580 [22396, 5212, 8292, 5043]
Loop 581 [21355, 5136, 8156, 4138]
Loop 582 [21164, 5225, 8075, 4075]
Loop 583 [21801, 5201, 8379, 4212]
Loop 584 [21029, 5083, 8017, 4095]
Loop 585 [21069, 5105, 7993, 4126]
Loop 586 [21231, 5238, 8159, 4040]
Loop 587 [21358, 5192, 8270, 4136]
Loop 588 [21138, 5095, 8099, 4083]
Loop 589 [21383, 5230, 8298, 4031]
Loop 590 [21343, 5157, 8252, 4079]
Loop 591 [21266, 5188, 8156, 4069]
Loop 592 [21064, 5100, 7953, 4031]
Loop 593 [21421, 5172, 8245, 4110]
Loop 594 [21009, 5192, 8000, 3991]
Loop 595 [21580, 5128, 8332, 4194]
Loop 596 [21279, 5221, 8162, 4039]
Loop 597 [21187, 5043, 8197, 4172]
Loop 598 [21366, 5218, 8280, 4067]
Loop 599 [21521, 5107, 8274, 4157]
Loop 600 [21291, 5112, 8172, 4160]
Loop 601 [21097, 5118, 8042, 4095]
Loop 602 [21177, 5230, 8097, 4046]
Loop 603 [21408, 5294, 8041, 4186]
Loop 604 [21463, 5125, 8354, 4117]
Loop 605 [21225, 5169, 8073, 4054]
Loop 606 [21269, 5139, 8137, 4127]
Loop 607 [21565, 5241, 8336, 4139]
Loop 608 [21143, 5099, 8182, 4062]
Loop 609 [21427, 5114, 8277, 4221]
Loop 610 [21282, 5079, 8241, 4086]
Loop 611 [21135, 5185, 8075, 4110]
Loop 612 [21323, 5166, 8305, 4102]
Loop 613 [21208, 5126, 8146, 4148]
Loop 614 [21060, 5130, 8123, 4020]
Loop 615 [21128, 5119, 8152, 4042]
Loop 616 [21202, 5065, 8270, 4073]
Loop 617 [21339, 5150, 8214, 4050]
Loop 618 [21803, 5373, 8293, 4171]
Loop 619 [21359, 5148, 8230, 4108]
Loop 620 [21280, 5167, 8075, 4154]
Loop 621 [25349, 5146, 9896, 4888]
Loop 622 [21382, 5147, 8330, 4059]
Loop 623 [21274, 5124, 8185, 4119]
Loop 624 [21037, 5122, 8002, 4115]
Loop 625 [21180, 5123, 8153, 4052]
Loop 626 [21190, 5039, 8159, 4181]
Loop 627 [21191, 5192, 8148, 4054]
Loop 628 [21271, 5121, 8196, 4062]
Loop 629 [21727, 5303, 8317, 4201]
Loop 630 [21623, 5238, 8234, 4233]
Loop 631 [21293, 5128, 8276, 4084]
Loop 632 [21086, 5065, 8159, 4103]
Loop 633 [21284, 5037, 8296, 4164]
Loop 634 [21237, 5170, 8169, 4124]
Loop 635 [21130, 5121, 8097, 4026]
Loop 636 [21430, 5192, 8280, 4135]
Loop 637 [21149, 5128, 8167, 4045]
Loop 638 [21430, 5132, 8363, 4013]
Loop 639 [21368, 5034, 8309, 4190]
Loop 640 [21136, 5196, 8095, 4057]
Loop 641 [21115, 5079, 8148, 4060]
Loop 642 [21566, 5316, 8130, 4140]
Loop 643 [21374, 5195, 8243, 4162]
Loop 644 [21157, 5084, 8300, 3976]
Loop 645 [21423, 5265, 8241, 4055]
Loop 646 [21423, 5219, 8214, 4150]
Loop 647 [21053, 5015, 8186, 4058]
Loop 648 [21046, 5127, 8064, 4060]
Loop 649 [21297, 5251, 8068, 4097]
Loop 650 [21093, 5112, 8117, 4038]
Loop 651 [21053, 5077, 8124, 4084]
Loop 652 [21499, 5257, 8230, 4094]
Loop 653 [21247, 5113, 8250, 4048]
Loop 654 [21736, 5203, 8416, 4237]
Loop 655 [21122, 5245, 8143, 3998]
Loop 656 [21275, 5128, 8121, 4177]
Loop 657 [21286, 5145, 8210, 4112]
Loop 658 [21148, 5130, 8077, 4062]
Loop 659 [21601, 5239, 8336, 4095]
Loop 660 [21201, 5193, 8161, 4011]
Loop 661 [21237, 5192, 8221, 3993]
Loop 662 [21598, 5273, 8263, 4174]
Loop 663 [22250, 5211, 8221, 4111]
Loop 664 [21492, 5230, 8270, 4054]
Loop 665 [488386, 5307, 474881, 4247]
Loop 666 [21220, 5221, 8128, 4084]
Loop 667 [21186, 5243, 8066, 4045]
Loop 668 [21244, 5165, 8224, 4038]
Loop 669 [21366, 5178, 8241, 4149]
Loop 670 [21259, 5243, 8100, 4140]
Loop 671 [21234, 5161, 8099, 4079]
Loop 672 [21352, 5042, 8145, 4172]
Loop 673 [21189, 5098, 8172, 4082]
Loop 674 [21041, 5053, 8059, 4055]
Loop 675 [21405, 5254, 8135, 4115]
Loop 676 [21579, 5240, 8328, 4166]
Loop 677 [21464, 5192, 8157, 4149]
Loop 678 [21297, 5133, 8258, 4097]
Loop 679 [21501, 5232, 8274, 4166]
Loop 680 [21068, 5144, 8037, 4031]
Loop 681 [21228, 5121, 8152, 4104]
Loop 682 [21311, 5101, 8210, 4137]
Loop 683 [21171, 5083, 8153, 4061]
Loop 684 [21308, 5176, 8198, 4140]
Loop 685 [22846, 5097, 8200, 4099]
Loop 686 [21188, 5183, 8124, 4006]
Loop 687 [21265, 5123, 8176, 4059]
Loop 688 [21440, 5240, 8034, 4248]
Loop 689 [21701, 5161, 8285, 4168]
Loop 690 [21096, 5114, 8113, 4059]
Loop 691 [21332, 5167, 8200, 3973]
Loop 692 [21144, 5174, 8099, 4137]
Loop 693 [21142, 5104, 8170, 4037]
Loop 694 [21246, 5203, 8232, 4020]
Loop 695 [21327, 5126, 8196, 4184]
Loop 696 [21255, 5132, 8157, 4092]
Loop 697 [21261, 5212, 8216, 4079]
Loop 698 [21144, 5164, 8079, 4162]
Loop 699 [21057, 5164, 8055, 4093]
Loop 700 [21162, 5205, 8144, 4117]
Loop 701 [21694, 5197, 8299, 4292]
Loop 702 [21534, 5178, 8361, 4130]
Loop 703 [21115, 5166, 8044, 4089]
Loop 704 [21361, 5210, 8248, 4000]
Loop 705 [21363, 5236, 8221, 4122]
Loop 706 [21226, 5219, 8081, 4040]
Loop 707 [21058, 5048, 8132, 4050]
Loop 708 [21282, 5050, 8306, 4161]
Loop 709 [21519, 5359, 8276, 4044]
Loop 710 [21168, 5140, 8174, 4013]
Loop 711 [21508, 5212, 8330, 4137]
Loop 712 [21027, 5117, 8011, 4090]
Loop 713 [21498, 5084, 8288, 4186]
Loop 714 [21084, 5138, 8026, 4103]
Loop 715 [21298, 5063, 8234, 4148]
Loop 716 [21349, 5159, 8339, 4022]
Loop 717 [22478, 5172, 8142, 5369]
Loop 718 [21584, 5186, 8323, 4172]
Loop 719 [22218, 5168, 8099, 5061]
Loop 720 [21113, 5187, 8152, 4036]
Loop 721 [21239, 5136, 8092, 4137]
Loop 722 [21123, 5121, 8172, 4015]
Loop 723 [21219, 5136, 8210, 4037]
Loop 724 [21370, 5156, 8285, 4121]
Loop 725 [21607, 5243, 8396, 4137]
Loop 726 [21346, 5241, 8201, 4047]
Loop 727 [21026, 5132, 8034, 4080]
Loop 728 [21280, 5154, 8171, 4175]
Loop 729 [21238, 5181, 8049, 4077]
Loop 730 [21266, 5198, 8128, 4092]
Loop 731 [21027, 5054, 7970, 4194]
Loop 732 [21302, 5198, 8206, 4029]
Loop 733 [21100, 5106, 8065, 4040]
Loop 734 [30783, 8193, 12379, 4806]
Loop 735 [21331, 5154, 8308, 4053]
Loop 736 [21826, 5143, 8611, 4131]
Loop 737 [21731, 5111, 8726, 4090]
Loop 738 [21297, 5079, 8411, 4044]
Loop 739 [21526, 5052, 8547, 4060]
Loop 740 [21598, 5090, 8541, 4117]
Loop 741 [21175, 5028, 8375, 3953]
Loop 742 [21410, 5157, 8367, 4056]
Loop 743 [21742, 5030, 8744, 4135]
Loop 744 [21534, 5070, 8618, 4035]
Loop 745 [21251, 5059, 8456, 3998]
Loop 746 [22049, 5045, 9009, 4139]
Loop 747 [21162, 5163, 8256, 4000]
Loop 748 [21824, 5162, 8689, 4080]
Loop 749 [21454, 5105, 8390, 4067]
Loop 750 [21995, 5127, 8969, 4062]
Loop 751 [25128, 5104, 8534, 7691]
Loop 752 [21707, 5289, 8581, 4069]
Loop 753 [21640, 5110, 8540, 4206]
Loop 754 [21716, 5254, 8598, 4119]
Loop 755 [21422, 5134, 8374, 4073]
Loop 756 [21576, 5194, 8393, 4135]
Loop 757 [21485, 5179, 8409, 4113]
Loop 758 [21549, 5189, 8419, 4102]
Loop 759 [21419, 5155, 8272, 4137]
Loop 760 [21821, 5216, 8541, 4109]
Loop 761 [21504, 5115, 8417, 4185]
Loop 762 [21334, 5137, 8441, 4011]
Loop 763 [21476, 5098, 8487, 4088]
Loop 764 [21242, 5059, 8363, 3960]
Loop 765 [19965, 4635, 7707, 4133]
Loop 766 [19626, 4581, 7627, 4027]
Loop 767 [19434, 4576, 7351, 4094]
Loop 768 [19209, 4473, 7330, 4053]
Loop 769 [19565, 4568, 7411, 4005]
Loop 770 [19527, 4685, 7365, 4048]
Loop 771 [19421, 4618, 7426, 3979]
Loop 772 [19747, 4679, 7565, 3988]
Loop 773 [19411, 4580, 7418, 3990]
Loop 774 [19474, 4587, 7415, 4031]
Loop 775 [19456, 4666, 7485, 3934]
Loop 776 [19500, 4575, 7432, 4083]
Loop 777 [19363, 4536, 7445, 4018]
Loop 778 [19530, 4597, 7471, 4031]
Loop 779 [19768, 4665, 7534, 4102]
Loop 780 [19349, 4526, 7461, 3968]
Loop 781 [19596, 4589, 7523, 4050]
Loop 782 [19559, 4651, 7505, 4005]
Loop 783 [19751, 4652, 7730, 3977]
Loop 784 [19488, 4619, 7465, 4010]
Loop 785 [19422, 4581, 7336, 4149]
Loop 786 [19613, 4604, 7534, 4085]
Loop 787 [19573, 4592, 7445, 4051]
Loop 788 [19404, 4642, 7383, 3927]
Loop 789 [19394, 4506, 7452, 4054]
Loop 790 [19510, 4704, 7440, 3983]
Loop 791 [19554, 4646, 7408, 3951]
Loop 792 [19440, 4560, 7352, 4052]
Loop 793 [19331, 4569, 7379, 3979]
Loop 794 [19478, 4616, 7389, 4024]
Loop 795 [19895, 4779, 7489, 4069]
Loop 796 [19668, 4673, 7550, 3972]
Loop 797 [19361, 4494, 7460, 4051]
Loop 798 [19508, 4615, 7420, 4015]
Loop 799 [22190, 4625, 7603, 3977]
Loop 800 [19652, 4625, 7530, 4056]
Loop 801 [19531, 4625, 7466, 4056]
Loop 802 [19353, 4513, 7429, 3972]
Loop 803 [19404, 4573, 7408, 4010]
Loop 804 [19376, 4537, 7427, 4079]
Loop 805 [19280, 4519, 7319, 3942]
Loop 806 [19609, 4681, 7470, 3989]
Loop 807 [19743, 4584, 7682, 4021]
Loop 808 [19532, 4686, 7431, 4012]
Loop 809 [19450, 4587, 7371, 4102]
Loop 810 [19546, 4674, 7352, 4093]
Loop 811 [19343, 4487, 7431, 4019]
Loop 812 [19484, 4613, 7280, 4076]
Loop 813 [19211, 4632, 7317, 3905]
Loop 814 [19568, 4616, 7499, 4049]
Loop 815 [19400, 4549, 7329, 4092]
Loop 816 [19325, 4562, 7304, 4050]
Loop 817 [19432, 4542, 7391, 4093]
Loop 818 [19487, 4666, 7402, 4046]
Loop 819 [19732, 4632, 7646, 3947]
Loop 820 [19622, 4635, 7532, 4031]
Loop 821 [19623, 4625, 7568, 4045]
Loop 822 [19450, 4564, 7607, 3927]
Loop 823 [19296, 4527, 7334, 3969]
Loop 824 [19666, 4663, 7466, 4108]
Loop 825 [19298, 4623, 7311, 3973]
Loop 826 [21642, 4608, 7336, 6169]
Loop 827 [19603, 4628, 7482, 4050]
Loop 828 [19565, 4578, 7449, 4065]
Loop 829 [19697, 4570, 7618, 4037]
Loop 830 [20117, 4770, 7832, 4017]
Loop 831 [24396, 4664, 12296, 3868]
Loop 832 [19660, 4659, 7574, 3978]
Loop 833 [19483, 4634, 7451, 3976]
Loop 834 [19401, 4630, 7351, 4013]
Loop 835 [19635, 4615, 7460, 4031]
Loop 836 [19634, 4629, 7368, 4138]
Loop 837 [19317, 4609, 7278, 4027]
Loop 838 [19694, 4640, 7571, 4040]
Loop 839 [19404, 4613, 7474, 4046]
Loop 840 [19363, 4597, 7411, 4029]
Loop 841 [20461, 4645, 7462, 4897]
Loop 842 [475022, 4657, 463019, 3695]
Loop 843 [21248, 4747, 7979, 5030]
Loop 844 [19432, 4622, 7449, 3949]
Loop 845 [19433, 4538, 7435, 4012]
Loop 846 [19675, 4571, 7594, 4041]
Loop 847 [19259, 4589, 7248, 3972]
Loop 848 [19416, 4546, 7419, 3974]
Loop 849 [19525, 4697, 7374, 4081]
Loop 850 [19470, 4645, 7360, 4025]
Loop 851 [19588, 4671, 7494, 3969]
Loop 852 [19615, 4639, 7556, 4058]
Loop 853 [19656, 4608, 7561, 4016]
Loop 854 [19907, 4810, 7684, 3933]
Loop 855 [19424, 4556, 7436, 4028]
Loop 856 [19383, 4569, 7366, 4044]
Loop 857 [19501, 4630, 7454, 4012]
Loop 858 [19635, 4698, 7523, 3996]
Loop 859 [19460, 4628, 7412, 3999]
Loop 860 [19558, 4643, 7403, 4020]
Loop 861 [19674, 4734, 7539, 3944]
Loop 862 [19527, 4618, 7369, 4155]
Loop 863 [19444, 4636, 7427, 3979]
Loop 864 [19470, 4526, 7515, 3994]
Loop 865 [19437, 4568, 7409, 4074]
Loop 866 [19706, 4716, 7485, 4023]
Loop 867 [19731, 4639, 7557, 4040]
Loop 868 [19566, 4673, 7261, 4128]
Loop 869 [19613, 4521, 7513, 4090]
Loop 870 [19459, 4580, 7450, 3998]
Loop 871 [19468, 4652, 7395, 3971]
Loop 872 [19488, 4518, 7560, 4004]
Loop 873 [19351, 4605, 7311, 4028]
Loop 874 [19415, 4555, 7335, 4044]
Loop 875 [19538, 4544, 7698, 3898]
Loop 876 [19490, 4652, 7423, 3979]
Loop 877 [19424, 4593, 7354, 4089]
Loop 878 [19942, 4748, 7695, 3972]
Loop 879 [19498, 4576, 7573, 3888]
Loop 880 [19480, 4597, 7413, 4027]
Loop 881 [19685, 4734, 7463, 4001]
Loop 882 [19389, 4677, 7276, 4013]
Loop 883 [19497, 4602, 7480, 3985]
Loop 884 [19492, 4651, 7497, 3958]
Loop 885 [19505, 4626, 7407, 3981]
Loop 886 [19536, 4604, 7459, 4045]
Loop 887 [19614, 4598, 7499, 4046]
Loop 888 [20011, 4608, 7372, 4596]
Loop 889 [19269, 4606, 7218, 3926]
Loop 890 [19802, 4703, 7561, 3999]
Loop 891 [19231, 4579, 7255, 4004]
Loop 892 [19403, 4555, 7393, 3986]
Loop 893 [19519, 4514, 7485, 4040]
Loop 894 [19513, 4628, 7378, 3978]
Loop 895 [19860, 4571, 7717, 4096]
Loop 896 [19380, 4578, 7343, 3962]
Loop 897 [19556, 4732, 7365, 4036]
Loop 898 [22201, 7267, 7405, 4054]
Loop 899 [19356, 4583, 7381, 4061]
Loop 900 [19366, 4547, 7363, 3972]
Loop 901 [19479, 4623, 7308, 4047]
Loop 902 [19739, 4676, 7460, 4029]
Loop 903 [22275, 4561, 7575, 3960]
Loop 904 [19616, 4579, 7551, 3957]
Loop 905 [19584, 4672, 7391, 4009]
Loop 906 [19130, 4550, 7263, 3936]
Loop 907 [19504, 4687, 7412, 4014]
Loop 908 [19507, 4644, 7405, 4003]
Loop 909 [19519, 4576, 7463, 4019]
Loop 910 [20059, 4594, 7934, 4009]
Loop 911 [19864, 4614, 7452, 4348]
Loop 912 [19410, 4618, 7414, 3933]
Loop 913 [19779, 4697, 7481, 3995]
Loop 914 [19442, 4566, 7431, 4008]
Loop 915 [19604, 4633, 7543, 4014]
Loop 916 [19545, 4610, 7387, 4064]
Loop 917 [19530, 4656, 7421, 4081]
Loop 918 [19883, 4700, 7653, 4000]
Loop 919 [19531, 4655, 7264, 4080]
Loop 920 [19490, 4531, 7496, 4045]
Loop 921 [19603, 4693, 7355, 4116]
Loop 922 [20062, 4583, 7384, 4580]
Loop 923 [19473, 4570, 7357, 4080]
Loop 924 [19442, 4669, 7328, 3991]
Loop 925 [19712, 4674, 7675, 3907]
Loop 926 [19585, 4569, 7474, 4063]
Loop 927 [19544, 4684, 7421, 3968]
Loop 928 [19635, 4648, 7505, 3972]
Loop 929 [19455, 4593, 7370, 4031]
Loop 930 [19538, 4588, 7485, 4016]
Loop 931 [19470, 4634, 7341, 3985]
Loop 932 [19468, 4575, 7399, 4053]
Loop 933 [19564, 4526, 7491, 4053]
Loop 934 [19506, 4679, 7348, 4010]
Loop 935 [19547, 4577, 7443, 4044]
Loop 936 [19572, 4622, 7495, 3993]
Loop 937 [19730, 4681, 7403, 4130]
Loop 938 [19541, 4616, 7516, 3976]
Loop 939 [19459, 4523, 7440, 4036]
Loop 940 [19679, 4604, 7493, 4031]
Loop 941 [19626, 4616, 7536, 4019]
Loop 942 [19629, 4564, 7623, 4031]
Loop 943 [19629, 4636, 7449, 4048]
Loop 944 [19532, 4606, 7433, 4030]
Loop 945 [19483, 4586, 7338, 4047]
Loop 946 [19382, 4549, 7343, 4053]
Loop 947 [22079, 4644, 9960, 3921]
Loop 948 [19534, 4629, 7451, 3945]
Loop 949 [19888, 4659, 7528, 4076]
Loop 950 [19595, 4639, 7547, 3913]
Loop 951 [19412, 4593, 7333, 3984]
Loop 952 [22026, 4672, 9906, 3959]
Loop 953 [47888, 4597, 7350, 32297]
Loop 954 [20076, 4883, 7643, 4033]
Loop 955 [28768, 4675, 7511, 13028]
Loop 956 [20426, 4690, 8042, 4061]
Loop 957 [19433, 4578, 7413, 4011]
Loop 958 [19350, 4515, 7403, 3954]
Loop 959 [19574, 4593, 7524, 4066]
Loop 960 [480055, 4579, 468011, 3844]
Loop 961 [19800, 4764, 7581, 3961]
Loop 962 [19542, 4613, 7433, 4085]
Loop 963 [19622, 4604, 7456, 4092]
Loop 964 [19567, 4638, 7526, 4024]
Loop 965 [19393, 4628, 7294, 4092]
Loop 966 [19472, 4630, 7403, 3983]
Loop 967 [19420, 4613, 7427, 3917]
Loop 968 [19563, 4543, 7528, 4023]
Loop 969 [19612, 4628, 7389, 4032]
Loop 970 [19581, 4630, 7534, 3937]
Loop 971 [19594, 4643, 7432, 4037]
Loop 972 [19903, 4721, 7502, 4026]
Loop 973 [19599, 4576, 7429, 4035]
Loop 974 [19791, 4612, 7716, 4042]
Loop 975 [19501, 4581, 7436, 4052]
Loop 976 [19433, 4610, 7436, 3975]
Loop 977 [19548, 4613, 7453, 4022]
Loop 978 [22802, 4524, 7812, 4072]
Loop 979 [19319, 4586, 7340, 3982]
Loop 980 [19600, 4603, 7377, 4154]
Loop 981 [19615, 4738, 7479, 3930]
Loop 982 [19759, 4649, 7595, 3993]
Loop 983 [19560, 4664, 7423, 4068]
Loop 984 [19981, 4736, 7541, 3975]
Loop 985 [19697, 4661, 7529, 3954]
Loop 986 [19589, 4612, 7490, 4043]
Loop 987 [19566, 4540, 7439, 4067]
Loop 988 [19767, 4623, 7654, 4003]
Loop 989 [19446, 4585, 7389, 4014]
Loop 990 [19808, 4682, 7501, 4123]
Loop 991 [19134, 4540, 7222, 3961]
Loop 992 [19574, 4654, 7461, 3955]
Loop 993 [19633, 4632, 7573, 3953]
Loop 994 [19437, 4597, 7319, 4040]
Loop 995 [19259, 4587, 7251, 4061]
Loop 996 [19864, 4666, 7719, 3916]
Loop 997 [19383, 4542, 7393, 3993]
Loop 998 [19797, 4611, 7722, 3991]
Loop 999 [19517, 4600, 7375, 4032]
replicas primary file /tmp16384eccache.dat capacity 4096
replicas slave file /tmp16384eccache.datLQL0 capacity 4096
replicas slave file /tmp16384eccache.datLQL1 capacity 4096
replicas slave file /tmp16384eccache.datLQL2 capacity 4096
replicas slave file /tmp16384eccache.datLQL3 capacity 4096
replicas slave file /tmp16384eccache.datLQL4 capacity 4096
