writeMicroEC_CodingDescent, filename /tmp16384microec.dat, size 16384, loop 1000, storageClass 0, locationClass 0, monECSubStripeNum 1
CrailConstants.REPLICATION_FACTOR has changed to 5
MicroEC Coding Ready

networkSizeArray [4096]
starting benchmark...
replicas primary file /tmp16384microec.dat capacity 0
replicas slave file /tmp16384microec.datLQL0 capacity 0
replicas slave file /tmp16384microec.datLQL1 capacity 0
replicas slave file /tmp16384microec.datLQL2 capacity 0
replicas slave file /tmp16384microec.datLQL3 capacity 0
replicas slave file /tmp16384microec.datLQL4 capacity 0
CrailConstants.REPLICATION_FACTOR has changed to 5
ops 1000
final loop (us) 19.375
Loop 0 (us) 131.538
Loop 1 (us) 63.497
Loop 2 (us) 46.128
Loop 3 (us) 46.115
Loop 4 (us) 42.627
Loop 5 (us) 48.145
Loop 6 (us) 41.276
Loop 7 (us) 38.349
Loop 8 (us) 63.224
Loop 9 (us) 40.064
Loop 10 (us) 37.129
Loop 11 (us) 39.137
Loop 12 (us) 39.514
Loop 13 (us) 39.858
Loop 14 (us) 40.16
Loop 15 (us) 38.928
Loop 16 (us) 36.463
Loop 17 (us) 38.175
Loop 18 (us) 35.683
Loop 19 (us) 35.754
Loop 20 (us) 38.366
Loop 21 (us) 38.052
Loop 22 (us) 61.055
Loop 23 (us) 39.047
Loop 24 (us) 42.023
Loop 25 (us) 45.155
Loop 26 (us) 37.835
Loop 27 (us) 38.829
Loop 28 (us) 39.246
Loop 29 (us) 38.985
Loop 30 (us) 38.234
Loop 31 (us) 39.924
Loop 32 (us) 38.674
Loop 33 (us) 37.079
Loop 34 (us) 36.755
Loop 35 (us) 57.744
Loop 36 (us) 35.933
Loop 37 (us) 35.788
Loop 38 (us) 37.116
Loop 39 (us) 33.888
Loop 40 (us) 33.755
Loop 41 (us) 33.358
Loop 42 (us) 33.539
Loop 43 (us) 32.937
Loop 44 (us) 33.897
Loop 45 (us) 33.172
Loop 46 (us) 37.031
Loop 47 (us) 33.489
Loop 48 (us) 32.982
Loop 49 (us) 32.933
Loop 50 (us) 32.947
Loop 51 (us) 33.352
Loop 52 (us) 34.092
Loop 53 (us) 33.378
Loop 54 (us) 33.25
Loop 55 (us) 33.821
Loop 56 (us) 33.758
Loop 57 (us) 32.746
Loop 58 (us) 32.335
Loop 59 (us) 33.392
Loop 60 (us) 32.494
Loop 61 (us) 37.278
Loop 62 (us) 33.458
Loop 63 (us) 33.771
Loop 64 (us) 210.489
Loop 65 (us) 66.019
Loop 66 (us) 50.052
Loop 67 (us) 35.481
Loop 68 (us) 104.33
Loop 69 (us) 43.983
Loop 70 (us) 34.475
Loop 71 (us) 32.851
Loop 72 (us) 32.821
Loop 73 (us) 77.065
Loop 74 (us) 37.676
Loop 75 (us) 32.529
Loop 76 (us) 32.259
Loop 77 (us) 31.916
Loop 78 (us) 33.325
Loop 79 (us) 33.297
Loop 80 (us) 31.65
Loop 81 (us) 31.566
Loop 82 (us) 47.407
Loop 83 (us) 32.538
Loop 84 (us) 31.777
Loop 85 (us) 43.499
Loop 86 (us) 33.491
Loop 87 (us) 58.331
Loop 88 (us) 32.966
Loop 89 (us) 32.102
Loop 90 (us) 32.082
Loop 91 (us) 32.576
Loop 92 (us) 32.027
Loop 93 (us) 31.663
Loop 94 (us) 32.447
Loop 95 (us) 31.942
Loop 96 (us) 31.466
Loop 97 (us) 42.499
Loop 98 (us) 32.698
Loop 99 (us) 49.816
Loop 100 (us) 45.526
Loop 101 (us) 57.088
Loop 102 (us) 41.619
Loop 103 (us) 46.05
Loop 104 (us) 44.241
Loop 105 (us) 32.769
Loop 106 (us) 32.176
Loop 107 (us) 43.614
Loop 108 (us) 33.092
Loop 109 (us) 43.762
Loop 110 (us) 33.163
Loop 111 (us) 31.517
Loop 112 (us) 51.507
Loop 113 (us) 50.458
Loop 114 (us) 32.177
Loop 115 (us) 32.009
Loop 116 (us) 33.866
Loop 117 (us) 31.271
Loop 118 (us) 31.229
Loop 119 (us) 32.394
Loop 120 (us) 30.989
Loop 121 (us) 32.168
Loop 122 (us) 32.76
Loop 123 (us) 31.279
Loop 124 (us) 31.73
Loop 125 (us) 31.076
Loop 126 (us) 31.847
Loop 127 (us) 37.596
Loop 128 (us) 31.523
Loop 129 (us) 33.583
Loop 130 (us) 32.13
Loop 131 (us) 32.51
Loop 132 (us) 32.404
Loop 133 (us) 31.271
Loop 134 (us) 32.157
Loop 135 (us) 31.353
Loop 136 (us) 36.182
Loop 137 (us) 31.005
Loop 138 (us) 32.118
Loop 139 (us) 32.738
Loop 140 (us) 50.188
Loop 141 (us) 33.048
Loop 142 (us) 31.18
Loop 143 (us) 31.594
Loop 144 (us) 56.211
Loop 145 (us) 31.165
Loop 146 (us) 30.878
Loop 147 (us) 32.642
Loop 148 (us) 30.101
Loop 149 (us) 30.088
Loop 150 (us) 31.812
Loop 151 (us) 31.293
Loop 152 (us) 30.803
Loop 153 (us) 30.541
Loop 154 (us) 29.862
Loop 155 (us) 30.156
Loop 156 (us) 29.815
Loop 157 (us) 30.007
Loop 158 (us) 34.681
Loop 159 (us) 29.614
Loop 160 (us) 29.057
Loop 161 (us) 29.325
Loop 162 (us) 30.037
Loop 163 (us) 30.723
Loop 164 (us) 29.412
Loop 165 (us) 29.223
Loop 166 (us) 29.766
Loop 167 (us) 29.567
Loop 168 (us) 30.16
Loop 169 (us) 29.465
Loop 170 (us) 29.732
Loop 171 (us) 30.054
Loop 172 (us) 29.206
Loop 173 (us) 29.471
Loop 174 (us) 29.949
Loop 175 (us) 30.126
Loop 176 (us) 29.756
Loop 177 (us) 28.91
Loop 178 (us) 29.234
Loop 179 (us) 29.062
Loop 180 (us) 29.308
Loop 181 (us) 29.605
Loop 182 (us) 29.107
Loop 183 (us) 29.204
Loop 184 (us) 29.07
Loop 185 (us) 28.437
Loop 186 (us) 30.095
Loop 187 (us) 28.997
Loop 188 (us) 29.673
Loop 189 (us) 29.855
Loop 190 (us) 30.096
Loop 191 (us) 29.622
Loop 192 (us) 28.662
Loop 193 (us) 29.084
Loop 194 (us) 37.342
Loop 195 (us) 28.534
Loop 196 (us) 28.655
Loop 197 (us) 29.62
Loop 198 (us) 29.137
Loop 199 (us) 28.902
Loop 200 (us) 29.663
Loop 201 (us) 30.674
Loop 202 (us) 29.186
Loop 203 (us) 29.204
Loop 204 (us) 28.931
Loop 205 (us) 29.154
Loop 206 (us) 28.696
Loop 207 (us) 29.141
Loop 208 (us) 27.936
Loop 209 (us) 35.216
Loop 210 (us) 29.103
Loop 211 (us) 28.504
Loop 212 (us) 28.441
Loop 213 (us) 29.255
Loop 214 (us) 28.392
Loop 215 (us) 136.902
Loop 216 (us) 84.569
Loop 217 (us) 34.074
Loop 218 (us) 32.689
Loop 219 (us) 32.135
Loop 220 (us) 31.332
Loop 221 (us) 33.3
Loop 222 (us) 32.438
Loop 223 (us) 46.922
Loop 224 (us) 33.405
Loop 225 (us) 32.354
Loop 226 (us) 32.112
Loop 227 (us) 66.618
Loop 228 (us) 31.889
Loop 229 (us) 29.35
Loop 230 (us) 29.945
Loop 231 (us) 29.16
Loop 232 (us) 28.937
Loop 233 (us) 30.182
Loop 234 (us) 28.96
Loop 235 (us) 29.649
Loop 236 (us) 30.756
Loop 237 (us) 29.739
Loop 238 (us) 29.284
Loop 239 (us) 29.478
Loop 240 (us) 28.993
Loop 241 (us) 28.895
Loop 242 (us) 28.537
Loop 243 (us) 53.315
Loop 244 (us) 29.959
Loop 245 (us) 31.578
Loop 246 (us) 28.893
Loop 247 (us) 29.622
Loop 248 (us) 28.857
Loop 249 (us) 29.372
Loop 250 (us) 30.225
Loop 251 (us) 28.74
Loop 252 (us) 29.552
Loop 253 (us) 29.29
Loop 254 (us) 30.252
Loop 255 (us) 40.744
Loop 256 (us) 31.459
Loop 257 (us) 54.081
Loop 258 (us) 30.298
Loop 259 (us) 28.675
Loop 260 (us) 28.882
Loop 261 (us) 27.856
Loop 262 (us) 28.521
Loop 263 (us) 28.085
Loop 264 (us) 28.037
Loop 265 (us) 28.857
Loop 266 (us) 28.089
Loop 267 (us) 28.031
Loop 268 (us) 29.027
Loop 269 (us) 28.608
Loop 270 (us) 47.21
Loop 271 (us) 26.939
Loop 272 (us) 27.684
Loop 273 (us) 26.645
Loop 274 (us) 26.275
Loop 275 (us) 26.789
Loop 276 (us) 26.272
Loop 277 (us) 29.972
Loop 278 (us) 26.871
Loop 279 (us) 29.445
Loop 280 (us) 29.39
Loop 281 (us) 27.51
Loop 282 (us) 26.504
Loop 283 (us) 26.779
Loop 284 (us) 27.2
Loop 285 (us) 26.792
Loop 286 (us) 26.584
Loop 287 (us) 26.748
Loop 288 (us) 26.227
Loop 289 (us) 26.281
Loop 290 (us) 27.127
Loop 291 (us) 26.211
Loop 292 (us) 27.056
Loop 293 (us) 26.267
Loop 294 (us) 30.535
Loop 295 (us) 26.261
Loop 296 (us) 26.255
Loop 297 (us) 27.083
Loop 298 (us) 26.481
Loop 299 (us) 26.17
Loop 300 (us) 26.946
Loop 301 (us) 26.347
Loop 302 (us) 26.305
Loop 303 (us) 27.146
Loop 304 (us) 27.2
Loop 305 (us) 26.112
Loop 306 (us) 25.858
Loop 307 (us) 26.663
Loop 308 (us) 27.003
Loop 309 (us) 26.623
Loop 310 (us) 26.981
Loop 311 (us) 26.185
Loop 312 (us) 26.23
Loop 313 (us) 26.532
Loop 314 (us) 81.999
Loop 315 (us) 49.777
Loop 316 (us) 28.719
Loop 317 (us) 27.898
Loop 318 (us) 24.876
Loop 319 (us) 24.979
Loop 320 (us) 24.888
Loop 321 (us) 24.354
Loop 322 (us) 24.574
Loop 323 (us) 25.236
Loop 324 (us) 24.548
Loop 325 (us) 24.703
Loop 326 (us) 24.819
Loop 327 (us) 25.358
Loop 328 (us) 24.873
Loop 329 (us) 35.537
Loop 330 (us) 38.37
Loop 331 (us) 55.494
Loop 332 (us) 46.287
Loop 333 (us) 26.792
Loop 334 (us) 25.462
Loop 335 (us) 25.352
Loop 336 (us) 24.917
Loop 337 (us) 25.423
Loop 338 (us) 24.814
Loop 339 (us) 25.843
Loop 340 (us) 25.206
Loop 341 (us) 25.089
Loop 342 (us) 26.006
Loop 343 (us) 24.965
Loop 344 (us) 24.953
Loop 345 (us) 25.703
Loop 346 (us) 24.639
Loop 347 (us) 25.259
Loop 348 (us) 25.307
Loop 349 (us) 25.598
Loop 350 (us) 24.573
Loop 351 (us) 34.608
Loop 352 (us) 25.945
Loop 353 (us) 48.13
Loop 354 (us) 25.169
Loop 355 (us) 25.893
Loop 356 (us) 45.86
Loop 357 (us) 50.106
Loop 358 (us) 22.534
Loop 359 (us) 22.293
Loop 360 (us) 21.292
Loop 361 (us) 22.323
Loop 362 (us) 25.121
Loop 363 (us) 22.3
Loop 364 (us) 22.469
Loop 365 (us) 21.577
Loop 366 (us) 21.768
Loop 367 (us) 22.059
Loop 368 (us) 21.687
Loop 369 (us) 21.666
Loop 370 (us) 21.924
Loop 371 (us) 22.309
Loop 372 (us) 21.403
Loop 373 (us) 21.844
Loop 374 (us) 22.391
Loop 375 (us) 21.582
Loop 376 (us) 30.365
Loop 377 (us) 23.019
Loop 378 (us) 22.184
Loop 379 (us) 22.109
Loop 380 (us) 35.752
Loop 381 (us) 43.24
Loop 382 (us) 35.006
Loop 383 (us) 22.694
Loop 384 (us) 22.3
Loop 385 (us) 22.33
Loop 386 (us) 22.6
Loop 387 (us) 22.334
Loop 388 (us) 22.181
Loop 389 (us) 30.138
Loop 390 (us) 24.089
Loop 391 (us) 22.169
Loop 392 (us) 22.087
Loop 393 (us) 40.116
Loop 394 (us) 20.777
Loop 395 (us) 45.632
Loop 396 (us) 34.397
Loop 397 (us) 21.172
Loop 398 (us) 21.181
Loop 399 (us) 20.749
Loop 400 (us) 20.478
Loop 401 (us) 21.675
Loop 402 (us) 20.43
Loop 403 (us) 20.413
Loop 404 (us) 21.114
Loop 405 (us) 20.675
Loop 406 (us) 20.535
Loop 407 (us) 21.097
Loop 408 (us) 20.501
Loop 409 (us) 20.557
Loop 410 (us) 21.41
Loop 411 (us) 20.878
Loop 412 (us) 21.043
Loop 413 (us) 30.036
Loop 414 (us) 37.265
Loop 415 (us) 21.175
Loop 416 (us) 44.589
Loop 417 (us) 29.72
Loop 418 (us) 26.293
Loop 419 (us) 22.814
Loop 420 (us) 22.667
Loop 421 (us) 22.468
Loop 422 (us) 23.446
Loop 423 (us) 22.744
Loop 424 (us) 22.534
Loop 425 (us) 22.315
Loop 426 (us) 22.289
Loop 427 (us) 23.026
Loop 428 (us) 22.345
Loop 429 (us) 22.426
Loop 430 (us) 22.936
Loop 431 (us) 22.373
Loop 432 (us) 30.504
Loop 433 (us) 34.461
Loop 434 (us) 32.367
Loop 435 (us) 21.439
Loop 436 (us) 20.539
Loop 437 (us) 20.43
Loop 438 (us) 20.87
Loop 439 (us) 20.429
Loop 440 (us) 20.225
Loop 441 (us) 20.651
Loop 442 (us) 20.192
Loop 443 (us) 20.345
Loop 444 (us) 20.651
Loop 445 (us) 20.891
Loop 446 (us) 21.026
Loop 447 (us) 20.355
Loop 448 (us) 20.302
Loop 449 (us) 20.709
Loop 450 (us) 20.583
Loop 451 (us) 21.486
Loop 452 (us) 20.442
Loop 453 (us) 20.563
Loop 454 (us) 20.369
Loop 455 (us) 20.207
Loop 456 (us) 20.827
Loop 457 (us) 20.819
Loop 458 (us) 21.503
Loop 459 (us) 20.164
Loop 460 (us) 20.126
Loop 461 (us) 20.683
Loop 462 (us) 20.359
Loop 463 (us) 20.441
Loop 464 (us) 20.557
Loop 465 (us) 20.312
Loop 466 (us) 20.244
Loop 467 (us) 20.803
Loop 468 (us) 20.095
Loop 469 (us) 20.908
Loop 470 (us) 20.165
Loop 471 (us) 20.22
Loop 472 (us) 20.752
Loop 473 (us) 20.206
Loop 474 (us) 20.014
Loop 475 (us) 20.517
Loop 476 (us) 20.446
Loop 477 (us) 19.966
Loop 478 (us) 20.435
Loop 479 (us) 22.141
Loop 480 (us) 20.073
Loop 481 (us) 20.837
Loop 482 (us) 20.25
Loop 483 (us) 21.507
Loop 484 (us) 35.988
Loop 485 (us) 20.801
Loop 486 (us) 20.58
Loop 487 (us) 20.294
Loop 488 (us) 20.315
Loop 489 (us) 20.015
Loop 490 (us) 20.7
Loop 491 (us) 20.279
Loop 492 (us) 20.743
Loop 493 (us) 20.235
Loop 494 (us) 20.054
Loop 495 (us) 20.784
Loop 496 (us) 21.703
Loop 497 (us) 20.302
Loop 498 (us) 20.812
Loop 499 (us) 20.637
Loop 500 (us) 20.539
Loop 501 (us) 20.848
Loop 502 (us) 20.141
Loop 503 (us) 20.276
Loop 504 (us) 20.992
Loop 505 (us) 20.358
Loop 506 (us) 20.63
Loop 507 (us) 20.466
Loop 508 (us) 20.438
Loop 509 (us) 20.745
Loop 510 (us) 20.276
Loop 511 (us) 20.197
Loop 512 (us) 20.565
Loop 513 (us) 20.286
Loop 514 (us) 20.05
Loop 515 (us) 20.095
Loop 516 (us) 20.962
Loop 517 (us) 20.827
Loop 518 (us) 20.191
Loop 519 (us) 21.305
Loop 520 (us) 20.416
Loop 521 (us) 20.772
Loop 522 (us) 20.167
Loop 523 (us) 19.921
Loop 524 (us) 20.818
Loop 525 (us) 20.127
Loop 526 (us) 20.332
Loop 527 (us) 20.876
Loop 528 (us) 20.518
Loop 529 (us) 20.452
Loop 530 (us) 20.218
Loop 531 (us) 20.341
Loop 532 (us) 20.573
Loop 533 (us) 20.292
Loop 534 (us) 20.226
Loop 535 (us) 20.608
Loop 536 (us) 20.221
Loop 537 (us) 20.115
Loop 538 (us) 20.38
Loop 539 (us) 20.239
Loop 540 (us) 20.902
Loop 541 (us) 20.124
Loop 542 (us) 20.156
Loop 543 (us) 20.701
Loop 544 (us) 20.212
Loop 545 (us) 20.509
Loop 546 (us) 23.104
Loop 547 (us) 20.31
Loop 548 (us) 20.148
Loop 549 (us) 19.889
Loop 550 (us) 20.528
Loop 551 (us) 20.918
Loop 552 (us) 20.128
Loop 553 (us) 20.023
Loop 554 (us) 20.135
Loop 555 (us) 20.521
Loop 556 (us) 20.306
Loop 557 (us) 20.013
Loop 558 (us) 20.675
Loop 559 (us) 20.129
Loop 560 (us) 19.994
Loop 561 (us) 20.645
Loop 562 (us) 19.997
Loop 563 (us) 20.655
Loop 564 (us) 20.291
Loop 565 (us) 19.918
Loop 566 (us) 20.474
Loop 567 (us) 20.281
Loop 568 (us) 20.027
Loop 569 (us) 20.817
Loop 570 (us) 20.44
Loop 571 (us) 20.078
Loop 572 (us) 23.216
Loop 573 (us) 20.389
Loop 574 (us) 20.127
Loop 575 (us) 20.943
Loop 576 (us) 20.178
Loop 577 (us) 20.275
Loop 578 (us) 20.496
Loop 579 (us) 20.185
Loop 580 (us) 20.003
Loop 581 (us) 20.659
Loop 582 (us) 20.307
Loop 583 (us) 20.101
Loop 584 (us) 20.887
Loop 585 (us) 21.054
Loop 586 (us) 20.046
Loop 587 (us) 21.022
Loop 588 (us) 20.424
Loop 589 (us) 20.611
Loop 590 (us) 20.201
Loop 591 (us) 20.337
Loop 592 (us) 20.577
Loop 593 (us) 20.292
Loop 594 (us) 19.842
Loop 595 (us) 20.438
Loop 596 (us) 20.324
Loop 597 (us) 20.302
Loop 598 (us) 20.44
Loop 599 (us) 20.733
Loop 600 (us) 20.762
Loop 601 (us) 20.173
Loop 602 (us) 20.222
Loop 603 (us) 20.626
Loop 604 (us) 20.169
Loop 605 (us) 20.043
Loop 606 (us) 20.341
Loop 607 (us) 20.768
Loop 608 (us) 20.347
Loop 609 (us) 20.184
Loop 610 (us) 20.87
Loop 611 (us) 20.097
Loop 612 (us) 20.461
Loop 613 (us) 20.313
Loop 614 (us) 20.042
Loop 615 (us) 20.569
Loop 616 (us) 20.314
Loop 617 (us) 20.13
Loop 618 (us) 20.659
Loop 619 (us) 23.909
Loop 620 (us) 20.369
Loop 621 (us) 22.332
Loop 622 (us) 20.609
Loop 623 (us) 21.074
Loop 624 (us) 20.162
Loop 625 (us) 20.106
Loop 626 (us) 20.616
Loop 627 (us) 20.025
Loop 628 (us) 20.455
Loop 629 (us) 21.765
Loop 630 (us) 20.511
Loop 631 (us) 20.088
Loop 632 (us) 20.12
Loop 633 (us) 20.779
Loop 634 (us) 21.028
Loop 635 (us) 20.239
Loop 636 (us) 19.977
Loop 637 (us) 24.122
Loop 638 (us) 20.358
Loop 639 (us) 20.095
Loop 640 (us) 20.265
Loop 641 (us) 21.924
Loop 642 (us) 20.225
Loop 643 (us) 20.096
Loop 644 (us) 20.611
Loop 645 (us) 20.23
Loop 646 (us) 20.925
Loop 647 (us) 20.076
Loop 648 (us) 20.606
Loop 649 (us) 20.827
Loop 650 (us) 20.976
Loop 651 (us) 20.113
Loop 652 (us) 20.672
Loop 653 (us) 20.214
Loop 654 (us) 21.052
Loop 655 (us) 20.608
Loop 656 (us) 20.495
Loop 657 (us) 20.086
Loop 658 (us) 21.202
Loop 659 (us) 21.746
Loop 660 (us) 20.629
Loop 661 (us) 20.374
Loop 662 (us) 20.285
Loop 663 (us) 21.468
Loop 664 (us) 20.939
Loop 665 (us) 21.325
Loop 666 (us) 20.771
Loop 667 (us) 21.24
Loop 668 (us) 20.489
Loop 669 (us) 21.061
Loop 670 (us) 20.348
Loop 671 (us) 20.361
Loop 672 (us) 20.739
Loop 673 (us) 20.241
Loop 674 (us) 20.138
Loop 675 (us) 20.496
Loop 676 (us) 20.189
Loop 677 (us) 20.061
Loop 678 (us) 20.5
Loop 679 (us) 20.218
Loop 680 (us) 21.178
Loop 681 (us) 20.84
Loop 682 (us) 20.254
Loop 683 (us) 21.27
Loop 684 (us) 20.46
Loop 685 (us) 20.233
Loop 686 (us) 20.601
Loop 687 (us) 20.557
Loop 688 (us) 20.177
Loop 689 (us) 20.548
Loop 690 (us) 21.116
Loop 691 (us) 20.155
Loop 692 (us) 23.206
Loop 693 (us) 21.522
Loop 694 (us) 20.448
Loop 695 (us) 20.37
Loop 696 (us) 20.168
Loop 697 (us) 20.388
Loop 698 (us) 20.336
Loop 699 (us) 20.424
Loop 700 (us) 20.061
Loop 701 (us) 20.564
Loop 702 (us) 20.161
Loop 703 (us) 20.343
Loop 704 (us) 20.746
Loop 705 (us) 20.862
Loop 706 (us) 21.461
Loop 707 (us) 20.351
Loop 708 (us) 20.275
Loop 709 (us) 20.461
Loop 710 (us) 20.416
Loop 711 (us) 20.203
Loop 712 (us) 20.302
Loop 713 (us) 31.607
Loop 714 (us) 20.788
Loop 715 (us) 20.58
Loop 716 (us) 20.213
Loop 717 (us) 21.052
Loop 718 (us) 31.679
Loop 719 (us) 20.724
Loop 720 (us) 20.556
Loop 721 (us) 19.777
Loop 722 (us) 20.113
Loop 723 (us) 20.918
Loop 724 (us) 20.185
Loop 725 (us) 20.021
Loop 726 (us) 20.13
Loop 727 (us) 22.223
Loop 728 (us) 21.211
Loop 729 (us) 20.19
Loop 730 (us) 20.331
Loop 731 (us) 23.975
Loop 732 (us) 20.516
Loop 733 (us) 20.114
Loop 734 (us) 19.951
Loop 735 (us) 20.677
Loop 736 (us) 20.217
Loop 737 (us) 20.015
Loop 738 (us) 20.663
Loop 739 (us) 20.126
Loop 740 (us) 20.931
Loop 741 (us) 20.097
Loop 742 (us) 20.226
Loop 743 (us) 20.738
Loop 744 (us) 20.015
Loop 745 (us) 19.966
Loop 746 (us) 20.605
Loop 747 (us) 20.197
Loop 748 (us) 20.214
Loop 749 (us) 20.773
Loop 750 (us) 21.593
Loop 751 (us) 20.94
Loop 752 (us) 20.961
Loop 753 (us) 20.231
Loop 754 (us) 20.542
Loop 755 (us) 20.962
Loop 756 (us) 20.203
Loop 757 (us) 32.78
Loop 758 (us) 21.057
Loop 759 (us) 20.229
Loop 760 (us) 20.245
Loop 761 (us) 20.54
Loop 762 (us) 20.107
Loop 763 (us) 19.87
Loop 764 (us) 21.068
Loop 765 (us) 24.331
Loop 766 (us) 30.543
Loop 767 (us) 20.749
Loop 768 (us) 20.314
Loop 769 (us) 20.767
Loop 770 (us) 19.956
Loop 771 (us) 20.117
Loop 772 (us) 20.636
Loop 773 (us) 20.328
Loop 774 (us) 20.29
Loop 775 (us) 20.517
Loop 776 (us) 20.785
Loop 777 (us) 20.581
Loop 778 (us) 20.077
Loop 779 (us) 19.956
Loop 780 (us) 20.536
Loop 781 (us) 20.138
Loop 782 (us) 20.025
Loop 783 (us) 20.609
Loop 784 (us) 20.082
Loop 785 (us) 19.897
Loop 786 (us) 21.351
Loop 787 (us) 20.666
Loop 788 (us) 20.178
Loop 789 (us) 19.571
Loop 790 (us) 19.675
Loop 791 (us) 20.237
Loop 792 (us) 30.846
Loop 793 (us) 19.948
Loop 794 (us) 19.552
Loop 795 (us) 20.57
Loop 796 (us) 19.69
Loop 797 (us) 19.555
Loop 798 (us) 20.184
Loop 799 (us) 21.191
Loop 800 (us) 20.567
Loop 801 (us) 19.429
Loop 802 (us) 19.365
Loop 803 (us) 19.999
Loop 804 (us) 19.658
Loop 805 (us) 19.242
Loop 806 (us) 37.135
Loop 807 (us) 20.019
Loop 808 (us) 19.308
Loop 809 (us) 20.076
Loop 810 (us) 19.433
Loop 811 (us) 20.394
Loop 812 (us) 19.46
Loop 813 (us) 19.324
Loop 814 (us) 22.626
Loop 815 (us) 19.347
Loop 816 (us) 19.342
Loop 817 (us) 19.383
Loop 818 (us) 19.855
Loop 819 (us) 19.342
Loop 820 (us) 20.4
Loop 821 (us) 27.326
Loop 822 (us) 19.704
Loop 823 (us) 20.876
Loop 824 (us) 21.077
Loop 825 (us) 20.605
Loop 826 (us) 20.127
Loop 827 (us) 19.396
Loop 828 (us) 19.362
Loop 829 (us) 20.206
Loop 830 (us) 19.82
Loop 831 (us) 19.811
Loop 832 (us) 20.448
Loop 833 (us) 19.81
Loop 834 (us) 19.41
Loop 835 (us) 20.542
Loop 836 (us) 20.864
Loop 837 (us) 22.572
Loop 838 (us) 19.899
Loop 839 (us) 19.708
Loop 840 (us) 20.193
Loop 841 (us) 19.781
Loop 842 (us) 19.562
Loop 843 (us) 23.295
Loop 844 (us) 19.912
Loop 845 (us) 19.476
Loop 846 (us) 20.524
Loop 847 (us) 19.867
Loop 848 (us) 22.414
Loop 849 (us) 20.011
Loop 850 (us) 19.552
Loop 851 (us) 19.308
Loop 852 (us) 20.254
Loop 853 (us) 20.843
Loop 854 (us) 19.707
Loop 855 (us) 20.071
Loop 856 (us) 20.108
Loop 857 (us) 19.25
Loop 858 (us) 21.373
Loop 859 (us) 19.574
Loop 860 (us) 20.032
Loop 861 (us) 19.733
Loop 862 (us) 19.228
Loop 863 (us) 20.026
Loop 864 (us) 19.677
Loop 865 (us) 19.308
Loop 866 (us) 19.238
Loop 867 (us) 19.829
Loop 868 (us) 19.168
Loop 869 (us) 19.43
Loop 870 (us) 20.433
Loop 871 (us) 19.469
Loop 872 (us) 20.485
Loop 873 (us) 20.263
Loop 874 (us) 19.515
Loop 875 (us) 19.886
Loop 876 (us) 19.327
Loop 877 (us) 19.266
Loop 878 (us) 19.908
Loop 879 (us) 19.262
Loop 880 (us) 19.16
Loop 881 (us) 19.915
Loop 882 (us) 19.884
Loop 883 (us) 20.127
Loop 884 (us) 20.315
Loop 885 (us) 19.429
Loop 886 (us) 19.793
Loop 887 (us) 19.573
Loop 888 (us) 19.617
Loop 889 (us) 19.291
Loop 890 (us) 19.77
Loop 891 (us) 19.372
Loop 892 (us) 19.25
Loop 893 (us) 19.847
Loop 894 (us) 20.222
Loop 895 (us) 19.975
Loop 896 (us) 20.142
Loop 897 (us) 20.513
Loop 898 (us) 20.719
Loop 899 (us) 19.369
Loop 900 (us) 19.217
Loop 901 (us) 19.692
Loop 902 (us) 19.618
Loop 903 (us) 19.342
Loop 904 (us) 19.7
Loop 905 (us) 20.066
Loop 906 (us) 19.896
Loop 907 (us) 19.562
Loop 908 (us) 19.367
Loop 909 (us) 22.368
Loop 910 (us) 19.773
Loop 911 (us) 19.473
Loop 912 (us) 19.064
Loop 913 (us) 20.036
Loop 914 (us) 19.326
Loop 915 (us) 19.325
Loop 916 (us) 19.852
Loop 917 (us) 20.92
Loop 918 (us) 20.595
Loop 919 (us) 20.048
Loop 920 (us) 19.369
Loop 921 (us) 19.889
Loop 922 (us) 19.273
Loop 923 (us) 19.22
Loop 924 (us) 19.644
Loop 925 (us) 19.277
Loop 926 (us) 20.462
Loop 927 (us) 19.201
Loop 928 (us) 19.967
Loop 929 (us) 20.468
Loop 930 (us) 19.306
Loop 931 (us) 19.307
Loop 932 (us) 19.277
Loop 933 (us) 19.925
Loop 934 (us) 19.27
Loop 935 (us) 19.075
Loop 936 (us) 19.961
Loop 937 (us) 19.495
Loop 938 (us) 19.087
Loop 939 (us) 19.648
Loop 940 (us) 19.626
Loop 941 (us) 20.662
Loop 942 (us) 19.281
Loop 943 (us) 19.573
Loop 944 (us) 20.045
Loop 945 (us) 18.974
Loop 946 (us) 19.336
Loop 947 (us) 19.021
Loop 948 (us) 19.536
Loop 949 (us) 19.214
Loop 950 (us) 19.171
Loop 951 (us) 19.997
Loop 952 (us) 19.449
Loop 953 (us) 20.569
Loop 954 (us) 19.165
Loop 955 (us) 19.112
Loop 956 (us) 19.835
Loop 957 (us) 19.081
Loop 958 (us) 19.279
Loop 959 (us) 19.784
Loop 960 (us) 19.24
Loop 961 (us) 19.327
Loop 962 (us) 18.936
Loop 963 (us) 19.672
Loop 964 (us) 20.417
Loop 965 (us) 19.403
Loop 966 (us) 19.416
Loop 967 (us) 18.963
Loop 968 (us) 20.07
Loop 969 (us) 19.277
Loop 970 (us) 20.176
Loop 971 (us) 20.114
Loop 972 (us) 19.24
Loop 973 (us) 19.367
Loop 974 (us) 19.785
Loop 975 (us) 19.259
Loop 976 (us) 20.64
Loop 977 (us) 19.206
Loop 978 (us) 18.996
Loop 979 (us) 19.754
Loop 980 (us) 19.255
Loop 981 (us) 19.254
Loop 982 (us) 18.971
Loop 983 (us) 19.537
Loop 984 (us) 19.495
Loop 985 (us) 19.24
Loop 986 (us) 19.645
Loop 987 (us) 18.953
Loop 988 (us) 20.272
Loop 989 (us) 19.258
Loop 990 (us) 19.202
Loop 991 (us) 20.738
Loop 992 (us) 19.485
Loop 993 (us) 19.003
Loop 994 (us) 19.852
Loop 995 (us) 19.964
Loop 996 (us) 19.389
Loop 997 (us) 19.001
Loop 998 (us) 20.503
Loop 999 (us) 19.375
Warmup times 0
avgLoopLatency(us) 25.814594
iops 38737.77755327083
variance 11.45186344282729
Loop 0 [131538, 38988, 28926, 21277, 19485, 40884]
Loop 1 [63497, 12860, 29490, 12682, 11095, 7651]
Loop 2 [46128, 9900, 16205, 11760, 10657, 7470]
Loop 3 [46115, 10434, 15750, 11576, 10482, 7565]
Loop 4 [42627, 8854, 15153, 10989, 10005, 6938]
Loop 5 [48145, 10612, 17167, 11702, 10687, 7887]
Loop 6 [41276, 8715, 14736, 10220, 9405, 6947]
Loop 7 [38349, 8300, 12934, 9785, 9045, 6652]
Loop 8 [63224, 8001, 14667, 15906, 9761, 23801]
Loop 9 [40064, 9027, 13449, 9537, 8582, 7397]
Loop 10 [37129, 8112, 12794, 9071, 8153, 6510]
Loop 11 [39137, 8117, 14114, 9942, 9186, 6311]
Loop 12 [39514, 8086, 14209, 10119, 9373, 6421]
Loop 13 [39858, 8168, 14762, 9926, 9205, 6311]
Loop 14 [40160, 8097, 14767, 10258, 9539, 6368]
Loop 15 [38928, 7993, 13861, 10074, 9324, 6351]
Loop 16 [36463, 8043, 12374, 9108, 8435, 6258]
Loop 17 [38175, 8052, 13513, 9599, 8884, 6350]
Loop 18 [35683, 8050, 12183, 8565, 7884, 6221]
Loop 19 [35754, 7862, 11914, 9182, 8485, 6136]
Loop 20 [38366, 8098, 13885, 9143, 8485, 6588]
Loop 21 [38052, 7757, 14002, 9528, 8796, 6129]
Loop 22 [61055, 8547, 35949, 9146, 8427, 6705]
Loop 23 [39047, 8115, 13821, 10118, 9449, 6384]
Loop 24 [42023, 9742, 14040, 10147, 9177, 7363]
Loop 25 [45155, 9023, 13422, 10356, 9497, 11615]
Loop 26 [37835, 8646, 12169, 9212, 8340, 7090]
Loop 27 [38829, 8786, 12785, 9839, 8900, 6721]
Loop 28 [39246, 8638, 13209, 9976, 9105, 6760]
Loop 29 [38985, 8652, 13224, 9462, 8582, 6971]
Loop 30 [38234, 8704, 12440, 9575, 8772, 6816]
Loop 31 [39924, 8611, 14007, 9892, 9032, 6743]
Loop 32 [38674, 8843, 13639, 8632, 7809, 6860]
Loop 33 [37079, 8427, 11968, 9141, 8299, 6834]
Loop 34 [36755, 8436, 12245, 8731, 7942, 6694]
Loop 35 [57744, 8418, 12032, 9027, 7781, 6564]
Loop 36 [35933, 8269, 11560, 8760, 8046, 6672]
Loop 37 [35788, 8170, 11457, 8832, 8104, 6634]
Loop 38 [37116, 8648, 11977, 8908, 8087, 6938]
Loop 39 [33888, 7520, 10658, 8879, 8099, 6154]
Loop 40 [33755, 7676, 11086, 8275, 7517, 6069]
Loop 41 [33358, 7535, 11105, 7997, 7327, 6065]
Loop 42 [33539, 7616, 10976, 8126, 7399, 6121]
Loop 43 [32937, 7481, 10755, 8088, 7357, 5972]
Loop 44 [33897, 7838, 10796, 8210, 7516, 6377]
Loop 45 [33172, 7483, 10884, 8228, 7525, 5886]
Loop 46 [37031, 7598, 14696, 8063, 7361, 5979]
Loop 47 [33489, 7563, 11096, 8133, 7392, 6016]
Loop 48 [32982, 7617, 10657, 8044, 7361, 5985]
Loop 49 [32933, 7691, 10654, 8009, 7326, 5924]
Loop 50 [32947, 7548, 10690, 7991, 7308, 6078]
Loop 51 [33352, 7538, 10854, 8019, 7361, 6291]
Loop 52 [34092, 7900, 10951, 8294, 7621, 6295]
Loop 53 [33378, 7729, 10801, 8150, 7459, 6071]
Loop 54 [33250, 7512, 10832, 8146, 7448, 6113]
Loop 55 [33821, 7795, 10732, 8380, 7718, 6264]
Loop 56 [33758, 7723, 11053, 8140, 7429, 6183]
Loop 57 [32746, 7589, 10470, 8119, 7450, 5921]
Loop 58 [32335, 7430, 10377, 8055, 7407, 5852]
Loop 59 [33392, 7710, 11259, 7935, 7268, 5861]
Loop 60 [32494, 7486, 10490, 8011, 7359, 5883]
Loop 61 [37278, 9189, 11522, 8932, 8125, 6936]
Loop 62 [33458, 7687, 10831, 8174, 7503, 6081]
Loop 63 [33771, 7609, 11120, 8268, 7560, 6080]
Loop 64 [210489, 7696, 10884, 184102, 183328, 6967]
Loop 65 [66019, 8399, 25520, 24379, 23666, 6901]
Loop 66 [50052, 7761, 25552, 8500, 7667, 7486]
Loop 67 [35481, 7751, 11989, 8411, 7722, 6696]
Loop 68 [104330, 8930, 63577, 8883, 8031, 22107]
Loop 69 [43983, 8124, 11158, 8147, 7462, 15793]
Loop 70 [34475, 8047, 11370, 7946, 7237, 6434]
Loop 71 [32851, 7554, 10794, 7829, 7180, 6081]
Loop 72 [32821, 7506, 10787, 7896, 7230, 6016]
Loop 73 [77065, 8607, 34838, 17427, 16635, 15485]
Loop 74 [37676, 8159, 14875, 7805, 7132, 6217]
Loop 75 [32529, 7713, 10315, 7931, 7249, 5957]
Loop 76 [32259, 7605, 10273, 7889, 7206, 5894]
Loop 77 [31916, 7483, 10013, 7765, 7061, 6058]
Loop 78 [33325, 7689, 10695, 8146, 7257, 6109]
Loop 79 [33297, 7634, 11050, 7720, 7067, 6222]
Loop 80 [31650, 7374, 10104, 7835, 7206, 5786]
Loop 81 [31566, 7487, 9937, 7610, 6943, 5915]
Loop 82 [47407, 7851, 10457, 7725, 7020, 20658]
Loop 83 [32538, 8039, 10246, 7816, 7125, 5803]
Loop 84 [31777, 7496, 10251, 7722, 7057, 5710]
Loop 85 [43499, 7572, 10461, 7801, 7136, 5773]
Loop 86 [33491, 7919, 11046, 7881, 7191, 5996]
Loop 87 [58331, 7592, 29710, 8025, 7317, 12222]
Loop 88 [32966, 7753, 10705, 7789, 7146, 6117]
Loop 89 [32102, 7559, 10616, 7587, 6930, 5701]
Loop 90 [32082, 7610, 10328, 7654, 6978, 5890]
Loop 91 [32576, 7636, 10811, 7596, 6961, 5925]
Loop 92 [32027, 7716, 10269, 7662, 7033, 5793]
Loop 93 [31663, 7532, 10144, 7605, 6971, 5713]
Loop 94 [32447, 7514, 10419, 8019, 7358, 5897]
Loop 95 [31942, 7410, 10370, 7791, 7097, 5782]
Loop 96 [31466, 7434, 9973, 7666, 6991, 5772]
Loop 97 [42499, 7581, 10420, 7791, 7153, 15964]
Loop 98 [32698, 7822, 10567, 7768, 7117, 5930]
Loop 99 [49816, 7477, 10234, 7820, 7140, 23544]
Loop 100 [45526, 8076, 10745, 7787, 7144, 18159]
Loop 101 [57088, 16224, 10847, 8706, 7995, 7060]
Loop 102 [41619, 8019, 10962, 7807, 7093, 6395]
Loop 103 [46050, 7906, 11131, 8440, 7791, 17871]
Loop 104 [44241, 7913, 11057, 7692, 7064, 16943]
Loop 105 [32769, 7875, 10760, 7767, 7124, 5799]
Loop 106 [32176, 7452, 10610, 7749, 7097, 5779]
Loop 107 [43614, 7714, 20901, 7820, 7108, 6568]
Loop 108 [33092, 7450, 11170, 8144, 7506, 5802]
Loop 109 [43762, 7406, 10249, 9648, 8979, 15750]
Loop 110 [33163, 7828, 10802, 8137, 7459, 5812]
Loop 111 [31517, 7367, 10313, 7503, 6858, 5751]
Loop 112 [51507, 7707, 10004, 7693, 7007, 25476]
Loop 113 [50458, 7742, 10311, 7510, 6867, 24253]
Loop 114 [32177, 7774, 10578, 8143, 7461, 5105]
Loop 115 [32009, 7428, 10823, 8106, 7448, 5083]
Loop 116 [33866, 7348, 12376, 8619, 7900, 4926]
Loop 117 [31271, 7285, 10413, 7913, 7271, 5125]
Loop 118 [31229, 7248, 10552, 8059, 7383, 4817]
Loop 119 [32394, 7444, 10812, 8332, 7678, 5213]
Loop 120 [30989, 7266, 10279, 8023, 7354, 4873]
Loop 121 [32168, 7309, 11017, 8176, 7525, 5127]
Loop 122 [32760, 7202, 11468, 8122, 7450, 5418]
Loop 123 [31279, 7297, 10785, 7688, 7066, 4956]
Loop 124 [31730, 7304, 10764, 8134, 7491, 4988]
Loop 125 [31076, 7261, 10477, 7769, 7107, 4990]
Loop 126 [31847, 7359, 10889, 7997, 7361, 5039]
Loop 127 [37596, 11478, 11645, 8270, 7588, 5589]
Loop 128 [31523, 7415, 10720, 7851, 7184, 4972]
Loop 129 [33583, 7206, 10925, 9549, 8921, 5337]
Loop 130 [32130, 7237, 10435, 8109, 7452, 5786]
Loop 131 [32510, 7293, 10922, 8534, 7886, 5212]
Loop 132 [32404, 7253, 11450, 8149, 7494, 4989]
Loop 133 [31271, 7165, 10556, 7960, 7328, 5063]
Loop 134 [32157, 7409, 11151, 7807, 7149, 5184]
Loop 135 [31353, 7158, 10662, 7885, 7242, 5054]
Loop 136 [36182, 7352, 15463, 7656, 7022, 5120]
Loop 137 [31005, 7164, 10246, 7969, 7317, 5108]
Loop 138 [32118, 7269, 11110, 7995, 7352, 5176]
Loop 139 [32738, 7068, 11372, 8737, 8114, 5026]
Loop 140 [50188, 7171, 11293, 8893, 8168, 22261]
Loop 141 [33048, 7862, 10997, 8560, 7909, 5052]
Loop 142 [31180, 7336, 9963, 8374, 7720, 4904]
Loop 143 [31594, 7288, 10685, 8134, 7486, 4908]
Loop 144 [56211, 7181, 10528, 7550, 6897, 30238]
Loop 145 [31165, 7817, 11104, 7556, 6883, 4090]
Loop 146 [30878, 7350, 10704, 8474, 7827, 3827]
Loop 147 [32642, 7243, 10811, 10335, 9724, 3723]
Loop 148 [30101, 7250, 10608, 8107, 7414, 3603]
Loop 149 [30088, 7315, 10191, 8059, 7414, 3955]
Loop 150 [31812, 7565, 11780, 8015, 7367, 3898]
Loop 151 [31293, 7184, 11034, 8755, 7168, 3772]
Loop 152 [30803, 8369, 10454, 7656, 6977, 3800]
Loop 153 [30541, 7335, 10712, 8124, 7469, 3756]
Loop 154 [29862, 7253, 10624, 7700, 7096, 3753]
Loop 155 [30156, 7250, 10987, 7539, 6920, 3849]
Loop 156 [29815, 7223, 10094, 7735, 7106, 4188]
Loop 157 [30007, 7113, 10630, 7931, 7297, 3781]
Loop 158 [34681, 7151, 10471, 8005, 7354, 8490]
Loop 159 [29614, 7319, 10421, 7603, 6968, 3718]
Loop 160 [29057, 7144, 10094, 7576, 6949, 3691]
Loop 161 [29325, 7156, 10260, 7557, 6918, 3741]
Loop 162 [30037, 7277, 10475, 7924, 7296, 3800]
Loop 163 [30723, 7351, 10688, 8359, 7718, 3714]
Loop 164 [29412, 7199, 10185, 7714, 7071, 3731]
Loop 165 [29223, 7211, 10248, 7542, 6907, 3694]
Loop 166 [29766, 7343, 10657, 7409, 6778, 3751]
Loop 167 [29567, 7164, 9903, 8247, 7584, 3709]
Loop 168 [30160, 7228, 10801, 7596, 6962, 4000]
Loop 169 [29465, 7170, 10380, 7459, 6830, 3940]
Loop 170 [29732, 7140, 9708, 8143, 7503, 4186]
Loop 171 [30054, 7425, 10280, 7932, 7271, 3833]
Loop 172 [29206, 7178, 9922, 7791, 7147, 3785]
Loop 173 [29471, 7170, 9963, 8075, 7428, 3703]
Loop 174 [29949, 7364, 10263, 8159, 7503, 3615]
Loop 175 [30126, 7235, 10181, 8388, 7738, 3738]
Loop 176 [29756, 7193, 10747, 7438, 6800, 3789]
Loop 177 [28910, 7179, 10145, 7374, 6720, 3699]
Loop 178 [29234, 7246, 9925, 7734, 7106, 3742]
Loop 179 [29062, 7104, 10109, 7456, 6841, 3798]
Loop 180 [29308, 7160, 10081, 7541, 6900, 3982]
Loop 181 [29605, 7181, 10196, 7926, 7242, 3761]
Loop 182 [29107, 7240, 9741, 7697, 7032, 3863]
Loop 183 [29204, 7212, 10189, 7605, 6970, 3667]
Loop 184 [29070, 7261, 9967, 7567, 6911, 3707]
Loop 185 [28437, 7201, 9662, 7354, 6703, 3685]
Loop 186 [30095, 7368, 10891, 7587, 6957, 3658]
Loop 187 [28997, 7182, 10165, 7361, 6736, 3754]
Loop 188 [29673, 7332, 10550, 7523, 6845, 3674]
Loop 189 [29855, 7217, 10586, 7800, 7172, 3730]
Loop 190 [30096, 7173, 10342, 7829, 7182, 4201]
Loop 191 [29622, 7373, 10282, 7648, 7024, 3737]
Loop 192 [28662, 7153, 9649, 7543, 6894, 3751]
Loop 193 [29084, 7284, 10084, 7412, 6776, 3712]
Loop 194 [37342, 7157, 10071, 15828, 15206, 3723]
Loop 195 [28534, 7227, 9290, 7818, 7180, 3647]
Loop 196 [28655, 7231, 9872, 7281, 6610, 3663]
Loop 197 [29620, 7195, 10450, 7554, 6905, 3862]
Loop 198 [29137, 7308, 9976, 7519, 6841, 3754]
Loop 199 [28902, 7169, 9764, 7709, 7084, 3714]
Loop 200 [29663, 7173, 10738, 7469, 6796, 3683]
Loop 201 [30674, 7410, 9887, 9092, 8440, 3693]
Loop 202 [29186, 7272, 9577, 7740, 7056, 4075]
Loop 203 [29204, 7318, 9899, 7612, 6952, 3780]
Loop 204 [28931, 7157, 10022, 7523, 6858, 3686]
Loop 205 [29154, 7104, 9752, 7649, 6989, 4095]
Loop 206 [28696, 7307, 9418, 7662, 6991, 3758]
Loop 207 [29141, 7277, 9535, 7959, 7296, 3813]
Loop 208 [27936, 7175, 9143, 7394, 6767, 3695]
Loop 209 [35216, 7261, 10601, 12745, 6801, 3962]
Loop 210 [29103, 7257, 9684, 7838, 7216, 3792]
Loop 211 [28504, 7137, 9619, 7399, 6719, 3800]
Loop 212 [28441, 7159, 9675, 7323, 6670, 3751]
Loop 213 [29255, 7258, 9791, 7608, 6974, 4040]
Loop 214 [28392, 7066, 9548, 7476, 6781, 3754]
Loop 215 [136902, 7108, 9925, 9081, 8438, 110139]
Loop 216 [84569, 9631, 12179, 8838, 7959, 53188]
Loop 217 [34074, 7864, 10568, 8031, 7318, 6980]
Loop 218 [32689, 7421, 10163, 7829, 7162, 6730]
Loop 219 [32135, 7359, 9774, 7675, 7011, 6693]
Loop 220 [31332, 7189, 9553, 7545, 6922, 6437]
Loop 221 [33300, 7505, 10406, 7995, 7313, 6751]
Loop 222 [32438, 7321, 10402, 7494, 6852, 6632]
Loop 223 [46922, 7264, 9723, 7450, 6807, 21800]
Loop 224 [33405, 7703, 10517, 7823, 7208, 6772]
Loop 225 [32354, 7461, 10082, 7597, 6940, 6651]
Loop 226 [32112, 7310, 9985, 7624, 6960, 6599]
Loop 227 [66618, 7246, 9710, 7949, 7299, 40946]
Loop 228 [31889, 8075, 10802, 7769, 7131, 4582]
Loop 229 [29350, 7274, 9688, 7578, 6907, 4211]
Loop 230 [29945, 7532, 9865, 7494, 6848, 4439]
Loop 231 [29160, 7080, 9754, 7627, 6995, 4104]
Loop 232 [28937, 7261, 9400, 7503, 6877, 4125]
Loop 233 [30182, 7409, 10379, 7580, 6936, 4168]
Loop 234 [28960, 7082, 9458, 7597, 6958, 4164]
Loop 235 [29649, 7352, 9544, 7859, 7213, 4215]
Loop 236 [30756, 7341, 11165, 7505, 6869, 4133]
Loop 237 [29739, 7261, 9989, 7651, 7009, 4248]
Loop 238 [29284, 7114, 9538, 7632, 7002, 4407]
Loop 239 [29478, 7324, 9819, 7634, 7009, 4089]
Loop 240 [28993, 7266, 9539, 7439, 6820, 4133]
Loop 241 [28895, 7199, 9575, 7374, 6705, 4205]
Loop 242 [28537, 7109, 9425, 7360, 6723, 4014]
Loop 243 [53315, 7251, 9999, 7401, 6778, 27963]
Loop 244 [29959, 7822, 9896, 7603, 6958, 4057]
Loop 245 [31578, 7415, 9881, 9558, 8895, 4135]
Loop 246 [28893, 7310, 9573, 7436, 6775, 3993]
Loop 247 [29622, 7439, 9883, 7622, 6990, 4075]
Loop 248 [28857, 7104, 9686, 7490, 6849, 3980]
Loop 249 [29372, 7186, 9768, 7490, 6841, 4327]
Loop 250 [30225, 7371, 9865, 7778, 7137, 4621]
Loop 251 [28740, 7126, 9614, 7403, 6783, 4004]
Loop 252 [29552, 7218, 9619, 7924, 7286, 4220]
Loop 253 [29290, 7310, 9712, 7426, 6785, 4261]
Loop 254 [30252, 7640, 10169, 7509, 6827, 4308]
Loop 255 [40744, 17338, 10151, 8272, 7612, 4270]
Loop 256 [31459, 9219, 9923, 7557, 6889, 4128]
Loop 257 [54081, 30059, 10222, 8777, 8032, 4405]
Loop 258 [30298, 6922, 11172, 7631, 6899, 4041]
Loop 259 [28675, 6504, 9794, 7778, 7067, 4109]
Loop 260 [28882, 6676, 9986, 7629, 6905, 4035]
Loop 261 [27856, 6384, 9500, 7446, 6741, 4028]
Loop 262 [28521, 6450, 9949, 7557, 6833, 4067]
Loop 263 [28085, 6459, 9570, 7633, 6927, 3922]
Loop 264 [28037, 6468, 9573, 7425, 6732, 4057]
Loop 265 [28857, 6445, 9737, 7764, 7044, 4409]
Loop 266 [28089, 6504, 9446, 7534, 6799, 4082]
Loop 267 [28031, 6433, 9532, 7532, 6838, 4004]
Loop 268 [29027, 6652, 10137, 7648, 6949, 4059]
Loop 269 [28608, 6534, 9723, 7683, 6960, 4140]
Loop 270 [47210, 6856, 28184, 7490, 6721, 4108]
Loop 271 [26939, 6340, 8719, 7343, 6648, 4039]
Loop 272 [27684, 6553, 9065, 7195, 6486, 4353]
Loop 273 [26645, 6289, 8692, 6995, 6288, 4141]
Loop 274 [26275, 6337, 8447, 6938, 6273, 4040]
Loop 275 [26789, 6415, 8862, 7002, 6277, 3935]
Loop 276 [26272, 6269, 8492, 6948, 6236, 4002]
Loop 277 [29972, 9734, 8469, 7095, 6379, 4062]
Loop 278 [26871, 6523, 8707, 7144, 6438, 3929]
Loop 279 [29445, 6384, 9628, 7967, 7246, 4890]
Loop 280 [29390, 6658, 9362, 8691, 7942, 4123]
Loop 281 [27510, 6415, 9205, 7233, 6460, 4066]
Loop 282 [26504, 6412, 8700, 6878, 6181, 3951]
Loop 283 [26779, 6306, 8957, 6904, 6240, 4026]
Loop 284 [27200, 6189, 8529, 6985, 6300, 4018]
Loop 285 [26792, 6433, 8697, 6941, 6253, 4143]
Loop 286 [26584, 6298, 8721, 6935, 6240, 4055]
Loop 287 [26748, 6439, 8797, 6847, 6160, 4090]
Loop 288 [26227, 6351, 8409, 6964, 6291, 3944]
Loop 289 [26281, 6494, 8443, 6945, 6267, 3831]
Loop 290 [27127, 6546, 8948, 7077, 6356, 3979]
Loop 291 [26211, 6293, 8475, 7042, 6374, 3830]
Loop 292 [27056, 6450, 9025, 6987, 6254, 4041]
Loop 293 [26267, 6367, 8465, 6910, 6244, 3938]
Loop 294 [30535, 6422, 12314, 7055, 6355, 4148]
Loop 295 [26261, 6327, 8421, 6974, 6291, 3960]
Loop 296 [26255, 6248, 8641, 6889, 6211, 3895]
Loop 297 [27083, 6426, 9052, 7037, 6329, 4002]
Loop 298 [26481, 6214, 8357, 6927, 6214, 4385]
Loop 299 [26170, 6306, 8308, 7045, 6357, 3932]
Loop 300 [26946, 6417, 9048, 6849, 6143, 4057]
Loop 301 [26347, 6352, 8564, 6976, 6285, 3904]
Loop 302 [26305, 6358, 8566, 6878, 6193, 3923]
Loop 303 [27146, 6484, 9234, 6996, 6326, 3831]
Loop 304 [27200, 6522, 9060, 7145, 6415, 3883]
Loop 305 [26112, 6278, 8410, 6893, 6205, 3945]
Loop 306 [25858, 6300, 8217, 6819, 6129, 3931]
Loop 307 [26663, 6320, 8619, 7082, 6390, 4028]
Loop 308 [27003, 6240, 8336, 6900, 6220, 4917]
Loop 309 [26623, 6636, 8518, 6976, 6238, 3914]
Loop 310 [26981, 6384, 8723, 7063, 6350, 4257]
Loop 311 [26185, 6311, 8416, 6905, 6238, 3960]
Loop 312 [26230, 6353, 8538, 6832, 6142, 3933]
Loop 313 [26532, 6384, 8738, 6898, 6176, 3927]
Loop 314 [81999, 6138, 8272, 6813, 6152, 60100]
Loop 315 [49777, 7798, 9876, 7293, 6458, 24193]
Loop 316 [28719, 7016, 8906, 7293, 6555, 4942]
Loop 317 [27898, 6492, 8862, 6836, 6132, 5104]
Loop 318 [24876, 5781, 7836, 6331, 5692, 4383]
Loop 319 [24979, 5820, 7864, 6369, 5712, 4391]
Loop 320 [24888, 5794, 7815, 6408, 5721, 4353]
Loop 321 [24354, 5719, 7637, 6214, 5585, 4275]
Loop 322 [24574, 5668, 7644, 6228, 5621, 4508]
Loop 323 [25236, 5915, 7878, 6308, 5629, 4623]
Loop 324 [24548, 5691, 7608, 6267, 5630, 4423]
Loop 325 [24703, 5758, 7647, 6318, 5717, 4458]
Loop 326 [24819, 5771, 8019, 6218, 5599, 4297]
Loop 327 [25358, 5665, 8071, 6401, 5775, 4696]
Loop 328 [24873, 5890, 7813, 6286, 5651, 4362]
Loop 329 [35537, 5687, 7728, 6191, 5537, 15315]
Loop 330 [38370, 5851, 8226, 6433, 5712, 17240]
Loop 331 [55494, 6206, 8552, 6454, 5790, 33688]
Loop 332 [46287, 6633, 8329, 6595, 5927, 24176]
Loop 333 [26792, 6176, 8034, 6582, 5923, 5476]
Loop 334 [25462, 5849, 8011, 6311, 5693, 4766]
Loop 335 [25352, 5827, 7747, 6346, 5704, 4922]
Loop 336 [24917, 5813, 7543, 6316, 5685, 4726]
Loop 337 [25423, 5911, 7802, 6305, 5666, 4886]
Loop 338 [24814, 5752, 7696, 6242, 5586, 4649]
Loop 339 [25843, 5990, 8131, 6279, 5608, 4873]
Loop 340 [25206, 5732, 7868, 6368, 5721, 4728]
Loop 341 [25089, 5794, 7564, 6413, 5792, 4844]
Loop 342 [26006, 5890, 8039, 6583, 5909, 4999]
Loop 343 [24965, 5827, 7775, 6257, 5623, 4594]
Loop 344 [24953, 5851, 7653, 6235, 5630, 4697]
Loop 345 [25703, 5891, 8178, 6338, 5670, 4771]
Loop 346 [24639, 5762, 7601, 6307, 5689, 4475]
Loop 347 [25259, 5776, 7907, 6276, 5639, 4796]
Loop 348 [25307, 5881, 7903, 6332, 5690, 4679]
Loop 349 [25598, 5942, 8009, 6302, 5642, 4833]
Loop 350 [24573, 5815, 7571, 6205, 5575, 4483]
Loop 351 [34608, 5911, 8082, 6321, 5653, 13755]
Loop 352 [25945, 5957, 8163, 6452, 5759, 4846]
Loop 353 [48130, 6453, 30473, 5808, 5143, 4879]
Loop 354 [25169, 5383, 9681, 4978, 4394, 4598]
Loop 355 [25893, 5317, 5322, 5089, 4505, 9623]
Loop 356 [45860, 5614, 5824, 5256, 4626, 28541]
Loop 357 [50106, 5826, 5683, 5345, 4694, 32646]
Loop 358 [22534, 5774, 5385, 5375, 4730, 5540]
Loop 359 [22293, 5488, 5463, 5107, 4463, 5762]
Loop 360 [21292, 5311, 5271, 4991, 4396, 5224]
Loop 361 [22323, 5416, 5657, 5078, 4467, 5661]
Loop 362 [25121, 5519, 8625, 5060, 4450, 5433]
Loop 363 [22300, 5617, 5666, 4982, 4368, 5553]
Loop 364 [22469, 5441, 5533, 5169, 4541, 5788]
Loop 365 [21577, 5349, 5435, 4926, 4335, 5385]
Loop 366 [21768, 5465, 5408, 5009, 4373, 5396]
Loop 367 [22059, 5406, 5564, 4977, 4365, 5595]
Loop 368 [21687, 5375, 5302, 5090, 4461, 5455]
Loop 369 [21666, 5407, 5236, 5047, 4452, 5486]
Loop 370 [21924, 5292, 5338, 5035, 4453, 5771]
Loop 371 [22309, 5508, 5441, 5093, 4479, 5743]
Loop 372 [21403, 5329, 5303, 5038, 4442, 5231]
Loop 373 [21844, 5282, 5457, 4978, 4393, 5652]
Loop 374 [22391, 5583, 5653, 5057, 4423, 5580]
Loop 375 [21582, 5377, 5372, 5096, 4485, 5291]
Loop 376 [30365, 5534, 5545, 5128, 4498, 13571]
Loop 377 [23019, 5573, 5532, 5130, 4465, 6334]
Loop 378 [22184, 5447, 5464, 5121, 4484, 5669]
Loop 379 [22109, 5541, 5542, 5043, 4398, 5488]
Loop 380 [35752, 5419, 5321, 5078, 4446, 19373]
Loop 381 [43240, 5670, 5290, 5225, 4604, 26438]
Loop 382 [35006, 6336, 5599, 5223, 4571, 17343]
Loop 383 [22694, 5646, 5458, 5183, 4614, 5900]
Loop 384 [22300, 5489, 5517, 5007, 4427, 5810]
Loop 385 [22330, 5445, 5520, 5025, 4445, 5862]
Loop 386 [22600, 5533, 5642, 5061, 4477, 5870]
Loop 387 [22334, 5449, 5385, 4948, 4390, 6091]
Loop 388 [22181, 5333, 5426, 5038, 4474, 5896]
Loop 389 [30138, 5288, 5341, 4973, 4362, 13994]
Loop 390 [24089, 5515, 5666, 5286, 4658, 7135]
Loop 391 [22169, 5316, 5492, 4957, 4345, 5935]
Loop 392 [22087, 5314, 5336, 5107, 4472, 5858]
Loop 393 [40116, 5526, 5583, 5101, 4494, 23420]
Loop 394 [20777, 5574, 5549, 5186, 4586, 4006]
Loop 395 [45632, 5334, 5244, 4935, 4389, 29539]
Loop 396 [34397, 11590, 5798, 5311, 4653, 11190]
Loop 397 [21172, 5507, 5591, 5170, 4570, 4443]
Loop 398 [21181, 5565, 5569, 5018, 4399, 4523]
Loop 399 [20749, 5400, 5348, 4985, 4401, 4482]
Loop 400 [20478, 5353, 5263, 4918, 4343, 4445]
Loop 401 [21675, 5407, 5537, 5211, 4601, 5054]
Loop 402 [20430, 5294, 5341, 4959, 4380, 4371]
Loop 403 [20413, 5339, 5260, 4952, 4384, 4372]
Loop 404 [21114, 5486, 5573, 5097, 4511, 4466]
Loop 405 [20675, 5438, 5197, 5139, 4540, 4404]
Loop 406 [20535, 5333, 5374, 4970, 4409, 4372]
Loop 407 [21097, 5545, 5520, 5037, 4430, 4482]
Loop 408 [20501, 5368, 5321, 4998, 4420, 4354]
Loop 409 [20557, 5378, 5319, 4956, 4360, 4401]
Loop 410 [21410, 5454, 5719, 5157, 4504, 4556]
Loop 411 [20878, 5338, 5350, 5333, 4735, 4361]
Loop 412 [21043, 5464, 5577, 5027, 4407, 4449]
Loop 413 [30036, 5286, 5372, 5131, 4515, 13679]
Loop 414 [37265, 5597, 5394, 8423, 7739, 17310]
Loop 415 [21175, 5817, 5655, 5244, 4610, 3992]
Loop 416 [44589, 5363, 5268, 5116, 4517, 28245]
Loop 417 [29720, 6130, 5639, 5435, 4779, 12018]
Loop 418 [26293, 5604, 5410, 5338, 4719, 6184]
Loop 419 [22814, 5360, 5418, 5084, 4469, 6457]
Loop 420 [22667, 5386, 5410, 5139, 4525, 6296]
Loop 421 [22468, 5405, 5410, 4984, 4392, 6232]
Loop 422 [23446, 5721, 5606, 5128, 4475, 6517]
Loop 423 [22744, 5384, 5439, 5129, 4486, 6311]
Loop 424 [22534, 5288, 5254, 5144, 4504, 6347]
Loop 425 [22315, 5272, 5432, 5025, 4411, 6110]
Loop 426 [22289, 5262, 5320, 4966, 4352, 6267]
Loop 427 [23026, 5409, 5658, 5065, 4438, 6343]
Loop 428 [22345, 5298, 5393, 5079, 4463, 6075]
Loop 429 [22426, 5392, 5324, 5024, 4411, 6204]
Loop 430 [22936, 5399, 5571, 5177, 4551, 6281]
Loop 431 [22373, 5317, 5337, 5104, 4493, 6123]
Loop 432 [30504, 5294, 5346, 5080, 4499, 14222]
Loop 433 [34461, 5741, 5594, 5254, 4589, 17236]
Loop 434 [32367, 5596, 5394, 5018, 4421, 15883]
Loop 435 [21439, 5735, 5704, 5165, 4524, 4345]
Loop 436 [20539, 5358, 5399, 5133, 4509, 4174]
Loop 437 [20430, 5438, 5291, 5107, 4512, 4117]
Loop 438 [20870, 5476, 5576, 4989, 4423, 4328]
Loop 439 [20429, 5288, 5282, 5074, 4459, 4284]
Loop 440 [20225, 5490, 5144, 4934, 4331, 4176]
Loop 441 [20651, 5417, 5461, 5029, 4428, 4228]
Loop 442 [20192, 5403, 5283, 4946, 4331, 4088]
Loop 443 [20345, 5419, 5292, 5052, 4470, 4071]
Loop 444 [20651, 5445, 5491, 5054, 4442, 4199]
Loop 445 [20891, 5486, 5667, 5086, 4464, 4141]
Loop 446 [21026, 5448, 5782, 5032, 4411, 4272]
Loop 447 [20355, 5304, 5299, 4911, 4311, 4351]
Loop 448 [20302, 5399, 5332, 4949, 4372, 4117]
Loop 449 [20709, 5375, 5688, 4952, 4328, 4213]
Loop 450 [20583, 5345, 5440, 5061, 4471, 4243]
Loop 451 [21486, 5388, 5285, 6165, 5581, 4131]
Loop 452 [20442, 5448, 5355, 5013, 4394, 4155]
Loop 453 [20563, 5363, 5570, 5027, 4452, 4067]
Loop 454 [20369, 5324, 5379, 5047, 4464, 4141]
Loop 455 [20207, 5304, 5399, 4912, 4334, 4121]
Loop 456 [20827, 5482, 5452, 5186, 4586, 4205]
Loop 457 [20819, 5464, 5478, 5138, 4516, 4232]
Loop 458 [21503, 5414, 5450, 5010, 4426, 5055]
Loop 459 [20164, 5340, 5245, 5038, 4428, 4052]
Loop 460 [20126, 5319, 5251, 4945, 4367, 4113]
Loop 461 [20683, 5437, 5494, 4984, 4386, 4241]
Loop 462 [20359, 5379, 5371, 5014, 4434, 4124]
Loop 463 [20441, 5412, 5484, 4953, 4369, 4059]
Loop 464 [20557, 5477, 5306, 5013, 4416, 4224]
Loop 465 [20312, 5284, 5371, 5039, 4441, 4111]
Loop 466 [20244, 5374, 5375, 4882, 4328, 4098]
Loop 467 [20803, 5474, 5456, 5172, 4560, 4164]
Loop 468 [20095, 5172, 5283, 5013, 4399, 4106]
Loop 469 [20908, 5417, 5711, 5070, 4440, 4218]
Loop 470 [20165, 5222, 5274, 5081, 4492, 4090]
Loop 471 [20220, 5202, 5368, 5009, 4415, 4126]
Loop 472 [20752, 5443, 5563, 5017, 4406, 4223]
Loop 473 [20206, 5294, 5254, 4948, 4368, 4222]
Loop 474 [20014, 5162, 5410, 4843, 4282, 4100]
Loop 475 [20517, 5277, 5459, 5026, 4402, 4250]
Loop 476 [20446, 5234, 5468, 5106, 4498, 4130]
Loop 477 [19966, 5205, 5158, 4974, 4394, 4120]
Loop 478 [20435, 5219, 5476, 5031, 4400, 4211]
Loop 479 [22141, 5197, 5295, 5074, 4451, 6006]
Loop 480 [20073, 5297, 5214, 5006, 4398, 4023]
Loop 481 [20837, 5500, 5593, 5024, 4402, 4221]
Loop 482 [20250, 5351, 5165, 5108, 4507, 4119]
Loop 483 [21507, 5397, 5563, 5020, 4379, 4956]
Loop 484 [35988, 5211, 5325, 20496, 19883, 4381]
Loop 485 [20801, 5550, 5493, 5063, 4485, 4219]
Loop 486 [20580, 5411, 5591, 4947, 4382, 4133]
Loop 487 [20294, 5328, 5225, 5178, 4539, 4055]
Loop 488 [20315, 5287, 5325, 5108, 4514, 4066]
Loop 489 [20015, 5238, 5217, 4994, 4409, 4042]
Loop 490 [20700, 5438, 5478, 5053, 4444, 4210]
Loop 491 [20279, 5154, 5427, 5057, 4456, 4150]
Loop 492 [20743, 5471, 5527, 5064, 4451, 4201]
Loop 493 [20235, 5319, 5231, 5113, 4508, 4067]
Loop 494 [20054, 5239, 5371, 4829, 4266, 4111]
Loop 495 [20784, 5431, 5504, 5066, 4462, 4296]
Loop 496 [21703, 5322, 5395, 5118, 4489, 5346]
Loop 497 [20302, 5328, 5321, 5094, 4494, 4063]
Loop 498 [20812, 5459, 5526, 5026, 4407, 4255]
Loop 499 [20637, 5297, 5349, 5128, 4544, 4362]
Loop 500 [20539, 5329, 5305, 5335, 4766, 4097]
Loop 501 [20848, 5370, 5505, 5222, 4615, 4232]
Loop 502 [20141, 5296, 5422, 4900, 4315, 4023]
Loop 503 [20276, 5301, 5417, 4937, 4345, 4117]
Loop 504 [20992, 5518, 5701, 5037, 4387, 4211]
Loop 505 [20358, 5418, 5385, 4984, 4391, 4056]
Loop 506 [20630, 5304, 5514, 5056, 4442, 4257]
Loop 507 [20466, 5366, 5260, 5204, 4571, 4085]
Loop 508 [20438, 5374, 5300, 5103, 4517, 4164]
Loop 509 [20745, 5341, 5613, 5051, 4429, 4236]
Loop 510 [20276, 5291, 5321, 5015, 4396, 4155]
Loop 511 [20197, 5348, 5298, 4867, 4273, 4179]
Loop 512 [20565, 5382, 5548, 4934, 4323, 4167]
Loop 513 [20286, 5280, 5397, 4973, 4341, 4139]
Loop 514 [20050, 5278, 5262, 4948, 4342, 4077]
Loop 515 [20095, 5322, 5235, 4960, 4400, 4086]
Loop 516 [20962, 5524, 5572, 5045, 4441, 4284]
Loop 517 [20827, 5507, 5571, 5060, 4418, 4178]
Loop 518 [20191, 5340, 5260, 4968, 4334, 4097]
Loop 519 [21305, 5363, 5322, 5027, 4445, 5029]
Loop 520 [20416, 5385, 5354, 4846, 4260, 4344]
Loop 521 [20772, 5506, 5457, 4972, 4359, 4307]
Loop 522 [20167, 5243, 5220, 5108, 4460, 4095]
Loop 523 [19921, 5261, 5242, 4854, 4287, 4075]
Loop 524 [20818, 5452, 5573, 5079, 4458, 4210]
Loop 525 [20127, 5275, 5291, 4969, 4345, 4097]
Loop 526 [20332, 5262, 5393, 5050, 4467, 4149]
Loop 527 [20876, 5522, 5481, 5164, 4553, 4206]
Loop 528 [20518, 5355, 5493, 5010, 4369, 4152]
Loop 529 [20452, 5421, 5426, 4912, 4283, 4175]
Loop 530 [20218, 5350, 5323, 4947, 4360, 4102]
Loop 531 [20341, 5317, 5440, 4937, 4394, 4148]
Loop 532 [20573, 5366, 5448, 5049, 4438, 4202]
Loop 533 [20292, 5273, 5396, 5073, 4450, 4072]
Loop 534 [20226, 5304, 5215, 4987, 4408, 4156]
Loop 535 [20608, 5374, 5457, 5045, 4403, 4250]
Loop 536 [20221, 5256, 5361, 4951, 4378, 4153]
Loop 537 [20115, 5308, 5348, 4892, 4314, 4030]
Loop 538 [20380, 5328, 5507, 4889, 4291, 4179]
Loop 539 [20239, 5159, 5420, 5013, 4403, 4142]
Loop 540 [20902, 5396, 5656, 5065, 4442, 4272]
Loop 541 [20124, 5234, 5234, 5060, 4435, 4052]
Loop 542 [20156, 5284, 5156, 5081, 4485, 4139]
Loop 543 [20701, 5355, 5617, 4981, 4362, 4223]
Loop 544 [20212, 5249, 5278, 5134, 4517, 4057]
Loop 545 [20509, 5352, 5556, 4929, 4329, 4120]
Loop 546 [23104, 8328, 5148, 4949, 4376, 4156]
Loop 547 [20310, 5305, 5334, 5083, 4468, 4088]
Loop 548 [20148, 5305, 5339, 4879, 4305, 4079]
Loop 549 [19889, 5194, 5321, 4784, 4192, 4072]
Loop 550 [20528, 5329, 5362, 5116, 4500, 4218]
Loop 551 [20918, 5436, 5620, 5114, 4465, 4247]
Loop 552 [20128, 5230, 5314, 4919, 4301, 4146]
Loop 553 [20023, 5221, 5300, 4901, 4289, 4088]
Loop 554 [20135, 5278, 5251, 4866, 4299, 4228]
Loop 555 [20521, 5329, 5414, 5042, 4398, 4182]
Loop 556 [20306, 5269, 5383, 5024, 4406, 4127]
Loop 557 [20013, 5235, 5272, 4854, 4281, 4129]
Loop 558 [20675, 5327, 5522, 5091, 4503, 4219]
Loop 559 [20129, 5321, 5215, 4949, 4348, 4130]
Loop 560 [19994, 5255, 5342, 4877, 4268, 4025]
Loop 561 [20645, 5440, 5535, 4950, 4339, 4194]
Loop 562 [19997, 5191, 5302, 4954, 4342, 4048]
Loop 563 [20655, 5362, 5606, 4956, 4360, 4193]
Loop 564 [20291, 5278, 5395, 5064, 4439, 4040]
Loop 565 [19918, 5274, 5125, 4919, 4323, 4086]
Loop 566 [20474, 5327, 5491, 4979, 4375, 4141]
Loop 567 [20281, 5262, 5290, 5142, 4506, 4078]
Loop 568 [20027, 5262, 5287, 4948, 4366, 4006]
Loop 569 [20817, 5408, 5729, 4993, 4400, 4207]
Loop 570 [20440, 5385, 5396, 5052, 4449, 4066]
Loop 571 [20078, 5277, 5259, 4894, 4320, 4136]
Loop 572 [23216, 5309, 8104, 5073, 4435, 4218]
Loop 573 [20389, 5306, 5372, 5139, 4546, 4086]
Loop 574 [20127, 5316, 5342, 4929, 4317, 4062]
Loop 575 [20943, 5504, 5639, 5053, 4414, 4258]
Loop 576 [20178, 5284, 5347, 5013, 4415, 4072]
Loop 577 [20275, 5382, 5338, 4903, 4307, 4157]
Loop 578 [20496, 5434, 5423, 5049, 4433, 4100]
Loop 579 [20185, 5344, 5291, 5022, 4451, 4072]
Loop 580 [20003, 5307, 5188, 4948, 4337, 4069]
Loop 581 [20659, 5461, 5459, 5028, 4433, 4199]
Loop 582 [20307, 5414, 5344, 4972, 4371, 4113]
Loop 583 [20101, 5403, 5308, 4847, 4241, 4059]
Loop 584 [20887, 5522, 5461, 5144, 4529, 4224]
Loop 585 [21054, 5389, 5295, 5047, 4450, 4858]
Loop 586 [20046, 5219, 5267, 4957, 4411, 4103]
Loop 587 [21022, 5519, 5690, 5069, 4433, 4244]
Loop 588 [20424, 5408, 5359, 5089, 4474, 4078]
Loop 589 [20611, 5537, 5446, 4932, 4333, 4186]
Loop 590 [20201, 5287, 5329, 4983, 4383, 4097]
Loop 591 [20337, 5386, 5356, 4978, 4404, 4106]
Loop 592 [20577, 5411, 5512, 4946, 4333, 4196]
Loop 593 [20292, 5259, 5400, 5053, 4445, 4083]
Loop 594 [19842, 5210, 5222, 4836, 4272, 4104]
Loop 595 [20438, 5323, 5518, 4925, 4344, 4184]
Loop 596 [20324, 5329, 5323, 5072, 4477, 4123]
Loop 597 [20302, 5274, 5471, 5008, 4422, 4037]
Loop 598 [20440, 5488, 5316, 4966, 4373, 4163]
Loop 599 [20733, 5367, 5555, 5112, 4486, 4202]
Loop 600 [20762, 5438, 5582, 5017, 4403, 4213]
Loop 601 [20173, 5352, 5228, 5048, 4440, 4048]
Loop 602 [20222, 5334, 5315, 4997, 4428, 4060]
Loop 603 [20626, 5550, 5413, 4980, 4388, 4171]
Loop 604 [20169, 5321, 5249, 5082, 4492, 4046]
Loop 605 [20043, 5325, 5172, 4979, 4397, 4058]
Loop 606 [20341, 5459, 5302, 5013, 4441, 4081]
Loop 607 [20768, 5487, 5540, 5048, 4434, 4165]
Loop 608 [20347, 5281, 5447, 5093, 4483, 4027]
Loop 609 [20184, 5389, 5298, 4968, 4351, 4018]
Loop 610 [20870, 5548, 5435, 5137, 4491, 4270]
Loop 611 [20097, 5297, 5325, 4931, 4312, 4030]
Loop 612 [20461, 5445, 5331, 4984, 4376, 4185]
Loop 613 [20313, 5367, 5285, 5061, 4444, 4108]
Loop 614 [20042, 5245, 5282, 4987, 4405, 4024]
Loop 615 [20569, 5472, 5417, 4960, 4368, 4224]
Loop 616 [20314, 5428, 5317, 4935, 4316, 4116]
Loop 617 [20130, 5265, 5319, 4905, 4347, 4115]
Loop 618 [20659, 5334, 5488, 5019, 4391, 4306]
Loop 619 [23909, 5197, 5316, 8660, 8039, 4212]
Loop 620 [20369, 5255, 5542, 4972, 4413, 4099]
Loop 621 [22332, 5453, 5625, 5026, 4426, 5692]
Loop 622 [20609, 5456, 5547, 5013, 4372, 4086]
Loop 623 [21074, 5593, 5742, 4978, 4349, 4253]
Loop 624 [20162, 5391, 5210, 5026, 4395, 4043]
Loop 625 [20106, 5298, 5257, 4933, 4364, 4138]
Loop 626 [20616, 5454, 5457, 4953, 4337, 4232]
Loop 627 [20025, 5274, 5364, 4881, 4274, 4025]
Loop 628 [20455, 5363, 5311, 5111, 4518, 4107]
Loop 629 [21765, 5576, 5452, 5058, 4451, 5121]
Loop 630 [20511, 5265, 5475, 5128, 4495, 4129]
Loop 631 [20088, 5322, 5330, 4902, 4318, 4047]
Loop 632 [20120, 5370, 5210, 4960, 4399, 4075]
Loop 633 [20779, 5547, 5536, 4965, 4341, 4213]
Loop 634 [21028, 5535, 5656, 5036, 4379, 4270]
Loop 635 [20239, 5313, 5207, 5048, 4431, 4158]
Loop 636 [19977, 5310, 5214, 4869, 4311, 4090]
Loop 637 [24122, 8984, 5355, 5060, 4457, 4220]
Loop 638 [20358, 5381, 5388, 5041, 4417, 4077]
Loop 639 [20095, 5259, 5385, 4888, 4303, 4076]
Loop 640 [20265, 5357, 5298, 5053, 4466, 4053]
Loop 641 [21924, 5446, 5505, 6315, 5696, 4171]
Loop 642 [20225, 5290, 5223, 5123, 4504, 4098]
Loop 643 [20096, 5349, 5084, 5026, 4428, 4131]
Loop 644 [20611, 5460, 5475, 4990, 4362, 4192]
Loop 645 [20230, 5329, 5217, 5130, 4498, 4056]
Loop 646 [20925, 5495, 5562, 5075, 4456, 4264]
Loop 647 [20076, 5249, 5251, 5055, 4450, 4054]
Loop 648 [20606, 5407, 5516, 5023, 4456, 4144]
Loop 649 [20827, 5458, 5565, 5053, 4428, 4224]
Loop 650 [20976, 5230, 5283, 4949, 4332, 4969]
Loop 651 [20113, 5369, 5240, 4950, 4372, 4037]
Loop 652 [20672, 5422, 5448, 5056, 4457, 4237]
Loop 653 [20214, 5252, 5450, 4973, 4367, 4035]
Loop 654 [21052, 5297, 5269, 5013, 4403, 4989]
Loop 655 [20608, 5461, 5450, 5024, 4383, 4181]
Loop 656 [20495, 5384, 5454, 5088, 4461, 4065]
Loop 657 [20086, 5274, 5294, 4864, 4292, 4120]
Loop 658 [21202, 5600, 5705, 5090, 4455, 4293]
Loop 659 [21746, 5323, 5301, 6472, 5855, 4127]
Loop 660 [20629, 5358, 5475, 5061, 4481, 4223]
Loop 661 [20374, 5331, 5480, 4951, 4355, 4121]
Loop 662 [20285, 5343, 5291, 5028, 4445, 4114]
Loop 663 [21468, 5429, 5390, 5947, 4442, 4215]
Loop 664 [20939, 6114, 5258, 5015, 4401, 4064]
Loop 665 [21325, 5429, 5321, 4878, 4306, 5140]
Loop 666 [20771, 5387, 5132, 4932, 4357, 4756]
Loop 667 [21240, 5538, 5346, 5054, 4443, 4755]
Loop 668 [20489, 5358, 5510, 5009, 4379, 4118]
Loop 669 [21061, 5642, 5659, 5017, 4400, 4239]
Loop 670 [20348, 5349, 5295, 5063, 4445, 4135]
Loop 671 [20361, 5355, 5400, 4970, 4382, 4116]
Loop 672 [20739, 5489, 5440, 5055, 4484, 4246]
Loop 673 [20241, 5364, 5337, 5031, 4418, 4017]
Loop 674 [20138, 5330, 5303, 4892, 4309, 4096]
Loop 675 [20496, 5437, 5525, 4914, 4301, 4131]
Loop 676 [20189, 5296, 5253, 5064, 4449, 4053]
Loop 677 [20061, 5363, 5142, 4960, 4372, 4091]
Loop 678 [20500, 5413, 5332, 5001, 4409, 4233]
Loop 679 [20218, 5341, 5341, 4997, 4403, 4052]
Loop 680 [21178, 5386, 5267, 4925, 4354, 5035]
Loop 681 [20840, 5619, 5564, 4950, 4350, 4205]
Loop 682 [20254, 5286, 5349, 5021, 4456, 4090]
Loop 683 [21270, 5575, 5556, 5075, 4471, 4533]
Loop 684 [20460, 5382, 5406, 5052, 4444, 4131]
Loop 685 [20233, 5351, 5244, 5056, 4472, 4078]
Loop 686 [20601, 5434, 5450, 4923, 4336, 4257]
Loop 687 [20557, 5347, 5455, 5132, 4516, 4099]
Loop 688 [20177, 5283, 5462, 4932, 4349, 4022]
Loop 689 [20548, 5412, 5516, 4936, 4316, 4198]
Loop 690 [21116, 5436, 5265, 4953, 4369, 4903]
Loop 691 [20155, 5291, 5408, 4893, 4320, 4079]
Loop 692 [23206, 5261, 5251, 4993, 4406, 7206]
Loop 693 [21522, 5754, 5612, 5213, 4522, 4352]
Loop 694 [20448, 5386, 5526, 4854, 4247, 4161]
Loop 695 [20370, 5339, 5247, 5086, 4464, 4179]
Loop 696 [20168, 5410, 5175, 4985, 4413, 4103]
Loop 697 [20388, 5328, 5425, 4971, 4379, 4171]
Loop 698 [20336, 5393, 5416, 4931, 4327, 4095]
Loop 699 [20424, 5377, 5248, 5201, 4605, 4095]
Loop 700 [20061, 5299, 5298, 4770, 4187, 4164]
Loop 701 [20564, 5375, 5438, 5021, 4394, 4211]
Loop 702 [20161, 5331, 5212, 5047, 4432, 4040]
Loop 703 [20343, 5407, 5425, 4876, 4236, 4115]
Loop 704 [20746, 5392, 5507, 5161, 4537, 4188]
Loop 705 [20862, 5461, 5613, 5171, 4531, 4101]
Loop 706 [21461, 5761, 5631, 5175, 4565, 4365]
Loop 707 [20351, 5329, 5280, 5162, 4573, 4081]
Loop 708 [20275, 5313, 5287, 5065, 4468, 4095]
Loop 709 [20461, 5423, 5322, 5009, 4434, 4179]
Loop 710 [20416, 5442, 5294, 5063, 4461, 4111]
Loop 711 [20203, 5332, 5262, 5024, 4453, 4071]
Loop 712 [20302, 5423, 5276, 4916, 4302, 4175]
Loop 713 [31607, 5295, 5324, 16218, 15555, 4187]
Loop 714 [20788, 5642, 5335, 5111, 4530, 4203]
Loop 715 [20580, 5379, 5490, 5031, 4399, 4197]
Loop 716 [20213, 5306, 5308, 5015, 4400, 4094]
Loop 717 [21052, 5567, 5559, 5138, 4503, 4225]
Loop 718 [31679, 5318, 5280, 16223, 15552, 4323]
Loop 719 [20724, 5666, 5475, 5029, 4446, 4071]
Loop 720 [20556, 5351, 5633, 4931, 4324, 4133]
Loop 721 [19777, 5212, 5087, 4853, 4266, 4144]
Loop 722 [20113, 5252, 5385, 4904, 4296, 4106]
Loop 723 [20918, 5349, 5850, 4980, 4353, 4189]
Loop 724 [20185, 5301, 5287, 5077, 4450, 4037]
Loop 725 [20021, 5326, 5277, 4871, 4279, 4049]
Loop 726 [20130, 5311, 5286, 4896, 4300, 4123]
Loop 727 [22223, 5487, 5448, 6450, 5841, 4319]
Loop 728 [21211, 5584, 5703, 5150, 4509, 4265]
Loop 729 [20190, 5385, 5266, 4957, 4366, 4066]
Loop 730 [20331, 5399, 5381, 4940, 4348, 4084]
Loop 731 [23975, 5357, 5493, 8475, 7854, 4131]
Loop 732 [20516, 5530, 5327, 5088, 4467, 4067]
Loop 733 [20114, 5358, 5259, 4876, 4260, 4143]
Loop 734 [19951, 5277, 5324, 4780, 4185, 4081]
Loop 735 [20677, 5470, 5557, 4986, 4369, 4167]
Loop 736 [20217, 5357, 5397, 4994, 4407, 3990]
Loop 737 [20015, 5328, 5272, 4892, 4329, 4009]
Loop 738 [20663, 5595, 5458, 4933, 4336, 4159]
Loop 739 [20126, 5327, 5292, 5000, 4381, 4012]
Loop 740 [20931, 5514, 5621, 5022, 4403, 4264]
Loop 741 [20097, 5247, 5288, 4958, 4343, 4107]
Loop 742 [20226, 5323, 5347, 4943, 4332, 4124]
Loop 743 [20738, 5490, 5567, 4996, 4385, 4183]
Loop 744 [20015, 5266, 5130, 5004, 4420, 4104]
Loop 745 [19966, 5347, 5281, 4810, 4225, 4024]
Loop 746 [20605, 5375, 5571, 4967, 4320, 4214]
Loop 747 [20197, 5393, 5359, 4871, 4266, 4063]
Loop 748 [20214, 5371, 5272, 4962, 4384, 4100]
Loop 749 [20773, 5432, 5556, 5071, 4467, 4225]
Loop 750 [21593, 5763, 5460, 5273, 4567, 4537]
Loop 751 [20940, 5671, 5466, 5148, 4536, 4120]
Loop 752 [20961, 5568, 5599, 5034, 4401, 4249]
Loop 753 [20231, 5386, 5407, 4912, 4313, 4028]
Loop 754 [20542, 5435, 5476, 4972, 4354, 4151]
Loop 755 [20962, 5266, 5299, 4825, 4234, 5022]
Loop 756 [20203, 5363, 5309, 4888, 4329, 4129]
Loop 757 [32780, 5364, 5380, 17156, 16491, 4279]
Loop 758 [21057, 5770, 5300, 5280, 4651, 4214]
Loop 759 [20229, 5361, 5307, 4960, 4362, 4091]
Loop 760 [20245, 5307, 5412, 4990, 4380, 4042]
Loop 761 [20540, 5404, 5518, 4926, 4309, 4211]
Loop 762 [20107, 5289, 5228, 4975, 4351, 4129]
Loop 763 [19870, 5269, 5175, 4789, 4186, 4130]
Loop 764 [21068, 5629, 5608, 5024, 4437, 4290]
Loop 765 [24331, 9094, 5394, 5063, 4432, 4245]
Loop 766 [30543, 5410, 5320, 14960, 14334, 4317]
Loop 767 [20749, 5676, 5462, 5015, 4406, 4088]
Loop 768 [20314, 5372, 5371, 4969, 4392, 4092]
Loop 769 [20767, 5550, 5494, 5081, 4458, 4147]
Loop 770 [19956, 5322, 5248, 4882, 4259, 4018]
Loop 771 [20117, 5286, 5348, 4918, 4322, 4045]
Loop 772 [20636, 5526, 5414, 4980, 4372, 4192]
Loop 773 [20328, 5318, 5495, 4905, 4327, 4130]
Loop 774 [20290, 5219, 5654, 4843, 4275, 4081]
Loop 775 [20517, 5464, 5513, 4857, 4267, 4174]
Loop 776 [20785, 5453, 5615, 5037, 4429, 4126]
Loop 777 [20581, 5395, 5501, 4905, 4297, 4237]
Loop 778 [20077, 5250, 5296, 4875, 4257, 4157]
Loop 779 [19956, 5329, 5327, 4750, 4164, 4047]
Loop 780 [20536, 5458, 5370, 5009, 4400, 4163]
Loop 781 [20138, 5361, 5240, 4924, 4290, 4083]
Loop 782 [20025, 5309, 5345, 4732, 4160, 4116]
Loop 783 [20609, 5401, 5565, 4986, 4392, 4154]
Loop 784 [20082, 5316, 5256, 4948, 4319, 4035]
Loop 785 [19897, 5265, 5321, 4738, 4167, 4089]
Loop 786 [21351, 5933, 5552, 4992, 4372, 4380]
Loop 787 [20666, 5425, 5531, 5041, 4420, 4200]
Loop 788 [20178, 5362, 5360, 4870, 4297, 4058]
Loop 789 [19571, 5132, 5333, 4654, 4057, 4017]
Loop 790 [19675, 5159, 5230, 4797, 4212, 4038]
Loop 791 [20237, 5295, 5370, 4923, 4331, 4203]
Loop 792 [30846, 5242, 5271, 15151, 14519, 4522]
Loop 793 [19948, 5554, 5083, 4889, 4263, 3977]
Loop 794 [19552, 5232, 4908, 4862, 4292, 4059]
Loop 795 [20570, 5380, 5395, 5106, 4491, 4211]
Loop 796 [19690, 5221, 5170, 4802, 4189, 4070]
Loop 797 [19555, 5260, 5083, 4708, 4129, 4022]
Loop 798 [20184, 5363, 5328, 4854, 4262, 4163]
Loop 799 [21191, 5249, 5398, 5013, 4414, 4946]
Loop 800 [20567, 5404, 5463, 5013, 4430, 4207]
Loop 801 [19429, 5187, 4951, 4788, 4178, 4021]
Loop 802 [19365, 5244, 4886, 4736, 4183, 4072]
Loop 803 [19999, 5322, 5201, 4865, 4303, 4168]
Loop 804 [19658, 5199, 5049, 4950, 4359, 4011]
Loop 805 [19242, 5182, 4948, 4610, 4076, 4026]
Loop 806 [37135, 5349, 5225, 21395, 20686, 4626]
Loop 807 [20019, 5508, 5049, 5001, 4428, 4011]
Loop 808 [19308, 5236, 4876, 4712, 4129, 3986]
Loop 809 [20076, 5475, 5285, 4738, 4127, 4120]
Loop 810 [19433, 5206, 4995, 4695, 4122, 4052]
Loop 811 [20394, 5435, 5475, 4701, 4100, 4296]
Loop 812 [19460, 5200, 4981, 4765, 4157, 4050]
Loop 813 [19324, 5128, 5027, 4651, 4083, 4032]
Loop 814 [22626, 5291, 7851, 4852, 4232, 4135]
Loop 815 [19347, 5192, 5081, 4624, 4034, 4012]
Loop 816 [19342, 5146, 5054, 4717, 4145, 3956]
Loop 817 [19383, 5236, 5009, 4652, 4106, 4007]
Loop 818 [19855, 5301, 5214, 4747, 4196, 4099]
Loop 819 [19342, 5181, 4936, 4810, 4231, 3953]
Loop 820 [20400, 5172, 5088, 4555, 4017, 4983]
Loop 821 [27326, 7726, 8116, 5932, 5132, 5043]
Loop 822 [19704, 5310, 5099, 4843, 4256, 3981]
Loop 823 [20876, 5500, 5771, 4812, 4214, 4295]
Loop 824 [21077, 5231, 5216, 4996, 4391, 5116]
Loop 825 [20605, 5432, 5482, 4917, 4299, 4282]
Loop 826 [20127, 5296, 5451, 4892, 4316, 4019]
Loop 827 [19396, 5187, 5072, 4651, 4086, 4023]
Loop 828 [19362, 5195, 5038, 4675, 4113, 3994]
Loop 829 [20206, 5327, 5336, 4860, 4288, 4203]
Loop 830 [19820, 5245, 5211, 4741, 4152, 4158]
Loop 831 [19811, 5276, 5343, 4730, 4175, 4027]
Loop 832 [20448, 5376, 5603, 4835, 4254, 4194]
Loop 833 [19810, 5262, 5227, 4892, 4280, 3946]
Loop 834 [19410, 5135, 5235, 4639, 4059, 3943]
Loop 835 [20542, 5511, 5434, 4811, 4193, 4317]
Loop 836 [20864, 5221, 5299, 4792, 4216, 4997]
Loop 837 [22572, 5333, 5418, 4881, 4280, 6448]
Loop 838 [19899, 5285, 5235, 4944, 4364, 3993]
Loop 839 [19708, 5136, 5398, 4692, 4127, 4010]
Loop 840 [20193, 5301, 5406, 4913, 4336, 4111]
Loop 841 [19781, 5075, 5235, 4896, 4326, 4114]
Loop 842 [19562, 5139, 5109, 4871, 4292, 4019]
Loop 843 [23295, 5288, 8356, 4924, 4308, 4271]
Loop 844 [19912, 5213, 5203, 4885, 4310, 4145]
Loop 845 [19476, 5263, 4935, 4787, 4220, 4025]
Loop 846 [20524, 5361, 5516, 4844, 4237, 4314]
Loop 847 [19867, 5274, 5462, 4678, 4090, 4029]
Loop 848 [22414, 5202, 5089, 4755, 4202, 6839]
Loop 849 [20011, 5418, 5098, 4990, 4395, 4024]
Loop 850 [19552, 5271, 5103, 4669, 4080, 4045]
Loop 851 [19308, 5107, 4959, 4657, 4081, 4099]
Loop 852 [20254, 5381, 5371, 4844, 4257, 4193]
Loop 853 [20843, 5478, 5743, 4884, 4262, 4248]
Loop 854 [19707, 5263, 5152, 4627, 4053, 4167]
Loop 855 [20071, 5295, 5212, 4836, 4255, 4254]
Loop 856 [20108, 5491, 5160, 4885, 4265, 4078]
Loop 857 [19250, 5083, 4947, 4571, 4036, 4169]
Loop 858 [21373, 5399, 5367, 4843, 4236, 5264]
Loop 859 [19574, 5142, 5096, 4767, 4195, 4065]
Loop 860 [20032, 5330, 5290, 4712, 4118, 4244]
Loop 861 [19733, 5260, 5093, 4864, 4253, 4065]
Loop 862 [19228, 5125, 4907, 4677, 4115, 4052]
Loop 863 [20026, 5311, 5232, 4836, 4262, 4165]
Loop 864 [19677, 5261, 5253, 4717, 4118, 3958]
Loop 865 [19308, 5117, 5010, 4640, 4084, 4053]
Loop 866 [19238, 5124, 4982, 4658, 4099, 4012]
Loop 867 [19829, 5337, 5122, 4835, 4282, 4078]
Loop 868 [19168, 5062, 5022, 4605, 4016, 4020]
Loop 869 [19430, 5295, 5024, 4682, 4096, 3988]
Loop 870 [20433, 5504, 5371, 4844, 4221, 4205]
Loop 871 [19469, 5197, 5012, 4788, 4210, 3992]
Loop 872 [20485, 5309, 5442, 4851, 4219, 4332]
Loop 873 [20263, 5386, 5309, 4918, 4262, 4105]
Loop 874 [19515, 5262, 5038, 4685, 4122, 4024]
Loop 875 [19886, 5266, 5158, 4691, 4128, 4287]
Loop 876 [19327, 5220, 4923, 4669, 4062, 4027]
Loop 877 [19266, 5146, 5023, 4627, 4079, 4022]
Loop 878 [19908, 5280, 5215, 4922, 4356, 4006]
Loop 879 [19262, 5115, 4948, 4701, 4125, 4028]
Loop 880 [19160, 5133, 5013, 4567, 3994, 3992]
Loop 881 [19915, 5261, 5195, 4821, 4238, 4128]
Loop 882 [19884, 5225, 5255, 4825, 4230, 4083]
Loop 883 [20127, 5353, 5427, 4716, 4149, 4138]
Loop 884 [20315, 5539, 5262, 4841, 4229, 4183]
Loop 885 [19429, 5119, 5039, 4655, 4089, 4163]
Loop 886 [19793, 5250, 5337, 4687, 4093, 4043]
Loop 887 [19573, 5168, 4965, 4823, 4218, 4142]
Loop 888 [19617, 5202, 5064, 4673, 4114, 4236]
Loop 889 [19291, 5132, 5095, 4647, 4075, 3968]
Loop 890 [19770, 5314, 5067, 4722, 4137, 4175]
Loop 891 [19372, 5167, 5036, 4670, 4078, 3988]
Loop 892 [19250, 5198, 5037, 4534, 4008, 4012]
Loop 893 [19847, 5310, 5231, 4755, 4162, 4084]
Loop 894 [20222, 5290, 5487, 4833, 4200, 4143]
Loop 895 [19975, 5375, 5328, 4676, 4122, 4146]
Loop 896 [20142, 5483, 5254, 4847, 4242, 4078]
Loop 897 [20513, 5553, 5577, 4785, 4200, 4096]
Loop 898 [20719, 5596, 5371, 4932, 4327, 4286]
Loop 899 [19369, 5201, 5053, 4653, 4058, 3958]
Loop 900 [19217, 5203, 4870, 4605, 4053, 4005]
Loop 901 [19692, 5264, 5107, 4731, 4127, 4115]
Loop 902 [19618, 5209, 5174, 4606, 4022, 4098]
Loop 903 [19342, 5273, 4947, 4562, 4065, 4029]
Loop 904 [19700, 5302, 5082, 4758, 4160, 4060]
Loop 905 [20066, 5390, 5237, 4877, 4249, 4074]
Loop 906 [19896, 5298, 5259, 4743, 4155, 4085]
Loop 907 [19562, 5241, 5136, 4706, 4101, 4024]
Loop 908 [19367, 5137, 4842, 4732, 4152, 4199]
Loop 909 [22368, 5185, 4875, 7699, 7106, 4078]
Loop 910 [19773, 5340, 5096, 4811, 4209, 4023]
Loop 911 [19473, 5247, 5068, 4801, 4221, 3902]
Loop 912 [19064, 5148, 4942, 4490, 3972, 3986]
Loop 913 [20036, 5327, 5171, 4807, 4191, 4236]
Loop 914 [19326, 5045, 5040, 4588, 4012, 4214]
Loop 915 [19325, 5145, 5090, 4612, 4076, 3971]
Loop 916 [19852, 5303, 5226, 4791, 4217, 4072]
Loop 917 [20920, 5695, 5415, 4973, 4326, 4362]
Loop 918 [20595, 5499, 5367, 4847, 4230, 4384]
Loop 919 [20048, 5395, 5128, 4759, 4165, 4278]
Loop 920 [19369, 5041, 5189, 4579, 4029, 4024]
Loop 921 [19889, 5279, 5247, 4589, 3989, 4279]
Loop 922 [19273, 5181, 4817, 4748, 4167, 4067]
Loop 923 [19220, 5172, 4954, 4631, 4069, 3970]
Loop 924 [19644, 5287, 5086, 4785, 4187, 4025]
Loop 925 [19277, 5247, 5004, 4526, 3938, 4011]
Loop 926 [20462, 5067, 4920, 4612, 4026, 5264]
Loop 927 [19201, 5209, 5067, 4421, 3896, 4031]
Loop 928 [19967, 5330, 5310, 4771, 4190, 4075]
Loop 929 [20468, 5377, 5420, 4931, 4282, 4277]
Loop 930 [19306, 5164, 4939, 4719, 4098, 4008]
Loop 931 [19307, 5131, 4956, 4655, 4091, 4099]
Loop 932 [19277, 5096, 4964, 4663, 4128, 4052]
Loop 933 [19925, 5300, 5254, 4700, 4133, 4171]
Loop 934 [19270, 5089, 4877, 4835, 4243, 3969]
Loop 935 [19075, 5012, 5006, 4570, 4053, 4008]
Loop 936 [19961, 5382, 5178, 4740, 4166, 4162]
Loop 937 [19495, 5137, 5104, 4641, 4070, 4161]
Loop 938 [19087, 5144, 4889, 4620, 4065, 3972]
Loop 939 [19648, 5196, 5136, 4754, 4182, 4070]
Loop 940 [19626, 5111, 5222, 4814, 4244, 3980]
Loop 941 [20662, 5414, 5537, 4903, 4305, 4233]
Loop 942 [19281, 5145, 4894, 4671, 4053, 4024]
Loop 943 [19573, 5246, 5045, 4707, 4143, 4001]
Loop 944 [20045, 5260, 5219, 4889, 4279, 4180]
Loop 945 [18974, 5133, 4884, 4510, 3917, 4003]
Loop 946 [19336, 5220, 4965, 4535, 4001, 4089]
Loop 947 [19021, 5098, 5035, 4429, 3893, 3965]
Loop 948 [19536, 5221, 5071, 4683, 4072, 4114]
Loop 949 [19214, 5067, 5010, 4611, 4007, 3971]
Loop 950 [19171, 5173, 4837, 4661, 4109, 4000]
Loop 951 [19997, 5342, 5181, 4769, 4187, 4243]
Loop 952 [19449, 5281, 4883, 4787, 4199, 4002]
Loop 953 [20569, 5507, 5441, 4874, 4256, 4202]
Loop 954 [19165, 5161, 4851, 4630, 4058, 3983]
Loop 955 [19112, 5103, 4892, 4645, 4115, 4011]
Loop 956 [19835, 5280, 5172, 4769, 4179, 4130]
Loop 957 [19081, 5144, 4926, 4539, 3956, 4005]
Loop 958 [19279, 5222, 4981, 4619, 4052, 3976]
Loop 959 [19784, 5291, 5166, 4670, 4085, 4160]
Loop 960 [19240, 5113, 4965, 4686, 4125, 4000]
Loop 961 [19327, 5046, 5019, 4686, 4119, 4017]
Loop 962 [18936, 5088, 4889, 4523, 3966, 3957]
Loop 963 [19672, 5338, 5025, 4756, 4194, 4083]
Loop 964 [20417, 5388, 5413, 4968, 4328, 4163]
Loop 965 [19403, 5111, 5074, 4691, 4101, 4006]
Loop 966 [19416, 5197, 5090, 4623, 4046, 4001]
Loop 967 [18963, 5076, 4778, 4547, 3996, 4082]
Loop 968 [20070, 5370, 5303, 4740, 4138, 4118]
Loop 969 [19277, 5315, 4867, 4640, 4059, 3957]
Loop 970 [20176, 5174, 5032, 4581, 4003, 4912]
Loop 971 [20114, 5337, 5306, 4761, 4161, 4175]
Loop 972 [19240, 5104, 4909, 4696, 4106, 4037]
Loop 973 [19367, 5190, 5006, 4676, 4109, 4019]
Loop 974 [19785, 5268, 5157, 4670, 4059, 4214]
Loop 975 [19259, 5050, 4940, 4644, 4036, 4170]
Loop 976 [20640, 5444, 5583, 4909, 4281, 4190]
Loop 977 [19206, 5148, 4864, 4668, 4078, 4046]
Loop 978 [18996, 5032, 4911, 4593, 4024, 4016]
Loop 979 [19754, 5080, 5290, 4772, 4202, 4067]
Loop 980 [19255, 5185, 4907, 4640, 4053, 4054]
Loop 981 [19254, 5056, 4976, 4480, 3934, 4254]
Loop 982 [18971, 5050, 4896, 4553, 4001, 4003]
Loop 983 [19537, 5255, 5049, 4627, 4055, 4102]
Loop 984 [19495, 5170, 4899, 4727, 4114, 4179]
Loop 985 [19240, 5183, 4974, 4493, 3941, 4043]
Loop 986 [19645, 5252, 5200, 4647, 4066, 4083]
Loop 987 [18953, 5051, 4830, 4641, 4054, 3967]
Loop 988 [20272, 5351, 5493, 4733, 4132, 4142]
Loop 989 [19258, 5134, 4958, 4676, 4108, 3990]
Loop 990 [19202, 5200, 5049, 4480, 3931, 3991]
Loop 991 [20738, 5311, 5284, 4631, 4084, 4942]
Loop 992 [19485, 5232, 5054, 4709, 4136, 3966]
Loop 993 [19003, 5179, 4898, 4500, 3946, 3996]
Loop 994 [19852, 5310, 5151, 4730, 4117, 4112]
Loop 995 [19964, 5260, 4750, 4674, 4088, 4811]
Loop 996 [19389, 5294, 4983, 4647, 4126, 3959]
Loop 997 [19001, 5137, 4908, 4499, 3915, 3968]
Loop 998 [20503, 5309, 5093, 4788, 4201, 4749]
Loop 999 [19375, 5191, 4973, 4699, 4130, 4017]
replicas primary file /tmp16384microec.dat capacity 4096
replicas slave file /tmp16384microec.datLQL0 capacity 4096
replicas slave file /tmp16384microec.datLQL1 capacity 4096
replicas slave file /tmp16384microec.datLQL2 capacity 4096
replicas slave file /tmp16384microec.datLQL3 capacity 4096
replicas slave file /tmp16384microec.datLQL4 capacity 4096
