writeHydra, filename /tmp16777216hydra.dat, size 16777216, loop 1000, storageClass 0, locationClass 0
CrailConstants.REPLICATION_FACTOR has changed to 5
MicroEC Coding Ready

starting benchmark...
replicas primary file /tmp16777216hydra.dat capacity 0
replicas slave file /tmp16777216hydra.datLQL0 capacity 0
replicas slave file /tmp16777216hydra.datLQL1 capacity 0
replicas slave file /tmp16777216hydra.datLQL2 capacity 0
replicas slave file /tmp16777216hydra.datLQL3 capacity 0
replicas slave file /tmp16777216hydra.datLQL4 capacity 0
ops 1000
final loop (us) 5612.305
Loop 0 (us) 6510.823
Loop 1 (us) 6495.684
Loop 2 (us) 6504.56
Loop 3 (us) 6338.219
Loop 4 (us) 6537.767
Loop 5 (us) 46063.97
Loop 6 (us) 5927.247
Loop 7 (us) 6565.496
Loop 8 (us) 4707.177
Loop 9 (us) 4363.691
Loop 10 (us) 6440.895
Loop 11 (us) 4856.082
Loop 12 (us) 6300.088
Loop 13 (us) 6135.195
Loop 14 (us) 6121.995
Loop 15 (us) 6437.103
Loop 16 (us) 4799.461
Loop 17 (us) 6292.28
Loop 18 (us) 6268.687
Loop 19 (us) 6128.852
Loop 20 (us) 6088.597
Loop 21 (us) 6347.43
Loop 22 (us) 32464.008
Loop 23 (us) 4870.76
Loop 24 (us) 5787.074
Loop 25 (us) 6347.428
Loop 26 (us) 6364.997
Loop 27 (us) 56745.972
Loop 28 (us) 6098.043
Loop 29 (us) 6735.461
Loop 30 (us) 6564.007
Loop 31 (us) 6569.612
Loop 32 (us) 10524.611
Loop 33 (us) 6290.843
Loop 34 (us) 4842.948
Loop 35 (us) 4485.687
Loop 36 (us) 6470.849
Loop 37 (us) 4714.886
Loop 38 (us) 6119.619
Loop 39 (us) 8277.425
Loop 40 (us) 6647.292
Loop 41 (us) 5042.528
Loop 42 (us) 6435.772
Loop 43 (us) 6010.885
Loop 44 (us) 6163.046
Loop 45 (us) 6135.577
Loop 46 (us) 5567.733
Loop 47 (us) 6456.459
Loop 48 (us) 6168.45
Loop 49 (us) 5847.098
Loop 50 (us) 6238.817
Loop 51 (us) 6613.464
Loop 52 (us) 6135.887
Loop 53 (us) 6328.985
Loop 54 (us) 6593.978
Loop 55 (us) 8267.305
Loop 56 (us) 6634.132
Loop 57 (us) 6419.598
Loop 58 (us) 6114.607
Loop 59 (us) 5074.316
Loop 60 (us) 6312.147
Loop 61 (us) 6021.713
Loop 62 (us) 6597.402
Loop 63 (us) 6593.027
Loop 64 (us) 37178.334
Loop 65 (us) 4578.0
Loop 66 (us) 4690.747
Loop 67 (us) 4694.276
Loop 68 (us) 6435.223
Loop 69 (us) 6008.626
Loop 70 (us) 6105.721
Loop 71 (us) 6650.493
Loop 72 (us) 6012.327
Loop 73 (us) 6431.92
Loop 74 (us) 6045.042
Loop 75 (us) 10787.849
Loop 76 (us) 5633.234
Loop 77 (us) 6261.371
Loop 78 (us) 4703.625
Loop 79 (us) 6216.388
Loop 80 (us) 6513.926
Loop 81 (us) 5889.998
Loop 82 (us) 6164.967
Loop 83 (us) 6477.562
Loop 84 (us) 4924.953
Loop 85 (us) 6178.755
Loop 86 (us) 5881.872
Loop 87 (us) 6326.354
Loop 88 (us) 6322.595
Loop 89 (us) 6172.605
Loop 90 (us) 6199.037
Loop 91 (us) 6495.289
Loop 92 (us) 6188.241
Loop 93 (us) 4558.471
Loop 94 (us) 6387.969
Loop 95 (us) 6296.807
Loop 96 (us) 6150.244
Loop 97 (us) 5959.204
Loop 98 (us) 6545.813
Loop 99 (us) 6050.295
Loop 100 (us) 6256.133
Loop 101 (us) 6321.443
Loop 102 (us) 6302.065
Loop 103 (us) 6415.003
Loop 104 (us) 6464.04
Loop 105 (us) 6522.452
Loop 106 (us) 6266.268
Loop 107 (us) 6417.689
Loop 108 (us) 6678.062
Loop 109 (us) 5020.03
Loop 110 (us) 6292.41
Loop 111 (us) 5824.416
Loop 112 (us) 6325.067
Loop 113 (us) 6397.913
Loop 114 (us) 6187.396
Loop 115 (us) 6778.847
Loop 116 (us) 22401.22
Loop 117 (us) 6542.435
Loop 118 (us) 6299.296
Loop 119 (us) 4769.526
Loop 120 (us) 6469.708
Loop 121 (us) 6348.013
Loop 122 (us) 6173.998
Loop 123 (us) 6127.681
Loop 124 (us) 5017.15
Loop 125 (us) 6349.715
Loop 126 (us) 6602.557
Loop 127 (us) 6352.619
Loop 128 (us) 6715.406
Loop 129 (us) 6578.33
Loop 130 (us) 6571.187
Loop 131 (us) 6376.744
Loop 132 (us) 6457.558
Loop 133 (us) 4993.07
Loop 134 (us) 5741.986
Loop 135 (us) 6265.628
Loop 136 (us) 6164.393
Loop 137 (us) 6444.001
Loop 138 (us) 6038.317
Loop 139 (us) 6241.784
Loop 140 (us) 6186.512
Loop 141 (us) 6278.705
Loop 142 (us) 5842.798
Loop 143 (us) 6576.369
Loop 144 (us) 6578.683
Loop 145 (us) 4663.423
Loop 146 (us) 6379.776
Loop 147 (us) 6335.839
Loop 148 (us) 4823.089
Loop 149 (us) 7087.767
Loop 150 (us) 6425.777
Loop 151 (us) 6148.224
Loop 152 (us) 4839.66
Loop 153 (us) 20728.351
Loop 154 (us) 5575.748
Loop 155 (us) 4642.196
Loop 156 (us) 6435.281
Loop 157 (us) 6380.795
Loop 158 (us) 6024.162
Loop 159 (us) 4760.64
Loop 160 (us) 6301.695
Loop 161 (us) 6532.22
Loop 162 (us) 6027.023
Loop 163 (us) 6439.816
Loop 164 (us) 5878.477
Loop 165 (us) 4680.744
Loop 166 (us) 6313.218
Loop 167 (us) 5769.222
Loop 168 (us) 21894.838
Loop 169 (us) 5889.267
Loop 170 (us) 6203.458
Loop 171 (us) 4854.48
Loop 172 (us) 6304.771
Loop 173 (us) 6255.585
Loop 174 (us) 6181.214
Loop 175 (us) 6038.911
Loop 176 (us) 6549.263
Loop 177 (us) 6120.714
Loop 178 (us) 6551.852
Loop 179 (us) 6655.891
Loop 180 (us) 5867.191
Loop 181 (us) 6633.928
Loop 182 (us) 6363.66
Loop 183 (us) 6534.588
Loop 184 (us) 4696.82
Loop 185 (us) 6202.162
Loop 186 (us) 5875.628
Loop 187 (us) 6367.705
Loop 188 (us) 6168.616
Loop 189 (us) 6499.575
Loop 190 (us) 6624.786
Loop 191 (us) 4868.551
Loop 192 (us) 22771.104
Loop 193 (us) 6160.06
Loop 194 (us) 6580.054
Loop 195 (us) 6297.222
Loop 196 (us) 6581.707
Loop 197 (us) 6466.677
Loop 198 (us) 6517.524
Loop 199 (us) 6471.487
Loop 200 (us) 6005.865
Loop 201 (us) 4727.131
Loop 202 (us) 6157.768
Loop 203 (us) 4562.002
Loop 204 (us) 6444.964
Loop 205 (us) 6023.798
Loop 206 (us) 6193.85
Loop 207 (us) 6357.252
Loop 208 (us) 4576.062
Loop 209 (us) 6412.419
Loop 210 (us) 22095.568
Loop 211 (us) 4469.423
Loop 212 (us) 6174.589
Loop 213 (us) 6468.152
Loop 214 (us) 4825.569
Loop 215 (us) 6269.95
Loop 216 (us) 6163.291
Loop 217 (us) 5869.395
Loop 218 (us) 5671.867
Loop 219 (us) 5645.202
Loop 220 (us) 6521.362
Loop 221 (us) 17972.165
Loop 222 (us) 5987.624
Loop 223 (us) 6500.609
Loop 224 (us) 6578.275
Loop 225 (us) 6468.768
Loop 226 (us) 4927.707
Loop 227 (us) 6478.587
Loop 228 (us) 6246.848
Loop 229 (us) 6519.237
Loop 230 (us) 4973.473
Loop 231 (us) 6326.273
Loop 232 (us) 4690.723
Loop 233 (us) 8828.574
Loop 234 (us) 4848.062
Loop 235 (us) 6287.604
Loop 236 (us) 4496.9
Loop 237 (us) 4331.975
Loop 238 (us) 6137.868
Loop 239 (us) 6128.158
Loop 240 (us) 6483.978
Loop 241 (us) 6167.396
Loop 242 (us) 4541.777
Loop 243 (us) 5861.746
Loop 244 (us) 5686.752
Loop 245 (us) 6431.178
Loop 246 (us) 5801.205
Loop 247 (us) 6241.727
Loop 248 (us) 4719.176
Loop 249 (us) 5810.711
Loop 250 (us) 4620.974
Loop 251 (us) 6212.331
Loop 252 (us) 6190.995
Loop 253 (us) 5905.663
Loop 254 (us) 6072.113
Loop 255 (us) 4635.517
Loop 256 (us) 6106.394
Loop 257 (us) 6459.237
Loop 258 (us) 6281.168
Loop 259 (us) 5777.018
Loop 260 (us) 6224.31
Loop 261 (us) 6341.433
Loop 262 (us) 35328.266
Loop 263 (us) 4793.84
Loop 264 (us) 6322.886
Loop 265 (us) 6347.229
Loop 266 (us) 4610.962
Loop 267 (us) 6403.107
Loop 268 (us) 6390.704
Loop 269 (us) 6435.776
Loop 270 (us) 6302.51
Loop 271 (us) 6511.087
Loop 272 (us) 6557.326
Loop 273 (us) 6076.065
Loop 274 (us) 6508.525
Loop 275 (us) 6051.601
Loop 276 (us) 6624.14
Loop 277 (us) 6538.514
Loop 278 (us) 6419.907
Loop 279 (us) 5045.281
Loop 280 (us) 6333.918
Loop 281 (us) 5820.316
Loop 282 (us) 6365.346
Loop 283 (us) 4727.766
Loop 284 (us) 6422.355
Loop 285 (us) 6250.07
Loop 286 (us) 6528.004
Loop 287 (us) 6126.168
Loop 288 (us) 6119.831
Loop 289 (us) 7367.734
Loop 290 (us) 6425.628
Loop 291 (us) 6316.847
Loop 292 (us) 6157.671
Loop 293 (us) 6374.771
Loop 294 (us) 6072.645
Loop 295 (us) 6360.371
Loop 296 (us) 4905.151
Loop 297 (us) 6275.918
Loop 298 (us) 6006.118
Loop 299 (us) 4758.033
Loop 300 (us) 6074.711
Loop 301 (us) 6537.847
Loop 302 (us) 4815.149
Loop 303 (us) 6082.818
Loop 304 (us) 6197.169
Loop 305 (us) 4833.965
Loop 306 (us) 6437.555
Loop 307 (us) 6437.637
Loop 308 (us) 6147.936
Loop 309 (us) 6156.592
Loop 310 (us) 6394.739
Loop 311 (us) 4862.129
Loop 312 (us) 6427.39
Loop 313 (us) 6394.146
Loop 314 (us) 4512.291
Loop 315 (us) 6293.082
Loop 316 (us) 4793.427
Loop 317 (us) 4416.251
Loop 318 (us) 6260.797
Loop 319 (us) 6477.973
Loop 320 (us) 5966.843
Loop 321 (us) 6489.748
Loop 322 (us) 4736.779
Loop 323 (us) 5741.779
Loop 324 (us) 4518.905
Loop 325 (us) 5621.352
Loop 326 (us) 5474.794
Loop 327 (us) 6165.563
Loop 328 (us) 6513.719
Loop 329 (us) 6476.534
Loop 330 (us) 4974.611
Loop 331 (us) 6282.319
Loop 332 (us) 6145.672
Loop 333 (us) 6420.514
Loop 334 (us) 6160.014
Loop 335 (us) 8049.855
Loop 336 (us) 6551.336
Loop 337 (us) 4932.066
Loop 338 (us) 6137.843
Loop 339 (us) 6377.409
Loop 340 (us) 6416.703
Loop 341 (us) 6540.775
Loop 342 (us) 6596.874
Loop 343 (us) 6128.322
Loop 344 (us) 6524.381
Loop 345 (us) 6294.52
Loop 346 (us) 6351.223
Loop 347 (us) 6634.206
Loop 348 (us) 5016.303
Loop 349 (us) 6134.643
Loop 350 (us) 6368.548
Loop 351 (us) 6577.756
Loop 352 (us) 23724.071
Loop 353 (us) 6145.508
Loop 354 (us) 6516.573
Loop 355 (us) 6658.832
Loop 356 (us) 6128.497
Loop 357 (us) 6681.184
Loop 358 (us) 4957.433
Loop 359 (us) 6314.108
Loop 360 (us) 6662.384
Loop 361 (us) 6342.278
Loop 362 (us) 5793.43
Loop 363 (us) 6258.833
Loop 364 (us) 4649.171
Loop 365 (us) 6423.736
Loop 366 (us) 6150.142
Loop 367 (us) 6429.736
Loop 368 (us) 6322.37
Loop 369 (us) 6639.791
Loop 370 (us) 6526.223
Loop 371 (us) 6672.595
Loop 372 (us) 5075.539
Loop 373 (us) 4703.578
Loop 374 (us) 6395.376
Loop 375 (us) 6166.497
Loop 376 (us) 6489.478
Loop 377 (us) 6206.882
Loop 378 (us) 6340.56
Loop 379 (us) 5719.936
Loop 380 (us) 6286.887
Loop 381 (us) 6625.074
Loop 382 (us) 6517.049
Loop 383 (us) 6665.107
Loop 384 (us) 4999.872
Loop 385 (us) 6009.524
Loop 386 (us) 4617.641
Loop 387 (us) 4382.734
Loop 388 (us) 5847.765
Loop 389 (us) 6111.264
Loop 390 (us) 6266.553
Loop 391 (us) 5454.889
Loop 392 (us) 6596.048
Loop 393 (us) 6428.971
Loop 394 (us) 4739.029
Loop 395 (us) 4383.92
Loop 396 (us) 6133.688
Loop 397 (us) 6135.904
Loop 398 (us) 6436.492
Loop 399 (us) 5917.686
Loop 400 (us) 6468.756
Loop 401 (us) 6318.469
Loop 402 (us) 4871.613
Loop 403 (us) 6294.342
Loop 404 (us) 6413.375
Loop 405 (us) 6338.031
Loop 406 (us) 5718.783
Loop 407 (us) 6582.143
Loop 408 (us) 6423.177
Loop 409 (us) 6291.8
Loop 410 (us) 6230.936
Loop 411 (us) 6641.019
Loop 412 (us) 5928.522
Loop 413 (us) 6555.174
Loop 414 (us) 4649.512
Loop 415 (us) 4272.701
Loop 416 (us) 6422.793
Loop 417 (us) 6272.092
Loop 418 (us) 4815.517
Loop 419 (us) 4449.587
Loop 420 (us) 6277.842
Loop 421 (us) 6112.099
Loop 422 (us) 5728.407
Loop 423 (us) 4577.201
Loop 424 (us) 6385.604
Loop 425 (us) 6311.556
Loop 426 (us) 6291.146
Loop 427 (us) 5332.332
Loop 428 (us) 6286.143
Loop 429 (us) 6024.966
Loop 430 (us) 5765.241
Loop 431 (us) 6259.518
Loop 432 (us) 6008.368
Loop 433 (us) 6514.178
Loop 434 (us) 6500.951
Loop 435 (us) 6638.481
Loop 436 (us) 4921.131
Loop 437 (us) 6081.564
Loop 438 (us) 4843.85
Loop 439 (us) 6295.551
Loop 440 (us) 6097.674
Loop 441 (us) 5796.482
Loop 442 (us) 5851.082
Loop 443 (us) 6546.957
Loop 444 (us) 6160.242
Loop 445 (us) 6575.882
Loop 446 (us) 6486.337
Loop 447 (us) 6522.791
Loop 448 (us) 6173.154
Loop 449 (us) 6117.049
Loop 450 (us) 4720.322
Loop 451 (us) 5890.909
Loop 452 (us) 4706.65
Loop 453 (us) 4480.402
Loop 454 (us) 5940.101
Loop 455 (us) 6232.361
Loop 456 (us) 4718.525
Loop 457 (us) 6396.157
Loop 458 (us) 6262.751
Loop 459 (us) 5578.849
Loop 460 (us) 6143.252
Loop 461 (us) 5875.65
Loop 462 (us) 9056.604
Loop 463 (us) 6376.525
Loop 464 (us) 6060.075
Loop 465 (us) 4667.715
Loop 466 (us) 6460.192
Loop 467 (us) 6323.776
Loop 468 (us) 6312.085
Loop 469 (us) 6133.913
Loop 470 (us) 4643.114
Loop 471 (us) 6487.949
Loop 472 (us) 5920.133
Loop 473 (us) 6320.669
Loop 474 (us) 6473.657
Loop 475 (us) 4846.044
Loop 476 (us) 4562.708
Loop 477 (us) 8099.632
Loop 478 (us) 4550.633
Loop 479 (us) 6729.097
Loop 480 (us) 6354.228
Loop 481 (us) 6120.317
Loop 482 (us) 5859.749
Loop 483 (us) 6170.245
Loop 484 (us) 6302.267
Loop 485 (us) 4866.761
Loop 486 (us) 6084.039
Loop 487 (us) 6793.727
Loop 488 (us) 6351.454
Loop 489 (us) 6638.503
Loop 490 (us) 6439.263
Loop 491 (us) 6200.073
Loop 492 (us) 6172.563
Loop 493 (us) 5817.68
Loop 494 (us) 5954.052
Loop 495 (us) 5953.331
Loop 496 (us) 6477.98
Loop 497 (us) 6506.429
Loop 498 (us) 6531.856
Loop 499 (us) 6295.789
Loop 500 (us) 6289.132
Loop 501 (us) 5878.553
Loop 502 (us) 4751.95
Loop 503 (us) 6467.457
Loop 504 (us) 4857.546
Loop 505 (us) 5622.491
Loop 506 (us) 6301.705
Loop 507 (us) 6102.873
Loop 508 (us) 6283.543
Loop 509 (us) 6238.891
Loop 510 (us) 6313.166
Loop 511 (us) 6093.053
Loop 512 (us) 6314.815
Loop 513 (us) 6426.191
Loop 514 (us) 6315.488
Loop 515 (us) 6214.958
Loop 516 (us) 6341.675
Loop 517 (us) 6040.91
Loop 518 (us) 6476.786
Loop 519 (us) 6230.04
Loop 520 (us) 4741.09
Loop 521 (us) 35436.62
Loop 522 (us) 6019.167
Loop 523 (us) 4853.844
Loop 524 (us) 6506.891
Loop 525 (us) 6244.415
Loop 526 (us) 6330.034
Loop 527 (us) 5909.665
Loop 528 (us) 4612.607
Loop 529 (us) 6472.268
Loop 530 (us) 6362.466
Loop 531 (us) 6653.985
Loop 532 (us) 4837.529
Loop 533 (us) 5805.008
Loop 534 (us) 4824.672
Loop 535 (us) 5820.152
Loop 536 (us) 6333.724
Loop 537 (us) 6247.111
Loop 538 (us) 6369.378
Loop 539 (us) 6502.692
Loop 540 (us) 6440.664
Loop 541 (us) 4561.167
Loop 542 (us) 6141.784
Loop 543 (us) 6138.672
Loop 544 (us) 5677.914
Loop 545 (us) 6313.599
Loop 546 (us) 4769.404
Loop 547 (us) 6256.102
Loop 548 (us) 4783.092
Loop 549 (us) 5355.674
Loop 550 (us) 6565.551
Loop 551 (us) 4850.105
Loop 552 (us) 6384.942
Loop 553 (us) 5945.729
Loop 554 (us) 6524.947
Loop 555 (us) 6624.993
Loop 556 (us) 6539.175
Loop 557 (us) 6614.42
Loop 558 (us) 6136.394
Loop 559 (us) 6241.47
Loop 560 (us) 6276.148
Loop 561 (us) 5895.524
Loop 562 (us) 6642.41
Loop 563 (us) 6025.939
Loop 564 (us) 6618.314
Loop 565 (us) 6008.895
Loop 566 (us) 6449.471
Loop 567 (us) 7341.334
Loop 568 (us) 6497.487
Loop 569 (us) 6521.152
Loop 570 (us) 6669.286
Loop 571 (us) 6320.478
Loop 572 (us) 6697.85
Loop 573 (us) 6263.801
Loop 574 (us) 6533.805
Loop 575 (us) 6674.111
Loop 576 (us) 6390.183
Loop 577 (us) 6220.132
Loop 578 (us) 6502.789
Loop 579 (us) 5789.956
Loop 580 (us) 6255.193
Loop 581 (us) 4752.71
Loop 582 (us) 6133.837
Loop 583 (us) 4569.919
Loop 584 (us) 5768.83
Loop 585 (us) 6139.148
Loop 586 (us) 6417.977
Loop 587 (us) 5903.004
Loop 588 (us) 6528.125
Loop 589 (us) 5782.245
Loop 590 (us) 6561.193
Loop 591 (us) 6355.564
Loop 592 (us) 4986.0
Loop 593 (us) 5925.451
Loop 594 (us) 5843.327
Loop 595 (us) 4924.607
Loop 596 (us) 6278.982
Loop 597 (us) 4580.968
Loop 598 (us) 6208.851
Loop 599 (us) 6072.631
Loop 600 (us) 6281.837
Loop 601 (us) 6314.012
Loop 602 (us) 4850.553
Loop 603 (us) 6274.68
Loop 604 (us) 6047.156
Loop 605 (us) 6313.977
Loop 606 (us) 5974.718
Loop 607 (us) 4570.411
Loop 608 (us) 6011.41
Loop 609 (us) 6303.476
Loop 610 (us) 5882.19
Loop 611 (us) 6136.015
Loop 612 (us) 4821.857
Loop 613 (us) 32771.86
Loop 614 (us) 6347.528
Loop 615 (us) 6432.883
Loop 616 (us) 6460.776
Loop 617 (us) 5987.035
Loop 618 (us) 6345.002
Loop 619 (us) 6251.229
Loop 620 (us) 5511.924
Loop 621 (us) 6169.684
Loop 622 (us) 6259.27
Loop 623 (us) 6356.881
Loop 624 (us) 6353.44
Loop 625 (us) 6335.833
Loop 626 (us) 6321.965
Loop 627 (us) 6534.465
Loop 628 (us) 6550.524
Loop 629 (us) 6071.785
Loop 630 (us) 6203.522
Loop 631 (us) 6433.916
Loop 632 (us) 6314.579
Loop 633 (us) 6599.092
Loop 634 (us) 4975.661
Loop 635 (us) 6283.593
Loop 636 (us) 6156.466
Loop 637 (us) 5441.665
Loop 638 (us) 5862.64
Loop 639 (us) 6582.744
Loop 640 (us) 6535.877
Loop 641 (us) 6637.21
Loop 642 (us) 6345.794
Loop 643 (us) 6309.245
Loop 644 (us) 6281.411
Loop 645 (us) 6034.074
Loop 646 (us) 6677.396
Loop 647 (us) 6534.376
Loop 648 (us) 6703.763
Loop 649 (us) 6477.794
Loop 650 (us) 6513.706
Loop 651 (us) 8847.335
Loop 652 (us) 6183.844
Loop 653 (us) 6456.644
Loop 654 (us) 6757.823
Loop 655 (us) 6636.651
Loop 656 (us) 6636.124
Loop 657 (us) 6130.369
Loop 658 (us) 6372.544
Loop 659 (us) 6300.407
Loop 660 (us) 5847.961
Loop 661 (us) 6644.864
Loop 662 (us) 6815.573
Loop 663 (us) 6666.704
Loop 664 (us) 6526.602
Loop 665 (us) 5057.391
Loop 666 (us) 4440.558
Loop 667 (us) 6332.268
Loop 668 (us) 6112.558
Loop 669 (us) 5739.395
Loop 670 (us) 6227.653
Loop 671 (us) 4661.364
Loop 672 (us) 5326.112
Loop 673 (us) 6436.565
Loop 674 (us) 5975.35
Loop 675 (us) 6507.346
Loop 676 (us) 5799.021
Loop 677 (us) 4487.554
Loop 678 (us) 5842.93
Loop 679 (us) 6202.974
Loop 680 (us) 9467.887
Loop 681 (us) 6509.84
Loop 682 (us) 6125.73
Loop 683 (us) 6252.077
Loop 684 (us) 6657.713
Loop 685 (us) 6549.141
Loop 686 (us) 6153.904
Loop 687 (us) 6461.284
Loop 688 (us) 6485.466
Loop 689 (us) 4855.125
Loop 690 (us) 4473.394
Loop 691 (us) 6281.35
Loop 692 (us) 4514.497
Loop 693 (us) 5708.804
Loop 694 (us) 6180.641
Loop 695 (us) 6082.915
Loop 696 (us) 4660.332
Loop 697 (us) 4538.059
Loop 698 (us) 6438.754
Loop 699 (us) 6274.573
Loop 700 (us) 6373.199
Loop 701 (us) 6159.384
Loop 702 (us) 6674.316
Loop 703 (us) 6482.721
Loop 704 (us) 6473.268
Loop 705 (us) 6556.702
Loop 706 (us) 6653.371
Loop 707 (us) 4880.775
Loop 708 (us) 6340.356
Loop 709 (us) 6238.137
Loop 710 (us) 6182.741
Loop 711 (us) 4642.571
Loop 712 (us) 6392.168
Loop 713 (us) 5946.354
Loop 714 (us) 5970.466
Loop 715 (us) 6151.093
Loop 716 (us) 5929.008
Loop 717 (us) 6414.314
Loop 718 (us) 6310.492
Loop 719 (us) 6428.772
Loop 720 (us) 6086.057
Loop 721 (us) 4483.291
Loop 722 (us) 5839.65
Loop 723 (us) 5326.059
Loop 724 (us) 6147.57
Loop 725 (us) 5408.969
Loop 726 (us) 6461.816
Loop 727 (us) 6263.153
Loop 728 (us) 6246.388
Loop 729 (us) 6244.968
Loop 730 (us) 6272.271
Loop 731 (us) 6279.807
Loop 732 (us) 4647.644
Loop 733 (us) 6429.082
Loop 734 (us) 5721.127
Loop 735 (us) 4512.769
Loop 736 (us) 5856.181
Loop 737 (us) 4702.976
Loop 738 (us) 6248.428
Loop 739 (us) 6264.253
Loop 740 (us) 6497.345
Loop 741 (us) 6077.494
Loop 742 (us) 4498.063
Loop 743 (us) 6032.566
Loop 744 (us) 6416.683
Loop 745 (us) 6038.115
Loop 746 (us) 6178.278
Loop 747 (us) 6282.299
Loop 748 (us) 5442.476
Loop 749 (us) 4627.458
Loop 750 (us) 6455.653
Loop 751 (us) 6310.875
Loop 752 (us) 5684.163
Loop 753 (us) 6190.828
Loop 754 (us) 6332.689
Loop 755 (us) 6252.997
Loop 756 (us) 4651.821
Loop 757 (us) 5558.498
Loop 758 (us) 5996.049
Loop 759 (us) 6497.392
Loop 760 (us) 6658.82
Loop 761 (us) 6447.681
Loop 762 (us) 6540.245
Loop 763 (us) 5790.711
Loop 764 (us) 6281.543
Loop 765 (us) 6405.941
Loop 766 (us) 6195.568
Loop 767 (us) 6022.328
Loop 768 (us) 5883.044
Loop 769 (us) 6233.101
Loop 770 (us) 6623.513
Loop 771 (us) 6439.686
Loop 772 (us) 6457.244
Loop 773 (us) 6118.001
Loop 774 (us) 4653.521
Loop 775 (us) 5869.893
Loop 776 (us) 45015.491
Loop 777 (us) 5974.517
Loop 778 (us) 4659.985
Loop 779 (us) 6289.23
Loop 780 (us) 6380.948
Loop 781 (us) 6124.625
Loop 782 (us) 6373.488
Loop 783 (us) 6297.176
Loop 784 (us) 5925.183
Loop 785 (us) 6307.641
Loop 786 (us) 6396.351
Loop 787 (us) 6463.905
Loop 788 (us) 6409.127
Loop 789 (us) 4629.093
Loop 790 (us) 6137.972
Loop 791 (us) 6110.916
Loop 792 (us) 6430.033
Loop 793 (us) 6297.569
Loop 794 (us) 6136.846
Loop 795 (us) 6568.654
Loop 796 (us) 6216.836
Loop 797 (us) 4685.799
Loop 798 (us) 6434.993
Loop 799 (us) 6107.739
Loop 800 (us) 6686.574
Loop 801 (us) 6604.975
Loop 802 (us) 6381.219
Loop 803 (us) 6651.185
Loop 804 (us) 6714.51
Loop 805 (us) 6123.003
Loop 806 (us) 6408.676
Loop 807 (us) 6185.46
Loop 808 (us) 6474.069
Loop 809 (us) 6580.138
Loop 810 (us) 6340.279
Loop 811 (us) 6689.94
Loop 812 (us) 6441.633
Loop 813 (us) 6532.976
Loop 814 (us) 6651.276
Loop 815 (us) 6279.992
Loop 816 (us) 6197.117
Loop 817 (us) 6232.626
Loop 818 (us) 6641.271
Loop 819 (us) 6130.641
Loop 820 (us) 6223.209
Loop 821 (us) 6632.98
Loop 822 (us) 4849.524
Loop 823 (us) 8981.363
Loop 824 (us) 6189.29
Loop 825 (us) 6508.052
Loop 826 (us) 5452.4
Loop 827 (us) 4539.334
Loop 828 (us) 5817.443
Loop 829 (us) 6272.044
Loop 830 (us) 4568.03
Loop 831 (us) 6228.533
Loop 832 (us) 4834.014
Loop 833 (us) 10012.516
Loop 834 (us) 6329.409
Loop 835 (us) 6580.375
Loop 836 (us) 6355.577
Loop 837 (us) 4604.106
Loop 838 (us) 6413.301
Loop 839 (us) 6216.478
Loop 840 (us) 21288.174
Loop 841 (us) 6016.442
Loop 842 (us) 4852.501
Loop 843 (us) 6646.837
Loop 844 (us) 6426.232
Loop 845 (us) 6530.329
Loop 846 (us) 6552.038
Loop 847 (us) 6639.325
Loop 848 (us) 6669.73
Loop 849 (us) 4754.478
Loop 850 (us) 5986.55
Loop 851 (us) 4686.266
Loop 852 (us) 5829.222
Loop 853 (us) 4855.074
Loop 854 (us) 6291.87
Loop 855 (us) 6085.49
Loop 856 (us) 5890.345
Loop 857 (us) 6167.418
Loop 858 (us) 6386.014
Loop 859 (us) 5723.446
Loop 860 (us) 6005.197
Loop 861 (us) 6137.035
Loop 862 (us) 4655.385
Loop 863 (us) 6440.809
Loop 864 (us) 6043.956
Loop 865 (us) 4618.026
Loop 866 (us) 6105.705
Loop 867 (us) 45186.144
Loop 868 (us) 6081.834
Loop 869 (us) 4534.64
Loop 870 (us) 6100.251
Loop 871 (us) 5938.816
Loop 872 (us) 4816.384
Loop 873 (us) 4422.439
Loop 874 (us) 6272.158
Loop 875 (us) 4646.829
Loop 876 (us) 6296.498
Loop 877 (us) 5653.372
Loop 878 (us) 6084.856
Loop 879 (us) 6279.358
Loop 880 (us) 6114.948
Loop 881 (us) 6150.739
Loop 882 (us) 5811.363
Loop 883 (us) 6443.295
Loop 884 (us) 5739.735
Loop 885 (us) 6122.54
Loop 886 (us) 6428.76
Loop 887 (us) 4838.782
Loop 888 (us) 6286.299
Loop 889 (us) 5927.662
Loop 890 (us) 5942.862
Loop 891 (us) 4561.974
Loop 892 (us) 6370.796
Loop 893 (us) 5681.763
Loop 894 (us) 6308.944
Loop 895 (us) 6259.553
Loop 896 (us) 6134.202
Loop 897 (us) 5964.435
Loop 898 (us) 6057.834
Loop 899 (us) 6388.561
Loop 900 (us) 6069.658
Loop 901 (us) 6626.053
Loop 902 (us) 6514.708
Loop 903 (us) 6154.344
Loop 904 (us) 6320.711
Loop 905 (us) 4897.712
Loop 906 (us) 6308.929
Loop 907 (us) 6785.851
Loop 908 (us) 6213.07
Loop 909 (us) 6574.473
Loop 910 (us) 4664.538
Loop 911 (us) 6198.958
Loop 912 (us) 6354.046
Loop 913 (us) 6322.818
Loop 914 (us) 6291.581
Loop 915 (us) 6432.158
Loop 916 (us) 6466.713
Loop 917 (us) 6632.249
Loop 918 (us) 6220.588
Loop 919 (us) 5785.785
Loop 920 (us) 6067.169
Loop 921 (us) 6286.53
Loop 922 (us) 4592.005
Loop 923 (us) 6133.576
Loop 924 (us) 6117.813
Loop 925 (us) 5881.164
Loop 926 (us) 6024.149
Loop 927 (us) 6630.458
Loop 928 (us) 6503.772
Loop 929 (us) 6463.612
Loop 930 (us) 6467.934
Loop 931 (us) 4939.374
Loop 932 (us) 6128.799
Loop 933 (us) 6133.646
Loop 934 (us) 6027.865
Loop 935 (us) 5688.054
Loop 936 (us) 6465.261
Loop 937 (us) 6452.317
Loop 938 (us) 6067.447
Loop 939 (us) 6518.627
Loop 940 (us) 6260.009
Loop 941 (us) 6349.863
Loop 942 (us) 6522.153
Loop 943 (us) 6620.572
Loop 944 (us) 6161.738
Loop 945 (us) 6179.459
Loop 946 (us) 6179.541
Loop 947 (us) 6655.938
Loop 948 (us) 6512.366
Loop 949 (us) 4853.08
Loop 950 (us) 6081.35
Loop 951 (us) 6431.468
Loop 952 (us) 29507.504
Loop 953 (us) 6326.064
Loop 954 (us) 6012.875
Loop 955 (us) 5767.051
Loop 956 (us) 32353.676
Loop 957 (us) 6395.226
Loop 958 (us) 5960.037
Loop 959 (us) 6600.952
Loop 960 (us) 6387.418
Loop 961 (us) 6318.862
Loop 962 (us) 6734.743
Loop 963 (us) 6528.607
Loop 964 (us) 4989.3
Loop 965 (us) 6319.023
Loop 966 (us) 6144.788
Loop 967 (us) 4584.031
Loop 968 (us) 6163.33
Loop 969 (us) 4531.34
Loop 970 (us) 6169.455
Loop 971 (us) 6401.24
Loop 972 (us) 6241.864
Loop 973 (us) 6133.222
Loop 974 (us) 5582.144
Loop 975 (us) 6452.115
Loop 976 (us) 6246.039
Loop 977 (us) 6247.63
Loop 978 (us) 6245.188
Loop 979 (us) 6217.105
Loop 980 (us) 6596.393
Loop 981 (us) 4850.146
Loop 982 (us) 6327.174
Loop 983 (us) 6133.226
Loop 984 (us) 4571.894
Loop 985 (us) 6396.317
Loop 986 (us) 4640.841
Loop 987 (us) 6263.594
Loop 988 (us) 4666.186
Loop 989 (us) 6295.055
Loop 990 (us) 6113.791
Loop 991 (us) 6376.582
Loop 992 (us) 6296.093
Loop 993 (us) 6460.539
Loop 994 (us) 6308.158
Loop 995 (us) 6090.348
Loop 996 (us) 6480.19
Loop 997 (us) 6052.665
Loop 998 (us) 4695.259
Loop 999 (us) 5612.305
Warmup times 0
avgLoopLatency(us) 6534.408155
iops 153.0360479907916
variance 3846.5052455527616
Loop 0 [6510823, 10, 5096596, 57891, 34587, 1319629]
Loop 1 [6495684, 11, 5087124, 66949, 35980, 1303511]
Loop 2 [6504560, 23, 5004134, 58616, 47227, 1391647]
Loop 3 [6338219, 10, 4919287, 66967, 44378, 1304904]
Loop 4 [6537767, 22, 5046779, 63029, 47618, 1377244]
Loop 5 [46063970, 11, 44607193, 115505, 59134, 1279532]
Loop 6 [5927247, 10, 4491681, 85012, 56201, 1292001]
Loop 7 [6565496, 21, 5042617, 86893, 66144, 1367484]
Loop 8 [4707177, 21, 3213464, 85356, 39827, 1366299]
Loop 9 [4363691, 21, 2875013, 71097, 37045, 1378560]
Loop 10 [6440895, 9, 5011186, 81634, 66257, 1279078]
Loop 11 [4856082, 9, 3425829, 88059, 42080, 1298038]
Loop 12 [6300088, 22, 4804675, 82231, 61885, 1348583]
Loop 13 [6135195, 23, 4632033, 85473, 53047, 1361955]
Loop 14 [6121995, 22, 4631243, 77570, 51139, 1359358]
Loop 15 [6437103, 11, 5000043, 80393, 59222, 1294334]
Loop 16 [4799461, 11, 3376379, 76907, 38251, 1306374]
Loop 17 [6292280, 10, 4864696, 75437, 51289, 1298858]
Loop 18 [6268687, 21, 4768140, 82193, 48309, 1367811]
Loop 19 [6128852, 23, 4633386, 77607, 46910, 1368472]
Loop 20 [6088597, 10, 4657348, 80083, 59850, 1288530]
Loop 21 [6347430, 9, 4930538, 67145, 35987, 1311092]
Loop 22 [32464008, 10, 31026348, 91242, 35743, 1308798]
Loop 23 [4870760, 10, 3302182, 222723, 49408, 1293322]
Loop 24 [5787074, 11, 4352027, 84006, 56061, 1292804]
Loop 25 [6347428, 9, 4904774, 89901, 53745, 1297003]
Loop 26 [6364997, 23, 4845790, 89414, 60354, 1366418]
Loop 27 [56745972, 10, 54702686, 698845, 55805, 1285479]
Loop 28 [6098043, 9, 4642456, 91957, 54895, 1307047]
Loop 29 [6735461, 21, 5065122, 216429, 151180, 1297176]
Loop 30 [6564007, 9, 5057776, 164853, 70819, 1267298]
Loop 31 [6569612, 23, 5028915, 94014, 63649, 1380217]
Loop 32 [10524611, 21, 8814392, 252328, 53425, 1401687]
Loop 33 [6290843, 22, 4756067, 91058, 57364, 1383251]
Loop 34 [4842948, 22, 3202404, 158894, 113941, 1357823]
Loop 35 [4485687, 22, 2918886, 154961, 36357, 1373307]
Loop 36 [6470849, 11, 5027476, 77726, 116281, 1246421]
Loop 37 [4714886, 11, 3277202, 86136, 85483, 1264927]
Loop 38 [6119619, 22, 4548327, 158652, 53938, 1356568]
Loop 39 [8277425, 11, 6789102, 106330, 109683, 1269903]
Loop 40 [6647292, 21, 5024321, 194778, 60218, 1365198]
Loop 41 [5042528, 21, 3319404, 290038, 50920, 1378981]
Loop 42 [6435772, 10, 5005042, 81612, 57494, 1288466]
Loop 43 [6010885, 22, 4513171, 87336, 54721, 1353922]
Loop 44 [6163046, 23, 4641709, 104943, 53424, 1360805]
Loop 45 [6135577, 22, 4644297, 87128, 49629, 1352065]
Loop 46 [5567733, 22, 4033255, 115078, 39140, 1379044]
Loop 47 [6456459, 10, 4992518, 120045, 55884, 1284935]
Loop 48 [6168450, 22, 4576614, 163091, 108703, 1315399]
Loop 49 [5847098, 23, 4234676, 168670, 113415, 1328386]
Loop 50 [6238817, 21, 4660392, 173340, 52439, 1349987]
Loop 51 [6613464, 11, 5174034, 84835, 68877, 1282820]
Loop 52 [6135887, 21, 4596311, 95428, 64981, 1376181]
Loop 53 [6328985, 11, 4892504, 84779, 96335, 1253101]
Loop 54 [6593978, 9, 5084364, 146035, 60936, 1300287]
Loop 55 [8267305, 11, 6569968, 341316, 61007, 1290448]
Loop 56 [6634132, 10, 5043127, 95178, 57497, 1282402]
Loop 57 [6419598, 11, 4934167, 98608, 56853, 1287273]
Loop 58 [6114607, 10, 4607379, 97358, 132158, 1251283]
Loop 59 [5074316, 10, 3558495, 176141, 42463, 1295459]
Loop 60 [6312147, 23, 4797334, 82453, 95556, 1334227]
Loop 61 [6021713, 10, 4466180, 184082, 77989, 1291166]
Loop 62 [6597402, 21, 5034412, 126072, 117584, 1316522]
Loop 63 [6593027, 9, 5056846, 183566, 64704, 1285584]
Loop 64 [37178334, 9, 35610205, 196073, 65318, 1298476]
Loop 65 [4578000, 9, 3091742, 129831, 53030, 1302233]
Loop 66 [4690747, 9, 3202509, 137919, 50534, 1298004]
Loop 67 [4694276, 9, 3224375, 116365, 79364, 1272670]
Loop 68 [6435223, 21, 4815162, 174899, 96946, 1345216]
Loop 69 [6008626, 9, 4576025, 87265, 64032, 1278336]
Loop 70 [6105721, 21, 4620145, 83844, 54768, 1345095]
Loop 71 [6650493, 10, 5200414, 95160, 68052, 1283245]
Loop 72 [6012327, 21, 4456057, 117346, 59705, 1376231]
Loop 73 [6431920, 11, 4996508, 79648, 60664, 1292934]
Loop 74 [6045042, 21, 4507853, 121272, 55847, 1356702]
Loop 75 [10787849, 23, 9265489, 100838, 49568, 1369609]
Loop 76 [5633234, 21, 4138888, 84770, 52208, 1355185]
Loop 77 [6261371, 23, 4734845, 83585, 52285, 1388329]
Loop 78 [4703625, 23, 3190001, 86004, 37556, 1388301]
Loop 79 [6216388, 22, 4654416, 146904, 80531, 1329171]
Loop 80 [6513926, 10, 5040714, 107572, 113047, 1249723]
Loop 81 [5889998, 23, 4318061, 150616, 53659, 1365469]
Loop 82 [6164967, 22, 4658305, 86940, 55155, 1358560]
Loop 83 [6477562, 9, 5039574, 81836, 55940, 1298036]
Loop 84 [4924953, 9, 3439147, 138720, 73684, 1271804]
Loop 85 [6178755, 23, 4642168, 107905, 51761, 1374929]
Loop 86 [5881872, 10, 4442579, 91568, 58773, 1286545]
Loop 87 [6326354, 11, 4889946, 87919, 55062, 1291359]
Loop 88 [6322595, 22, 4803371, 81236, 56392, 1379044]
Loop 89 [6172605, 21, 4655942, 77891, 51055, 1385609]
Loop 90 [6199037, 23, 4658341, 84650, 122258, 1331414]
Loop 91 [6495289, 10, 5002329, 143299, 52766, 1294821]
Loop 92 [6188241, 21, 4673118, 83722, 52152, 1377110]
Loop 93 [4558471, 21, 3056938, 80322, 40251, 1379406]
Loop 94 [6387969, 9, 4961835, 75753, 52787, 1294995]
Loop 95 [6296807, 23, 4827324, 62045, 40535, 1364384]
Loop 96 [6150244, 22, 4664444, 62812, 33949, 1386713]
Loop 97 [5959204, 21, 4470659, 66613, 34340, 1384935]
Loop 98 [6545813, 11, 5144413, 63963, 42749, 1292396]
Loop 99 [6050295, 21, 4558873, 70351, 45380, 1372853]
Loop 100 [6256133, 11, 4838138, 71037, 52676, 1291771]
Loop 101 [6321443, 21, 4821632, 70131, 40815, 1386348]
Loop 102 [6302065, 23, 4808105, 69178, 36558, 1385870]
Loop 103 [6415003, 11, 4992572, 67790, 45379, 1306288]
Loop 104 [6464040, 10, 5043180, 66783, 39095, 1312702]
Loop 105 [6522452, 22, 5013482, 70057, 46488, 1389957]
Loop 106 [6266268, 11, 4841493, 71933, 51564, 1298446]
Loop 107 [6417689, 23, 4912712, 70579, 41941, 1389936]
Loop 108 [6678062, 11, 5238122, 68099, 61229, 1308340]
Loop 109 [5020030, 11, 3594015, 74695, 33179, 1317058]
Loop 110 [6292410, 21, 4803487, 65884, 35767, 1385175]
Loop 111 [5824416, 11, 4415207, 63007, 39773, 1303475]
Loop 112 [6325067, 23, 4822272, 73143, 39178, 1388183]
Loop 113 [6397913, 11, 4970061, 70670, 44136, 1310632]
Loop 114 [6187396, 23, 4691422, 69936, 41400, 1382606]
Loop 115 [6778847, 9, 5317789, 72101, 43925, 1302760]
Loop 116 [22401220, 22, 20741378, 186382, 82737, 1379814]
Loop 117 [6542435, 9, 5098951, 89680, 69455, 1281049]
Loop 118 [6299296, 21, 4777195, 91877, 55306, 1372908]
Loop 119 [4769526, 21, 3241551, 94848, 42078, 1389560]
Loop 120 [6469708, 11, 5011064, 116373, 65409, 1274283]
Loop 121 [6348013, 9, 4914128, 86502, 54908, 1290398]
Loop 122 [6173998, 11, 4721403, 89873, 59312, 1301186]
Loop 123 [6127681, 9, 4678303, 93352, 56498, 1297320]
Loop 124 [5017150, 9, 3540075, 124234, 42304, 1308938]
Loop 125 [6349715, 23, 4833212, 84104, 91406, 1337952]
Loop 126 [6602557, 9, 5119732, 87891, 123380, 1268851]
Loop 127 [6352619, 21, 4817754, 80744, 131356, 1320401]
Loop 128 [6715406, 10, 5192154, 170189, 63057, 1286850]
Loop 129 [6578330, 9, 5091382, 122367, 57440, 1305075]
Loop 130 [6571187, 21, 5051246, 91635, 61200, 1363752]
Loop 131 [6376744, 9, 4929810, 86771, 58446, 1298961]
Loop 132 [6457558, 11, 5042719, 72932, 40304, 1299238]
Loop 133 [4993070, 11, 3564506, 75317, 33447, 1318322]
Loop 134 [5741986, 9, 4320046, 66189, 36763, 1316676]
Loop 135 [6265628, 23, 4786444, 68379, 33344, 1375342]
Loop 136 [6164393, 11, 4751576, 63772, 40127, 1306211]
Loop 137 [6444001, 9, 5030900, 72826, 36638, 1301691]
Loop 138 [6038317, 23, 4542816, 72474, 38102, 1382960]
Loop 139 [6241784, 21, 4755587, 67851, 37103, 1379118]
Loop 140 [6186512, 23, 4677842, 71664, 37070, 1397069]
Loop 141 [6278705, 22, 4771978, 67616, 34627, 1402031]
Loop 142 [5842798, 23, 4350157, 65538, 37555, 1387100]
Loop 143 [6576369, 9, 5162140, 69157, 42269, 1300624]
Loop 144 [6578683, 23, 5066301, 76062, 44117, 1389378]
Loop 145 [4663423, 23, 3161044, 71110, 27417, 1402358]
Loop 146 [6379776, 11, 4983601, 54709, 38894, 1300397]
Loop 147 [6335839, 10, 4928631, 64895, 34764, 1305383]
Loop 148 [4823089, 10, 3418134, 59969, 29390, 1314174]
Loop 149 [7087767, 23, 5600431, 65083, 35780, 1384431]
Loop 150 [6425777, 11, 5014981, 64223, 41617, 1302372]
Loop 151 [6148224, 10, 4725345, 60299, 34266, 1305446]
Loop 152 [4839660, 10, 3424409, 69925, 34606, 1309337]
Loop 153 [20728351, 22, 19080889, 209974, 57818, 1374874]
Loop 154 [5575748, 23, 4041605, 111166, 53318, 1367059]
Loop 155 [4642196, 23, 3135494, 81395, 37754, 1386049]
Loop 156 [6435281, 9, 4973249, 84240, 142085, 1232796]
Loop 157 [6380795, 22, 4791947, 174317, 56471, 1355780]
Loop 158 [6024162, 9, 4567778, 104423, 62954, 1285383]
Loop 159 [4760640, 9, 3245262, 168394, 43330, 1302329]
Loop 160 [6301695, 21, 4790657, 86971, 59615, 1361647]
Loop 161 [6532220, 10, 5044554, 117559, 117113, 1249884]
Loop 162 [6027023, 21, 4465671, 148582, 73100, 1337190]
Loop 163 [6439816, 11, 4969416, 111476, 57016, 1298694]
Loop 164 [5878477, 10, 4442473, 79387, 50846, 1303604]
Loop 165 [4680744, 10, 3243722, 86022, 37475, 1312425]
Loop 166 [6313218, 11, 4885302, 78972, 51033, 1295764]
Loop 167 [5769222, 10, 4339759, 84783, 51377, 1290896]
Loop 168 [21894838, 23, 20374246, 95450, 54220, 1368009]
Loop 169 [5889267, 9, 4467486, 68144, 45342, 1304922]
Loop 170 [6203458, 10, 4775891, 72569, 38216, 1314764]
Loop 171 [4854480, 10, 3441434, 70012, 30821, 1310914]
Loop 172 [6304771, 21, 4804830, 65623, 36024, 1396225]
Loop 173 [6255585, 23, 4648034, 155899, 71764, 1375099]
Loop 174 [6181214, 22, 4648883, 108873, 52439, 1368880]
Loop 175 [6038911, 10, 4561792, 113288, 114884, 1246709]
Loop 176 [6549263, 11, 5029588, 170383, 57180, 1289335]
Loop 177 [6120714, 9, 4681415, 82720, 54634, 1300037]
Loop 178 [6551852, 21, 5017774, 89354, 64801, 1376953]
Loop 179 [6655891, 10, 5219109, 83967, 63819, 1286569]
Loop 180 [5867191, 11, 4379769, 97103, 123562, 1264507]
Loop 181 [6633928, 9, 5073457, 205817, 55252, 1297167]
Loop 182 [6363660, 11, 4887093, 91805, 123972, 1258620]
Loop 183 [6534588, 22, 5008296, 93278, 53669, 1377160]
Loop 184 [4696820, 22, 3185468, 83302, 39085, 1387111]
Loop 185 [6202162, 21, 4673773, 83407, 107100, 1335911]
Loop 186 [5875628, 22, 4313413, 147307, 49308, 1363244]
Loop 187 [6367705, 11, 4925500, 87555, 57551, 1294384]
Loop 188 [6168616, 9, 4727526, 90216, 50498, 1297802]
Loop 189 [6499575, 23, 4996046, 69601, 38480, 1393374]
Loop 190 [6624786, 10, 5199181, 69956, 48467, 1304204]
Loop 191 [4868551, 10, 3451159, 69673, 32964, 1313346]
Loop 192 [22771104, 23, 21204990, 140065, 38725, 1385186]
Loop 193 [6160060, 10, 4740451, 68421, 39329, 1309810]
Loop 194 [6580054, 21, 5069075, 70555, 39184, 1399251]
Loop 195 [6297222, 22, 4804929, 68715, 37607, 1383615]
Loop 196 [6581707, 11, 5157176, 71877, 47608, 1302756]
Loop 197 [6466677, 9, 5056949, 67341, 38717, 1301861]
Loop 198 [6517524, 10, 5089252, 73615, 40826, 1311503]
Loop 199 [6471487, 11, 4949136, 156640, 64140, 1296752]
Loop 200 [6005865, 23, 4486040, 88598, 57264, 1371299]
Loop 201 [4727131, 23, 3130055, 165877, 42060, 1387193]
Loop 202 [6157768, 22, 4660806, 82133, 52499, 1360091]
Loop 203 [4562002, 22, 3064402, 86250, 38836, 1370798]
Loop 204 [6444964, 10, 5025324, 77060, 55803, 1284938]
Loop 205 [6023798, 22, 4505528, 86964, 55596, 1373357]
Loop 206 [6193850, 10, 4722732, 118265, 58941, 1291426]
Loop 207 [6357252, 21, 4852060, 86844, 56822, 1358900]
Loop 208 [4576062, 21, 3075080, 85452, 39510, 1374071]
Loop 209 [6412419, 9, 4983469, 82165, 51310, 1293518]
Loop 210 [22095568, 23, 20542851, 129711, 56842, 1361359]
Loop 211 [4469423, 23, 2985754, 77984, 35251, 1369058]
Loop 212 [6174589, 21, 4628351, 121927, 79332, 1342685]
Loop 213 [6468152, 10, 4990491, 133090, 56532, 1285165]
Loop 214 [4825569, 10, 3380884, 88304, 42564, 1312047]
Loop 215 [6269950, 23, 4764361, 81106, 52543, 1370016]
Loop 216 [6163291, 22, 4650344, 92525, 49278, 1368981]
Loop 217 [5869395, 23, 4361810, 84896, 52261, 1368362]
Loop 218 [5671867, 21, 4166247, 84561, 51711, 1367197]
Loop 219 [5645202, 23, 4096421, 121656, 114220, 1310715]
Loop 220 [6521362, 11, 5009047, 167734, 49665, 1292687]
Loop 221 [17972165, 22, 16451925, 99784, 49261, 1368664]
Loop 222 [5987624, 10, 4553418, 82857, 57146, 1291698]
Loop 223 [6500609, 9, 5053825, 93081, 55109, 1296756]
Loop 224 [6578275, 21, 5011168, 95618, 126354, 1342957]
Loop 225 [6468768, 10, 4924844, 181779, 54567, 1304988]
Loop 226 [4927707, 10, 3512494, 71797, 33360, 1308134]
Loop 227 [6478587, 22, 4861975, 173860, 103708, 1333846]
Loop 228 [6246848, 23, 4640408, 175316, 99465, 1328904]
Loop 229 [6519237, 10, 5010136, 169907, 58085, 1278861]
Loop 230 [4973473, 10, 3536849, 96791, 45582, 1292772]
Loop 231 [6326273, 21, 4800287, 79952, 107527, 1336254]
Loop 232 [4690723, 21, 3101965, 178905, 36580, 1371799]
Loop 233 [8828574, 11, 7410451, 82059, 52838, 1281504]
Loop 234 [4848062, 11, 3411294, 85520, 41652, 1308081]
Loop 235 [6287604, 23, 4775834, 89094, 52556, 1368058]
Loop 236 [4496900, 23, 3006079, 82417, 37063, 1369702]
Loop 237 [4331975, 23, 2775836, 127885, 35643, 1391153]
Loop 238 [6137868, 21, 4659774, 76015, 48817, 1351259]
Loop 239 [6128158, 22, 4636081, 86430, 52019, 1351514]
Loop 240 [6483978, 11, 4993000, 133612, 93775, 1258777]
Loop 241 [6167396, 23, 4617459, 128248, 53047, 1366334]
Loop 242 [4541777, 23, 3023434, 111442, 37987, 1367365]
Loop 243 [5861746, 22, 4349003, 83003, 56989, 1370481]
Loop 244 [5686752, 21, 4171251, 86824, 50604, 1375543]
Loop 245 [6431178, 9, 4995500, 84959, 64203, 1283742]
Loop 246 [5801205, 21, 4273865, 92335, 63572, 1368222]
Loop 247 [6241727, 23, 4678895, 126994, 52706, 1380628]
Loop 248 [4719176, 23, 3218361, 91104, 42938, 1364863]
Loop 249 [5810711, 21, 4317958, 76927, 51874, 1361754]
Loop 250 [4620974, 21, 3111090, 86732, 34781, 1386946]
Loop 251 [6212331, 9, 4785233, 76813, 61206, 1286291]
Loop 252 [6190995, 22, 4643010, 82512, 130284, 1332051]
Loop 253 [5905663, 23, 4293626, 176105, 47808, 1385737]
Loop 254 [6072113, 22, 4538346, 78393, 120394, 1332466]
Loop 255 [4635517, 22, 3061341, 158586, 72702, 1341565]
Loop 256 [6106394, 23, 4637439, 59459, 33474, 1373866]
Loop 257 [6459237, 10, 5048447, 62261, 44079, 1302232]
Loop 258 [6281168, 11, 4878098, 64540, 35974, 1300441]
Loop 259 [5777018, 23, 4278485, 67973, 45339, 1382322]
Loop 260 [6224310, 10, 4817644, 61640, 43696, 1299042]
Loop 261 [6341433, 21, 4869413, 64603, 35282, 1369849]
Loop 262 [35328266, 11, 33587627, 348465, 78142, 1303768]
Loop 263 [4793840, 11, 3360454, 89581, 42656, 1299748]
Loop 264 [6322886, 10, 4887166, 81981, 57664, 1293993]
Loop 265 [6347229, 22, 4843820, 80916, 57895, 1361851]
Loop 266 [4610962, 22, 3127716, 82467, 37278, 1362149]
Loop 267 [6403107, 9, 4965976, 78244, 127842, 1229375]
Loop 268 [6390704, 23, 4800123, 167042, 57010, 1363769]
Loop 269 [6435776, 10, 5013878, 77887, 59542, 1282499]
Loop 270 [6302510, 22, 4788826, 89356, 52529, 1369725]
Loop 271 [6511087, 11, 5071452, 84124, 61667, 1291099]
Loop 272 [6557326, 21, 5029268, 99545, 53828, 1372853]
Loop 273 [6076065, 10, 4640487, 81993, 60077, 1290928]
Loop 274 [6508525, 9, 5053706, 90105, 57711, 1304474]
Loop 275 [6051601, 22, 4519779, 100282, 53364, 1375770]
Loop 276 [6624140, 11, 5192826, 79722, 67441, 1281139]
Loop 277 [6538514, 9, 5094751, 92268, 53879, 1295453]
Loop 278 [6419907, 11, 4998053, 72287, 38857, 1308139]
Loop 279 [5045281, 11, 3608525, 81091, 34608, 1318199]
Loop 280 [6333918, 21, 4844168, 69601, 42636, 1375262]
Loop 281 [5820316, 11, 4414484, 57603, 48005, 1297184]
Loop 282 [6365346, 22, 4866498, 75188, 46454, 1374089]
Loop 283 [4727766, 22, 3229071, 63089, 30930, 1403089]
Loop 284 [6422355, 11, 5005545, 60909, 49144, 1303515]
Loop 285 [6250070, 9, 4834761, 66950, 39583, 1306167]
Loop 286 [6528004, 23, 5013775, 75199, 47244, 1388824]
Loop 287 [6126168, 22, 4650970, 59515, 34928, 1378861]
Loop 288 [6119831, 23, 4619687, 67038, 34517, 1396164]
Loop 289 [7367734, 23, 5807009, 147637, 28575, 1383576]
Loop 290 [6425628, 10, 5015777, 59354, 47444, 1300151]
Loop 291 [6316847, 22, 4833716, 70105, 37958, 1372930]
Loop 292 [6157671, 10, 4740437, 59374, 43164, 1311684]
Loop 293 [6374771, 9, 4957486, 69847, 37086, 1308118]
Loop 294 [6072645, 23, 4589621, 68644, 38793, 1373933]
Loop 295 [6360371, 9, 4944089, 69515, 44183, 1299713]
Loop 296 [4905151, 9, 3487414, 71661, 33903, 1310549]
Loop 297 [6275918, 21, 4796389, 65998, 34928, 1376528]
Loop 298 [6006118, 9, 4587380, 59985, 40851, 1315734]
Loop 299 [4758033, 9, 3235579, 163349, 48754, 1307153]
Loop 300 [6074711, 21, 4541425, 115664, 54036, 1361654]
Loop 301 [6537847, 11, 5079923, 84752, 139646, 1231125]
Loop 302 [4815149, 11, 3302027, 167051, 41923, 1302629]
Loop 303 [6082818, 21, 4582643, 94010, 53571, 1351012]
Loop 304 [6197169, 11, 4762525, 81100, 57875, 1293384]
Loop 305 [4833965, 11, 3397246, 90256, 41823, 1302993]
Loop 306 [6437555, 10, 4941818, 124689, 119852, 1248567]
Loop 307 [6437637, 22, 4811669, 188008, 52245, 1383986]
Loop 308 [6147936, 23, 4650454, 81364, 51146, 1362953]
Loop 309 [6156592, 10, 4734507, 79086, 50678, 1290080]
Loop 310 [6394739, 11, 4959718, 85022, 51791, 1296054]
Loop 311 [4862129, 11, 3413060, 74811, 87406, 1285045]
Loop 312 [6427390, 9, 4916336, 152302, 102181, 1254621]
Loop 313 [6394146, 21, 4817702, 168679, 52610, 1352806]
Loop 314 [4512291, 21, 3027341, 72540, 34879, 1376382]
Loop 315 [6293082, 10, 4885750, 61157, 43107, 1300425]
Loop 316 [4793427, 10, 3397790, 57795, 25062, 1311515]
Loop 317 [4416251, 10, 3025323, 55381, 25060, 1309021]
Loop 318 [6260797, 21, 4778150, 57205, 34911, 1389037]
Loop 319 [6477973, 11, 5074252, 66592, 41690, 1292148]
Loop 320 [5966843, 10, 4559083, 58055, 30200, 1317027]
Loop 321 [6489748, 22, 4983816, 70741, 45764, 1387391]
Loop 322 [4736779, 22, 3232439, 78572, 32152, 1391641]
Loop 323 [5741779, 21, 4266586, 63372, 36568, 1373377]
Loop 324 [4518905, 21, 3038943, 66068, 26046, 1386889]
Loop 325 [5621352, 22, 4146974, 64533, 36839, 1371220]
Loop 326 [5474794, 21, 3989135, 69325, 37928, 1376294]
Loop 327 [6165563, 11, 4740674, 73023, 48971, 1300267]
Loop 328 [6513719, 9, 5100049, 62141, 35142, 1314400]
Loop 329 [6476534, 10, 5064261, 62482, 37230, 1310317]
Loop 330 [4974611, 10, 3554145, 71889, 30737, 1316363]
Loop 331 [6282319, 22, 4809671, 58473, 35483, 1376509]
Loop 332 [6145672, 23, 4660456, 67577, 34079, 1381634]
Loop 333 [6420514, 11, 5006738, 64805, 43883, 1302215]
Loop 334 [6160014, 22, 4676061, 62649, 38944, 1380130]
Loop 335 [8049855, 21, 6476259, 135190, 63675, 1370237]
Loop 336 [6551336, 9, 5017563, 169003, 110457, 1252169]
Loop 337 [4932066, 9, 3424523, 164605, 38708, 1302782]
Loop 338 [6137843, 11, 4715772, 78830, 52164, 1288747]
Loop 339 [6377409, 10, 4937089, 82385, 53261, 1302208]
Loop 340 [6416703, 9, 4978179, 85410, 53354, 1297617]
Loop 341 [6540775, 22, 5022643, 90857, 59479, 1365904]
Loop 342 [6596874, 11, 5150301, 99538, 59749, 1285436]
Loop 343 [6128322, 9, 4667286, 95698, 58437, 1304190]
Loop 344 [6524381, 23, 4991588, 94384, 56939, 1379385]
Loop 345 [6294520, 21, 4762324, 95031, 53117, 1382275]
Loop 346 [6351223, 9, 4912263, 91362, 55229, 1290077]
Loop 347 [6634206, 10, 5090443, 187313, 49555, 1304798]
Loop 348 [5016303, 10, 3584624, 85871, 39515, 1304900]
Loop 349 [6134643, 11, 4709251, 78355, 47457, 1297123]
Loop 350 [6368548, 10, 4915762, 78829, 114049, 1257594]
Loop 351 [6577756, 21, 5076873, 64556, 51279, 1382907]
Loop 352 [23724071, 22, 22203816, 87870, 37493, 1393150]
Loop 353 [6145508, 11, 4706686, 73242, 45283, 1316883]
Loop 354 [6516573, 23, 5032234, 65750, 49435, 1366946]
Loop 355 [6658832, 10, 5237869, 77466, 50070, 1290608]
Loop 356 [6128497, 22, 4632541, 67186, 55476, 1371042]
Loop 357 [6681184, 11, 5272146, 68515, 43428, 1295168]
Loop 358 [4957433, 11, 3548546, 68258, 28517, 1310695]
Loop 359 [6314108, 23, 4842858, 59414, 46662, 1362700]
Loop 360 [6662384, 10, 5244705, 66978, 42533, 1305710]
Loop 361 [6342278, 22, 4859632, 57968, 45810, 1376371]
Loop 362 [5793430, 23, 4315228, 64226, 36295, 1375971]
Loop 363 [6258833, 21, 4761294, 73174, 39568, 1383050]
Loop 364 [4649171, 21, 3146423, 76183, 29190, 1396252]
Loop 365 [6423736, 9, 5004649, 68085, 42730, 1305075]
Loop 366 [6150142, 23, 4678883, 57964, 37331, 1374518]
Loop 367 [6429736, 11, 5010725, 65345, 52222, 1297882]
Loop 368 [6322370, 21, 4837185, 62006, 39759, 1381443]
Loop 369 [6639791, 9, 5208235, 78241, 47928, 1302466]
Loop 370 [6526223, 22, 4918854, 139130, 95626, 1361266]
Loop 371 [6672595, 10, 5205133, 96503, 145934, 1221534]
Loop 372 [5075539, 10, 3531294, 191723, 80143, 1270656]
Loop 373 [4703578, 10, 3196444, 167281, 35655, 1302463]
Loop 374 [6395376, 21, 4899665, 76505, 66843, 1350087]
Loop 375 [6166497, 23, 4677184, 88530, 53371, 1345613]
Loop 376 [6489478, 11, 5010058, 114441, 63208, 1298927]
Loop 377 [6206882, 21, 4706089, 80651, 56104, 1362205]
Loop 378 [6340560, 9, 4871803, 91459, 132148, 1242860]
Loop 379 [5719936, 21, 4218416, 85490, 56492, 1357537]
Loop 380 [6286887, 10, 4830645, 90003, 107845, 1255483]
Loop 381 [6625074, 11, 5070399, 193755, 50213, 1308340]
Loop 382 [6517049, 22, 5002237, 81002, 56282, 1375379]
Loop 383 [6665107, 9, 5220665, 89936, 68874, 1282286]
Loop 384 [4999872, 9, 3576376, 82798, 39106, 1300295]
Loop 385 [6009524, 22, 4524212, 73948, 53783, 1355279]
Loop 386 [4617641, 22, 3130868, 65132, 28592, 1391868]
Loop 387 [4382734, 22, 2899484, 63637, 28996, 1389345]
Loop 388 [5847765, 9, 4442877, 61050, 36746, 1305526]
Loop 389 [6111264, 11, 4705710, 60807, 34377, 1308346]
Loop 390 [6266553, 23, 4775648, 61767, 37263, 1390163]
Loop 391 [5454889, 22, 3971352, 65383, 36745, 1379522]
Loop 392 [6596048, 11, 5171239, 70172, 44437, 1307347]
Loop 393 [6428971, 22, 4925524, 71373, 42870, 1386762]
Loop 394 [4739029, 22, 3229411, 73089, 32461, 1402476]
Loop 395 [4383920, 22, 2914134, 64229, 29440, 1374315]
Loop 396 [6133688, 21, 4646672, 66466, 36365, 1382446]
Loop 397 [6135904, 23, 4635168, 67336, 37555, 1394165]
Loop 398 [6436492, 9, 5026783, 68358, 38416, 1301366]
Loop 399 [5917686, 21, 4458373, 63173, 39065, 1355113]
Loop 400 [6468756, 9, 5054277, 66611, 39028, 1307196]
Loop 401 [6318469, 10, 4901123, 63767, 33571, 1317721]
Loop 402 [4871613, 10, 3467008, 60691, 26702, 1315599]
Loop 403 [6294342, 22, 4808236, 58811, 42933, 1382098]
Loop 404 [6413375, 11, 5005350, 66390, 45256, 1293431]
Loop 405 [6338031, 9, 4931681, 60312, 32850, 1311587]
Loop 406 [5718783, 10, 4312264, 58181, 35740, 1310191]
Loop 407 [6582143, 21, 5072769, 69405, 50427, 1386796]
Loop 408 [6423177, 10, 4994463, 71904, 40327, 1314052]
Loop 409 [6291800, 21, 4792840, 66972, 50417, 1378974]
Loop 410 [6230936, 23, 4729865, 69347, 39355, 1390480]
Loop 411 [6641019, 10, 5211123, 72573, 48483, 1305613]
Loop 412 [5928522, 11, 4510043, 65502, 38082, 1312620]
Loop 413 [6555174, 23, 5053703, 66930, 52880, 1379194]
Loop 414 [4649512, 23, 3154245, 71428, 32537, 1389971]
Loop 415 [4272701, 23, 2791415, 63392, 29218, 1387316]
Loop 416 [6422793, 11, 5001570, 71182, 43314, 1303458]
Loop 417 [6272092, 9, 4868021, 59189, 37929, 1304413]
Loop 418 [4815517, 9, 3417116, 59461, 29164, 1308714]
Loop 419 [4449587, 9, 3049246, 55667, 25892, 1317420]
Loop 420 [6277842, 21, 4796220, 58644, 36491, 1384661]
Loop 421 [6112099, 23, 4629244, 67038, 35780, 1377885]
Loop 422 [5728407, 21, 4237893, 65538, 36735, 1386455]
Loop 423 [4577201, 21, 3111660, 67230, 29314, 1367921]
Loop 424 [6385604, 10, 4991874, 60688, 37491, 1293738]
Loop 425 [6311556, 9, 4910571, 54740, 32997, 1310942]
Loop 426 [6291146, 23, 4807738, 61936, 38153, 1380671]
Loop 427 [5332332, 21, 3858887, 72379, 35950, 1362666]
Loop 428 [6286143, 10, 4858112, 73074, 43562, 1308850]
Loop 429 [6024966, 21, 4526396, 68669, 43645, 1384320]
Loop 430 [5765241, 23, 4271795, 75253, 37761, 1378145]
Loop 431 [6259518, 22, 4751382, 72902, 35042, 1398225]
Loop 432 [6008368, 10, 4576860, 76996, 40444, 1307147]
Loop 433 [6514178, 11, 5110080, 62442, 37651, 1301664]
Loop 434 [6500951, 22, 5016554, 64408, 41096, 1376305]
Loop 435 [6638481, 9, 5216142, 72309, 41454, 1306275]
Loop 436 [4921131, 9, 3504556, 61242, 27092, 1326572]
Loop 437 [6081564, 11, 4680131, 58041, 33528, 1307307]
Loop 438 [4843850, 11, 3434201, 59343, 27890, 1321077]
Loop 439 [6295551, 23, 4800130, 60398, 35209, 1397640]
Loop 440 [6097674, 9, 4672293, 67775, 37531, 1318059]
Loop 441 [5796482, 22, 4327285, 57742, 39148, 1370240]
Loop 442 [5851082, 11, 4442896, 65696, 38360, 1302302]
Loop 443 [6546957, 21, 5054529, 68749, 43968, 1376983]
Loop 444 [6160242, 22, 4656089, 73958, 37872, 1390134]
Loop 445 [6575882, 9, 5163665, 71795, 40437, 1297989]
Loop 446 [6486337, 10, 5065138, 70433, 36558, 1312018]
Loop 447 [6522791, 11, 5099773, 69338, 37698, 1313542]
Loop 448 [6173154, 9, 4761137, 65329, 33100, 1310865]
Loop 449 [6117049, 22, 4629915, 65822, 53050, 1365412]
Loop 450 [4720322, 22, 3235605, 70596, 31042, 1381465]
Loop 451 [5890909, 11, 4478998, 66385, 36188, 1307404]
Loop 452 [4706650, 11, 3307545, 58834, 24914, 1313811]
Loop 453 [4480402, 11, 3088283, 56661, 25100, 1308966]
Loop 454 [5940101, 22, 4453973, 58644, 37618, 1387544]
Loop 455 [6232361, 23, 4726794, 75571, 36939, 1390134]
Loop 456 [4718525, 23, 3217187, 71473, 29534, 1398283]
Loop 457 [6396157, 9, 4991324, 60014, 37608, 1305256]
Loop 458 [6262751, 11, 4865561, 54398, 32423, 1308437]
Loop 459 [5578849, 9, 4179470, 57790, 33053, 1306408]
Loop 460 [6143252, 11, 4743522, 58130, 37568, 1301260]
Loop 461 [5875650, 9, 4472148, 61722, 33378, 1306182]
Loop 462 [9056604, 11, 7356550, 333970, 79294, 1282125]
Loop 463 [6376525, 9, 4903022, 84953, 133989, 1252723]
Loop 464 [6060075, 22, 4473197, 160529, 62743, 1361099]
Loop 465 [4667715, 22, 3108620, 140524, 94085, 1322233]
Loop 466 [6460192, 9, 5027766, 88662, 59201, 1282185]
Loop 467 [6323776, 10, 4893717, 79851, 51861, 1296592]
Loop 468 [6312085, 21, 4811863, 83083, 64033, 1350261]
Loop 469 [6133913, 23, 4631840, 89412, 60421, 1349863]
Loop 470 [4643114, 23, 3096949, 98879, 101666, 1343774]
Loop 471 [6487949, 9, 4958020, 178883, 63782, 1284260]
Loop 472 [5920133, 21, 4415009, 77386, 61019, 1363672]
Loop 473 [6320669, 9, 4883720, 83221, 52098, 1298947]
Loop 474 [6473657, 10, 5036960, 79547, 50434, 1304918]
Loop 475 [4846044, 10, 3414170, 82321, 37988, 1310021]
Loop 476 [4562708, 10, 3148609, 73493, 31324, 1307876]
Loop 477 [8099632, 22, 6550378, 143111, 59265, 1343137]
Loop 478 [4550633, 22, 3077165, 65859, 29223, 1377155]
Loop 479 [6729097, 10, 5198609, 154845, 77189, 1286849]
Loop 480 [6354228, 11, 4928190, 77271, 52803, 1293535]
Loop 481 [6120317, 10, 4686330, 81532, 53214, 1297340]
Loop 482 [5859749, 22, 4310320, 116446, 60127, 1370227]
Loop 483 [6170245, 21, 4655496, 89842, 55029, 1367905]
Loop 484 [6302267, 11, 4857136, 97286, 92408, 1252817]
Loop 485 [4866761, 11, 3416119, 100106, 40668, 1308245]
Loop 486 [6084039, 21, 4595156, 77237, 58991, 1349703]
Loop 487 [6793727, 10, 5322146, 116796, 59402, 1293084]
Loop 488 [6351454, 23, 4833189, 79141, 114858, 1321770]
Loop 489 [6638503, 9, 5118575, 150388, 103705, 1263535]
Loop 490 [6439263, 21, 4839605, 163287, 54480, 1379295]
Loop 491 [6200073, 23, 4684237, 83870, 51273, 1378253]
Loop 492 [6172563, 22, 4667835, 85910, 50294, 1366231]
Loop 493 [5817680, 23, 4296093, 85186, 118055, 1315893]
Loop 494 [5954052, 21, 4432920, 88264, 51560, 1379131]
Loop 495 [5953331, 22, 4457539, 69540, 43498, 1380194]
Loop 496 [6477980, 11, 5065002, 69699, 41607, 1299415]
Loop 497 [6506429, 9, 5096132, 65323, 38867, 1303665]
Loop 498 [6531856, 21, 5036463, 64388, 50390, 1377431]
Loop 499 [6295789, 23, 4792249, 71510, 39509, 1390207]
Loop 500 [6289132, 22, 4785352, 75252, 40214, 1386284]
Loop 501 [5878553, 23, 4374705, 74874, 39191, 1387333]
Loop 502 [4751950, 23, 3240265, 75737, 29582, 1405006]
Loop 503 [6467457, 10, 5054854, 64907, 40952, 1304410]
Loop 504 [4857546, 10, 3446788, 62251, 28649, 1318349]
Loop 505 [5622491, 21, 4158625, 53417, 38824, 1369746]
Loop 506 [6301705, 11, 4878540, 66831, 38841, 1315252]
Loop 507 [6102873, 9, 4701961, 58874, 33084, 1306630]
Loop 508 [6283543, 11, 4887735, 57685, 31854, 1303805]
Loop 509 [6238891, 9, 4840658, 58125, 31985, 1305794]
Loop 510 [6313166, 23, 4829655, 57280, 38025, 1385877]
Loop 511 [6093053, 9, 4673722, 70559, 39980, 1306598]
Loop 512 [6314815, 21, 4825284, 62518, 39983, 1384861]
Loop 513 [6426191, 9, 5008478, 69824, 42562, 1302453]
Loop 514 [6315488, 21, 4840644, 55615, 41136, 1375923]
Loop 515 [6214958, 9, 4797734, 68403, 39422, 1307200]
Loop 516 [6341675, 11, 4935476, 59034, 32899, 1312148]
Loop 517 [6040910, 9, 4634038, 58680, 33712, 1311647]
Loop 518 [6476786, 21, 5001459, 64033, 48726, 1360337]
Loop 519 [6230040, 22, 4742660, 73199, 39579, 1372462]
Loop 520 [4741090, 22, 3244309, 70633, 35769, 1388425]
Loop 521 [35436620, 9, 33766094, 321246, 51536, 1292290]
Loop 522 [6019167, 22, 4507199, 83232, 111703, 1314938]
Loop 523 [4853844, 22, 3240438, 174738, 79079, 1358330]
Loop 524 [6506891, 10, 4991669, 173816, 88122, 1250990]
Loop 525 [6244415, 9, 4797108, 97741, 56505, 1289369]
Loop 526 [6330034, 23, 4798110, 81258, 132492, 1316077]
Loop 527 [5909665, 21, 4420172, 89018, 56592, 1341530]
Loop 528 [4612607, 21, 3106757, 92305, 42335, 1369494]
Loop 529 [6472268, 10, 5011621, 88408, 117357, 1253067]
Loop 530 [6362466, 22, 4854877, 81264, 114126, 1309359]
Loop 531 [6653985, 11, 5111488, 187577, 53217, 1299699]
Loop 532 [4837529, 11, 3410724, 79855, 36849, 1308386]
Loop 533 [5805008, 10, 4383605, 72321, 46127, 1300698]
Loop 534 [4824672, 10, 3396515, 77964, 37693, 1310879]
Loop 535 [5820152, 11, 4390381, 78264, 47895, 1301847]
Loop 536 [6333724, 9, 4903084, 77242, 47989, 1303131]
Loop 537 [6247111, 23, 4764764, 58917, 46602, 1374614]
Loop 538 [6369378, 10, 4952639, 65035, 36167, 1313649]
Loop 539 [6502692, 9, 5085614, 69577, 37681, 1307638]
Loop 540 [6440664, 23, 4969659, 66879, 40077, 1362079]
Loop 541 [4561167, 23, 3093459, 70178, 29146, 1366208]
Loop 542 [6141784, 22, 4667738, 65623, 35342, 1371099]
Loop 543 [6138672, 21, 4649721, 65330, 39555, 1382121]
Loop 544 [5677914, 22, 4203420, 67343, 37461, 1367835]
Loop 545 [6313599, 10, 4899846, 68671, 36535, 1306615]
Loop 546 [4769404, 10, 3369865, 56977, 27421, 1313809]
Loop 547 [6256102, 11, 4859362, 57083, 32408, 1305031]
Loop 548 [4783092, 11, 3386479, 60758, 27333, 1307245]
Loop 549 [5355674, 23, 3881394, 62681, 36081, 1373902]
Loop 550 [6565551, 11, 5155408, 67962, 43127, 1296859]
Loop 551 [4850105, 11, 3446879, 61381, 27008, 1313250]
Loop 552 [6384942, 10, 4985448, 56885, 33642, 1306840]
Loop 553 [5945729, 11, 4542041, 58613, 34487, 1308380]
Loop 554 [6524947, 21, 5031414, 66237, 48640, 1376004]
Loop 555 [6624993, 9, 5204197, 71070, 41530, 1305971]
Loop 556 [6539175, 22, 5043194, 66927, 49051, 1376806]
Loop 557 [6614420, 11, 5195395, 70984, 47608, 1296862]
Loop 558 [6136394, 21, 4633501, 63806, 53444, 1382211]
Loop 559 [6241470, 22, 4744568, 74805, 39466, 1380544]
Loop 560 [6276148, 21, 4769541, 74076, 39743, 1390815]
Loop 561 [5895524, 22, 4391507, 72048, 40197, 1389592]
Loop 562 [6642410, 11, 5216119, 72864, 45432, 1304794]
Loop 563 [6025939, 22, 4534337, 66365, 43798, 1378921]
Loop 564 [6618314, 9, 5200710, 74638, 48854, 1291302]
Loop 565 [6008895, 11, 4591746, 64222, 33966, 1316415]
Loop 566 [6449471, 21, 4956694, 66056, 52292, 1371557]
Loop 567 [7341334, 10, 5271003, 725930, 42319, 1299726]
Loop 568 [6497487, 11, 5078808, 64892, 36612, 1314944]
Loop 569 [6521152, 23, 5022453, 64111, 49906, 1381423]
Loop 570 [6669286, 11, 5244499, 72888, 50485, 1298499]
Loop 571 [6320478, 23, 4823089, 65917, 41297, 1387898]
Loop 572 [6697850, 10, 5268396, 71649, 40154, 1316028]
Loop 573 [6263801, 11, 4849014, 66508, 37374, 1308369]
Loop 574 [6533805, 23, 5043557, 65068, 49515, 1372319]
Loop 575 [6674111, 9, 5250118, 72977, 45146, 1303043]
Loop 576 [6390183, 10, 4968501, 67137, 37628, 1315162]
Loop 577 [6220132, 11, 4794056, 65886, 35520, 1321781]
Loop 578 [6502789, 21, 5006989, 65561, 45597, 1382419]
Loop 579 [5789956, 23, 4294001, 72059, 38994, 1382148]
Loop 580 [6255193, 22, 4766102, 74315, 38914, 1373969]
Loop 581 [4752710, 22, 3249492, 70515, 34196, 1396797]
Loop 582 [6133837, 23, 4640080, 64304, 34197, 1393348]
Loop 583 [4569919, 23, 3103734, 67845, 30992, 1365499]
Loop 584 [5768830, 22, 4295868, 63969, 35005, 1371681]
Loop 585 [6139148, 21, 4662354, 63367, 36265, 1374581]
Loop 586 [6417977, 9, 5004113, 66478, 41039, 1304046]
Loop 587 [5903004, 22, 4440898, 60032, 42599, 1357337]
Loop 588 [6528125, 10, 5111358, 62774, 37514, 1314250]
Loop 589 [5782245, 21, 4301687, 59520, 45659, 1372700]
Loop 590 [6561193, 11, 5152206, 67522, 44715, 1294404]
Loop 591 [6355564, 9, 4952591, 61926, 32951, 1306044]
Loop 592 [4986000, 9, 3581648, 63747, 27106, 1312102]
Loop 593 [5925451, 11, 4516286, 56353, 34267, 1316642]
Loop 594 [5843327, 9, 4438317, 59768, 32894, 1310344]
Loop 595 [4924607, 9, 3511609, 71610, 28157, 1311614]
Loop 596 [6278982, 23, 4792915, 56670, 39105, 1388423]
Loop 597 [4580968, 23, 3110694, 68208, 29977, 1370454]
Loop 598 [6208851, 9, 4803479, 61391, 37751, 1304030]
Loop 599 [6072631, 11, 4659303, 59791, 34327, 1316766]
Loop 600 [6281837, 21, 4801922, 59998, 46642, 1371086]
Loop 601 [6314012, 9, 4900125, 64024, 43053, 1304487]
Loop 602 [4850553, 9, 3439533, 61065, 29252, 1318909]
Loop 603 [6274680, 21, 4798051, 59155, 37899, 1377644]
Loop 604 [6047156, 9, 4628978, 64638, 37742, 1313518]
Loop 605 [6313977, 11, 4917502, 57000, 33331, 1303625]
Loop 606 [5974718, 21, 4492881, 59890, 41317, 1378280]
Loop 607 [4570411, 21, 3090277, 64492, 31723, 1382084]
Loop 608 [6011410, 11, 4609125, 67274, 38744, 1294538]
Loop 609 [6303476, 10, 4896693, 58697, 30672, 1315553]
Loop 610 [5882190, 11, 4478271, 57177, 41125, 1302449]
Loop 611 [6136015, 10, 4736222, 62773, 34370, 1300301]
Loop 612 [4821857, 10, 3417708, 59955, 30923, 1311478]
Loop 613 [32771860, 11, 31295607, 124359, 58677, 1287374]
Loop 614 [6347528, 9, 4890296, 77499, 134153, 1243034]
Loop 615 [6432883, 21, 4816898, 175008, 64450, 1373649]
Loop 616 [6460776, 11, 4970517, 118596, 119612, 1249422]
Loop 617 [5987035, 9, 4563993, 81901, 49345, 1289482]
Loop 618 [6345002, 23, 4818952, 99584, 73902, 1350083]
Loop 619 [6251229, 21, 4682928, 137464, 74180, 1354520]
Loop 620 [5511924, 23, 3950182, 87307, 56739, 1415977]
Loop 621 [6169684, 22, 4661315, 95175, 56038, 1354844]
Loop 622 [6259270, 9, 4830597, 89079, 58119, 1279602]
Loop 623 [6356881, 23, 4839100, 83504, 114279, 1317845]
Loop 624 [6353440, 9, 4817939, 175268, 52071, 1305656]
Loop 625 [6335833, 10, 4905576, 82046, 46448, 1300063]
Loop 626 [6321965, 9, 4875843, 83877, 61176, 1297691]
Loop 627 [6534465, 21, 5025966, 88541, 60915, 1356636]
Loop 628 [6550524, 9, 5105548, 95574, 64437, 1281867]
Loop 629 [6071785, 10, 4659465, 63205, 34515, 1312787]
Loop 630 [6203522, 23, 4696353, 63921, 53281, 1387190]
Loop 631 [6433916, 10, 5012653, 71348, 50701, 1297083]
Loop 632 [6314579, 21, 4824205, 64164, 44052, 1379839]
Loop 633 [6599092, 11, 5184650, 70750, 50408, 1290317]
Loop 634 [4975661, 11, 3566611, 66027, 29806, 1311579]
Loop 635 [6283593, 23, 4796833, 60075, 42513, 1381954]
Loop 636 [6156466, 21, 4679989, 56736, 32814, 1384945]
Loop 637 [5441665, 23, 3977398, 57244, 35603, 1369197]
Loop 638 [5862640, 21, 4381089, 62564, 33525, 1382934]
Loop 639 [6582744, 11, 5174043, 63344, 47386, 1295205]
Loop 640 [6535877, 22, 5034526, 74603, 39235, 1385148]
Loop 641 [6637210, 9, 5224222, 64643, 52137, 1293251]
Loop 642 [6345794, 11, 4924434, 72250, 41092, 1305746]
Loop 643 [6309245, 23, 4789886, 76621, 46561, 1392946]
Loop 644 [6281411, 11, 4867056, 66772, 45169, 1299830]
Loop 645 [6034074, 23, 4531228, 73899, 42712, 1384099]
Loop 646 [6677396, 9, 5268959, 62206, 42990, 1301179]
Loop 647 [6534376, 21, 5036467, 73582, 46435, 1375443]
Loop 648 [6703763, 10, 5295841, 66159, 44895, 1294888]
Loop 649 [6477794, 11, 5061162, 73156, 38062, 1302252]
Loop 650 [6513706, 22, 5004246, 76074, 38847, 1392399]
Loop 651 [8847335, 21, 7247551, 170324, 57905, 1366157]
Loop 652 [6183844, 9, 4748129, 86553, 68453, 1277457]
Loop 653 [6456644, 21, 4909185, 95078, 89686, 1360551]
Loop 654 [6757823, 11, 5189330, 190679, 138235, 1236359]
Loop 655 [6636651, 22, 5026313, 186303, 61514, 1360588]
Loop 656 [6636124, 10, 5195274, 88887, 70665, 1278915]
Loop 657 [6130369, 11, 4663933, 114558, 57704, 1291604]
Loop 658 [6372544, 21, 4836012, 97307, 64510, 1371854]
Loop 659 [6300407, 23, 4757154, 84989, 116525, 1339599]
Loop 660 [5847961, 21, 4247694, 167893, 56585, 1373765]
Loop 661 [6644864, 9, 5194474, 87284, 65563, 1294765]
Loop 662 [6815573, 23, 4556581, 818828, 67143, 1370190]
Loop 663 [6666704, 11, 5204505, 91377, 56298, 1292222]
Loop 664 [6526602, 10, 5085757, 92289, 53936, 1291781]
Loop 665 [5057391, 10, 3557909, 154161, 41898, 1302005]
Loop 666 [4440558, 10, 3012428, 82202, 37736, 1306992]
Loop 667 [6332268, 22, 4838712, 66050, 41493, 1383264]
Loop 668 [6112558, 23, 4634418, 59271, 35079, 1381850]
Loop 669 [5739395, 22, 4239206, 65523, 33688, 1399047]
Loop 670 [6227653, 21, 4716948, 64181, 38840, 1405295]
Loop 671 [4661364, 21, 3164930, 65646, 29358, 1399757]
Loop 672 [5326112, 23, 3847188, 53574, 35352, 1388238]
Loop 673 [6436565, 10, 5020526, 59355, 43395, 1311003]
Loop 674 [5975350, 23, 4475917, 66451, 35516, 1395432]
Loop 675 [6507346, 10, 5098875, 61984, 44741, 1299820]
Loop 676 [5799021, 23, 4300748, 69874, 37421, 1389158]
Loop 677 [4487554, 23, 3006269, 61723, 30305, 1387902]
Loop 678 [5842930, 10, 4435884, 61224, 45279, 1298347]
Loop 679 [6202974, 23, 4719867, 64642, 37945, 1378533]
Loop 680 [9467887, 10, 8014483, 108828, 44914, 1297057]
Loop 681 [6509840, 22, 5017644, 67015, 43031, 1380595]
Loop 682 [6125730, 21, 4639195, 64250, 33499, 1386622]
Loop 683 [6252077, 23, 4759864, 62216, 35426, 1392025]
Loop 684 [6657713, 9, 5241036, 67546, 42028, 1304966]
Loop 685 [6549141, 21, 5030793, 69066, 45820, 1400183]
Loop 686 [6153904, 9, 4747176, 62575, 43975, 1298029]
Loop 687 [6461284, 11, 5034504, 73674, 38219, 1312556]
Loop 688 [6485466, 10, 5068125, 73009, 39519, 1302854]
Loop 689 [4855125, 10, 3436256, 72988, 31161, 1313188]
Loop 690 [4473394, 10, 3059037, 64110, 31640, 1317298]
Loop 691 [6281350, 22, 4803868, 62562, 37484, 1375343]
Loop 692 [4514497, 22, 3030366, 67030, 26400, 1389339]
Loop 693 [5708804, 21, 4222995, 58586, 33575, 1391861]
Loop 694 [6180641, 9, 4783883, 55219, 37885, 1301874]
Loop 695 [6082915, 22, 4604242, 64550, 38422, 1373247]
Loop 696 [4660332, 22, 3154476, 66665, 27933, 1409658]
Loop 697 [4538059, 22, 2963073, 125453, 57479, 1390270]
Loop 698 [6438754, 11, 4963527, 110750, 97590, 1264605]
Loop 699 [6274573, 21, 4780586, 86323, 55977, 1349716]
Loop 700 [6373199, 11, 4950969, 78218, 62329, 1278887]
Loop 701 [6159384, 22, 4641498, 85891, 54938, 1369762]
Loop 702 [6674316, 10, 5247233, 82972, 62122, 1280084]
Loop 703 [6482721, 9, 5037642, 93751, 60698, 1288818]
Loop 704 [6473268, 11, 5023128, 99248, 55954, 1292269]
Loop 705 [6556702, 21, 5032812, 103441, 62105, 1355569]
Loop 706 [6653371, 9, 5205681, 94231, 99762, 1251614]
Loop 707 [4880775, 9, 3441381, 95947, 40749, 1300620]
Loop 708 [6340356, 21, 4800950, 80035, 111035, 1346297]
Loop 709 [6238137, 22, 4643716, 154086, 48079, 1390427]
Loop 710 [6182741, 23, 4667385, 77213, 101029, 1335188]
Loop 711 [4642571, 23, 3055620, 161272, 42244, 1382025]
Loop 712 [6392168, 11, 4971580, 73570, 50507, 1294551]
Loop 713 [5946354, 9, 4541140, 61619, 38447, 1303083]
Loop 714 [5970466, 11, 4563225, 64771, 41700, 1298557]
Loop 715 [6151093, 9, 4741814, 66304, 38503, 1302542]
Loop 716 [5929008, 21, 4434566, 67167, 38139, 1386967]
Loop 717 [6414314, 10, 5001353, 65385, 47427, 1298407]
Loop 718 [6310492, 22, 4818506, 66887, 39967, 1382830]
Loop 719 [6428772, 9, 5016614, 64116, 45820, 1299593]
Loop 720 [6086057, 21, 4606066, 64007, 41233, 1372719]
Loop 721 [4483291, 21, 3008211, 58551, 26057, 1389250]
Loop 722 [5839650, 22, 4353813, 55795, 32536, 1395205]
Loop 723 [5326059, 21, 3834566, 59236, 34166, 1396048]
Loop 724 [6147570, 23, 4668464, 55268, 32242, 1389793]
Loop 725 [5408969, 21, 3925663, 57935, 32158, 1391410]
Loop 726 [6461816, 10, 5053014, 62596, 50571, 1293251]
Loop 727 [6263153, 22, 4748671, 77592, 44744, 1390010]
Loop 728 [6246388, 23, 4741907, 71235, 37444, 1393698]
Loop 729 [6244968, 21, 4740174, 69289, 37207, 1396375]
Loop 730 [6272271, 10, 4857131, 63062, 42453, 1307701]
Loop 731 [6279807, 21, 4765986, 72911, 43738, 1395054]
Loop 732 [4647644, 21, 3169115, 64368, 30436, 1382271]
Loop 733 [6429082, 9, 5027150, 58743, 45703, 1295470]
Loop 734 [5721127, 22, 4232134, 66548, 44313, 1375590]
Loop 735 [4512769, 22, 3019231, 63588, 28238, 1400475]
Loop 736 [5856181, 9, 4453291, 59382, 46415, 1294310]
Loop 737 [4702976, 9, 3295769, 66136, 28825, 1310919]
Loop 738 [6248428, 11, 4835500, 64081, 35977, 1310644]
Loop 739 [6264253, 9, 4851609, 67601, 35653, 1306926]
Loop 740 [6497345, 21, 5005121, 69793, 44403, 1375265]
Loop 741 [6077494, 23, 4603403, 57449, 35178, 1379054]
Loop 742 [4498063, 23, 3041670, 59054, 28217, 1367564]
Loop 743 [6032566, 21, 4545825, 61551, 37180, 1386123]
Loop 744 [6416683, 10, 5008013, 59255, 47387, 1299666]
Loop 745 [6038115, 9, 4621858, 64174, 37457, 1312062]
Loop 746 [6178278, 10, 4765733, 67568, 36311, 1306959]
Loop 747 [6282299, 22, 4797881, 69292, 40200, 1372890]
Loop 748 [5442476, 23, 3963092, 58168, 35155, 1384297]
Loop 749 [4627458, 23, 3145820, 65764, 29931, 1384383]
Loop 750 [6455653, 11, 5050467, 60178, 41824, 1301093]
Loop 751 [6310875, 10, 4905877, 62717, 37441, 1302940]
Loop 752 [5684163, 23, 4200013, 68709, 37828, 1375577]
Loop 753 [6190828, 11, 4758491, 71543, 43745, 1313886]
Loop 754 [6332689, 23, 4824391, 69985, 41901, 1393628]
Loop 755 [6252997, 21, 4746972, 65124, 36030, 1402936]
Loop 756 [4651821, 21, 3156137, 72467, 29040, 1392533]
Loop 757 [5558498, 23, 4079428, 56689, 35195, 1385042]
Loop 758 [5996049, 11, 4579902, 60749, 45927, 1306742]
Loop 759 [6497392, 21, 4998886, 68988, 50290, 1377320]
Loop 760 [6658820, 10, 5236285, 63913, 45714, 1310782]
Loop 761 [6447681, 9, 5032471, 71957, 39078, 1302018]
Loop 762 [6540245, 22, 5039986, 73717, 45700, 1378046]
Loop 763 [5790711, 21, 4290396, 69124, 34223, 1395165]
Loop 764 [6281543, 23, 4792670, 64663, 37343, 1384684]
Loop 765 [6405941, 9, 4988454, 66264, 45118, 1304076]
Loop 766 [6195568, 10, 4784481, 72688, 40033, 1296034]
Loop 767 [6022328, 23, 4505990, 77089, 46675, 1388706]
Loop 768 [5883044, 22, 4383769, 68633, 34173, 1394694]
Loop 769 [6233101, 23, 4730059, 66858, 36628, 1397808]
Loop 770 [6623513, 10, 5214833, 63031, 47821, 1295744]
Loop 771 [6439686, 11, 5023271, 73330, 44998, 1295700]
Loop 772 [6457244, 9, 5033951, 73942, 40351, 1306739]
Loop 773 [6118001, 23, 4603443, 75356, 42997, 1393936]
Loop 774 [4653521, 23, 3148302, 69013, 35282, 1399143]
Loop 775 [5869893, 22, 4373420, 61874, 35826, 1396772]
Loop 776 [45015491, 9, 43575297, 68859, 41831, 1316373]
Loop 777 [5974517, 11, 4564065, 65058, 37437, 1305961]
Loop 778 [4659985, 11, 3253064, 67980, 29591, 1307574]
Loop 779 [6289230, 21, 4805419, 66887, 41497, 1373171]
Loop 780 [6380948, 10, 4974724, 55691, 37996, 1310886]
Loop 781 [6124625, 21, 4635366, 62770, 36408, 1387824]
Loop 782 [6373488, 11, 4975774, 58640, 44026, 1292292]
Loop 783 [6297176, 22, 4814891, 65908, 37655, 1376161]
Loop 784 [5925183, 10, 4513587, 61729, 41068, 1306822]
Loop 785 [6307641, 23, 4816941, 65139, 39168, 1383996]
Loop 786 [6396351, 10, 4983122, 64687, 41744, 1304875]
Loop 787 [6463905, 9, 5053464, 71071, 39222, 1297377]
Loop 788 [6409127, 21, 4909380, 74756, 43658, 1379051]
Loop 789 [4629093, 21, 3144431, 65693, 29287, 1388299]
Loop 790 [6137972, 22, 4657303, 60353, 34855, 1379832]
Loop 791 [6110916, 23, 4628409, 56717, 35606, 1388276]
Loop 792 [6430033, 9, 5014929, 60289, 48149, 1303732]
Loop 793 [6297569, 21, 4818072, 63750, 44103, 1368583]
Loop 794 [6136846, 23, 4648017, 65622, 36949, 1384310]
Loop 795 [6568654, 10, 5157144, 67090, 45396, 1297564]
Loop 796 [6216836, 22, 4605775, 152278, 69138, 1363986]
Loop 797 [4685799, 22, 3148843, 91318, 43793, 1400432]
Loop 798 [6434993, 11, 5004810, 80549, 106087, 1241059]
Loop 799 [6107739, 22, 4606184, 87184, 56792, 1355550]
Loop 800 [6686574, 9, 5243701, 87030, 105326, 1248252]
Loop 801 [6604975, 23, 5018089, 140748, 120478, 1323869]
Loop 802 [6381219, 9, 4800189, 190675, 120899, 1266388]
Loop 803 [6651185, 22, 5030253, 193804, 57394, 1367428]
Loop 804 [6714510, 10, 5227331, 125926, 67360, 1292054]
Loop 805 [6123003, 22, 4557650, 93174, 127157, 1341871]
Loop 806 [6408676, 9, 4866477, 181822, 61088, 1296562]
Loop 807 [6185460, 10, 4738127, 95432, 56569, 1293698]
Loop 808 [6474069, 11, 5030686, 86254, 52921, 1301453]
Loop 809 [6580138, 22, 5035960, 89117, 125138, 1327400]
Loop 810 [6340279, 21, 4741462, 171108, 50267, 1375399]
Loop 811 [6689940, 9, 5262798, 80451, 65329, 1278603]
Loop 812 [6441633, 11, 5022393, 74549, 38470, 1304030]
Loop 813 [6532976, 22, 5022597, 75470, 42065, 1390545]
Loop 814 [6651276, 10, 5216771, 62865, 46962, 1322733]
Loop 815 [6279992, 11, 4849035, 71933, 44253, 1312683]
Loop 816 [6197117, 10, 4771579, 74722, 38293, 1310384]
Loop 817 [6232626, 21, 4741967, 70833, 47043, 1369919]
Loop 818 [6641271, 9, 5203810, 64423, 58764, 1311494]
Loop 819 [6130641, 22, 4640390, 71107, 46546, 1369709]
Loop 820 [6223209, 23, 4730715, 67059, 36017, 1387173]
Loop 821 [6632980, 9, 5210833, 64153, 51022, 1303491]
Loop 822 [4849524, 9, 3438891, 74461, 34473, 1300156]
Loop 823 [8981363, 22, 7464660, 91831, 41877, 1380244]
Loop 824 [6189290, 9, 4773057, 58046, 41574, 1314688]
Loop 825 [6508052, 10, 5082407, 75853, 40692, 1306859]
Loop 826 [5452400, 10, 3720731, 371539, 56535, 1299724]
Loop 827 [4539334, 10, 3066017, 87233, 95157, 1289289]
Loop 828 [5817443, 22, 4219016, 167091, 118863, 1310014]
Loop 829 [6272044, 21, 4694719, 162045, 52964, 1359679]
Loop 830 [4568030, 21, 3066940, 81887, 39281, 1378298]
Loop 831 [6228533, 9, 4798544, 82532, 65098, 1279292]
Loop 832 [4834014, 9, 3391459, 86809, 41531, 1312995]
Loop 833 [10012516, 9, 8559989, 101653, 40450, 1308483]
Loop 834 [6329409, 21, 4834969, 80020, 58563, 1352773]
Loop 835 [6580375, 10, 5137556, 91215, 67661, 1280691]
Loop 836 [6355577, 23, 4829066, 98352, 50368, 1375526]
Loop 837 [4604106, 23, 3106125, 82146, 36409, 1377562]
Loop 838 [6413301, 11, 4970568, 74210, 128025, 1237327]
Loop 839 [6216478, 23, 4642441, 161664, 51871, 1357605]
Loop 840 [21288174, 11, 19733825, 146953, 94154, 1300540]
Loop 841 [6016442, 23, 4515288, 74720, 88019, 1335847]
Loop 842 [4852501, 23, 3297653, 114709, 43983, 1394461]
Loop 843 [6646837, 11, 5192753, 91976, 66181, 1293191]
Loop 844 [6426232, 9, 4952637, 117525, 71223, 1282252]
Loop 845 [6530329, 10, 5065899, 109440, 57463, 1295065]
Loop 846 [6552038, 21, 4991879, 126324, 113251, 1318032]
Loop 847 [6639325, 11, 5076375, 180853, 128189, 1250668]
Loop 848 [6669730, 21, 5066203, 173974, 60344, 1366421]
Loop 849 [4754478, 21, 3224669, 99350, 45375, 1383204]
Loop 850 [5986550, 23, 4433478, 91401, 118356, 1341163]
Loop 851 [4686266, 23, 3101169, 167516, 37585, 1378473]
Loop 852 [5829222, 11, 4390664, 85722, 54607, 1296231]
Loop 853 [4855074, 11, 3420412, 79070, 38390, 1315395]
Loop 854 [6291870, 22, 4793852, 74183, 51009, 1370244]
Loop 855 [6085490, 11, 4650282, 88705, 52553, 1291593]
Loop 856 [5890345, 22, 4404157, 58553, 42506, 1382716]
Loop 857 [6167418, 21, 4663050, 70692, 36132, 1395031]
Loop 858 [6386014, 10, 4980415, 67911, 38209, 1297591]
Loop 859 [5723446, 22, 4244113, 60740, 44487, 1371340]
Loop 860 [6005197, 21, 4500887, 70612, 35469, 1396014]
Loop 861 [6137035, 23, 4656157, 67687, 36775, 1374150]
Loop 862 [4655385, 23, 3143500, 77487, 33257, 1399094]
Loop 863 [6440809, 10, 5021667, 66986, 38911, 1310381]
Loop 864 [6043956, 23, 4573316, 56969, 38256, 1373024]
Loop 865 [4618026, 23, 3129581, 74129, 33163, 1378889]
Loop 866 [6105705, 21, 4631584, 70536, 35626, 1365924]
Loop 867 [45186144, 9, 43734121, 114110, 39568, 1296094]
Loop 868 [6081834, 21, 4608522, 57942, 40010, 1373351]
Loop 869 [4534640, 21, 3044706, 69781, 31101, 1387529]
Loop 870 [6100251, 23, 4606612, 69560, 38633, 1382903]
Loop 871 [5938816, 10, 4524208, 68888, 39081, 1304327]
Loop 872 [4816384, 10, 3422681, 53242, 29702, 1308273]
Loop 873 [4422439, 10, 3035090, 53465, 30164, 1301451]
Loop 874 [6272158, 9, 4863104, 61441, 39158, 1305185]
Loop 875 [4646829, 9, 3255632, 58926, 26407, 1304335]
Loop 876 [6296498, 11, 4899826, 55011, 32091, 1306893]
Loop 877 [5653372, 9, 4253810, 58288, 30962, 1308462]
Loop 878 [6084856, 11, 4683086, 57405, 34186, 1307855]
Loop 879 [6279358, 23, 4801587, 60600, 38717, 1375927]
Loop 880 [6114948, 21, 4625847, 63935, 35509, 1387224]
Loop 881 [6150739, 11, 4737749, 71698, 38082, 1301026]
Loop 882 [5811363, 23, 4312183, 62877, 35676, 1398253]
Loop 883 [6443295, 11, 5026184, 67975, 38139, 1308777]
Loop 884 [5739735, 23, 4257752, 60404, 35797, 1383227]
Loop 885 [6122540, 21, 4638735, 74011, 37124, 1370772]
Loop 886 [6428760, 10, 5014362, 75775, 39044, 1297160]
Loop 887 [4838782, 10, 3427055, 66792, 29879, 1312851]
Loop 888 [6286299, 22, 4809713, 56741, 36134, 1381577]
Loop 889 [5927662, 11, 4517196, 69058, 37708, 1301283]
Loop 890 [5942862, 21, 4459607, 60676, 37979, 1382198]
Loop 891 [4561974, 21, 3071060, 67038, 29372, 1392916]
Loop 892 [6370796, 9, 4965867, 68486, 37932, 1296345]
Loop 893 [5681763, 22, 4193505, 57834, 34808, 1393384]
Loop 894 [6308944, 9, 4904730, 65822, 37210, 1298623]
Loop 895 [6259553, 21, 4786613, 58279, 36695, 1375783]
Loop 896 [6134202, 22, 4665768, 67144, 34974, 1364146]
Loop 897 [5964435, 9, 4547346, 69518, 35302, 1310013]
Loop 898 [6057834, 21, 4573930, 56450, 39913, 1385058]
Loop 899 [6388561, 10, 4994547, 67955, 39225, 1284581]
Loop 900 [6069658, 22, 4578858, 64441, 41239, 1382586]
Loop 901 [6626053, 11, 5166922, 114855, 49482, 1292376]
Loop 902 [6514708, 23, 5019979, 63412, 53421, 1374571]
Loop 903 [6154344, 21, 4654177, 77504, 40732, 1379318]
Loop 904 [6320711, 10, 4907229, 67647, 45940, 1297006]
Loop 905 [4897712, 10, 3494558, 61562, 26910, 1312920]
Loop 906 [6308929, 23, 4823376, 56106, 47758, 1378526]
Loop 907 [6785851, 11, 5119230, 305754, 69382, 1286258]
Loop 908 [6213070, 10, 4741831, 84691, 123204, 1260828]
Loop 909 [6574473, 23, 4974392, 161182, 73111, 1362124]
Loop 910 [4664538, 23, 3136416, 93204, 42450, 1390652]
Loop 911 [6198958, 21, 4652597, 114401, 59890, 1369095]
Loop 912 [6354046, 11, 4915248, 90303, 59242, 1286609]
Loop 913 [6322818, 9, 4890953, 85054, 53662, 1290952]
Loop 914 [6291581, 21, 4793614, 79684, 64828, 1349991]
Loop 915 [6432158, 11, 5003421, 87433, 103051, 1234872]
Loop 916 [6466713, 10, 5004759, 90150, 125790, 1243622]
Loop 917 [6632249, 21, 5027332, 174129, 64360, 1362503]
Loop 918 [6220588, 10, 4776908, 85955, 55493, 1299733]
Loop 919 [5785785, 21, 4288002, 78559, 61564, 1354634]
Loop 920 [6067169, 10, 4567294, 157188, 57975, 1281520]
Loop 921 [6286530, 21, 4796218, 75291, 53043, 1359298]
Loop 922 [4592005, 21, 3044754, 86015, 93420, 1366098]
Loop 923 [6133576, 22, 4653194, 63097, 37073, 1378039]
Loop 924 [6117813, 23, 4622361, 72407, 37732, 1382947]
Loop 925 [5881164, 21, 4400317, 68084, 36986, 1373561]
Loop 926 [6024149, 23, 4515277, 72243, 38996, 1395404]
Loop 927 [6630458, 10, 5203279, 74061, 56919, 1293037]
Loop 928 [6503772, 11, 5074438, 70552, 35714, 1320287]
Loop 929 [6463612, 9, 5054752, 64301, 35072, 1306448]
Loop 930 [6467934, 10, 5045594, 64851, 36749, 1318386]
Loop 931 [4939374, 10, 3516758, 67842, 30253, 1322701]
Loop 932 [6128799, 23, 4647169, 55547, 44317, 1378900]
Loop 933 [6133646, 21, 4624389, 72312, 37731, 1396646]
Loop 934 [6027865, 9, 4619937, 65194, 37979, 1302884]
Loop 935 [5688054, 10, 4286706, 56446, 35480, 1306693]
Loop 936 [6465261, 11, 5044361, 65108, 41336, 1311540]
Loop 937 [6452317, 10, 5037425, 64826, 36602, 1311172]
Loop 938 [6067447, 11, 4646576, 67450, 37624, 1313044]
Loop 939 [6518627, 22, 5021804, 66961, 43776, 1383361]
Loop 940 [6260009, 23, 4764213, 68775, 39796, 1384491]
Loop 941 [6349863, 11, 4922082, 73337, 46081, 1306249]
Loop 942 [6522153, 21, 5029860, 66504, 44060, 1379161]
Loop 943 [6620572, 9, 5195634, 73141, 48720, 1300315]
Loop 944 [6161738, 10, 4749725, 69217, 36358, 1304216]
Loop 945 [6179459, 11, 4771058, 63386, 35503, 1306886]
Loop 946 [6179541, 21, 4684952, 68994, 42182, 1380738]
Loop 947 [6655938, 11, 5233578, 73661, 43291, 1303020]
Loop 948 [6512366, 10, 5090318, 66056, 35490, 1317634]
Loop 949 [4853080, 10, 3445734, 62615, 29327, 1313829]
Loop 950 [6081350, 21, 4596141, 59762, 41092, 1381955]
Loop 951 [6431468, 11, 5016799, 71695, 39529, 1300324]
Loop 952 [29507504, 11, 28003161, 151782, 41746, 1304742]
Loop 953 [6326064, 23, 4814913, 78334, 58049, 1372366]
Loop 954 [6012875, 10, 4549523, 115105, 55008, 1290959]
Loop 955 [5767051, 23, 4270814, 84477, 55717, 1353685]
Loop 956 [32353676, 10, 30901455, 109877, 74533, 1264966]
Loop 957 [6395226, 11, 4930473, 117853, 54911, 1289763]
Loop 958 [5960037, 10, 4516297, 90553, 56221, 1294791]
Loop 959 [6600952, 21, 4995735, 146860, 132027, 1323454]
Loop 960 [6387418, 22, 4754275, 198077, 58259, 1374043]
Loop 961 [6318862, 21, 4765410, 104093, 59910, 1386662]
Loop 962 [6734743, 10, 5175170, 193206, 69622, 1290097]
Loop 963 [6528607, 9, 5049583, 90230, 123959, 1262008]
Loop 964 [4989300, 9, 3448798, 182370, 41788, 1314342]
Loop 965 [6319023, 23, 4813591, 81671, 56552, 1364864]
Loop 966 [6144788, 22, 4634228, 92701, 106255, 1309302]
Loop 967 [4584031, 22, 3036095, 122367, 74935, 1348757]
Loop 968 [6163330, 21, 4652187, 88249, 55279, 1365583]
Loop 969 [4531340, 21, 3037569, 85368, 43665, 1363514]
Loop 970 [6169455, 23, 4634866, 114925, 51814, 1365456]
Loop 971 [6401240, 10, 4976260, 89071, 57661, 1276428]
Loop 972 [6241864, 21, 4759857, 78446, 50688, 1350665]
Loop 973 [6133222, 22, 4617825, 83679, 50778, 1379087]
Loop 974 [5582144, 21, 4071599, 87631, 53241, 1367017]
Loop 975 [6452115, 11, 5010795, 91201, 55837, 1291684]
Loop 976 [6246039, 23, 4691252, 83101, 135797, 1333365]
Loop 977 [6247630, 21, 4668308, 164139, 51550, 1361581]
Loop 978 [6245188, 22, 4739177, 77138, 39054, 1387507]
Loop 979 [6217105, 23, 4730317, 67499, 38910, 1378850]
Loop 980 [6596393, 11, 5168740, 72809, 49021, 1302894]
Loop 981 [4850146, 11, 3438374, 66848, 30145, 1313019]
Loop 982 [6327174, 22, 4832546, 60405, 47460, 1383521]
Loop 983 [6133226, 21, 4651028, 68808, 36502, 1374741]
Loop 984 [4571894, 21, 3103169, 66836, 29855, 1370323]
Loop 985 [6396317, 10, 4980638, 63382, 46840, 1302773]
Loop 986 [4640841, 10, 3237229, 60188, 25900, 1315633]
Loop 987 [6263594, 9, 4853229, 61823, 33551, 1312710]
Loop 988 [4666186, 9, 3270191, 58174, 26248, 1309516]
Loop 989 [6295055, 23, 4822756, 58677, 45857, 1365239]
Loop 990 [6113791, 22, 4648930, 63421, 35630, 1363354]
Loop 991 [6376582, 10, 4965238, 66356, 36174, 1306689]
Loop 992 [6296093, 21, 4811526, 59330, 49951, 1372635]
Loop 993 [6460539, 9, 5034662, 70800, 38941, 1313635]
Loop 994 [6308158, 11, 4892915, 60526, 33759, 1318958]
Loop 995 [6090348, 10, 4672814, 69879, 37962, 1307087]
Loop 996 [6480190, 9, 5069551, 64514, 41400, 1302202]
Loop 997 [6052665, 22, 4550704, 66287, 42682, 1390544]
Loop 998 [4695259, 22, 3202607, 70913, 35954, 1384174]
Loop 999 [5612305, 21, 4127723, 66413, 37503, 1378316]
replicas primary file /tmp16777216hydra.dat capacity 4194304
replicas slave file /tmp16777216hydra.datLQL0 capacity 4194304
replicas slave file /tmp16777216hydra.datLQL1 capacity 4194304
replicas slave file /tmp16777216hydra.datLQL2 capacity 4194304
replicas slave file /tmp16777216hydra.datLQL3 capacity 4194304
replicas slave file /tmp16777216hydra.datLQL4 capacity 4194304
