writeECPipeline, filename /tmp16777216eccache.dat, size 16777216, encodingSplitSize 4194304, loop 1000, storageClass 0, locationClass 0, pureMonECSubStripeNum 1, isPureMonEC false
MicroEC Coding Ready

starting benchmark...
CrailConstants.REPLICATION_FACTOR has changed to 5
replicas primary file /tmp16777216eccache.dat capacity 0
replicas slave file /tmp16777216eccache.datLQL0 capacity 0
replicas slave file /tmp16777216eccache.datLQL1 capacity 0
replicas slave file /tmp16777216eccache.datLQL2 capacity 0
replicas slave file /tmp16777216eccache.datLQL3 capacity 0
replicas slave file /tmp16777216eccache.datLQL4 capacity 0
ops 1000
final loop (us) 7810.361
Loop 0 (us) 9672.84
Loop 1 (us) 8604.553
Loop 2 (us) 9631.752
Loop 3 (us) 9020.527
Loop 4 (us) 9673.276
Loop 5 (us) 9475.683
Loop 6 (us) 9130.628
Loop 7 (us) 8887.752
Loop 8 (us) 8556.234
Loop 9 (us) 8870.904
Loop 10 (us) 9619.457
Loop 11 (us) 12600.908
Loop 12 (us) 9282.71
Loop 13 (us) 7998.599
Loop 14 (us) 8442.061
Loop 15 (us) 9679.932
Loop 16 (us) 8959.065
Loop 17 (us) 8771.723
Loop 18 (us) 9481.677
Loop 19 (us) 7768.572
Loop 20 (us) 8893.604
Loop 21 (us) 9490.605
Loop 22 (us) 8539.635
Loop 23 (us) 7177.092
Loop 24 (us) 9303.411
Loop 25 (us) 9336.915
Loop 26 (us) 9032.104
Loop 27 (us) 9152.417
Loop 28 (us) 9082.885
Loop 29 (us) 7252.92
Loop 30 (us) 9340.853
Loop 31 (us) 8616.265
Loop 32 (us) 9125.449
Loop 33 (us) 9449.533
Loop 34 (us) 9085.71
Loop 35 (us) 8797.322
Loop 36 (us) 8343.082
Loop 37 (us) 7158.835
Loop 38 (us) 10592.265
Loop 39 (us) 7019.253
Loop 40 (us) 9360.126
Loop 41 (us) 9323.424
Loop 42 (us) 8686.967
Loop 43 (us) 8660.493
Loop 44 (us) 9112.042
Loop 45 (us) 7652.869
Loop 46 (us) 8926.556
Loop 47 (us) 8682.594
Loop 48 (us) 9217.764
Loop 49 (us) 8829.105
Loop 50 (us) 8993.685
Loop 51 (us) 8881.552
Loop 52 (us) 8787.627
Loop 53 (us) 8440.121
Loop 54 (us) 13107.591
Loop 55 (us) 9123.832
Loop 56 (us) 8778.065
Loop 57 (us) 8791.824
Loop 58 (us) 9905.375
Loop 59 (us) 8087.634
Loop 60 (us) 9281.915
Loop 61 (us) 8638.285
Loop 62 (us) 7061.662
Loop 63 (us) 9302.579
Loop 64 (us) 8849.299
Loop 65 (us) 9284.917
Loop 66 (us) 7617.031
Loop 67 (us) 7394.594
Loop 68 (us) 9268.814
Loop 69 (us) 9198.39
Loop 70 (us) 8882.625
Loop 71 (us) 9401.266
Loop 72 (us) 7853.805
Loop 73 (us) 8862.76
Loop 74 (us) 9071.546
Loop 75 (us) 9012.5
Loop 76 (us) 9211.971
Loop 77 (us) 9120.551
Loop 78 (us) 8766.945
Loop 79 (us) 8780.514
Loop 80 (us) 9564.307
Loop 81 (us) 12828.554
Loop 82 (us) 8664.625
Loop 83 (us) 8168.328
Loop 84 (us) 7160.072
Loop 85 (us) 6917.268
Loop 86 (us) 9311.8
Loop 87 (us) 8253.549
Loop 88 (us) 8766.635
Loop 89 (us) 9336.928
Loop 90 (us) 7641.395
Loop 91 (us) 8833.046
Loop 92 (us) 9456.367
Loop 93 (us) 7847.809
Loop 94 (us) 9281.067
Loop 95 (us) 8430.451
Loop 96 (us) 8694.292
Loop 97 (us) 8313.242
Loop 98 (us) 7027.967
Loop 99 (us) 9293.66
Loop 100 (us) 9261.378
Loop 101 (us) 8030.223
Loop 102 (us) 8794.827
Loop 103 (us) 8293.855
Loop 104 (us) 7216.935
Loop 105 (us) 8648.006
Loop 106 (us) 8966.353
Loop 107 (us) 8351.855
Loop 108 (us) 11858.93
Loop 109 (us) 9008.777
Loop 110 (us) 7034.662
Loop 111 (us) 6924.708
Loop 112 (us) 8667.277
Loop 113 (us) 7113.715
Loop 114 (us) 9334.441
Loop 115 (us) 8366.489
Loop 116 (us) 8878.792
Loop 117 (us) 8658.604
Loop 118 (us) 7029.247
Loop 119 (us) 6879.227
Loop 120 (us) 9308.298
Loop 121 (us) 9475.375
Loop 122 (us) 8977.292
Loop 123 (us) 9403.353
Loop 124 (us) 8952.335
Loop 125 (us) 9138.064
Loop 126 (us) 8464.662
Loop 127 (us) 47548.93
Loop 128 (us) 8818.076
Loop 129 (us) 8620.835
Loop 130 (us) 8774.758
Loop 131 (us) 9537.949
Loop 132 (us) 9485.582
Loop 133 (us) 9144.227
Loop 134 (us) 9483.037
Loop 135 (us) 8563.272
Loop 136 (us) 8787.898
Loop 137 (us) 8577.948
Loop 138 (us) 9562.277
Loop 139 (us) 8045.726
Loop 140 (us) 8851.699
Loop 141 (us) 9518.471
Loop 142 (us) 7925.427
Loop 143 (us) 10181.622
Loop 144 (us) 9277.452
Loop 145 (us) 8870.035
Loop 146 (us) 9124.679
Loop 147 (us) 8777.641
Loop 148 (us) 7040.103
Loop 149 (us) 14910.67
Loop 150 (us) 36037.116
Loop 151 (us) 9048.455
Loop 152 (us) 7172.239
Loop 153 (us) 9368.509
Loop 154 (us) 8896.174
Loop 155 (us) 7627.323
Loop 156 (us) 8836.513
Loop 157 (us) 9129.08
Loop 158 (us) 7648.135
Loop 159 (us) 8547.741
Loop 160 (us) 9442.146
Loop 161 (us) 8887.215
Loop 162 (us) 7832.74
Loop 163 (us) 7457.764
Loop 164 (us) 8861.121
Loop 165 (us) 37471.278
Loop 166 (us) 8542.963
Loop 167 (us) 8774.16
Loop 168 (us) 8591.196
Loop 169 (us) 7170.09
Loop 170 (us) 9311.246
Loop 171 (us) 8856.638
Loop 172 (us) 7011.1
Loop 173 (us) 9353.265
Loop 174 (us) 7826.34
Loop 175 (us) 9271.031
Loop 176 (us) 8800.067
Loop 177 (us) 8660.744
Loop 178 (us) 8497.339
Loop 179 (us) 10267.831
Loop 180 (us) 8372.785
Loop 181 (us) 9184.832
Loop 182 (us) 9277.633
Loop 183 (us) 9293.266
Loop 184 (us) 9299.569
Loop 185 (us) 9053.835
Loop 186 (us) 8764.819
Loop 187 (us) 7254.12
Loop 188 (us) 8896.139
Loop 189 (us) 9087.61
Loop 190 (us) 9263.645
Loop 191 (us) 8016.266
Loop 192 (us) 8502.523
Loop 193 (us) 9564.453
Loop 194 (us) 11853.957
Loop 195 (us) 9462.344
Loop 196 (us) 8894.162
Loop 197 (us) 8791.175
Loop 198 (us) 9575.174
Loop 199 (us) 8036.559
Loop 200 (us) 9352.207
Loop 201 (us) 8986.698
Loop 202 (us) 8849.104
Loop 203 (us) 8734.126
Loop 204 (us) 9548.761
Loop 205 (us) 8890.217
Loop 206 (us) 9376.304
Loop 207 (us) 8885.415
Loop 208 (us) 9525.133
Loop 209 (us) 9536.81
Loop 210 (us) 9277.188
Loop 211 (us) 9212.006
Loop 212 (us) 9283.562
Loop 213 (us) 8915.826
Loop 214 (us) 9706.319
Loop 215 (us) 9039.029
Loop 216 (us) 8529.777
Loop 217 (us) 8766.972
Loop 218 (us) 8461.396
Loop 219 (us) 9588.156
Loop 220 (us) 9501.739
Loop 221 (us) 8357.533
Loop 222 (us) 9993.08
Loop 223 (us) 8404.412
Loop 224 (us) 7253.656
Loop 225 (us) 8650.263
Loop 226 (us) 8711.212
Loop 227 (us) 9344.495
Loop 228 (us) 9299.861
Loop 229 (us) 8512.592
Loop 230 (us) 8094.685
Loop 231 (us) 9558.696
Loop 232 (us) 9004.324
Loop 233 (us) 8643.519
Loop 234 (us) 11398.247
Loop 235 (us) 9478.023
Loop 236 (us) 7834.743
Loop 237 (us) 8945.058
Loop 238 (us) 9392.618
Loop 239 (us) 7882.823
Loop 240 (us) 8331.63
Loop 241 (us) 8151.455
Loop 242 (us) 7042.863
Loop 243 (us) 8668.741
Loop 244 (us) 8063.882
Loop 245 (us) 9589.181
Loop 246 (us) 9321.793
Loop 247 (us) 9915.26
Loop 248 (us) 9095.752
Loop 249 (us) 8787.77
Loop 250 (us) 9578.641
Loop 251 (us) 9111.707
Loop 252 (us) 8146.366
Loop 253 (us) 9335.56
Loop 254 (us) 8857.967
Loop 255 (us) 9355.726
Loop 256 (us) 8849.463
Loop 257 (us) 9573.992
Loop 258 (us) 7795.716
Loop 259 (us) 8889.232
Loop 260 (us) 8667.662
Loop 261 (us) 8486.806
Loop 262 (us) 7190.893
Loop 263 (us) 9294.815
Loop 264 (us) 8469.462
Loop 265 (us) 7088.055
Loop 266 (us) 9350.336
Loop 267 (us) 9261.347
Loop 268 (us) 8427.872
Loop 269 (us) 8778.528
Loop 270 (us) 9336.935
Loop 271 (us) 8910.877
Loop 272 (us) 9550.48
Loop 273 (us) 9112.793
Loop 274 (us) 12564.983
Loop 275 (us) 9674.67
Loop 276 (us) 9441.86
Loop 277 (us) 9141.439
Loop 278 (us) 9001.02
Loop 279 (us) 7278.574
Loop 280 (us) 8638.471
Loop 281 (us) 7087.044
Loop 282 (us) 8873.854
Loop 283 (us) 8378.043
Loop 284 (us) 9334.576
Loop 285 (us) 8943.785
Loop 286 (us) 9047.578
Loop 287 (us) 9419.74
Loop 288 (us) 8979.263
Loop 289 (us) 9433.04
Loop 290 (us) 9213.134
Loop 291 (us) 9019.863
Loop 292 (us) 8846.313
Loop 293 (us) 9017.741
Loop 294 (us) 8642.27
Loop 295 (us) 7715.048
Loop 296 (us) 8789.357
Loop 297 (us) 9646.286
Loop 298 (us) 8446.631
Loop 299 (us) 8676.961
Loop 300 (us) 8773.202
Loop 301 (us) 9327.972
Loop 302 (us) 9185.573
Loop 303 (us) 7855.402
Loop 304 (us) 8830.135
Loop 305 (us) 8195.438
Loop 306 (us) 9155.181
Loop 307 (us) 9497.26
Loop 308 (us) 8035.591
Loop 309 (us) 8826.326
Loop 310 (us) 9370.7
Loop 311 (us) 9341.618
Loop 312 (us) 8818.092
Loop 313 (us) 7035.27
Loop 314 (us) 6780.538
Loop 315 (us) 9158.408
Loop 316 (us) 8800.479
Loop 317 (us) 8943.441
Loop 318 (us) 8840.486
Loop 319 (us) 9338.909
Loop 320 (us) 8842.75
Loop 321 (us) 9397.261
Loop 322 (us) 8949.409
Loop 323 (us) 8763.377
Loop 324 (us) 9274.378
Loop 325 (us) 9065.234
Loop 326 (us) 8778.521
Loop 327 (us) 8997.45
Loop 328 (us) 9196.078
Loop 329 (us) 9052.483
Loop 330 (us) 8767.282
Loop 331 (us) 9554.882
Loop 332 (us) 9554.217
Loop 333 (us) 7970.7
Loop 334 (us) 8491.074
Loop 335 (us) 9323.774
Loop 336 (us) 9354.883
Loop 337 (us) 8409.82
Loop 338 (us) 8940.306
Loop 339 (us) 8854.023
Loop 340 (us) 8758.694
Loop 341 (us) 7162.19
Loop 342 (us) 6842.156
Loop 343 (us) 8094.801
Loop 344 (us) 7078.147
Loop 345 (us) 6882.587
Loop 346 (us) 8636.367
Loop 347 (us) 9335.896
Loop 348 (us) 8473.504
Loop 349 (us) 9174.254
Loop 350 (us) 9047.221
Loop 351 (us) 9636.16
Loop 352 (us) 9081.573
Loop 353 (us) 9325.461
Loop 354 (us) 7832.23
Loop 355 (us) 8199.623
Loop 356 (us) 9642.316
Loop 357 (us) 8648.964
Loop 358 (us) 9610.658
Loop 359 (us) 8431.255
Loop 360 (us) 8751.335
Loop 361 (us) 7199.17
Loop 362 (us) 6853.107
Loop 363 (us) 9324.761
Loop 364 (us) 9285.449
Loop 365 (us) 8846.616
Loop 366 (us) 9249.752
Loop 367 (us) 7812.704
Loop 368 (us) 8788.987
Loop 369 (us) 8872.217
Loop 370 (us) 10648.076
Loop 371 (us) 8804.009
Loop 372 (us) 9575.115
Loop 373 (us) 9479.6
Loop 374 (us) 9296.642
Loop 375 (us) 8737.967
Loop 376 (us) 9585.885
Loop 377 (us) 8641.773
Loop 378 (us) 9576.293
Loop 379 (us) 37158.174
Loop 380 (us) 8551.517
Loop 381 (us) 7204.773
Loop 382 (us) 8658.664
Loop 383 (us) 8203.05
Loop 384 (us) 8830.09
Loop 385 (us) 7152.552
Loop 386 (us) 9361.691
Loop 387 (us) 8895.672
Loop 388 (us) 8793.29
Loop 389 (us) 8613.949
Loop 390 (us) 9089.42
Loop 391 (us) 9112.584
Loop 392 (us) 7204.997
Loop 393 (us) 8661.497
Loop 394 (us) 8659.449
Loop 395 (us) 8403.117
Loop 396 (us) 9626.184
Loop 397 (us) 8956.356
Loop 398 (us) 7274.949
Loop 399 (us) 8817.186
Loop 400 (us) 7846.684
Loop 401 (us) 8782.037
Loop 402 (us) 9314.614
Loop 403 (us) 8846.148
Loop 404 (us) 7058.378
Loop 405 (us) 9290.875
Loop 406 (us) 7584.829
Loop 407 (us) 8406.285
Loop 408 (us) 9168.046
Loop 409 (us) 8889.621
Loop 410 (us) 7782.835
Loop 411 (us) 8213.037
Loop 412 (us) 8681.099
Loop 413 (us) 7245.278
Loop 414 (us) 8657.363
Loop 415 (us) 9317.291
Loop 416 (us) 9256.694
Loop 417 (us) 7803.969
Loop 418 (us) 7590.449
Loop 419 (us) 8803.158
Loop 420 (us) 8321.004
Loop 421 (us) 9144.84
Loop 422 (us) 9274.178
Loop 423 (us) 9268.405
Loop 424 (us) 8830.751
Loop 425 (us) 8790.403
Loop 426 (us) 36250.1
Loop 427 (us) 8445.664
Loop 428 (us) 9454.457
Loop 429 (us) 9400.495
Loop 430 (us) 9000.682
Loop 431 (us) 9316.813
Loop 432 (us) 8805.378
Loop 433 (us) 8795.682
Loop 434 (us) 9581.608
Loop 435 (us) 9482.783
Loop 436 (us) 9041.823
Loop 437 (us) 9584.625
Loop 438 (us) 22042.732
Loop 439 (us) 8625.639
Loop 440 (us) 8764.477
Loop 441 (us) 9335.129
Loop 442 (us) 8793.696
Loop 443 (us) 7255.788
Loop 444 (us) 6866.745
Loop 445 (us) 9331.974
Loop 446 (us) 9292.101
Loop 447 (us) 9220.795
Loop 448 (us) 8823.522
Loop 449 (us) 8865.704
Loop 450 (us) 7841.249
Loop 451 (us) 8965.271
Loop 452 (us) 9060.667
Loop 453 (us) 8850.42
Loop 454 (us) 10160.838
Loop 455 (us) 8827.048
Loop 456 (us) 9446.323
Loop 457 (us) 7828.242
Loop 458 (us) 7506.788
Loop 459 (us) 8423.551
Loop 460 (us) 9355.324
Loop 461 (us) 9281.913
Loop 462 (us) 9238.266
Loop 463 (us) 7715.334
Loop 464 (us) 8870.845
Loop 465 (us) 7184.591
Loop 466 (us) 9386.167
Loop 467 (us) 8058.773
Loop 468 (us) 8629.693
Loop 469 (us) 9336.731
Loop 470 (us) 8851.989
Loop 471 (us) 9301.93
Loop 472 (us) 8636.197
Loop 473 (us) 7045.484
Loop 474 (us) 9327.281
Loop 475 (us) 9318.645
Loop 476 (us) 9040.654
Loop 477 (us) 7034.365
Loop 478 (us) 8670.294
Loop 479 (us) 9330.283
Loop 480 (us) 9266.479
Loop 481 (us) 8863.32
Loop 482 (us) 8757.191
Loop 483 (us) 9489.861
Loop 484 (us) 8979.072
Loop 485 (us) 9210.591
Loop 486 (us) 38659.397
Loop 487 (us) 8883.765
Loop 488 (us) 9381.725
Loop 489 (us) 8547.863
Loop 490 (us) 8701.579
Loop 491 (us) 7074.76
Loop 492 (us) 8292.283
Loop 493 (us) 8668.795
Loop 494 (us) 8624.235
Loop 495 (us) 9298.552
Loop 496 (us) 9209.854
Loop 497 (us) 9388.513
Loop 498 (us) 7986.243
Loop 499 (us) 7383.874
Loop 500 (us) 8818.543
Loop 501 (us) 8640.537
Loop 502 (us) 8834.185
Loop 503 (us) 9475.21
Loop 504 (us) 8893.864
Loop 505 (us) 9333.613
Loop 506 (us) 8336.942
Loop 507 (us) 8799.292
Loop 508 (us) 8800.015
Loop 509 (us) 9574.926
Loop 510 (us) 59111.476
Loop 511 (us) 9010.132
Loop 512 (us) 9411.485
Loop 513 (us) 9473.199
Loop 514 (us) 8696.079
Loop 515 (us) 8230.529
Loop 516 (us) 9564.234
Loop 517 (us) 7873.308
Loop 518 (us) 8827.799
Loop 519 (us) 7145.788
Loop 520 (us) 9340.284
Loop 521 (us) 8317.687
Loop 522 (us) 8722.8
Loop 523 (us) 9165.615
Loop 524 (us) 9515.218
Loop 525 (us) 7981.695
Loop 526 (us) 8811.803
Loop 527 (us) 7152.008
Loop 528 (us) 8671.985
Loop 529 (us) 7110.085
Loop 530 (us) 9341.507
Loop 531 (us) 9261.897
Loop 532 (us) 7886.181
Loop 533 (us) 8660.892
Loop 534 (us) 8278.851
Loop 535 (us) 8820.312
Loop 536 (us) 8727.931
Loop 537 (us) 8279.626
Loop 538 (us) 8679.915
Loop 539 (us) 8669.551
Loop 540 (us) 7191.553
Loop 541 (us) 8236.892
Loop 542 (us) 50959.869
Loop 543 (us) 7850.853
Loop 544 (us) 9263.237
Loop 545 (us) 8685.518
Loop 546 (us) 7931.086
Loop 547 (us) 8303.921
Loop 548 (us) 9272.03
Loop 549 (us) 9431.687
Loop 550 (us) 9030.994
Loop 551 (us) 9388.69
Loop 552 (us) 9239.741
Loop 553 (us) 9015.848
Loop 554 (us) 9234.189
Loop 555 (us) 9014.131
Loop 556 (us) 8472.258
Loop 557 (us) 9577.38
Loop 558 (us) 9501.448
Loop 559 (us) 9463.043
Loop 560 (us) 9072.58
Loop 561 (us) 9571.7
Loop 562 (us) 16072.375
Loop 563 (us) 9049.538
Loop 564 (us) 8879.805
Loop 565 (us) 9221.712
Loop 566 (us) 8455.734
Loop 567 (us) 9005.088
Loop 568 (us) 8925.541
Loop 569 (us) 8810.351
Loop 570 (us) 8801.239
Loop 571 (us) 9571.335
Loop 572 (us) 8865.92
Loop 573 (us) 9417.8
Loop 574 (us) 8799.988
Loop 575 (us) 7243.254
Loop 576 (us) 6899.363
Loop 577 (us) 9352.56
Loop 578 (us) 8860.688
Loop 579 (us) 7786.532
Loop 580 (us) 8824.75
Loop 581 (us) 9404.167
Loop 582 (us) 9180.646
Loop 583 (us) 7691.994
Loop 584 (us) 8230.172
Loop 585 (us) 7090.043
Loop 586 (us) 8742.686
Loop 587 (us) 8778.036
Loop 588 (us) 7791.229
Loop 589 (us) 7428.862
Loop 590 (us) 7662.908
Loop 591 (us) 9255.954
Loop 592 (us) 8828.286
Loop 593 (us) 9333.083
Loop 594 (us) 8871.82
Loop 595 (us) 7790.09
Loop 596 (us) 9275.874
Loop 597 (us) 8776.176
Loop 598 (us) 8555.347
Loop 599 (us) 8800.686
Loop 600 (us) 8870.433
Loop 601 (us) 9043.819
Loop 602 (us) 9605.134
Loop 603 (us) 9444.376
Loop 604 (us) 9052.031
Loop 605 (us) 9450.814
Loop 606 (us) 9886.576
Loop 607 (us) 9361.536
Loop 608 (us) 9486.766
Loop 609 (us) 8028.857
Loop 610 (us) 7716.778
Loop 611 (us) 9093.469
Loop 612 (us) 7836.434
Loop 613 (us) 7746.654
Loop 614 (us) 7503.407
Loop 615 (us) 8848.379
Loop 616 (us) 7145.116
Loop 617 (us) 9273.217
Loop 618 (us) 8836.442
Loop 619 (us) 8669.544
Loop 620 (us) 7773.187
Loop 621 (us) 8092.164
Loop 622 (us) 8887.659
Loop 623 (us) 8864.578
Loop 624 (us) 8390.372
Loop 625 (us) 9554.252
Loop 626 (us) 9300.013
Loop 627 (us) 9063.286
Loop 628 (us) 7248.24
Loop 629 (us) 9136.745
Loop 630 (us) 8430.547
Loop 631 (us) 8782.106
Loop 632 (us) 8339.686
Loop 633 (us) 7185.858
Loop 634 (us) 9328.063
Loop 635 (us) 7842.729
Loop 636 (us) 8117.284
Loop 637 (us) 9627.616
Loop 638 (us) 8923.757
Loop 639 (us) 8810.188
Loop 640 (us) 7242.811
Loop 641 (us) 9331.426
Loop 642 (us) 8394.832
Loop 643 (us) 9219.17
Loop 644 (us) 9483.024
Loop 645 (us) 7974.224
Loop 646 (us) 8885.358
Loop 647 (us) 7142.412
Loop 648 (us) 8908.278
Loop 649 (us) 9281.54
Loop 650 (us) 58464.035
Loop 651 (us) 8165.397
Loop 652 (us) 9528.579
Loop 653 (us) 9224.164
Loop 654 (us) 9040.254
Loop 655 (us) 8786.679
Loop 656 (us) 7221.525
Loop 657 (us) 8031.155
Loop 658 (us) 9406.342
Loop 659 (us) 8872.75
Loop 660 (us) 9323.632
Loop 661 (us) 9496.1
Loop 662 (us) 7886.784
Loop 663 (us) 8884.581
Loop 664 (us) 7122.448
Loop 665 (us) 8666.154
Loop 666 (us) 8648.483
Loop 667 (us) 7110.411
Loop 668 (us) 8099.484
Loop 669 (us) 7114.203
Loop 670 (us) 9299.249
Loop 671 (us) 8461.53
Loop 672 (us) 9256.232
Loop 673 (us) 8313.212
Loop 674 (us) 7095.38
Loop 675 (us) 8650.491
Loop 676 (us) 9420.032
Loop 677 (us) 9213.196
Loop 678 (us) 8691.574
Loop 679 (us) 8667.235
Loop 680 (us) 7050.611
Loop 681 (us) 6904.15
Loop 682 (us) 6920.315
Loop 683 (us) 8659.612
Loop 684 (us) 8816.629
Loop 685 (us) 8292.569
Loop 686 (us) 8776.51
Loop 687 (us) 9543.878
Loop 688 (us) 9501.548
Loop 689 (us) 9062.284
Loop 690 (us) 13404.745
Loop 691 (us) 8302.704
Loop 692 (us) 7257.069
Loop 693 (us) 6896.99
Loop 694 (us) 8292.079
Loop 695 (us) 8391.135
Loop 696 (us) 9423.502
Loop 697 (us) 8446.974
Loop 698 (us) 7109.802
Loop 699 (us) 9361.933
Loop 700 (us) 9306.675
Loop 701 (us) 9334.162
Loop 702 (us) 8614.696
Loop 703 (us) 8864.293
Loop 704 (us) 9165.582
Loop 705 (us) 8699.243
Loop 706 (us) 8675.545
Loop 707 (us) 9356.464
Loop 708 (us) 9263.116
Loop 709 (us) 8083.538
Loop 710 (us) 8683.563
Loop 711 (us) 8145.282
Loop 712 (us) 8250.077
Loop 713 (us) 8671.422
Loop 714 (us) 8249.911
Loop 715 (us) 9251.161
Loop 716 (us) 8873.781
Loop 717 (us) 7246.368
Loop 718 (us) 8641.661
Loop 719 (us) 7091.834
Loop 720 (us) 9336.554
Loop 721 (us) 8448.245
Loop 722 (us) 7766.38
Loop 723 (us) 9294.357
Loop 724 (us) 9080.177
Loop 725 (us) 9690.423
Loop 726 (us) 9232.227
Loop 727 (us) 8739.722
Loop 728 (us) 8778.286
Loop 729 (us) 8457.21
Loop 730 (us) 9589.512
Loop 731 (us) 11348.597
Loop 732 (us) 9022.185
Loop 733 (us) 8848.168
Loop 734 (us) 9234.562
Loop 735 (us) 8011.743
Loop 736 (us) 9366.981
Loop 737 (us) 8592.577
Loop 738 (us) 9539.476
Loop 739 (us) 8816.196
Loop 740 (us) 9215.244
Loop 741 (us) 9315.699
Loop 742 (us) 9087.5
Loop 743 (us) 8785.639
Loop 744 (us) 9345.784
Loop 745 (us) 8712.108
Loop 746 (us) 9593.295
Loop 747 (us) 8837.493
Loop 748 (us) 7258.139
Loop 749 (us) 8672.342
Loop 750 (us) 8670.44
Loop 751 (us) 7208.438
Loop 752 (us) 8543.626
Loop 753 (us) 9334.58
Loop 754 (us) 7768.563
Loop 755 (us) 9275.615
Loop 756 (us) 7765.307
Loop 757 (us) 8027.947
Loop 758 (us) 8712.508
Loop 759 (us) 8785.184
Loop 760 (us) 7236.388
Loop 761 (us) 9319.957
Loop 762 (us) 8661.029
Loop 763 (us) 7098.948
Loop 764 (us) 8677.796
Loop 765 (us) 8987.723
Loop 766 (us) 8355.066
Loop 767 (us) 8440.876
Loop 768 (us) 9330.126
Loop 769 (us) 7742.692
Loop 770 (us) 7696.74
Loop 771 (us) 9203.253
Loop 772 (us) 7673.358
Loop 773 (us) 7689.801
Loop 774 (us) 8817.113
Loop 775 (us) 9293.063
Loop 776 (us) 9251.112
Loop 777 (us) 8716.264
Loop 778 (us) 7785.661
Loop 779 (us) 8778.016
Loop 780 (us) 9284.951
Loop 781 (us) 9283.876
Loop 782 (us) 7905.553
Loop 783 (us) 9230.695
Loop 784 (us) 9263.375
Loop 785 (us) 9291.102
Loop 786 (us) 9040.415
Loop 787 (us) 8790.866
Loop 788 (us) 9048.754
Loop 789 (us) 9055.863
Loop 790 (us) 9491.998
Loop 791 (us) 11961.656
Loop 792 (us) 9599.771
Loop 793 (us) 8733.097
Loop 794 (us) 8784.235
Loop 795 (us) 8819.679
Loop 796 (us) 9575.509
Loop 797 (us) 9451.489
Loop 798 (us) 9044.66
Loop 799 (us) 9539.96
Loop 800 (us) 8033.969
Loop 801 (us) 9279.989
Loop 802 (us) 8901.958
Loop 803 (us) 8686.353
Loop 804 (us) 9385.027
Loop 805 (us) 7731.687
Loop 806 (us) 8475.218
Loop 807 (us) 8376.106
Loop 808 (us) 8512.095
Loop 809 (us) 7062.667
Loop 810 (us) 6872.799
Loop 811 (us) 9161.053
Loop 812 (us) 8899.091
Loop 813 (us) 8664.974
Loop 814 (us) 9055.442
Loop 815 (us) 8400.151
Loop 816 (us) 9424.194
Loop 817 (us) 8862.244
Loop 818 (us) 8589.097
Loop 819 (us) 7187.219
Loop 820 (us) 8507.149
Loop 821 (us) 9351.594
Loop 822 (us) 9037.735
Loop 823 (us) 8697.82
Loop 824 (us) 7102.817
Loop 825 (us) 8661.667
Loop 826 (us) 7980.809
Loop 827 (us) 9545.796
Loop 828 (us) 8026.587
Loop 829 (us) 8548.725
Loop 830 (us) 9466.657
Loop 831 (us) 8296.149
Loop 832 (us) 9400.976
Loop 833 (us) 9346.881
Loop 834 (us) 9378.821
Loop 835 (us) 9055.97
Loop 836 (us) 8779.062
Loop 837 (us) 9616.741
Loop 838 (us) 9122.505
Loop 839 (us) 7938.5
Loop 840 (us) 9063.997
Loop 841 (us) 8626.187
Loop 842 (us) 7054.3
Loop 843 (us) 9321.763
Loop 844 (us) 7784.043
Loop 845 (us) 7370.435
Loop 846 (us) 8331.288
Loop 847 (us) 7141.31
Loop 848 (us) 6790.666
Loop 849 (us) 9282.902
Loop 850 (us) 9246.017
Loop 851 (us) 8784.895
Loop 852 (us) 7029.812
Loop 853 (us) 7890.363
Loop 854 (us) 7014.033
Loop 855 (us) 12650.932
Loop 856 (us) 7021.066
Loop 857 (us) 9349.048
Loop 858 (us) 8848.422
Loop 859 (us) 9468.767
Loop 860 (us) 8010.55
Loop 861 (us) 9326.945
Loop 862 (us) 8559.425
Loop 863 (us) 8855.614
Loop 864 (us) 9184.821
Loop 865 (us) 9376.649
Loop 866 (us) 8980.146
Loop 867 (us) 9327.413
Loop 868 (us) 7597.942
Loop 869 (us) 8156.842
Loop 870 (us) 8656.17
Loop 871 (us) 8682.4
Loop 872 (us) 7284.436
Loop 873 (us) 9295.203
Loop 874 (us) 7587.364
Loop 875 (us) 9206.521
Loop 876 (us) 8845.146
Loop 877 (us) 9374.485
Loop 878 (us) 9252.844
Loop 879 (us) 8953.848
Loop 880 (us) 9246.896
Loop 881 (us) 8672.417
Loop 882 (us) 9064.995
Loop 883 (us) 8831.795
Loop 884 (us) 7607.945
Loop 885 (us) 9047.984
Loop 886 (us) 9319.914
Loop 887 (us) 8868.019
Loop 888 (us) 8989.199
Loop 889 (us) 7929.783
Loop 890 (us) 8826.33
Loop 891 (us) 9095.562
Loop 892 (us) 7671.887
Loop 893 (us) 8827.235
Loop 894 (us) 9313.288
Loop 895 (us) 8831.208
Loop 896 (us) 7173.483
Loop 897 (us) 9316.143
Loop 898 (us) 8833.997
Loop 899 (us) 9349.29
Loop 900 (us) 8795.29
Loop 901 (us) 8470.74
Loop 902 (us) 8292.131
Loop 903 (us) 9388.085
Loop 904 (us) 8850.248
Loop 905 (us) 9265.55
Loop 906 (us) 9043.699
Loop 907 (us) 10456.69
Loop 908 (us) 8040.518
Loop 909 (us) 8878.103
Loop 910 (us) 9409.378
Loop 911 (us) 8887.074
Loop 912 (us) 8135.609
Loop 913 (us) 9453.44
Loop 914 (us) 8808.683
Loop 915 (us) 9068.099
Loop 916 (us) 8222.884
Loop 917 (us) 8772.389
Loop 918 (us) 8764.536
Loop 919 (us) 7164.564
Loop 920 (us) 6841.991
Loop 921 (us) 9358.267
Loop 922 (us) 9231.266
Loop 923 (us) 8420.191
Loop 924 (us) 8008.321
Loop 925 (us) 9094.008
Loop 926 (us) 9259.276
Loop 927 (us) 8207.756
Loop 928 (us) 7049.383
Loop 929 (us) 6905.767
Loop 930 (us) 8641.881
Loop 931 (us) 7916.576
Loop 932 (us) 9341.958
Loop 933 (us) 7656.862
Loop 934 (us) 7373.442
Loop 935 (us) 7467.425
Loop 936 (us) 9261.285
Loop 937 (us) 8835.689
Loop 938 (us) 7069.271
Loop 939 (us) 8625.361
Loop 940 (us) 9333.25
Loop 941 (us) 8481.815
Loop 942 (us) 9208.305
Loop 943 (us) 8653.548
Loop 944 (us) 8978.164
Loop 945 (us) 9199.081
Loop 946 (us) 8805.289
Loop 947 (us) 9276.168
Loop 948 (us) 8339.658
Loop 949 (us) 9444.65
Loop 950 (us) 8056.239
Loop 951 (us) 7589.484
Loop 952 (us) 9273.366
Loop 953 (us) 8468.393
Loop 954 (us) 9385.044
Loop 955 (us) 8567.307
Loop 956 (us) 9219.28
Loop 957 (us) 9448.246
Loop 958 (us) 9140.475
Loop 959 (us) 9087.037
Loop 960 (us) 8796.131
Loop 961 (us) 9589.028
Loop 962 (us) 9422.595
Loop 963 (us) 9006.51
Loop 964 (us) 9431.346
Loop 965 (us) 8870.9
Loop 966 (us) 9308.723
Loop 967 (us) 9447.946
Loop 968 (us) 9355.377
Loop 969 (us) 8800.167
Loop 970 (us) 8769.508
Loop 971 (us) 9582.8
Loop 972 (us) 9519.709
Loop 973 (us) 9430.269
Loop 974 (us) 9410.883
Loop 975 (us) 8630.738
Loop 976 (us) 8106.372
Loop 977 (us) 9280.941
Loop 978 (us) 10688.92
Loop 979 (us) 9185.706
Loop 980 (us) 9259.811
Loop 981 (us) 9493.829
Loop 982 (us) 9046.394
Loop 983 (us) 9079.236
Loop 984 (us) 9249.318
Loop 985 (us) 9179.503
Loop 986 (us) 9292.099
Loop 987 (us) 9034.006
Loop 988 (us) 9177.714
Loop 989 (us) 9101.462
Loop 990 (us) 9087.75
Loop 991 (us) 8789.528
Loop 992 (us) 8791.189
Loop 993 (us) 9626.275
Loop 994 (us) 9478.824
Loop 995 (us) 8563.461
Loop 996 (us) 9604.043
Loop 997 (us) 9068.897
Loop 998 (us) 9602.184
Loop 999 (us) 7810.361
Warmup times 0
avgLoopLatency(us) 9105.578378
iops 109.82278757998517
variance 3624.0369205684706
Loop 0 [9672840, 5323867, 84758, 4241784]
Loop 1 [8604553, 4440901, 82315, 4053927]
Loop 2 [9631752, 5258536, 94126, 4239419]
Loop 3 [9020527, 4849450, 79773, 4069286]
Loop 4 [9673276, 5323439, 83234, 4245103]
Loop 5 [9475683, 5118741, 93140, 4240074]
Loop 6 [9130628, 4947157, 81527, 4076525]
Loop 7 [8887752, 4741492, 79275, 4048307]
Loop 8 [8556234, 4405280, 84387, 4045757]
Loop 9 [8870904, 4717307, 97227, 4037959]
Loop 10 [9619457, 5250988, 95757, 4251487]
Loop 11 [12600908, 8155478, 266822, 3934197]
Loop 12 [9282710, 4901790, 241731, 4116993]
Loop 13 [7998599, 3628510, 199647, 4150843]
Loop 14 [8442061, 4272976, 206889, 3942490]
Loop 15 [9679932, 5302105, 296238, 4060411]
Loop 16 [8959065, 4806954, 180220, 3951485]
Loop 17 [8771723, 4577686, 259959, 3915033]
Loop 18 [9481677, 5137078, 219472, 4104527]
Loop 19 [7768572, 3440226, 142149, 4167791]
Loop 20 [8893604, 4754460, 116188, 4004475]
Loop 21 [9490605, 5155394, 166803, 4147956]
Loop 22 [8539635, 4368446, 90584, 4040408]
Loop 23 [7177092, 3036005, 77916, 4046723]
Loop 24 [9303411, 4985700, 82900, 4213645]
Loop 25 [9336915, 5008070, 85349, 4220990]
Loop 26 [9032104, 4862790, 99840, 4048728]
Loop 27 [9152417, 4802563, 103889, 4223408]
Loop 28 [9082885, 4897320, 97868, 4067912]
Loop 29 [7252920, 3093540, 84499, 4053549]
Loop 30 [9340853, 5017418, 91466, 4212018]
Loop 31 [8616265, 4460102, 89017, 4047575]
Loop 32 [9125449, 4773389, 98901, 4232249]
Loop 33 [9449533, 5096371, 92513, 4241597]
Loop 34 [9085710, 4903821, 95817, 4065998]
Loop 35 [8797322, 4645187, 97864, 4035223]
Loop 36 [8343082, 4197257, 99789, 4026219]
Loop 37 [7158835, 3009791, 86111, 4045822]
Loop 38 [10592265, 6329168, 250123, 3944488]
Loop 39 [7019253, 2880903, 104515, 4016382]
Loop 40 [9360126, 5036487, 169004, 4135196]
Loop 41 [9323424, 5003413, 191901, 4109833]
Loop 42 [8686967, 4533509, 140859, 3991919]
Loop 43 [8660493, 4512095, 242422, 3887896]
Loop 44 [9112042, 4783105, 188910, 4121281]
Loop 45 [7652869, 3333212, 155262, 4144911]
Loop 46 [8926556, 4766175, 117200, 4020154]
Loop 47 [8682594, 4363689, 110527, 4188711]
Loop 48 [9217764, 4893801, 107337, 4199422]
Loop 49 [8829105, 4682702, 86863, 4038430]
Loop 50 [8993685, 4675657, 87511, 4210608]
Loop 51 [8881552, 4710159, 90939, 4053579]
Loop 52 [8787627, 4631880, 101125, 4033048]
Loop 53 [8440121, 4286534, 105977, 4028788]
Loop 54 [13107591, 8684059, 105048, 4262437]
Loop 55 [9123832, 4939289, 102372, 4061280]
Loop 56 [8778065, 4622786, 94964, 4040652]
Loop 57 [8791824, 4640279, 96779, 4034979]
Loop 58 [9905375, 5305366, 242632, 4120502]
Loop 59 [8087634, 3734464, 157059, 4176197]
Loop 60 [9281915, 4939343, 135037, 4187344]
Loop 61 [8638285, 4476740, 192462, 3946666]
Loop 62 [7061662, 2915454, 105420, 4025221]
Loop 63 [9302579, 4988899, 174296, 4120285]
Loop 64 [8849299, 4678070, 185593, 3966065]
Loop 65 [9284917, 4911237, 288696, 4026767]
Loop 66 [7617031, 3302865, 93243, 4199967]
Loop 67 [7394594, 3063389, 88245, 4223860]
Loop 68 [9268814, 4910827, 107357, 4205393]
Loop 69 [9198390, 4870912, 82917, 4225536]
Loop 70 [8882625, 4728098, 87434, 4045663]
Loop 71 [9401266, 5064520, 85562, 4229563]
Loop 72 [7853805, 3504620, 80305, 4249295]
Loop 73 [8862760, 4731526, 89542, 4023258]
Loop 74 [9071546, 4758030, 85403, 4211995]
Loop 75 [9012500, 4796485, 88941, 4046198]
Loop 76 [9211971, 4815190, 85676, 4188249]
Loop 77 [9120551, 4925645, 100587, 4002650]
Loop 78 [8766945, 4608580, 93909, 4048116]
Loop 79 [8780514, 4626150, 96441, 4040793]
Loop 80 [9564307, 5225086, 97718, 4224834]
Loop 81 [12828554, 8565975, 135886, 4078171]
Loop 82 [8664625, 4511840, 100100, 4035761]
Loop 83 [8168328, 4014234, 100311, 4038023]
Loop 84 [7160072, 3013821, 77470, 4053633]
Loop 85 [6917268, 2778247, 72754, 4050052]
Loop 86 [9311800, 4996654, 92419, 4207774]
Loop 87 [8253549, 4097846, 90698, 4049413]
Loop 88 [8766635, 4539671, 304216, 3883492]
Loop 89 [9336928, 5014141, 205676, 4100639]
Loop 90 [7641395, 3296659, 170612, 4155805]
Loop 91 [8833046, 4686327, 131206, 3998330]
Loop 92 [9456367, 5124876, 256334, 4060401]
Loop 93 [7847809, 3500924, 108047, 4219275]
Loop 94 [9281067, 4941971, 138313, 4182546]
Loop 95 [8430451, 4239146, 134878, 4008179]
Loop 96 [8694292, 4553914, 112202, 4014504]
Loop 97 [8313242, 4172045, 118995, 4007337]
Loop 98 [7027967, 2893937, 93400, 4026553]
Loop 99 [9293660, 4977108, 83060, 4219907]
Loop 100 [9261378, 4945213, 86963, 4210137]
Loop 101 [8030223, 3917796, 88857, 4005942]
Loop 102 [8794827, 4648758, 99178, 4032337]
Loop 103 [8293855, 4147588, 98433, 4033495]
Loop 104 [7216935, 3067434, 79689, 4053788]
Loop 105 [8648006, 4508781, 90328, 4035226]
Loop 106 [8966353, 4642512, 87662, 4221056]
Loop 107 [8351855, 4178442, 88312, 4067796]
Loop 108 [11858930, 7383393, 230129, 4133696]
Loop 109 [9008777, 4860788, 253174, 3875945]
Loop 110 [7034662, 2897822, 104775, 4017487]
Loop 111 [6924708, 2754224, 190586, 3965841]
Loop 112 [8667277, 4525345, 199101, 3929095]
Loop 113 [7113715, 2978379, 107006, 4013216]
Loop 114 [9334441, 5030072, 172692, 4116439]
Loop 115 [8366489, 4216095, 136187, 3995951]
Loop 116 [8878792, 4555308, 162553, 4130752]
Loop 117 [8658604, 4509373, 163915, 3967568]
Loop 118 [7029247, 2898290, 91335, 4026177]
Loop 119 [6879227, 2749584, 72149, 4044361]
Loop 120 [9308298, 4991594, 85834, 4215938]
Loop 121 [9475375, 5102865, 89416, 4237865]
Loop 122 [8977292, 4837912, 99933, 4021073]
Loop 123 [9403353, 5096281, 86882, 4205349]
Loop 124 [8952335, 4638935, 87928, 4207895]
Loop 125 [9138064, 4820994, 87969, 4212078]
Loop 126 [8464662, 4350884, 85736, 4011336]
Loop 127 [47548930, 43193899, 106925, 4223652]
Loop 128 [8818076, 4672831, 81711, 4045674]
Loop 129 [8620835, 4485294, 92820, 4027204]
Loop 130 [8774758, 4626086, 98406, 4034407]
Loop 131 [9537949, 5205987, 89562, 4227427]
Loop 132 [9485582, 5137979, 91544, 4238417]
Loop 133 [9144227, 4897710, 351149, 3839841]
Loop 134 [9483037, 5094273, 141277, 4189502]
Loop 135 [8563272, 4429895, 188119, 3927595]
Loop 136 [8787898, 4629124, 239241, 3904091]
Loop 137 [8577948, 4382136, 272084, 3910295]
Loop 138 [9562277, 5203999, 208780, 4134955]
Loop 139 [8045726, 3689641, 114329, 4221229]
Loop 140 [8851699, 4704503, 133749, 3997502]
Loop 141 [9518471, 5177849, 122559, 4202690]
Loop 142 [7925427, 3579014, 97671, 4231177]
Loop 143 [10181622, 5010858, 1632882, 3519644]
Loop 144 [9277452, 4944111, 88661, 4226107]
Loop 145 [8870035, 4709882, 87083, 4054013]
Loop 146 [9124679, 4794474, 83007, 4232730]
Loop 147 [8777641, 4612803, 86963, 4036099]
Loop 148 [7040103, 2897908, 76195, 4051781]
Loop 149 [14910670, 4515151, 88032, 10292037]
Loop 150 [36037116, 31604576, 294321, 4062185]
Loop 151 [9048455, 4887837, 211490, 3918861]
Loop 152 [7172239, 3016562, 107392, 4030178]
Loop 153 [9368509, 5049329, 133394, 4172105]
Loop 154 [8896174, 4580291, 142224, 4157731]
Loop 155 [7627323, 3291585, 232884, 4087501]
Loop 156 [8836513, 4666948, 276230, 3876764]
Loop 157 [9129080, 4810237, 134394, 4170800]
Loop 158 [7648135, 3336488, 85044, 4210670]
Loop 159 [8547741, 4437010, 153842, 3941347]
Loop 160 [9442146, 5073329, 166913, 4154872]
Loop 161 [8887215, 4560229, 83635, 4227605]
Loop 162 [7832740, 3489414, 79603, 4247404]
Loop 163 [7457764, 3126503, 69909, 4244587]
Loop 164 [8861121, 4719864, 84494, 4040896]
Loop 165 [37471278, 32939516, 491307, 3943859]
Loop 166 [8542963, 4386943, 194570, 3939697]
Loop 167 [8774160, 4610598, 154804, 3991490]
Loop 168 [8591196, 4430712, 139879, 4006575]
Loop 169 [7170090, 3011928, 108119, 4036655]
Loop 170 [9311246, 4991881, 128506, 4177929]
Loop 171 [8856638, 4694416, 140067, 4005410]
Loop 172 [7011100, 2866797, 116759, 4012758]
Loop 173 [9353265, 5036540, 110387, 4192158]
Loop 174 [7826340, 3489185, 95386, 4198166]
Loop 175 [9271031, 4944394, 103922, 4206716]
Loop 176 [8800067, 4678695, 81971, 4024381]
Loop 177 [8660744, 4526398, 91914, 4027048]
Loop 178 [8497339, 4350455, 98440, 4034020]
Loop 179 [10267831, 6019466, 302181, 3897318]
Loop 180 [8372785, 4223495, 206003, 3928561]
Loop 181 [9184832, 4851250, 181300, 4136154]
Loop 182 [9277633, 4932560, 130902, 4195951]
Loop 183 [9293266, 4962582, 192388, 4122085]
Loop 184 [9299569, 4956256, 244444, 4080699]
Loop 185 [9053835, 4891470, 190781, 3949092]
Loop 186 [8764819, 4610246, 153455, 3985644]
Loop 187 [7254120, 3072815, 163425, 3975017]
Loop 188 [8896139, 4576481, 111898, 4195564]
Loop 189 [9087610, 4909661, 208679, 3952373]
Loop 190 [9263645, 4919667, 94611, 4233341]
Loop 191 [8016266, 3667257, 77538, 4253136]
Loop 192 [8502523, 4349198, 88222, 4050041]
Loop 193 [9564453, 5210795, 92917, 4245791]
Loop 194 [11853957, 7491312, 450861, 3816810]
Loop 195 [9462344, 5130251, 136050, 4180057]
Loop 196 [8894162, 4711516, 261844, 3903259]
Loop 197 [8791175, 4632669, 256625, 3888156]
Loop 198 [9575174, 5226098, 187220, 4146265]
Loop 199 [8036559, 3655562, 238186, 4123617]
Loop 200 [9352207, 4978008, 240644, 4092476]
Loop 201 [8986698, 4652749, 142409, 4171607]
Loop 202 [8849104, 4701779, 169752, 3961558]
Loop 203 [8734126, 4592380, 117421, 4008651]
Loop 204 [9548761, 5206087, 178228, 4149195]
Loop 205 [8890217, 4731887, 87390, 4055449]
Loop 206 [9376304, 5045344, 94330, 4221724]
Loop 207 [8885415, 4721997, 89615, 4055213]
Loop 208 [9525133, 5195133, 88273, 4225517]
Loop 209 [9536810, 5186500, 92285, 4238397]
Loop 210 [9277188, 4922929, 94440, 4241260]
Loop 211 [9212006, 4858836, 96184, 4236138]
Loop 212 [9283562, 4930586, 93328, 4239339]
Loop 213 [8915826, 4719321, 92150, 4053587]
Loop 214 [9706319, 5356242, 89091, 4245342]
Loop 215 [9039029, 4882475, 96197, 4042904]
Loop 216 [8529777, 4377832, 98553, 4039476]
Loop 217 [8766972, 4623232, 95716, 4034584]
Loop 218 [8461396, 4312047, 95132, 4040285]
Loop 219 [9588156, 5248951, 93007, 4230140]
Loop 220 [9501739, 5159619, 96404, 4227451]
Loop 221 [8357533, 4213074, 93458, 4033445]
Loop 222 [9993080, 4868362, 873997, 4236248]
Loop 223 [8404412, 4271851, 93454, 4019440]
Loop 224 [7253656, 3096513, 82725, 4060017]
Loop 225 [8650263, 4517286, 88466, 4031465]
Loop 226 [8711212, 4544065, 86157, 4035551]
Loop 227 [9344495, 5029779, 84580, 4216158]
Loop 228 [9299861, 4972811, 97680, 4209827]
Loop 229 [8512592, 4395861, 87657, 4013476]
Loop 230 [8094685, 3935619, 93193, 4039784]
Loop 231 [9558696, 5211534, 92549, 4238911]
Loop 232 [9004324, 4872267, 88072, 4026265]
Loop 233 [8643519, 4492369, 93525, 4042894]
Loop 234 [11398247, 6969951, 201878, 4170134]
Loop 235 [9478023, 5086001, 250958, 4122095]
Loop 236 [7834743, 3482753, 109485, 4226700]
Loop 237 [8945058, 4755861, 298777, 3873018]
Loop 238 [9392618, 5051352, 133210, 4192626]
Loop 239 [7882823, 3534694, 99370, 4204894]
Loop 240 [8331630, 4177340, 136325, 4001027]
Loop 241 [8151455, 3996132, 147654, 3991785]
Loop 242 [7042863, 2910404, 98569, 4020133]
Loop 243 [8668741, 4529733, 113044, 4010619]
Loop 244 [8063882, 3922074, 103348, 4024902]
Loop 245 [9589181, 5241881, 95900, 4236101]
Loop 246 [9321793, 4991856, 86007, 4227304]
Loop 247 [9915260, 4996263, 84273, 4222656]
Loop 248 [9095752, 4932716, 95573, 4046432]
Loop 249 [8787770, 4637312, 94758, 4041156]
Loop 250 [9578641, 5220158, 96682, 4245410]
Loop 251 [9111707, 4928626, 97665, 4066807]
Loop 252 [8146366, 3968505, 91630, 4044227]
Loop 253 [9335560, 5021047, 88747, 4211240]
Loop 254 [8857967, 4699805, 90344, 4050812]
Loop 255 [9355726, 5043378, 84380, 4211189]
Loop 256 [8849463, 4694572, 90036, 4047605]
Loop 257 [9573992, 5101408, 370858, 4031079]
Loop 258 [7795716, 3457562, 198592, 4120075]
Loop 259 [8889232, 4730573, 191460, 3950753]
Loop 260 [8667662, 4515678, 144815, 3992216]
Loop 261 [8486806, 4324186, 135008, 3985841]
Loop 262 [7190893, 3012726, 729857, 3425729]
Loop 263 [9294815, 4976738, 135499, 4169516]
Loop 264 [8469462, 4272994, 232091, 3945701]
Loop 265 [7088055, 2954358, 90085, 4029621]
Loop 266 [9350336, 5015465, 163821, 4130863]
Loop 267 [9261347, 4946753, 107728, 4190077]
Loop 268 [8427872, 4287866, 96004, 4025988]
Loop 269 [8778528, 4624679, 100511, 4038514]
Loop 270 [9336935, 4992594, 88025, 4240659]
Loop 271 [8910877, 4754600, 95947, 4041791]
Loop 272 [9550480, 5215241, 93535, 4227054]
Loop 273 [9112793, 4762981, 94400, 4236897]
Loop 274 [12564983, 8357372, 126812, 4029734]
Loop 275 [9674670, 5331248, 89889, 4235747]
Loop 276 [9441860, 5089927, 96084, 4235263]
Loop 277 [9141439, 4786483, 95834, 4237768]
Loop 278 [9001020, 4864993, 95947, 4023065]
Loop 279 [7278574, 3085376, 89490, 4044213]
Loop 280 [8638471, 4501511, 97842, 4024642]
Loop 281 [7087044, 2901684, 197657, 3948993]
Loop 282 [8873854, 4552424, 130831, 4175169]
Loop 283 [8378043, 4191059, 233802, 3937088]
Loop 284 [9334576, 5020992, 141199, 4157905]
Loop 285 [8943785, 4616803, 183497, 4125109]
Loop 286 [9047578, 4702386, 131236, 4196262]
Loop 287 [9419740, 5073890, 148680, 4178534]
Loop 288 [8979263, 4836230, 143665, 3981451]
Loop 289 [9433040, 5126180, 106418, 4185984]
Loop 290 [9213134, 4896631, 216225, 4084258]
Loop 291 [9019863, 4703266, 101948, 4197451]
Loop 292 [8846313, 4676988, 90264, 4033879]
Loop 293 [9017741, 4707755, 90110, 4204962]
Loop 294 [8642270, 4318744, 86632, 4220218]
Loop 295 [7715048, 3406772, 72263, 4220883]
Loop 296 [8789357, 4660015, 88400, 4023716]
Loop 297 [9646286, 5314849, 88313, 4227518]
Loop 298 [8446631, 4281906, 89261, 4058220]
Loop 299 [8676961, 4537098, 91857, 4035186]
Loop 300 [8773202, 4490922, 280098, 3934379]
Loop 301 [9327972, 4983090, 250855, 4076963]
Loop 302 [9185573, 4865331, 134236, 4169540]
Loop 303 [7855402, 3535766, 164524, 4138195]
Loop 304 [8830135, 4684071, 128099, 4000538]
Loop 305 [8195438, 4023017, 138854, 3990636]
Loop 306 [9155181, 4830325, 187314, 4121939]
Loop 307 [9497260, 5138473, 258022, 4079235]
Loop 308 [8035591, 3689848, 165245, 4161225]
Loop 309 [8826326, 4688544, 189205, 3931671]
Loop 310 [9370700, 5039632, 100003, 4215059]
Loop 311 [9341618, 5007695, 84982, 4232246]
Loop 312 [8818092, 4687732, 81550, 4033723]
Loop 313 [7035270, 2904248, 82526, 4036013]
Loop 314 [6780538, 2651201, 75024, 4042223]
Loop 315 [9158408, 4844936, 84817, 4214928]
Loop 316 [8800479, 4666194, 89295, 4029196]
Loop 317 [8943441, 4637265, 80110, 4211734]
Loop 318 [8840486, 4693030, 90491, 4041641]
Loop 319 [9338909, 5001771, 83260, 4213820]
Loop 320 [8842750, 4702261, 84921, 4039871]
Loop 321 [9397261, 5060975, 90527, 4230368]
Loop 322 [8949409, 4795225, 99158, 4035811]
Loop 323 [8763377, 4612666, 102719, 4035086]
Loop 324 [9274378, 4930355, 93712, 4234701]
Loop 325 [9065234, 4904197, 95523, 4046623]
Loop 326 [8778521, 4618708, 113311, 4032016]
Loop 327 [8997450, 4655648, 97814, 4228670]
Loop 328 [9196078, 4842205, 89278, 4246325]
Loop 329 [9052483, 4892281, 97240, 4040733]
Loop 330 [8767282, 4620003, 102101, 4030392]
Loop 331 [9554882, 5209592, 95997, 4232764]
Loop 332 [9554217, 5167427, 92576, 4245483]
Loop 333 [7970700, 3636654, 80118, 4234917]
Loop 334 [8491074, 4341002, 94363, 4038434]
Loop 335 [9323774, 4994025, 81480, 4234501]
Loop 336 [9354883, 4996449, 92117, 4233549]
Loop 337 [8409820, 4266273, 88780, 4037672]
Loop 338 [8940306, 4616112, 85941, 4223111]
Loop 339 [8854023, 4715342, 91376, 4029172]
Loop 340 [8758694, 4609707, 92689, 4041438]
Loop 341 [7162190, 3013127, 81751, 4052277]
Loop 342 [6842156, 2715215, 71075, 4043656]
Loop 343 [8094801, 3960183, 94123, 4027134]
Loop 344 [7078147, 2879866, 138045, 4008272]
Loop 345 [6882587, 2712683, 100248, 4026729]
Loop 346 [8636367, 4497075, 134944, 3988474]
Loop 347 [9335896, 4998594, 230150, 4092687]
Loop 348 [8473504, 4321609, 181323, 3953489]
Loop 349 [9174254, 4858666, 135322, 4165771]
Loop 350 [9047221, 4888118, 145286, 3995317]
Loop 351 [9636160, 5295052, 139132, 4185406]
Loop 352 [9081573, 4892325, 127240, 4044398]
Loop 353 [9325461, 4988215, 117734, 4203465]
Loop 354 [7832230, 3489982, 88690, 4236086]
Loop 355 [8199623, 4086327, 88660, 4009847]
Loop 356 [9642316, 5302444, 91794, 4232776]
Loop 357 [8648964, 4487550, 101801, 4041962]
Loop 358 [9610658, 5237226, 92549, 4235901]
Loop 359 [8431255, 4261806, 94374, 4057678]
Loop 360 [8751335, 4606305, 93555, 4035630]
Loop 361 [7199170, 3048972, 78805, 4058369]
Loop 362 [6853107, 2717915, 72642, 4049548]
Loop 363 [9324761, 5008609, 84958, 4219443]
Loop 364 [9285449, 4973909, 92894, 4200632]
Loop 365 [8846616, 4710756, 89836, 4027648]
Loop 366 [9249752, 4942373, 84026, 4208818]
Loop 367 [7812704, 3502687, 72955, 4219031]
Loop 368 [8788987, 4655048, 81861, 4036880]
Loop 369 [8872217, 4555536, 85513, 4215369]
Loop 370 [10648076, 6345747, 331653, 3879799]
Loop 371 [8804009, 4647887, 229689, 3910730]
Loop 372 [9575115, 5198548, 146469, 4183740]
Loop 373 [9479600, 5129185, 148607, 4184431]
Loop 374 [9296642, 4938881, 143044, 4194097]
Loop 375 [8737967, 4557758, 152017, 4009419]
Loop 376 [9585885, 5233178, 146164, 4191130]
Loop 377 [8641773, 4486524, 142469, 3992019]
Loop 378 [9576293, 5233667, 120203, 4205753]
Loop 379 [37158174, 32763363, 195980, 4177660]
Loop 380 [8551517, 4387340, 116268, 4030018]
Loop 381 [7204773, 3058235, 97081, 4034785]
Loop 382 [8658664, 4529266, 87758, 4026209]
Loop 383 [8203050, 4073764, 89464, 4026288]
Loop 384 [8830090, 4646329, 95656, 4037224]
Loop 385 [7152552, 3002238, 78033, 4058632]
Loop 386 [9361691, 5045612, 88392, 4212429]
Loop 387 [8895672, 4736680, 94270, 4049142]
Loop 388 [8793290, 4647140, 92887, 4038625]
Loop 389 [8613949, 4379014, 218523, 3957673]
Loop 390 [9089420, 4743605, 139021, 4188584]
Loop 391 [9112584, 4910721, 279328, 3904842]
Loop 392 [7204997, 3046316, 188922, 3955913]
Loop 393 [8661497, 4521060, 137093, 3990478]
Loop 394 [8659449, 4519703, 136762, 3989061]
Loop 395 [8403117, 4224646, 243220, 3920733]
Loop 396 [9626184, 5247197, 244968, 4119580]
Loop 397 [8956356, 4778674, 175690, 3982961]
Loop 398 [7274949, 3096607, 101121, 4036945]
Loop 399 [8817186, 4503402, 104274, 4197421]
Loop 400 [7846684, 3535747, 73763, 4219693]
Loop 401 [8782037, 4662280, 86001, 4017883]
Loop 402 [9314614, 4998400, 86144, 4213762]
Loop 403 [8846148, 4696241, 84982, 4048444]
Loop 404 [7058378, 2926615, 75620, 4043281]
Loop 405 [9290875, 4973716, 86808, 4216502]
Loop 406 [7584829, 3269547, 71215, 4228351]
Loop 407 [8406285, 4285204, 86853, 4017221]
Loop 408 [9168046, 4857586, 80638, 4213665]
Loop 409 [8889621, 4575395, 86629, 4210639]
Loop 410 [7782835, 3482857, 76686, 4207300]
Loop 411 [8213037, 4044367, 83047, 4044124]
Loop 412 [8681099, 4542212, 89034, 4037281]
Loop 413 [7245278, 3092271, 80123, 4057566]
Loop 414 [8657363, 4524949, 84985, 4032815]
Loop 415 [9317291, 5001815, 83628, 4218507]
Loop 416 [9256694, 4940176, 82947, 4215386]
Loop 417 [7803969, 3492016, 73564, 4223403]
Loop 418 [7590449, 3282970, 67972, 4223610]
Loop 419 [8803158, 4495981, 86916, 4203883]
Loop 420 [8321004, 4174702, 83097, 4046316]
Loop 421 [9144840, 4836585, 85092, 4208871]
Loop 422 [9274178, 4954302, 84703, 4219132]
Loop 423 [9268405, 4945601, 87871, 4218039]
Loop 424 [8830751, 4686928, 78566, 4049673]
Loop 425 [8790403, 4612628, 89605, 4043893]
Loop 426 [36250100, 31818286, 121225, 4287275]
Loop 427 [8445664, 4262473, 88830, 4077699]
Loop 428 [9454457, 5128713, 84861, 4224069]
Loop 429 [9400495, 5054751, 89830, 4237915]
Loop 430 [9000682, 4854570, 98389, 4030174]
Loop 431 [9316813, 4969149, 90828, 4239455]
Loop 432 [8805378, 4653713, 92202, 4041595]
Loop 433 [8795682, 4645766, 96048, 4038147]
Loop 434 [9581608, 5235164, 88667, 4243943]
Loop 435 [9482783, 5132870, 93619, 4236362]
Loop 436 [9041823, 4873978, 96892, 4051347]
Loop 437 [9584625, 5214179, 90963, 4232827]
Loop 438 [22042732, 17595302, 155470, 4202150]
Loop 439 [8625639, 4488118, 129579, 3988163]
Loop 440 [8764477, 4434958, 131664, 4183789]
Loop 441 [9335129, 4997485, 177093, 4143091]
Loop 442 [8793696, 4632621, 195656, 3945894]
Loop 443 [7255788, 3099193, 169523, 3971994]
Loop 444 [6866745, 2739130, 103801, 4010698]
Loop 445 [9331974, 5006438, 137263, 4173058]
Loop 446 [9292101, 4975972, 112506, 4187080]
Loop 447 [9220795, 4895571, 111363, 4196977]
Loop 448 [8823522, 4685968, 105325, 4015135]
Loop 449 [8865704, 4543648, 86762, 4218276]
Loop 450 [7841249, 3526606, 73244, 4223769]
Loop 451 [8965271, 4625920, 90287, 4212640]
Loop 452 [9060667, 4763173, 83143, 4197795]
Loop 453 [8850420, 4712260, 93722, 4025661]
Loop 454 [10160838, 5137848, 788071, 4216776]
Loop 455 [8827048, 4695717, 89208, 4021511]
Loop 456 [9446323, 5133985, 85082, 4212726]
Loop 457 [7828242, 3519788, 72324, 4173421]
Loop 458 [7506788, 3195560, 66229, 4229004]
Loop 459 [8423551, 4285069, 87751, 4034080]
Loop 460 [9355324, 5037012, 87741, 4217060]
Loop 461 [9281913, 4967770, 87530, 4210131]
Loop 462 [9238266, 4924643, 80571, 4215570]
Loop 463 [7715334, 3395357, 71355, 4233089]
Loop 464 [8870845, 4696268, 88038, 4042887]
Loop 465 [7184591, 3041746, 79334, 4048740]
Loop 466 [9386167, 5075457, 87430, 4208460]
Loop 467 [8058773, 3903883, 85435, 4052964]
Loop 468 [8629693, 4502548, 88259, 4024966]
Loop 469 [9336731, 5025751, 88266, 4206860]
Loop 470 [8851989, 4692950, 88677, 4051986]
Loop 471 [9301930, 4993283, 82826, 4210595]
Loop 472 [8636197, 4489929, 86422, 4042356]
Loop 473 [7045484, 2916639, 78013, 4038747]
Loop 474 [9327281, 5020110, 87213, 4205453]
Loop 475 [9318645, 4977910, 89057, 4234477]
Loop 476 [9040654, 4882007, 96512, 4043593]
Loop 477 [7034365, 2868374, 77920, 4047990]
Loop 478 [8670294, 4530197, 90652, 4032708]
Loop 479 [9330283, 5016952, 84170, 4214210]
Loop 480 [9266479, 4950271, 85459, 4214531]
Loop 481 [8863320, 4708408, 87487, 4048778]
Loop 482 [8757191, 4607995, 96632, 4036049]
Loop 483 [9489861, 5131100, 100561, 4243378]
Loop 484 [8979072, 4793182, 99308, 4070057]
Loop 485 [9210591, 4870048, 91874, 4233221]
Loop 486 [38659397, 33587636, 131162, 4241648]
Loop 487 [8883765, 4726426, 94119, 4045140]
Loop 488 [9381725, 5039746, 88884, 4236302]
Loop 489 [8547863, 4379981, 89772, 4060856]
Loop 490 [8701579, 4560424, 86191, 4039787]
Loop 491 [7074760, 2904851, 77005, 4055915]
Loop 492 [8292283, 4158778, 88122, 4030926]
Loop 493 [8668795, 4358282, 83775, 4211999]
Loop 494 [8624235, 4483601, 89225, 4034347]
Loop 495 [9298552, 4982805, 87734, 4214527]
Loop 496 [9209854, 4869318, 91269, 4231103]
Loop 497 [9388513, 5043994, 88901, 4238370]
Loop 498 [7986243, 3646531, 81929, 4238706]
Loop 499 [7383874, 3059142, 68650, 4241640]
Loop 500 [8818543, 4670030, 86047, 4046399]
Loop 501 [8640537, 4505777, 86786, 4035213]
Loop 502 [8834185, 4522740, 85375, 4211934]
Loop 503 [9475210, 4807592, 420246, 4035765]
Loop 504 [8893864, 4529601, 230651, 4092480]
Loop 505 [9333613, 4874047, 1062611, 3378703]
Loop 506 [8336942, 4182190, 157220, 3979400]
Loop 507 [8799292, 4647953, 218419, 3917090]
Loop 508 [8800015, 4606523, 251062, 3926459]
Loop 509 [9574926, 5214332, 253598, 4090238]
Loop 510 [59111476, 54672853, 194909, 4202908]
Loop 511 [9010132, 4871397, 111356, 4008100]
Loop 512 [9411485, 5068011, 132115, 4194357]
Loop 513 [9473199, 5119104, 121630, 4213298]
Loop 514 [8696079, 4519718, 85332, 4073104]
Loop 515 [8230529, 4082734, 87807, 4043352]
Loop 516 [9564234, 5215873, 99880, 4230599]
Loop 517 [7873308, 3493867, 92129, 4240710]
Loop 518 [8827799, 4686486, 80247, 4043362]
Loop 519 [7145788, 3005692, 66769, 4058962]
Loop 520 [9340284, 4974847, 191914, 4134073]
Loop 521 [8317687, 4149879, 181039, 3969978]
Loop 522 [8722800, 4568512, 210865, 3924549]
Loop 523 [9165615, 4833551, 185498, 4129308]
Loop 524 [9515218, 5164039, 156756, 4176576]
Loop 525 [7981695, 3634334, 168823, 4160093]
Loop 526 [8811803, 4674546, 127604, 3993669]
Loop 527 [7152008, 3007306, 102851, 4027423]
Loop 528 [8671985, 4533474, 109145, 4014501]
Loop 529 [7110085, 2983371, 79963, 4031656]
Loop 530 [9341507, 4993251, 110935, 4193037]
Loop 531 [9261897, 4947156, 93932, 4204461]
Loop 532 [7886181, 3746341, 76585, 4047558]
Loop 533 [8660892, 4520515, 90297, 4034548]
Loop 534 [8278851, 4138537, 82626, 4042113]
Loop 535 [8820312, 4495944, 89940, 4217849]
Loop 536 [8727931, 4574111, 77344, 4058634]
Loop 537 [8279626, 4138698, 82720, 4042570]
Loop 538 [8679915, 4547125, 83485, 4034430]
Loop 539 [8669551, 4524509, 83281, 4047108]
Loop 540 [7191553, 3043594, 66570, 4064737]
Loop 541 [8236892, 4095970, 90017, 4036723]
Loop 542 [50959869, 46615611, 100946, 4217148]
Loop 543 [7850853, 3518348, 81871, 4211474]
Loop 544 [9263237, 4944588, 92358, 4210722]
Loop 545 [8685518, 4552221, 74892, 4041882]
Loop 546 [7931086, 3797568, 82679, 4035393]
Loop 547 [8303921, 4168738, 78600, 4039624]
Loop 548 [9272030, 4961805, 89271, 4204978]
Loop 549 [9431687, 5091098, 107544, 4215861]
Loop 550 [9030994, 4877215, 82025, 4053840]
Loop 551 [9388690, 5040055, 102302, 4229389]
Loop 552 [9239741, 4887712, 97707, 4235961]
Loop 553 [9015848, 4864362, 83103, 4050536]
Loop 554 [9234189, 4890883, 96642, 4231082]
Loop 555 [9014131, 4847226, 89642, 4061367]
Loop 556 [8472258, 4286614, 90791, 4045774]
Loop 557 [9577380, 5227561, 97640, 4236051]
Loop 558 [9501448, 5150696, 108142, 4224514]
Loop 559 [9463043, 5119132, 102456, 4224875]
Loop 560 [9072580, 4886237, 85630, 4077344]
Loop 561 [9571700, 5236458, 121183, 4195744]
Loop 562 [16072375, 11652229, 179481, 4175508]
Loop 563 [9049538, 4688900, 247346, 4096279]
Loop 564 [8879805, 4720592, 171042, 3967839]
Loop 565 [9221712, 4891663, 145175, 4169218]
Loop 566 [8455734, 4272848, 225158, 3939590]
Loop 567 [9005088, 4675988, 147998, 4165336]
Loop 568 [8925541, 4760148, 188513, 3957835]
Loop 569 [8810351, 4603213, 327366, 3834853]
Loop 570 [8801239, 4642528, 118907, 4021166]
Loop 571 [9571335, 5208988, 126595, 4199101]
Loop 572 [8865920, 4717588, 99155, 4033208]
Loop 573 [9417800, 5095800, 97093, 4209947]
Loop 574 [8799988, 4629689, 87434, 4063686]
Loop 575 [7243254, 3096808, 79017, 4049945]
Loop 576 [6899363, 2774360, 66966, 4045893]
Loop 577 [9352560, 5032890, 93111, 4210000]
Loop 578 [8860688, 4550325, 92279, 4202908]
Loop 579 [7786532, 3481088, 79306, 4211572]
Loop 580 [8824750, 4688154, 80972, 4039302]
Loop 581 [9404167, 5095985, 92866, 4200160]
Loop 582 [9180646, 4875354, 97948, 4192062]
Loop 583 [7691994, 3369984, 79872, 4200608]
Loop 584 [8230172, 4097892, 77494, 4038401]
Loop 585 [7090043, 2959122, 75962, 4036613]
Loop 586 [8742686, 4428952, 95983, 4202356]
Loop 587 [8778036, 4470809, 92249, 4196469]
Loop 588 [7791229, 3487008, 82066, 4207969]
Loop 589 [7428862, 3125089, 77477, 4211443]
Loop 590 [7662908, 3350278, 78788, 4216135]
Loop 591 [9255954, 4936524, 93324, 4209383]
Loop 592 [8828286, 4709845, 77296, 4024534]
Loop 593 [9333083, 5015272, 96605, 4201296]
Loop 594 [8871820, 4551435, 94196, 4210609]
Loop 595 [7790090, 3482353, 78738, 4213312]
Loop 596 [9275874, 4947833, 93153, 4194893]
Loop 597 [8776176, 4463116, 95038, 4205406]
Loop 598 [8555347, 4419524, 77908, 4040769]
Loop 599 [8800686, 4489215, 90063, 4207271]
Loop 600 [8870433, 4555372, 94383, 4203789]
Loop 601 [9043819, 4890226, 87453, 4048270]
Loop 602 [9605134, 5261236, 103041, 4224000]
Loop 603 [9444376, 5089122, 101477, 4236352]
Loop 604 [9052031, 4884159, 88757, 4055484]
Loop 605 [9450814, 5114524, 103665, 4217558]
Loop 606 [9886576, 4776945, 855307, 4236833]
Loop 607 [9361536, 5010748, 102682, 4229456]
Loop 608 [9486766, 5142688, 100454, 4225196]
Loop 609 [8028857, 3668419, 86580, 4229183]
Loop 610 [7716778, 3396368, 80540, 4225878]
Loop 611 [9093469, 4771742, 94560, 4212941]
Loop 612 [7836434, 3514217, 84210, 4222747]
Loop 613 [7746654, 3427089, 82809, 4221681]
Loop 614 [7503407, 3184605, 78672, 4226305]
Loop 615 [8848379, 4718448, 82276, 4032530]
Loop 616 [7145116, 3007304, 72795, 4051003]
Loop 617 [9273217, 4972103, 89498, 4197732]
Loop 618 [8836442, 4680679, 80999, 4060816]
Loop 619 [8669544, 4356106, 94123, 4203766]
Loop 620 [7773187, 3461945, 81729, 4213048]
Loop 621 [8092164, 3945854, 93228, 4030435]
Loop 622 [8887659, 4566388, 93381, 4213438]
Loop 623 [8864578, 4723568, 82346, 4020732]
Loop 624 [8390372, 4241683, 84517, 4048885]
Loop 625 [9554252, 5209786, 104805, 4222934]
Loop 626 [9300013, 4974085, 94748, 4214156]
Loop 627 [9063286, 4889180, 91156, 4064344]
Loop 628 [7248240, 3103825, 75072, 4054094]
Loop 629 [9136745, 4826545, 93695, 4201320]
Loop 630 [8430547, 4286254, 79001, 4049610]
Loop 631 [8782106, 4642229, 84534, 4039449]
Loop 632 [8339686, 4196647, 87972, 4040619]
Loop 633 [7185858, 3035217, 69218, 4065373]
Loop 634 [9328063, 5014252, 92569, 4204020]
Loop 635 [7842729, 3531395, 82044, 4212685]
Loop 636 [8117284, 3986240, 79582, 4017101]
Loop 637 [9627616, 5294452, 97618, 4220709]
Loop 638 [8923757, 4767657, 83051, 4055286]
Loop 639 [8810188, 4650349, 84170, 4060458]
Loop 640 [7242811, 3092814, 72908, 4061351]
Loop 641 [9331426, 5014033, 88793, 4207855]
Loop 642 [8394832, 4232885, 84046, 4060792]
Loop 643 [9219170, 4886676, 107200, 4209132]
Loop 644 [9483024, 5137757, 104143, 4221477]
Loop 645 [7974224, 3638454, 89746, 4229694]
Loop 646 [8885358, 4728755, 80555, 4061016]
Loop 647 [7142412, 3005967, 69051, 4051451]
Loop 648 [8908278, 4593498, 86318, 4213040]
Loop 649 [9281540, 4968599, 93061, 4203896]
Loop 650 [58464035, 54045318, 278817, 4051400]
Loop 651 [8165397, 4013816, 197156, 3937551]
Loop 652 [9528579, 5187093, 157052, 4166202]
Loop 653 [9224164, 4862740, 155666, 4188360]
Loop 654 [9040254, 4881309, 130360, 4009396]
Loop 655 [8786679, 4632258, 136789, 4001150]
Loop 656 [7221525, 3029774, 192518, 3983272]
Loop 657 [8031155, 3887211, 137491, 3990853]
Loop 658 [9406342, 5090235, 121690, 4178674]
Loop 659 [8872750, 4713719, 113118, 4028661]
Loop 660 [9323632, 5006443, 116568, 4184902]
Loop 661 [9496100, 5148359, 100972, 4230034]
Loop 662 [7886784, 3521855, 90973, 4227037]
Loop 663 [8884581, 4741753, 80057, 4037248]
Loop 664 [7122448, 2973111, 69349, 4065200]
Loop 665 [8666154, 4529542, 78656, 4043178]
Loop 666 [8648483, 4505310, 79532, 4049319]
Loop 667 [7110411, 2985232, 65299, 4045040]
Loop 668 [8099484, 3958867, 79238, 4048764]
Loop 669 [7114203, 2981709, 74169, 4043227]
Loop 670 [9299249, 4979207, 90358, 4215326]
Loop 671 [8461530, 4305197, 77123, 4060772]
Loop 672 [9256232, 4948586, 88810, 4203952]
Loop 673 [8313212, 4158535, 78076, 4059186]
Loop 674 [7095380, 2961190, 67984, 4051504]
Loop 675 [8650491, 4510960, 79693, 4045523]
Loop 676 [9420032, 5074512, 93903, 4207856]
Loop 677 [9213196, 4897091, 97815, 4202112]
Loop 678 [8691574, 4563067, 76809, 4035327]
Loop 679 [8667235, 4531588, 84952, 4035851]
Loop 680 [7050611, 2921408, 69496, 4045550]
Loop 681 [6904150, 2772483, 62260, 4054618]
Loop 682 [6920315, 2784627, 66650, 4054359]
Loop 683 [8659612, 4522143, 81427, 4042541]
Loop 684 [8816629, 4497829, 90241, 4212857]
Loop 685 [8292569, 4126296, 82432, 4051557]
Loop 686 [8776510, 4620400, 86554, 4054397]
Loop 687 [9543878, 5204924, 101409, 4222529]
Loop 688 [9501548, 5152514, 104503, 4226940]
Loop 689 [9062284, 4859532, 83181, 4077829]
Loop 690 [13404745, 9100568, 258312, 3976929]
Loop 691 [8302704, 4113914, 317477, 3851150]
Loop 692 [7257069, 3105392, 101650, 4032473]
Loop 693 [6896990, 2756776, 148426, 3977563]
Loop 694 [8292079, 4147616, 129963, 3998871]
Loop 695 [8391135, 4248249, 135867, 3992587]
Loop 696 [9423502, 5099477, 141681, 4164294]
Loop 697 [8446974, 4274931, 123949, 4032784]
Loop 698 [7109802, 2977661, 82469, 4034284]
Loop 699 [9361933, 5048423, 119305, 4177073]
Loop 700 [9306675, 4987230, 118202, 4184765]
Loop 701 [9334162, 5000313, 99368, 4217799]
Loop 702 [8614696, 3619970, 743194, 4234238]
Loop 703 [8864293, 4687531, 79205, 4058477]
Loop 704 [9165582, 4848156, 92072, 4208727]
Loop 705 [8699243, 4563545, 79228, 4039851]
Loop 706 [8675545, 4540381, 82406, 4037401]
Loop 707 [9356464, 5036390, 94627, 4210191]
Loop 708 [9263116, 4945764, 96378, 4205557]
Loop 709 [8083538, 3929120, 90561, 4046513]
Loop 710 [8683563, 4547289, 87958, 4033262]
Loop 711 [8145282, 4008608, 80849, 4041635]
Loop 712 [8250077, 4114518, 81938, 4038190]
Loop 713 [8671422, 4528982, 80381, 4046800]
Loop 714 [8249911, 4103812, 85696, 4046089]
Loop 715 [9251161, 4900841, 101226, 4233726]
Loop 716 [8873781, 4675364, 87631, 4062510]
Loop 717 [7246368, 3094563, 78725, 4057290]
Loop 718 [8641661, 4505069, 80441, 4041948]
Loop 719 [7091834, 2959894, 62704, 4053031]
Loop 720 [9336554, 5026597, 93475, 4199856]
Loop 721 [8448245, 4297023, 78343, 4056412]
Loop 722 [7766380, 3629254, 87661, 4035603]
Loop 723 [9294357, 4952478, 101404, 4224060]
Loop 724 [9080177, 4903284, 87888, 4070195]
Loop 725 [9690423, 5357417, 99442, 4217365]
Loop 726 [9232227, 4889118, 104801, 4219445]
Loop 727 [8739722, 4573278, 86114, 4061538]
Loop 728 [8778286, 4628530, 88917, 4044908]
Loop 729 [8457210, 4269591, 88773, 4051351]
Loop 730 [9589512, 5249887, 98790, 4225513]
Loop 731 [11348597, 6896560, 334998, 4064895]
Loop 732 [9022185, 4862468, 183270, 3956132]
Loop 733 [8848168, 4652566, 309749, 3868274]
Loop 734 [9234562, 4884432, 148259, 4184761]
Loop 735 [8011743, 3671348, 122659, 4201102]
Loop 736 [9366981, 4998705, 253678, 4098787]
Loop 737 [8592577, 4444056, 210608, 3920276]
Loop 738 [9539476, 5189628, 145445, 4187702]
Loop 739 [8816196, 4691599, 102215, 4004861]
Loop 740 [9215244, 4882937, 119571, 4196268]
Loop 741 [9315699, 4984570, 125042, 4190491]
Loop 742 [9087500, 4893021, 84797, 4064000]
Loop 743 [8785639, 4640147, 90935, 4037963]
Loop 744 [9345784, 4998984, 95790, 4235199]
Loop 745 [8712108, 4538634, 86421, 4067642]
Loop 746 [9593295, 5230671, 103074, 4243810]
Loop 747 [8837493, 4659289, 88135, 4069864]
Loop 748 [7258139, 3112736, 76726, 4053450]
Loop 749 [8672342, 4540031, 87039, 4031468]
Loop 750 [8670440, 4528485, 79653, 4045971]
Loop 751 [7208438, 3061726, 75026, 4055200]
Loop 752 [8543626, 4408402, 84510, 4035166]
Loop 753 [9334580, 5017650, 92606, 4208911]
Loop 754 [7768563, 3454272, 81963, 4215525]
Loop 755 [9275615, 4941125, 94394, 4201049]
Loop 756 [7765307, 3455697, 80072, 4212877]
Loop 757 [8027947, 3874193, 79716, 4053589]
Loop 758 [8712508, 4570357, 80861, 4046202]
Loop 759 [8785184, 4634548, 83096, 4052482]
Loop 760 [7236388, 3086141, 65039, 4069599]
Loop 761 [9319957, 5001376, 90788, 4211334]
Loop 762 [8661029, 4507860, 79943, 4058230]
Loop 763 [7098948, 2967894, 78877, 4037779]
Loop 764 [8677796, 4532661, 83515, 4047976]
Loop 765 [8987723, 4677336, 90719, 4203241]
Loop 766 [8355066, 4200935, 76675, 4063385]
Loop 767 [8440876, 4306149, 80361, 4040091]
Loop 768 [9330126, 5023386, 86779, 4205139]
Loop 769 [7742692, 3412010, 79886, 4209991]
Loop 770 [7696740, 3375494, 75473, 4230150]
Loop 771 [9203253, 4879121, 98626, 4211287]
Loop 772 [7673358, 3355556, 82999, 4219450]
Loop 773 [7689801, 3363193, 80923, 4229680]
Loop 774 [8817113, 4669180, 76986, 4056402]
Loop 775 [9293063, 4971229, 93342, 4212433]
Loop 776 [9251112, 4940258, 88383, 4206425]
Loop 777 [8716264, 4402842, 91343, 4206796]
Loop 778 [7785661, 3476340, 78270, 4214787]
Loop 779 [8778016, 4460975, 94113, 4206883]
Loop 780 [9284951, 4965488, 97928, 4206031]
Loop 781 [9283876, 4954433, 96786, 4215349]
Loop 782 [7905553, 3564199, 81848, 4219949]
Loop 783 [9230695, 4902207, 96836, 4215754]
Loop 784 [9263375, 4939048, 93421, 4215957]
Loop 785 [9291102, 4958209, 99659, 4217498]
Loop 786 [9040415, 4887633, 89325, 4045073]
Loop 787 [8790866, 4640722, 91153, 4043973]
Loop 788 [9048754, 4696586, 104550, 4230832]
Loop 789 [9055863, 4890065, 94935, 4053048]
Loop 790 [9491998, 5139325, 103084, 4231861]
Loop 791 [11961656, 7637906, 231226, 4015280]
Loop 792 [9599771, 5231819, 145112, 4203295]
Loop 793 [8733097, 4569446, 141336, 4004131]
Loop 794 [8784235, 4621681, 136832, 4005129]
Loop 795 [8819679, 4636815, 137176, 3999049]
Loop 796 [9575509, 5219242, 154584, 4181648]
Loop 797 [9451489, 5085664, 159104, 4189927]
Loop 798 [9044660, 4884572, 140404, 4002938]
Loop 799 [9539960, 5178089, 212378, 4113773]
Loop 800 [8033969, 3692044, 178496, 4144570]
Loop 801 [9279989, 4953090, 114905, 4197257]
Loop 802 [8901958, 4734335, 82255, 4068705]
Loop 803 [8686353, 4546486, 84129, 4037989]
Loop 804 [9385027, 5048732, 97383, 4222703]
Loop 805 [7731687, 3408892, 85501, 4223044]
Loop 806 [8475218, 4322475, 80567, 4057261]
Loop 807 [8376106, 4235468, 84751, 4040081]
Loop 808 [8512095, 4343884, 90381, 4034839]
Loop 809 [7062667, 2937127, 70335, 4040342]
Loop 810 [6872799, 2746345, 70669, 4042308]
Loop 811 [9161053, 4853722, 90901, 4202198]
Loop 812 [8899091, 4739501, 80624, 4063616]
Loop 813 [8664974, 4529886, 82736, 4036532]
Loop 814 [9055442, 4751390, 92088, 4196850]
Loop 815 [8400151, 4257274, 79245, 4047395]
Loop 816 [9424194, 5120328, 90487, 4198671]
Loop 817 [8862244, 4709328, 79439, 4058377]
Loop 818 [8589097, 4444927, 81015, 4045898]
Loop 819 [7187219, 3042576, 73005, 4056742]
Loop 820 [8507149, 4380372, 74604, 4036853]
Loop 821 [9351594, 5034039, 91928, 4208700]
Loop 822 [9037735, 4873356, 86903, 4036028]
Loop 823 [8697820, 4503766, 786666, 3390887]
Loop 824 [7102817, 2968934, 72926, 4046440]
Loop 825 [8661667, 4527234, 76388, 4042496]
Loop 826 [7980809, 3848620, 85823, 4030876]
Loop 827 [9545796, 5201207, 96465, 4230899]
Loop 828 [8026587, 3684700, 91125, 4233927]
Loop 829 [8548725, 4402977, 81764, 4047588]
Loop 830 [9466657, 5137450, 92372, 4221394]
Loop 831 [8296149, 4134701, 81797, 4064849]
Loop 832 [9400976, 5076255, 91918, 4217074]
Loop 833 [9346881, 5022729, 97013, 4211704]
Loop 834 [9378821, 5027990, 110678, 4221905]
Loop 835 [9055970, 4866424, 86011, 4058654]
Loop 836 [8779062, 4631692, 87257, 4043388]
Loop 837 [9616741, 5263202, 104369, 4230775]
Loop 838 [9122505, 4778016, 104573, 4223899]
Loop 839 [7938500, 3592871, 89285, 4238034]
Loop 840 [9063997, 4743559, 90137, 4216346]
Loop 841 [8626187, 4480509, 77564, 4053646]
Loop 842 [7054300, 2909553, 76027, 4052350]
Loop 843 [9321763, 5000571, 91212, 4213875]
Loop 844 [7784043, 3474517, 78275, 4214867]
Loop 845 [7370435, 3069839, 76395, 4211629]
Loop 846 [8331288, 4161373, 76986, 4077424]
Loop 847 [7141310, 3006066, 70800, 4046950]
Loop 848 [6790666, 2660274, 72223, 4043269]
Loop 849 [9282902, 4944970, 90037, 4204003]
Loop 850 [9246017, 4935346, 100548, 4195955]
Loop 851 [8784895, 4662172, 76100, 4031854]
Loop 852 [7029812, 2893217, 69460, 4051841]
Loop 853 [7890363, 3752615, 85562, 4035912]
Loop 854 [7014033, 2882260, 70280, 4045186]
Loop 855 [12650932, 8379310, 201243, 4043038]
Loop 856 [7021066, 2872505, 71093, 4061674]
Loop 857 [9349048, 5021776, 92840, 4217471]
Loop 858 [8848422, 4692640, 80458, 4058788]
Loop 859 [9468767, 5150263, 93241, 4208033]
Loop 860 [8010550, 3861223, 81496, 4052373]
Loop 861 [9326945, 5008678, 96305, 4205042]
Loop 862 [8559425, 4382356, 77291, 4058520]
Loop 863 [8855614, 4538209, 91175, 4210218]
Loop 864 [9184821, 4873332, 89605, 4205399]
Loop 865 [9376649, 5032758, 99372, 4226896]
Loop 866 [8980146, 4834382, 95403, 4035531]
Loop 867 [9327413, 5005137, 90274, 4214450]
Loop 868 [7597942, 3286211, 87287, 4209852]
Loop 869 [8156842, 4030516, 76746, 4035547]
Loop 870 [8656170, 4518699, 80444, 4040065]
Loop 871 [8682400, 4538425, 82372, 4047171]
Loop 872 [7284436, 3006692, 273769, 3939669]
Loop 873 [9295203, 4971231, 137694, 4168229]
Loop 874 [7587364, 3272646, 105787, 4194546]
Loop 875 [9206521, 4876782, 213806, 4101246]
Loop 876 [8845146, 4673036, 163237, 3966245]
Loop 877 [9374485, 5031649, 259698, 4066252]
Loop 878 [9252844, 4933203, 193481, 4111003]
Loop 879 [8953848, 4632453, 150604, 4156018]
Loop 880 [9246896, 4928996, 121226, 4181023]
Loop 881 [8672417, 4356083, 214841, 4086258]
Loop 882 [9064995, 4742078, 200364, 4108270]
Loop 883 [8831795, 4510506, 102068, 4203920]
Loop 884 [7607945, 3291675, 82932, 4219358]
Loop 885 [9047984, 4737077, 94056, 4202186]
Loop 886 [9319914, 4992275, 97003, 4215045]
Loop 887 [8868019, 4711111, 77837, 4064170]
Loop 888 [8989199, 4657001, 88600, 4225971]
Loop 889 [7929783, 3577868, 90181, 4219986]
Loop 890 [8826330, 4677912, 84337, 4048838]
Loop 891 [9095562, 4769140, 96479, 4214110]
Loop 892 [7671887, 3340496, 85851, 4230902]
Loop 893 [8827235, 4693174, 80271, 4038263]
Loop 894 [9313288, 4980436, 100300, 4216465]
Loop 895 [8831208, 4690132, 78065, 4046957]
Loop 896 [7173483, 3029405, 69045, 4059530]
Loop 897 [9316143, 5001369, 92642, 4205393]
Loop 898 [8833997, 4704377, 76773, 4037361]
Loop 899 [9349290, 5037818, 94580, 4201708]
Loop 900 [8795290, 4478188, 94286, 4207568]
Loop 901 [8470740, 4327109, 80801, 4046094]
Loop 902 [8292131, 4123946, 89298, 4035083]
Loop 903 [9388085, 5054284, 98423, 4217924]
Loop 904 [8850248, 4526240, 93528, 4214821]
Loop 905 [9265550, 4924288, 103281, 4224321]
Loop 906 [9043699, 4856790, 95258, 4075236]
Loop 907 [10456690, 5339406, 872834, 4225760]
Loop 908 [8040518, 3691637, 91913, 4239779]
Loop 909 [8878103, 4736658, 81109, 4044893]
Loop 910 [9409378, 5083772, 96699, 4211881]
Loop 911 [8887074, 4726933, 87039, 4057468]
Loop 912 [8135609, 3986950, 80595, 4051203]
Loop 913 [9453440, 5132013, 95068, 4209790]
Loop 914 [8808683, 4484088, 96422, 4211938]
Loop 915 [9068099, 4881469, 84891, 4059356]
Loop 916 [8222884, 4068319, 87184, 4049853]
Loop 917 [8772389, 4623486, 91019, 4039075]
Loop 918 [8764536, 4612581, 85222, 4050315]
Loop 919 [7164564, 3012181, 69617, 4065086]
Loop 920 [6841991, 2711305, 64617, 4050989]
Loop 921 [9358267, 5036718, 92255, 4212426]
Loop 922 [9231266, 4913294, 95483, 4207865]
Loop 923 [8420191, 4287225, 79906, 4037638]
Loop 924 [8008321, 3814900, 85530, 4044305]
Loop 925 [9094008, 4768325, 91523, 4217879]
Loop 926 [9259276, 4949891, 92827, 4199897]
Loop 927 [8207756, 4037725, 78079, 4076285]
Loop 928 [7049383, 2878817, 65205, 4056988]
Loop 929 [6905767, 2769193, 64153, 4056788]
Loop 930 [8641881, 4505346, 83120, 4038180]
Loop 931 [7916576, 3794593, 80271, 4025818]
Loop 932 [9341958, 5021743, 99268, 4203886]
Loop 933 [7656862, 3343639, 81694, 4217181]
Loop 934 [7373442, 3065020, 78639, 4216086]
Loop 935 [7467425, 3164962, 80287, 4208766]
Loop 936 [9261285, 4947495, 91460, 4206131]
Loop 937 [8835689, 4677459, 77160, 4067144]
Loop 938 [7069271, 2939379, 67136, 4047525]
Loop 939 [8625361, 4493963, 82742, 4034003]
Loop 940 [9333250, 5009996, 96933, 4209739]
Loop 941 [8481815, 4345487, 79692, 4040368]
Loop 942 [9208305, 4864650, 95930, 4203140]
Loop 943 [8653548, 4422160, 201991, 3973128]
Loop 944 [8978164, 4655175, 187039, 4117685]
Loop 945 [9199081, 4846195, 258976, 4077749]
Loop 946 [8805289, 4676512, 126615, 3986583]
Loop 947 [9276168, 4896424, 283253, 4078637]
Loop 948 [8339658, 4177206, 125419, 4021662]
Loop 949 [9444650, 5087850, 143920, 4195548]
Loop 950 [8056239, 3676896, 212129, 4149263]
Loop 951 [7589484, 3266405, 99124, 4209717]
Loop 952 [9273366, 4937922, 123404, 4196225]
Loop 953 [8468393, 4322092, 96749, 4033602]
Loop 954 [9385044, 5060018, 94093, 4215630]
Loop 955 [8567307, 4420505, 80658, 4050956]
Loop 956 [9219280, 4862743, 97197, 4212787]
Loop 957 [9448246, 5092740, 105062, 4234357]
Loop 958 [9140475, 4792136, 100498, 4229787]
Loop 959 [9087037, 4919560, 92262, 4059570]
Loop 960 [8796131, 4643598, 88092, 4047515]
Loop 961 [9589028, 5243505, 98944, 4228721]
Loop 962 [9422595, 5077497, 98613, 4229395]
Loop 963 [9006510, 4860734, 91570, 4037158]
Loop 964 [9431346, 5082971, 110704, 4219149]
Loop 965 [8870900, 4710135, 89816, 4050298]
Loop 966 [9308723, 4964928, 103668, 4220692]
Loop 967 [9447946, 5100150, 105155, 4226385]
Loop 968 [9355377, 5008970, 99422, 4203302]
Loop 969 [8800167, 4604939, 87614, 4090515]
Loop 970 [8769508, 4614892, 90140, 4045854]
Loop 971 [9582800, 5239249, 103778, 4220575]
Loop 972 [9519709, 5136338, 128286, 4230975]
Loop 973 [9430269, 5084873, 102489, 4227582]
Loop 974 [9410883, 5062712, 101704, 4229259]
Loop 975 [8630738, 4458662, 86920, 4067257]
Loop 976 [8106372, 3956481, 85473, 4048540]
Loop 977 [9280941, 4945514, 102302, 4213956]
Loop 978 [10688920, 6255752, 228620, 4149556]
Loop 979 [9185706, 4832002, 236477, 4099847]
Loop 980 [9259811, 4902907, 156485, 4184594]
Loop 981 [9493829, 5122285, 151887, 4178848]
Loop 982 [9046394, 4701942, 224015, 4104394]
Loop 983 [9079236, 4905085, 135469, 4021123]
Loop 984 [9249318, 4895405, 148553, 4186816]
Loop 985 [9179503, 4819772, 153966, 4188564]
Loop 986 [9292099, 4943294, 128256, 4203265]
Loop 987 [9034006, 4882046, 111270, 4022366]
Loop 988 [9177714, 4834331, 132231, 4194782]
Loop 989 [9101462, 4752845, 104571, 4227849]
Loop 990 [9087750, 4888786, 83564, 4097823]
Loop 991 [8789528, 4647397, 86061, 4036584]
Loop 992 [8791189, 4640412, 92138, 4040542]
Loop 993 [9626275, 5271321, 101263, 4235169]
Loop 994 [9478824, 5098239, 101991, 4236626]
Loop 995 [8563461, 4381716, 85369, 4080739]
Loop 996 [9604043, 5261278, 101991, 4222974]
Loop 997 [9068897, 4909232, 88202, 4052437]
Loop 998 [9602184, 5255056, 99442, 4229452]
Loop 999 [7810361, 3465099, 89093, 4240060]
replicas primary file /tmp16777216eccache.dat capacity 4194304
replicas slave file /tmp16777216eccache.datLQL0 capacity 4194304
replicas slave file /tmp16777216eccache.datLQL1 capacity 4194304
replicas slave file /tmp16777216eccache.datLQL2 capacity 4194304
replicas slave file /tmp16777216eccache.datLQL3 capacity 4194304
replicas slave file /tmp16777216eccache.datLQL4 capacity 4194304
