writeMicroEC_CodingDescent, filename /tmp262144microec.dat, size 262144, loop 1000, storageClass 0, locationClass 0, monECSubStripeNum 16
CrailConstants.REPLICATION_FACTOR has changed to 5
MicroEC Coding Ready

networkSizeArray [32768, 49152, 57344, 61440, 65536]
starting benchmark...
replicas primary file /tmp262144microec.dat capacity 0
replicas slave file /tmp262144microec.datLQL0 capacity 0
replicas slave file /tmp262144microec.datLQL1 capacity 0
replicas slave file /tmp262144microec.datLQL2 capacity 0
replicas slave file /tmp262144microec.datLQL3 capacity 0
replicas slave file /tmp262144microec.datLQL4 capacity 0
CrailConstants.REPLICATION_FACTOR has changed to 5
ops 1000
final loop (us) 120.706
Loop 0 (us) 250.571
Loop 1 (us) 181.782
Loop 2 (us) 132.91
Loop 3 (us) 117.432
Loop 4 (us) 175.003
Loop 5 (us) 112.091
Loop 6 (us) 117.786
Loop 7 (us) 112.631
Loop 8 (us) 113.685
Loop 9 (us) 154.81
Loop 10 (us) 125.11
Loop 11 (us) 120.275
Loop 12 (us) 106.563
Loop 13 (us) 131.955
Loop 14 (us) 116.537
Loop 15 (us) 124.218
Loop 16 (us) 119.012
Loop 17 (us) 127.501
Loop 18 (us) 124.817
Loop 19 (us) 124.503
Loop 20 (us) 128.133
Loop 21 (us) 122.598
Loop 22 (us) 114.136
Loop 23 (us) 592.286
Loop 24 (us) 128.768
Loop 25 (us) 115.233
Loop 26 (us) 104.954
Loop 27 (us) 115.879
Loop 28 (us) 116.298
Loop 29 (us) 113.798
Loop 30 (us) 130.317
Loop 31 (us) 122.352
Loop 32 (us) 127.501
Loop 33 (us) 127.53
Loop 34 (us) 113.377
Loop 35 (us) 135.033
Loop 36 (us) 106.527
Loop 37 (us) 132.979
Loop 38 (us) 123.474
Loop 39 (us) 134.162
Loop 40 (us) 128.852
Loop 41 (us) 117.155
Loop 42 (us) 127.218
Loop 43 (us) 126.297
Loop 44 (us) 132.027
Loop 45 (us) 136.181
Loop 46 (us) 127.45
Loop 47 (us) 114.505
Loop 48 (us) 167.405
Loop 49 (us) 111.644
Loop 50 (us) 111.807
Loop 51 (us) 132.954
Loop 52 (us) 129.246
Loop 53 (us) 121.831
Loop 54 (us) 140.509
Loop 55 (us) 125.201
Loop 56 (us) 114.294
Loop 57 (us) 255.638
Loop 58 (us) 185.908
Loop 59 (us) 139.985
Loop 60 (us) 136.309
Loop 61 (us) 128.208
Loop 62 (us) 144.617
Loop 63 (us) 128.108
Loop 64 (us) 146.789
Loop 65 (us) 160.609
Loop 66 (us) 588.476
Loop 67 (us) 114.845
Loop 68 (us) 111.196
Loop 69 (us) 129.978
Loop 70 (us) 150.21
Loop 71 (us) 114.458
Loop 72 (us) 134.459
Loop 73 (us) 128.013
Loop 74 (us) 110.922
Loop 75 (us) 132.039
Loop 76 (us) 117.668
Loop 77 (us) 132.572
Loop 78 (us) 125.139
Loop 79 (us) 119.982
Loop 80 (us) 127.057
Loop 81 (us) 115.391
Loop 82 (us) 121.535
Loop 83 (us) 120.377
Loop 84 (us) 122.263
Loop 85 (us) 134.926
Loop 86 (us) 96.239
Loop 87 (us) 162.885
Loop 88 (us) 136.998
Loop 89 (us) 124.954
Loop 90 (us) 111.724
Loop 91 (us) 121.803
Loop 92 (us) 114.007
Loop 93 (us) 129.04
Loop 94 (us) 120.165
Loop 95 (us) 130.247
Loop 96 (us) 122.389
Loop 97 (us) 125.515
Loop 98 (us) 121.097
Loop 99 (us) 101.172
Loop 100 (us) 122.94
Loop 101 (us) 128.403
Loop 102 (us) 105.869
Loop 103 (us) 111.255
Loop 104 (us) 102.382
Loop 105 (us) 110.936
Loop 106 (us) 111.442
Loop 107 (us) 122.323
Loop 108 (us) 115.127
Loop 109 (us) 106.6
Loop 110 (us) 125.633
Loop 111 (us) 120.212
Loop 112 (us) 113.356
Loop 113 (us) 110.817
Loop 114 (us) 122.598
Loop 115 (us) 118.331
Loop 116 (us) 119.351
Loop 117 (us) 134.327
Loop 118 (us) 127.609
Loop 119 (us) 133.832
Loop 120 (us) 126.47
Loop 121 (us) 126.442
Loop 122 (us) 119.118
Loop 123 (us) 242.525
Loop 124 (us) 157.751
Loop 125 (us) 127.848
Loop 126 (us) 110.149
Loop 127 (us) 122.948
Loop 128 (us) 117.555
Loop 129 (us) 122.274
Loop 130 (us) 117.208
Loop 131 (us) 117.03
Loop 132 (us) 115.8
Loop 133 (us) 126.376
Loop 134 (us) 116.705
Loop 135 (us) 122.322
Loop 136 (us) 252.934
Loop 137 (us) 155.215
Loop 138 (us) 122.241
Loop 139 (us) 115.045
Loop 140 (us) 130.526
Loop 141 (us) 128.284
Loop 142 (us) 124.928
Loop 143 (us) 130.477
Loop 144 (us) 137.973
Loop 145 (us) 145.681
Loop 146 (us) 110.185
Loop 147 (us) 122.454
Loop 148 (us) 123.809
Loop 149 (us) 113.033
Loop 150 (us) 135.372
Loop 151 (us) 132.742
Loop 152 (us) 121.273
Loop 153 (us) 132.439
Loop 154 (us) 112.732
Loop 155 (us) 123.549
Loop 156 (us) 124.285
Loop 157 (us) 124.918
Loop 158 (us) 123.063
Loop 159 (us) 103.209
Loop 160 (us) 155.301
Loop 161 (us) 128.741
Loop 162 (us) 125.937
Loop 163 (us) 113.27
Loop 164 (us) 114.245
Loop 165 (us) 99.512
Loop 166 (us) 121.562
Loop 167 (us) 120.796
Loop 168 (us) 119.944
Loop 169 (us) 109.375
Loop 170 (us) 123.861
Loop 171 (us) 119.068
Loop 172 (us) 119.783
Loop 173 (us) 100.093
Loop 174 (us) 99.141
Loop 175 (us) 100.319
Loop 176 (us) 120.935
Loop 177 (us) 117.249
Loop 178 (us) 124.723
Loop 179 (us) 118.404
Loop 180 (us) 116.184
Loop 181 (us) 134.946
Loop 182 (us) 118.146
Loop 183 (us) 110.469
Loop 184 (us) 121.621
Loop 185 (us) 122.306
Loop 186 (us) 122.459
Loop 187 (us) 120.399
Loop 188 (us) 121.868
Loop 189 (us) 120.548
Loop 190 (us) 118.579
Loop 191 (us) 338.129
Loop 192 (us) 147.438
Loop 193 (us) 123.364
Loop 194 (us) 115.281
Loop 195 (us) 131.847
Loop 196 (us) 123.181
Loop 197 (us) 117.617
Loop 198 (us) 129.199
Loop 199 (us) 127.314
Loop 200 (us) 131.054
Loop 201 (us) 132.082
Loop 202 (us) 130.625
Loop 203 (us) 139.883
Loop 204 (us) 144.225
Loop 205 (us) 111.821
Loop 206 (us) 125.365
Loop 207 (us) 105.768
Loop 208 (us) 128.319
Loop 209 (us) 123.622
Loop 210 (us) 95.6
Loop 211 (us) 112.097
Loop 212 (us) 112.263
Loop 213 (us) 123.49
Loop 214 (us) 122.058
Loop 215 (us) 125.11
Loop 216 (us) 116.431
Loop 217 (us) 114.502
Loop 218 (us) 114.086
Loop 219 (us) 130.635
Loop 220 (us) 118.41
Loop 221 (us) 123.025
Loop 222 (us) 126.218
Loop 223 (us) 115.03
Loop 224 (us) 140.0
Loop 225 (us) 117.143
Loop 226 (us) 137.197
Loop 227 (us) 132.132
Loop 228 (us) 130.4
Loop 229 (us) 117.982
Loop 230 (us) 126.192
Loop 231 (us) 133.805
Loop 232 (us) 134.504
Loop 233 (us) 124.787
Loop 234 (us) 155.236
Loop 235 (us) 129.06
Loop 236 (us) 131.56
Loop 237 (us) 128.021
Loop 238 (us) 148.859
Loop 239 (us) 133.194
Loop 240 (us) 127.511
Loop 241 (us) 115.7
Loop 242 (us) 119.364
Loop 243 (us) 121.1
Loop 244 (us) 129.982
Loop 245 (us) 132.812
Loop 246 (us) 129.557
Loop 247 (us) 4396.106
Loop 248 (us) 138.332
Loop 249 (us) 136.481
Loop 250 (us) 140.659
Loop 251 (us) 147.419
Loop 252 (us) 131.134
Loop 253 (us) 122.155
Loop 254 (us) 134.514
Loop 255 (us) 130.853
Loop 256 (us) 138.172
Loop 257 (us) 138.185
Loop 258 (us) 135.053
Loop 259 (us) 106.712
Loop 260 (us) 102.567
Loop 261 (us) 128.395
Loop 262 (us) 120.646
Loop 263 (us) 136.526
Loop 264 (us) 131.239
Loop 265 (us) 130.26
Loop 266 (us) 119.583
Loop 267 (us) 120.871
Loop 268 (us) 140.356
Loop 269 (us) 132.577
Loop 270 (us) 149.042
Loop 271 (us) 138.84
Loop 272 (us) 120.323
Loop 273 (us) 133.706
Loop 274 (us) 128.402
Loop 275 (us) 139.283
Loop 276 (us) 171.622
Loop 277 (us) 113.69
Loop 278 (us) 131.21
Loop 279 (us) 120.139
Loop 280 (us) 133.307
Loop 281 (us) 126.719
Loop 282 (us) 126.564
Loop 283 (us) 114.146
Loop 284 (us) 128.371
Loop 285 (us) 128.72
Loop 286 (us) 118.453
Loop 287 (us) 138.342
Loop 288 (us) 128.078
Loop 289 (us) 126.033
Loop 290 (us) 111.798
Loop 291 (us) 118.838
Loop 292 (us) 117.274
Loop 293 (us) 123.526
Loop 294 (us) 116.26
Loop 295 (us) 114.82
Loop 296 (us) 100.086
Loop 297 (us) 101.287
Loop 298 (us) 125.034
Loop 299 (us) 124.351
Loop 300 (us) 120.003
Loop 301 (us) 115.302
Loop 302 (us) 124.652
Loop 303 (us) 127.08
Loop 304 (us) 120.442
Loop 305 (us) 122.263
Loop 306 (us) 116.206
Loop 307 (us) 127.168
Loop 308 (us) 113.968
Loop 309 (us) 115.016
Loop 310 (us) 126.28
Loop 311 (us) 115.567
Loop 312 (us) 127.219
Loop 313 (us) 110.509
Loop 314 (us) 117.943
Loop 315 (us) 114.221
Loop 316 (us) 130.091
Loop 317 (us) 122.967
Loop 318 (us) 121.876
Loop 319 (us) 118.449
Loop 320 (us) 130.063
Loop 321 (us) 118.695
Loop 322 (us) 123.879
Loop 323 (us) 114.425
Loop 324 (us) 109.818
Loop 325 (us) 123.321
Loop 326 (us) 119.828
Loop 327 (us) 112.526
Loop 328 (us) 108.787
Loop 329 (us) 120.883
Loop 330 (us) 117.099
Loop 331 (us) 116.883
Loop 332 (us) 124.306
Loop 333 (us) 120.648
Loop 334 (us) 120.555
Loop 335 (us) 111.226
Loop 336 (us) 117.066
Loop 337 (us) 111.137
Loop 338 (us) 122.474
Loop 339 (us) 118.267
Loop 340 (us) 130.196
Loop 341 (us) 124.699
Loop 342 (us) 112.045
Loop 343 (us) 122.866
Loop 344 (us) 153.365
Loop 345 (us) 130.315
Loop 346 (us) 111.779
Loop 347 (us) 122.618
Loop 348 (us) 123.958
Loop 349 (us) 131.874
Loop 350 (us) 104.871
Loop 351 (us) 98.189
Loop 352 (us) 123.373
Loop 353 (us) 110.768
Loop 354 (us) 122.813
Loop 355 (us) 121.982
Loop 356 (us) 120.752
Loop 357 (us) 116.799
Loop 358 (us) 129.727
Loop 359 (us) 131.656
Loop 360 (us) 99.868
Loop 361 (us) 108.708
Loop 362 (us) 124.57
Loop 363 (us) 121.11
Loop 364 (us) 109.584
Loop 365 (us) 116.609
Loop 366 (us) 120.766
Loop 367 (us) 112.808
Loop 368 (us) 125.288
Loop 369 (us) 121.055
Loop 370 (us) 117.392
Loop 371 (us) 123.162
Loop 372 (us) 121.505
Loop 373 (us) 109.234
Loop 374 (us) 116.777
Loop 375 (us) 111.135
Loop 376 (us) 111.137
Loop 377 (us) 125.339
Loop 378 (us) 121.051
Loop 379 (us) 135.601
Loop 380 (us) 130.389
Loop 381 (us) 109.256
Loop 382 (us) 125.248
Loop 383 (us) 119.11
Loop 384 (us) 125.418
Loop 385 (us) 122.874
Loop 386 (us) 123.572
Loop 387 (us) 119.743
Loop 388 (us) 100.672
Loop 389 (us) 123.749
Loop 390 (us) 120.47
Loop 391 (us) 122.253
Loop 392 (us) 112.108
Loop 393 (us) 121.968
Loop 394 (us) 119.503
Loop 395 (us) 111.508
Loop 396 (us) 124.304
Loop 397 (us) 128.719
Loop 398 (us) 126.981
Loop 399 (us) 109.407
Loop 400 (us) 101.57
Loop 401 (us) 108.212
Loop 402 (us) 122.403
Loop 403 (us) 122.296
Loop 404 (us) 129.024
Loop 405 (us) 127.311
Loop 406 (us) 124.188
Loop 407 (us) 132.474
Loop 408 (us) 159.382
Loop 409 (us) 116.705
Loop 410 (us) 121.892
Loop 411 (us) 124.378
Loop 412 (us) 101.91
Loop 413 (us) 100.353
Loop 414 (us) 114.085
Loop 415 (us) 135.306
Loop 416 (us) 135.181
Loop 417 (us) 106.514
Loop 418 (us) 124.89
Loop 419 (us) 118.278
Loop 420 (us) 128.465
Loop 421 (us) 119.234
Loop 422 (us) 122.813
Loop 423 (us) 112.588
Loop 424 (us) 121.919
Loop 425 (us) 118.491
Loop 426 (us) 122.939
Loop 427 (us) 118.96
Loop 428 (us) 111.117
Loop 429 (us) 121.812
Loop 430 (us) 114.076
Loop 431 (us) 115.744
Loop 432 (us) 118.319
Loop 433 (us) 139.944
Loop 434 (us) 120.812
Loop 435 (us) 135.036
Loop 436 (us) 135.706
Loop 437 (us) 114.852
Loop 438 (us) 129.658
Loop 439 (us) 120.031
Loop 440 (us) 122.843
Loop 441 (us) 119.957
Loop 442 (us) 129.382
Loop 443 (us) 118.89
Loop 444 (us) 115.936
Loop 445 (us) 147.253
Loop 446 (us) 110.655
Loop 447 (us) 125.389
Loop 448 (us) 130.261
Loop 449 (us) 127.034
Loop 450 (us) 116.111
Loop 451 (us) 116.695
Loop 452 (us) 123.96
Loop 453 (us) 116.851
Loop 454 (us) 128.342
Loop 455 (us) 155.029
Loop 456 (us) 142.701
Loop 457 (us) 117.409
Loop 458 (us) 103.394
Loop 459 (us) 130.432
Loop 460 (us) 124.687
Loop 461 (us) 125.074
Loop 462 (us) 572.894
Loop 463 (us) 113.375
Loop 464 (us) 104.125
Loop 465 (us) 112.58
Loop 466 (us) 171.566
Loop 467 (us) 121.182
Loop 468 (us) 131.478
Loop 469 (us) 130.03
Loop 470 (us) 139.362
Loop 471 (us) 119.143
Loop 472 (us) 121.373
Loop 473 (us) 196.259
Loop 474 (us) 131.419
Loop 475 (us) 138.932
Loop 476 (us) 124.34
Loop 477 (us) 122.985
Loop 478 (us) 120.157
Loop 479 (us) 120.118
Loop 480 (us) 120.811
Loop 481 (us) 125.635
Loop 482 (us) 122.067
Loop 483 (us) 124.045
Loop 484 (us) 115.147
Loop 485 (us) 115.389
Loop 486 (us) 118.819
Loop 487 (us) 122.321
Loop 488 (us) 120.824
Loop 489 (us) 116.334
Loop 490 (us) 122.475
Loop 491 (us) 115.828
Loop 492 (us) 229.399
Loop 493 (us) 133.866
Loop 494 (us) 127.995
Loop 495 (us) 119.203
Loop 496 (us) 113.919
Loop 497 (us) 108.609
Loop 498 (us) 100.624
Loop 499 (us) 128.786
Loop 500 (us) 125.188
Loop 501 (us) 114.031
Loop 502 (us) 131.285
Loop 503 (us) 102.477
Loop 504 (us) 394.775
Loop 505 (us) 132.056
Loop 506 (us) 131.526
Loop 507 (us) 141.466
Loop 508 (us) 115.179
Loop 509 (us) 108.901
Loop 510 (us) 124.562
Loop 511 (us) 129.918
Loop 512 (us) 99.325
Loop 513 (us) 122.258
Loop 514 (us) 116.429
Loop 515 (us) 125.996
Loop 516 (us) 117.828
Loop 517 (us) 130.312
Loop 518 (us) 122.306
Loop 519 (us) 111.736
Loop 520 (us) 122.097
Loop 521 (us) 117.745
Loop 522 (us) 137.481
Loop 523 (us) 99.997
Loop 524 (us) 111.194
Loop 525 (us) 132.219
Loop 526 (us) 119.885
Loop 527 (us) 116.35
Loop 528 (us) 111.457
Loop 529 (us) 123.043
Loop 530 (us) 123.972
Loop 531 (us) 117.716
Loop 532 (us) 98.884
Loop 533 (us) 157.639
Loop 534 (us) 111.727
Loop 535 (us) 121.159
Loop 536 (us) 127.88
Loop 537 (us) 124.426
Loop 538 (us) 118.518
Loop 539 (us) 115.346
Loop 540 (us) 99.567
Loop 541 (us) 121.198
Loop 542 (us) 121.039
Loop 543 (us) 103.33
Loop 544 (us) 107.253
Loop 545 (us) 107.705
Loop 546 (us) 123.168
Loop 547 (us) 115.589
Loop 548 (us) 129.832
Loop 549 (us) 121.54
Loop 550 (us) 126.166
Loop 551 (us) 135.921
Loop 552 (us) 125.165
Loop 553 (us) 114.738
Loop 554 (us) 108.471
Loop 555 (us) 99.057
Loop 556 (us) 111.091
Loop 557 (us) 126.995
Loop 558 (us) 117.994
Loop 559 (us) 121.996
Loop 560 (us) 118.016
Loop 561 (us) 124.221
Loop 562 (us) 117.018
Loop 563 (us) 122.701
Loop 564 (us) 122.468
Loop 565 (us) 117.053
Loop 566 (us) 127.482
Loop 567 (us) 113.123
Loop 568 (us) 135.147
Loop 569 (us) 139.133
Loop 570 (us) 127.15
Loop 571 (us) 109.598
Loop 572 (us) 107.935
Loop 573 (us) 124.34
Loop 574 (us) 119.368
Loop 575 (us) 98.711
Loop 576 (us) 124.283
Loop 577 (us) 117.171
Loop 578 (us) 122.372
Loop 579 (us) 117.08
Loop 580 (us) 98.692
Loop 581 (us) 98.797
Loop 582 (us) 125.797
Loop 583 (us) 124.494
Loop 584 (us) 112.271
Loop 585 (us) 110.695
Loop 586 (us) 131.851
Loop 587 (us) 121.927
Loop 588 (us) 110.102
Loop 589 (us) 120.905
Loop 590 (us) 117.713
Loop 591 (us) 109.109
Loop 592 (us) 110.3
Loop 593 (us) 124.53
Loop 594 (us) 121.319
Loop 595 (us) 115.584
Loop 596 (us) 108.206
Loop 597 (us) 107.714
Loop 598 (us) 106.977
Loop 599 (us) 115.85
Loop 600 (us) 109.275
Loop 601 (us) 107.256
Loop 602 (us) 107.345
Loop 603 (us) 99.208
Loop 604 (us) 123.109
Loop 605 (us) 116.8
Loop 606 (us) 122.738
Loop 607 (us) 112.393
Loop 608 (us) 120.567
Loop 609 (us) 119.031
Loop 610 (us) 120.741
Loop 611 (us) 116.616
Loop 612 (us) 124.107
Loop 613 (us) 117.614
Loop 614 (us) 133.883
Loop 615 (us) 131.749
Loop 616 (us) 117.063
Loop 617 (us) 108.988
Loop 618 (us) 109.108
Loop 619 (us) 98.744
Loop 620 (us) 98.517
Loop 621 (us) 108.434
Loop 622 (us) 97.654
Loop 623 (us) 98.935
Loop 624 (us) 111.462
Loop 625 (us) 103.195
Loop 626 (us) 122.665
Loop 627 (us) 113.919
Loop 628 (us) 103.572
Loop 629 (us) 125.827
Loop 630 (us) 134.331
Loop 631 (us) 131.213
Loop 632 (us) 127.096
Loop 633 (us) 120.771
Loop 634 (us) 120.645
Loop 635 (us) 121.837
Loop 636 (us) 126.098
Loop 637 (us) 119.614
Loop 638 (us) 120.133
Loop 639 (us) 116.964
Loop 640 (us) 121.684
Loop 641 (us) 117.275
Loop 642 (us) 104.43
Loop 643 (us) 101.013
Loop 644 (us) 121.786
Loop 645 (us) 116.263
Loop 646 (us) 108.612
Loop 647 (us) 125.031
Loop 648 (us) 114.551
Loop 649 (us) 119.954
Loop 650 (us) 121.931
Loop 651 (us) 116.292
Loop 652 (us) 124.037
Loop 653 (us) 122.502
Loop 654 (us) 109.897
Loop 655 (us) 120.002
Loop 656 (us) 117.828
Loop 657 (us) 123.996
Loop 658 (us) 120.372
Loop 659 (us) 110.709
Loop 660 (us) 118.367
Loop 661 (us) 123.118
Loop 662 (us) 116.145
Loop 663 (us) 103.918
Loop 664 (us) 123.517
Loop 665 (us) 121.98
Loop 666 (us) 120.182
Loop 667 (us) 127.459
Loop 668 (us) 111.433
Loop 669 (us) 122.206
Loop 670 (us) 121.316
Loop 671 (us) 109.629
Loop 672 (us) 111.941
Loop 673 (us) 122.255
Loop 674 (us) 115.687
Loop 675 (us) 118.244
Loop 676 (us) 105.987
Loop 677 (us) 114.535
Loop 678 (us) 109.865
Loop 679 (us) 108.2
Loop 680 (us) 125.273
Loop 681 (us) 117.229
Loop 682 (us) 114.336
Loop 683 (us) 125.898
Loop 684 (us) 120.843
Loop 685 (us) 97.388
Loop 686 (us) 106.689
Loop 687 (us) 107.997
Loop 688 (us) 108.398
Loop 689 (us) 98.818
Loop 690 (us) 122.699
Loop 691 (us) 116.393
Loop 692 (us) 103.13
Loop 693 (us) 140.33
Loop 694 (us) 123.407
Loop 695 (us) 110.395
Loop 696 (us) 120.329
Loop 697 (us) 114.771
Loop 698 (us) 114.898
Loop 699 (us) 108.912
Loop 700 (us) 126.47
Loop 701 (us) 117.863
Loop 702 (us) 127.431
Loop 703 (us) 111.344
Loop 704 (us) 117.446
Loop 705 (us) 125.35
Loop 706 (us) 105.519
Loop 707 (us) 114.866
Loop 708 (us) 109.831
Loop 709 (us) 122.47
Loop 710 (us) 122.358
Loop 711 (us) 117.707
Loop 712 (us) 109.697
Loop 713 (us) 98.176
Loop 714 (us) 117.071
Loop 715 (us) 122.44
Loop 716 (us) 142.567
Loop 717 (us) 102.493
Loop 718 (us) 97.387
Loop 719 (us) 96.191
Loop 720 (us) 112.975
Loop 721 (us) 100.667
Loop 722 (us) 122.047
Loop 723 (us) 120.879
Loop 724 (us) 122.297
Loop 725 (us) 111.393
Loop 726 (us) 120.683
Loop 727 (us) 116.338
Loop 728 (us) 113.692
Loop 729 (us) 124.094
Loop 730 (us) 117.098
Loop 731 (us) 112.961
Loop 732 (us) 135.696
Loop 733 (us) 144.245
Loop 734 (us) 121.616
Loop 735 (us) 140.468
Loop 736 (us) 140.196
Loop 737 (us) 122.574
Loop 738 (us) 120.401
Loop 739 (us) 124.46
Loop 740 (us) 115.072
Loop 741 (us) 115.77
Loop 742 (us) 107.626
Loop 743 (us) 121.492
Loop 744 (us) 121.558
Loop 745 (us) 99.337
Loop 746 (us) 107.646
Loop 747 (us) 106.516
Loop 748 (us) 120.74
Loop 749 (us) 119.409
Loop 750 (us) 110.937
Loop 751 (us) 124.802
Loop 752 (us) 131.443
Loop 753 (us) 121.519
Loop 754 (us) 99.203
Loop 755 (us) 98.39
Loop 756 (us) 97.232
Loop 757 (us) 115.53
Loop 758 (us) 121.496
Loop 759 (us) 118.183
Loop 760 (us) 102.985
Loop 761 (us) 98.956
Loop 762 (us) 122.115
Loop 763 (us) 118.421
Loop 764 (us) 98.841
Loop 765 (us) 109.772
Loop 766 (us) 117.69
Loop 767 (us) 98.132
Loop 768 (us) 107.993
Loop 769 (us) 115.696
Loop 770 (us) 100.05
Loop 771 (us) 115.267
Loop 772 (us) 100.697
Loop 773 (us) 127.818
Loop 774 (us) 114.01
Loop 775 (us) 111.392
Loop 776 (us) 125.767
Loop 777 (us) 118.536
Loop 778 (us) 126.606
Loop 779 (us) 125.907
Loop 780 (us) 135.961
Loop 781 (us) 124.593
Loop 782 (us) 110.744
Loop 783 (us) 117.31
Loop 784 (us) 117.521
Loop 785 (us) 126.097
Loop 786 (us) 125.381
Loop 787 (us) 130.339
Loop 788 (us) 119.6
Loop 789 (us) 99.827
Loop 790 (us) 109.113
Loop 791 (us) 125.428
Loop 792 (us) 112.471
Loop 793 (us) 124.515
Loop 794 (us) 114.719
Loop 795 (us) 132.518
Loop 796 (us) 126.584
Loop 797 (us) 123.36
Loop 798 (us) 119.808
Loop 799 (us) 117.172
Loop 800 (us) 122.099
Loop 801 (us) 108.436
Loop 802 (us) 119.346
Loop 803 (us) 121.714
Loop 804 (us) 116.473
Loop 805 (us) 123.328
Loop 806 (us) 110.187
Loop 807 (us) 115.984
Loop 808 (us) 121.213
Loop 809 (us) 116.156
Loop 810 (us) 106.903
Loop 811 (us) 119.922
Loop 812 (us) 112.865
Loop 813 (us) 104.983
Loop 814 (us) 134.693
Loop 815 (us) 134.864
Loop 816 (us) 122.243
Loop 817 (us) 121.776
Loop 818 (us) 126.098
Loop 819 (us) 124.345
Loop 820 (us) 117.595
Loop 821 (us) 117.034
Loop 822 (us) 122.739
Loop 823 (us) 120.081
Loop 824 (us) 116.373
Loop 825 (us) 102.39
Loop 826 (us) 121.967
Loop 827 (us) 109.566
Loop 828 (us) 120.564
Loop 829 (us) 125.306
Loop 830 (us) 126.928
Loop 831 (us) 109.831
Loop 832 (us) 119.377
Loop 833 (us) 115.821
Loop 834 (us) 121.349
Loop 835 (us) 118.659
Loop 836 (us) 117.633
Loop 837 (us) 122.006
Loop 838 (us) 118.356
Loop 839 (us) 119.586
Loop 840 (us) 119.319
Loop 841 (us) 120.381
Loop 842 (us) 116.448
Loop 843 (us) 117.93
Loop 844 (us) 124.9
Loop 845 (us) 120.897
Loop 846 (us) 124.016
Loop 847 (us) 131.951
Loop 848 (us) 125.093
Loop 849 (us) 135.328
Loop 850 (us) 111.214
Loop 851 (us) 117.01
Loop 852 (us) 127.964
Loop 853 (us) 124.624
Loop 854 (us) 120.55
Loop 855 (us) 123.21
Loop 856 (us) 123.377
Loop 857 (us) 682.523
Loop 858 (us) 119.421
Loop 859 (us) 113.354
Loop 860 (us) 100.191
Loop 861 (us) 119.599
Loop 862 (us) 124.056
Loop 863 (us) 117.379
Loop 864 (us) 100.791
Loop 865 (us) 127.381
Loop 866 (us) 114.041
Loop 867 (us) 124.007
Loop 868 (us) 122.413
Loop 869 (us) 117.268
Loop 870 (us) 110.219
Loop 871 (us) 125.45
Loop 872 (us) 115.486
Loop 873 (us) 122.488
Loop 874 (us) 109.445
Loop 875 (us) 103.454
Loop 876 (us) 115.006
Loop 877 (us) 107.742
Loop 878 (us) 122.894
Loop 879 (us) 115.392
Loop 880 (us) 107.858
Loop 881 (us) 110.084
Loop 882 (us) 122.47
Loop 883 (us) 116.456
Loop 884 (us) 124.631
Loop 885 (us) 116.425
Loop 886 (us) 99.013
Loop 887 (us) 122.621
Loop 888 (us) 118.08
Loop 889 (us) 119.262
Loop 890 (us) 120.045
Loop 891 (us) 122.389
Loop 892 (us) 163.649
Loop 893 (us) 136.588
Loop 894 (us) 129.765
Loop 895 (us) 121.569
Loop 896 (us) 111.726
Loop 897 (us) 98.826
Loop 898 (us) 112.791
Loop 899 (us) 125.651
Loop 900 (us) 117.049
Loop 901 (us) 128.899
Loop 902 (us) 124.1
Loop 903 (us) 116.89
Loop 904 (us) 126.508
Loop 905 (us) 110.612
Loop 906 (us) 116.386
Loop 907 (us) 98.455
Loop 908 (us) 120.456
Loop 909 (us) 111.728
Loop 910 (us) 130.126
Loop 911 (us) 100.589
Loop 912 (us) 124.409
Loop 913 (us) 139.263
Loop 914 (us) 118.809
Loop 915 (us) 119.615
Loop 916 (us) 110.62
Loop 917 (us) 105.081
Loop 918 (us) 116.167
Loop 919 (us) 99.392
Loop 920 (us) 122.684
Loop 921 (us) 780.137
Loop 922 (us) 123.203
Loop 923 (us) 111.14
Loop 924 (us) 120.25
Loop 925 (us) 102.367
Loop 926 (us) 117.003
Loop 927 (us) 99.598
Loop 928 (us) 125.8
Loop 929 (us) 118.036
Loop 930 (us) 112.296
Loop 931 (us) 110.081
Loop 932 (us) 121.632
Loop 933 (us) 116.476
Loop 934 (us) 122.468
Loop 935 (us) 123.614
Loop 936 (us) 121.708
Loop 937 (us) 125.884
Loop 938 (us) 120.838
Loop 939 (us) 119.287
Loop 940 (us) 112.892
Loop 941 (us) 99.091
Loop 942 (us) 115.835
Loop 943 (us) 117.184
Loop 944 (us) 124.564
Loop 945 (us) 119.66
Loop 946 (us) 116.054
Loop 947 (us) 106.013
Loop 948 (us) 119.387
Loop 949 (us) 121.694
Loop 950 (us) 118.051
Loop 951 (us) 125.555
Loop 952 (us) 118.887
Loop 953 (us) 99.415
Loop 954 (us) 104.248
Loop 955 (us) 97.734
Loop 956 (us) 106.679
Loop 957 (us) 114.875
Loop 958 (us) 118.642
Loop 959 (us) 124.287
Loop 960 (us) 118.354
Loop 961 (us) 108.33
Loop 962 (us) 121.085
Loop 963 (us) 123.382
Loop 964 (us) 127.284
Loop 965 (us) 130.553
Loop 966 (us) 110.54
Loop 967 (us) 121.262
Loop 968 (us) 127.596
Loop 969 (us) 123.427
Loop 970 (us) 122.003
Loop 971 (us) 121.372
Loop 972 (us) 122.379
Loop 973 (us) 118.302
Loop 974 (us) 122.152
Loop 975 (us) 121.07
Loop 976 (us) 109.85
Loop 977 (us) 123.349
Loop 978 (us) 109.116
Loop 979 (us) 121.553
Loop 980 (us) 118.077
Loop 981 (us) 123.301
Loop 982 (us) 118.7
Loop 983 (us) 124.922
Loop 984 (us) 120.325
Loop 985 (us) 125.187
Loop 986 (us) 119.344
Loop 987 (us) 139.837
Loop 988 (us) 131.31
Loop 989 (us) 109.394
Loop 990 (us) 125.193
Loop 991 (us) 132.584
Loop 992 (us) 109.189
Loop 993 (us) 109.774
Loop 994 (us) 117.847
Loop 995 (us) 103.743
Loop 996 (us) 122.413
Loop 997 (us) 110.316
Loop 998 (us) 116.216
Loop 999 (us) 120.706
Warmup times 0
avgLoopLatency(us) 128.634063
iops 7773.990626417515
variance 141.23115010683378
Loop 0 [250571, 15365, 34957, 144712, 61687, 9976, 8948, 9002, 8716, 53466]
Loop 1 [181782, 11817, 30373, 126438, 17448, 11381, 11580, 11104, 9566, 11729]
Loop 2 [132910, 9525, 17083, 97121, 11253, 7660, 6519, 6023, 5717, 8122]
Loop 3 [117432, 7087, 13245, 89511, 8441, 7853, 6563, 6328, 6253, 6898]
Loop 4 [175003, 6605, 60509, 100004, 7949, 6551, 6804, 6579, 6943, 7088]
Loop 5 [112091, 5411, 12533, 86991, 7479, 5868, 5879, 5364, 5539, 6460]
Loop 6 [117786, 5172, 11940, 93886, 9857, 7116, 6308, 5099, 6174, 6129]
Loop 7 [112631, 6879, 12190, 86775, 7347, 6514, 5481, 5751, 5485, 6105]
Loop 8 [113685, 5704, 11913, 88951, 7315, 5697, 5608, 5708, 6016, 6435]
Loop 9 [154810, 5478, 49889, 91559, 8123, 6326, 4797, 5059, 5035, 7086]
Loop 10 [125110, 7845, 20009, 89436, 8998, 5808, 6012, 4860, 4434, 6994]
Loop 11 [120275, 7075, 10052, 95788, 6723, 8530, 4844, 4760, 4456, 6712]
Loop 12 [106563, 6814, 10175, 82699, 6028, 4844, 4468, 4306, 4662, 6182]
Loop 13 [131955, 5732, 10069, 109016, 7133, 4886, 4398, 4407, 4244, 6479]
Loop 14 [116537, 6404, 10198, 92980, 6767, 4797, 4166, 4325, 4221, 6356]
Loop 15 [124218, 6448, 10390, 99813, 6156, 4421, 4268, 3838, 3986, 6941]
Loop 16 [119012, 6741, 9542, 95474, 5765, 4582, 4564, 4226, 4528, 6614]
Loop 17 [127501, 9606, 9731, 101050, 6871, 4465, 4191, 4620, 4115, 6437]
Loop 18 [124817, 6400, 10236, 101154, 6588, 4392, 3911, 4212, 4070, 6332]
Loop 19 [124503, 7026, 9660, 100926, 5163, 4055, 3791, 4067, 3866, 6211]
Loop 20 [128133, 5334, 9471, 106269, 6511, 4313, 3987, 3543, 3956, 6386]
Loop 21 [122598, 7018, 10236, 98626, 5183, 4359, 4189, 3745, 4370, 6058]
Loop 22 [114136, 5108, 9203, 92674, 5251, 4037, 3891, 3951, 4213, 6479]
Loop 23 [592286, 5294, 10211, 569192, 5620, 4598, 467107, 4353, 3762, 6875]
Loop 24 [128768, 9839, 9466, 102320, 5759, 3936, 3920, 3917, 4168, 6453]
Loop 25 [115233, 5509, 9897, 93150, 5149, 3941, 3780, 4404, 4168, 6049]
Loop 26 [104954, 5088, 10050, 82796, 5157, 4295, 3902, 3866, 4132, 6384]
Loop 27 [115879, 5141, 9945, 93899, 5107, 4084, 3773, 3767, 4080, 6271]
Loop 28 [116298, 5119, 10192, 94092, 4857, 4121, 4325, 3922, 4370, 6212]
Loop 29 [113798, 5019, 9861, 91929, 5249, 3866, 3778, 3949, 4458, 6396]
Loop 30 [130317, 5081, 9990, 108360, 5620, 4556, 3962, 4182, 5531, 6236]
Loop 31 [122352, 6386, 9865, 98595, 5398, 4093, 3876, 3806, 3643, 6867]
Loop 32 [127501, 5418, 9784, 105386, 5327, 3844, 3911, 3882, 4270, 6298]
Loop 33 [127530, 7379, 9376, 103984, 5169, 3852, 3649, 3670, 3922, 6153]
Loop 34 [113377, 5318, 9544, 91517, 5007, 3700, 3807, 3775, 3884, 6340]
Loop 35 [135033, 7893, 13663, 106142, 6565, 4445, 4423, 4520, 4719, 6687]
Loop 36 [106527, 5081, 9877, 84650, 5923, 4230, 4200, 4365, 4257, 6298]
Loop 37 [132979, 4968, 9950, 110971, 6269, 4401, 4157, 4680, 4071, 6422]
Loop 38 [123474, 6633, 9755, 99845, 5861, 4320, 3958, 4004, 4184, 6581]
Loop 39 [134162, 5402, 9792, 112072, 6767, 4703, 4236, 4031, 4248, 6250]
Loop 40 [128852, 6738, 9936, 105109, 5229, 4414, 3960, 3775, 4019, 6463]
Loop 41 [117155, 5373, 9721, 95109, 4947, 3910, 3653, 3633, 3965, 6320]
Loop 42 [127218, 5033, 9586, 105661, 6782, 3948, 3969, 3981, 4314, 6276]
Loop 43 [126297, 9646, 11279, 97125, 6654, 4279, 3927, 3681, 3993, 7401]
Loop 44 [132027, 5846, 9637, 109478, 6504, 4159, 4846, 3770, 4168, 6406]
Loop 45 [136181, 6528, 10459, 112234, 5452, 4957, 4146, 3962, 3947, 6286]
Loop 46 [127450, 5753, 9714, 105055, 5967, 4162, 3978, 3982, 4067, 6237]
Loop 47 [114505, 6648, 10515, 90488, 5635, 4266, 4184, 3690, 3909, 6193]
Loop 48 [167405, 6447, 9919, 143682, 5719, 4213, 4290, 4310, 32720, 6572]
Loop 49 [111644, 7007, 10595, 87108, 5928, 4241, 3887, 4013, 4177, 6309]
Loop 50 [111807, 6744, 9600, 87631, 5516, 4026, 4073, 3867, 3951, 7180]
Loop 51 [132954, 6713, 10065, 109289, 5216, 4111, 3875, 3878, 3829, 6177]
Loop 52 [129246, 5329, 9351, 107117, 6156, 3969, 3967, 3645, 3716, 6830]
Loop 53 [121831, 6486, 9841, 98544, 4954, 3878, 3723, 3682, 4477, 6368]
Loop 54 [140509, 5141, 9549, 118651, 5690, 4038, 4040, 4203, 4089, 6462]
Loop 55 [125201, 6331, 9877, 101599, 5615, 4229, 4166, 3979, 3620, 6794]
Loop 56 [114294, 6229, 9832, 91470, 5498, 3798, 3693, 3818, 4284, 6138]
Loop 57 [255638, 6231, 10222, 111243, 22632, 4410, 3711, 3801, 4205, 126983]
Loop 58 [185908, 6948, 10740, 117997, 6672, 4077, 3968, 4110, 4029, 49344]
Loop 59 [139985, 7209, 10682, 108189, 5763, 4191, 4303, 8390, 3951, 13160]
Loop 60 [136309, 5765, 9956, 107689, 5602, 4141, 3980, 3946, 4143, 12279]
Loop 61 [128208, 6821, 9971, 98426, 5360, 4241, 4029, 3674, 4018, 12329]
Loop 62 [144617, 5287, 10098, 116275, 5568, 4117, 3828, 3713, 4040, 12265]
Loop 63 [128108, 6872, 10268, 98097, 5743, 3951, 4085, 3879, 4252, 12274]
Loop 64 [146789, 6683, 10253, 103180, 5280, 3864, 3880, 3931, 4301, 25938]
Loop 65 [160609, 6503, 10094, 96547, 4953, 3773, 3574, 3815, 3818, 46717]
Loop 66 [588476, 5394, 9626, 565306, 4820, 7815, 3541, 3640, 469636, 7350]
Loop 67 [114845, 5367, 10144, 91405, 5079, 3583, 3697, 3912, 3929, 7284]
Loop 68 [111196, 4979, 9551, 89133, 4906, 3869, 3851, 3576, 3893, 6914]
Loop 69 [129978, 5520, 9734, 106405, 5282, 3997, 3643, 3568, 3737, 7638]
Loop 70 [150210, 8580, 16098, 113587, 10171, 4780, 4110, 4811, 4349, 11066]
Loop 71 [114458, 5708, 8784, 92020, 5974, 4686, 4174, 4108, 4507, 7231]
Loop 72 [134459, 5969, 9455, 110984, 6905, 4197, 4245, 4250, 3898, 7379]
Loop 73 [128013, 6610, 8525, 105184, 5797, 3922, 4039, 4067, 4178, 7038]
Loop 74 [110922, 5538, 9077, 84016, 5921, 4071, 3849, 4804, 4037, 11618]
Loop 75 [132039, 6202, 8855, 108281, 5759, 4439, 21370, 5888, 4332, 7873]
Loop 76 [117668, 4626, 9345, 96601, 5827, 4424, 3713, 3140, 3860, 6563]
Loop 77 [132572, 4577, 13248, 107357, 5507, 4262, 3492, 3521, 3539, 6791]
Loop 78 [125139, 6228, 8636, 103553, 4999, 3899, 3499, 3086, 3688, 6173]
Loop 79 [119982, 5794, 8632, 98522, 4688, 3724, 3629, 3527, 3749, 6328]
Loop 80 [127057, 4955, 8914, 106572, 5728, 4265, 3845, 4251, 3687, 6058]
Loop 81 [115391, 6456, 9001, 93319, 5292, 4488, 3780, 3888, 4688, 6054]
Loop 82 [121535, 5803, 9097, 99063, 5056, 4012, 3965, 3762, 3644, 7036]
Loop 83 [120377, 4870, 9480, 98612, 26949, 4066, 4459, 3235, 3037, 6823]
Loop 84 [122263, 5867, 10477, 98736, 5098, 3732, 3520, 3770, 3483, 6611]
Loop 85 [134926, 25206, 9502, 93201, 4857, 4108, 3405, 3291, 4597, 6254]
Loop 86 [96239, 4626, 8378, 76323, 4446, 3963, 3366, 3486, 3795, 6367]
Loop 87 [162885, 35631, 8821, 105363, 5831, 3820, 3983, 3860, 4106, 6898]
Loop 88 [136998, 16172, 10065, 99060, 5099, 3955, 3842, 3980, 3604, 6278]
Loop 89 [124954, 5215, 8919, 104023, 6471, 3660, 3171, 3768, 3398, 6231]
Loop 90 [111724, 5692, 9260, 90082, 5365, 3868, 2925, 2990, 3715, 6140]
Loop 91 [121803, 5771, 9046, 100074, 4269, 3479, 3499, 2863, 2902, 6377]
Loop 92 [114007, 5228, 9310, 92464, 4170, 3399, 3082, 3551, 3005, 6481]
Loop 93 [129040, 4469, 9409, 108498, 5091, 3808, 3552, 3402, 3888, 6101]
Loop 94 [120165, 6118, 8844, 98281, 5224, 3536, 3690, 4048, 3097, 6387]
Loop 95 [130247, 4995, 8830, 109690, 4992, 3691, 3612, 3675, 3358, 6203]
Loop 96 [122389, 6221, 9185, 99917, 4543, 3957, 3444, 2893, 3579, 6522]
Loop 97 [125515, 4949, 9419, 104163, 4950, 3480, 4012, 2923, 3130, 6464]
Loop 98 [121097, 6279, 9176, 98730, 4686, 3703, 2902, 3749, 3120, 6371]
Loop 99 [101172, 5071, 8412, 81123, 4229, 3130, 3116, 3573, 3352, 6044]
Loop 100 [122940, 4442, 8868, 100197, 4718, 4294, 3620, 3249, 4472, 8938]
Loop 101 [128403, 6255, 9439, 106099, 4674, 3646, 3501, 3382, 3188, 6069]
Loop 102 [105869, 4979, 9085, 84901, 4313, 3668, 2932, 3096, 3992, 6343]
Loop 103 [111255, 4396, 9954, 90129, 4481, 3510, 3400, 2952, 3014, 6231]
Loop 104 [102382, 4566, 9124, 81759, 4330, 3520, 2939, 3526, 3233, 6367]
Loop 105 [110936, 4418, 8864, 91022, 4418, 3442, 3430, 3123, 3649, 6106]
Loop 106 [111442, 4725, 9079, 90748, 4252, 3361, 3116, 3195, 3761, 6362]
Loop 107 [122323, 4475, 8793, 102437, 5045, 3262, 3940, 3137, 3393, 6113]
Loop 108 [115127, 5930, 9602, 92475, 4728, 3207, 3256, 2886, 3044, 6611]
Loop 109 [106600, 5020, 9669, 85356, 4053, 3475, 3290, 3306, 3433, 6029]
Loop 110 [125633, 4414, 8992, 105604, 4844, 3347, 2989, 3769, 3175, 6088]
Loop 111 [120212, 6586, 9651, 96911, 4529, 3594, 3100, 2939, 3334, 6536]
Loop 112 [113356, 5013, 9161, 92293, 4127, 3423, 3301, 2988, 3181, 6377]
Loop 113 [110817, 4708, 8798, 90482, 4429, 3133, 3776, 3340, 3603, 6266]
Loop 114 [122598, 4505, 9044, 102229, 4867, 3877, 3233, 3807, 3061, 6260]
Loop 115 [118331, 7693, 10977, 91817, 5054, 3610, 3004, 3352, 3233, 7232]
Loop 116 [119351, 6136, 10319, 96331, 4669, 3291, 2950, 3554, 3328, 6032]
Loop 117 [134327, 4960, 9567, 112822, 4923, 3792, 2996, 2880, 3791, 6385]
Loop 118 [127609, 6844, 10912, 102246, 4999, 4198, 3472, 3157, 2944, 6878]
Loop 119 [133832, 5070, 8674, 112547, 5049, 3536, 3313, 4117, 3593, 6772]
Loop 120 [126470, 5714, 9109, 105148, 4699, 3738, 3196, 3741, 3132, 5963]
Loop 121 [126442, 5138, 8905, 105899, 4974, 3760, 3325, 2925, 3750, 5938]
Loop 122 [119118, 5898, 9293, 97396, 5012, 3300, 2871, 3433, 3075, 5982]
Loop 123 [242525, 5222, 8876, 193303, 99975, 17479, 2427, 2147, 2981, 26771]
Loop 124 [157751, 27013, 18544, 104503, 5985, 2550, 2720, 2151, 2170, 7298]
Loop 125 [127848, 5685, 10003, 105756, 4165, 2937, 2316, 2523, 2427, 6154]
Loop 126 [110149, 4536, 8663, 90746, 4335, 2918, 2667, 2357, 2885, 5949]
Loop 127 [122948, 3910, 8774, 103950, 4969, 3109, 2837, 2203, 3315, 6065]
Loop 128 [117555, 5397, 9455, 96386, 3685, 2908, 2826, 2346, 2646, 6004]
Loop 129 [122274, 4396, 8616, 102910, 4341, 2719, 2523, 2178, 2691, 6074]
Loop 130 [117208, 5467, 9828, 95497, 4262, 2598, 2571, 2166, 2101, 6161]
Loop 131 [117030, 4339, 8519, 97948, 5031, 2738, 2205, 2662, 2411, 5963]
Loop 132 [115800, 5262, 8840, 95519, 3842, 2671, 2395, 2942, 2985, 5865]
Loop 133 [126376, 4536, 8807, 106322, 4560, 2668, 2960, 2194, 2708, 6458]
Loop 134 [116705, 5294, 9869, 95395, 3659, 2607, 2631, 2233, 2316, 5840]
Loop 135 [122322, 4494, 8441, 102918, 4542, 2753, 2219, 2753, 2498, 6191]
Loop 136 [252934, 5360, 8498, 147089, 4211, 3375, 3094, 2558, 1974, 91575]
Loop 137 [155215, 5904, 9287, 88230, 4755, 3109, 2172, 2665, 2378, 51344]
Loop 138 [122241, 5436, 9323, 98866, 4714, 3249, 2296, 2150, 3039, 8269]
Loop 139 [115045, 5665, 10485, 89472, 4800, 3019, 3195, 2385, 2762, 9082]
Loop 140 [130526, 7528, 11293, 102372, 5884, 3279, 2761, 3073, 2776, 8939]
Loop 141 [128284, 6133, 9672, 103989, 4881, 3375, 2676, 3330, 2779, 8166]
Loop 142 [124928, 5989, 10203, 100180, 4847, 3705, 3775, 2975, 3089, 8226]
Loop 143 [130477, 5266, 9819, 107006, 4366, 3217, 2508, 3310, 3063, 8105]
Loop 144 [137973, 4682, 8735, 100677, 4728, 3886, 2946, 2681, 3564, 23570]
Loop 145 [145681, 4156, 9361, 102499, 5661, 3828, 3666, 3193, 3253, 29389]
Loop 146 [110185, 5206, 9234, 89070, 4576, 3494, 2683, 3101, 2442, 6401]
Loop 147 [122454, 5333, 9006, 101434, 5214, 3038, 2288, 2724, 2922, 6380]
Loop 148 [123809, 4256, 9168, 103856, 4692, 4154, 3205, 2907, 3263, 6276]
Loop 149 [113033, 5585, 10212, 89494, 4911, 3509, 3082, 2490, 2653, 7470]
Loop 150 [135372, 10577, 10799, 106241, 5090, 2868, 3004, 2731, 2723, 7445]
Loop 151 [132742, 5690, 9403, 109424, 4851, 3484, 3486, 2872, 3223, 6789]
Loop 152 [121273, 5392, 9024, 99885, 4821, 3762, 2765, 3576, 2631, 6684]
Loop 153 [132439, 5701, 9789, 110456, 5134, 3386, 6413, 2568, 3069, 6235]
Loop 154 [112732, 5257, 9678, 90960, 4378, 3158, 2835, 2725, 3251, 6521]
Loop 155 [123549, 6477, 10356, 99013, 4989, 3400, 2591, 2591, 2767, 7336]
Loop 156 [124285, 5287, 9975, 102347, 4822, 3225, 2423, 2762, 3002, 6368]
Loop 157 [124918, 4942, 8535, 103229, 5050, 3257, 3212, 3334, 2833, 7943]
Loop 158 [123063, 5347, 9357, 101711, 4207, 2864, 2483, 2982, 2769, 6322]
Loop 159 [103209, 4806, 9481, 82344, 4158, 3408, 2490, 2510, 3372, 6318]
Loop 160 [155301, 6414, 14973, 121431, 6891, 3730, 3387, 3022, 3224, 11868]
Loop 161 [128741, 5767, 8693, 106998, 5925, 3157, 3433, 2865, 2898, 7001]
Loop 162 [125937, 6306, 8457, 104139, 4543, 2991, 2866, 2593, 3277, 6790]
Loop 163 [113270, 4432, 8139, 94052, 4390, 3100, 2848, 2721, 3298, 6389]
Loop 164 [114245, 4189, 8357, 95031, 4529, 3512, 2966, 2539, 3106, 6385]
Loop 165 [99512, 4200, 7825, 80469, 4008, 3437, 3258, 2328, 2861, 6751]
Loop 166 [121562, 3926, 7995, 102667, 4540, 2937, 3305, 2599, 2057, 6708]
Loop 167 [120796, 5443, 8301, 99996, 4594, 2927, 2584, 2132, 2399, 6810]
Loop 168 [119944, 5217, 8110, 100002, 4178, 3026, 2262, 2456, 3089, 6316]
Loop 169 [109375, 5519, 8860, 88005, 3850, 2789, 3055, 1974, 2222, 6715]
Loop 170 [123861, 5450, 9507, 101900, 4132, 2753, 2696, 2213, 2765, 6748]
Loop 171 [119068, 6051, 9579, 96155, 4734, 2936, 2346, 3142, 2286, 7015]
Loop 172 [119783, 5677, 8526, 98902, 3998, 2800, 2149, 2511, 3130, 6405]
Loop 173 [100093, 4228, 8194, 80685, 4293, 2666, 2998, 2247, 2718, 6740]
Loop 174 [99141, 3962, 7778, 79404, 3630, 3055, 2242, 2387, 2651, 7755]
Loop 175 [100319, 3968, 9781, 79431, 3838, 3190, 3093, 2343, 2820, 6877]
Loop 176 [120935, 3857, 8518, 101858, 4333, 2809, 2540, 3005, 2917, 6421]
Loop 177 [117249, 5446, 8588, 96055, 3706, 2788, 2280, 2628, 2332, 6903]
Loop 178 [124723, 4346, 8391, 105299, 4715, 2813, 2320, 2143, 3011, 6414]
Loop 179 [118404, 5406, 9732, 96354, 4143, 2849, 2759, 2176, 2787, 6658]
Loop 180 [116184, 4171, 8323, 95763, 4306, 2692, 2188, 2627, 2249, 7682]
Loop 181 [134946, 4001, 8332, 115966, 4499, 2591, 3074, 2343, 2965, 6379]
Loop 182 [118146, 5355, 8790, 96296, 4280, 3045, 2300, 2564, 3066, 7466]
Loop 183 [110469, 4227, 8522, 91034, 3900, 2875, 2225, 2328, 2496, 6423]
Loop 184 [121621, 3889, 8750, 102271, 3916, 2858, 2889, 2215, 3115, 6445]
Loop 185 [122306, 5342, 9526, 100369, 4151, 2485, 3168, 2480, 2482, 6783]
Loop 186 [122459, 5736, 9217, 100391, 4229, 2818, 2591, 2500, 2647, 6860]
Loop 187 [120399, 5556, 8823, 99391, 4408, 2651, 2664, 2274, 2954, 6364]
Loop 188 [121868, 5630, 8372, 101090, 4998, 2453, 2168, 3140, 2407, 6509]
Loop 189 [120548, 5442, 8194, 99881, 4323, 2906, 2166, 2581, 2994, 6760]
Loop 190 [118579, 5457, 8934, 97070, 3817, 3527, 2597, 2279, 2352, 6858]
Loop 191 [338129, 23903, 39937, 247236, 7046, 2729, 3269, 2394, 3408, 25321]
Loop 192 [147438, 7035, 11090, 122621, 4886, 3169, 2381, 2791, 2713, 6425]
Loop 193 [123364, 5371, 9265, 101977, 4392, 3010, 2363, 3174, 3068, 6498]
Loop 194 [115281, 5212, 8407, 93915, 3880, 2587, 2759, 2253, 2922, 7385]
Loop 195 [131847, 4361, 8928, 111908, 4278, 3699, 2634, 2777, 3405, 6399]
Loop 196 [123181, 5833, 10585, 99172, 4358, 2986, 2591, 2474, 2647, 7351]
Loop 197 [117617, 5298, 10036, 95678, 3711, 2912, 2443, 2430, 2421, 6348]
Loop 198 [129199, 4138, 9864, 108507, 4677, 2496, 2384, 2634, 2744, 6423]
Loop 199 [127314, 5530, 9760, 103585, 3968, 3043, 2099, 2128, 2662, 8214]
Loop 200 [131054, 4154, 9140, 110772, 3466, 3050, 2386, 2112, 2963, 6729]
Loop 201 [132082, 5652, 9982, 109849, 4486, 2703, 2772, 2479, 2752, 6339]
Loop 202 [130625, 5180, 10571, 107928, 4389, 3328, 2675, 2491, 2167, 6673]
Loop 203 [139883, 5523, 10311, 117066, 4140, 3175, 2448, 2721, 3032, 6720]
Loop 204 [144225, 4467, 9553, 123656, 3936, 3250, 2684, 2840, 3390, 6287]
Loop 205 [111821, 5236, 9575, 90334, 4378, 2866, 2296, 2597, 2883, 6342]
Loop 206 [125365, 5344, 9976, 102667, 3944, 2880, 2948, 2383, 2220, 7123]
Loop 207 [105768, 4045, 10592, 84245, 3933, 2857, 2720, 2707, 2436, 6614]
Loop 208 [128319, 4035, 8817, 108585, 4463, 2895, 2442, 2512, 2757, 6610]
Loop 209 [123622, 6306, 10587, 99724, 4323, 2691, 2195, 2841, 2188, 6765]
Loop 210 [95600, 4126, 9175, 75588, 4732, 2706, 2009, 2514, 2626, 6458]
Loop 211 [112097, 3863, 10195, 91385, 3416, 2964, 2765, 2240, 3203, 6393]
Loop 212 [112263, 4247, 9577, 91161, 3667, 2649, 2616, 2250, 2169, 7016]
Loop 213 [123490, 3919, 9261, 103729, 4447, 2765, 2041, 2624, 2756, 6314]
Loop 214 [122058, 5499, 9604, 100369, 4206, 2767, 2048, 2339, 2808, 6354]
Loop 215 [125110, 5969, 9628, 102367, 3832, 2819, 2558, 2112, 2877, 6885]
Loop 216 [116431, 5540, 9874, 94249, 4336, 2873, 2266, 2365, 2570, 6520]
Loop 217 [114502, 5443, 9809, 92538, 4119, 2778, 2301, 2269, 2768, 6448]
Loop 218 [114086, 4373, 8549, 94580, 3797, 2937, 2890, 2192, 2787, 6322]
Loop 219 [130635, 4011, 9399, 110691, 4680, 2931, 2392, 3303, 2913, 6278]
Loop 220 [118410, 5627, 9684, 96391, 4051, 2737, 2216, 2317, 2662, 6462]
Loop 221 [123025, 5465, 9825, 100569, 4368, 2767, 2223, 2186, 3138, 6905]
Loop 222 [126218, 5854, 9968, 103307, 3764, 2524, 2674, 2130, 2175, 6829]
Loop 223 [115030, 4233, 13611, 89704, 3573, 2687, 2610, 2071, 2572, 7216]
Loop 224 [140000, 5808, 9595, 117338, 5340, 3609, 2992, 2301, 2247, 6985]
Loop 225 [117143, 5120, 8427, 96707, 4471, 3529, 3087, 2968, 2232, 6641]
Loop 226 [137197, 4076, 7857, 118564, 3989, 2749, 2063, 2961, 2650, 6440]
Loop 227 [132132, 6496, 10333, 108238, 4721, 2666, 2577, 2435, 2307, 6784]
Loop 228 [130400, 4020, 8569, 108577, 4257, 2805, 2828, 2350, 2142, 8973]
Loop 229 [117982, 5456, 9780, 96006, 4134, 2930, 2005, 2527, 2316, 6483]
Loop 230 [126192, 4087, 9151, 106352, 3741, 5970, 2870, 2576, 2565, 6333]
Loop 231 [133805, 3958, 13531, 109419, 5389, 3236, 2984, 3325, 2297, 6649]
Loop 232 [134504, 5684, 10588, 111468, 4046, 2977, 2109, 2017, 2804, 6512]
Loop 233 [124787, 4272, 8967, 104534, 3983, 2790, 2519, 1974, 2308, 6766]
Loop 234 [155236, 4998, 12345, 129815, 4673, 3028, 2481, 2584, 2952, 7708]
Loop 235 [129060, 5571, 10193, 106491, 4519, 2339, 3130, 2646, 2719, 6518]
Loop 236 [131560, 5864, 9375, 108351, 4213, 2953, 2173, 2590, 3115, 7673]
Loop 237 [128021, 5671, 9589, 105833, 4592, 2801, 2026, 2588, 2355, 6657]
Loop 238 [148859, 4328, 10269, 127409, 5912, 2984, 3045, 2343, 3287, 6585]
Loop 239 [133194, 5453, 9792, 111235, 4012, 2587, 2389, 2039, 3166, 6451]
Loop 240 [127511, 4262, 9491, 106575, 3973, 2547, 2648, 2511, 2482, 6914]
Loop 241 [115700, 5548, 9579, 93462, 4326, 2577, 2261, 2364, 2608, 6839]
Loop 242 [119364, 5556, 9347, 97875, 3979, 2472, 2037, 2210, 2617, 6331]
Loop 243 [121100, 4203, 9642, 100426, 3907, 2692, 2607, 2014, 2736, 6582]
Loop 244 [129982, 4186, 9411, 109424, 3937, 3053, 2567, 2122, 3042, 6697]
Loop 245 [132812, 5476, 9994, 110132, 3888, 2459, 2703, 2096, 2566, 6951]
Loop 246 [129557, 4277, 9465, 109251, 3855, 2693, 2003, 2843, 2856, 6312]
Loop 247 [4396106, 91648, 52784, 4159425, 42249, 7730, 6848, 7339, 5127, 82110]
Loop 248 [138332, 5237, 14497, 110957, 6730, 4383, 4161, 4941, 4328, 7397]
Loop 249 [136481, 5659, 15110, 108946, 5772, 4359, 4440, 5055, 4810, 6513]
Loop 250 [140659, 4608, 13899, 115618, 6942, 4518, 3967, 5576, 4291, 6293]
Loop 251 [147419, 6366, 16892, 113675, 7914, 4321, 4409, 4735, 3915, 10067]
Loop 252 [131134, 5734, 12065, 106664, 5896, 4873, 4334, 4170, 4562, 6372]
Loop 253 [122155, 4595, 13519, 97249, 6361, 4631, 3089, 2336, 2975, 6496]
Loop 254 [134514, 4179, 12351, 108530, 4406, 2700, 2386, 3092, 2476, 9191]
Loop 255 [130853, 5453, 12659, 105975, 4370, 3232, 2356, 1999, 2547, 6482]
Loop 256 [138172, 7134, 12154, 110592, 4514, 4735, 2507, 4094, 2895, 8024]
Loop 257 [138185, 5956, 13235, 111509, 3933, 3828, 2599, 2288, 2628, 7168]
Loop 258 [135053, 5764, 12728, 109824, 4236, 2462, 3615, 2561, 2529, 6465]
Loop 259 [106712, 4087, 12153, 83843, 3963, 2616, 2634, 2355, 2408, 6342]
Loop 260 [102567, 3833, 12878, 79031, 3937, 2578, 2547, 2198, 2247, 6547]
Loop 261 [128395, 3860, 13051, 104644, 4676, 3294, 2752, 2922, 2119, 6587]
Loop 262 [120646, 5319, 14648, 93811, 3792, 2779, 2063, 2066, 2814, 6577]
Loop 263 [136526, 4249, 13019, 112230, 4466, 2754, 2986, 2409, 2331, 6781]
Loop 264 [131239, 5343, 12945, 106310, 4145, 2816, 2198, 2426, 2767, 6402]
Loop 265 [130260, 5873, 13605, 104203, 3758, 2789, 2148, 2160, 3058, 6317]
Loop 266 [119583, 4290, 14007, 94522, 4406, 2864, 2779, 2290, 2675, 6543]
Loop 267 [120871, 4069, 12461, 97400, 3712, 2596, 2485, 2488, 2185, 6701]
Loop 268 [140356, 3838, 12883, 117085, 5079, 3361, 2044, 2198, 3395, 6277]
Loop 269 [132577, 5621, 12429, 107823, 3694, 3072, 2228, 2097, 2703, 6440]
Loop 270 [149042, 5694, 15056, 120205, 5103, 3384, 2448, 2273, 2826, 7741]
Loop 271 [138840, 5748, 13877, 112519, 4235, 2271, 2490, 2860, 2578, 6420]
Loop 272 [120323, 4605, 12425, 93018, 3460, 2829, 2466, 2209, 2555, 10023]
Loop 273 [133706, 3981, 12856, 110043, 4627, 2732, 2621, 2203, 2531, 6566]
Loop 274 [128402, 5230, 12956, 103271, 3939, 2806, 2399, 2898, 2490, 6677]
Loop 275 [139283, 5681, 14556, 111869, 4783, 3528, 2576, 2107, 3316, 6885]
Loop 276 [171622, 7319, 17670, 137955, 5544, 2648, 2979, 2235, 3777, 8417]
Loop 277 [113690, 4340, 13170, 89310, 3768, 2433, 2212, 2885, 2120, 6600]
Loop 278 [131210, 4172, 12268, 108351, 4215, 2959, 2174, 2374, 3687, 6147]
Loop 279 [120139, 5438, 9806, 97843, 3857, 2709, 2692, 2361, 2598, 6802]
Loop 280 [133307, 10443, 8043, 107912, 4562, 2886, 2204, 3076, 1956, 6641]
Loop 281 [126719, 6199, 8962, 104094, 4222, 2808, 2633, 2070, 2530, 7207]
Loop 282 [126564, 5297, 8692, 105814, 3802, 2798, 2256, 2060, 3130, 6494]
Loop 283 [114146, 4446, 8532, 93869, 3425, 2471, 2552, 2288, 1965, 7033]
Loop 284 [128371, 4169, 8035, 109683, 4535, 2877, 2052, 2530, 2743, 6258]
Loop 285 [128720, 8043, 8811, 104479, 4474, 3180, 2104, 2164, 3012, 6230]
Loop 286 [118453, 5934, 9379, 94140, 4585, 2870, 2351, 2351, 2299, 8674]
Loop 287 [138342, 5867, 8683, 116640, 8493, 2963, 2323, 3108, 2158, 6866]
Loop 288 [128078, 5165, 9483, 106180, 4098, 2611, 2709, 2058, 2826, 6989]
Loop 289 [126033, 5147, 8859, 105178, 4486, 3107, 2753, 2266, 2559, 6522]
Loop 290 [111798, 5574, 9021, 90600, 4367, 2676, 2103, 2425, 2903, 6306]
Loop 291 [118838, 5604, 9219, 97456, 4201, 3071, 2278, 2297, 2881, 6278]
Loop 292 [117274, 5644, 9333, 95423, 4144, 2804, 2105, 2634, 2059, 6611]
Loop 293 [123526, 4252, 8618, 104174, 4585, 2663, 2046, 3239, 2709, 6230]
Loop 294 [116260, 5309, 10082, 94122, 4145, 2537, 2679, 2049, 2298, 6497]
Loop 295 [114820, 5592, 9632, 92374, 3933, 2642, 2479, 2353, 2476, 6979]
Loop 296 [100086, 4522, 8832, 80060, 3380, 2660, 2485, 2029, 2175, 6412]
Loop 297 [101287, 3855, 10633, 79887, 3643, 2598, 2107, 2094, 2708, 6650]
Loop 298 [125034, 4015, 8591, 105351, 4454, 3297, 2549, 2119, 2226, 6823]
Loop 299 [124351, 5698, 9422, 101724, 4109, 2542, 2451, 2373, 1942, 7240]
Loop 300 [120003, 5067, 10852, 97414, 3593, 2608, 2086, 2515, 2872, 6409]
Loop 301 [115302, 4671, 9003, 94767, 3733, 2346, 2390, 2030, 2601, 6604]
Loop 302 [124652, 3916, 8317, 104907, 4314, 3013, 2438, 2673, 2089, 7238]
Loop 303 [127080, 5140, 11238, 103802, 4125, 3096, 2187, 2024, 2627, 6636]
Loop 304 [120442, 5810, 9520, 97985, 3759, 2654, 2696, 2221, 2676, 6862]
Loop 305 [122263, 4495, 8782, 102335, 4909, 2508, 2498, 3452, 2498, 6401]
Loop 306 [116206, 8586, 10616, 90382, 4530, 2665, 2081, 2526, 2766, 6346]
Loop 307 [127168, 5575, 9945, 104777, 3751, 2641, 2818, 2138, 1992, 6602]
Loop 308 [113968, 4564, 8783, 93978, 3511, 2366, 2593, 2230, 2536, 6371]
Loop 309 [115016, 4018, 8341, 95766, 3581, 2914, 2137, 2578, 2110, 6613]
Loop 310 [126280, 5251, 9556, 103952, 4094, 2815, 3522, 3433, 2948, 7153]
Loop 311 [115567, 4096, 8497, 95717, 3821, 2410, 2578, 2053, 2684, 6999]
Loop 312 [127219, 4040, 10171, 106352, 4507, 2708, 2273, 2812, 2687, 6382]
Loop 313 [110509, 5327, 9732, 88750, 4304, 3056, 2216, 2492, 2473, 6440]
Loop 314 [117943, 5559, 9595, 95815, 3940, 2786, 2728, 2326, 2622, 6701]
Loop 315 [114221, 4264, 10160, 93186, 3423, 2526, 2164, 2826, 2743, 6343]
Loop 316 [130091, 3891, 8530, 110726, 4375, 3155, 2608, 2107, 2919, 6688]
Loop 317 [122967, 5263, 8626, 100775, 4256, 2572, 2451, 2058, 2369, 8054]
Loop 318 [121876, 5492, 8426, 100640, 4214, 4329, 2102, 2483, 2280, 7048]
Loop 319 [118449, 5410, 9555, 96914, 3632, 3062, 2162, 2186, 2553, 6304]
Loop 320 [130063, 4239, 9639, 107705, 4074, 2793, 2785, 2353, 2443, 8236]
Loop 321 [118695, 5251, 8648, 97894, 3665, 2690, 2523, 2427, 2350, 6651]
Loop 322 [123879, 4616, 8575, 104163, 4734, 2851, 2153, 3374, 2729, 6264]
Loop 323 [114425, 5531, 9320, 92827, 4175, 2504, 2486, 2218, 2631, 6489]
Loop 324 [109818, 4420, 8565, 89934, 3511, 2583, 2483, 2405, 2043, 6607]
Loop 325 [123321, 4175, 9496, 102743, 4314, 2849, 2180, 2387, 2415, 6643]
Loop 326 [119828, 5464, 9037, 98904, 3825, 2979, 2066, 2057, 2718, 6144]
Loop 327 [112526, 5322, 9234, 90376, 4388, 2492, 2704, 2625, 2472, 7333]
Loop 328 [108787, 5486, 9314, 87302, 4558, 2575, 2123, 2795, 2484, 6469]
Loop 329 [120883, 5276, 9740, 98491, 4306, 2507, 2575, 1995, 2363, 7134]
Loop 330 [117099, 5718, 8894, 95675, 3939, 2916, 2596, 2551, 2254, 6551]
Loop 331 [116883, 5463, 9908, 94768, 3849, 2907, 2266, 2096, 2540, 6472]
Loop 332 [124306, 4357, 8684, 104390, 4502, 3406, 2745, 2114, 2747, 6610]
Loop 333 [120648, 5433, 9412, 98795, 3800, 2926, 2034, 2554, 2018, 6741]
Loop 334 [120555, 5801, 9004, 99237, 4143, 2677, 2141, 3356, 2703, 6252]
Loop 335 [111226, 6110, 9526, 88826, 4513, 2685, 2150, 2545, 2233, 6461]
Loop 336 [117066, 5390, 9832, 94904, 3646, 2739, 2655, 2135, 2471, 6687]
Loop 337 [111137, 4583, 8181, 91599, 3689, 2909, 2534, 2327, 2253, 6524]
Loop 338 [122474, 4128, 8639, 103201, 4264, 2936, 2042, 2091, 2914, 6238]
Loop 339 [118267, 5108, 9300, 96595, 4062, 2761, 2462, 2130, 2436, 6996]
Loop 340 [130196, 4678, 8281, 110385, 4616, 2717, 2654, 2711, 2058, 6581]
Loop 341 [124699, 5380, 8826, 103916, 4124, 2689, 2055, 2432, 3042, 6324]
Loop 342 [112045, 4589, 9000, 91876, 3615, 2575, 2522, 2217, 2342, 6330]
Loop 343 [122866, 3943, 8693, 103537, 4099, 2820, 2182, 2476, 2526, 6428]
Loop 344 [153365, 7230, 16051, 118490, 7355, 3354, 3250, 2638, 3257, 11020]
Loop 345 [130315, 4554, 8486, 108709, 5189, 3312, 3413, 2862, 3219, 8320]
Loop 346 [111779, 5543, 8420, 90529, 4763, 3647, 3354, 3195, 2899, 7036]
Loop 347 [122618, 5158, 8322, 102452, 4812, 3167, 2859, 3168, 3007, 6422]
Loop 348 [123958, 5003, 8941, 103517, 4946, 3249, 2596, 3085, 3292, 6246]
Loop 349 [131874, 7117, 10788, 104185, 6529, 4256, 3379, 3220, 4021, 9305]
Loop 350 [104871, 6105, 9574, 81363, 4262, 3698, 2471, 2156, 2993, 7495]
Loop 351 [98189, 4243, 8285, 78852, 3734, 2405, 2714, 2091, 2273, 6540]
Loop 352 [123373, 3890, 7718, 105142, 4102, 2210, 2258, 3266, 2451, 6355]
Loop 353 [110768, 5457, 8129, 90427, 3425, 2779, 2612, 2094, 2769, 6506]
Loop 354 [122813, 4214, 8350, 103721, 3835, 3198, 2291, 2134, 2903, 6276]
Loop 355 [121982, 5266, 8680, 100825, 4619, 2192, 2604, 2049, 2880, 6953]
Loop 356 [120752, 4915, 8667, 100348, 4223, 2743, 2602, 2407, 2655, 6561]
Loop 357 [116799, 5262, 7911, 96938, 4103, 2786, 2360, 2485, 2676, 6436]
Loop 358 [129727, 4867, 11265, 106715, 4433, 2833, 2154, 2797, 2668, 6637]
Loop 359 [131656, 5472, 9316, 109917, 4063, 2902, 2150, 2753, 2623, 6690]
Loop 360 [99868, 4502, 7902, 80847, 3460, 2561, 2145, 2410, 2258, 6361]
Loop 361 [108708, 3847, 7908, 90180, 3713, 3146, 2102, 2013, 2739, 6520]
Loop 362 [124570, 4176, 8825, 104129, 4553, 3034, 2326, 2087, 2842, 7192]
Loop 363 [121110, 5359, 8295, 100549, 4394, 2965, 2214, 2364, 2613, 6645]
Loop 364 [109584, 5153, 8703, 88962, 4657, 3034, 2045, 2062, 2695, 6494]
Loop 365 [116609, 5272, 8474, 95538, 3742, 3055, 2594, 2179, 2209, 7043]
Loop 366 [120766, 4131, 8069, 101977, 4481, 2917, 2733, 2165, 2470, 6306]
Loop 367 [112808, 5357, 9382, 91303, 3898, 2805, 2072, 2606, 2310, 6510]
Loop 368 [125288, 4792, 8898, 104037, 4437, 2688, 2170, 3027, 2129, 7272]
Loop 369 [121055, 5667, 8621, 99874, 4161, 3163, 2090, 2132, 2716, 6597]
Loop 370 [117392, 5306, 9406, 95852, 4233, 2473, 2052, 2744, 2829, 6549]
Loop 371 [123162, 4334, 8461, 103825, 4183, 2805, 2179, 2771, 2725, 6269]
Loop 372 [121505, 5323, 8979, 100555, 4750, 3076, 2193, 2017, 2938, 6391]
Loop 373 [109234, 5139, 9014, 87754, 4488, 2704, 2688, 2091, 2233, 7060]
Loop 374 [116777, 5822, 9023, 95199, 4090, 2764, 2059, 2693, 2570, 6475]
Loop 375 [111135, 4190, 10122, 89707, 4065, 2483, 2123, 2266, 2279, 6850]
Loop 376 [111137, 4149, 8966, 91357, 3560, 2610, 2061, 2202, 2519, 6397]
Loop 377 [125339, 3906, 8796, 105753, 4057, 2681, 2427, 2070, 2978, 6658]
Loop 378 [121051, 5524, 9631, 97992, 4241, 2868, 3055, 2204, 2188, 7646]
Loop 379 [135601, 5189, 9933, 113823, 4312, 2845, 2865, 2700, 2541, 6401]
Loop 380 [130389, 5295, 8989, 109315, 4190, 3244, 3181, 2949, 2222, 6500]
Loop 381 [109256, 4063, 9125, 89371, 3800, 3155, 2299, 2413, 2416, 6455]
Loop 382 [125248, 4092, 9553, 104674, 4594, 2538, 2136, 2735, 2563, 6643]
Loop 383 [119110, 5604, 10004, 96692, 4083, 2651, 2283, 2367, 2482, 6551]
Loop 384 [125418, 4103, 9712, 104674, 3713, 3078, 2495, 2073, 3466, 6675]
Loop 385 [122874, 5522, 9715, 99675, 4356, 3177, 2257, 2418, 2002, 7692]
Loop 386 [123572, 5692, 10089, 99767, 4552, 2907, 2067, 2485, 2763, 7731]
Loop 387 [119743, 5338, 9954, 97540, 4109, 2662, 2332, 2351, 2626, 6583]
Loop 388 [100672, 4613, 8781, 80590, 3726, 2723, 2193, 2243, 2960, 6426]
Loop 389 [123749, 4358, 9152, 103024, 4162, 3094, 2598, 2066, 2862, 6909]
Loop 390 [120470, 6135, 10864, 95939, 4385, 2725, 2659, 2182, 2653, 7197]
Loop 391 [122253, 4125, 9169, 102288, 4376, 3226, 2384, 2703, 2786, 6421]
Loop 392 [112108, 5533, 10377, 89452, 4131, 2892, 2893, 2428, 2494, 6471]
Loop 393 [121968, 5294, 9312, 98478, 3931, 2786, 2180, 2565, 2115, 8628]
Loop 394 [119503, 5047, 10505, 97286, 4311, 2783, 2136, 2799, 2729, 6421]
Loop 395 [111508, 4192, 9424, 90936, 3813, 2803, 2218, 2287, 2512, 6705]
Loop 396 [124304, 6799, 9064, 101464, 3890, 3279, 3259, 2049, 2394, 6714]
Loop 397 [128719, 5452, 9714, 105885, 4423, 2880, 2371, 2410, 2440, 7416]
Loop 398 [126981, 5284, 10248, 104521, 4300, 3067, 2378, 2787, 2351, 6670]
Loop 399 [109407, 4157, 8617, 89852, 4083, 2428, 2139, 2776, 2632, 6502]
Loop 400 [101570, 3976, 8769, 80555, 3702, 3561, 2032, 2172, 3162, 8015]
Loop 401 [108212, 3915, 8952, 88134, 3578, 2923, 2458, 2210, 2319, 6975]
Loop 402 [122403, 4150, 9430, 102044, 4209, 2802, 2708, 2328, 2656, 6512]
Loop 403 [122296, 5363, 9621, 100132, 3980, 3517, 2487, 2300, 2430, 6921]
Loop 404 [129024, 5136, 10615, 106232, 4144, 2730, 2602, 2074, 2013, 6795]
Loop 405 [127311, 4153, 9641, 106868, 4222, 2838, 2384, 2407, 2774, 6385]
Loop 406 [124188, 5106, 9140, 102834, 4500, 2550, 3431, 3074, 2128, 6845]
Loop 407 [132474, 6682, 10528, 108095, 3722, 2848, 2149, 2245, 2594, 6915]
Loop 408 [159382, 9354, 9232, 133052, 4827, 2793, 2699, 2102, 2118, 7474]
Loop 409 [116705, 5268, 9089, 94696, 4319, 2982, 2671, 2397, 2527, 7406]
Loop 410 [121892, 4998, 8901, 100684, 4140, 2553, 2070, 2976, 2044, 7037]
Loop 411 [124378, 4949, 9344, 103398, 3901, 2847, 2560, 3227, 2952, 6423]
Loop 412 [101910, 4141, 9118, 81850, 3806, 2688, 2237, 2242, 2709, 6530]
Loop 413 [100353, 5358, 8860, 79016, 3807, 3487, 2545, 2222, 2393, 6871]
Loop 414 [114085, 3914, 9171, 94344, 3773, 2836, 2257, 2083, 2450, 6394]
Loop 415 [135306, 4097, 9015, 115251, 3845, 2666, 2593, 2314, 2864, 6688]
Loop 416 [135181, 5533, 10076, 112670, 4228, 2630, 2560, 2158, 2805, 6636]
Loop 417 [106514, 4144, 9300, 86333, 3755, 2642, 2421, 2406, 2642, 6497]
Loop 418 [124890, 3983, 9263, 104072, 3903, 3164, 2042, 2149, 3011, 7318]
Loop 419 [118278, 5375, 9850, 96313, 3969, 2830, 2376, 2079, 2963, 6490]
Loop 420 [128465, 4345, 10144, 106599, 4170, 2816, 2682, 2094, 2430, 7092]
Loop 421 [119234, 5344, 9725, 97614, 3782, 2938, 2475, 2117, 2702, 6292]
Loop 422 [122813, 4141, 9047, 102810, 4152, 2919, 2201, 2846, 2380, 6417]
Loop 423 [112588, 5699, 9726, 90357, 4504, 2440, 2503, 2364, 2426, 6556]
Loop 424 [121919, 5280, 10033, 99673, 4131, 2670, 2072, 2141, 2628, 6668]
Loop 425 [118491, 5455, 10015, 96388, 4115, 2730, 2054, 2574, 2600, 6379]
Loop 426 [122939, 4144, 8967, 103235, 4102, 2981, 2089, 2367, 3337, 6336]
Loop 427 [118960, 5334, 9240, 97367, 4117, 2962, 2466, 2341, 2704, 6764]
Loop 428 [111117, 4398, 9317, 90688, 3849, 2961, 2625, 2075, 2198, 6455]
Loop 429 [121812, 4041, 9326, 101917, 4503, 2643, 2178, 2921, 2655, 6283]
Loop 430 [114076, 6267, 10465, 89530, 4556, 2775, 2289, 2320, 2555, 7442]
Loop 431 [115744, 5113, 10211, 93532, 3964, 3486, 2401, 2185, 2489, 6592]
Loop 432 [118319, 4439, 9209, 97707, 4607, 2588, 2881, 2264, 2305, 6681]
Loop 433 [139944, 5332, 10168, 117756, 4098, 2991, 2441, 2186, 2704, 6445]
Loop 434 [120812, 4925, 10413, 98842, 4498, 2938, 2108, 2553, 2505, 6377]
Loop 435 [135036, 5258, 10304, 112853, 4590, 2552, 2573, 2733, 2433, 6360]
Loop 436 [135706, 7911, 12881, 107308, 5009, 3020, 2093, 2850, 2425, 7258]
Loop 437 [114852, 4442, 9118, 94840, 3797, 2827, 2245, 2352, 2575, 6186]
Loop 438 [129658, 4156, 9406, 109665, 4183, 3495, 2295, 2920, 3077, 6164]
Loop 439 [120031, 5650, 10398, 97109, 4074, 2921, 2593, 2208, 2730, 6613]
Loop 440 [122843, 4174, 9625, 102442, 3767, 2151, 2312, 2162, 1976, 6342]
Loop 441 [119957, 5220, 8997, 99434, 3705, 2306, 2165, 2097, 2584, 6050]
Loop 442 [129382, 4443, 8440, 109941, 4016, 2323, 2099, 2203, 2632, 6299]
Loop 443 [118890, 5636, 10196, 96838, 3781, 2312, 2098, 2043, 2508, 5954]
Loop 444 [115936, 5391, 9808, 94507, 3565, 2184, 2075, 2183, 2424, 5990]
Loop 445 [147253, 4206, 11142, 125310, 5431, 2106, 2161, 2261, 2947, 6336]
Loop 446 [110655, 5248, 9170, 89761, 3893, 2131, 2092, 2082, 2313, 6159]
Loop 447 [125389, 5197, 11128, 102435, 3503, 2112, 2168, 2285, 2800, 6331]
Loop 448 [130261, 4272, 9479, 109941, 3782, 2154, 2360, 2294, 1993, 6292]
Loop 449 [127034, 5408, 9760, 105637, 3609, 2285, 2023, 2342, 2603, 5971]
Loop 450 [116111, 4365, 12988, 92353, 3614, 2432, 2049, 2055, 2172, 6144]
Loop 451 [116695, 4016, 8916, 97311, 3591, 2101, 2187, 2124, 2584, 6175]
Loop 452 [123960, 4015, 9269, 104409, 4022, 2390, 2230, 2436, 2736, 5988]
Loop 453 [116851, 5424, 10510, 94538, 4203, 2175, 2290, 2763, 2483, 6136]
Loop 454 [128342, 4324, 9204, 108591, 4049, 3120, 2282, 2400, 2808, 5951]
Loop 455 [155029, 5803, 10992, 129940, 3541, 2311, 2249, 3767, 2685, 7935]
Loop 456 [142701, 5029, 12819, 118074, 3817, 2154, 2133, 2226, 2074, 6455]
Loop 457 [117409, 4251, 9031, 97869, 3619, 2326, 2115, 2065, 2863, 6007]
Loop 458 [103394, 4049, 8785, 83694, 3483, 2164, 2316, 2066, 2207, 6606]
Loop 459 [130432, 4015, 9088, 110831, 3655, 2285, 2119, 2088, 2920, 6244]
Loop 460 [124687, 5478, 9318, 103519, 3810, 2544, 2212, 2075, 2817, 6107]
Loop 461 [125074, 5053, 9008, 104390, 4676, 2473, 2150, 2045, 2181, 6342]
Loop 462 [572894, 5363, 9489, 551478, 3778, 2206, 2305, 2077, 450190, 6280]
Loop 463 [113375, 4199, 9076, 93754, 3810, 2089, 2108, 2296, 2456, 6098]
Loop 464 [104125, 4002, 9436, 84340, 3425, 2320, 2087, 2217, 2307, 6091]
Loop 465 [112580, 3940, 9474, 92753, 3628, 2128, 2037, 2320, 2045, 6145]
Loop 466 [171566, 4125, 9216, 113016, 3880, 2526, 2038, 2257, 2738, 44921]
Loop 467 [121182, 5792, 9823, 98784, 3657, 2512, 2036, 2568, 2565, 6412]
Loop 468 [131478, 5066, 10269, 108369, 4421, 2525, 2721, 2296, 2062, 7384]
Loop 469 [130030, 5418, 9688, 108332, 4326, 2434, 2234, 2164, 2911, 6292]
Loop 470 [139362, 5665, 9336, 117877, 4014, 2262, 2161, 2281, 2637, 6205]
Loop 471 [119143, 5198, 9524, 97902, 4259, 2556, 2328, 2161, 2397, 6276]
Loop 472 [121373, 5406, 9039, 100311, 3979, 2420, 2371, 2376, 2600, 6351]
Loop 473 [196259, 4315, 11737, 90347, 4070, 2443, 2057, 2178, 2709, 89523]
Loop 474 [131419, 4679, 8317, 111774, 4293, 2418, 2274, 2183, 2649, 6353]
Loop 475 [138932, 5412, 9517, 117372, 4051, 2775, 2527, 2048, 2041, 6366]
Loop 476 [124340, 5183, 9135, 103242, 3874, 2290, 2593, 2128, 2820, 6502]
Loop 477 [122985, 4963, 9410, 102120, 4463, 2650, 2216, 2079, 2759, 6154]
Loop 478 [120157, 5033, 9061, 99701, 4218, 2331, 2232, 2070, 2322, 6108]
Loop 479 [120118, 5382, 9145, 99563, 4056, 2130, 2182, 2199, 3115, 5792]
Loop 480 [120811, 5162, 9525, 100111, 3617, 2320, 2135, 2065, 2631, 5789]
Loop 481 [125635, 4290, 9954, 105283, 3700, 2573, 2324, 2329, 2529, 5869]
Loop 482 [122067, 5342, 9371, 101245, 3448, 2575, 2111, 2147, 2470, 5812]
Loop 483 [124045, 4555, 9440, 104131, 3631, 2270, 2209, 2047, 2620, 5698]
Loop 484 [115147, 5406, 9455, 94190, 3988, 2416, 2179, 2145, 2562, 5868]
Loop 485 [115389, 5366, 8798, 94948, 3933, 2617, 2108, 2066, 2263, 6061]
Loop 486 [118819, 5365, 9291, 98149, 3642, 2179, 2213, 2085, 2552, 5788]
Loop 487 [122321, 4460, 8655, 103118, 3646, 2212, 2320, 2055, 2595, 5845]
Loop 488 [120824, 5164, 9084, 99407, 3905, 2433, 2102, 2152, 2017, 6945]
Loop 489 [116334, 5026, 8977, 96270, 3442, 2340, 2071, 2215, 2522, 5827]
Loop 490 [122475, 4292, 9063, 103034, 3746, 2205, 2359, 2086, 2655, 5807]
Loop 491 [115828, 5247, 9503, 95080, 3679, 2631, 2075, 2295, 2407, 5790]
Loop 492 [229399, 4492, 9401, 209432, 3999, 2391, 2148, 2072, 2433, 5841]
Loop 493 [133866, 5516, 8787, 113533, 3440, 2562, 2269, 2011, 2948, 5823]
Loop 494 [127995, 4150, 9261, 108571, 3786, 2587, 2180, 2388, 2767, 5792]
Loop 495 [119203, 5462, 9298, 98142, 3892, 2175, 2051, 2132, 2056, 6053]
Loop 496 [113919, 4394, 9395, 94094, 3331, 2267, 2097, 2066, 2416, 5818]
Loop 497 [108609, 3963, 9671, 88948, 3470, 2304, 2331, 2322, 2662, 5785]
Loop 498 [100624, 3893, 9831, 80829, 3811, 2396, 2062, 2220, 2262, 5834]
Loop 499 [128786, 3919, 9718, 109190, 3942, 2240, 2069, 2164, 2658, 5757]
Loop 500 [125188, 5390, 9177, 104040, 3771, 2488, 2211, 2105, 2608, 6364]
Loop 501 [114031, 5063, 9647, 93331, 3884, 2296, 2147, 2064, 2118, 5742]
Loop 502 [131285, 5318, 9243, 110273, 3688, 2183, 2155, 2189, 2525, 6222]
Loop 503 [102477, 4093, 8758, 83371, 3396, 2245, 2081, 2395, 2049, 6044]
Loop 504 [394775, 5740, 12060, 335418, 3563, 2151, 11172, 3332, 3052, 40380]
Loop 505 [132056, 9325, 11302, 103933, 5873, 3280, 2967, 3052, 3106, 6883]
Loop 506 [131526, 6432, 9069, 93538, 4711, 12836, 2257, 2188, 2032, 17420]
Loop 507 [141466, 18108, 15499, 101365, 3680, 2481, 2037, 1923, 2544, 6206]
Loop 508 [115179, 5194, 9457, 94762, 3491, 1997, 1981, 1971, 2345, 5439]
Loop 509 [108901, 4174, 9410, 89613, 3438, 2042, 2044, 1986, 2179, 5475]
Loop 510 [124562, 3885, 8864, 106028, 3385, 2047, 2211, 2004, 2661, 5553]
Loop 511 [129918, 5172, 8753, 110336, 3475, 1982, 2110, 6559, 2612, 5370]
Loop 512 [99325, 4036, 9576, 79764, 3115, 1952, 2207, 1908, 1861, 5751]
Loop 513 [122258, 3869, 9132, 103197, 3320, 2102, 2162, 2221, 2003, 5840]
Loop 514 [116429, 5233, 8805, 96771, 3301, 2247, 1843, 1926, 2397, 5323]
Loop 515 [125996, 4088, 9779, 106569, 3874, 2489, 2063, 1947, 2446, 5338]
Loop 516 [117828, 5229, 9459, 97146, 3488, 2145, 1970, 1842, 2055, 5704]
Loop 517 [130312, 4160, 9034, 111237, 3306, 2307, 1950, 1919, 2725, 5647]
Loop 518 [122306, 5308, 9766, 101076, 3593, 2178, 2017, 1963, 2450, 5951]
Loop 519 [111736, 4854, 9657, 91541, 3405, 2115, 2038, 2022, 2211, 5387]
Loop 520 [122097, 4207, 8974, 103036, 3323, 2378, 1926, 2091, 1785, 5663]
Loop 521 [117745, 4986, 8922, 98398, 3212, 1931, 1909, 1850, 2479, 5241]
Loop 522 [137481, 4811, 8843, 117966, 6839, 2104, 1978, 1925, 1910, 5569]
Loop 523 [99997, 4327, 9152, 80398, 3091, 2264, 2143, 2441, 1918, 5908]
Loop 524 [111194, 3867, 9233, 92333, 3184, 2179, 2050, 1857, 2264, 5540]
Loop 525 [132219, 4118, 8956, 113298, 3241, 2212, 1988, 1966, 2469, 5636]
Loop 526 [119885, 5294, 9247, 98840, 3791, 2017, 1970, 2312, 1800, 6297]
Loop 527 [116350, 4864, 9240, 96633, 3190, 2077, 1922, 1908, 2389, 5328]
Loop 528 [111457, 4375, 9407, 92059, 3401, 2026, 1847, 1902, 2385, 5393]
Loop 529 [123043, 4088, 9097, 104016, 3294, 2052, 1921, 2162, 2522, 5628]
Loop 530 [123972, 5225, 9255, 103231, 3560, 2006, 1881, 2163, 1960, 6048]
Loop 531 [117716, 4866, 9352, 97864, 3370, 2347, 1935, 2086, 2371, 5331]
Loop 532 [98884, 3976, 9959, 79317, 3126, 2147, 2108, 1909, 2082, 5423]
Loop 533 [157639, 5683, 17058, 125549, 7533, 3347, 3328, 3050, 2967, 9000]
Loop 534 [111727, 5300, 9101, 91454, 4737, 2864, 2883, 3119, 2768, 5667]
Loop 535 [121159, 5110, 8726, 101250, 4219, 3365, 2704, 2899, 3549, 5883]
Loop 536 [127880, 4172, 8770, 109603, 4636, 3168, 3113, 2797, 3696, 5132]
Loop 537 [124426, 5512, 8415, 105113, 4846, 2813, 3115, 3264, 2802, 5190]
Loop 538 [118518, 6029, 8179, 99048, 3994, 3079, 2566, 2581, 3365, 5077]
Loop 539 [115346, 4098, 10055, 95344, 4378, 3537, 2875, 2068, 2907, 5634]
Loop 540 [99567, 4039, 8534, 81603, 3597, 2285, 2194, 2072, 2561, 5197]
Loop 541 [121198, 3869, 8841, 102992, 3855, 3124, 2435, 2035, 2731, 5278]
Loop 542 [121039, 5247, 8252, 101670, 4263, 2632, 1879, 2530, 1884, 5603]
Loop 543 [103330, 5359, 9433, 82240, 4216, 2443, 1989, 2168, 3059, 5978]
Loop 544 [107253, 3968, 8559, 89179, 3844, 2200, 1984, 2682, 2320, 5330]
Loop 545 [107705, 3871, 8791, 89706, 3410, 2847, 1972, 2394, 2867, 5145]
Loop 546 [123168, 3866, 7698, 105247, 4077, 2554, 2375, 2264, 3016, 6156]
Loop 547 [115589, 5284, 9040, 95411, 4169, 2942, 2244, 2991, 2202, 5641]
Loop 548 [129832, 4084, 7704, 112273, 4642, 3258, 2390, 2642, 1996, 5566]
Loop 549 [121540, 5130, 9595, 101087, 3635, 3028, 2436, 2084, 2862, 5523]
Loop 550 [126166, 4963, 9600, 105837, 4474, 2689, 3010, 2243, 2785, 5541]
Loop 551 [135921, 4203, 8400, 117462, 7434, 2629, 2347, 2130, 2971, 5653]
Loop 552 [125165, 5131, 9236, 105569, 3938, 3029, 2434, 5666, 2569, 5015]
Loop 553 [114738, 4214, 8278, 96354, 3581, 2416, 2006, 2465, 1836, 5691]
Loop 554 [108471, 3837, 8138, 91092, 3441, 2357, 1885, 2464, 2434, 5196]
Loop 555 [99057, 3981, 8299, 80379, 3663, 2634, 1915, 2526, 2469, 6195]
Loop 556 [111091, 3769, 9808, 91393, 3963, 3074, 1865, 1861, 2888, 5915]
Loop 557 [126995, 4082, 8355, 108797, 4049, 2911, 2772, 1884, 3066, 5553]
Loop 558 [117994, 5697, 9019, 97675, 3814, 2625, 2121, 2854, 2770, 5394]
Loop 559 [121996, 4113, 8587, 103564, 4940, 2395, 1811, 2387, 2746, 5527]
Loop 560 [118016, 5366, 9526, 97146, 3755, 2728, 2139, 1827, 2576, 5761]
Loop 561 [124221, 4144, 9460, 104760, 3902, 2454, 3152, 1918, 2196, 5660]
Loop 562 [117018, 5429, 9211, 96332, 3676, 3141, 2360, 2105, 2941, 5851]
Loop 563 [122701, 4170, 8545, 104586, 4221, 3029, 2696, 1947, 2725, 5190]
Loop 564 [122468, 5323, 8787, 101707, 4200, 2824, 2143, 2761, 1786, 6445]
Loop 565 [117053, 5151, 10042, 96475, 4118, 2831, 2045, 2189, 2439, 5179]
Loop 566 [127482, 4436, 8733, 108573, 3994, 2912, 2102, 2552, 2244, 5529]
Loop 567 [113123, 5250, 9613, 92887, 3355, 2567, 2131, 2724, 2724, 5194]
Loop 568 [135147, 4088, 10084, 114432, 3971, 2373, 2320, 2246, 2606, 6341]
Loop 569 [139133, 5138, 10150, 118262, 4092, 2668, 2053, 2366, 3122, 5360]
Loop 570 [127150, 4971, 9669, 106842, 3789, 2423, 5361, 3029, 2367, 5456]
Loop 571 [109598, 4109, 9482, 90488, 3620, 2481, 2275, 1868, 2463, 5302]
Loop 572 [107935, 3820, 9352, 89215, 3398, 2315, 2162, 1896, 2198, 5342]
Loop 573 [124340, 4019, 10061, 104506, 3786, 2885, 2791, 1805, 2447, 5558]
Loop 574 [119368, 5798, 10507, 97084, 3982, 2410, 2365, 2105, 2529, 5777]
Loop 575 [98711, 4033, 8884, 80259, 3685, 2726, 1978, 2286, 2261, 5320]
Loop 576 [124283, 3851, 10010, 103882, 4084, 3122, 1917, 1875, 2254, 6349]
Loop 577 [117171, 5541, 10014, 95645, 3686, 2651, 2601, 1925, 2318, 5765]
Loop 578 [122372, 4133, 8842, 102121, 3948, 2610, 2496, 2140, 2557, 7060]
Loop 579 [117080, 4999, 10224, 96307, 4219, 2345, 1907, 2405, 2459, 5339]
Loop 580 [98692, 4349, 9164, 79533, 3534, 2397, 2057, 2666, 2186, 5418]
Loop 581 [98797, 3858, 9282, 80157, 3336, 2840, 2131, 2268, 2987, 5296]
Loop 582 [125797, 3817, 9568, 106598, 3419, 2336, 2371, 2262, 3040, 5602]
Loop 583 [124494, 5992, 10804, 101156, 4024, 2792, 2718, 2047, 2722, 6207]
Loop 584 [112271, 4970, 9361, 91983, 3965, 2776, 2330, 1997, 2670, 5747]
Loop 585 [110695, 4145, 9950, 90633, 3389, 2249, 2591, 2112, 2292, 5742]
Loop 586 [131851, 3932, 9381, 112776, 4221, 7599, 2068, 2431, 1958, 5546]
Loop 587 [121927, 5200, 10333, 100835, 3941, 2671, 2129, 1893, 3087, 5352]
Loop 588 [110102, 4831, 9691, 89873, 4115, 2642, 2322, 1898, 2142, 5518]
Loop 589 [120905, 5364, 10042, 99552, 4347, 2522, 1887, 2478, 2376, 5746]
Loop 590 [117713, 4861, 10294, 96641, 4056, 2563, 1890, 2483, 2894, 5713]
Loop 591 [109109, 4039, 9684, 89868, 3989, 2527, 1880, 2264, 2471, 5313]
Loop 592 [110300, 3852, 10242, 90481, 3739, 2938, 2040, 2062, 2152, 5516]
Loop 593 [124530, 3859, 9990, 104829, 3525, 2585, 2024, 2041, 2687, 5653]
Loop 594 [121319, 5340, 10475, 100001, 3789, 3022, 2772, 1959, 2226, 5292]
Loop 595 [115584, 5313, 9200, 95501, 3753, 2483, 2596, 2012, 2309, 5366]
Loop 596 [108206, 4095, 9381, 89103, 3358, 2528, 2237, 2301, 2392, 5422]
Loop 597 [107714, 3836, 9580, 88913, 3939, 2103, 1986, 2432, 2046, 5193]
Loop 598 [106977, 3981, 8810, 88624, 3325, 2430, 2043, 1982, 2346, 5349]
Loop 599 [115850, 4058, 8912, 95357, 3074, 2868, 3575, 2895, 2706, 7242]
Loop 600 [109275, 4056, 10221, 89545, 3583, 2720, 2101, 2608, 2605, 5249]
Loop 601 [107256, 3870, 8874, 88818, 4003, 2468, 1907, 2378, 1972, 5465]
Loop 602 [107345, 3851, 8913, 88656, 3535, 3279, 1929, 2353, 2441, 5707]
Loop 603 [99208, 3870, 9757, 80003, 3347, 2874, 2138, 2316, 2652, 5368]
Loop 604 [123109, 3817, 8930, 104319, 3466, 2659, 2240, 2090, 2814, 5824]
Loop 605 [116800, 5168, 9975, 95959, 3854, 2597, 2020, 2248, 2409, 5501]
Loop 606 [122738, 4043, 9622, 103729, 3845, 2374, 1872, 2265, 2226, 5151]
Loop 607 [112393, 5238, 10352, 90955, 4027, 2891, 1881, 1862, 2241, 5649]
Loop 608 [120567, 5131, 10139, 98801, 3893, 2446, 2560, 1997, 2451, 6215]
Loop 609 [119031, 5251, 10783, 96712, 3694, 2379, 2172, 1948, 2861, 6069]
Loop 610 [120741, 4103, 8797, 102426, 3890, 2558, 2807, 1786, 2306, 5210]
Loop 611 [116616, 5341, 9773, 96148, 4027, 2771, 2030, 2538, 2325, 5154]
Loop 612 [124107, 4108, 9199, 105277, 4312, 2399, 2052, 2342, 2725, 5320]
Loop 613 [117614, 5022, 9982, 96979, 3720, 2677, 2113, 2752, 2480, 5437]
Loop 614 [133883, 4037, 9182, 114492, 3838, 3198, 1962, 3087, 2454, 5968]
Loop 615 [131749, 5255, 9743, 110951, 3737, 2496, 2223, 1944, 2759, 5584]
Loop 616 [117063, 4992, 9850, 96712, 3521, 2760, 2092, 2487, 1991, 5278]
Loop 617 [108988, 4244, 9709, 89568, 3523, 2293, 2046, 2360, 2457, 5273]
Loop 618 [109108, 3802, 9879, 90062, 3439, 3014, 1844, 1839, 3133, 5158]
Loop 619 [98744, 3918, 9742, 79408, 3213, 2265, 2445, 1919, 1999, 5476]
Loop 620 [98517, 3804, 9671, 79138, 3547, 3361, 2271, 1970, 2286, 5701]
Loop 621 [108434, 3836, 9254, 89880, 3437, 2085, 2211, 1992, 2089, 5257]
Loop 622 [97654, 3843, 9380, 79086, 3563, 2512, 1812, 2379, 2230, 5129]
Loop 623 [98935, 3858, 9825, 79428, 3594, 2847, 1826, 2077, 2531, 5614]
Loop 624 [111462, 4787, 10319, 89532, 3890, 2450, 2446, 2748, 2185, 6576]
Loop 625 [103195, 3957, 9640, 83647, 3836, 2457, 2064, 1960, 2524, 5742]
Loop 626 [122665, 4091, 9135, 103375, 3488, 2913, 2635, 1893, 2602, 5862]
Loop 627 [113919, 5147, 13603, 89562, 4001, 2700, 2137, 2349, 2102, 5409]
Loop 628 [103572, 4046, 11081, 82946, 3898, 2606, 1823, 2843, 2736, 5300]
Loop 629 [125827, 3854, 12656, 103270, 3745, 2755, 2189, 1924, 2208, 5835]
Loop 630 [134331, 6572, 12728, 108264, 4487, 2390, 2772, 2172, 2336, 6536]
Loop 631 [131213, 9000, 9900, 105848, 3835, 2999, 2412, 2170, 3127, 6165]
Loop 632 [127096, 5499, 10027, 105924, 3790, 2661, 2557, 2072, 6730, 5404]
Loop 633 [120771, 5115, 9689, 100123, 4819, 2632, 1813, 2364, 2880, 5543]
Loop 634 [120645, 5075, 10530, 99174, 3855, 2451, 1988, 1987, 2511, 5670]
Loop 635 [121837, 4905, 9823, 100966, 3727, 2724, 2664, 2079, 2301, 5923]
Loop 636 [126098, 4354, 8985, 106991, 4177, 3083, 2258, 2391, 2747, 5545]
Loop 637 [119614, 5168, 9882, 99128, 4228, 2199, 1916, 2296, 2303, 5226]
Loop 638 [120133, 4367, 9539, 100078, 4370, 2793, 1877, 2806, 2026, 5917]
Loop 639 [116964, 5162, 10267, 96106, 3940, 2656, 1984, 2356, 2385, 5210]
Loop 640 [121684, 4079, 9390, 102843, 3452, 2788, 2341, 1909, 2826, 5150]
Loop 641 [117275, 5129, 10366, 96184, 3926, 2777, 2298, 1898, 2617, 5380]
Loop 642 [104430, 4100, 9296, 84725, 3755, 2541, 2721, 1936, 2338, 6099]
Loop 643 [101013, 4166, 10066, 80833, 3570, 2428, 2750, 1915, 2270, 5721]
Loop 644 [121786, 3823, 9260, 103416, 4167, 2614, 2114, 2554, 2530, 5069]
Loop 645 [116263, 5183, 9874, 95484, 3660, 2384, 2138, 2172, 2876, 5509]
Loop 646 [108612, 4073, 9410, 89138, 3212, 2213, 2497, 2057, 2478, 5770]
Loop 647 [125031, 3821, 10636, 103815, 4004, 3117, 2236, 2519, 2565, 6532]
Loop 648 [114551, 5100, 12829, 90722, 4042, 2155, 1954, 2513, 2306, 5675]
Loop 649 [119954, 4165, 10056, 100273, 3395, 2876, 1992, 2545, 2166, 5241]
Loop 650 [121931, 3806, 9123, 103210, 3664, 2411, 1845, 2565, 2733, 5582]
Loop 651 [116292, 5203, 10153, 95206, 3568, 2774, 1991, 1930, 2783, 5456]
Loop 652 [124037, 4176, 10580, 103760, 4436, 2778, 2315, 1826, 2461, 5311]
Loop 653 [122502, 5058, 9336, 101644, 3734, 2643, 2127, 1970, 2682, 6181]
Loop 654 [109897, 5000, 10674, 88517, 3977, 2434, 2151, 2143, 2008, 5429]
Loop 655 [120002, 5258, 9778, 99100, 4566, 2565, 1781, 2260, 2225, 5577]
Loop 656 [117828, 5315, 10215, 96744, 3842, 2443, 1879, 1831, 2712, 5339]
Loop 657 [123996, 4319, 9483, 103666, 3368, 2404, 2550, 1931, 1895, 6314]
Loop 658 [120372, 5091, 9953, 99414, 3520, 2602, 2609, 2341, 2525, 5685]
Loop 659 [110709, 5036, 11074, 88961, 4311, 2343, 2002, 2930, 2180, 5431]
Loop 660 [118367, 5297, 10553, 96929, 3817, 2680, 1961, 2438, 2352, 5374]
Loop 661 [123118, 4265, 9611, 103627, 3921, 2698, 1970, 2032, 2338, 5382]
Loop 662 [116145, 5310, 9259, 95386, 3723, 2712, 2295, 2302, 2538, 5977]
Loop 663 [103918, 4169, 8225, 80450, 3254, 2374, 2252, 2170, 1879, 6347]
Loop 664 [123517, 6035, 9828, 100905, 4574, 2311, 1855, 2519, 2199, 6381]
Loop 665 [121980, 5402, 8759, 101442, 3900, 2332, 1858, 2159, 3198, 6094]
Loop 666 [120182, 7665, 8772, 97236, 4440, 2439, 2468, 1923, 2176, 6221]
Loop 667 [127459, 5262, 11243, 105042, 3475, 2745, 2231, 1919, 2803, 5704]
Loop 668 [111433, 4147, 9567, 91984, 3322, 2035, 2327, 1850, 2847, 5505]
Loop 669 [122206, 3875, 8766, 104015, 3742, 2481, 1919, 2483, 2160, 5332]
Loop 670 [121316, 5284, 9850, 100871, 4103, 2388, 1847, 2129, 2605, 5089]
Loop 671 [109629, 5010, 9278, 89602, 4855, 2450, 1949, 2308, 2010, 5528]
Loop 672 [111941, 5183, 9696, 90917, 3934, 2530, 1866, 2087, 2288, 5905]
Loop 673 [122255, 4041, 9757, 102475, 3937, 2834, 2119, 1893, 2394, 5779]
Loop 674 [115687, 5198, 9226, 95023, 3636, 2469, 2204, 2145, 1781, 6027]
Loop 675 [118244, 4246, 8651, 99696, 4443, 2244, 2335, 2161, 2159, 5438]
Loop 676 [105987, 5367, 9777, 85159, 3805, 2759, 1921, 1847, 2479, 5478]
Loop 677 [114535, 4733, 9834, 94008, 3486, 2204, 2455, 1944, 2729, 5751]
Loop 678 [109865, 4182, 9692, 90505, 3799, 2971, 1944, 2008, 3361, 5260]
Loop 679 [108200, 3924, 9632, 88903, 3578, 2096, 2563, 1996, 2031, 5507]
Loop 680 [125273, 3846, 9736, 106169, 3555, 2428, 2526, 2952, 2218, 5306]
Loop 681 [117229, 5225, 11009, 95605, 4100, 2324, 1991, 2398, 3046, 5172]
Loop 682 [114336, 4119, 9084, 95442, 3714, 2525, 1871, 2506, 2357, 5510]
Loop 683 [125898, 5162, 10404, 104824, 3490, 2359, 1822, 1807, 2426, 5296]
Loop 684 [120843, 4139, 8941, 102236, 3698, 2438, 2091, 5803, 2772, 5318]
Loop 685 [97388, 4033, 8073, 79601, 3254, 2278, 2236, 2211, 2031, 5479]
Loop 686 [106689, 3817, 9133, 87848, 3502, 1973, 1890, 2945, 2461, 5656]
Loop 687 [107997, 3901, 8911, 89660, 4026, 2321, 1845, 1812, 2821, 5315]
Loop 688 [108398, 4012, 9741, 88346, 3606, 3123, 2665, 1898, 1919, 6094]
Loop 689 [98818, 3910, 9826, 79347, 3494, 2417, 2316, 1923, 2143, 5527]
Loop 690 [122699, 3852, 9806, 103734, 3834, 2641, 2519, 2038, 2488, 5079]
Loop 691 [116393, 5125, 9024, 96442, 3661, 2475, 2094, 2409, 2750, 5584]
Loop 692 [103130, 4155, 9526, 84077, 3184, 2542, 2072, 1956, 2498, 5149]
Loop 693 [140330, 6957, 12580, 114014, 4677, 2725, 2453, 1955, 2780, 6446]
Loop 694 [123407, 5473, 10248, 101772, 3873, 2830, 2585, 2185, 1824, 5692]
Loop 695 [110395, 4640, 8870, 91047, 3674, 2387, 1897, 2316, 2622, 5627]
Loop 696 [120329, 3918, 9342, 101314, 3968, 2579, 2131, 2489, 1887, 5537]
Loop 697 [114771, 5139, 8925, 95128, 3734, 2665, 1927, 2324, 2568, 5399]
Loop 698 [114898, 3997, 9195, 96192, 3252, 2494, 1973, 1961, 2926, 5291]
Loop 699 [108912, 4001, 9437, 89800, 3331, 2408, 2435, 1995, 2568, 5455]
Loop 700 [126470, 3900, 9253, 107565, 3695, 2664, 2237, 1899, 2850, 5549]
Loop 701 [117863, 5390, 10096, 96280, 3618, 2548, 2540, 1941, 1888, 5861]
Loop 702 [127431, 4141, 9570, 108203, 3828, 2425, 2006, 2412, 2540, 5309]
Loop 703 [111344, 5878, 10103, 89131, 4336, 2532, 1923, 1876, 2373, 5955]
Loop 704 [117446, 5338, 9851, 96555, 3910, 2670, 2453, 1863, 1947, 5489]
Loop 705 [125350, 5297, 10641, 102630, 4021, 2869, 2227, 2441, 2412, 6516]
Loop 706 [105519, 5342, 9640, 84730, 4503, 2409, 1890, 2354, 2311, 5580]
Loop 707 [114866, 5240, 10001, 93759, 4196, 2574, 2078, 2707, 1873, 5632]
Loop 708 [109831, 4204, 9339, 90551, 3441, 2352, 1977, 2199, 2625, 5523]
Loop 709 [122470, 3969, 9193, 103865, 3328, 2690, 2147, 2028, 2727, 5225]
Loop 710 [122358, 5456, 9885, 100508, 4007, 2607, 2688, 2060, 2440, 6283]
Loop 711 [117707, 5092, 9942, 96008, 3509, 2664, 2206, 2184, 2648, 6440]
Loop 712 [109697, 4203, 9881, 90231, 3706, 2339, 2564, 1961, 2205, 5174]
Loop 713 [98176, 3888, 9066, 79842, 3352, 2442, 2026, 2421, 2218, 5198]
Loop 714 [117071, 3810, 9312, 98288, 3395, 5283, 2095, 1881, 2558, 5443]
Loop 715 [122440, 3841, 10335, 102176, 3576, 2625, 2251, 1911, 2403, 5873]
Loop 716 [142567, 7297, 17319, 108952, 8567, 2999, 2697, 3177, 2606, 8500]
Loop 717 [102493, 4465, 8466, 83808, 4134, 3258, 2858, 2419, 3253, 5525]
Loop 718 [97387, 3835, 8008, 79546, 4656, 3152, 3561, 2732, 3174, 5777]
Loop 719 [96191, 3815, 7858, 78868, 4188, 2898, 2696, 2942, 2485, 5423]
Loop 720 [112975, 3816, 7746, 95931, 4153, 2945, 2410, 3286, 3682, 5269]
Loop 721 [100667, 3971, 8926, 82091, 4073, 3265, 2633, 2412, 3318, 5456]
Loop 722 [122047, 3881, 8985, 103307, 4811, 3546, 3326, 2205, 1961, 5656]
Loop 723 [120879, 5041, 8643, 101572, 4012, 2715, 1868, 2468, 2078, 5421]
Loop 724 [122297, 5167, 9378, 101848, 3997, 2717, 2238, 1840, 3456, 5694]
Loop 725 [111393, 4925, 8893, 91988, 3902, 2606, 2670, 2118, 2469, 5376]
Loop 726 [120683, 4213, 8104, 102870, 4148, 2543, 2783, 2203, 2042, 5255]
Loop 727 [116338, 4865, 8898, 96541, 4001, 2685, 1843, 2344, 2452, 5828]
Loop 728 [113692, 4377, 8446, 95063, 3498, 2805, 1991, 2106, 3155, 5537]
Loop 729 [124094, 4051, 8126, 105905, 3916, 2962, 2412, 2069, 2717, 5825]
Loop 730 [117098, 5325, 8274, 97843, 4278, 2869, 2103, 2376, 2129, 5435]
Loop 731 [112961, 5243, 8735, 93246, 3945, 2805, 2042, 2171, 2501, 5510]
Loop 732 [135696, 5381, 9244, 108537, 5036, 2796, 2309, 2057, 3118, 12293]
Loop 733 [144245, 4170, 8067, 125998, 4697, 3423, 2830, 2130, 2530, 5797]
Loop 734 [121616, 5141, 8833, 102241, 4902, 2523, 2530, 2755, 2275, 5187]
Loop 735 [140468, 4970, 8725, 121008, 4287, 2910, 2254, 2901, 1996, 5548]
Loop 736 [140196, 6283, 8992, 119529, 4116, 2759, 2229, 2188, 2623, 5185]
Loop 737 [122574, 4137, 8462, 104580, 4507, 3175, 1926, 2724, 2303, 5182]
Loop 738 [120401, 5013, 9243, 100522, 3501, 2586, 2281, 2024, 2967, 5405]
Loop 739 [124460, 4133, 7518, 107079, 3709, 2980, 2710, 2443, 3104, 5524]
Loop 740 [115072, 5073, 8694, 94966, 4244, 2917, 2631, 1877, 2616, 6118]
Loop 741 [115770, 4837, 9195, 96305, 3748, 2709, 2477, 2310, 2501, 5213]
Loop 742 [107626, 4027, 8562, 89600, 3550, 2259, 2126, 2290, 2455, 5223]
Loop 743 [121492, 3831, 8277, 103857, 3995, 2580, 1914, 1981, 2591, 5296]
Loop 744 [121558, 7094, 9968, 97116, 4704, 3606, 2525, 2589, 3005, 6974]
Loop 745 [99337, 4951, 8282, 80097, 3993, 2398, 2004, 2335, 2059, 5774]
Loop 746 [107646, 3978, 8668, 89558, 3573, 2655, 2111, 2060, 2526, 5239]
Loop 747 [106516, 4005, 8318, 88328, 3460, 3191, 2114, 1846, 2101, 5657]
Loop 748 [120740, 3794, 8783, 102473, 4105, 2819, 2433, 1905, 2047, 5477]
Loop 749 [119409, 5172, 8940, 99258, 3869, 2727, 2330, 2328, 2420, 5829]
Loop 750 [110937, 5448, 9740, 90106, 4649, 2467, 2225, 2807, 2011, 5435]
Loop 751 [124802, 7861, 9853, 100949, 5058, 2448, 2693, 2247, 2134, 5906]
Loop 752 [131443, 5144, 9026, 110702, 4174, 3040, 2587, 2678, 2515, 6368]
Loop 753 [121519, 4702, 9479, 101769, 4461, 2310, 2326, 2945, 2125, 5342]
Loop 754 [99203, 4016, 9477, 80193, 3583, 2760, 2478, 2540, 2003, 5307]
Loop 755 [98390, 3852, 9647, 79513, 3427, 2328, 1902, 2011, 2254, 5162]
Loop 756 [97232, 3840, 8679, 78607, 3265, 2695, 2445, 2009, 2352, 5898]
Loop 757 [115530, 3784, 8786, 96992, 4028, 3163, 2799, 2332, 2130, 5750]
Loop 758 [121496, 5376, 10584, 99916, 4214, 2419, 2116, 2118, 2781, 5407]
Loop 759 [118183, 4989, 9708, 97614, 3695, 2156, 2617, 1948, 2146, 5641]
Loop 760 [102985, 4211, 8765, 84444, 3874, 2549, 2217, 2295, 2084, 5350]
Loop 761 [98956, 3865, 9696, 79694, 3662, 2278, 1957, 2229, 1857, 5481]
Loop 762 [122115, 3832, 9220, 103762, 4035, 2683, 1927, 2180, 2711, 5085]
Loop 763 [118421, 5173, 10447, 97441, 4301, 3029, 2004, 1853, 2796, 5136]
Loop 764 [98841, 4108, 9051, 80087, 3621, 2610, 2345, 1837, 1966, 5393]
Loop 765 [109772, 3776, 12723, 87763, 3777, 2462, 2176, 2544, 2616, 5282]
Loop 766 [117690, 3869, 9328, 98988, 3287, 2812, 2238, 1871, 2341, 5282]
Loop 767 [98132, 3800, 9157, 79615, 3493, 2513, 2718, 1865, 1854, 5352]
Loop 768 [107993, 3857, 9446, 89337, 3394, 2387, 2349, 1893, 2810, 5122]
Loop 769 [115696, 8037, 15551, 86291, 5337, 2138, 2963, 2822, 2212, 5581]
Loop 770 [100050, 3735, 11122, 79435, 3433, 2351, 3339, 2475, 2532, 5538]
Loop 771 [115267, 3779, 11211, 94816, 3226, 2606, 3304, 1996, 3087, 5252]
Loop 772 [100697, 3976, 10731, 80612, 3387, 2334, 3148, 2455, 2396, 5155]
Loop 773 [127818, 3807, 11295, 107050, 4008, 2651, 3081, 2511, 2724, 5448]
Loop 774 [114010, 5031, 11668, 91567, 4086, 2435, 2062, 1867, 2603, 5519]
Loop 775 [111392, 4866, 11773, 89001, 3551, 2506, 2325, 1868, 2213, 5536]
Loop 776 [125767, 5206, 11166, 103422, 4111, 2848, 2508, 1941, 1863, 5752]
Loop 777 [118536, 5473, 11085, 96497, 3722, 2332, 1855, 2298, 2038, 5256]
Loop 778 [126606, 3934, 12803, 104430, 3866, 2812, 1891, 1945, 2870, 5231]
Loop 779 [125907, 5149, 11308, 103954, 4020, 2758, 2562, 2072, 2446, 5292]
Loop 780 [135961, 4907, 11291, 114018, 4255, 1926, 2410, 2422, 1791, 5517]
Loop 781 [124593, 3939, 10249, 104863, 4009, 2996, 1980, 2532, 2843, 5320]
Loop 782 [110744, 5596, 10726, 88844, 3772, 2574, 1956, 1986, 2544, 5370]
Loop 783 [117310, 5143, 11664, 94722, 3625, 2350, 2396, 1841, 2567, 5558]
Loop 784 [117521, 3953, 10071, 98096, 3744, 3159, 2415, 2491, 2538, 5179]
Loop 785 [126097, 6131, 12062, 101453, 4239, 2797, 2086, 2502, 2973, 6176]
Loop 786 [125381, 5154, 10906, 103235, 3575, 2702, 2462, 1966, 1764, 5749]
Loop 787 [130339, 4420, 10599, 109935, 4075, 2997, 2321, 2299, 2341, 5158]
Loop 788 [119600, 5285, 11405, 97455, 4247, 2001, 2076, 2429, 2669, 5251]
Loop 789 [99827, 3933, 10620, 79837, 3639, 2301, 1902, 2202, 2163, 5226]
Loop 790 [109113, 3817, 10788, 89077, 3400, 2816, 2039, 2266, 2428, 5213]
Loop 791 [125428, 3767, 11348, 103724, 4030, 2526, 2417, 1852, 2641, 6367]
Loop 792 [112471, 5014, 11084, 90609, 4021, 2591, 2234, 2101, 1946, 5557]
Loop 793 [124515, 3992, 11149, 103700, 3990, 2589, 1840, 1935, 2289, 5465]
Loop 794 [114719, 5022, 9403, 94645, 3802, 2481, 2416, 1879, 2281, 5441]
Loop 795 [132518, 4008, 9362, 113240, 3788, 2727, 2432, 2349, 2524, 5689]
Loop 796 [126584, 4996, 9932, 105687, 3609, 2562, 1998, 2291, 1786, 5741]
Loop 797 [123360, 3976, 9349, 104642, 4578, 2229, 1900, 2329, 2651, 5178]
Loop 798 [119808, 4971, 9861, 99593, 3867, 3004, 2046, 1990, 2803, 5168]
Loop 799 [117172, 4957, 10482, 95588, 3591, 2684, 2609, 1964, 2007, 5969]
Loop 800 [122099, 4130, 9476, 102719, 4533, 2755, 1995, 2679, 2406, 5544]
Loop 801 [108436, 4985, 9993, 87798, 4314, 2419, 1977, 1908, 2457, 5449]
Loop 802 [119346, 5055, 9579, 99029, 3855, 2460, 2290, 2025, 2338, 5494]
Loop 803 [121714, 4919, 10248, 100898, 3793, 2307, 2474, 1926, 2637, 5435]
Loop 804 [116473, 5053, 9375, 96612, 4001, 2867, 1893, 2556, 2394, 5219]
Loop 805 [123328, 3987, 8940, 104719, 4016, 2160, 1837, 2177, 2334, 5498]
Loop 806 [110187, 5102, 10461, 89156, 3648, 2391, 1924, 1889, 2372, 5245]
Loop 807 [115984, 5048, 9470, 95973, 3794, 2344, 1869, 2423, 2602, 5277]
Loop 808 [121213, 4273, 8560, 102837, 4111, 2252, 1829, 2286, 2299, 5353]
Loop 809 [116156, 5219, 10182, 94884, 3798, 2487, 1965, 1832, 2356, 5644]
Loop 810 [106903, 4229, 8304, 88824, 3111, 2165, 1916, 1987, 2338, 5338]
Loop 811 [119922, 4133, 10304, 99155, 4188, 3343, 2922, 2129, 2436, 6109]
Loop 812 [112865, 5221, 9180, 92855, 4551, 3003, 2010, 2229, 2214, 5425]
Loop 813 [104983, 4323, 8476, 86683, 3285, 2652, 2157, 2287, 2239, 5295]
Loop 814 [134693, 4089, 8846, 116072, 4074, 3084, 3439, 2027, 2459, 5464]
Loop 815 [134864, 5020, 9339, 115064, 4078, 2909, 2970, 2715, 2699, 5201]
Loop 816 [122243, 3981, 8224, 104541, 3999, 2790, 1850, 2216, 2852, 5281]
Loop 817 [121776, 5172, 10061, 100988, 4181, 2513, 2198, 2068, 2834, 5343]
Loop 818 [126098, 4716, 8379, 107084, 3625, 2853, 2295, 1963, 2685, 5693]
Loop 819 [124345, 5015, 9935, 103755, 3857, 2673, 2284, 2000, 2502, 5416]
Loop 820 [117595, 5289, 9312, 97241, 4094, 2591, 1956, 2445, 2692, 5538]
Loop 821 [117034, 4943, 9606, 96434, 3923, 2310, 2610, 2038, 2573, 5826]
Loop 822 [122739, 4058, 9071, 103918, 3847, 2678, 2386, 2037, 2097, 5472]
Loop 823 [120081, 5107, 9574, 99730, 4138, 2498, 2074, 2309, 2452, 5467]
Loop 824 [116373, 4968, 9654, 96310, 4156, 2388, 1927, 2335, 2142, 5235]
Loop 825 [102390, 4887, 10655, 80354, 4596, 2893, 1929, 1825, 2784, 6150]
Loop 826 [121967, 3933, 8985, 103294, 3624, 2805, 2527, 1984, 2838, 5530]
Loop 827 [109566, 5208, 10092, 88577, 3732, 2981, 2473, 2022, 2042, 5468]
Loop 828 [120564, 5231, 10166, 99656, 4381, 2667, 1980, 2105, 2877, 5311]
Loop 829 [125306, 5367, 10042, 103650, 4063, 2703, 2554, 1944, 1991, 6015]
Loop 830 [126928, 4105, 9846, 107599, 4302, 2816, 2215, 2327, 2610, 5173]
Loop 831 [109831, 5139, 9872, 88800, 4279, 2611, 2388, 2351, 2017, 5745]
Loop 832 [119377, 5393, 9548, 98953, 3946, 2059, 1877, 2372, 2937, 5259]
Loop 833 [115821, 5052, 9562, 95695, 3867, 2486, 1847, 1980, 2911, 5301]
Loop 834 [121349, 5034, 9870, 100750, 3724, 2671, 2429, 2042, 2523, 5482]
Loop 835 [118659, 4974, 9230, 98523, 4470, 2096, 1991, 2402, 1994, 5731]
Loop 836 [117633, 5341, 9501, 97195, 3655, 2531, 1969, 1898, 2856, 5374]
Loop 837 [122006, 4240, 9357, 102670, 3660, 2470, 2677, 2580, 2449, 5520]
Loop 838 [118356, 5070, 9677, 97680, 3678, 2570, 2317, 1896, 1811, 5720]
Loop 839 [119586, 5086, 9968, 99152, 3669, 2371, 1993, 2205, 2498, 5158]
Loop 840 [119319, 5041, 8898, 99512, 4199, 2438, 1890, 2442, 2342, 5647]
Loop 841 [120381, 4968, 9804, 99714, 3902, 2641, 1833, 1861, 2438, 5693]
Loop 842 [116448, 5064, 9480, 96222, 4230, 2485, 1823, 2355, 1849, 5467]
Loop 843 [117930, 5117, 9844, 97221, 3890, 2238, 2007, 2082, 2188, 5523]
Loop 844 [124900, 4181, 9227, 105698, 4161, 2356, 1877, 2079, 2616, 5589]
Loop 845 [120897, 7026, 14969, 92695, 6070, 2618, 3263, 1955, 2604, 5992]
Loop 846 [124016, 5107, 10833, 102448, 3762, 2666, 4023, 2167, 2428, 5423]
Loop 847 [131951, 4733, 11553, 109530, 3990, 2457, 3671, 2627, 1929, 5908]
Loop 848 [125093, 4701, 10193, 104770, 3613, 2325, 3210, 2395, 2762, 5204]
Loop 849 [135328, 4016, 11274, 114627, 3846, 2440, 4168, 1959, 2578, 5184]
Loop 850 [111214, 4872, 11303, 89359, 3968, 2492, 2522, 2632, 2288, 5461]
Loop 851 [117010, 5259, 11119, 94910, 4083, 2133, 1891, 2360, 2252, 5500]
Loop 852 [127964, 4024, 11189, 107329, 3531, 2674, 1837, 1895, 3109, 5215]
Loop 853 [124624, 5643, 11326, 101612, 4156, 2560, 2167, 1786, 3037, 5830]
Loop 854 [120550, 4713, 11773, 98323, 3710, 2386, 2773, 2130, 1755, 5536]
Loop 855 [123210, 4837, 12078, 100454, 3986, 1923, 1836, 2316, 2707, 5603]
Loop 856 [123377, 5282, 12052, 100214, 3616, 2324, 2102, 1812, 2884, 5623]
Loop 857 [682523, 4355, 566200, 106338, 3901, 2525, 2432, 2002, 2775, 5405]
Loop 858 [119421, 5082, 10680, 97957, 4724, 2924, 1949, 2606, 1943, 5465]
Loop 859 [113354, 5083, 11085, 91424, 4055, 2218, 1929, 2367, 2387, 5545]
Loop 860 [100191, 4088, 10336, 80169, 3414, 2472, 1970, 1967, 2262, 5405]
Loop 861 [119599, 4606, 11367, 96965, 3548, 2533, 2247, 1853, 2437, 6387]
Loop 862 [124056, 4107, 11496, 102955, 3877, 2860, 2305, 2304, 2420, 5296]
Loop 863 [117379, 5095, 10951, 95638, 3657, 2916, 1880, 1816, 2540, 5493]
Loop 864 [100791, 4017, 11746, 79252, 3264, 2830, 2149, 1976, 2323, 5556]
Loop 865 [127381, 5694, 13419, 101779, 5591, 2602, 2407, 2087, 2319, 6140]
Loop 866 [114041, 6202, 11815, 90395, 3706, 2661, 2132, 2188, 2381, 5416]
Loop 867 [124007, 4161, 10923, 103118, 3980, 2588, 1872, 2586, 1897, 5599]
Loop 868 [122413, 5099, 11003, 100657, 4168, 2338, 1973, 1967, 2490, 5432]
Loop 869 [117268, 4938, 11182, 95423, 3766, 2619, 2221, 2107, 2366, 5511]
Loop 870 [110219, 4133, 9390, 91308, 3281, 2194, 1920, 2465, 2460, 5168]
Loop 871 [125450, 3942, 9760, 106072, 4104, 2766, 1945, 2273, 2658, 5453]
Loop 872 [115486, 5175, 8865, 95917, 3608, 2808, 2427, 1882, 2366, 5308]
Loop 873 [122488, 4092, 9677, 103037, 3909, 1936, 2467, 1920, 2516, 5478]
Loop 874 [109445, 5378, 9281, 88192, 4293, 2375, 1908, 2197, 1827, 6382]
Loop 875 [103454, 4977, 9919, 82930, 4631, 2711, 1883, 2375, 2190, 5414]
Loop 876 [115006, 5197, 9430, 94824, 3749, 2551, 2031, 1825, 2531, 5320]
Loop 877 [107742, 4157, 9469, 88282, 3270, 2342, 2230, 2547, 1908, 5613]
Loop 878 [122894, 3903, 8901, 104726, 3741, 2630, 1954, 2511, 2502, 5136]
Loop 879 [115392, 5036, 8484, 96268, 3698, 2357, 1868, 1848, 2818, 5382]
Loop 880 [107858, 4123, 7865, 90318, 3338, 2390, 1981, 1900, 2508, 5334]
Loop 881 [110084, 7504, 9556, 87259, 3485, 2462, 2363, 1862, 2658, 5561]
Loop 882 [122470, 3994, 9606, 102953, 3954, 3005, 2033, 2568, 2628, 5697]
Loop 883 [116456, 5194, 9870, 95770, 4093, 2495, 1896, 2295, 2212, 5408]
Loop 884 [124631, 4266, 9761, 104813, 3648, 2762, 2438, 2008, 1952, 5573]
Loop 885 [116425, 5210, 9884, 95697, 3747, 2314, 1998, 2376, 2226, 5419]
Loop 886 [99013, 4074, 9784, 79769, 3189, 2321, 1831, 2095, 2096, 5168]
Loop 887 [122621, 3871, 10224, 102706, 3654, 2893, 1908, 2369, 2207, 5596]
Loop 888 [118080, 5173, 9708, 97584, 3607, 2514, 2169, 1844, 2662, 5394]
Loop 889 [119262, 4500, 9581, 99902, 3981, 2584, 2826, 1869, 2245, 5067]
Loop 890 [120045, 5176, 9610, 99583, 4279, 2402, 1854, 2476, 1840, 5458]
Loop 891 [122389, 5408, 9771, 101230, 3841, 2453, 2046, 1817, 2807, 5762]
Loop 892 [163649, 8762, 19911, 123596, 8448, 3965, 2973, 3201, 3216, 10748]
Loop 893 [136588, 4698, 8834, 117250, 5935, 4310, 3482, 3398, 3921, 5557]
Loop 894 [129765, 5506, 9366, 108515, 5208, 3582, 3300, 3027, 4183, 6166]
Loop 895 [121569, 5686, 9908, 100355, 4801, 4067, 3159, 3777, 3085, 5399]
Loop 896 [111726, 4355, 9435, 92038, 4687, 3701, 3166, 3175, 3851, 5660]
Loop 897 [98826, 3969, 8279, 80664, 4446, 3150, 2654, 2952, 3666, 5693]
Loop 898 [112791, 4011, 8980, 93531, 4809, 2996, 2628, 1987, 1887, 6052]
Loop 899 [125651, 4254, 9013, 105838, 4218, 2277, 2434, 2173, 2581, 6319]
Loop 900 [117049, 5521, 9365, 96414, 4568, 2440, 2665, 2080, 2560, 5528]
Loop 901 [128899, 4230, 8812, 109817, 4775, 2954, 2077, 2659, 2597, 5822]
Loop 902 [124100, 5536, 9179, 103412, 5103, 2915, 2172, 2325, 2750, 5750]
Loop 903 [116890, 5462, 9071, 96414, 4461, 2454, 2758, 1939, 2557, 5721]
Loop 904 [126508, 5743, 9871, 103802, 4559, 2728, 2856, 2672, 2882, 6779]
Loop 905 [110612, 5565, 10086, 88758, 5645, 2769, 2543, 2164, 2818, 5975]
Loop 906 [116386, 5114, 9080, 96481, 4773, 3285, 2627, 2345, 2821, 5477]
Loop 907 [98455, 4249, 8747, 79570, 3802, 2399, 2769, 2259, 2330, 5675]
Loop 908 [120456, 3889, 8429, 102015, 4872, 3122, 2610, 2729, 2298, 5907]
Loop 909 [111728, 5363, 9624, 89994, 5193, 2743, 2424, 2465, 2353, 6521]
Loop 910 [130126, 5771, 9473, 109197, 4143, 2539, 2277, 2178, 3050, 5444]
Loop 911 [100589, 4023, 9643, 81177, 4236, 2834, 2208, 2277, 2847, 5541]
Loop 912 [124409, 3990, 8315, 106120, 4712, 3523, 2772, 2077, 2828, 5784]
Loop 913 [139263, 5278, 8919, 118110, 4995, 3045, 2908, 2397, 2311, 6722]
Loop 914 [118809, 5050, 9544, 98706, 5195, 2367, 2184, 2947, 6778, 5291]
Loop 915 [119615, 5291, 9547, 98834, 5111, 2899, 2572, 2544, 2843, 5708]
Loop 916 [110620, 5024, 8873, 90778, 5009, 2862, 2119, 2483, 2849, 5706]
Loop 917 [105081, 4983, 9059, 85224, 4882, 2896, 2306, 2127, 2479, 5587]
Loop 918 [116167, 5407, 9316, 95413, 4041, 2387, 2419, 2236, 2582, 5819]
Loop 919 [99392, 4317, 8831, 80097, 3858, 3148, 1980, 2383, 2213, 5929]
Loop 920 [122684, 4059, 9375, 103163, 4682, 2962, 2221, 2352, 2717, 5857]
Loop 921 [780137, 10939, 614926, 144177, 6660, 3810, 3266, 3317, 4109, 9843]
Loop 922 [123203, 5976, 9000, 102493, 5759, 3723, 3431, 3368, 3265, 5515]
Loop 923 [111140, 5200, 9462, 90692, 5658, 3406, 3583, 3540, 3068, 5569]
Loop 924 [120250, 5259, 9689, 99413, 4589, 3596, 3125, 3552, 3527, 5680]
Loop 925 [102367, 4589, 8415, 82934, 4362, 3108, 3312, 3453, 2946, 6214]
Loop 926 [117003, 4088, 9329, 98038, 4323, 3440, 3067, 3188, 3672, 5330]
Loop 927 [99598, 4264, 8661, 80550, 3935, 2814, 2271, 2116, 2201, 5903]
Loop 928 [125800, 3993, 9375, 105669, 4569, 2279, 2816, 2227, 2718, 6552]
Loop 929 [118036, 5514, 9859, 96816, 4559, 2461, 2178, 2301, 2999, 5634]
Loop 930 [112296, 4303, 8995, 92904, 3881, 2708, 2325, 2174, 2483, 5870]
Loop 931 [110081, 4136, 9414, 90590, 3693, 2326, 2580, 2222, 2310, 5729]
Loop 932 [121632, 4210, 9060, 102565, 5167, 2462, 2143, 2327, 2973, 5573]
Loop 933 [116476, 5570, 9227, 95988, 4460, 2264, 2736, 2560, 2896, 5473]
Loop 934 [122468, 4365, 8898, 103448, 4854, 2744, 1945, 2611, 2863, 5537]
Loop 935 [123614, 5746, 11984, 100076, 4572, 2998, 1958, 1978, 2728, 5578]
Loop 936 [121708, 5021, 9986, 100263, 4880, 2252, 2647, 2055, 2411, 6217]
Loop 937 [125884, 5397, 9474, 100586, 4528, 3135, 2210, 2422, 2453, 10219]
Loop 938 [120838, 5315, 9492, 99981, 5083, 2425, 2686, 2587, 2913, 5841]
Loop 939 [119287, 4996, 9415, 98990, 4714, 2705, 2368, 2408, 2738, 5678]
Loop 940 [112892, 4993, 10322, 91727, 4574, 2348, 2524, 2235, 2364, 5628]
Loop 941 [99091, 4274, 9632, 79116, 3702, 2400, 2009, 2365, 1988, 5849]
Loop 942 [115835, 4030, 8881, 96781, 4480, 2964, 2259, 3465, 2427, 5910]
Loop 943 [117184, 5451, 10146, 95623, 4305, 2403, 2174, 2524, 2297, 5732]
Loop 944 [124564, 5351, 9849, 102594, 4512, 2731, 2402, 3092, 2759, 6488]
Loop 945 [119660, 5482, 10090, 98425, 4879, 2456, 2046, 1954, 3030, 5432]
Loop 946 [116054, 5563, 10307, 94160, 4649, 2878, 2509, 2322, 2004, 5812]
Loop 947 [106013, 5254, 9855, 84896, 4863, 2243, 2417, 2911, 2340, 5796]
Loop 948 [119387, 5189, 9709, 98523, 4752, 2655, 2669, 2192, 2669, 5747]
Loop 949 [121694, 5124, 9236, 100180, 4528, 2901, 2454, 2128, 2252, 6943]
Loop 950 [118051, 5185, 9322, 97807, 4159, 2647, 1976, 2062, 2752, 5503]
Loop 951 [125555, 4306, 9348, 105709, 4619, 3104, 2505, 2399, 2363, 5978]
Loop 952 [118887, 5154, 9908, 97911, 4090, 2557, 2270, 2298, 2542, 5690]
Loop 953 [99415, 4563, 8769, 80245, 3558, 2348, 1958, 2072, 2322, 5634]
Loop 954 [104248, 3962, 9398, 85119, 3584, 2499, 2057, 2110, 2999, 5551]
Loop 955 [97734, 3934, 8862, 79145, 3932, 2307, 2349, 2181, 2117, 5577]
Loop 956 [106679, 3966, 8478, 88239, 3732, 2756, 2472, 2335, 1883, 5783]
Loop 957 [114875, 4073, 8421, 96650, 4300, 2938, 2219, 3061, 2554, 5518]
Loop 958 [118642, 5103, 9502, 98074, 4644, 2486, 2188, 1985, 2928, 5766]
Loop 959 [124287, 9806, 10401, 97201, 4174, 2119, 2959, 2164, 2648, 6207]
Loop 960 [118354, 4447, 8936, 98882, 3493, 2342, 2350, 1874, 2660, 5844]
Loop 961 [108330, 4111, 9272, 89126, 4029, 2339, 2147, 2228, 2518, 5594]
Loop 962 [121085, 4403, 9015, 101546, 4941, 2369, 2862, 2652, 2772, 5853]
Loop 963 [123382, 5463, 10492, 101664, 4516, 2650, 2126, 2290, 3084, 5532]
Loop 964 [127284, 5779, 9776, 104863, 4230, 2179, 2523, 2082, 2002, 6663]
Loop 965 [130553, 4769, 8843, 110221, 4303, 2725, 2363, 2378, 2401, 6523]
Loop 966 [110540, 5638, 9922, 89002, 5392, 2368, 2491, 2682, 2544, 5762]
Loop 967 [121262, 5129, 9765, 100561, 4058, 2943, 1897, 2479, 2828, 5568]
Loop 968 [127596, 4271, 9059, 108493, 4375, 2759, 2109, 2419, 2953, 5555]
Loop 969 [123427, 5407, 9217, 102583, 4589, 2981, 2303, 1833, 2748, 6005]
Loop 970 [122003, 5414, 9557, 101058, 4852, 2248, 2389, 2328, 2575, 5734]
Loop 971 [121372, 5196, 9761, 100424, 5316, 2279, 2013, 3109, 2169, 5764]
Loop 972 [122379, 4975, 10174, 101286, 4520, 2622, 2026, 1960, 2791, 5699]
Loop 973 [118302, 5210, 10102, 97078, 4169, 2788, 2368, 1992, 2287, 5686]
Loop 974 [122152, 4723, 9252, 101968, 4397, 2318, 2120, 2177, 1936, 6000]
Loop 975 [121070, 5403, 9638, 100157, 4406, 2226, 1988, 2300, 2201, 5654]
Loop 976 [109850, 4233, 8714, 91219, 3567, 2577, 2117, 2627, 2750, 5433]
Loop 977 [123349, 4027, 9040, 103917, 4544, 2585, 2060, 2251, 2449, 6141]
Loop 978 [109116, 5117, 10000, 88415, 4541, 2833, 2125, 2162, 2720, 5347]
Loop 979 [121553, 5396, 9955, 100188, 4370, 2245, 2535, 2083, 2230, 5798]
Loop 980 [118077, 5161, 9814, 96893, 3905, 2533, 2024, 2625, 2677, 5856]
Loop 981 [123301, 4512, 8534, 103986, 4714, 2916, 2128, 2719, 2767, 6044]
Loop 982 [118700, 5990, 9929, 96448, 3967, 3157, 2051, 2053, 2548, 6102]
Loop 983 [124922, 4455, 9098, 105338, 4314, 2644, 2610, 2198, 2490, 5799]
Loop 984 [120325, 6060, 10684, 96629, 4406, 2324, 2466, 1875, 2553, 6635]
Loop 985 [125187, 4182, 8784, 104414, 3934, 2805, 2524, 2357, 2604, 7585]
Loop 986 [119344, 5074, 12995, 95285, 4257, 2251, 2065, 2336, 2195, 5751]
Loop 987 [139837, 4237, 9558, 120227, 4407, 3437, 2256, 2137, 2849, 5577]
Loop 988 [131310, 5125, 10406, 109450, 4483, 2451, 3119, 2052, 2433, 6098]
Loop 989 [109394, 7940, 8801, 86633, 4622, 2353, 2075, 2389, 2010, 5779]
Loop 990 [125193, 5121, 9929, 104519, 3999, 2732, 1906, 2653, 3044, 5412]
Loop 991 [132584, 4335, 8929, 113256, 4510, 2704, 2465, 1981, 2684, 5840]
Loop 992 [109189, 5222, 10418, 87383, 4660, 2283, 2411, 2196, 2107, 5934]
Loop 993 [109774, 5132, 10147, 88485, 4742, 2577, 1984, 2493, 2441, 5784]
Loop 994 [117847, 5114, 9252, 97359, 4036, 2418, 2195, 2183, 2156, 5890]
Loop 995 [103743, 4260, 9259, 79667, 3577, 1932, 2327, 2793, 2378, 10336]
Loop 996 [122413, 3964, 9237, 103306, 4393, 2469, 1918, 2825, 3033, 5692]
Loop 997 [110316, 5346, 9594, 88968, 4155, 2403, 2532, 2028, 1844, 6181]
Loop 998 [116216, 5033, 10092, 95385, 4256, 2353, 1950, 2422, 2546, 5466]
Loop 999 [120706, 4953, 9821, 99959, 4489, 2530, 2090, 2398, 2417, 5732]
replicas primary file /tmp262144microec.dat capacity 65536
replicas slave file /tmp262144microec.datLQL0 capacity 65536
replicas slave file /tmp262144microec.datLQL1 capacity 65536
replicas slave file /tmp262144microec.datLQL2 capacity 65536
replicas slave file /tmp262144microec.datLQL3 capacity 65536
replicas slave file /tmp262144microec.datLQL4 capacity 65536
