write, filename /tmp262144rep1.dat, size 262144, loop 1000, storageClass 0, locationClass 0
starting benchmark...
ops 1000
final loop (us) 49.375
Loop 0 (us) 50.856
Loop 1 (us) 50.053
Loop 2 (us) 50.354
Loop 3 (us) 49.882
Loop 4 (us) 50.141
Loop 5 (us) 50.299
Loop 6 (us) 49.754
Loop 7 (us) 50.974
Loop 8 (us) 50.558
Loop 9 (us) 51.051
Loop 10 (us) 51.194
Loop 11 (us) 49.525
Loop 12 (us) 49.388
Loop 13 (us) 50.386
Loop 14 (us) 49.929
Loop 15 (us) 50.111
Loop 16 (us) 49.84
Loop 17 (us) 50.166
Loop 18 (us) 49.8
Loop 19 (us) 49.801
Loop 20 (us) 50.396
Loop 21 (us) 50.013
Loop 22 (us) 50.961
Loop 23 (us) 50.79
Loop 24 (us) 50.188
Loop 25 (us) 50.15
Loop 26 (us) 50.56
Loop 27 (us) 50.276
Loop 28 (us) 58.629
Loop 29 (us) 60.701
Loop 30 (us) 55.542
Loop 31 (us) 50.97
Loop 32 (us) 50.315
Loop 33 (us) 49.999
Loop 34 (us) 50.141
Loop 35 (us) 49.956
Loop 36 (us) 50.14
Loop 37 (us) 49.914
Loop 38 (us) 50.427
Loop 39 (us) 49.754
Loop 40 (us) 49.538
Loop 41 (us) 49.949
Loop 42 (us) 49.893
Loop 43 (us) 49.867
Loop 44 (us) 49.891
Loop 45 (us) 49.977
Loop 46 (us) 50.225
Loop 47 (us) 50.113
Loop 48 (us) 50.26
Loop 49 (us) 49.659
Loop 50 (us) 50.159
Loop 51 (us) 49.809
Loop 52 (us) 49.9
Loop 53 (us) 49.755
Loop 54 (us) 51.148
Loop 55 (us) 50.137
Loop 56 (us) 49.994
Loop 57 (us) 49.849
Loop 58 (us) 61.045
Loop 59 (us) 50.396
Loop 60 (us) 50.734
Loop 61 (us) 50.383
Loop 62 (us) 50.095
Loop 63 (us) 50.024
Loop 64 (us) 50.382
Loop 65 (us) 50.29
Loop 66 (us) 61.954
Loop 67 (us) 58.398
Loop 68 (us) 56.45
Loop 69 (us) 50.972
Loop 70 (us) 50.402
Loop 71 (us) 50.128
Loop 72 (us) 50.151
Loop 73 (us) 62.092
Loop 74 (us) 51.212
Loop 75 (us) 50.57
Loop 76 (us) 50.581
Loop 77 (us) 50.343
Loop 78 (us) 59.991
Loop 79 (us) 50.941
Loop 80 (us) 50.524
Loop 81 (us) 50.237
Loop 82 (us) 50.14
Loop 83 (us) 49.621
Loop 84 (us) 50.698
Loop 85 (us) 50.625
Loop 86 (us) 51.451
Loop 87 (us) 50.456
Loop 88 (us) 50.461
Loop 89 (us) 59.176
Loop 90 (us) 96.046
Loop 91 (us) 80.969
Loop 92 (us) 51.238
Loop 93 (us) 50.477
Loop 94 (us) 50.635
Loop 95 (us) 50.394
Loop 96 (us) 50.084
Loop 97 (us) 49.958
Loop 98 (us) 50.224
Loop 99 (us) 49.716
Loop 100 (us) 50.321
Loop 101 (us) 49.956
Loop 102 (us) 50.224
Loop 103 (us) 50.782
Loop 104 (us) 50.241
Loop 105 (us) 50.106
Loop 106 (us) 49.951
Loop 107 (us) 49.849
Loop 108 (us) 50.017
Loop 109 (us) 49.911
Loop 110 (us) 49.849
Loop 111 (us) 49.802
Loop 112 (us) 51.185
Loop 113 (us) 49.697
Loop 114 (us) 50.08
Loop 115 (us) 50.048
Loop 116 (us) 50.089
Loop 117 (us) 49.94
Loop 118 (us) 49.966
Loop 119 (us) 49.889
Loop 120 (us) 49.687
Loop 121 (us) 53.545
Loop 122 (us) 50.31
Loop 123 (us) 50.155
Loop 124 (us) 50.166
Loop 125 (us) 49.781
Loop 126 (us) 49.986
Loop 127 (us) 50.179
Loop 128 (us) 49.505
Loop 129 (us) 50.04
Loop 130 (us) 49.683
Loop 131 (us) 50.048
Loop 132 (us) 49.991
Loop 133 (us) 50.091
Loop 134 (us) 50.24
Loop 135 (us) 50.011
Loop 136 (us) 50.343
Loop 137 (us) 49.733
Loop 138 (us) 50.025
Loop 139 (us) 50.207
Loop 140 (us) 50.379
Loop 141 (us) 51.064
Loop 142 (us) 50.199
Loop 143 (us) 50.077
Loop 144 (us) 49.938
Loop 145 (us) 50.253
Loop 146 (us) 49.762
Loop 147 (us) 49.701
Loop 148 (us) 50.099
Loop 149 (us) 49.817
Loop 150 (us) 61.16
Loop 151 (us) 49.538
Loop 152 (us) 50.043
Loop 153 (us) 49.998
Loop 154 (us) 49.894
Loop 155 (us) 49.459
Loop 156 (us) 49.576
Loop 157 (us) 49.74
Loop 158 (us) 49.681
Loop 159 (us) 49.696
Loop 160 (us) 49.592
Loop 161 (us) 50.023
Loop 162 (us) 50.249
Loop 163 (us) 49.898
Loop 164 (us) 50.243
Loop 165 (us) 50.171
Loop 166 (us) 49.656
Loop 167 (us) 49.881
Loop 168 (us) 49.78
Loop 169 (us) 50.167
Loop 170 (us) 49.659
Loop 171 (us) 49.341
Loop 172 (us) 49.62
Loop 173 (us) 49.532
Loop 174 (us) 49.683
Loop 175 (us) 49.831
Loop 176 (us) 49.56
Loop 177 (us) 49.818
Loop 178 (us) 49.602
Loop 179 (us) 49.773
Loop 180 (us) 49.843
Loop 181 (us) 49.807
Loop 182 (us) 49.878
Loop 183 (us) 49.552
Loop 184 (us) 49.547
Loop 185 (us) 49.796
Loop 186 (us) 49.816
Loop 187 (us) 49.956
Loop 188 (us) 49.664
Loop 189 (us) 49.798
Loop 190 (us) 49.696
Loop 191 (us) 49.64
Loop 192 (us) 49.63
Loop 193 (us) 49.573
Loop 194 (us) 49.688
Loop 195 (us) 49.802
Loop 196 (us) 49.97
Loop 197 (us) 49.796
Loop 198 (us) 49.606
Loop 199 (us) 50.016
Loop 200 (us) 49.733
Loop 201 (us) 49.843
Loop 202 (us) 50.299
Loop 203 (us) 49.644
Loop 204 (us) 49.67
Loop 205 (us) 49.322
Loop 206 (us) 49.337
Loop 207 (us) 49.736
Loop 208 (us) 49.501
Loop 209 (us) 50.213
Loop 210 (us) 49.603
Loop 211 (us) 49.708
Loop 212 (us) 49.821
Loop 213 (us) 49.439
Loop 214 (us) 49.913
Loop 215 (us) 49.687
Loop 216 (us) 50.325
Loop 217 (us) 49.948
Loop 218 (us) 49.417
Loop 219 (us) 49.712
Loop 220 (us) 49.736
Loop 221 (us) 50.319
Loop 222 (us) 49.931
Loop 223 (us) 49.962
Loop 224 (us) 49.754
Loop 225 (us) 49.874
Loop 226 (us) 49.902
Loop 227 (us) 49.685
Loop 228 (us) 50.064
Loop 229 (us) 49.732
Loop 230 (us) 49.47
Loop 231 (us) 49.866
Loop 232 (us) 49.449
Loop 233 (us) 49.741
Loop 234 (us) 50.158
Loop 235 (us) 49.352
Loop 236 (us) 50.036
Loop 237 (us) 49.684
Loop 238 (us) 49.571
Loop 239 (us) 49.836
Loop 240 (us) 49.456
Loop 241 (us) 50.349
Loop 242 (us) 50.082
Loop 243 (us) 49.806
Loop 244 (us) 49.357
Loop 245 (us) 49.652
Loop 246 (us) 51.116
Loop 247 (us) 49.671
Loop 248 (us) 49.773
Loop 249 (us) 49.952
Loop 250 (us) 50.211
Loop 251 (us) 49.843
Loop 252 (us) 49.948
Loop 253 (us) 49.794
Loop 254 (us) 49.47
Loop 255 (us) 49.911
Loop 256 (us) 49.463
Loop 257 (us) 49.956
Loop 258 (us) 50.578
Loop 259 (us) 49.776
Loop 260 (us) 49.95
Loop 261 (us) 49.892
Loop 262 (us) 50.282
Loop 263 (us) 49.686
Loop 264 (us) 50.121
Loop 265 (us) 49.987
Loop 266 (us) 49.879
Loop 267 (us) 51.259
Loop 268 (us) 50.036
Loop 269 (us) 51.009
Loop 270 (us) 50.279
Loop 271 (us) 49.778
Loop 272 (us) 50.225
Loop 273 (us) 50.123
Loop 274 (us) 49.856
Loop 275 (us) 50.526
Loop 276 (us) 49.924
Loop 277 (us) 50.027
Loop 278 (us) 51.127
Loop 279 (us) 49.96
Loop 280 (us) 52.791
Loop 281 (us) 50.217
Loop 282 (us) 50.332
Loop 283 (us) 50.701
Loop 284 (us) 49.684
Loop 285 (us) 49.822
Loop 286 (us) 49.525
Loop 287 (us) 50.03
Loop 288 (us) 49.94
Loop 289 (us) 49.626
Loop 290 (us) 50.155
Loop 291 (us) 49.98
Loop 292 (us) 49.997
Loop 293 (us) 49.378
Loop 294 (us) 49.946
Loop 295 (us) 49.823
Loop 296 (us) 49.518
Loop 297 (us) 49.955
Loop 298 (us) 49.693
Loop 299 (us) 49.903
Loop 300 (us) 49.773
Loop 301 (us) 49.622
Loop 302 (us) 49.702
Loop 303 (us) 49.775
Loop 304 (us) 49.57
Loop 305 (us) 49.838
Loop 306 (us) 49.359
Loop 307 (us) 49.623
Loop 308 (us) 49.242
Loop 309 (us) 49.794
Loop 310 (us) 49.919
Loop 311 (us) 49.853
Loop 312 (us) 49.961
Loop 313 (us) 49.925
Loop 314 (us) 49.834
Loop 315 (us) 49.874
Loop 316 (us) 49.709
Loop 317 (us) 49.813
Loop 318 (us) 49.546
Loop 319 (us) 49.956
Loop 320 (us) 49.721
Loop 321 (us) 49.746
Loop 322 (us) 49.704
Loop 323 (us) 49.745
Loop 324 (us) 50.093
Loop 325 (us) 49.475
Loop 326 (us) 49.772
Loop 327 (us) 49.97
Loop 328 (us) 49.708
Loop 329 (us) 49.92
Loop 330 (us) 49.326
Loop 331 (us) 49.414
Loop 332 (us) 49.904
Loop 333 (us) 49.639
Loop 334 (us) 49.862
Loop 335 (us) 49.532
Loop 336 (us) 49.569
Loop 337 (us) 49.764
Loop 338 (us) 49.535
Loop 339 (us) 49.608
Loop 340 (us) 50.063
Loop 341 (us) 50.219
Loop 342 (us) 60.99
Loop 343 (us) 50.673
Loop 344 (us) 50.041
Loop 345 (us) 49.932
Loop 346 (us) 49.419
Loop 347 (us) 49.702
Loop 348 (us) 49.962
Loop 349 (us) 49.551
Loop 350 (us) 49.994
Loop 351 (us) 49.512
Loop 352 (us) 49.818
Loop 353 (us) 49.821
Loop 354 (us) 49.938
Loop 355 (us) 49.699
Loop 356 (us) 49.718
Loop 357 (us) 49.644
Loop 358 (us) 49.878
Loop 359 (us) 49.394
Loop 360 (us) 49.707
Loop 361 (us) 49.939
Loop 362 (us) 49.868
Loop 363 (us) 49.99
Loop 364 (us) 49.388
Loop 365 (us) 49.492
Loop 366 (us) 49.271
Loop 367 (us) 50.065
Loop 368 (us) 49.921
Loop 369 (us) 49.385
Loop 370 (us) 49.915
Loop 371 (us) 51.247
Loop 372 (us) 49.824
Loop 373 (us) 48.799
Loop 374 (us) 76.395
Loop 375 (us) 69.023
Loop 376 (us) 50.046
Loop 377 (us) 49.671
Loop 378 (us) 49.787
Loop 379 (us) 49.326
Loop 380 (us) 49.986
Loop 381 (us) 49.581
Loop 382 (us) 49.328
Loop 383 (us) 49.772
Loop 384 (us) 49.471
Loop 385 (us) 49.911
Loop 386 (us) 49.324
Loop 387 (us) 49.217
Loop 388 (us) 49.777
Loop 389 (us) 49.371
Loop 390 (us) 49.852
Loop 391 (us) 49.789
Loop 392 (us) 49.47
Loop 393 (us) 49.51
Loop 394 (us) 49.305
Loop 395 (us) 49.403
Loop 396 (us) 49.749
Loop 397 (us) 49.151
Loop 398 (us) 49.446
Loop 399 (us) 49.869
Loop 400 (us) 49.982
Loop 401 (us) 49.395
Loop 402 (us) 49.344
Loop 403 (us) 49.503
Loop 404 (us) 49.436
Loop 405 (us) 49.512
Loop 406 (us) 49.645
Loop 407 (us) 50.111
Loop 408 (us) 50.684
Loop 409 (us) 49.989
Loop 410 (us) 49.517
Loop 411 (us) 49.646
Loop 412 (us) 50.257
Loop 413 (us) 49.825
Loop 414 (us) 49.663
Loop 415 (us) 49.35
Loop 416 (us) 50.432
Loop 417 (us) 49.508
Loop 418 (us) 49.391
Loop 419 (us) 49.338
Loop 420 (us) 49.96
Loop 421 (us) 50.397
Loop 422 (us) 50.002
Loop 423 (us) 50.325
Loop 424 (us) 49.104
Loop 425 (us) 49.62
Loop 426 (us) 49.82
Loop 427 (us) 49.541
Loop 428 (us) 49.778
Loop 429 (us) 49.202
Loop 430 (us) 49.326
Loop 431 (us) 49.346
Loop 432 (us) 49.126
Loop 433 (us) 49.322
Loop 434 (us) 49.723
Loop 435 (us) 49.047
Loop 436 (us) 49.634
Loop 437 (us) 49.529
Loop 438 (us) 49.392
Loop 439 (us) 49.838
Loop 440 (us) 50.558
Loop 441 (us) 49.707
Loop 442 (us) 49.885
Loop 443 (us) 50.598
Loop 444 (us) 49.548
Loop 445 (us) 49.404
Loop 446 (us) 49.568
Loop 447 (us) 50.232
Loop 448 (us) 49.305
Loop 449 (us) 50.851
Loop 450 (us) 49.131
Loop 451 (us) 49.572
Loop 452 (us) 49.734
Loop 453 (us) 50.0
Loop 454 (us) 49.785
Loop 455 (us) 49.616
Loop 456 (us) 50.048
Loop 457 (us) 49.222
Loop 458 (us) 49.73
Loop 459 (us) 49.913
Loop 460 (us) 49.869
Loop 461 (us) 59.216
Loop 462 (us) 55.857
Loop 463 (us) 49.994
Loop 464 (us) 49.591
Loop 465 (us) 49.607
Loop 466 (us) 49.673
Loop 467 (us) 49.311
Loop 468 (us) 49.801
Loop 469 (us) 49.677
Loop 470 (us) 49.419
Loop 471 (us) 49.414
Loop 472 (us) 49.561
Loop 473 (us) 49.207
Loop 474 (us) 49.624
Loop 475 (us) 48.965
Loop 476 (us) 49.305
Loop 477 (us) 49.689
Loop 478 (us) 49.005
Loop 479 (us) 49.973
Loop 480 (us) 50.099
Loop 481 (us) 49.889
Loop 482 (us) 49.596
Loop 483 (us) 48.925
Loop 484 (us) 49.658
Loop 485 (us) 49.59
Loop 486 (us) 49.31
Loop 487 (us) 49.474
Loop 488 (us) 49.645
Loop 489 (us) 49.539
Loop 490 (us) 49.454
Loop 491 (us) 50.494
Loop 492 (us) 50.04
Loop 493 (us) 49.59
Loop 494 (us) 49.131
Loop 495 (us) 49.344
Loop 496 (us) 49.297
Loop 497 (us) 49.374
Loop 498 (us) 49.452
Loop 499 (us) 49.327
Loop 500 (us) 49.638
Loop 501 (us) 49.66
Loop 502 (us) 49.834
Loop 503 (us) 49.619
Loop 504 (us) 49.565
Loop 505 (us) 49.189
Loop 506 (us) 49.49
Loop 507 (us) 49.344
Loop 508 (us) 49.025
Loop 509 (us) 49.295
Loop 510 (us) 49.222
Loop 511 (us) 49.725
Loop 512 (us) 49.552
Loop 513 (us) 49.185
Loop 514 (us) 49.503
Loop 515 (us) 49.578
Loop 516 (us) 49.417
Loop 517 (us) 49.377
Loop 518 (us) 49.53
Loop 519 (us) 49.428
Loop 520 (us) 49.789
Loop 521 (us) 49.725
Loop 522 (us) 50.232
Loop 523 (us) 49.419
Loop 524 (us) 49.173
Loop 525 (us) 49.564
Loop 526 (us) 49.333
Loop 527 (us) 49.144
Loop 528 (us) 49.696
Loop 529 (us) 49.506
Loop 530 (us) 49.557
Loop 531 (us) 49.541
Loop 532 (us) 49.404
Loop 533 (us) 49.605
Loop 534 (us) 49.463
Loop 535 (us) 51.777
Loop 536 (us) 49.33
Loop 537 (us) 49.197
Loop 538 (us) 49.384
Loop 539 (us) 49.255
Loop 540 (us) 50.073
Loop 541 (us) 49.973
Loop 542 (us) 49.763
Loop 543 (us) 49.684
Loop 544 (us) 49.439
Loop 545 (us) 49.745
Loop 546 (us) 49.597
Loop 547 (us) 49.623
Loop 548 (us) 49.333
Loop 549 (us) 49.379
Loop 550 (us) 49.497
Loop 551 (us) 49.521
Loop 552 (us) 49.18
Loop 553 (us) 49.86
Loop 554 (us) 49.884
Loop 555 (us) 49.364
Loop 556 (us) 49.647
Loop 557 (us) 49.488
Loop 558 (us) 49.628
Loop 559 (us) 49.454
Loop 560 (us) 49.807
Loop 561 (us) 49.753
Loop 562 (us) 49.736
Loop 563 (us) 49.832
Loop 564 (us) 49.635
Loop 565 (us) 49.145
Loop 566 (us) 48.984
Loop 567 (us) 49.335
Loop 568 (us) 49.473
Loop 569 (us) 49.487
Loop 570 (us) 49.504
Loop 571 (us) 49.28
Loop 572 (us) 49.541
Loop 573 (us) 49.747
Loop 574 (us) 49.419
Loop 575 (us) 49.707
Loop 576 (us) 49.309
Loop 577 (us) 49.113
Loop 578 (us) 49.278
Loop 579 (us) 49.688
Loop 580 (us) 49.898
Loop 581 (us) 49.609
Loop 582 (us) 49.3
Loop 583 (us) 49.73
Loop 584 (us) 49.308
Loop 585 (us) 49.271
Loop 586 (us) 49.237
Loop 587 (us) 49.157
Loop 588 (us) 49.226
Loop 589 (us) 49.195
Loop 590 (us) 49.329
Loop 591 (us) 49.138
Loop 592 (us) 49.115
Loop 593 (us) 49.289
Loop 594 (us) 49.085
Loop 595 (us) 49.439
Loop 596 (us) 49.124
Loop 597 (us) 49.397
Loop 598 (us) 49.397
Loop 599 (us) 49.47
Loop 600 (us) 49.493
Loop 601 (us) 49.578
Loop 602 (us) 49.258
Loop 603 (us) 49.409
Loop 604 (us) 49.301
Loop 605 (us) 49.312
Loop 606 (us) 49.248
Loop 607 (us) 49.508
Loop 608 (us) 49.38
Loop 609 (us) 49.358
Loop 610 (us) 49.521
Loop 611 (us) 48.994
Loop 612 (us) 49.417
Loop 613 (us) 49.357
Loop 614 (us) 49.265
Loop 615 (us) 49.588
Loop 616 (us) 49.467
Loop 617 (us) 49.564
Loop 618 (us) 49.499
Loop 619 (us) 49.156
Loop 620 (us) 49.708
Loop 621 (us) 49.536
Loop 622 (us) 49.417
Loop 623 (us) 49.417
Loop 624 (us) 49.64
Loop 625 (us) 49.078
Loop 626 (us) 49.739
Loop 627 (us) 48.845
Loop 628 (us) 49.29
Loop 629 (us) 49.499
Loop 630 (us) 49.021
Loop 631 (us) 49.106
Loop 632 (us) 49.39
Loop 633 (us) 49.101
Loop 634 (us) 49.392
Loop 635 (us) 49.341
Loop 636 (us) 48.932
Loop 637 (us) 49.183
Loop 638 (us) 49.48
Loop 639 (us) 49.275
Loop 640 (us) 52.727
Loop 641 (us) 49.488
Loop 642 (us) 49.36
Loop 643 (us) 49.67
Loop 644 (us) 49.205
Loop 645 (us) 49.47
Loop 646 (us) 49.005
Loop 647 (us) 49.398
Loop 648 (us) 49.373
Loop 649 (us) 49.145
Loop 650 (us) 49.417
Loop 651 (us) 49.227
Loop 652 (us) 49.062
Loop 653 (us) 50.064
Loop 654 (us) 49.486
Loop 655 (us) 49.396
Loop 656 (us) 49.361
Loop 657 (us) 50.064
Loop 658 (us) 49.931
Loop 659 (us) 49.342
Loop 660 (us) 49.463
Loop 661 (us) 49.674
Loop 662 (us) 49.546
Loop 663 (us) 49.171
Loop 664 (us) 49.279
Loop 665 (us) 49.472
Loop 666 (us) 49.233
Loop 667 (us) 49.311
Loop 668 (us) 49.363
Loop 669 (us) 49.523
Loop 670 (us) 49.508
Loop 671 (us) 49.273
Loop 672 (us) 49.139
Loop 673 (us) 49.448
Loop 674 (us) 49.248
Loop 675 (us) 49.315
Loop 676 (us) 49.397
Loop 677 (us) 49.606
Loop 678 (us) 49.541
Loop 679 (us) 49.37
Loop 680 (us) 49.748
Loop 681 (us) 49.966
Loop 682 (us) 49.203
Loop 683 (us) 49.377
Loop 684 (us) 49.359
Loop 685 (us) 48.96
Loop 686 (us) 49.386
Loop 687 (us) 49.672
Loop 688 (us) 48.985
Loop 689 (us) 48.942
Loop 690 (us) 49.47
Loop 691 (us) 49.034
Loop 692 (us) 49.124
Loop 693 (us) 49.359
Loop 694 (us) 49.153
Loop 695 (us) 49.326
Loop 696 (us) 49.154
Loop 697 (us) 49.228
Loop 698 (us) 49.455
Loop 699 (us) 49.371
Loop 700 (us) 49.228
Loop 701 (us) 49.503
Loop 702 (us) 49.603
Loop 703 (us) 49.395
Loop 704 (us) 49.225
Loop 705 (us) 49.659
Loop 706 (us) 49.122
Loop 707 (us) 49.505
Loop 708 (us) 49.433
Loop 709 (us) 49.206
Loop 710 (us) 49.607
Loop 711 (us) 49.27
Loop 712 (us) 48.959
Loop 713 (us) 49.574
Loop 714 (us) 49.239
Loop 715 (us) 49.145
Loop 716 (us) 49.293
Loop 717 (us) 49.034
Loop 718 (us) 49.04
Loop 719 (us) 49.434
Loop 720 (us) 49.74
Loop 721 (us) 49.876
Loop 722 (us) 49.889
Loop 723 (us) 49.459
Loop 724 (us) 49.446
Loop 725 (us) 49.229
Loop 726 (us) 49.262
Loop 727 (us) 49.456
Loop 728 (us) 49.743
Loop 729 (us) 49.464
Loop 730 (us) 49.393
Loop 731 (us) 49.03
Loop 732 (us) 49.136
Loop 733 (us) 49.667
Loop 734 (us) 49.257
Loop 735 (us) 49.781
Loop 736 (us) 49.743
Loop 737 (us) 49.114
Loop 738 (us) 49.291
Loop 739 (us) 49.269
Loop 740 (us) 49.419
Loop 741 (us) 49.607
Loop 742 (us) 49.199
Loop 743 (us) 49.712
Loop 744 (us) 49.528
Loop 745 (us) 49.257
Loop 746 (us) 48.985
Loop 747 (us) 49.418
Loop 748 (us) 49.289
Loop 749 (us) 49.361
Loop 750 (us) 49.432
Loop 751 (us) 49.091
Loop 752 (us) 49.352
Loop 753 (us) 49.418
Loop 754 (us) 49.046
Loop 755 (us) 49.439
Loop 756 (us) 49.217
Loop 757 (us) 49.521
Loop 758 (us) 49.229
Loop 759 (us) 49.403
Loop 760 (us) 48.86
Loop 761 (us) 49.748
Loop 762 (us) 49.214
Loop 763 (us) 49.207
Loop 764 (us) 49.379
Loop 765 (us) 49.027
Loop 766 (us) 49.003
Loop 767 (us) 49.524
Loop 768 (us) 49.131
Loop 769 (us) 49.151
Loop 770 (us) 49.085
Loop 771 (us) 49.349
Loop 772 (us) 49.058
Loop 773 (us) 49.197
Loop 774 (us) 49.634
Loop 775 (us) 49.056
Loop 776 (us) 49.166
Loop 777 (us) 49.209
Loop 778 (us) 49.042
Loop 779 (us) 49.302
Loop 780 (us) 51.813
Loop 781 (us) 49.413
Loop 782 (us) 49.114
Loop 783 (us) 49.446
Loop 784 (us) 49.647
Loop 785 (us) 49.412
Loop 786 (us) 49.39
Loop 787 (us) 49.36
Loop 788 (us) 49.118
Loop 789 (us) 49.079
Loop 790 (us) 49.446
Loop 791 (us) 49.206
Loop 792 (us) 48.88
Loop 793 (us) 49.463
Loop 794 (us) 48.8
Loop 795 (us) 60.654
Loop 796 (us) 49.337
Loop 797 (us) 50.237
Loop 798 (us) 50.933
Loop 799 (us) 49.622
Loop 800 (us) 49.47
Loop 801 (us) 49.572
Loop 802 (us) 49.86
Loop 803 (us) 49.168
Loop 804 (us) 49.175
Loop 805 (us) 49.16
Loop 806 (us) 49.292
Loop 807 (us) 49.18
Loop 808 (us) 49.313
Loop 809 (us) 49.292
Loop 810 (us) 48.881
Loop 811 (us) 49.293
Loop 812 (us) 49.388
Loop 813 (us) 48.978
Loop 814 (us) 49.228
Loop 815 (us) 49.229
Loop 816 (us) 49.173
Loop 817 (us) 57.675
Loop 818 (us) 61.95
Loop 819 (us) 50.169
Loop 820 (us) 50.04
Loop 821 (us) 49.501
Loop 822 (us) 49.524
Loop 823 (us) 49.073
Loop 824 (us) 48.943
Loop 825 (us) 49.2
Loop 826 (us) 49.515
Loop 827 (us) 49.458
Loop 828 (us) 49.08
Loop 829 (us) 49.053
Loop 830 (us) 48.949
Loop 831 (us) 49.192
Loop 832 (us) 49.313
Loop 833 (us) 49.074
Loop 834 (us) 49.149
Loop 835 (us) 49.136
Loop 836 (us) 49.352
Loop 837 (us) 49.151
Loop 838 (us) 49.426
Loop 839 (us) 49.182
Loop 840 (us) 49.124
Loop 841 (us) 49.822
Loop 842 (us) 49.306
Loop 843 (us) 49.397
Loop 844 (us) 49.06
Loop 845 (us) 49.009
Loop 846 (us) 48.869
Loop 847 (us) 49.143
Loop 848 (us) 49.279
Loop 849 (us) 49.033
Loop 850 (us) 49.406
Loop 851 (us) 49.108
Loop 852 (us) 49.258
Loop 853 (us) 49.249
Loop 854 (us) 49.313
Loop 855 (us) 49.188
Loop 856 (us) 49.47
Loop 857 (us) 49.807
Loop 858 (us) 49.523
Loop 859 (us) 49.643
Loop 860 (us) 49.069
Loop 861 (us) 49.654
Loop 862 (us) 49.18
Loop 863 (us) 49.029
Loop 864 (us) 49.148
Loop 865 (us) 49.466
Loop 866 (us) 49.317
Loop 867 (us) 49.329
Loop 868 (us) 49.425
Loop 869 (us) 49.351
Loop 870 (us) 49.251
Loop 871 (us) 49.414
Loop 872 (us) 48.965
Loop 873 (us) 49.404
Loop 874 (us) 49.224
Loop 875 (us) 49.266
Loop 876 (us) 49.41
Loop 877 (us) 49.192
Loop 878 (us) 48.948
Loop 879 (us) 49.304
Loop 880 (us) 49.288
Loop 881 (us) 52.788
Loop 882 (us) 49.658
Loop 883 (us) 49.299
Loop 884 (us) 49.867
Loop 885 (us) 49.539
Loop 886 (us) 49.246
Loop 887 (us) 49.517
Loop 888 (us) 49.131
Loop 889 (us) 49.555
Loop 890 (us) 49.062
Loop 891 (us) 49.066
Loop 892 (us) 49.131
Loop 893 (us) 49.45
Loop 894 (us) 49.105
Loop 895 (us) 49.281
Loop 896 (us) 49.232
Loop 897 (us) 49.381
Loop 898 (us) 49.273
Loop 899 (us) 49.032
Loop 900 (us) 49.155
Loop 901 (us) 49.665
Loop 902 (us) 49.081
Loop 903 (us) 48.945
Loop 904 (us) 49.089
Loop 905 (us) 49.501
Loop 906 (us) 49.189
Loop 907 (us) 49.124
Loop 908 (us) 49.352
Loop 909 (us) 49.179
Loop 910 (us) 49.481
Loop 911 (us) 49.525
Loop 912 (us) 48.788
Loop 913 (us) 49.404
Loop 914 (us) 49.006
Loop 915 (us) 49.171
Loop 916 (us) 49.348
Loop 917 (us) 48.961
Loop 918 (us) 49.082
Loop 919 (us) 49.472
Loop 920 (us) 49.419
Loop 921 (us) 49.492
Loop 922 (us) 49.315
Loop 923 (us) 48.818
Loop 924 (us) 49.315
Loop 925 (us) 49.094
Loop 926 (us) 49.284
Loop 927 (us) 49.271
Loop 928 (us) 49.618
Loop 929 (us) 48.979
Loop 930 (us) 49.061
Loop 931 (us) 49.27
Loop 932 (us) 49.481
Loop 933 (us) 50.753
Loop 934 (us) 49.401
Loop 935 (us) 49.428
Loop 936 (us) 49.247
Loop 937 (us) 49.272
Loop 938 (us) 49.096
Loop 939 (us) 49.289
Loop 940 (us) 49.157
Loop 941 (us) 49.576
Loop 942 (us) 49.681
Loop 943 (us) 49.02
Loop 944 (us) 49.103
Loop 945 (us) 49.309
Loop 946 (us) 49.036
Loop 947 (us) 48.879
Loop 948 (us) 49.209
Loop 949 (us) 49.366
Loop 950 (us) 49.43
Loop 951 (us) 49.302
Loop 952 (us) 49.31
Loop 953 (us) 49.147
Loop 954 (us) 49.246
Loop 955 (us) 49.106
Loop 956 (us) 49.168
Loop 957 (us) 49.525
Loop 958 (us) 49.067
Loop 959 (us) 48.958
Loop 960 (us) 49.251
Loop 961 (us) 49.191
Loop 962 (us) 49.257
Loop 963 (us) 49.238
Loop 964 (us) 49.461
Loop 965 (us) 48.93
Loop 966 (us) 49.25
Loop 967 (us) 49.065
Loop 968 (us) 49.288
Loop 969 (us) 49.57
Loop 970 (us) 49.21
Loop 971 (us) 49.408
Loop 972 (us) 49.242
Loop 973 (us) 49.132
Loop 974 (us) 49.055
Loop 975 (us) 49.306
Loop 976 (us) 49.313
Loop 977 (us) 48.987
Loop 978 (us) 49.219
Loop 979 (us) 49.415
Loop 980 (us) 48.826
Loop 981 (us) 49.62
Loop 982 (us) 50.355
Loop 983 (us) 49.271
Loop 984 (us) 49.353
Loop 985 (us) 49.395
Loop 986 (us) 49.399
Loop 987 (us) 49.534
Loop 988 (us) 49.255
Loop 989 (us) 49.421
Loop 990 (us) 49.289
Loop 991 (us) 49.149
Loop 992 (us) 49.446
Loop 993 (us) 49.124
Loop 994 (us) 49.234
Loop 995 (us) 49.434
Loop 996 (us) 49.381
Loop 997 (us) 49.271
Loop 998 (us) 49.08
Loop 999 (us) 49.375
Warmup times 0
avgLoopLatency(us) 49.927259
iops 20029.138791696936
variance 2.4722342275599627
file capacity 262144
