writeReplicas, filename /tmp262144replicas.dat, size 262144, loop 1000, storageClass 0, locationClass 0
starting benchmark...
ops 1000
final loop (us) 129.836
Loop 0 (us) 137.362
Loop 1 (us) 135.246
Loop 2 (us) 132.669
Loop 3 (us) 132.68
Loop 4 (us) 131.771
Loop 5 (us) 131.388
Loop 6 (us) 131.93
Loop 7 (us) 131.561
Loop 8 (us) 131.764
Loop 9 (us) 131.732
Loop 10 (us) 131.848
Loop 11 (us) 131.879
Loop 12 (us) 132.316
Loop 13 (us) 131.483
Loop 14 (us) 132.037
Loop 15 (us) 132.032
Loop 16 (us) 135.072
Loop 17 (us) 131.897
Loop 18 (us) 132.079
Loop 19 (us) 131.716
Loop 20 (us) 131.969
Loop 21 (us) 131.741
Loop 22 (us) 131.812
Loop 23 (us) 131.751
Loop 24 (us) 131.797
Loop 25 (us) 132.041
Loop 26 (us) 131.879
Loop 27 (us) 131.567
Loop 28 (us) 134.355
Loop 29 (us) 130.647
Loop 30 (us) 133.803
Loop 31 (us) 133.201
Loop 32 (us) 132.349
Loop 33 (us) 131.955
Loop 34 (us) 132.046
Loop 35 (us) 131.87
Loop 36 (us) 132.484
Loop 37 (us) 131.764
Loop 38 (us) 132.105
Loop 39 (us) 132.394
Loop 40 (us) 132.196
Loop 41 (us) 131.995
Loop 42 (us) 131.96
Loop 43 (us) 137.182
Loop 44 (us) 132.072
Loop 45 (us) 131.643
Loop 46 (us) 133.316
Loop 47 (us) 131.582
Loop 48 (us) 131.399
Loop 49 (us) 131.403
Loop 50 (us) 131.167
Loop 51 (us) 130.164
Loop 52 (us) 131.235
Loop 53 (us) 130.448
Loop 54 (us) 130.474
Loop 55 (us) 130.328
Loop 56 (us) 130.693
Loop 57 (us) 130.328
Loop 58 (us) 130.477
Loop 59 (us) 131.277
Loop 60 (us) 130.462
Loop 61 (us) 130.424
Loop 62 (us) 133.195
Loop 63 (us) 130.858
Loop 64 (us) 130.775
Loop 65 (us) 130.398
Loop 66 (us) 130.688
Loop 67 (us) 130.561
Loop 68 (us) 130.48
Loop 69 (us) 130.44
Loop 70 (us) 130.448
Loop 71 (us) 130.449
Loop 72 (us) 131.939
Loop 73 (us) 130.659
Loop 74 (us) 131.272
Loop 75 (us) 130.364
Loop 76 (us) 152.745
Loop 77 (us) 130.431
Loop 78 (us) 131.017
Loop 79 (us) 130.481
Loop 80 (us) 130.171
Loop 81 (us) 130.239
Loop 82 (us) 130.646
Loop 83 (us) 132.296
Loop 84 (us) 130.296
Loop 85 (us) 130.418
Loop 86 (us) 130.26
Loop 87 (us) 130.346
Loop 88 (us) 130.416
Loop 89 (us) 130.401
Loop 90 (us) 130.198
Loop 91 (us) 130.219
Loop 92 (us) 130.541
Loop 93 (us) 130.186
Loop 94 (us) 130.013
Loop 95 (us) 129.705
Loop 96 (us) 135.314
Loop 97 (us) 130.058
Loop 98 (us) 129.965
Loop 99 (us) 132.046
Loop 100 (us) 130.306
Loop 101 (us) 131.337
Loop 102 (us) 130.696
Loop 103 (us) 130.755
Loop 104 (us) 130.399
Loop 105 (us) 131.773
Loop 106 (us) 130.159
Loop 107 (us) 130.385
Loop 108 (us) 130.975
Loop 109 (us) 132.114
Loop 110 (us) 130.444
Loop 111 (us) 130.116
Loop 112 (us) 130.347
Loop 113 (us) 132.573
Loop 114 (us) 130.372
Loop 115 (us) 130.193
Loop 116 (us) 130.06
Loop 117 (us) 130.473
Loop 118 (us) 130.117
Loop 119 (us) 132.224
Loop 120 (us) 131.913
Loop 121 (us) 130.384
Loop 122 (us) 130.699
Loop 123 (us) 131.765
Loop 124 (us) 131.735
Loop 125 (us) 130.876
Loop 126 (us) 131.237
Loop 127 (us) 131.29
Loop 128 (us) 131.055
Loop 129 (us) 131.486
Loop 130 (us) 131.401
Loop 131 (us) 132.751
Loop 132 (us) 131.06
Loop 133 (us) 130.873
Loop 134 (us) 130.778
Loop 135 (us) 130.96
Loop 136 (us) 130.967
Loop 137 (us) 130.605
Loop 138 (us) 131.388
Loop 139 (us) 131.224
Loop 140 (us) 130.776
Loop 141 (us) 130.943
Loop 142 (us) 132.892
Loop 143 (us) 134.15
Loop 144 (us) 130.793
Loop 145 (us) 134.862
Loop 146 (us) 130.534
Loop 147 (us) 131.005
Loop 148 (us) 130.673
Loop 149 (us) 130.769
Loop 150 (us) 131.285
Loop 151 (us) 132.722
Loop 152 (us) 130.531
Loop 153 (us) 136.069
Loop 154 (us) 130.734
Loop 155 (us) 130.879
Loop 156 (us) 132.734
Loop 157 (us) 131.534
Loop 158 (us) 131.04
Loop 159 (us) 130.974
Loop 160 (us) 131.069
Loop 161 (us) 132.524
Loop 162 (us) 133.731
Loop 163 (us) 131.095
Loop 164 (us) 130.868
Loop 165 (us) 133.478
Loop 166 (us) 131.467
Loop 167 (us) 131.07
Loop 168 (us) 131.158
Loop 169 (us) 187.026
Loop 170 (us) 138.039
Loop 171 (us) 138.062
Loop 172 (us) 135.425
Loop 173 (us) 134.126
Loop 174 (us) 133.381
Loop 175 (us) 133.26
Loop 176 (us) 132.721
Loop 177 (us) 132.673
Loop 178 (us) 132.294
Loop 179 (us) 132.784
Loop 180 (us) 132.205
Loop 181 (us) 132.044
Loop 182 (us) 131.448
Loop 183 (us) 131.509
Loop 184 (us) 136.214
Loop 185 (us) 131.308
Loop 186 (us) 131.377
Loop 187 (us) 131.847
Loop 188 (us) 131.722
Loop 189 (us) 131.268
Loop 190 (us) 131.315
Loop 191 (us) 131.656
Loop 192 (us) 131.208
Loop 193 (us) 131.357
Loop 194 (us) 136.734
Loop 195 (us) 131.267
Loop 196 (us) 163.621
Loop 197 (us) 131.497
Loop 198 (us) 131.224
Loop 199 (us) 131.606
Loop 200 (us) 131.579
Loop 201 (us) 131.773
Loop 202 (us) 131.711
Loop 203 (us) 132.252
Loop 204 (us) 131.357
Loop 205 (us) 131.783
Loop 206 (us) 131.366
Loop 207 (us) 131.88
Loop 208 (us) 131.594
Loop 209 (us) 131.698
Loop 210 (us) 130.608
Loop 211 (us) 162.093
Loop 212 (us) 132.505
Loop 213 (us) 133.288
Loop 214 (us) 132.371
Loop 215 (us) 130.919
Loop 216 (us) 163.613
Loop 217 (us) 131.406
Loop 218 (us) 130.978
Loop 219 (us) 132.203
Loop 220 (us) 130.811
Loop 221 (us) 130.689
Loop 222 (us) 130.973
Loop 223 (us) 131.35
Loop 224 (us) 131.084
Loop 225 (us) 131.062
Loop 226 (us) 130.868
Loop 227 (us) 130.863
Loop 228 (us) 130.519
Loop 229 (us) 131.59
Loop 230 (us) 131.745
Loop 231 (us) 131.738
Loop 232 (us) 131.75
Loop 233 (us) 131.879
Loop 234 (us) 131.64
Loop 235 (us) 131.917
Loop 236 (us) 131.73
Loop 237 (us) 131.682
Loop 238 (us) 131.435
Loop 239 (us) 131.709
Loop 240 (us) 132.105
Loop 241 (us) 384.602
Loop 242 (us) 134.965
Loop 243 (us) 134.681
Loop 244 (us) 133.209
Loop 245 (us) 134.938
Loop 246 (us) 134.71
Loop 247 (us) 135.988
Loop 248 (us) 134.802
Loop 249 (us) 134.645
Loop 250 (us) 133.598
Loop 251 (us) 136.0
Loop 252 (us) 138.287
Loop 253 (us) 136.045
Loop 254 (us) 134.947
Loop 255 (us) 135.682
Loop 256 (us) 133.68
Loop 257 (us) 134.922
Loop 258 (us) 133.418
Loop 259 (us) 134.269
Loop 260 (us) 143.194
Loop 261 (us) 132.751
Loop 262 (us) 134.29
Loop 263 (us) 139.718
Loop 264 (us) 132.472
Loop 265 (us) 133.733
Loop 266 (us) 133.978
Loop 267 (us) 132.153
Loop 268 (us) 133.453
Loop 269 (us) 133.262
Loop 270 (us) 132.74
Loop 271 (us) 133.063
Loop 272 (us) 133.648
Loop 273 (us) 130.993
Loop 274 (us) 133.237
Loop 275 (us) 132.029
Loop 276 (us) 130.594
Loop 277 (us) 130.902
Loop 278 (us) 169.609
Loop 279 (us) 133.847
Loop 280 (us) 132.39
Loop 281 (us) 131.954
Loop 282 (us) 130.961
Loop 283 (us) 130.875
Loop 284 (us) 132.424
Loop 285 (us) 130.746
Loop 286 (us) 148.369
Loop 287 (us) 132.596
Loop 288 (us) 131.253
Loop 289 (us) 130.869
Loop 290 (us) 133.507
Loop 291 (us) 131.208
Loop 292 (us) 131.552
Loop 293 (us) 132.267
Loop 294 (us) 131.061
Loop 295 (us) 131.398
Loop 296 (us) 132.65
Loop 297 (us) 132.469
Loop 298 (us) 131.037
Loop 299 (us) 132.494
Loop 300 (us) 132.371
Loop 301 (us) 131.365
Loop 302 (us) 131.819
Loop 303 (us) 131.459
Loop 304 (us) 131.431
Loop 305 (us) 130.793
Loop 306 (us) 131.044
Loop 307 (us) 131.251
Loop 308 (us) 130.998
Loop 309 (us) 131.105
Loop 310 (us) 131.545
Loop 311 (us) 131.524
Loop 312 (us) 131.048
Loop 313 (us) 131.133
Loop 314 (us) 131.04
Loop 315 (us) 130.956
Loop 316 (us) 131.1
Loop 317 (us) 130.586
Loop 318 (us) 131.121
Loop 319 (us) 130.621
Loop 320 (us) 132.343
Loop 321 (us) 131.563
Loop 322 (us) 132.155
Loop 323 (us) 133.224
Loop 324 (us) 132.117
Loop 325 (us) 131.809
Loop 326 (us) 130.852
Loop 327 (us) 131.327
Loop 328 (us) 131.985
Loop 329 (us) 130.308
Loop 330 (us) 131.714
Loop 331 (us) 131.964
Loop 332 (us) 131.132
Loop 333 (us) 130.253
Loop 334 (us) 130.312
Loop 335 (us) 130.863
Loop 336 (us) 130.632
Loop 337 (us) 130.019
Loop 338 (us) 130.371
Loop 339 (us) 130.693
Loop 340 (us) 130.561
Loop 341 (us) 144.708
Loop 342 (us) 130.259
Loop 343 (us) 132.713
Loop 344 (us) 131.226
Loop 345 (us) 130.867
Loop 346 (us) 133.943
Loop 347 (us) 134.189
Loop 348 (us) 131.463
Loop 349 (us) 130.786
Loop 350 (us) 131.016
Loop 351 (us) 131.097
Loop 352 (us) 131.191
Loop 353 (us) 131.502
Loop 354 (us) 167.06
Loop 355 (us) 135.968
Loop 356 (us) 135.811
Loop 357 (us) 137.131
Loop 358 (us) 134.117
Loop 359 (us) 134.895
Loop 360 (us) 133.881
Loop 361 (us) 134.126
Loop 362 (us) 132.633
Loop 363 (us) 132.192
Loop 364 (us) 145.539
Loop 365 (us) 132.768
Loop 366 (us) 132.365
Loop 367 (us) 132.057
Loop 368 (us) 130.96
Loop 369 (us) 131.766
Loop 370 (us) 152.959
Loop 371 (us) 135.358
Loop 372 (us) 131.251
Loop 373 (us) 130.94
Loop 374 (us) 130.478
Loop 375 (us) 130.605
Loop 376 (us) 146.221
Loop 377 (us) 155.775
Loop 378 (us) 130.993
Loop 379 (us) 130.87
Loop 380 (us) 131.085
Loop 381 (us) 130.952
Loop 382 (us) 131.073
Loop 383 (us) 130.309
Loop 384 (us) 130.789
Loop 385 (us) 131.067
Loop 386 (us) 130.991
Loop 387 (us) 130.515
Loop 388 (us) 130.513
Loop 389 (us) 130.819
Loop 390 (us) 130.685
Loop 391 (us) 133.241
Loop 392 (us) 130.696
Loop 393 (us) 132.155
Loop 394 (us) 131.295
Loop 395 (us) 130.871
Loop 396 (us) 130.789
Loop 397 (us) 130.672
Loop 398 (us) 130.201
Loop 399 (us) 131.414
Loop 400 (us) 130.423
Loop 401 (us) 130.945
Loop 402 (us) 131.044
Loop 403 (us) 130.943
Loop 404 (us) 131.022
Loop 405 (us) 131.226
Loop 406 (us) 130.652
Loop 407 (us) 130.788
Loop 408 (us) 130.787
Loop 409 (us) 130.635
Loop 410 (us) 131.136
Loop 411 (us) 132.968
Loop 412 (us) 131.182
Loop 413 (us) 130.19
Loop 414 (us) 131.002
Loop 415 (us) 131.31
Loop 416 (us) 131.84
Loop 417 (us) 130.732
Loop 418 (us) 130.533
Loop 419 (us) 131.259
Loop 420 (us) 130.974
Loop 421 (us) 130.74
Loop 422 (us) 130.642
Loop 423 (us) 130.605
Loop 424 (us) 131.142
Loop 425 (us) 173.825
Loop 426 (us) 131.509
Loop 427 (us) 130.446
Loop 428 (us) 130.573
Loop 429 (us) 131.649
Loop 430 (us) 131.346
Loop 431 (us) 131.886
Loop 432 (us) 131.82
Loop 433 (us) 131.335
Loop 434 (us) 132.207
Loop 435 (us) 131.84
Loop 436 (us) 131.755
Loop 437 (us) 133.314
Loop 438 (us) 131.82
Loop 439 (us) 131.399
Loop 440 (us) 131.568
Loop 441 (us) 131.439
Loop 442 (us) 131.691
Loop 443 (us) 131.108
Loop 444 (us) 139.312
Loop 445 (us) 133.016
Loop 446 (us) 148.486
Loop 447 (us) 132.673
Loop 448 (us) 140.323
Loop 449 (us) 138.497
Loop 450 (us) 134.377
Loop 451 (us) 136.956
Loop 452 (us) 131.867
Loop 453 (us) 131.388
Loop 454 (us) 136.814
Loop 455 (us) 131.752
Loop 456 (us) 131.559
Loop 457 (us) 131.312
Loop 458 (us) 131.297
Loop 459 (us) 131.093
Loop 460 (us) 130.76
Loop 461 (us) 130.656
Loop 462 (us) 131.067
Loop 463 (us) 130.686
Loop 464 (us) 133.826
Loop 465 (us) 130.361
Loop 466 (us) 130.611
Loop 467 (us) 130.297
Loop 468 (us) 130.05
Loop 469 (us) 130.125
Loop 470 (us) 130.471
Loop 471 (us) 130.297
Loop 472 (us) 130.116
Loop 473 (us) 130.199
Loop 474 (us) 130.299
Loop 475 (us) 130.037
Loop 476 (us) 130.798
Loop 477 (us) 129.576
Loop 478 (us) 130.132
Loop 479 (us) 129.693
Loop 480 (us) 130.39
Loop 481 (us) 130.317
Loop 482 (us) 132.25
Loop 483 (us) 130.097
Loop 484 (us) 130.92
Loop 485 (us) 131.461
Loop 486 (us) 129.893
Loop 487 (us) 130.207
Loop 488 (us) 130.682
Loop 489 (us) 129.989
Loop 490 (us) 130.494
Loop 491 (us) 130.819
Loop 492 (us) 137.717
Loop 493 (us) 132.401
Loop 494 (us) 130.017
Loop 495 (us) 130.201
Loop 496 (us) 134.03
Loop 497 (us) 130.865
Loop 498 (us) 130.523
Loop 499 (us) 129.953
Loop 500 (us) 130.243
Loop 501 (us) 130.069
Loop 502 (us) 132.082
Loop 503 (us) 130.66
Loop 504 (us) 130.634
Loop 505 (us) 130.54
Loop 506 (us) 130.869
Loop 507 (us) 129.908
Loop 508 (us) 130.23
Loop 509 (us) 130.088
Loop 510 (us) 131.036
Loop 511 (us) 130.277
Loop 512 (us) 131.0
Loop 513 (us) 130.651
Loop 514 (us) 130.734
Loop 515 (us) 130.193
Loop 516 (us) 130.374
Loop 517 (us) 130.379
Loop 518 (us) 130.012
Loop 519 (us) 129.729
Loop 520 (us) 130.581
Loop 521 (us) 129.711
Loop 522 (us) 130.263
Loop 523 (us) 130.313
Loop 524 (us) 129.995
Loop 525 (us) 131.274
Loop 526 (us) 133.105
Loop 527 (us) 130.471
Loop 528 (us) 129.761
Loop 529 (us) 130.099
Loop 530 (us) 130.848
Loop 531 (us) 129.595
Loop 532 (us) 130.173
Loop 533 (us) 130.848
Loop 534 (us) 129.78
Loop 535 (us) 137.812
Loop 536 (us) 130.506
Loop 537 (us) 129.975
Loop 538 (us) 130.536
Loop 539 (us) 129.741
Loop 540 (us) 129.52
Loop 541 (us) 149.649
Loop 542 (us) 131.375
Loop 543 (us) 130.738
Loop 544 (us) 131.467
Loop 545 (us) 130.889
Loop 546 (us) 130.925
Loop 547 (us) 130.894
Loop 548 (us) 131.274
Loop 549 (us) 130.53
Loop 550 (us) 130.772
Loop 551 (us) 130.588
Loop 552 (us) 130.898
Loop 553 (us) 130.985
Loop 554 (us) 130.864
Loop 555 (us) 130.62
Loop 556 (us) 130.593
Loop 557 (us) 130.718
Loop 558 (us) 131.153
Loop 559 (us) 131.186
Loop 560 (us) 131.155
Loop 561 (us) 131.125
Loop 562 (us) 130.619
Loop 563 (us) 130.987
Loop 564 (us) 131.296
Loop 565 (us) 131.224
Loop 566 (us) 130.546
Loop 567 (us) 130.686
Loop 568 (us) 131.65
Loop 569 (us) 131.001
Loop 570 (us) 130.626
Loop 571 (us) 130.723
Loop 572 (us) 131.014
Loop 573 (us) 131.023
Loop 574 (us) 133.866
Loop 575 (us) 131.008
Loop 576 (us) 130.779
Loop 577 (us) 130.723
Loop 578 (us) 131.005
Loop 579 (us) 131.051
Loop 580 (us) 131.338
Loop 581 (us) 130.777
Loop 582 (us) 130.956
Loop 583 (us) 131.033
Loop 584 (us) 131.242
Loop 585 (us) 130.994
Loop 586 (us) 195.593
Loop 587 (us) 153.68
Loop 588 (us) 131.995
Loop 589 (us) 131.023
Loop 590 (us) 131.128
Loop 591 (us) 131.039
Loop 592 (us) 131.113
Loop 593 (us) 131.095
Loop 594 (us) 131.121
Loop 595 (us) 131.059
Loop 596 (us) 130.808
Loop 597 (us) 130.57
Loop 598 (us) 131.53
Loop 599 (us) 131.066
Loop 600 (us) 130.829
Loop 601 (us) 130.882
Loop 602 (us) 132.885
Loop 603 (us) 133.408
Loop 604 (us) 133.366
Loop 605 (us) 132.844
Loop 606 (us) 132.719
Loop 607 (us) 133.46
Loop 608 (us) 132.912
Loop 609 (us) 133.187
Loop 610 (us) 133.036
Loop 611 (us) 132.968
Loop 612 (us) 132.92
Loop 613 (us) 133.312
Loop 614 (us) 132.697
Loop 615 (us) 132.756
Loop 616 (us) 132.424
Loop 617 (us) 132.68
Loop 618 (us) 132.751
Loop 619 (us) 132.987
Loop 620 (us) 132.911
Loop 621 (us) 132.554
Loop 622 (us) 131.702
Loop 623 (us) 131.186
Loop 624 (us) 132.492
Loop 625 (us) 130.009
Loop 626 (us) 130.257
Loop 627 (us) 130.032
Loop 628 (us) 130.585
Loop 629 (us) 130.463
Loop 630 (us) 130.197
Loop 631 (us) 130.057
Loop 632 (us) 144.851
Loop 633 (us) 130.452
Loop 634 (us) 130.695
Loop 635 (us) 130.84
Loop 636 (us) 130.207
Loop 637 (us) 130.941
Loop 638 (us) 130.589
Loop 639 (us) 129.81
Loop 640 (us) 130.406
Loop 641 (us) 130.933
Loop 642 (us) 129.816
Loop 643 (us) 136.296
Loop 644 (us) 132.917
Loop 645 (us) 132.914
Loop 646 (us) 133.31
Loop 647 (us) 133.117
Loop 648 (us) 132.629
Loop 649 (us) 132.941
Loop 650 (us) 133.298
Loop 651 (us) 132.719
Loop 652 (us) 159.215
Loop 653 (us) 167.779
Loop 654 (us) 130.074
Loop 655 (us) 130.117
Loop 656 (us) 130.422
Loop 657 (us) 129.852
Loop 658 (us) 132.951
Loop 659 (us) 130.651
Loop 660 (us) 129.745
Loop 661 (us) 130.657
Loop 662 (us) 130.189
Loop 663 (us) 130.238
Loop 664 (us) 131.721
Loop 665 (us) 130.492
Loop 666 (us) 129.692
Loop 667 (us) 129.94
Loop 668 (us) 130.207
Loop 669 (us) 129.856
Loop 670 (us) 129.982
Loop 671 (us) 130.358
Loop 672 (us) 129.913
Loop 673 (us) 133.297
Loop 674 (us) 130.158
Loop 675 (us) 129.992
Loop 676 (us) 130.306
Loop 677 (us) 132.726
Loop 678 (us) 129.888
Loop 679 (us) 130.053
Loop 680 (us) 130.317
Loop 681 (us) 129.846
Loop 682 (us) 139.13
Loop 683 (us) 130.686
Loop 684 (us) 129.886
Loop 685 (us) 133.068
Loop 686 (us) 132.69
Loop 687 (us) 132.625
Loop 688 (us) 133.061
Loop 689 (us) 132.889
Loop 690 (us) 132.29
Loop 691 (us) 132.794
Loop 692 (us) 132.984
Loop 693 (us) 132.749
Loop 694 (us) 132.882
Loop 695 (us) 130.74
Loop 696 (us) 130.701
Loop 697 (us) 130.828
Loop 698 (us) 131.053
Loop 699 (us) 130.858
Loop 700 (us) 131.229
Loop 701 (us) 131.165
Loop 702 (us) 130.596
Loop 703 (us) 130.666
Loop 704 (us) 131.01
Loop 705 (us) 133.895
Loop 706 (us) 159.436
Loop 707 (us) 131.091
Loop 708 (us) 130.492
Loop 709 (us) 131.198
Loop 710 (us) 130.667
Loop 711 (us) 131.273
Loop 712 (us) 130.818
Loop 713 (us) 130.62
Loop 714 (us) 130.792
Loop 715 (us) 130.922
Loop 716 (us) 131.276
Loop 717 (us) 131.077
Loop 718 (us) 130.859
Loop 719 (us) 130.491
Loop 720 (us) 140.66
Loop 721 (us) 130.62
Loop 722 (us) 133.309
Loop 723 (us) 133.321
Loop 724 (us) 130.744
Loop 725 (us) 130.715
Loop 726 (us) 129.55
Loop 727 (us) 129.971
Loop 728 (us) 130.443
Loop 729 (us) 129.516
Loop 730 (us) 130.262
Loop 731 (us) 130.294
Loop 732 (us) 130.505
Loop 733 (us) 129.904
Loop 734 (us) 129.957
Loop 735 (us) 130.302
Loop 736 (us) 130.633
Loop 737 (us) 130.007
Loop 738 (us) 130.105
Loop 739 (us) 129.87
Loop 740 (us) 129.961
Loop 741 (us) 129.727
Loop 742 (us) 130.148
Loop 743 (us) 129.951
Loop 744 (us) 129.915
Loop 745 (us) 132.624
Loop 746 (us) 132.708
Loop 747 (us) 132.088
Loop 748 (us) 132.434
Loop 749 (us) 138.563
Loop 750 (us) 132.639
Loop 751 (us) 132.725
Loop 752 (us) 134.476
Loop 753 (us) 133.892
Loop 754 (us) 135.681
Loop 755 (us) 132.436
Loop 756 (us) 134.451
Loop 757 (us) 134.48
Loop 758 (us) 134.255
Loop 759 (us) 133.768
Loop 760 (us) 134.271
Loop 761 (us) 134.336
Loop 762 (us) 134.478
Loop 763 (us) 132.457
Loop 764 (us) 134.113
Loop 765 (us) 133.599
Loop 766 (us) 167.404
Loop 767 (us) 166.731
Loop 768 (us) 135.645
Loop 769 (us) 134.078
Loop 770 (us) 136.64
Loop 771 (us) 134.059
Loop 772 (us) 134.102
Loop 773 (us) 134.309
Loop 774 (us) 133.701
Loop 775 (us) 136.106
Loop 776 (us) 134.285
Loop 777 (us) 133.72
Loop 778 (us) 131.67
Loop 779 (us) 132.34
Loop 780 (us) 129.859
Loop 781 (us) 129.669
Loop 782 (us) 130.899
Loop 783 (us) 131.311
Loop 784 (us) 130.649
Loop 785 (us) 132.94
Loop 786 (us) 131.628
Loop 787 (us) 146.68
Loop 788 (us) 155.99
Loop 789 (us) 132.628
Loop 790 (us) 141.789
Loop 791 (us) 167.767
Loop 792 (us) 146.423
Loop 793 (us) 156.822
Loop 794 (us) 147.471
Loop 795 (us) 157.424
Loop 796 (us) 150.819
Loop 797 (us) 139.461
Loop 798 (us) 140.099
Loop 799 (us) 139.202
Loop 800 (us) 130.631
Loop 801 (us) 130.317
Loop 802 (us) 132.152
Loop 803 (us) 131.805
Loop 804 (us) 131.83
Loop 805 (us) 131.134
Loop 806 (us) 140.153
Loop 807 (us) 129.343
Loop 808 (us) 130.053
Loop 809 (us) 129.342
Loop 810 (us) 129.19
Loop 811 (us) 129.332
Loop 812 (us) 129.335
Loop 813 (us) 129.667
Loop 814 (us) 129.119
Loop 815 (us) 129.301
Loop 816 (us) 129.436
Loop 817 (us) 129.487
Loop 818 (us) 129.392
Loop 819 (us) 129.503
Loop 820 (us) 129.55
Loop 821 (us) 129.701
Loop 822 (us) 131.888
Loop 823 (us) 129.372
Loop 824 (us) 129.565
Loop 825 (us) 792.34
Loop 826 (us) 129.604
Loop 827 (us) 129.704
Loop 828 (us) 129.69
Loop 829 (us) 129.898
Loop 830 (us) 129.777
Loop 831 (us) 129.74
Loop 832 (us) 169.421
Loop 833 (us) 151.359
Loop 834 (us) 158.56
Loop 835 (us) 129.665
Loop 836 (us) 128.441
Loop 837 (us) 129.121
Loop 838 (us) 128.638
Loop 839 (us) 135.608
Loop 840 (us) 131.877
Loop 841 (us) 129.963
Loop 842 (us) 129.789
Loop 843 (us) 129.116
Loop 844 (us) 130.855
Loop 845 (us) 145.193
Loop 846 (us) 128.342
Loop 847 (us) 128.353
Loop 848 (us) 128.377
Loop 849 (us) 128.633
Loop 850 (us) 128.178
Loop 851 (us) 128.859
Loop 852 (us) 139.695
Loop 853 (us) 128.754
Loop 854 (us) 133.241
Loop 855 (us) 138.516
Loop 856 (us) 134.843
Loop 857 (us) 128.787
Loop 858 (us) 128.34
Loop 859 (us) 148.838
Loop 860 (us) 131.981
Loop 861 (us) 128.534
Loop 862 (us) 127.602
Loop 863 (us) 127.765
Loop 864 (us) 130.001
Loop 865 (us) 129.66
Loop 866 (us) 129.694
Loop 867 (us) 149.721
Loop 868 (us) 143.003
Loop 869 (us) 129.374
Loop 870 (us) 130.226
Loop 871 (us) 130.416
Loop 872 (us) 129.272
Loop 873 (us) 129.52
Loop 874 (us) 129.567
Loop 875 (us) 129.533
Loop 876 (us) 129.531
Loop 877 (us) 158.703
Loop 878 (us) 146.393
Loop 879 (us) 129.128
Loop 880 (us) 129.364
Loop 881 (us) 129.807
Loop 882 (us) 129.114
Loop 883 (us) 129.543
Loop 884 (us) 129.599
Loop 885 (us) 129.272
Loop 886 (us) 129.41
Loop 887 (us) 129.26
Loop 888 (us) 129.306
Loop 889 (us) 129.13
Loop 890 (us) 138.304
Loop 891 (us) 130.065
Loop 892 (us) 129.958
Loop 893 (us) 129.215
Loop 894 (us) 129.809
Loop 895 (us) 129.506
Loop 896 (us) 129.234
Loop 897 (us) 129.439
Loop 898 (us) 129.247
Loop 899 (us) 129.217
Loop 900 (us) 129.192
Loop 901 (us) 127.725
Loop 902 (us) 128.047
Loop 903 (us) 129.366
Loop 904 (us) 129.261
Loop 905 (us) 129.457
Loop 906 (us) 129.226
Loop 907 (us) 129.634
Loop 908 (us) 129.528
Loop 909 (us) 129.245
Loop 910 (us) 129.383
Loop 911 (us) 129.152
Loop 912 (us) 130.364
Loop 913 (us) 129.393
Loop 914 (us) 129.286
Loop 915 (us) 129.779
Loop 916 (us) 129.526
Loop 917 (us) 129.249
Loop 918 (us) 129.676
Loop 919 (us) 221.31
Loop 920 (us) 129.449
Loop 921 (us) 130.542
Loop 922 (us) 129.434
Loop 923 (us) 130.002
Loop 924 (us) 129.801
Loop 925 (us) 130.532
Loop 926 (us) 129.991
Loop 927 (us) 129.7
Loop 928 (us) 129.699
Loop 929 (us) 129.73
Loop 930 (us) 129.679
Loop 931 (us) 131.261
Loop 932 (us) 130.04
Loop 933 (us) 129.948
Loop 934 (us) 129.867
Loop 935 (us) 131.525
Loop 936 (us) 129.495
Loop 937 (us) 129.862
Loop 938 (us) 130.783
Loop 939 (us) 129.247
Loop 940 (us) 129.713
Loop 941 (us) 132.258
Loop 942 (us) 131.262
Loop 943 (us) 130.759
Loop 944 (us) 131.315
Loop 945 (us) 131.519
Loop 946 (us) 131.861
Loop 947 (us) 132.763
Loop 948 (us) 131.496
Loop 949 (us) 130.631
Loop 950 (us) 131.288
Loop 951 (us) 129.978
Loop 952 (us) 129.31
Loop 953 (us) 130.42
Loop 954 (us) 129.403
Loop 955 (us) 129.634
Loop 956 (us) 129.604
Loop 957 (us) 130.354
Loop 958 (us) 129.441
Loop 959 (us) 130.361
Loop 960 (us) 129.329
Loop 961 (us) 130.433
Loop 962 (us) 129.333
Loop 963 (us) 130.709
Loop 964 (us) 127.894
Loop 965 (us) 129.248
Loop 966 (us) 128.82
Loop 967 (us) 128.065
Loop 968 (us) 128.355
Loop 969 (us) 129.351
Loop 970 (us) 127.737
Loop 971 (us) 128.169
Loop 972 (us) 128.654
Loop 973 (us) 136.919
Loop 974 (us) 127.854
Loop 975 (us) 127.772
Loop 976 (us) 128.043
Loop 977 (us) 128.292
Loop 978 (us) 127.707
Loop 979 (us) 129.711
Loop 980 (us) 128.375
Loop 981 (us) 127.779
Loop 982 (us) 128.164
Loop 983 (us) 129.878
Loop 984 (us) 129.793
Loop 985 (us) 130.75
Loop 986 (us) 129.47
Loop 987 (us) 129.745
Loop 988 (us) 129.227
Loop 989 (us) 129.132
Loop 990 (us) 129.214
Loop 991 (us) 130.968
Loop 992 (us) 129.758
Loop 993 (us) 129.351
Loop 994 (us) 129.885
Loop 995 (us) 129.057
Loop 996 (us) 132.485
Loop 997 (us) 131.02
Loop 998 (us) 129.186
Loop 999 (us) 129.836
Warmup times 0
avgLoopLatency(us) 133.46063
iops 7492.84639222818
variance 23.26522561921762
replicas primary file /tmp262144replicas.dat capacity 262144
replicas slave file /tmp262144replicas.datLQL0 capacity 262144
replicas slave file /tmp262144replicas.datLQL1 capacity 262144
