writeHydra, filename /tmp262144hydra39.dat, size 262144, loop 1000, storageClass 0, locationClass 0
CrailConstants.REPLICATION_FACTOR has changed to 5
starting benchmark...
replicas primary file /tmp262144hydra39.dat capacity 0
replicas slave file /tmp262144hydra39.datLQL0 capacity 0
replicas slave file /tmp262144hydra39.datLQL1 capacity 0
replicas slave file /tmp262144hydra39.datLQL2 capacity 0
replicas slave file /tmp262144hydra39.datLQL3 capacity 0
replicas slave file /tmp262144hydra39.datLQL4 capacity 0
ops 1000
final loop (us) 150.066
Loop 0 (us) 159.888
Loop 1 (us) 107.649
Loop 2 (us) 97.649
Loop 3 (us) 109.48
Loop 4 (us) 95.835
Loop 5 (us) 131.117
Loop 6 (us) 168.506
Loop 7 (us) 110.947
Loop 8 (us) 107.473
Loop 9 (us) 157.916
Loop 10 (us) 157.431
Loop 11 (us) 142.343
Loop 12 (us) 135.541
Loop 13 (us) 110.431
Loop 14 (us) 103.692
Loop 15 (us) 135.112
Loop 16 (us) 173.758
Loop 17 (us) 135.474
Loop 18 (us) 119.69
Loop 19 (us) 116.756
Loop 20 (us) 98.59
Loop 21 (us) 137.42
Loop 22 (us) 127.848
Loop 23 (us) 163.304
Loop 24 (us) 178.767
Loop 25 (us) 121.863
Loop 26 (us) 143.902
Loop 27 (us) 174.136
Loop 28 (us) 190.989
Loop 29 (us) 151.951
Loop 30 (us) 181.475
Loop 31 (us) 195.979
Loop 32 (us) 163.033
Loop 33 (us) 297.431
Loop 34 (us) 159.501
Loop 35 (us) 192.47
Loop 36 (us) 173.962
Loop 37 (us) 206.971
Loop 38 (us) 190.679
Loop 39 (us) 158.117
Loop 40 (us) 153.125
Loop 41 (us) 168.928
Loop 42 (us) 145.759
Loop 43 (us) 225.966
Loop 44 (us) 151.23
Loop 45 (us) 185.975
Loop 46 (us) 188.776
Loop 47 (us) 156.505
Loop 48 (us) 201.047
Loop 49 (us) 189.739
Loop 50 (us) 153.953
Loop 51 (us) 152.846
Loop 52 (us) 184.641
Loop 53 (us) 206.137
Loop 54 (us) 138.218
Loop 55 (us) 125.613
Loop 56 (us) 153.949
Loop 57 (us) 132.686
Loop 58 (us) 143.174
Loop 59 (us) 135.111
Loop 60 (us) 156.27
Loop 61 (us) 164.094
Loop 62 (us) 132.618
Loop 63 (us) 145.876
Loop 64 (us) 192.969
Loop 65 (us) 301.257
Loop 66 (us) 183.345
Loop 67 (us) 186.298
Loop 68 (us) 212.431
Loop 69 (us) 180.536
Loop 70 (us) 141.243
Loop 71 (us) 141.147
Loop 72 (us) 191.51
Loop 73 (us) 176.713
Loop 74 (us) 191.741
Loop 75 (us) 199.002
Loop 76 (us) 201.09
Loop 77 (us) 144.57
Loop 78 (us) 127.326
Loop 79 (us) 144.331
Loop 80 (us) 171.41
Loop 81 (us) 175.085
Loop 82 (us) 122.176
Loop 83 (us) 131.635
Loop 84 (us) 125.198
Loop 85 (us) 130.501
Loop 86 (us) 187.777
Loop 87 (us) 232.058
Loop 88 (us) 223.818
Loop 89 (us) 185.843
Loop 90 (us) 159.221
Loop 91 (us) 118.267
Loop 92 (us) 147.806
Loop 93 (us) 137.554
Loop 94 (us) 133.14
Loop 95 (us) 195.909
Loop 96 (us) 152.487
Loop 97 (us) 161.516
Loop 98 (us) 117.279
Loop 99 (us) 132.928
Loop 100 (us) 165.763
Loop 101 (us) 167.597
Loop 102 (us) 149.602
Loop 103 (us) 124.487
Loop 104 (us) 186.852
Loop 105 (us) 190.879
Loop 106 (us) 138.536
Loop 107 (us) 179.893
Loop 108 (us) 193.998
Loop 109 (us) 192.555
Loop 110 (us) 174.579
Loop 111 (us) 137.681
Loop 112 (us) 114.734
Loop 113 (us) 134.136
Loop 114 (us) 132.606
Loop 115 (us) 139.523
Loop 116 (us) 132.774
Loop 117 (us) 136.633
Loop 118 (us) 171.956
Loop 119 (us) 174.941
Loop 120 (us) 143.134
Loop 121 (us) 135.719
Loop 122 (us) 116.397
Loop 123 (us) 196.223
Loop 124 (us) 186.22
Loop 125 (us) 182.021
Loop 126 (us) 184.204
Loop 127 (us) 130.521
Loop 128 (us) 144.367
Loop 129 (us) 149.612
Loop 130 (us) 153.035
Loop 131 (us) 114.02
Loop 132 (us) 105.809
Loop 133 (us) 137.852
Loop 134 (us) 143.986
Loop 135 (us) 145.372
Loop 136 (us) 142.576
Loop 137 (us) 119.809
Loop 138 (us) 131.826
Loop 139 (us) 130.564
Loop 140 (us) 128.2
Loop 141 (us) 123.068
Loop 142 (us) 158.689
Loop 143 (us) 158.22
Loop 144 (us) 133.139
Loop 145 (us) 144.423
Loop 146 (us) 128.438
Loop 147 (us) 153.17
Loop 148 (us) 114.962
Loop 149 (us) 142.929
Loop 150 (us) 125.891
Loop 151 (us) 201.902
Loop 152 (us) 141.941
Loop 153 (us) 175.142
Loop 154 (us) 130.243
Loop 155 (us) 172.008
Loop 156 (us) 164.585
Loop 157 (us) 148.673
Loop 158 (us) 148.524
Loop 159 (us) 132.717
Loop 160 (us) 133.531
Loop 161 (us) 127.658
Loop 162 (us) 164.452
Loop 163 (us) 169.496
Loop 164 (us) 106.934
Loop 165 (us) 184.061
Loop 166 (us) 161.867
Loop 167 (us) 177.405
Loop 168 (us) 165.808
Loop 169 (us) 140.307
Loop 170 (us) 134.23
Loop 171 (us) 154.53
Loop 172 (us) 158.863
Loop 173 (us) 129.896
Loop 174 (us) 133.821
Loop 175 (us) 145.743
Loop 176 (us) 110.6
Loop 177 (us) 104.231
Loop 178 (us) 99.57
Loop 179 (us) 128.23
Loop 180 (us) 170.564
Loop 181 (us) 137.184
Loop 182 (us) 144.632
Loop 183 (us) 171.412
Loop 184 (us) 132.592
Loop 185 (us) 157.965
Loop 186 (us) 163.618
Loop 187 (us) 139.562
Loop 188 (us) 139.011
Loop 189 (us) 121.24
Loop 190 (us) 112.095
Loop 191 (us) 674.354
Loop 192 (us) 155.893
Loop 193 (us) 124.096
Loop 194 (us) 145.162
Loop 195 (us) 232.387
Loop 196 (us) 239.472
Loop 197 (us) 142.255
Loop 198 (us) 205.951
Loop 199 (us) 251.891
Loop 200 (us) 233.692
Loop 201 (us) 238.359
Loop 202 (us) 161.806
Loop 203 (us) 157.651
Loop 204 (us) 147.044
Loop 205 (us) 147.461
Loop 206 (us) 200.232
Loop 207 (us) 204.597
Loop 208 (us) 223.727
Loop 209 (us) 155.454
Loop 210 (us) 165.772
Loop 211 (us) 157.771
Loop 212 (us) 122.105
Loop 213 (us) 150.68
Loop 214 (us) 156.129
Loop 215 (us) 158.275
Loop 216 (us) 160.05
Loop 217 (us) 222.544
Loop 218 (us) 228.075
Loop 219 (us) 159.114
Loop 220 (us) 149.387
Loop 221 (us) 115.59
Loop 222 (us) 149.443
Loop 223 (us) 122.022
Loop 224 (us) 175.981
Loop 225 (us) 182.351
Loop 226 (us) 179.307
Loop 227 (us) 181.35
Loop 228 (us) 138.517
Loop 229 (us) 142.729
Loop 230 (us) 118.161
Loop 231 (us) 128.524
Loop 232 (us) 200.045
Loop 233 (us) 135.93
Loop 234 (us) 183.561
Loop 235 (us) 187.856
Loop 236 (us) 163.414
Loop 237 (us) 151.742
Loop 238 (us) 152.322
Loop 239 (us) 172.441
Loop 240 (us) 180.025
Loop 241 (us) 161.152
Loop 242 (us) 147.902
Loop 243 (us) 183.975
Loop 244 (us) 191.45
Loop 245 (us) 161.456
Loop 246 (us) 141.139
Loop 247 (us) 177.367
Loop 248 (us) 191.245
Loop 249 (us) 188.627
Loop 250 (us) 190.026
Loop 251 (us) 162.496
Loop 252 (us) 141.525
Loop 253 (us) 181.681
Loop 254 (us) 201.841
Loop 255 (us) 143.053
Loop 256 (us) 151.963
Loop 257 (us) 159.194
Loop 258 (us) 212.495
Loop 259 (us) 196.4
Loop 260 (us) 129.649
Loop 261 (us) 175.828
Loop 262 (us) 126.634
Loop 263 (us) 112.892
Loop 264 (us) 107.415
Loop 265 (us) 168.44
Loop 266 (us) 149.017
Loop 267 (us) 175.435
Loop 268 (us) 176.763
Loop 269 (us) 131.296
Loop 270 (us) 160.51
Loop 271 (us) 182.452
Loop 272 (us) 132.027
Loop 273 (us) 157.436
Loop 274 (us) 171.228
Loop 275 (us) 129.605
Loop 276 (us) 160.712
Loop 277 (us) 108.49
Loop 278 (us) 104.126
Loop 279 (us) 189.349
Loop 280 (us) 159.81
Loop 281 (us) 172.765
Loop 282 (us) 132.078
Loop 283 (us) 146.736
Loop 284 (us) 125.512
Loop 285 (us) 147.303
Loop 286 (us) 128.005
Loop 287 (us) 125.613
Loop 288 (us) 142.537
Loop 289 (us) 167.854
Loop 290 (us) 128.881
Loop 291 (us) 137.419
Loop 292 (us) 132.405
Loop 293 (us) 104.929
Loop 294 (us) 97.718
Loop 295 (us) 124.912
Loop 296 (us) 162.402
Loop 297 (us) 128.422
Loop 298 (us) 154.032
Loop 299 (us) 132.364
Loop 300 (us) 154.27
Loop 301 (us) 157.621
Loop 302 (us) 151.488
Loop 303 (us) 153.332
Loop 304 (us) 141.116
Loop 305 (us) 128.023
Loop 306 (us) 117.829
Loop 307 (us) 125.89
Loop 308 (us) 115.739
Loop 309 (us) 110.888
Loop 310 (us) 147.521
Loop 311 (us) 127.668
Loop 312 (us) 121.366
Loop 313 (us) 126.08
Loop 314 (us) 161.898
Loop 315 (us) 134.768
Loop 316 (us) 170.85
Loop 317 (us) 131.316
Loop 318 (us) 160.801
Loop 319 (us) 199.985
Loop 320 (us) 180.624
Loop 321 (us) 180.061
Loop 322 (us) 185.488
Loop 323 (us) 131.052
Loop 324 (us) 168.804
Loop 325 (us) 181.092
Loop 326 (us) 152.093
Loop 327 (us) 147.212
Loop 328 (us) 135.517
Loop 329 (us) 136.155
Loop 330 (us) 112.577
Loop 331 (us) 133.878
Loop 332 (us) 165.502
Loop 333 (us) 180.654
Loop 334 (us) 123.207
Loop 335 (us) 126.976
Loop 336 (us) 131.085
Loop 337 (us) 147.627
Loop 338 (us) 136.352
Loop 339 (us) 197.296
Loop 340 (us) 136.2
Loop 341 (us) 177.914
Loop 342 (us) 154.48
Loop 343 (us) 154.99
Loop 344 (us) 128.029
Loop 345 (us) 173.35
Loop 346 (us) 202.729
Loop 347 (us) 154.48
Loop 348 (us) 143.404
Loop 349 (us) 142.812
Loop 350 (us) 146.139
Loop 351 (us) 156.732
Loop 352 (us) 149.241
Loop 353 (us) 116.793
Loop 354 (us) 106.783
Loop 355 (us) 125.421
Loop 356 (us) 175.011
Loop 357 (us) 156.359
Loop 358 (us) 107.704
Loop 359 (us) 139.92
Loop 360 (us) 149.348
Loop 361 (us) 176.592
Loop 362 (us) 176.659
Loop 363 (us) 130.468
Loop 364 (us) 144.196
Loop 365 (us) 142.131
Loop 366 (us) 126.939
Loop 367 (us) 117.313
Loop 368 (us) 143.69
Loop 369 (us) 175.646
Loop 370 (us) 172.498
Loop 371 (us) 141.616
Loop 372 (us) 130.776
Loop 373 (us) 133.636
Loop 374 (us) 126.48
Loop 375 (us) 174.487
Loop 376 (us) 169.909
Loop 377 (us) 131.753
Loop 378 (us) 157.067
Loop 379 (us) 199.364
Loop 380 (us) 135.412
Loop 381 (us) 178.956
Loop 382 (us) 160.291
Loop 383 (us) 126.933
Loop 384 (us) 145.374
Loop 385 (us) 142.514
Loop 386 (us) 175.025
Loop 387 (us) 134.969
Loop 388 (us) 157.823
Loop 389 (us) 112.084
Loop 390 (us) 100.457
Loop 391 (us) 167.169
Loop 392 (us) 191.927
Loop 393 (us) 128.6
Loop 394 (us) 133.688
Loop 395 (us) 146.233
Loop 396 (us) 153.284
Loop 397 (us) 135.778
Loop 398 (us) 125.152
Loop 399 (us) 129.088
Loop 400 (us) 163.38
Loop 401 (us) 130.203
Loop 402 (us) 114.908
Loop 403 (us) 115.581
Loop 404 (us) 149.931
Loop 405 (us) 156.221
Loop 406 (us) 118.172
Loop 407 (us) 133.467
Loop 408 (us) 134.24
Loop 409 (us) 149.888
Loop 410 (us) 140.884
Loop 411 (us) 131.042
Loop 412 (us) 144.557
Loop 413 (us) 118.778
Loop 414 (us) 107.915
Loop 415 (us) 122.832
Loop 416 (us) 179.929
Loop 417 (us) 181.744
Loop 418 (us) 133.738
Loop 419 (us) 123.347
Loop 420 (us) 119.321
Loop 421 (us) 109.088
Loop 422 (us) 149.276
Loop 423 (us) 179.772
Loop 424 (us) 169.29
Loop 425 (us) 183.154
Loop 426 (us) 158.482
Loop 427 (us) 106.009
Loop 428 (us) 93.433
Loop 429 (us) 128.06
Loop 430 (us) 135.468
Loop 431 (us) 178.282
Loop 432 (us) 166.532
Loop 433 (us) 158.393
Loop 434 (us) 183.485
Loop 435 (us) 181.229
Loop 436 (us) 185.028
Loop 437 (us) 181.535
Loop 438 (us) 133.27
Loop 439 (us) 184.034
Loop 440 (us) 174.911
Loop 441 (us) 148.162
Loop 442 (us) 142.833
Loop 443 (us) 117.616
Loop 444 (us) 127.399
Loop 445 (us) 126.699
Loop 446 (us) 143.275
Loop 447 (us) 110.774
Loop 448 (us) 108.355
Loop 449 (us) 98.122
Loop 450 (us) 130.038
Loop 451 (us) 136.099
Loop 452 (us) 120.255
Loop 453 (us) 170.205
Loop 454 (us) 182.021
Loop 455 (us) 132.811
Loop 456 (us) 169.278
Loop 457 (us) 188.532
Loop 458 (us) 141.421
Loop 459 (us) 135.024
Loop 460 (us) 188.089
Loop 461 (us) 155.529
Loop 462 (us) 99.656
Loop 463 (us) 166.37
Loop 464 (us) 148.828
Loop 465 (us) 138.076
Loop 466 (us) 119.199
Loop 467 (us) 92.423
Loop 468 (us) 130.991
Loop 469 (us) 148.005
Loop 470 (us) 175.942
Loop 471 (us) 156.055
Loop 472 (us) 157.901
Loop 473 (us) 127.547
Loop 474 (us) 140.668
Loop 475 (us) 209.732
Loop 476 (us) 190.634
Loop 477 (us) 158.85
Loop 478 (us) 156.194
Loop 479 (us) 147.898
Loop 480 (us) 149.18
Loop 481 (us) 148.011
Loop 482 (us) 169.999
Loop 483 (us) 175.947
Loop 484 (us) 151.039
Loop 485 (us) 182.95
Loop 486 (us) 177.249
Loop 487 (us) 147.886
Loop 488 (us) 148.319
Loop 489 (us) 147.71
Loop 490 (us) 148.312
Loop 491 (us) 175.688
Loop 492 (us) 179.595
Loop 493 (us) 135.472
Loop 494 (us) 179.52
Loop 495 (us) 179.485
Loop 496 (us) 124.396
Loop 497 (us) 134.307
Loop 498 (us) 140.74
Loop 499 (us) 136.96
Loop 500 (us) 130.766
Loop 501 (us) 123.625
Loop 502 (us) 130.587
Loop 503 (us) 126.039
Loop 504 (us) 122.563
Loop 505 (us) 131.127
Loop 506 (us) 123.515
Loop 507 (us) 142.95
Loop 508 (us) 135.413
Loop 509 (us) 149.217
Loop 510 (us) 890.162
Loop 511 (us) 182.598
Loop 512 (us) 944.724
Loop 513 (us) 911.928
Loop 514 (us) 142.818
Loop 515 (us) 141.273
Loop 516 (us) 139.197
Loop 517 (us) 168.416
Loop 518 (us) 1172.703
Loop 519 (us) 147.664
Loop 520 (us) 184.72
Loop 521 (us) 1083.716
Loop 522 (us) 157.527
Loop 523 (us) 126.571
Loop 524 (us) 1226.982
Loop 525 (us) 1168.697
Loop 526 (us) 186.135
Loop 527 (us) 1125.009
Loop 528 (us) 1115.394
Loop 529 (us) 167.26
Loop 530 (us) 1032.183
Loop 531 (us) 164.407
Loop 532 (us) 179.321
Loop 533 (us) 1023.168
Loop 534 (us) 166.684
Loop 535 (us) 175.949
Loop 536 (us) 164.407
Loop 537 (us) 1004.164
Loop 538 (us) 1143.736
Loop 539 (us) 141.095
Loop 540 (us) 173.317
Loop 541 (us) 403.535
Loop 542 (us) 133.258
Loop 543 (us) 146.355
Loop 544 (us) 188.876
Loop 545 (us) 232.191
Loop 546 (us) 179.211
Loop 547 (us) 158.606
Loop 548 (us) 134.891
Loop 549 (us) 141.624
Loop 550 (us) 138.052
Loop 551 (us) 142.398
Loop 552 (us) 117.255
Loop 553 (us) 137.455
Loop 554 (us) 188.282
Loop 555 (us) 193.056
Loop 556 (us) 132.309
Loop 557 (us) 118.488
Loop 558 (us) 126.944
Loop 559 (us) 195.158
Loop 560 (us) 186.334
Loop 561 (us) 144.14
Loop 562 (us) 153.887
Loop 563 (us) 152.495
Loop 564 (us) 150.435
Loop 565 (us) 139.718
Loop 566 (us) 146.856
Loop 567 (us) 157.093
Loop 568 (us) 187.768
Loop 569 (us) 202.147
Loop 570 (us) 145.733
Loop 571 (us) 149.975
Loop 572 (us) 157.37
Loop 573 (us) 145.257
Loop 574 (us) 149.926
Loop 575 (us) 120.102
Loop 576 (us) 109.54
Loop 577 (us) 127.627
Loop 578 (us) 145.101
Loop 579 (us) 128.364
Loop 580 (us) 141.051
Loop 581 (us) 131.962
Loop 582 (us) 140.757
Loop 583 (us) 111.82
Loop 584 (us) 116.928
Loop 585 (us) 99.839
Loop 586 (us) 141.435
Loop 587 (us) 128.391
Loop 588 (us) 119.174
Loop 589 (us) 119.082
Loop 590 (us) 135.202
Loop 591 (us) 139.111
Loop 592 (us) 148.088
Loop 593 (us) 113.705
Loop 594 (us) 111.98
Loop 595 (us) 130.193
Loop 596 (us) 143.2
Loop 597 (us) 147.657
Loop 598 (us) 161.613
Loop 599 (us) 173.51
Loop 600 (us) 172.144
Loop 601 (us) 123.499
Loop 602 (us) 176.507
Loop 603 (us) 156.064
Loop 604 (us) 152.352
Loop 605 (us) 143.019
Loop 606 (us) 146.502
Loop 607 (us) 147.173
Loop 608 (us) 134.739
Loop 609 (us) 116.944
Loop 610 (us) 136.497
Loop 611 (us) 155.286
Loop 612 (us) 136.127
Loop 613 (us) 124.019
Loop 614 (us) 114.724
Loop 615 (us) 153.17
Loop 616 (us) 138.839
Loop 617 (us) 127.454
Loop 618 (us) 138.7
Loop 619 (us) 115.389
Loop 620 (us) 173.634
Loop 621 (us) 140.638
Loop 622 (us) 118.837
Loop 623 (us) 171.799
Loop 624 (us) 173.314
Loop 625 (us) 116.395
Loop 626 (us) 115.984
Loop 627 (us) 185.402
Loop 628 (us) 158.404
Loop 629 (us) 167.725
Loop 630 (us) 112.144
Loop 631 (us) 175.596
Loop 632 (us) 129.395
Loop 633 (us) 142.657
Loop 634 (us) 130.291
Loop 635 (us) 114.466
Loop 636 (us) 138.229
Loop 637 (us) 159.567
Loop 638 (us) 173.353
Loop 639 (us) 153.244
Loop 640 (us) 128.193
Loop 641 (us) 118.209
Loop 642 (us) 139.881
Loop 643 (us) 136.525
Loop 644 (us) 118.714
Loop 645 (us) 142.027
Loop 646 (us) 126.488
Loop 647 (us) 117.391
Loop 648 (us) 175.687
Loop 649 (us) 177.788
Loop 650 (us) 143.895
Loop 651 (us) 135.951
Loop 652 (us) 148.436
Loop 653 (us) 150.761
Loop 654 (us) 170.489
Loop 655 (us) 181.204
Loop 656 (us) 185.298
Loop 657 (us) 182.074
Loop 658 (us) 133.126
Loop 659 (us) 177.514
Loop 660 (us) 173.225
Loop 661 (us) 177.894
Loop 662 (us) 178.086
Loop 663 (us) 181.506
Loop 664 (us) 178.193
Loop 665 (us) 137.584
Loop 666 (us) 165.926
Loop 667 (us) 176.812
Loop 668 (us) 164.519
Loop 669 (us) 171.395
Loop 670 (us) 120.557
Loop 671 (us) 107.106
Loop 672 (us) 103.965
Loop 673 (us) 98.069
Loop 674 (us) 95.975
Loop 675 (us) 131.905
Loop 676 (us) 124.51
Loop 677 (us) 131.041
Loop 678 (us) 125.807
Loop 679 (us) 156.088
Loop 680 (us) 134.527
Loop 681 (us) 154.431
Loop 682 (us) 131.396
Loop 683 (us) 137.32
Loop 684 (us) 143.173
Loop 685 (us) 120.04
Loop 686 (us) 108.972
Loop 687 (us) 131.662
Loop 688 (us) 173.171
Loop 689 (us) 130.926
Loop 690 (us) 158.534
Loop 691 (us) 183.82
Loop 692 (us) 179.028
Loop 693 (us) 171.275
Loop 694 (us) 119.044
Loop 695 (us) 168.55
Loop 696 (us) 186.399
Loop 697 (us) 109.794
Loop 698 (us) 168.522
Loop 699 (us) 155.904
Loop 700 (us) 170.532
Loop 701 (us) 161.112
Loop 702 (us) 101.116
Loop 703 (us) 101.267
Loop 704 (us) 164.897
Loop 705 (us) 142.753
Loop 706 (us) 167.605
Loop 707 (us) 122.763
Loop 708 (us) 127.706
Loop 709 (us) 133.725
Loop 710 (us) 154.975
Loop 711 (us) 110.764
Loop 712 (us) 137.539
Loop 713 (us) 137.952
Loop 714 (us) 128.373
Loop 715 (us) 100.251
Loop 716 (us) 96.516
Loop 717 (us) 162.363
Loop 718 (us) 130.705
Loop 719 (us) 190.051
Loop 720 (us) 159.586
Loop 721 (us) 146.472
Loop 722 (us) 112.703
Loop 723 (us) 108.166
Loop 724 (us) 138.346
Loop 725 (us) 135.603
Loop 726 (us) 117.105
Loop 727 (us) 123.488
Loop 728 (us) 140.424
Loop 729 (us) 160.801
Loop 730 (us) 132.392
Loop 731 (us) 174.452
Loop 732 (us) 151.403
Loop 733 (us) 152.097
Loop 734 (us) 150.123
Loop 735 (us) 175.114
Loop 736 (us) 176.323
Loop 737 (us) 185.854
Loop 738 (us) 184.71
Loop 739 (us) 144.111
Loop 740 (us) 144.219
Loop 741 (us) 143.237
Loop 742 (us) 141.876
Loop 743 (us) 132.809
Loop 744 (us) 142.883
Loop 745 (us) 120.227
Loop 746 (us) 140.098
Loop 747 (us) 133.452
Loop 748 (us) 130.158
Loop 749 (us) 132.004
Loop 750 (us) 130.547
Loop 751 (us) 106.232
Loop 752 (us) 167.921
Loop 753 (us) 169.775
Loop 754 (us) 200.033
Loop 755 (us) 180.166
Loop 756 (us) 130.78
Loop 757 (us) 179.412
Loop 758 (us) 174.392
Loop 759 (us) 147.466
Loop 760 (us) 174.56
Loop 761 (us) 204.805
Loop 762 (us) 151.831
Loop 763 (us) 175.329
Loop 764 (us) 179.373
Loop 765 (us) 181.097
Loop 766 (us) 171.048
Loop 767 (us) 152.392
Loop 768 (us) 148.581
Loop 769 (us) 181.951
Loop 770 (us) 186.752
Loop 771 (us) 147.928
Loop 772 (us) 142.271
Loop 773 (us) 145.204
Loop 774 (us) 178.098
Loop 775 (us) 191.176
Loop 776 (us) 148.921
Loop 777 (us) 142.085
Loop 778 (us) 142.941
Loop 779 (us) 148.289
Loop 780 (us) 146.081
Loop 781 (us) 184.123
Loop 782 (us) 182.957
Loop 783 (us) 146.137
Loop 784 (us) 182.907
Loop 785 (us) 134.864
Loop 786 (us) 124.122
Loop 787 (us) 172.336
Loop 788 (us) 152.265
Loop 789 (us) 149.385
Loop 790 (us) 177.809
Loop 791 (us) 180.654
Loop 792 (us) 129.629
Loop 793 (us) 144.948
Loop 794 (us) 180.821
Loop 795 (us) 183.087
Loop 796 (us) 158.624
Loop 797 (us) 192.372
Loop 798 (us) 174.175
Loop 799 (us) 141.984
Loop 800 (us) 175.006
Loop 801 (us) 169.397
Loop 802 (us) 146.716
Loop 803 (us) 127.755
Loop 804 (us) 172.255
Loop 805 (us) 169.943
Loop 806 (us) 133.516
Loop 807 (us) 133.319
Loop 808 (us) 127.615
Loop 809 (us) 176.076
Loop 810 (us) 172.785
Loop 811 (us) 117.19
Loop 812 (us) 141.062
Loop 813 (us) 139.942
Loop 814 (us) 184.964
Loop 815 (us) 134.095
Loop 816 (us) 165.329
Loop 817 (us) 166.331
Loop 818 (us) 168.375
Loop 819 (us) 144.681
Loop 820 (us) 142.989
Loop 821 (us) 117.134
Loop 822 (us) 108.017
Loop 823 (us) 128.493
Loop 824 (us) 155.332
Loop 825 (us) 160.912
Loop 826 (us) 160.136
Loop 827 (us) 150.681
Loop 828 (us) 148.713
Loop 829 (us) 145.076
Loop 830 (us) 157.658
Loop 831 (us) 109.613
Loop 832 (us) 145.137
Loop 833 (us) 149.505
Loop 834 (us) 136.486
Loop 835 (us) 150.127
Loop 836 (us) 119.596
Loop 837 (us) 139.054
Loop 838 (us) 164.194
Loop 839 (us) 180.928
Loop 840 (us) 186.188
Loop 841 (us) 180.792
Loop 842 (us) 183.012
Loop 843 (us) 124.684
Loop 844 (us) 114.614
Loop 845 (us) 180.007
Loop 846 (us) 128.931
Loop 847 (us) 137.215
Loop 848 (us) 129.318
Loop 849 (us) 138.72
Loop 850 (us) 145.185
Loop 851 (us) 125.997
Loop 852 (us) 135.407
Loop 853 (us) 158.214
Loop 854 (us) 133.194
Loop 855 (us) 174.725
Loop 856 (us) 132.325
Loop 857 (us) 175.691
Loop 858 (us) 123.705
Loop 859 (us) 159.978
Loop 860 (us) 147.513
Loop 861 (us) 128.723
Loop 862 (us) 138.586
Loop 863 (us) 131.774
Loop 864 (us) 176.2
Loop 865 (us) 199.034
Loop 866 (us) 176.494
Loop 867 (us) 173.911
Loop 868 (us) 175.153
Loop 869 (us) 171.943
Loop 870 (us) 142.439
Loop 871 (us) 138.518
Loop 872 (us) 144.26
Loop 873 (us) 120.932
Loop 874 (us) 131.4
Loop 875 (us) 139.242
Loop 876 (us) 137.957
Loop 877 (us) 155.198
Loop 878 (us) 178.753
Loop 879 (us) 181.44
Loop 880 (us) 128.991
Loop 881 (us) 117.634
Loop 882 (us) 138.105
Loop 883 (us) 135.265
Loop 884 (us) 107.597
Loop 885 (us) 132.569
Loop 886 (us) 127.754
Loop 887 (us) 117.054
Loop 888 (us) 126.343
Loop 889 (us) 147.394
Loop 890 (us) 177.181
Loop 891 (us) 131.05
Loop 892 (us) 127.626
Loop 893 (us) 181.052
Loop 894 (us) 130.791
Loop 895 (us) 160.109
Loop 896 (us) 166.902
Loop 897 (us) 124.226
Loop 898 (us) 170.04
Loop 899 (us) 152.839
Loop 900 (us) 147.811
Loop 901 (us) 147.017
Loop 902 (us) 146.556
Loop 903 (us) 138.743
Loop 904 (us) 163.386
Loop 905 (us) 135.793
Loop 906 (us) 122.895
Loop 907 (us) 117.752
Loop 908 (us) 161.313
Loop 909 (us) 152.094
Loop 910 (us) 125.643
Loop 911 (us) 164.89
Loop 912 (us) 184.364
Loop 913 (us) 128.332
Loop 914 (us) 179.654
Loop 915 (us) 173.268
Loop 916 (us) 117.72
Loop 917 (us) 140.632
Loop 918 (us) 168.584
Loop 919 (us) 164.318
Loop 920 (us) 132.655
Loop 921 (us) 131.29
Loop 922 (us) 172.839
Loop 923 (us) 157.32
Loop 924 (us) 130.793
Loop 925 (us) 116.667
Loop 926 (us) 133.108
Loop 927 (us) 136.697
Loop 928 (us) 161.229
Loop 929 (us) 159.161
Loop 930 (us) 137.588
Loop 931 (us) 161.253
Loop 932 (us) 132.66
Loop 933 (us) 147.624
Loop 934 (us) 151.876
Loop 935 (us) 134.758
Loop 936 (us) 130.81
Loop 937 (us) 110.091
Loop 938 (us) 126.501
Loop 939 (us) 120.848
Loop 940 (us) 142.487
Loop 941 (us) 126.105
Loop 942 (us) 137.262
Loop 943 (us) 120.3
Loop 944 (us) 113.293
Loop 945 (us) 137.411
Loop 946 (us) 168.673
Loop 947 (us) 176.435
Loop 948 (us) 139.995
Loop 949 (us) 180.902
Loop 950 (us) 168.734
Loop 951 (us) 130.18
Loop 952 (us) 117.767
Loop 953 (us) 171.583
Loop 954 (us) 192.639
Loop 955 (us) 183.217
Loop 956 (us) 126.305
Loop 957 (us) 184.992
Loop 958 (us) 148.827
Loop 959 (us) 139.98
Loop 960 (us) 128.155
Loop 961 (us) 176.084
Loop 962 (us) 138.209
Loop 963 (us) 124.865
Loop 964 (us) 165.726
Loop 965 (us) 154.406
Loop 966 (us) 180.349
Loop 967 (us) 169.14
Loop 968 (us) 136.362
Loop 969 (us) 144.805
Loop 970 (us) 146.902
Loop 971 (us) 114.039
Loop 972 (us) 137.148
Loop 973 (us) 128.232
Loop 974 (us) 159.826
Loop 975 (us) 165.936
Loop 976 (us) 126.485
Loop 977 (us) 133.335
Loop 978 (us) 117.537
Loop 979 (us) 100.583
Loop 980 (us) 137.858
Loop 981 (us) 120.684
Loop 982 (us) 93.655
Loop 983 (us) 124.665
Loop 984 (us) 112.016
Loop 985 (us) 160.622
Loop 986 (us) 171.838
Loop 987 (us) 144.587
Loop 988 (us) 174.704
Loop 989 (us) 127.334
Loop 990 (us) 176.593
Loop 991 (us) 151.4
Loop 992 (us) 171.241
Loop 993 (us) 180.939
Loop 994 (us) 185.248
Loop 995 (us) 194.452
Loop 996 (us) 156.602
Loop 997 (us) 164.67
Loop 998 (us) 189.175
Loop 999 (us) 150.066
Warmup times 0
avgLoopLatency(us) 163.09939300000002
iops 6131.230666198739
variance 109.08973672056665
Loop 0 [159888, 11, 87802, 38129, 13139, 19489]
Loop 1 [107649, 10, 61885, 13525, 10549, 20584]
Loop 2 [97649, 9, 53162, 12385, 10836, 20280]
Loop 3 [109480, 11, 56082, 20785, 11093, 20382]
Loop 4 [95835, 10, 50932, 13202, 10758, 19991]
Loop 5 [131117, 21, 84685, 12525, 13193, 19537]
Loop 6 [168506, 9, 111814, 20688, 17139, 17143]
Loop 7 [110947, 11, 56576, 20958, 12179, 20169]
Loop 8 [107473, 10, 54019, 19796, 12944, 19691]
Loop 9 [157916, 21, 99231, 21951, 17747, 17475]
Loop 10 [157431, 11, 98090, 23455, 17401, 17094]
Loop 11 [142343, 10, 84469, 21771, 16579, 18256]
Loop 12 [135541, 11, 76531, 23655, 15977, 17924]
Loop 13 [110431, 11, 59448, 20160, 10576, 19211]
Loop 14 [103692, 11, 55231, 18222, 9808, 19558]
Loop 15 [135112, 10, 82308, 17292, 16464, 17788]
Loop 16 [173758, 11, 66454, 74103, 12808, 19316]
Loop 17 [135474, 10, 82865, 17270, 14484, 19632]
Loop 18 [119690, 10, 68982, 19603, 10411, 19603]
Loop 19 [116756, 11, 65222, 18446, 12518, 19421]
Loop 20 [98590, 11, 50667, 17916, 8738, 20444]
Loop 21 [137420, 9, 85562, 16011, 16148, 18449]
Loop 22 [127848, 11, 71783, 23034, 12533, 19493]
Loop 23 [163304, 21, 107623, 16779, 18693, 18901]
Loop 24 [178767, 9, 117557, 23873, 17655, 18387]
Loop 25 [121863, 9, 69019, 21691, 11111, 18962]
Loop 26 [143902, 11, 87059, 20448, 15984, 19088]
Loop 27 [174136, 21, 113162, 20675, 19007, 19918]
Loop 28 [190989, 10, 124721, 24704, 20150, 19953]
Loop 29 [151951, 11, 90715, 24611, 17060, 18180]
Loop 30 [181475, 21, 116638, 22991, 19904, 20458]
Loop 31 [195979, 10, 129286, 24537, 19748, 20937]
Loop 32 [163033, 11, 92445, 27131, 17423, 24560]
Loop 33 [297431, 21, 130261, 121763, 21653, 21859]
Loop 34 [159501, 21, 81840, 27604, 26247, 22334]
Loop 35 [192470, 9, 125268, 23034, 21447, 21037]
Loop 36 [173962, 11, 100281, 26796, 18822, 26291]
Loop 37 [206971, 21, 137242, 25649, 20605, 21696]
Loop 38 [190679, 11, 124424, 20996, 21985, 21579]
Loop 39 [158117, 10, 95134, 24612, 18406, 18250]
Loop 40 [153125, 11, 89677, 26235, 17500, 18228]
Loop 41 [168928, 21, 107604, 21067, 18201, 20641]
Loop 42 [145759, 21, 85847, 22713, 13171, 22589]
Loop 43 [225966, 9, 158891, 22599, 21460, 21329]
Loop 44 [151230, 11, 88228, 26536, 16743, 18352]
Loop 45 [185975, 21, 119021, 22893, 21431, 21063]
Loop 46 [188776, 11, 121255, 26124, 19769, 20116]
Loop 47 [156505, 10, 93462, 24442, 17909, 19161]
Loop 48 [201047, 21, 123585, 25105, 29455, 21296]
Loop 49 [189739, 9, 121500, 26887, 19935, 19905]
Loop 50 [153953, 11, 90771, 26084, 17566, 18099]
Loop 51 [152846, 10, 90037, 25342, 17951, 18009]
Loop 52 [184641, 21, 117454, 24600, 20256, 20823]
Loop 53 [206137, 9, 126861, 28380, 21522, 21786]
Loop 54 [138218, 9, 77911, 26569, 13342, 19111]
Loop 55 [125613, 9, 70559, 22594, 12263, 19090]
Loop 56 [153949, 11, 93626, 21831, 18902, 17828]
Loop 57 [132686, 11, 75199, 24461, 12405, 19352]
Loop 58 [143174, 9, 85232, 21570, 16891, 18110]
Loop 59 [135111, 9, 76829, 24634, 13227, 19198]
Loop 60 [156270, 10, 94827, 23363, 18547, 17761]
Loop 61 [164094, 9, 97994, 27985, 18155, 18083]
Loop 62 [132618, 9, 72082, 27873, 13138, 18326]
Loop 63 [145876, 11, 87265, 21661, 16828, 18506]
Loop 64 [192969, 21, 122722, 24995, 21931, 21292]
Loop 65 [301257, 11, 119344, 34380, 110634, 35143]
Loop 66 [183345, 11, 67775, 74336, 26494, 13626]
Loop 67 [186298, 21, 117674, 27979, 19355, 19672]
Loop 68 [212431, 10, 144575, 25778, 18306, 21806]
Loop 69 [180536, 11, 81266, 24455, 14730, 58639]
Loop 70 [141243, 10, 85342, 20670, 15802, 18053]
Loop 71 [141147, 9, 82763, 22394, 15695, 18648]
Loop 72 [191510, 21, 127859, 23731, 19715, 18703]
Loop 73 [176713, 11, 110347, 28971, 19072, 16940]
Loop 74 [191741, 10, 115087, 39019, 18325, 17424]
Loop 75 [199002, 21, 118865, 21924, 36589, 18494]
Loop 76 [201090, 9, 133464, 28357, 19886, 17778]
Loop 77 [144570, 11, 85780, 23926, 14463, 18998]
Loop 78 [127326, 11, 74323, 21383, 10204, 20157]
Loop 79 [144331, 10, 88311, 20046, 15483, 18911]
Loop 80 [171410, 21, 112801, 19897, 19176, 17831]
Loop 81 [175085, 9, 113916, 25182, 16733, 17798]
Loop 82 [122176, 9, 69877, 21801, 9639, 19812]
Loop 83 [131635, 10, 80519, 17063, 13508, 19245]
Loop 84 [125198, 10, 73638, 20468, 9843, 20040]
Loop 85 [130501, 11, 80457, 16889, 13031, 18804]
Loop 86 [187777, 11, 120364, 20064, 32920, 12987]
Loop 87 [232058, 9, 156379, 21710, 12246, 19414]
Loop 88 [223818, 21, 138302, 20167, 16730, 17830]
Loop 89 [185843, 9, 119432, 31320, 15516, 18065]
Loop 90 [159221, 21, 99508, 23944, 15608, 18921]
Loop 91 [118267, 21, 64393, 21753, 10773, 20330]
Loop 92 [147806, 11, 96761, 16803, 15172, 17706]
Loop 93 [137554, 9, 80526, 23522, 13434, 18935]
Loop 94 [133140, 10, 80164, 19399, 12853, 19113]
Loop 95 [195909, 11, 88198, 74794, 11236, 20344]
Loop 96 [152487, 21, 90385, 26885, 16360, 17653]
Loop 97 [161516, 11, 106331, 21043, 12549, 20278]
Loop 98 [117279, 11, 68460, 19746, 7468, 20516]
Loop 99 [132928, 9, 86195, 13703, 12299, 19586]
Loop 100 [165763, 21, 111383, 17397, 14617, 20715]
Loop 101 [167597, 10, 111523, 21266, 14029, 19518]
Loop 102 [149602, 9, 94160, 22619, 10832, 20628]
Loop 103 [124487, 9, 74955, 18393, 8015, 21957]
Loop 104 [186852, 21, 129181, 17177, 16852, 22078]
Loop 105 [190879, 10, 130293, 24410, 15947, 18616]
Loop 106 [138536, 10, 84681, 21122, 9769, 21680]
Loop 107 [179893, 21, 122422, 14548, 17341, 24046]
Loop 108 [193998, 11, 134207, 24749, 16206, 17412]
Loop 109 [192555, 21, 122256, 32533, 14350, 21964]
Loop 110 [174579, 9, 117755, 21919, 16140, 17576]
Loop 111 [137681, 9, 76354, 22814, 9141, 28189]
Loop 112 [114734, 9, 69744, 14557, 8617, 20597]
Loop 113 [134136, 11, 85819, 15932, 10336, 20795]
Loop 114 [132606, 9, 84240, 17418, 9447, 20223]
Loop 115 [139523, 11, 90818, 15877, 10511, 21013]
Loop 116 [132774, 9, 82971, 18657, 11298, 18615]
Loop 117 [136633, 10, 85951, 17325, 12480, 19606]
Loop 118 [171956, 21, 116138, 17995, 16481, 19960]
Loop 119 [174941, 11, 116131, 24386, 14842, 18307]
Loop 120 [143134, 9, 88810, 22834, 11550, 18657]
Loop 121 [135719, 9, 84106, 19406, 9158, 21818]
Loop 122 [116397, 9, 69837, 15610, 9845, 19875]
Loop 123 [196223, 21, 140528, 15922, 16091, 22209]
Loop 124 [186220, 10, 127908, 22142, 15988, 18660]
Loop 125 [182021, 21, 121697, 22171, 15851, 20857]
Loop 126 [184204, 9, 126778, 23514, 14640, 17973]
Loop 127 [130521, 9, 76214, 22175, 9412, 21440]
Loop 128 [144367, 11, 94068, 16653, 11741, 20572]
Loop 129 [149612, 10, 95550, 19920, 12111, 20719]
Loop 130 [153035, 9, 102578, 18496, 11157, 19585]
Loop 131 [114020, 9, 67703, 16684, 8714, 19910]
Loop 132 [105809, 9, 61312, 14709, 9375, 19343]
Loop 133 [137852, 11, 88887, 15742, 10822, 21146]
Loop 134 [143986, 10, 92422, 18307, 11219, 20769]
Loop 135 [145372, 11, 93381, 18560, 11791, 20274]
Loop 136 [142576, 10, 91468, 18057, 10681, 21099]
Loop 137 [119809, 10, 70049, 19827, 8347, 20442]
Loop 138 [131826, 11, 85772, 13786, 10582, 20435]
Loop 139 [130564, 10, 82122, 17068, 10396, 19788]
Loop 140 [128200, 11, 80351, 17039, 9282, 20336]
Loop 141 [123068, 10, 76198, 16182, 10174, 19446]
Loop 142 [158689, 21, 106397, 15684, 14508, 20842]
Loop 143 [158220, 9, 102091, 23294, 13318, 18267]
Loop 144 [133139, 11, 80849, 21517, 9450, 20125]
Loop 145 [144423, 9, 92623, 18824, 10531, 20952]
Loop 146 [128438, 10, 81345, 16447, 10259, 19253]
Loop 147 [153170, 9, 95898, 24438, 11707, 19680]
Loop 148 [114962, 9, 67663, 17974, 8465, 19718]
Loop 149 [142929, 11, 94651, 14340, 11607, 20865]
Loop 150 [125891, 11, 75335, 17538, 11033, 20799]
Loop 151 [201902, 21, 133774, 17223, 17905, 22436]
Loop 152 [141941, 21, 81914, 24122, 11103, 23491]
Loop 153 [175142, 10, 121037, 19025, 14974, 18718]
Loop 154 [130243, 10, 75369, 22800, 9114, 21691]
Loop 155 [172008, 21, 116041, 14501, 14495, 25560]
Loop 156 [164585, 9, 110885, 20078, 14325, 17995]
Loop 157 [148673, 10, 93572, 22733, 11651, 19422]
Loop 158 [148524, 9, 95138, 19783, 11073, 21279]
Loop 159 [132717, 10, 84633, 16824, 10385, 19600]
Loop 160 [133531, 9, 85204, 15799, 11143, 20210]
Loop 161 [127658, 10, 78931, 17435, 10963, 19214]
Loop 162 [164452, 21, 110572, 15824, 15534, 21215]
Loop 163 [169496, 10, 110709, 23705, 15845, 17861]
Loop 164 [106934, 10, 56563, 21414, 7157, 20782]
Loop 165 [184061, 21, 130853, 13464, 16094, 22436]
Loop 166 [161867, 9, 106748, 21258, 14276, 18302]
Loop 167 [177405, 21, 118692, 20985, 14936, 20873]
Loop 168 [165808, 11, 110622, 19973, 15091, 18432]
Loop 169 [140307, 9, 88125, 20658, 9997, 20156]
Loop 170 [134230, 11, 87307, 14789, 9275, 21511]
Loop 171 [154530, 21, 103331, 15794, 14390, 19752]
Loop 172 [158863, 10, 104453, 20956, 13597, 18355]
Loop 173 [129896, 10, 75489, 20858, 9599, 22595]
Loop 174 [133821, 11, 88524, 13231, 10141, 20722]
Loop 175 [145743, 10, 94142, 19238, 10972, 20087]
Loop 176 [110600, 10, 65126, 16201, 7864, 20293]
Loop 177 [104231, 10, 60675, 14127, 7911, 20507]
Loop 178 [99570, 10, 56665, 14203, 7418, 20249]
Loop 179 [128230, 9, 82953, 13509, 10318, 20293]
Loop 180 [170564, 21, 115723, 16870, 15483, 20731]
Loop 181 [137184, 21, 77841, 25149, 9907, 23060]
Loop 182 [144632, 10, 96024, 16545, 12682, 18143]
Loop 183 [171412, 9, 93070, 20150, 43622, 13054]
Loop 184 [132592, 9, 84440, 17320, 7842, 21867]
Loop 185 [157965, 21, 107971, 14840, 14038, 19950]
Loop 186 [163618, 9, 108859, 21914, 12092, 19427]
Loop 187 [139562, 10, 87373, 19781, 9740, 21560]
Loop 188 [139011, 11, 89872, 16992, 9688, 21156]
Loop 189 [121240, 11, 73836, 15984, 8770, 21561]
Loop 190 [112095, 11, 67782, 14409, 8149, 20603]
Loop 191 [674354, 10, 290096, 199926, 32449, 150236]
Loop 192 [155893, 11, 96124, 25143, 14795, 18343]
Loop 193 [124096, 11, 61058, 31983, 11526, 18608]
Loop 194 [145162, 10, 87308, 22786, 16395, 17386]
Loop 195 [232387, 21, 127398, 24449, 59920, 18275]
Loop 196 [239472, 9, 127905, 70644, 22503, 16309]
Loop 197 [142255, 9, 76692, 31473, 13652, 19238]
Loop 198 [205951, 21, 120661, 21621, 44998, 17234]
Loop 199 [251891, 9, 127817, 84273, 21457, 16393]
Loop 200 [233692, 21, 133773, 33972, 46014, 18004]
Loop 201 [238359, 10, 125080, 72965, 21608, 16764]
Loop 202 [161806, 9, 93081, 33070, 16472, 17830]
Loop 203 [157651, 10, 95241, 26631, 15810, 18683]
Loop 204 [147044, 11, 83827, 28041, 16085, 17856]
Loop 205 [147461, 11, 83428, 29382, 13845, 19565]
Loop 206 [200232, 21, 116397, 24096, 41860, 16519]
Loop 207 [204597, 21, 75947, 76392, 35843, 15092]
Loop 208 [223727, 11, 123510, 60592, 21984, 16088]
Loop 209 [155454, 9, 88698, 31113, 16910, 17445]
Loop 210 [165772, 10, 97048, 32191, 16524, 18609]
Loop 211 [157771, 11, 93206, 28683, 16977, 17569]
Loop 212 [122105, 11, 63713, 25497, 11859, 19877]
Loop 213 [150680, 10, 90197, 24577, 16365, 18340]
Loop 214 [156129, 9, 92813, 27290, 15880, 18840]
Loop 215 [158275, 9, 94768, 29068, 13254, 19836]
Loop 216 [160050, 10, 98966, 26921, 15829, 17220]
Loop 217 [222544, 21, 126123, 25751, 51531, 17355]
Loop 218 [228075, 10, 119868, 70140, 20044, 16581]
Loop 219 [159114, 9, 92073, 30594, 17641, 17363]
Loop 220 [149387, 10, 86700, 28991, 13730, 18776]
Loop 221 [115590, 10, 59711, 24527, 11231, 19068]
Loop 222 [149443, 9, 91064, 21122, 17057, 18914]
Loop 223 [122022, 10, 74432, 17251, 9170, 20042]
Loop 224 [175981, 21, 121274, 15569, 17751, 19926]
Loop 225 [182351, 10, 123544, 24938, 14845, 17719]
Loop 226 [179307, 21, 120311, 20468, 15696, 21504]
Loop 227 [181350, 9, 123343, 22335, 15852, 18381]
Loop 228 [138517, 10, 84947, 21861, 10725, 19711]
Loop 229 [142729, 9, 92483, 17261, 10966, 20738]
Loop 230 [118161, 9, 70933, 16451, 9278, 20347]
Loop 231 [128524, 11, 80238, 16936, 10480, 19616]
Loop 232 [200045, 21, 144687, 18086, 15499, 20293]
Loop 233 [135930, 21, 76719, 23886, 11196, 22966]
Loop 234 [183561, 11, 128465, 18050, 16977, 18671]
Loop 235 [187856, 21, 122957, 26608, 15267, 21616]
Loop 236 [163414, 10, 106245, 22790, 14567, 18527]
Loop 237 [151742, 9, 95834, 23949, 11243, 19331]
Loop 238 [152322, 10, 97808, 20020, 12225, 20882]
Loop 239 [172441, 21, 115741, 18638, 16349, 20388]
Loop 240 [180025, 11, 121352, 23104, 16180, 17864]
Loop 241 [161152, 9, 104036, 22436, 11904, 21217]
Loop 242 [147902, 10, 95638, 19269, 10927, 20658]
Loop 243 [183975, 21, 125903, 18276, 16429, 21934]
Loop 244 [191450, 10, 129993, 24751, 16031, 19101]
Loop 245 [161456, 11, 102423, 24706, 11744, 21193]
Loop 246 [141139, 10, 91002, 17792, 10826, 20220]
Loop 247 [177367, 21, 121400, 16714, 16158, 21651]
Loop 248 [191245, 10, 120715, 35703, 15628, 17693]
Loop 249 [188627, 21, 125297, 22080, 15409, 24447]
Loop 250 [190026, 9, 131976, 20848, 15716, 19963]
Loop 251 [162496, 11, 100688, 27765, 11563, 21039]
Loop 252 [141525, 10, 89630, 20060, 10901, 19691]
Loop 253 [181681, 21, 124013, 19335, 16687, 20197]
Loop 254 [201841, 9, 129322, 35559, 16415, 18934]
Loop 255 [143053, 9, 77617, 32964, 9412, 21734]
Loop 256 [151963, 10, 100644, 16659, 12436, 20742]
Loop 257 [159194, 11, 103748, 21066, 11975, 20915]
Loop 258 [212495, 21, 152151, 19970, 16986, 21737]
Loop 259 [196400, 10, 135831, 22172, 15659, 20508]
Loop 260 [129649, 10, 74928, 23926, 7595, 22025]
Loop 261 [175828, 21, 117994, 14236, 18614, 23068]
Loop 262 [126634, 21, 71324, 22719, 7548, 23994]
Loop 263 [112892, 21, 66200, 14193, 8400, 23016]
Loop 264 [107415, 21, 60989, 15055, 7740, 22604]
Loop 265 [168440, 11, 118144, 14639, 15332, 18928]
Loop 266 [149017, 10, 95436, 21481, 10645, 20012]
Loop 267 [175435, 21, 115492, 20591, 14865, 22693]
Loop 268 [176763, 9, 120491, 21982, 13963, 18841]
Loop 269 [131296, 9, 76308, 22527, 9081, 22071]
Loop 270 [160510, 21, 108728, 15986, 13308, 21420]
Loop 271 [182452, 11, 125842, 20566, 15466, 19125]
Loop 272 [132027, 11, 76331, 24156, 9275, 21133]
Loop 273 [157436, 21, 106221, 15703, 12988, 21247]
Loop 274 [171228, 9, 116878, 20374, 14044, 18665]
Loop 275 [129605, 9, 76655, 21049, 8847, 21757]
Loop 276 [160712, 21, 103155, 17395, 13200, 25738]
Loop 277 [108490, 21, 54933, 21315, 9296, 21984]
Loop 278 [104126, 21, 52869, 15406, 8434, 26373]
Loop 279 [189349, 9, 127760, 15767, 23810, 19175]
Loop 280 [159810, 21, 101119, 23074, 14921, 19534]
Loop 281 [172765, 11, 117218, 20427, 15279, 18422]
Loop 282 [132078, 11, 76769, 22549, 9906, 21524]
Loop 283 [146736, 10, 97107, 16216, 11768, 20337]
Loop 284 [125512, 10, 75011, 18704, 9309, 21337]
Loop 285 [147303, 11, 99710, 16086, 11229, 19140]
Loop 286 [128005, 9, 79920, 17149, 10339, 19411]
Loop 287 [125613, 9, 75238, 17981, 9402, 21771]
Loop 288 [142537, 21, 93452, 15566, 13579, 18563]
Loop 289 [167854, 11, 111149, 23402, 13108, 18867]
Loop 290 [128881, 11, 75750, 21152, 9649, 21089]
Loop 291 [137419, 10, 89769, 14856, 10047, 21330]
Loop 292 [132405, 9, 82950, 18387, 9640, 20106]
Loop 293 [104929, 9, 61601, 15042, 7198, 20030]
Loop 294 [97718, 9, 56567, 12666, 7259, 20262]
Loop 295 [124912, 10, 81625, 12836, 8543, 20790]
Loop 296 [162402, 21, 105634, 21825, 13415, 20250]
Loop 297 [128422, 21, 74437, 21052, 9449, 22386]
Loop 298 [154032, 10, 104607, 15760, 12268, 20144]
Loop 299 [132364, 11, 81985, 19379, 9206, 20651]
Loop 300 [154270, 21, 103445, 16665, 12326, 20595]
Loop 301 [157621, 10, 103965, 21009, 12370, 19082]
Loop 302 [151488, 21, 97720, 18377, 12615, 21590]
Loop 303 [153332, 10, 101296, 19492, 13485, 17864]
Loop 304 [141116, 11, 88326, 20147, 10398, 21033]
Loop 305 [128023, 10, 78940, 18660, 10367, 18909]
Loop 306 [117829, 9, 71098, 16592, 8937, 20171]
Loop 307 [125890, 9, 75272, 18860, 9369, 21179]
Loop 308 [115739, 9, 69507, 15877, 8714, 20384]
Loop 309 [110888, 9, 65779, 15316, 8731, 19906]
Loop 310 [147521, 11, 98721, 15130, 12158, 20274]
Loop 311 [127668, 9, 78773, 18448, 9938, 19487]
Loop 312 [121366, 10, 74493, 16379, 9934, 19500]
Loop 313 [126080, 10, 74932, 19258, 10103, 20625]
Loop 314 [161898, 21, 108603, 17085, 14927, 19989]
Loop 315 [134768, 21, 75312, 24023, 11296, 22844]
Loop 316 [170850, 11, 117012, 19678, 14578, 18180]
Loop 317 [131316, 11, 75499, 23063, 10144, 21283]
Loop 318 [160801, 10, 110751, 14898, 14391, 19474]
Loop 319 [199985, 21, 139214, 19034, 19211, 20631]
Loop 320 [180624, 11, 120368, 24717, 16350, 17789]
Loop 321 [180061, 21, 119677, 22526, 15343, 21084]
Loop 322 [185488, 9, 127266, 21866, 16670, 18280]
Loop 323 [131052, 9, 77310, 21857, 9194, 21330]
Loop 324 [168804, 21, 114124, 17317, 15485, 20532]
Loop 325 [181092, 10, 121215, 23107, 16492, 18897]
Loop 326 [152093, 9, 96693, 22656, 11039, 20381]
Loop 327 [147212, 10, 94609, 19287, 10926, 21072]
Loop 328 [135517, 9, 85090, 19267, 10395, 19571]
Loop 329 [136155, 10, 85587, 18000, 11392, 19916]
Loop 330 [112577, 10, 64585, 17493, 8623, 20754]
Loop 331 [133878, 11, 87987, 13305, 10184, 21123]
Loop 332 [165502, 21, 111000, 18960, 14659, 19570]
Loop 333 [180654, 11, 120367, 24942, 14935, 18968]
Loop 334 [123207, 11, 70431, 22442, 9069, 20041]
Loop 335 [126976, 10, 79595, 16955, 10159, 19184]
Loop 336 [131085, 9, 80476, 19796, 9974, 19577]
Loop 337 [147627, 10, 95626, 18824, 11036, 20802]
Loop 338 [136352, 11, 87116, 18122, 10279, 19580]
Loop 339 [197296, 21, 137584, 17638, 16592, 24073]
Loop 340 [136200, 21, 76962, 23685, 10712, 23575]
Loop 341 [177914, 9, 123160, 18620, 15930, 18733]
Loop 342 [154480, 11, 98305, 23061, 11627, 20134]
Loop 343 [154990, 10, 103793, 18747, 11496, 19776]
Loop 344 [128029, 10, 75707, 19730, 10307, 21113]
Loop 345 [173350, 21, 117454, 15567, 15113, 23799]
Loop 346 [202729, 9, 138750, 23729, 17912, 20694]
Loop 347 [154480, 11, 97441, 22696, 12743, 20311]
Loop 348 [143404, 10, 90395, 20017, 11857, 19937]
Loop 349 [142812, 11, 90723, 19446, 11544, 19886]
Loop 350 [146139, 9, 94563, 18060, 11146, 21102]
Loop 351 [156732, 10, 105453, 18506, 11383, 20137]
Loop 352 [149241, 9, 95144, 20106, 11704, 20919]
Loop 353 [116793, 9, 67478, 19820, 9036, 19268]
Loop 354 [106783, 9, 63132, 14728, 6984, 20886]
Loop 355 [125421, 11, 81049, 13097, 10184, 19618]
Loop 356 [175011, 21, 118295, 17401, 17695, 19669]
Loop 357 [156359, 9, 99923, 22806, 14542, 17365]
Loop 358 [107704, 9, 58043, 20663, 7407, 20666]
Loop 359 [139920, 10, 95389, 14035, 9377, 19961]
Loop 360 [149348, 11, 100658, 17210, 9723, 20521]
Loop 361 [176592, 21, 119679, 16946, 15593, 22983]
Loop 362 [176659, 10, 118834, 22462, 14894, 19094]
Loop 363 [130468, 10, 76408, 22419, 8527, 21807]
Loop 364 [144196, 11, 93608, 15086, 20348, 13845]
Loop 365 [142131, 9, 91646, 20164, 10166, 19038]
Loop 366 [126939, 9, 75964, 19145, 8824, 21724]
Loop 367 [117313, 9, 70786, 15917, 9047, 20338]
Loop 368 [143690, 11, 97281, 14207, 10050, 20891]
Loop 369 [175646, 21, 121029, 16713, 15015, 21534]
Loop 370 [172498, 9, 116826, 22750, 13921, 17613]
Loop 371 [141616, 11, 88873, 20726, 10938, 19828]
Loop 372 [130776, 9, 82047, 18150, 10790, 18580]
Loop 373 [133636, 11, 86094, 15945, 10694, 19764]
Loop 374 [126480, 11, 80076, 16908, 11344, 17122]
Loop 375 [174487, 21, 122869, 12861, 15560, 21497]
Loop 376 [169909, 9, 114266, 21884, 14038, 18010]
Loop 377 [131753, 9, 76348, 23845, 8818, 21457]
Loop 378 [157067, 10, 108996, 15621, 11269, 19771]
Loop 379 [199364, 21, 139946, 18493, 15393, 24233]
Loop 380 [135412, 21, 75496, 24507, 10201, 23992]
Loop 381 [178956, 9, 118103, 17232, 25203, 17040]
Loop 382 [160291, 10, 104291, 23996, 11130, 19611]
Loop 383 [126933, 10, 76402, 18333, 9506, 21487]
Loop 384 [145374, 9, 94456, 17085, 11797, 20719]
Loop 385 [142514, 10, 91834, 18590, 11015, 19819]
Loop 386 [175025, 21, 119436, 16665, 16045, 21509]
Loop 387 [134969, 21, 76027, 24370, 9559, 23749]
Loop 388 [157823, 10, 107707, 17055, 13855, 17950]
Loop 389 [112084, 10, 62806, 20417, 8089, 19703]
Loop 390 [100457, 10, 57140, 14209, 8002, 20120]
Loop 391 [167169, 21, 115386, 14584, 16171, 19371]
Loop 392 [191927, 9, 127437, 23358, 15777, 19609]
Loop 393 [128600, 9, 76401, 20298, 9134, 21541]
Loop 394 [133688, 11, 84751, 14885, 10726, 21942]
Loop 395 [146233, 10, 97299, 19081, 8723, 20080]
Loop 396 [153284, 11, 102870, 18440, 10114, 20672]
Loop 397 [135778, 9, 85664, 18111, 10975, 19775]
Loop 398 [125152, 9, 75743, 17939, 8704, 21503]
Loop 399 [129088, 11, 83045, 14931, 9680, 20237]
Loop 400 [163380, 21, 110851, 16330, 15159, 19732]
Loop 401 [130203, 21, 74681, 22285, 9740, 22372]
Loop 402 [114908, 21, 67616, 15588, 8904, 21719]
Loop 403 [115581, 21, 68256, 16223, 8878, 21216]
Loop 404 [149931, 11, 101149, 15459, 13921, 18145]
Loop 405 [156221, 10, 91958, 17724, 10424, 34781]
Loop 406 [118172, 10, 73461, 14374, 8013, 21163]
Loop 407 [133467, 11, 87975, 13358, 9335, 21550]
Loop 408 [134240, 10, 85439, 17361, 10358, 19763]
Loop 409 [149888, 9, 103106, 15255, 10740, 19635]
Loop 410 [140884, 10, 92733, 18129, 9236, 19712]
Loop 411 [131042, 11, 83583, 15408, 10504, 20330]
Loop 412 [144557, 9, 93033, 18439, 11043, 20779]
Loop 413 [118778, 9, 70287, 18277, 8505, 20511]
Loop 414 [107915, 9, 64994, 13856, 7480, 20468]
Loop 415 [122832, 10, 77491, 14643, 10317, 19231]
Loop 416 [179929, 21, 121240, 19468, 18200, 19287]
Loop 417 [181744, 10, 122021, 24591, 14243, 19488]
Loop 418 [133738, 9, 81050, 21703, 10712, 19058]
Loop 419 [123347, 9, 74690, 17274, 9024, 21063]
Loop 420 [119321, 9, 70885, 17959, 9120, 20183]
Loop 421 [109088, 9, 65558, 14454, 7810, 20095]
Loop 422 [149276, 11, 100784, 15249, 11086, 20872]
Loop 423 [179772, 21, 122535, 19114, 16652, 20014]
Loop 424 [169290, 9, 111906, 23959, 14884, 17136]
Loop 425 [183154, 21, 119838, 21380, 16449, 24102]
Loop 426 [158482, 9, 103110, 22101, 14229, 17764]
Loop 427 [106009, 9, 57342, 19950, 7769, 19962]
Loop 428 [93433, 9, 52696, 12514, 6742, 20614]
Loop 429 [128060, 10, 83191, 13211, 10521, 19970]
Loop 430 [135468, 11, 85756, 17675, 10913, 19836]
Loop 431 [178282, 21, 119086, 18851, 16080, 22850]
Loop 432 [166532, 9, 107986, 23759, 15748, 17805]
Loop 433 [158393, 10, 99936, 24173, 12105, 20959]
Loop 434 [183485, 21, 125088, 20130, 14732, 22047]
Loop 435 [181229, 9, 123685, 22071, 14778, 19248]
Loop 436 [185028, 21, 119973, 25346, 16448, 21808]
Loop 437 [181535, 10, 121987, 24104, 14728, 19282]
Loop 438 [133270, 10, 76652, 24757, 8874, 21654]
Loop 439 [184034, 21, 120448, 16912, 15762, 29539]
Loop 440 [174911, 10, 117486, 23074, 14423, 18596]
Loop 441 [148162, 9, 93749, 20874, 11417, 20768]
Loop 442 [142833, 11, 91594, 18371, 11855, 19756]
Loop 443 [117616, 11, 69978, 16908, 8593, 20907]
Loop 444 [127399, 10, 82131, 14403, 10427, 19273]
Loop 445 [126699, 10, 75553, 19382, 9495, 20973]
Loop 446 [143275, 11, 95638, 16548, 10430, 19480]
Loop 447 [110774, 11, 62808, 18702, 8477, 19666]
Loop 448 [108355, 11, 58890, 20094, 8565, 19632]
Loop 449 [98122, 11, 58750, 11460, 6030, 20947]
Loop 450 [130038, 10, 85014, 9934, 20680, 13116]
Loop 451 [136099, 9, 87926, 16685, 10135, 20015]
Loop 452 [120255, 11, 72997, 18029, 7906, 20273]
Loop 453 [170205, 21, 115535, 15204, 17922, 19826]
Loop 454 [182021, 9, 121262, 24103, 15486, 19386]
Loop 455 [132811, 11, 73641, 29052, 8773, 20207]
Loop 456 [169278, 21, 116894, 14710, 15529, 20688]
Loop 457 [188532, 10, 122378, 22116, 13842, 28543]
Loop 458 [141421, 11, 89709, 22583, 7720, 20316]
Loop 459 [135024, 9, 81462, 22731, 10023, 19667]
Loop 460 [188089, 21, 131181, 16462, 15711, 23362]
Loop 461 [155529, 11, 97274, 25042, 14093, 17927]
Loop 462 [99656, 11, 49131, 22155, 7007, 20490]
Loop 463 [166370, 21, 115248, 13225, 15086, 21518]
Loop 464 [148828, 11, 94914, 21283, 13776, 17849]
Loop 465 [138076, 10, 84535, 21652, 10823, 19947]
Loop 466 [119199, 11, 71529, 18099, 8883, 19627]
Loop 467 [92423, 11, 48721, 14964, 6315, 21443]
Loop 468 [130991, 9, 87471, 10805, 11033, 20451]
Loop 469 [148005, 10, 96044, 18726, 11243, 20668]
Loop 470 [175942, 21, 114582, 20137, 16086, 23747]
Loop 471 [156055, 11, 98446, 24170, 14776, 17654]
Loop 472 [157901, 10, 98166, 26251, 11988, 20157]
Loop 473 [127547, 10, 76297, 19415, 8540, 22085]
Loop 474 [140668, 9, 93149, 14661, 10725, 20795]
Loop 475 [209732, 21, 137323, 21681, 29425, 19559]
Loop 476 [190634, 10, 130088, 24808, 16439, 17687]
Loop 477 [158850, 9, 99525, 26047, 11113, 20762]
Loop 478 [156194, 11, 102229, 19843, 12466, 20174]
Loop 479 [147898, 10, 96682, 17811, 10990, 21086]
Loop 480 [149180, 9, 96495, 19398, 10572, 21320]
Loop 481 [148011, 11, 96821, 17858, 10782, 21253]
Loop 482 [169999, 21, 114780, 17237, 17094, 19528]
Loop 483 [175947, 11, 115362, 24761, 16251, 18181]
Loop 484 [151039, 10, 93895, 23302, 11711, 20828]
Loop 485 [182950, 21, 123939, 19328, 16154, 22079]
Loop 486 [177249, 9, 120067, 21387, 15949, 18379]
Loop 487 [147886, 11, 91696, 24463, 10671, 19646]
Loop 488 [148319, 9, 95550, 18813, 11513, 21096]
Loop 489 [147710, 10, 94856, 19463, 11627, 20438]
Loop 490 [148312, 11, 96755, 17788, 11052, 21377]
Loop 491 [175688, 21, 118008, 18921, 16401, 21052]
Loop 492 [179595, 9, 119941, 24553, 15333, 18341]
Loop 493 [135472, 9, 77226, 25650, 10127, 21152]
Loop 494 [179520, 21, 121505, 15775, 16632, 24210]
Loop 495 [179485, 10, 120782, 22875, 15426, 19005]
Loop 496 [124396, 10, 74403, 18971, 8529, 21340]
Loop 497 [134307, 11, 80994, 21819, 9804, 20482]
Loop 498 [140740, 10, 92834, 16529, 10125, 20190]
Loop 499 [136960, 11, 86836, 17718, 10268, 20842]
Loop 500 [130766, 9, 83402, 16299, 9591, 20356]
Loop 501 [123625, 9, 75573, 16705, 8563, 21637]
Loop 502 [130587, 11, 83664, 15115, 10336, 20098]
Loop 503 [126039, 10, 78986, 16473, 9442, 20027]
Loop 504 [122563, 10, 74336, 17267, 7996, 21701]
Loop 505 [131127, 9, 84964, 14416, 10606, 19871]
Loop 506 [123515, 9, 75185, 17287, 8694, 21129]
Loop 507 [142950, 11, 98782, 13704, 9376, 19938]
Loop 508 [135413, 9, 83258, 21273, 8933, 20717]
Loop 509 [149217, 11, 93234, 22841, 10876, 20912]
Loop 510 [890162, 9, 78068, 781512, 9224, 20044]
Loop 511 [182598, 21, 129083, 15620, 17726, 18689]
Loop 512 [944724, 21, 72227, 840107, 9098, 22057]
Loop 513 [911928, 9, 93972, 786362, 11596, 18675]
Loop 514 [142818, 10, 87752, 23378, 10590, 19766]
Loop 515 [141273, 11, 91586, 19475, 8967, 20090]
Loop 516 [139197, 9, 86839, 20264, 9144, 21731]
Loop 517 [168416, 21, 106201, 19248, 14777, 27023]
Loop 518 [1172703, 11, 114907, 1021988, 15109, 19295]
Loop 519 [147664, 9, 90725, 25109, 10307, 20156]
Loop 520 [184720, 21, 123316, 19394, 17521, 22699]
Loop 521 [1083716, 11, 119420, 927770, 15911, 19158]
Loop 522 [157527, 10, 102028, 24036, 9887, 20282]
Loop 523 [126571, 10, 75141, 20581, 8142, 21527]
Loop 524 [1226982, 21, 112738, 1076109, 17481, 19262]
Loop 525 [1168697, 11, 118789, 1013453, 16084, 18898]
Loop 526 [186135, 21, 121127, 26478, 16733, 20400]
Loop 527 [1125009, 9, 117159, 973729, 15318, 17334]
Loop 528 [1115394, 10, 80335, 1004330, 9728, 19783]
Loop 529 [167260, 21, 109562, 20819, 15792, 19734]
Loop 530 [1032183, 21, 65874, 933841, 8665, 22565]
Loop 531 [164407, 9, 112374, 18082, 14000, 18641]
Loop 532 [179321, 21, 118317, 24898, 15549, 19204]
Loop 533 [1023168, 10, 118002, 868792, 16090, 18898]
Loop 534 [166684, 21, 103769, 26442, 15195, 19942]
Loop 535 [175949, 10, 116536, 23740, 14888, 19472]
Loop 536 [164407, 21, 101585, 26523, 15606, 19534]
Loop 537 [1004164, 10, 117120, 852036, 15599, 18067]
Loop 538 [1143736, 10, 66305, 1047618, 8459, 20086]
Loop 539 [141095, 11, 90295, 16915, 11694, 20865]
Loop 540 [173317, 9, 116742, 22883, 11627, 20535]
Loop 541 [403535, 10, 189136, 110123, 23828, 77755]
Loop 542 [133258, 10, 74257, 25512, 12576, 19756]
Loop 543 [146355, 11, 89435, 21913, 15396, 18227]
Loop 544 [188876, 21, 112259, 27872, 26380, 19952]
Loop 545 [232191, 9, 139004, 35750, 29727, 25068]
Loop 546 [179211, 11, 106699, 35924, 16887, 18380]
Loop 547 [158606, 9, 96385, 25583, 16749, 18603]
Loop 548 [134891, 9, 70156, 25064, 20141, 18398]
Loop 549 [141624, 10, 86529, 20499, 14875, 18520]
Loop 550 [138052, 10, 73892, 25597, 24039, 13318]
Loop 551 [142398, 9, 84414, 24275, 14096, 18451]
Loop 552 [117255, 9, 62042, 23074, 12609, 18473]
Loop 553 [137455, 11, 83684, 20137, 14687, 17790]
Loop 554 [188282, 21, 120241, 27123, 20508, 19004]
Loop 555 [193056, 11, 121229, 32169, 20595, 17665]
Loop 556 [132309, 11, 69856, 29773, 12321, 19068]
Loop 557 [118488, 11, 65163, 21665, 11814, 18675]
Loop 558 [126944, 9, 74451, 19570, 13722, 18190]
Loop 559 [195158, 21, 125132, 27782, 21995, 18821]
Loop 560 [186334, 10, 114820, 33591, 20365, 16160]
Loop 561 [144140, 11, 83278, 27457, 14158, 18205]
Loop 562 [153887, 10, 90493, 29017, 14785, 18285]
Loop 563 [152495, 11, 91489, 25387, 15496, 18941]
Loop 564 [150435, 9, 90627, 24411, 15272, 18787]
Loop 565 [139718, 9, 76431, 28800, 13345, 19873]
Loop 566 [146856, 10, 89401, 22206, 15658, 18363]
Loop 567 [157093, 11, 94828, 27457, 16096, 17488]
Loop 568 [187768, 21, 119164, 26829, 21410, 18905]
Loop 569 [202147, 9, 130497, 32445, 22009, 15789]
Loop 570 [145733, 9, 76090, 35422, 13966, 18995]
Loop 571 [149975, 10, 89103, 25488, 15695, 18377]
Loop 572 [157370, 9, 94662, 27921, 15587, 17930]
Loop 573 [145257, 11, 94325, 17523, 10608, 21530]
Loop 574 [149926, 10, 96872, 19519, 11343, 20849]
Loop 575 [120102, 10, 71412, 18406, 8933, 20175]
Loop 576 [109540, 10, 64877, 14454, 9292, 19913]
Loop 577 [127627, 9, 80545, 16592, 9622, 19706]
Loop 578 [145101, 11, 93221, 18683, 10475, 21316]
Loop 579 [128364, 10, 80390, 16953, 10243, 19564]
Loop 580 [141051, 9, 91461, 16964, 9803, 21567]
Loop 581 [131962, 10, 81936, 19221, 10403, 19290]
Loop 582 [140757, 9, 93591, 15446, 10336, 20181]
Loop 583 [111820, 9, 65493, 17397, 7266, 20565]
Loop 584 [116928, 10, 74278, 12500, 9523, 19572]
Loop 585 [99839, 10, 54992, 15706, 7841, 20339]
Loop 586 [141435, 11, 95888, 13857, 10712, 19927]
Loop 587 [128391, 10, 78620, 19626, 8611, 20444]
Loop 588 [119174, 9, 74248, 15090, 8879, 19956]
Loop 589 [119082, 10, 71896, 17103, 8797, 20158]
Loop 590 [135202, 9, 85782, 17052, 10104, 21109]
Loop 591 [139111, 11, 89119, 16484, 10411, 21817]
Loop 592 [148088, 9, 98605, 18125, 10483, 19729]
Loop 593 [113705, 9, 65344, 18835, 8073, 20365]
Loop 594 [111980, 10, 68820, 13516, 8629, 20113]
Loop 595 [130193, 10, 82228, 16813, 8680, 21263]
Loop 596 [143200, 11, 91596, 18371, 10962, 20939]
Loop 597 [147657, 10, 94371, 20130, 11721, 20023]
Loop 598 [161613, 21, 108102, 16831, 15155, 20159]
Loop 599 [173510, 11, 114634, 23595, 14069, 19876]
Loop 600 [172144, 21, 114882, 19560, 15155, 21220]
Loop 601 [123499, 21, 70460, 20726, 9152, 22049]
Loop 602 [176507, 11, 106399, 36301, 13990, 18561]
Loop 603 [156064, 21, 103248, 18437, 14365, 18793]
Loop 604 [152352, 9, 100344, 20351, 11762, 18753]
Loop 605 [143019, 11, 91950, 20702, 9462, 19716]
Loop 606 [146502, 21, 97670, 15456, 14143, 18116]
Loop 607 [147173, 11, 95964, 19622, 12319, 18242]
Loop 608 [134739, 10, 85002, 17509, 10127, 20948]
Loop 609 [116944, 11, 71800, 15575, 8281, 20183]
Loop 610 [136497, 21, 87307, 14756, 12398, 21014]
Loop 611 [155286, 10, 102313, 19970, 12980, 18684]
Loop 612 [136127, 9, 85625, 19108, 8995, 21283]
Loop 613 [124019, 9, 74895, 17113, 8667, 22188]
Loop 614 [114724, 9, 72724, 13259, 7299, 20482]
Loop 615 [153170, 21, 102343, 15556, 13198, 20802]
Loop 616 [138839, 11, 86824, 20648, 11479, 18724]
Loop 617 [127454, 10, 78703, 18667, 8878, 20070]
Loop 618 [138700, 11, 87407, 19305, 9619, 21109]
Loop 619 [115389, 11, 68570, 16195, 8171, 21338]
Loop 620 [173634, 21, 122273, 14803, 14511, 20792]
Loop 621 [140638, 21, 74324, 26625, 10561, 27798]
Loop 622 [118837, 21, 70072, 16404, 8425, 22771]
Loop 623 [171799, 10, 117400, 18030, 15787, 19259]
Loop 624 [173314, 21, 113970, 22957, 15090, 19940]
Loop 625 [116395, 21, 62659, 20946, 9608, 22145]
Loop 626 [115984, 21, 63345, 20532, 9490, 21656]
Loop 627 [185402, 10, 130811, 16648, 17217, 19061]
Loop 628 [158404, 9, 105516, 21079, 10573, 19935]
Loop 629 [167725, 21, 115340, 17708, 14462, 19000]
Loop 630 [112144, 21, 61412, 19731, 8343, 21753]
Loop 631 [175596, 11, 111288, 27141, 16063, 18709]
Loop 632 [129395, 11, 74854, 23261, 8446, 21694]
Loop 633 [142657, 9, 94428, 14578, 11744, 20484]
Loop 634 [130291, 9, 81446, 17545, 9148, 20986]
Loop 635 [114466, 9, 68116, 16176, 8168, 20846]
Loop 636 [138229, 10, 90525, 15693, 10619, 20047]
Loop 637 [159567, 21, 103476, 18035, 16364, 19927]
Loop 638 [173353, 11, 116476, 22909, 14760, 17908]
Loop 639 [153244, 10, 97778, 21744, 11924, 20454]
Loop 640 [128193, 10, 75840, 20397, 9392, 21303]
Loop 641 [118209, 10, 69345, 17794, 9935, 19923]
Loop 642 [139881, 9, 94288, 14514, 10588, 19385]
Loop 643 [136525, 9, 86578, 18006, 9692, 20985]
Loop 644 [118714, 9, 71188, 16548, 9136, 20646]
Loop 645 [142027, 11, 91531, 16913, 12015, 20287]
Loop 646 [126488, 11, 75138, 19338, 9682, 21016]
Loop 647 [117391, 11, 69170, 17226, 9614, 20100]
Loop 648 [175687, 21, 119768, 16551, 17067, 20916]
Loop 649 [177788, 10, 112378, 31777, 14359, 17988]
Loop 650 [143895, 11, 90653, 21714, 11900, 18351]
Loop 651 [135951, 9, 86501, 17688, 11079, 19520]
Loop 652 [148436, 10, 96885, 17761, 11955, 20511]
Loop 653 [150761, 9, 96966, 19595, 12292, 20518]
Loop 654 [170489, 21, 114325, 17545, 16837, 20350]
Loop 655 [181204, 9, 122292, 24030, 14949, 18515]
Loop 656 [185298, 21, 122264, 21799, 16461, 23301]
Loop 657 [182074, 9, 126325, 21752, 15361, 17412]
Loop 658 [133126, 11, 82325, 19736, 10839, 19037]
Loop 659 [177514, 21, 116970, 18997, 16863, 23251]
Loop 660 [173225, 10, 117067, 21300, 14509, 19033]
Loop 661 [177894, 21, 117772, 21122, 17000, 20572]
Loop 662 [178086, 10, 121303, 20383, 16038, 18948]
Loop 663 [181506, 21, 110836, 20378, 15166, 20948]
Loop 664 [178193, 11, 120965, 21234, 15175, 19505]
Loop 665 [137584, 9, 85455, 20688, 11189, 19075]
Loop 666 [165926, 21, 109044, 19656, 15977, 19901]
Loop 667 [176812, 9, 119596, 21185, 15400, 19268]
Loop 668 [164519, 21, 108547, 19408, 15214, 20093]
Loop 669 [171395, 9, 114992, 20590, 16220, 18229]
Loop 670 [120557, 9, 68242, 22353, 8958, 19860]
Loop 671 [107106, 9, 62178, 15547, 9110, 19207]
Loop 672 [103965, 9, 57945, 16861, 8391, 19788]
Loop 673 [98069, 9, 55211, 13929, 7801, 20209]
Loop 674 [95975, 9, 54665, 12538, 6868, 20877]
Loop 675 [131905, 11, 86400, 12490, 10882, 20918]
Loop 676 [124510, 11, 73990, 19372, 8781, 21132]
Loop 677 [131041, 10, 83351, 15531, 10710, 20210]
Loop 678 [125807, 10, 75172, 18607, 10107, 20661]
Loop 679 [156088, 21, 99244, 16559, 16593, 22593]
Loop 680 [134527, 21, 75469, 22816, 11136, 23873]
Loop 681 [154431, 9, 103319, 17947, 14284, 17667]
Loop 682 [131396, 9, 77253, 22075, 10167, 20691]
Loop 683 [137320, 11, 89103, 16350, 10654, 19996]
Loop 684 [143173, 9, 91031, 19739, 11295, 19717]
Loop 685 [120040, 9, 71970, 17770, 9663, 19428]
Loop 686 [108972, 9, 62484, 16516, 9448, 19456]
Loop 687 [131662, 10, 83567, 15964, 11186, 19755]
Loop 688 [173171, 21, 116907, 19171, 14740, 20944]
Loop 689 [130926, 21, 75857, 19452, 11794, 22540]
Loop 690 [158534, 9, 104470, 20194, 14981, 17583]
Loop 691 [183820, 21, 121293, 20628, 15677, 24872]
Loop 692 [179028, 10, 122487, 20738, 14921, 19589]
Loop 693 [171275, 21, 113300, 20662, 14540, 21359]
Loop 694 [119044, 21, 63395, 19547, 10455, 24584]
Loop 695 [168550, 11, 116402, 16558, 14644, 19605]
Loop 696 [186399, 21, 129160, 20805, 15564, 19588]
Loop 697 [109794, 21, 56332, 20622, 9608, 22214]
Loop 698 [168522, 11, 115396, 17474, 15159, 19162]
Loop 699 [155904, 21, 99268, 20298, 15618, 19500]
Loop 700 [170532, 10, 117186, 17860, 14327, 19900]
Loop 701 [161112, 21, 99329, 22976, 15174, 22388]
Loop 702 [101116, 21, 50477, 18916, 9094, 21714]
Loop 703 [101267, 21, 52574, 17352, 9438, 21111]
Loop 704 [164897, 11, 116444, 14789, 14249, 18297]
Loop 705 [142753, 21, 89014, 19542, 13269, 19875]
Loop 706 [167605, 10, 113904, 18812, 14474, 19218]
Loop 707 [122763, 10, 73755, 17775, 8811, 21233]
Loop 708 [127706, 11, 81539, 15377, 9807, 19814]
Loop 709 [133725, 21, 84030, 15776, 14253, 18545]
Loop 710 [154975, 11, 102114, 19980, 12681, 18914]
Loop 711 [110764, 11, 63972, 17401, 8452, 19838]
Loop 712 [137539, 9, 88061, 16322, 11416, 20537]
Loop 713 [137952, 10, 87340, 19047, 11079, 19290]
Loop 714 [128373, 11, 79336, 18456, 9496, 19988]
Loop 715 [100251, 11, 57230, 14761, 7250, 20119]
Loop 716 [96516, 11, 53384, 14535, 7437, 20291]
Loop 717 [162363, 21, 110173, 13590, 16355, 21102]
Loop 718 [130705, 21, 74938, 21547, 9783, 23168]
Loop 719 [190051, 9, 123367, 23476, 15570, 25409]
Loop 720 [159586, 10, 106836, 20949, 10254, 20237]
Loop 721 [146472, 9, 97260, 17851, 9883, 20374]
Loop 722 [112703, 9, 67774, 15799, 7358, 20675]
Loop 723 [108166, 11, 66336, 12606, 7986, 20269]
Loop 724 [138346, 10, 89465, 16836, 9338, 21611]
Loop 725 [135603, 11, 86782, 16371, 10448, 20738]
Loop 726 [117105, 11, 68082, 17238, 8821, 21945]
Loop 727 [123488, 9, 78332, 14615, 9777, 19595]
Loop 728 [140424, 10, 90324, 16973, 11483, 20414]
Loop 729 [160801, 21, 106607, 17935, 15172, 19609]
Loop 730 [132392, 21, 75920, 21630, 10809, 22911]
Loop 731 [174452, 11, 121930, 18622, 14368, 18285]
Loop 732 [151403, 10, 97664, 20157, 11192, 21066]
Loop 733 [152097, 9, 97120, 21413, 11667, 20558]
Loop 734 [150123, 10, 97417, 18664, 11794, 20901]
Loop 735 [175114, 21, 117890, 19264, 16679, 19889]
Loop 736 [176323, 10, 118071, 23047, 15038, 18807]
Loop 737 [185854, 21, 123167, 20605, 15867, 24794]
Loop 738 [184710, 9, 125837, 22784, 15199, 19425]
Loop 739 [144111, 10, 90517, 20818, 12071, 19445]
Loop 740 [144219, 9, 92760, 17897, 11640, 20741]
Loop 741 [143237, 11, 92109, 17839, 11056, 20915]
Loop 742 [141876, 9, 91043, 18313, 10800, 20560]
Loop 743 [132809, 10, 83546, 18097, 10313, 19649]
Loop 744 [142883, 11, 91777, 18015, 11029, 20688]
Loop 745 [120227, 11, 70148, 18203, 10210, 20581]
Loop 746 [140098, 10, 91137, 15696, 11246, 20758]
Loop 747 [133452, 11, 85445, 17496, 9548, 19718]
Loop 748 [130158, 9, 83375, 16233, 10127, 19211]
Loop 749 [132004, 9, 82109, 18236, 9696, 20781]
Loop 750 [130547, 11, 82660, 16719, 10360, 19556]
Loop 751 [106232, 11, 58583, 18578, 8216, 19844]
Loop 752 [167921, 21, 112835, 14964, 16252, 22570]
Loop 753 [169775, 9, 113269, 22666, 13812, 18635]
Loop 754 [200033, 21, 140928, 20725, 15990, 20992]
Loop 755 [180166, 9, 120701, 23240, 14951, 19850]
Loop 756 [130780, 11, 79104, 20645, 10240, 19657]
Loop 757 [179412, 21, 120403, 20220, 16040, 21318]
Loop 758 [174392, 10, 117111, 22287, 14789, 18865]
Loop 759 [147466, 9, 94037, 21342, 10962, 19774]
Loop 760 [174560, 21, 115070, 18797, 15617, 23663]
Loop 761 [204805, 9, 148331, 21374, 15382, 18377]
Loop 762 [151831, 11, 96300, 21493, 12894, 19860]
Loop 763 [175329, 21, 113443, 21190, 15875, 23485]
Loop 764 [179373, 11, 121167, 21743, 15115, 19984]
Loop 765 [181097, 21, 122894, 21276, 15354, 20373]
Loop 766 [171048, 9, 115383, 21616, 14086, 18649]
Loop 767 [152392, 10, 97070, 20835, 12004, 21122]
Loop 768 [148581, 11, 94828, 20871, 11635, 19906]
Loop 769 [181951, 21, 125683, 19740, 14697, 20788]
Loop 770 [186752, 11, 130618, 20037, 15807, 18947]
Loop 771 [147928, 9, 94081, 20117, 11747, 20655]
Loop 772 [142271, 11, 90026, 20397, 10815, 19729]
Loop 773 [145204, 10, 93558, 18057, 11955, 20361]
Loop 774 [178098, 21, 120130, 19449, 16099, 21126]
Loop 775 [191176, 10, 124039, 23177, 25503, 17029]
Loop 776 [148921, 9, 95615, 19683, 11082, 21233]
Loop 777 [142085, 11, 90551, 19615, 11329, 19251]
Loop 778 [142941, 10, 91899, 18894, 10780, 20062]
Loop 779 [148289, 9, 95556, 19378, 11403, 20612]
Loop 780 [146081, 10, 93765, 18861, 11383, 20765]
Loop 781 [184123, 21, 126962, 16999, 17477, 21209]
Loop 782 [182957, 11, 121870, 24153, 16017, 19499]
Loop 783 [146137, 10, 91031, 21998, 11985, 19835]
Loop 784 [182907, 21, 121497, 21931, 16773, 21206]
Loop 785 [134864, 21, 76475, 21082, 10939, 25125]
Loop 786 [124122, 21, 70201, 19116, 10197, 23384]
Loop 787 [172336, 11, 117102, 18974, 15363, 19552]
Loop 788 [152265, 10, 97548, 20173, 11747, 21346]
Loop 789 [149385, 9, 95676, 19439, 12405, 20521]
Loop 790 [177809, 21, 119087, 20654, 15904, 20791]
Loop 791 [180654, 11, 123391, 21607, 15002, 19208]
Loop 792 [129629, 11, 75313, 21838, 10515, 20678]
Loop 793 [144948, 10, 92365, 18483, 12239, 20518]
Loop 794 [180821, 21, 121266, 19947, 17274, 20846]
Loop 795 [183087, 10, 123575, 22970, 15991, 19087]
Loop 796 [158624, 11, 104544, 22292, 10767, 19796]
Loop 797 [192372, 21, 133247, 20694, 15500, 21400]
Loop 798 [174175, 10, 118965, 19947, 15302, 18582]
Loop 799 [141984, 11, 89925, 19210, 11856, 19608]
Loop 800 [175006, 21, 115395, 18314, 17355, 22567]
Loop 801 [169397, 10, 113592, 21816, 15040, 17635]
Loop 802 [146716, 9, 93565, 19427, 11703, 20758]
Loop 803 [127755, 9, 75967, 19959, 10130, 20408]
Loop 804 [172255, 21, 115601, 17107, 17581, 20573]
Loop 805 [169943, 10, 112608, 24066, 14663, 17342]
Loop 806 [133516, 10, 79882, 22548, 9772, 19927]
Loop 807 [133319, 9, 87163, 15127, 9494, 20214]
Loop 808 [127615, 10, 81456, 16048, 8894, 20067]
Loop 809 [176076, 21, 119204, 16722, 17989, 20371]
Loop 810 [172785, 9, 117176, 20722, 13909, 19583]
Loop 811 [117190, 9, 69258, 18082, 8163, 20544]
Loop 812 [141062, 11, 92318, 15749, 11895, 19723]
Loop 813 [139942, 10, 89355, 19499, 10550, 19319]
Loop 814 [184964, 21, 119422, 17661, 27003, 19422]
Loop 815 [134095, 21, 76519, 23658, 10915, 21808]
Loop 816 [165329, 11, 111986, 18176, 14040, 19740]
Loop 817 [166331, 21, 109826, 19378, 15745, 20074]
Loop 818 [168375, 10, 113044, 20542, 13689, 19696]
Loop 819 [144681, 11, 93230, 19205, 9726, 21199]
Loop 820 [142989, 10, 91336, 19015, 11353, 20137]
Loop 821 [117134, 10, 70310, 16620, 8823, 20216]
Loop 822 [108017, 10, 64697, 13949, 8136, 20204]
Loop 823 [128493, 11, 82481, 14369, 10013, 20442]
Loop 824 [155332, 21, 102459, 17615, 14662, 19483]
Loop 825 [160912, 11, 106511, 19719, 13562, 19763]
Loop 826 [160136, 21, 105554, 18662, 13809, 20889]
Loop 827 [150681, 11, 99488, 18684, 12058, 19274]
Loop 828 [148713, 21, 95682, 16729, 13833, 21277]
Loop 829 [145076, 9, 95186, 18273, 11447, 19070]
Loop 830 [157658, 21, 98600, 17638, 21044, 19157]
Loop 831 [109613, 21, 59841, 19245, 8557, 21004]
Loop 832 [145137, 11, 97263, 15519, 13033, 18159]
Loop 833 [149505, 9, 99054, 18332, 10238, 20771]
Loop 834 [136486, 10, 89310, 17070, 9598, 19408]
Loop 835 [150127, 11, 100171, 16803, 10712, 21050]
Loop 836 [119596, 11, 69971, 18543, 9980, 19892]
Loop 837 [139054, 9, 90353, 15888, 10755, 20791]
Loop 838 [164194, 21, 108394, 18937, 15827, 19680]
Loop 839 [180928, 10, 122622, 22666, 15022, 19211]
Loop 840 [186188, 21, 125302, 22111, 15920, 21347]
Loop 841 [180792, 9, 121744, 23115, 16091, 18339]
Loop 842 [183012, 21, 123478, 20791, 17245, 20223]
Loop 843 [124684, 21, 67236, 23117, 10900, 22181]
Loop 844 [114614, 21, 62241, 19247, 9976, 22174]
Loop 845 [180007, 9, 126407, 19297, 14140, 18914]
Loop 846 [128931, 9, 76401, 20330, 9753, 21240]
Loop 847 [137215, 11, 85225, 19242, 12302, 19182]
Loop 848 [129318, 11, 75268, 22048, 9054, 21774]
Loop 849 [138720, 9, 88393, 16986, 11766, 20315]
Loop 850 [145185, 10, 93578, 18074, 11496, 20771]
Loop 851 [125997, 10, 76398, 17491, 9512, 21346]
Loop 852 [135407, 9, 85755, 18094, 11283, 19050]
Loop 853 [158214, 21, 103074, 17953, 16398, 19545]
Loop 854 [133194, 21, 74884, 23050, 10989, 23144]
Loop 855 [174725, 10, 120072, 19724, 14720, 18865]
Loop 856 [132325, 10, 76702, 23552, 10458, 20391]
Loop 857 [175691, 21, 116949, 17403, 16433, 23492]
Loop 858 [123705, 21, 67200, 21617, 11381, 22352]
Loop 859 [159978, 9, 108444, 18011, 13977, 18278]
Loop 860 [147513, 11, 94046, 21116, 11028, 19997]
Loop 861 [128723, 11, 75626, 21300, 9703, 20812]
Loop 862 [138586, 10, 89415, 16665, 11999, 19271]
Loop 863 [131774, 10, 77173, 21737, 10592, 20949]
Loop 864 [176200, 21, 119870, 18529, 16477, 19991]
Loop 865 [199034, 9, 137527, 24240, 16464, 19272]
Loop 866 [176494, 21, 117719, 20555, 15754, 20993]
Loop 867 [173911, 9, 116959, 22192, 15001, 18365]
Loop 868 [175153, 21, 114290, 22693, 16468, 20341]
Loop 869 [171943, 9, 114918, 23655, 13940, 18117]
Loop 870 [142439, 10, 90388, 19026, 11935, 19894]
Loop 871 [138518, 9, 87084, 20073, 11074, 19018]
Loop 872 [144260, 10, 92601, 17177, 12596, 20671]
Loop 873 [120932, 10, 70044, 20103, 9668, 19932]
Loop 874 [131400, 11, 82790, 16358, 11504, 19488]
Loop 875 [139242, 10, 86444, 20845, 11209, 19497]
Loop 876 [137957, 9, 87705, 19516, 10820, 18916]
Loop 877 [155198, 11, 100598, 20284, 12743, 20180]
Loop 878 [178753, 21, 120312, 18288, 17494, 21246]
Loop 879 [181440, 9, 123364, 21473, 16348, 18824]
Loop 880 [128991, 9, 75486, 21697, 9700, 20838]
Loop 881 [117634, 9, 69925, 16569, 9483, 20456]
Loop 882 [138105, 10, 80647, 15433, 20851, 20031]
Loop 883 [135265, 9, 85202, 19001, 10203, 19642]
Loop 884 [107597, 9, 61680, 16414, 8235, 20200]
Loop 885 [132569, 11, 84258, 16017, 12003, 19084]
Loop 886 [127754, 11, 74734, 21049, 9502, 21206]
Loop 887 [117054, 11, 69247, 17126, 8438, 21024]
Loop 888 [126343, 9, 77125, 18114, 10940, 19030]
Loop 889 [147394, 10, 93598, 19890, 12396, 20164]
Loop 890 [177181, 9, 120961, 22704, 11363, 20665]
Loop 891 [131050, 10, 84328, 16145, 9064, 20376]
Loop 892 [127626, 11, 82199, 14571, 9253, 20332]
Loop 893 [181052, 21, 123495, 17664, 17825, 20263]
Loop 894 [130791, 21, 75496, 21166, 10123, 22834]
Loop 895 [160109, 9, 108288, 18232, 13416, 18950]
Loop 896 [166902, 21, 111952, 18927, 14322, 20367]
Loop 897 [124226, 21, 71246, 20496, 9926, 21573]
Loop 898 [170040, 11, 117018, 17681, 15011, 19028]
Loop 899 [152839, 9, 98292, 21327, 10795, 21136]
Loop 900 [147811, 10, 94938, 20160, 11659, 19718]
Loop 901 [147017, 9, 94894, 18396, 10872, 21534]
Loop 902 [146556, 10, 95495, 17048, 11894, 20754]
Loop 903 [138743, 9, 88858, 18057, 10438, 20151]
Loop 904 [163386, 21, 109203, 17057, 15320, 20514]
Loop 905 [135793, 21, 76509, 22496, 11337, 24116]
Loop 906 [122895, 21, 70369, 18099, 10608, 22688]
Loop 907 [117752, 21, 64862, 19188, 10238, 22378]
Loop 908 [161313, 9, 109568, 17831, 14534, 18054]
Loop 909 [152094, 11, 97805, 20221, 12272, 20375]
Loop 910 [125643, 11, 74988, 18573, 9426, 21339]
Loop 911 [164890, 21, 110343, 16855, 15705, 20708]
Loop 912 [184364, 10, 126153, 22583, 15222, 18930]
Loop 913 [128332, 10, 76345, 20011, 10244, 20478]
Loop 914 [179654, 21, 123640, 16422, 16599, 21554]
Loop 915 [173268, 10, 116293, 21797, 15364, 18426]
Loop 916 [117720, 10, 67540, 20576, 8310, 20176]
Loop 917 [140632, 9, 91328, 15743, 11446, 20788]
Loop 918 [168584, 21, 112460, 19623, 15078, 20078]
Loop 919 [164318, 10, 110269, 21073, 13414, 18298]
Loop 920 [132655, 11, 82874, 18368, 10684, 19520]
Loop 921 [131290, 10, 82088, 18363, 10469, 19205]
Loop 922 [172839, 21, 112966, 22740, 15226, 20635]
Loop 923 [157320, 10, 100708, 23826, 13950, 17619]
Loop 924 [130793, 9, 84951, 13955, 10104, 20661]
Loop 925 [116667, 10, 69047, 18042, 8881, 19690]
Loop 926 [133108, 9, 85171, 15677, 9890, 21233]
Loop 927 [136697, 11, 87200, 17149, 9529, 21557]
Loop 928 [161229, 21, 108275, 16942, 14307, 20434]
Loop 929 [159161, 11, 105252, 19716, 13050, 19870]
Loop 930 [137588, 9, 88882, 17842, 9246, 20477]
Loop 931 [161253, 21, 103835, 15376, 20625, 20160]
Loop 932 [132660, 10, 83600, 18529, 10480, 19059]
Loop 933 [147624, 21, 96662, 16432, 13529, 19780]
Loop 934 [151876, 10, 100849, 16974, 11861, 21069]
Loop 935 [134758, 9, 85967, 16850, 9124, 21644]
Loop 936 [130810, 10, 83116, 16231, 9791, 20493]
Loop 937 [110091, 10, 64273, 16607, 8405, 19806]
Loop 938 [126501, 11, 80307, 14868, 9986, 20193]
Loop 939 [120848, 11, 73160, 16054, 8901, 21527]
Loop 940 [142487, 9, 95399, 15417, 10207, 20374]
Loop 941 [126105, 10, 78672, 16659, 10330, 19370]
Loop 942 [137262, 9, 85959, 19055, 10989, 20018]
Loop 943 [120300, 9, 70235, 19242, 9330, 20284]
Loop 944 [113293, 9, 64659, 18406, 9444, 19689]
Loop 945 [137411, 10, 90162, 14110, 10625, 21299]
Loop 946 [168673, 21, 113650, 17758, 16298, 19560]
Loop 947 [176435, 10, 118483, 22853, 14848, 18931]
Loop 948 [139995, 11, 87951, 19017, 11571, 20119]
Loop 949 [180902, 21, 122615, 18794, 16977, 21095]
Loop 950 [168734, 9, 111447, 23832, 14552, 17561]
Loop 951 [130180, 9, 76568, 21868, 8941, 21514]
Loop 952 [117767, 9, 70665, 16935, 8748, 20141]
Loop 953 [171583, 21, 117269, 14665, 16909, 21336]
Loop 954 [192639, 11, 134176, 22346, 15777, 18945]
Loop 955 [183217, 21, 123011, 21433, 15827, 21547]
Loop 956 [126305, 21, 70957, 21147, 10242, 22786]
Loop 957 [184992, 11, 128209, 20027, 15543, 19834]
Loop 958 [148827, 10, 90250, 25928, 11514, 19858]
Loop 959 [139980, 9, 88053, 20588, 11252, 18893]
Loop 960 [128155, 9, 76358, 19452, 10123, 21063]
Loop 961 [176084, 21, 116039, 19218, 16432, 22997]
Loop 962 [138209, 21, 75796, 23635, 11206, 26251]
Loop 963 [124865, 21, 71031, 19881, 9625, 23131]
Loop 964 [165726, 9, 113542, 16398, 16618, 17831]
Loop 965 [154406, 10, 98152, 21724, 12920, 20274]
Loop 966 [180349, 21, 117407, 21463, 15516, 24540]
Loop 967 [169140, 11, 113141, 21486, 14656, 18451]
Loop 968 [136362, 11, 82432, 20822, 11142, 20621]
Loop 969 [144805, 9, 94255, 16895, 11337, 20993]
Loop 970 [146902, 11, 93224, 21086, 11605, 19571]
Loop 971 [114039, 11, 66632, 17573, 9018, 19655]
Loop 972 [137148, 9, 89096, 15061, 11507, 20243]
Loop 973 [128232, 9, 77069, 20219, 10176, 19526]
Loop 974 [159826, 21, 108810, 13625, 17056, 18700]
Loop 975 [165936, 11, 110879, 20542, 14106, 18414]
Loop 976 [126485, 9, 78390, 18286, 8837, 19885]
Loop 977 [133335, 11, 86357, 14702, 9713, 21330]
Loop 978 [117537, 9, 71827, 15607, 9188, 19837]
Loop 979 [100583, 9, 55306, 16219, 7528, 20508]
Loop 980 [137858, 10, 91021, 13293, 11658, 20548]
Loop 981 [120684, 9, 73169, 17635, 8986, 19903]
Loop 982 [93655, 9, 49878, 14993, 7372, 20537]
Loop 983 [124665, 11, 80586, 13187, 9805, 20009]
Loop 984 [112016, 9, 66037, 16402, 7969, 20566]
Loop 985 [160622, 21, 110106, 13729, 13920, 21644]
Loop 986 [171838, 10, 116151, 19733, 14638, 19709]
Loop 987 [144587, 11, 91944, 19666, 10845, 20825]
Loop 988 [174704, 21, 117139, 17043, 15376, 23726]
Loop 989 [127334, 21, 70816, 22364, 10718, 22311]
Loop 990 [176593, 10, 121713, 18620, 15289, 19562]
Loop 991 [151400, 11, 97010, 20995, 10364, 21610]
Loop 992 [171241, 21, 115550, 18139, 16258, 19990]
Loop 993 [180939, 9, 112624, 20989, 25842, 20020]
Loop 994 [185248, 21, 124849, 22730, 15530, 20779]
Loop 995 [194452, 11, 138758, 20543, 14771, 19224]
Loop 996 [156602, 10, 100745, 22392, 10985, 21212]
Loop 997 [164670, 21, 108803, 18817, 14902, 20834]
Loop 998 [189175, 11, 129047, 21138, 17010, 20338]
Loop 999 [150066, 10, 94942, 21876, 10500, 21481]
replicas primary file /tmp262144hydra39.dat capacity 65536
replicas slave file /tmp262144hydra39.datLQL0 capacity 65536
replicas slave file /tmp262144hydra39.datLQL1 capacity 65536
replicas slave file /tmp262144hydra39.datLQL2 capacity 65536
replicas slave file /tmp262144hydra39.datLQL3 capacity 65536
replicas slave file /tmp262144hydra39.datLQL4 capacity 65536
