writeECPipeline, filename /tmp262144eccache1.dat, size 262144, encodingSplitSize 65536, loop 1000, storageClass 0, locationClass 0, pureMonECSubStripeNum 1, isPureMonEC false
starting benchmark...
CrailConstants.REPLICATION_FACTOR has changed to 5
replicas primary file /tmp262144eccache1.dat capacity 0
replicas slave file /tmp262144eccache1.datLQL0 capacity 0
replicas slave file /tmp262144eccache1.datLQL1 capacity 0
replicas slave file /tmp262144eccache1.datLQL2 capacity 0
replicas slave file /tmp262144eccache1.datLQL3 capacity 0
replicas slave file /tmp262144eccache1.datLQL4 capacity 0
ops 1000
final loop (us) 171.601
Loop 0 (us) 136.657
Loop 1 (us) 125.812
Loop 2 (us) 131.579
Loop 3 (us) 114.425
Loop 4 (us) 130.18
Loop 5 (us) 137.727
Loop 6 (us) 126.778
Loop 7 (us) 170.033
Loop 8 (us) 158.195
Loop 9 (us) 196.15
Loop 10 (us) 153.818
Loop 11 (us) 170.712
Loop 12 (us) 170.883
Loop 13 (us) 177.421
Loop 14 (us) 188.241
Loop 15 (us) 131.199
Loop 16 (us) 199.264
Loop 17 (us) 159.971
Loop 18 (us) 183.476
Loop 19 (us) 171.625
Loop 20 (us) 163.504
Loop 21 (us) 152.632
Loop 22 (us) 144.337
Loop 23 (us) 127.573
Loop 24 (us) 122.326
Loop 25 (us) 165.476
Loop 26 (us) 141.207
Loop 27 (us) 119.218
Loop 28 (us) 177.622
Loop 29 (us) 166.07
Loop 30 (us) 159.121
Loop 31 (us) 180.096
Loop 32 (us) 180.236
Loop 33 (us) 172.308
Loop 34 (us) 177.95
Loop 35 (us) 165.933
Loop 36 (us) 150.422
Loop 37 (us) 165.121
Loop 38 (us) 172.206
Loop 39 (us) 128.755
Loop 40 (us) 159.115
Loop 41 (us) 148.586
Loop 42 (us) 152.086
Loop 43 (us) 172.879
Loop 44 (us) 161.122
Loop 45 (us) 170.235
Loop 46 (us) 157.123
Loop 47 (us) 156.545
Loop 48 (us) 190.621
Loop 49 (us) 172.068
Loop 50 (us) 168.907
Loop 51 (us) 145.864
Loop 52 (us) 145.692
Loop 53 (us) 183.04
Loop 54 (us) 169.606
Loop 55 (us) 174.156
Loop 56 (us) 167.351
Loop 57 (us) 172.354
Loop 58 (us) 141.025
Loop 59 (us) 151.116
Loop 60 (us) 151.295
Loop 61 (us) 143.416
Loop 62 (us) 183.041
Loop 63 (us) 183.73
Loop 64 (us) 141.364
Loop 65 (us) 197.515
Loop 66 (us) 175.163
Loop 67 (us) 169.435
Loop 68 (us) 136.91
Loop 69 (us) 178.551
Loop 70 (us) 202.932
Loop 71 (us) 189.001
Loop 72 (us) 158.366
Loop 73 (us) 159.52
Loop 74 (us) 184.796
Loop 75 (us) 145.994
Loop 76 (us) 158.435
Loop 77 (us) 160.109
Loop 78 (us) 168.76
Loop 79 (us) 158.834
Loop 80 (us) 156.817
Loop 81 (us) 198.699
Loop 82 (us) 156.275
Loop 83 (us) 146.433
Loop 84 (us) 203.91
Loop 85 (us) 161.382
Loop 86 (us) 207.839
Loop 87 (us) 218.615
Loop 88 (us) 206.087
Loop 89 (us) 165.653
Loop 90 (us) 207.527
Loop 91 (us) 152.028
Loop 92 (us) 159.182
Loop 93 (us) 161.165
Loop 94 (us) 152.451
Loop 95 (us) 163.858
Loop 96 (us) 167.692
Loop 97 (us) 137.523
Loop 98 (us) 157.573
Loop 99 (us) 203.839
Loop 100 (us) 177.898
Loop 101 (us) 146.264
Loop 102 (us) 178.813
Loop 103 (us) 179.642
Loop 104 (us) 154.412
Loop 105 (us) 147.625
Loop 106 (us) 152.786
Loop 107 (us) 167.999
Loop 108 (us) 185.114
Loop 109 (us) 173.929
Loop 110 (us) 200.594
Loop 111 (us) 177.459
Loop 112 (us) 175.101
Loop 113 (us) 173.123
Loop 114 (us) 160.402
Loop 115 (us) 177.551
Loop 116 (us) 172.415
Loop 117 (us) 173.709
Loop 118 (us) 180.062
Loop 119 (us) 136.613
Loop 120 (us) 132.273
Loop 121 (us) 161.142
Loop 122 (us) 149.214
Loop 123 (us) 143.5
Loop 124 (us) 194.699
Loop 125 (us) 155.894
Loop 126 (us) 149.773
Loop 127 (us) 146.063
Loop 128 (us) 140.837
Loop 129 (us) 186.569
Loop 130 (us) 158.647
Loop 131 (us) 192.863
Loop 132 (us) 145.465
Loop 133 (us) 136.005
Loop 134 (us) 202.576
Loop 135 (us) 180.816
Loop 136 (us) 195.361
Loop 137 (us) 173.785
Loop 138 (us) 185.956
Loop 139 (us) 200.379
Loop 140 (us) 176.518
Loop 141 (us) 153.498
Loop 142 (us) 728.081
Loop 143 (us) 181.241
Loop 144 (us) 176.061
Loop 145 (us) 267.765
Loop 146 (us) 219.371
Loop 147 (us) 147.424
Loop 148 (us) 168.044
Loop 149 (us) 199.982
Loop 150 (us) 173.899
Loop 151 (us) 181.678
Loop 152 (us) 167.932
Loop 153 (us) 171.543
Loop 154 (us) 155.693
Loop 155 (us) 130.774
Loop 156 (us) 172.787
Loop 157 (us) 164.619
Loop 158 (us) 157.069
Loop 159 (us) 150.279
Loop 160 (us) 154.221
Loop 161 (us) 275.89
Loop 162 (us) 229.932
Loop 163 (us) 159.001
Loop 164 (us) 152.564
Loop 165 (us) 146.164
Loop 166 (us) 168.434
Loop 167 (us) 171.324
Loop 168 (us) 137.586
Loop 169 (us) 130.241
Loop 170 (us) 127.535
Loop 171 (us) 165.628
Loop 172 (us) 251.303
Loop 173 (us) 220.918
Loop 174 (us) 160.226
Loop 175 (us) 173.802
Loop 176 (us) 145.317
Loop 177 (us) 170.137
Loop 178 (us) 207.926
Loop 179 (us) 223.826
Loop 180 (us) 220.893
Loop 181 (us) 216.129
Loop 182 (us) 174.818
Loop 183 (us) 226.599
Loop 184 (us) 200.652
Loop 185 (us) 153.614
Loop 186 (us) 210.677
Loop 187 (us) 210.498
Loop 188 (us) 197.026
Loop 189 (us) 184.189
Loop 190 (us) 216.843
Loop 191 (us) 207.615
Loop 192 (us) 181.839
Loop 193 (us) 192.085
Loop 194 (us) 177.403
Loop 195 (us) 135.481
Loop 196 (us) 206.914
Loop 197 (us) 188.354
Loop 198 (us) 168.042
Loop 199 (us) 180.568
Loop 200 (us) 218.109
Loop 201 (us) 232.01
Loop 202 (us) 178.493
Loop 203 (us) 153.531
Loop 204 (us) 175.192
Loop 205 (us) 160.194
Loop 206 (us) 170.229
Loop 207 (us) 213.166
Loop 208 (us) 202.519
Loop 209 (us) 173.395
Loop 210 (us) 184.712
Loop 211 (us) 167.583
Loop 212 (us) 160.286
Loop 213 (us) 180.191
Loop 214 (us) 159.0
Loop 215 (us) 218.659
Loop 216 (us) 218.562
Loop 217 (us) 153.097
Loop 218 (us) 213.538
Loop 219 (us) 204.36
Loop 220 (us) 174.039
Loop 221 (us) 223.904
Loop 222 (us) 198.819
Loop 223 (us) 173.986
Loop 224 (us) 153.415
Loop 225 (us) 147.167
Loop 226 (us) 213.679
Loop 227 (us) 161.44
Loop 228 (us) 155.487
Loop 229 (us) 228.146
Loop 230 (us) 188.648
Loop 231 (us) 211.482
Loop 232 (us) 147.919
Loop 233 (us) 140.137
Loop 234 (us) 135.358
Loop 235 (us) 135.883
Loop 236 (us) 196.508
Loop 237 (us) 198.702
Loop 238 (us) 128.248
Loop 239 (us) 124.824
Loop 240 (us) 189.948
Loop 241 (us) 171.225
Loop 242 (us) 121.121
Loop 243 (us) 196.102
Loop 244 (us) 173.182
Loop 245 (us) 173.78
Loop 246 (us) 122.615
Loop 247 (us) 208.737
Loop 248 (us) 174.166
Loop 249 (us) 193.477
Loop 250 (us) 173.83
Loop 251 (us) 196.405
Loop 252 (us) 197.715
Loop 253 (us) 181.987
Loop 254 (us) 126.324
Loop 255 (us) 201.232
Loop 256 (us) 180.785
Loop 257 (us) 192.005
Loop 258 (us) 176.558
Loop 259 (us) 174.11
Loop 260 (us) 163.46
Loop 261 (us) 160.603
Loop 262 (us) 137.24
Loop 263 (us) 178.521
Loop 264 (us) 155.793
Loop 265 (us) 157.246
Loop 266 (us) 208.184
Loop 267 (us) 210.378
Loop 268 (us) 221.026
Loop 269 (us) 166.083
Loop 270 (us) 159.726
Loop 271 (us) 143.673
Loop 272 (us) 192.987
Loop 273 (us) 194.408
Loop 274 (us) 173.396
Loop 275 (us) 158.429
Loop 276 (us) 174.1
Loop 277 (us) 161.33
Loop 278 (us) 151.032
Loop 279 (us) 215.704
Loop 280 (us) 310.046
Loop 281 (us) 239.962
Loop 282 (us) 204.58
Loop 283 (us) 175.323
Loop 284 (us) 174.971
Loop 285 (us) 232.554
Loop 286 (us) 213.564
Loop 287 (us) 183.201
Loop 288 (us) 224.653
Loop 289 (us) 197.327
Loop 290 (us) 175.328
Loop 291 (us) 211.666
Loop 292 (us) 194.82
Loop 293 (us) 181.416
Loop 294 (us) 206.089
Loop 295 (us) 194.037
Loop 296 (us) 137.332
Loop 297 (us) 193.088
Loop 298 (us) 138.726
Loop 299 (us) 203.351
Loop 300 (us) 172.865
Loop 301 (us) 161.846
Loop 302 (us) 155.556
Loop 303 (us) 175.211
Loop 304 (us) 194.84
Loop 305 (us) 202.23
Loop 306 (us) 170.445
Loop 307 (us) 214.413
Loop 308 (us) 154.212
Loop 309 (us) 148.214
Loop 310 (us) 208.249
Loop 311 (us) 198.916
Loop 312 (us) 198.104
Loop 313 (us) 165.885
Loop 314 (us) 172.058
Loop 315 (us) 177.14
Loop 316 (us) 147.52
Loop 317 (us) 142.527
Loop 318 (us) 165.785
Loop 319 (us) 213.271
Loop 320 (us) 208.646
Loop 321 (us) 197.975
Loop 322 (us) 155.355
Loop 323 (us) 172.691
Loop 324 (us) 218.077
Loop 325 (us) 225.81
Loop 326 (us) 201.683
Loop 327 (us) 170.831
Loop 328 (us) 213.494
Loop 329 (us) 209.181
Loop 330 (us) 175.336
Loop 331 (us) 149.962
Loop 332 (us) 214.64
Loop 333 (us) 217.239
Loop 334 (us) 165.203
Loop 335 (us) 171.155
Loop 336 (us) 166.381
Loop 337 (us) 175.751
Loop 338 (us) 169.528
Loop 339 (us) 221.372
Loop 340 (us) 194.251
Loop 341 (us) 211.553
Loop 342 (us) 181.697
Loop 343 (us) 171.557
Loop 344 (us) 153.318
Loop 345 (us) 156.17
Loop 346 (us) 165.602
Loop 347 (us) 147.893
Loop 348 (us) 203.555
Loop 349 (us) 166.996
Loop 350 (us) 183.553
Loop 351 (us) 244.573
Loop 352 (us) 155.31
Loop 353 (us) 206.574
Loop 354 (us) 150.117
Loop 355 (us) 157.487
Loop 356 (us) 187.529
Loop 357 (us) 196.261
Loop 358 (us) 163.902
Loop 359 (us) 207.47
Loop 360 (us) 211.473
Loop 361 (us) 154.436
Loop 362 (us) 170.892
Loop 363 (us) 154.316
Loop 364 (us) 182.569
Loop 365 (us) 170.844
Loop 366 (us) 176.866
Loop 367 (us) 171.103
Loop 368 (us) 168.387
Loop 369 (us) 169.175
Loop 370 (us) 176.531
Loop 371 (us) 162.13
Loop 372 (us) 158.796
Loop 373 (us) 170.413
Loop 374 (us) 216.972
Loop 375 (us) 194.045
Loop 376 (us) 137.409
Loop 377 (us) 131.42
Loop 378 (us) 127.233
Loop 379 (us) 163.889
Loop 380 (us) 150.865
Loop 381 (us) 157.067
Loop 382 (us) 234.968
Loop 383 (us) 194.948
Loop 384 (us) 219.159
Loop 385 (us) 151.699
Loop 386 (us) 207.041
Loop 387 (us) 197.065
Loop 388 (us) 199.803
Loop 389 (us) 168.599
Loop 390 (us) 169.595
Loop 391 (us) 228.079
Loop 392 (us) 200.155
Loop 393 (us) 201.178
Loop 394 (us) 187.162
Loop 395 (us) 154.373
Loop 396 (us) 171.769
Loop 397 (us) 141.538
Loop 398 (us) 153.439
Loop 399 (us) 159.144
Loop 400 (us) 164.137
Loop 401 (us) 172.091
Loop 402 (us) 154.405
Loop 403 (us) 141.718
Loop 404 (us) 150.296
Loop 405 (us) 151.797
Loop 406 (us) 159.341
Loop 407 (us) 166.089
Loop 408 (us) 153.574
Loop 409 (us) 201.739
Loop 410 (us) 182.827
Loop 411 (us) 130.888
Loop 412 (us) 208.863
Loop 413 (us) 183.534
Loop 414 (us) 207.327
Loop 415 (us) 209.811
Loop 416 (us) 172.987
Loop 417 (us) 154.945
Loop 418 (us) 214.099
Loop 419 (us) 226.598
Loop 420 (us) 158.415
Loop 421 (us) 154.176
Loop 422 (us) 213.387
Loop 423 (us) 163.221
Loop 424 (us) 213.279
Loop 425 (us) 171.199
Loop 426 (us) 176.581
Loop 427 (us) 212.025
Loop 428 (us) 206.215
Loop 429 (us) 153.916
Loop 430 (us) 147.346
Loop 431 (us) 210.168
Loop 432 (us) 168.811
Loop 433 (us) 161.117
Loop 434 (us) 199.389
Loop 435 (us) 167.783
Loop 436 (us) 177.621
Loop 437 (us) 218.512
Loop 438 (us) 226.288
Loop 439 (us) 177.337
Loop 440 (us) 175.312
Loop 441 (us) 176.124
Loop 442 (us) 217.103
Loop 443 (us) 203.511
Loop 444 (us) 187.016
Loop 445 (us) 153.788
Loop 446 (us) 169.927
Loop 447 (us) 174.424
Loop 448 (us) 158.509
Loop 449 (us) 138.45
Loop 450 (us) 173.148
Loop 451 (us) 151.81
Loop 452 (us) 162.243
Loop 453 (us) 151.032
Loop 454 (us) 211.89
Loop 455 (us) 155.703
Loop 456 (us) 197.38
Loop 457 (us) 149.491
Loop 458 (us) 151.492
Loop 459 (us) 226.274
Loop 460 (us) 164.036
Loop 461 (us) 154.625
Loop 462 (us) 212.937
Loop 463 (us) 153.223
Loop 464 (us) 163.521
Loop 465 (us) 222.414
Loop 466 (us) 209.278
Loop 467 (us) 221.078
Loop 468 (us) 217.681
Loop 469 (us) 230.754
Loop 470 (us) 151.032
Loop 471 (us) 210.864
Loop 472 (us) 180.434
Loop 473 (us) 179.893
Loop 474 (us) 177.637
Loop 475 (us) 172.659
Loop 476 (us) 146.877
Loop 477 (us) 168.95
Loop 478 (us) 146.667
Loop 479 (us) 162.1
Loop 480 (us) 170.504
Loop 481 (us) 161.58
Loop 482 (us) 166.861
Loop 483 (us) 154.381
Loop 484 (us) 201.962
Loop 485 (us) 162.202
Loop 486 (us) 222.081
Loop 487 (us) 442.324
Loop 488 (us) 158.171
Loop 489 (us) 179.683
Loop 490 (us) 179.382
Loop 491 (us) 228.413
Loop 492 (us) 221.777
Loop 493 (us) 187.305
Loop 494 (us) 183.328
Loop 495 (us) 236.983
Loop 496 (us) 215.115
Loop 497 (us) 158.021
Loop 498 (us) 153.005
Loop 499 (us) 177.303
Loop 500 (us) 233.728
Loop 501 (us) 177.306
Loop 502 (us) 204.916
Loop 503 (us) 177.687
Loop 504 (us) 171.264
Loop 505 (us) 193.547
Loop 506 (us) 182.065
Loop 507 (us) 150.66
Loop 508 (us) 176.363
Loop 509 (us) 169.19
Loop 510 (us) 175.065
Loop 511 (us) 177.92
Loop 512 (us) 230.669
Loop 513 (us) 208.023
Loop 514 (us) 168.024
Loop 515 (us) 172.401
Loop 516 (us) 179.351
Loop 517 (us) 216.227
Loop 518 (us) 205.949
Loop 519 (us) 159.344
Loop 520 (us) 148.281
Loop 521 (us) 221.498
Loop 522 (us) 192.088
Loop 523 (us) 156.926
Loop 524 (us) 169.785
Loop 525 (us) 154.641
Loop 526 (us) 167.961
Loop 527 (us) 151.172
Loop 528 (us) 218.288
Loop 529 (us) 209.011
Loop 530 (us) 190.65
Loop 531 (us) 217.745
Loop 532 (us) 170.006
Loop 533 (us) 204.59
Loop 534 (us) 154.049
Loop 535 (us) 149.509
Loop 536 (us) 141.415
Loop 537 (us) 212.62
Loop 538 (us) 159.432
Loop 539 (us) 218.829
Loop 540 (us) 184.52
Loop 541 (us) 227.623
Loop 542 (us) 194.544
Loop 543 (us) 144.47
Loop 544 (us) 157.98
Loop 545 (us) 178.761
Loop 546 (us) 213.618
Loop 547 (us) 205.078
Loop 548 (us) 146.306
Loop 549 (us) 169.641
Loop 550 (us) 234.881
Loop 551 (us) 212.861
Loop 552 (us) 172.788
Loop 553 (us) 209.294
Loop 554 (us) 194.878
Loop 555 (us) 143.95
Loop 556 (us) 162.869
Loop 557 (us) 151.687
Loop 558 (us) 166.654
Loop 559 (us) 164.087
Loop 560 (us) 203.532
Loop 561 (us) 205.442
Loop 562 (us) 160.799
Loop 563 (us) 152.816
Loop 564 (us) 225.96
Loop 565 (us) 201.611
Loop 566 (us) 143.792
Loop 567 (us) 219.718
Loop 568 (us) 195.34
Loop 569 (us) 152.498
Loop 570 (us) 209.635
Loop 571 (us) 222.912
Loop 572 (us) 172.911
Loop 573 (us) 166.932
Loop 574 (us) 169.039
Loop 575 (us) 174.252
Loop 576 (us) 146.309
Loop 577 (us) 171.863
Loop 578 (us) 221.383
Loop 579 (us) 204.49
Loop 580 (us) 219.816
Loop 581 (us) 194.017
Loop 582 (us) 208.989
Loop 583 (us) 198.839
Loop 584 (us) 206.82
Loop 585 (us) 208.227
Loop 586 (us) 170.977
Loop 587 (us) 174.921
Loop 588 (us) 176.137
Loop 589 (us) 167.433
Loop 590 (us) 142.456
Loop 591 (us) 163.627
Loop 592 (us) 168.749
Loop 593 (us) 159.835
Loop 594 (us) 162.164
Loop 595 (us) 192.203
Loop 596 (us) 159.207
Loop 597 (us) 188.977
Loop 598 (us) 165.216
Loop 599 (us) 155.386
Loop 600 (us) 146.859
Loop 601 (us) 204.271
Loop 602 (us) 192.202
Loop 603 (us) 218.085
Loop 604 (us) 154.372
Loop 605 (us) 194.312
Loop 606 (us) 174.36
Loop 607 (us) 178.283
Loop 608 (us) 219.325
Loop 609 (us) 214.423
Loop 610 (us) 178.567
Loop 611 (us) 164.092
Loop 612 (us) 154.72
Loop 613 (us) 186.216
Loop 614 (us) 224.706
Loop 615 (us) 162.195
Loop 616 (us) 202.957
Loop 617 (us) 227.814
Loop 618 (us) 218.392
Loop 619 (us) 208.477
Loop 620 (us) 231.318
Loop 621 (us) 182.316
Loop 622 (us) 170.316
Loop 623 (us) 141.066
Loop 624 (us) 135.092
Loop 625 (us) 192.97
Loop 626 (us) 200.689
Loop 627 (us) 165.557
Loop 628 (us) 158.262
Loop 629 (us) 177.027
Loop 630 (us) 201.226
Loop 631 (us) 150.303
Loop 632 (us) 143.171
Loop 633 (us) 137.516
Loop 634 (us) 219.806
Loop 635 (us) 164.176
Loop 636 (us) 197.962
Loop 637 (us) 180.731
Loop 638 (us) 166.86
Loop 639 (us) 158.42
Loop 640 (us) 176.388
Loop 641 (us) 152.392
Loop 642 (us) 153.908
Loop 643 (us) 165.761
Loop 644 (us) 152.395
Loop 645 (us) 167.331
Loop 646 (us) 164.534
Loop 647 (us) 141.806
Loop 648 (us) 135.652
Loop 649 (us) 131.134
Loop 650 (us) 130.717
Loop 651 (us) 163.134
Loop 652 (us) 195.497
Loop 653 (us) 182.36
Loop 654 (us) 206.251
Loop 655 (us) 185.392
Loop 656 (us) 183.986
Loop 657 (us) 222.89
Loop 658 (us) 152.515
Loop 659 (us) 206.055
Loop 660 (us) 196.438
Loop 661 (us) 203.553
Loop 662 (us) 176.675
Loop 663 (us) 155.212
Loop 664 (us) 201.457
Loop 665 (us) 162.793
Loop 666 (us) 226.465
Loop 667 (us) 166.952
Loop 668 (us) 213.193
Loop 669 (us) 229.086
Loop 670 (us) 183.622
Loop 671 (us) 207.586
Loop 672 (us) 226.61
Loop 673 (us) 172.975
Loop 674 (us) 212.186
Loop 675 (us) 196.414
Loop 676 (us) 184.66
Loop 677 (us) 197.79
Loop 678 (us) 200.106
Loop 679 (us) 202.243
Loop 680 (us) 202.473
Loop 681 (us) 142.57
Loop 682 (us) 163.558
Loop 683 (us) 194.462
Loop 684 (us) 203.469
Loop 685 (us) 195.068
Loop 686 (us) 219.617
Loop 687 (us) 205.097
Loop 688 (us) 220.931
Loop 689 (us) 226.221
Loop 690 (us) 153.387
Loop 691 (us) 208.46
Loop 692 (us) 230.076
Loop 693 (us) 171.583
Loop 694 (us) 177.261
Loop 695 (us) 205.633
Loop 696 (us) 194.859
Loop 697 (us) 173.464
Loop 698 (us) 146.478
Loop 699 (us) 160.366
Loop 700 (us) 153.524
Loop 701 (us) 165.691
Loop 702 (us) 156.685
Loop 703 (us) 208.735
Loop 704 (us) 210.684
Loop 705 (us) 171.614
Loop 706 (us) 171.962
Loop 707 (us) 162.411
Loop 708 (us) 211.647
Loop 709 (us) 207.784
Loop 710 (us) 153.006
Loop 711 (us) 213.061
Loop 712 (us) 223.522
Loop 713 (us) 154.152
Loop 714 (us) 146.747
Loop 715 (us) 147.487
Loop 716 (us) 160.541
Loop 717 (us) 151.563
Loop 718 (us) 160.296
Loop 719 (us) 182.645
Loop 720 (us) 197.387
Loop 721 (us) 167.934
Loop 722 (us) 163.898
Loop 723 (us) 139.822
Loop 724 (us) 158.676
Loop 725 (us) 248.863
Loop 726 (us) 194.3
Loop 727 (us) 138.001
Loop 728 (us) 165.595
Loop 729 (us) 203.029
Loop 730 (us) 189.703
Loop 731 (us) 152.369
Loop 732 (us) 173.491
Loop 733 (us) 207.175
Loop 734 (us) 162.142
Loop 735 (us) 222.114
Loop 736 (us) 175.829
Loop 737 (us) 161.29
Loop 738 (us) 154.129
Loop 739 (us) 174.678
Loop 740 (us) 171.249
Loop 741 (us) 152.869
Loop 742 (us) 169.793
Loop 743 (us) 172.807
Loop 744 (us) 212.886
Loop 745 (us) 225.345
Loop 746 (us) 220.453
Loop 747 (us) 207.06
Loop 748 (us) 167.813
Loop 749 (us) 169.37
Loop 750 (us) 141.991
Loop 751 (us) 170.0
Loop 752 (us) 213.32
Loop 753 (us) 161.393
Loop 754 (us) 235.101
Loop 755 (us) 168.185
Loop 756 (us) 179.314
Loop 757 (us) 174.426
Loop 758 (us) 178.123
Loop 759 (us) 174.297
Loop 760 (us) 137.12
Loop 761 (us) 169.262
Loop 762 (us) 160.889
Loop 763 (us) 161.5
Loop 764 (us) 168.353
Loop 765 (us) 146.274
Loop 766 (us) 206.352
Loop 767 (us) 204.996
Loop 768 (us) 228.883
Loop 769 (us) 208.744
Loop 770 (us) 174.743
Loop 771 (us) 165.781
Loop 772 (us) 220.512
Loop 773 (us) 219.721
Loop 774 (us) 176.552
Loop 775 (us) 173.715
Loop 776 (us) 219.435
Loop 777 (us) 206.072
Loop 778 (us) 224.86
Loop 779 (us) 203.665
Loop 780 (us) 175.597
Loop 781 (us) 209.641
Loop 782 (us) 159.492
Loop 783 (us) 203.057
Loop 784 (us) 168.976
Loop 785 (us) 215.856
Loop 786 (us) 221.987
Loop 787 (us) 201.235
Loop 788 (us) 205.919
Loop 789 (us) 172.699
Loop 790 (us) 183.016
Loop 791 (us) 196.267
Loop 792 (us) 175.138
Loop 793 (us) 198.913
Loop 794 (us) 162.311
Loop 795 (us) 205.125
Loop 796 (us) 152.555
Loop 797 (us) 151.78
Loop 798 (us) 140.467
Loop 799 (us) 147.28
Loop 800 (us) 160.418
Loop 801 (us) 198.866
Loop 802 (us) 185.85
Loop 803 (us) 134.418
Loop 804 (us) 172.855
Loop 805 (us) 158.765
Loop 806 (us) 164.456
Loop 807 (us) 157.42
Loop 808 (us) 164.247
Loop 809 (us) 157.013
Loop 810 (us) 231.795
Loop 811 (us) 196.26
Loop 812 (us) 206.483
Loop 813 (us) 151.869
Loop 814 (us) 183.145
Loop 815 (us) 198.61
Loop 816 (us) 195.509
Loop 817 (us) 160.242
Loop 818 (us) 163.986
Loop 819 (us) 187.143
Loop 820 (us) 157.467
Loop 821 (us) 177.71
Loop 822 (us) 166.482
Loop 823 (us) 165.117
Loop 824 (us) 219.562
Loop 825 (us) 184.861
Loop 826 (us) 151.567
Loop 827 (us) 166.847
Loop 828 (us) 171.601
Loop 829 (us) 168.118
Loop 830 (us) 210.93
Loop 831 (us) 206.986
Loop 832 (us) 149.407
Loop 833 (us) 171.51
Loop 834 (us) 151.009
Loop 835 (us) 145.804
Loop 836 (us) 163.235
Loop 837 (us) 166.974
Loop 838 (us) 153.972
Loop 839 (us) 174.474
Loop 840 (us) 212.058
Loop 841 (us) 210.52
Loop 842 (us) 159.525
Loop 843 (us) 148.1
Loop 844 (us) 208.948
Loop 845 (us) 159.933
Loop 846 (us) 200.588
Loop 847 (us) 153.608
Loop 848 (us) 214.408
Loop 849 (us) 152.252
Loop 850 (us) 145.082
Loop 851 (us) 195.63
Loop 852 (us) 171.626
Loop 853 (us) 176.759
Loop 854 (us) 168.483
Loop 855 (us) 219.332
Loop 856 (us) 211.54
Loop 857 (us) 173.398
Loop 858 (us) 213.607
Loop 859 (us) 206.608
Loop 860 (us) 209.713
Loop 861 (us) 206.919
Loop 862 (us) 153.504
Loop 863 (us) 181.269
Loop 864 (us) 188.222
Loop 865 (us) 183.23
Loop 866 (us) 170.627
Loop 867 (us) 153.752
Loop 868 (us) 174.908
Loop 869 (us) 180.81
Loop 870 (us) 174.877
Loop 871 (us) 167.612
Loop 872 (us) 204.968
Loop 873 (us) 210.714
Loop 874 (us) 169.711
Loop 875 (us) 168.221
Loop 876 (us) 158.967
Loop 877 (us) 173.214
Loop 878 (us) 146.081
Loop 879 (us) 211.844
Loop 880 (us) 215.722
Loop 881 (us) 217.968
Loop 882 (us) 222.166
Loop 883 (us) 133.806
Loop 884 (us) 128.143
Loop 885 (us) 202.526
Loop 886 (us) 196.152
Loop 887 (us) 157.427
Loop 888 (us) 163.862
Loop 889 (us) 176.307
Loop 890 (us) 124.175
Loop 891 (us) 116.102
Loop 892 (us) 116.965
Loop 893 (us) 154.34
Loop 894 (us) 136.956
Loop 895 (us) 130.434
Loop 896 (us) 134.387
Loop 897 (us) 168.35
Loop 898 (us) 210.945
Loop 899 (us) 157.363
Loop 900 (us) 194.899
Loop 901 (us) 203.728
Loop 902 (us) 152.897
Loop 903 (us) 182.492
Loop 904 (us) 205.542
Loop 905 (us) 146.124
Loop 906 (us) 168.547
Loop 907 (us) 151.687
Loop 908 (us) 164.554
Loop 909 (us) 172.095
Loop 910 (us) 153.705
Loop 911 (us) 147.16
Loop 912 (us) 171.605
Loop 913 (us) 194.943
Loop 914 (us) 202.004
Loop 915 (us) 225.846
Loop 916 (us) 223.696
Loop 917 (us) 168.383
Loop 918 (us) 176.579
Loop 919 (us) 182.633
Loop 920 (us) 205.744
Loop 921 (us) 227.09
Loop 922 (us) 171.913
Loop 923 (us) 165.477
Loop 924 (us) 175.456
Loop 925 (us) 166.711
Loop 926 (us) 176.527
Loop 927 (us) 232.155
Loop 928 (us) 205.224
Loop 929 (us) 169.663
Loop 930 (us) 137.262
Loop 931 (us) 151.052
Loop 932 (us) 203.261
Loop 933 (us) 167.424
Loop 934 (us) 206.144
Loop 935 (us) 213.861
Loop 936 (us) 188.485
Loop 937 (us) 154.086
Loop 938 (us) 188.386
Loop 939 (us) 152.903
Loop 940 (us) 168.427
Loop 941 (us) 141.558
Loop 942 (us) 162.718
Loop 943 (us) 152.488
Loop 944 (us) 160.457
Loop 945 (us) 161.133
Loop 946 (us) 152.017
Loop 947 (us) 168.824
Loop 948 (us) 201.901
Loop 949 (us) 189.037
Loop 950 (us) 207.259
Loop 951 (us) 204.77
Loop 952 (us) 155.506
Loop 953 (us) 164.321
Loop 954 (us) 170.929
Loop 955 (us) 174.362
Loop 956 (us) 152.104
Loop 957 (us) 153.724
Loop 958 (us) 215.64
Loop 959 (us) 235.424
Loop 960 (us) 179.827
Loop 961 (us) 188.743
Loop 962 (us) 184.58
Loop 963 (us) 170.949
Loop 964 (us) 139.196
Loop 965 (us) 133.699
Loop 966 (us) 212.875
Loop 967 (us) 185.984
Loop 968 (us) 167.743
Loop 969 (us) 176.825
Loop 970 (us) 246.772
Loop 971 (us) 221.79
Loop 972 (us) 161.437
Loop 973 (us) 217.642
Loop 974 (us) 194.967
Loop 975 (us) 186.533
Loop 976 (us) 188.628
Loop 977 (us) 165.363
Loop 978 (us) 193.095
Loop 979 (us) 187.495
Loop 980 (us) 171.81
Loop 981 (us) 195.456
Loop 982 (us) 218.255
Loop 983 (us) 209.219
Loop 984 (us) 164.818
Loop 985 (us) 180.414
Loop 986 (us) 214.411
Loop 987 (us) 163.237
Loop 988 (us) 190.605
Loop 989 (us) 170.845
Loop 990 (us) 161.092
Loop 991 (us) 131.881
Loop 992 (us) 168.788
Loop 993 (us) 206.617
Loop 994 (us) 194.12
Loop 995 (us) 213.951
Loop 996 (us) 207.798
Loop 997 (us) 153.23
Loop 998 (us) 172.963
Loop 999 (us) 171.601
Warmup times 0
avgLoopLatency(us) 179.38880300000002
iops 5574.483932533961
variance 33.21767017408342
Loop 0 [136657, 11, 50666, 18287, 52083]
Loop 1 [125812, 11, 40981, 18378, 51744]
Loop 2 [131579, 11, 40088, 15820, 57558]
Loop 3 [114425, 11, 40050, 15964, 52858]
Loop 4 [130180, 10, 52807, 20482, 50569]
Loop 5 [137727, 11, 56768, 19910, 50221]
Loop 6 [126778, 9, 51223, 19279, 49927]
Loop 7 [170033, 11, 58685, 39631, 48187]
Loop 8 [158195, 21, 77487, 25957, 47925]
Loop 9 [196150, 10, 106549, 37938, 39276]
Loop 10 [153818, 10, 71409, 30093, 42833]
Loop 11 [170712, 9, 80460, 39128, 42446]
Loop 12 [170883, 10, 88674, 28752, 43298]
Loop 13 [177421, 21, 92108, 31722, 44998]
Loop 14 [188241, 9, 103486, 35151, 39749]
Loop 15 [131199, 11, 53345, 21907, 47777]
Loop 16 [199264, 9, 76041, 74975, 38858]
Loop 17 [159971, 10, 81429, 29636, 40651]
Loop 18 [183476, 21, 97623, 34263, 42817]
Loop 19 [171625, 9, 89531, 29386, 44112]
Loop 20 [163504, 11, 84464, 27073, 44255]
Loop 21 [152632, 11, 72001, 26608, 44838]
Loop 22 [144337, 9, 67080, 22224, 47357]
Loop 23 [127573, 9, 50762, 21254, 48511]
Loop 24 [122326, 9, 47126, 21682, 47589]
Loop 25 [165476, 10, 82078, 30369, 44581]
Loop 26 [141207, 9, 61347, 22131, 48441]
Loop 27 [119218, 9, 45113, 19590, 48401]
Loop 28 [177622, 21, 93500, 33302, 44632]
Loop 29 [166070, 9, 77185, 33278, 45731]
Loop 30 [159121, 11, 79501, 27461, 45681]
Loop 31 [180096, 21, 94504, 30921, 44832]
Loop 32 [180236, 10, 96842, 31079, 43745]
Loop 33 [172308, 21, 88785, 29275, 45518]
Loop 34 [177950, 11, 95890, 31116, 43595]
Loop 35 [165933, 10, 85399, 25589, 45626]
Loop 36 [150422, 10, 72203, 23519, 46535]
Loop 37 [165121, 21, 83716, 30146, 43927]
Loop 38 [172206, 10, 89374, 29365, 44369]
Loop 39 [128755, 9, 53913, 20186, 47766]
Loop 40 [159115, 11, 78819, 25274, 45968]
Loop 41 [148586, 11, 67202, 26754, 45689]
Loop 42 [152086, 10, 73631, 24548, 46339]
Loop 43 [172879, 9, 89078, 27517, 46963]
Loop 44 [161122, 11, 81106, 24907, 45778]
Loop 45 [170235, 9, 82424, 27724, 44751]
Loop 46 [157123, 10, 77864, 26165, 44797]
Loop 47 [156545, 9, 77114, 25331, 46465]
Loop 48 [190621, 21, 104641, 34728, 43244]
Loop 49 [172068, 10, 89788, 28524, 44681]
Loop 50 [168907, 9, 92385, 21934, 47714]
Loop 51 [145864, 10, 68371, 23178, 46834]
Loop 52 [145692, 9, 67969, 22660, 47814]
Loop 53 [183040, 21, 97698, 35890, 41714]
Loop 54 [169606, 9, 87257, 27109, 45832]
Loop 55 [174156, 21, 91711, 32090, 43415]
Loop 56 [167351, 9, 87746, 27929, 44369]
Loop 57 [172354, 10, 91743, 27324, 46562]
Loop 58 [141025, 9, 63678, 20953, 47714]
Loop 59 [151116, 11, 73348, 24246, 46978]
Loop 60 [151295, 11, 71400, 25262, 45283]
Loop 61 [143416, 9, 64095, 21719, 48047]
Loop 62 [183041, 21, 97549, 30846, 47146]
Loop 63 [183730, 10, 99377, 41772, 32800]
Loop 64 [141364, 9, 62635, 20806, 48886]
Loop 65 [197515, 21, 95108, 29525, 47775]
Loop 66 [175163, 10, 92310, 30522, 43565]
Loop 67 [169435, 11, 83212, 27849, 49928]
Loop 68 [136910, 9, 58848, 19706, 49131]
Loop 69 [178551, 11, 78807, 25165, 65269]
Loop 70 [202932, 21, 95345, 34935, 64465]
Loop 71 [189001, 9, 103648, 33021, 42996]
Loop 72 [158366, 10, 78163, 25525, 46526]
Loop 73 [159520, 9, 79267, 26894, 44693]
Loop 74 [184796, 10, 96244, 34357, 42850]
Loop 75 [145994, 10, 66531, 23649, 47545]
Loop 76 [158435, 11, 79359, 25380, 46371]
Loop 77 [160109, 9, 75582, 23517, 52327]
Loop 78 [168760, 11, 87250, 26455, 45820]
Loop 79 [158834, 9, 79535, 24922, 46321]
Loop 80 [156817, 10, 75281, 27648, 46485]
Loop 81 [198699, 21, 109442, 45573, 35088]
Loop 82 [156275, 21, 71720, 25559, 50604]
Loop 83 [146433, 21, 65973, 25299, 47799]
Loop 84 [203910, 10, 117400, 43094, 35633]
Loop 85 [161382, 10, 80567, 24118, 7046]
Loop 86 [207839, 10, 67514, 25580, 34283]
Loop 87 [218615, 11, 86113, 61485, 23172]
Loop 88 [206087, 21, 112721, 43613, 39237]
Loop 89 [165653, 21, 74337, 33121, 49154]
Loop 90 [207527, 11, 120136, 43167, 35546]
Loop 91 [152028, 11, 71764, 28513, 42967]
Loop 92 [159182, 9, 79583, 26201, 45145]
Loop 93 [161165, 10, 81247, 25609, 45675]
Loop 94 [152451, 10, 72134, 24922, 47073]
Loop 95 [163858, 9, 84659, 26425, 45764]
Loop 96 [167692, 9, 66371, 24377, 69221]
Loop 97 [137523, 9, 60729, 24320, 46027]
Loop 98 [157573, 10, 79150, 25245, 45835]
Loop 99 [203839, 11, 79781, 79304, 36630]
Loop 100 [177898, 10, 86428, 34504, 48620]
Loop 101 [146264, 9, 69592, 19112, 49968]
Loop 102 [178813, 21, 95011, 31387, 44446]
Loop 103 [179642, 9, 98353, 27872, 45469]
Loop 104 [154412, 10, 78125, 18032, 50820]
Loop 105 [147625, 10, 71533, 17441, 50932]
Loop 106 [152786, 9, 76421, 18064, 51170]
Loop 107 [167999, 11, 91142, 19008, 51196]
Loop 108 [185114, 21, 100763, 30384, 45365]
Loop 109 [173929, 9, 92927, 26426, 46345]
Loop 110 [200594, 21, 118735, 26868, 46789]
Loop 111 [177459, 9, 97825, 26031, 46558]
Loop 112 [175101, 21, 92005, 27186, 48374]
Loop 113 [173123, 11, 93087, 25629, 47390]
Loop 114 [160402, 10, 82056, 21745, 48815]
Loop 115 [177551, 9, 79697, 20712, 49625]
Loop 116 [172415, 11, 83311, 28757, 41741]
Loop 117 [173709, 21, 92353, 29438, 44602]
Loop 118 [180062, 11, 98500, 26459, 46853]
Loop 119 [136613, 11, 61114, 22862, 45521]
Loop 120 [132273, 11, 57079, 19670, 48975]
Loop 121 [161142, 9, 83929, 22670, 48116]
Loop 122 [149214, 9, 71694, 20431, 48767]
Loop 123 [143500, 9, 66235, 20808, 49146]
Loop 124 [194699, 21, 109125, 35146, 43111]
Loop 125 [155894, 21, 73415, 23124, 51086]
Loop 126 [149773, 21, 67453, 24050, 50681]
Loop 127 [146063, 21, 63550, 26378, 48641]
Loop 128 [140837, 21, 59588, 24495, 49308]
Loop 129 [186569, 9, 105299, 30875, 43136]
Loop 130 [158647, 11, 80559, 22609, 46924]
Loop 131 [192863, 21, 103955, 35457, 44486]
Loop 132 [145465, 21, 58479, 23053, 56378]
Loop 133 [136005, 21, 53855, 22255, 52507]
Loop 134 [202576, 9, 118510, 36358, 40925]
Loop 135 [180816, 21, 95814, 31947, 44717]
Loop 136 [195361, 11, 112491, 34688, 40765]
Loop 137 [173785, 9, 93414, 24013, 47851]
Loop 138 [185956, 21, 99919, 41347, 36213]
Loop 139 [200379, 10, 117056, 35349, 41236]
Loop 140 [176518, 11, 96194, 33248, 38409]
Loop 141 [153498, 11, 73348, 23798, 47724]
Loop 142 [728081, 9, 289069, 120850, 144500]
Loop 143 [181241, 11, 92141, 37676, 41279]
Loop 144 [176061, 9, 88839, 39893, 36683]
Loop 145 [267765, 21, 110685, 134437, 13280]
Loop 146 [219371, 9, 122405, 52603, 32934]
Loop 147 [147424, 9, 61909, 33032, 41846]
Loop 148 [168044, 11, 81803, 35850, 43032]
Loop 149 [199982, 10, 110836, 43007, 36829]
Loop 150 [173899, 9, 88117, 31742, 42003]
Loop 151 [181678, 10, 94714, 41299, 33007]
Loop 152 [167932, 9, 82949, 34411, 41690]
Loop 153 [171543, 10, 88716, 36202, 39477]
Loop 154 [155693, 9, 73948, 31104, 42624]
Loop 155 [130774, 9, 51867, 29272, 42862]
Loop 156 [172787, 11, 84498, 40075, 42280]
Loop 157 [164619, 10, 81811, 34357, 40113]
Loop 158 [157069, 10, 72793, 36177, 39578]
Loop 159 [150279, 10, 67789, 42079, 32531]
Loop 160 [154221, 9, 73528, 33968, 39304]
Loop 161 [275890, 21, 126778, 126271, 13576]
Loop 162 [229932, 11, 137464, 55517, 27343]
Loop 163 [159001, 11, 74043, 40304, 35319]
Loop 164 [152564, 11, 68837, 39810, 35696]
Loop 165 [146164, 11, 63981, 35938, 39111]
Loop 166 [168434, 10, 85129, 34990, 41307]
Loop 167 [171324, 11, 85403, 34318, 41098]
Loop 168 [137586, 11, 58871, 33113, 38355]
Loop 169 [130241, 11, 54357, 25275, 44604]
Loop 170 [127535, 11, 52012, 26068, 43782]
Loop 171 [165628, 10, 82852, 35467, 41032]
Loop 172 [251303, 21, 114220, 114973, 13081]
Loop 173 [220918, 9, 120236, 59218, 31469]
Loop 174 [160226, 11, 80827, 19652, 50235]
Loop 175 [173802, 9, 93716, 25563, 45419]
Loop 176 [145317, 9, 67902, 23978, 45145]
Loop 177 [170137, 11, 91383, 24340, 47069]
Loop 178 [207926, 21, 116103, 39182, 44363]
Loop 179 [223826, 11, 136614, 38110, 39676]
Loop 180 [220893, 21, 124669, 38664, 46843]
Loop 181 [216129, 10, 129651, 39529, 38490]
Loop 182 [174818, 9, 94384, 25268, 46331]
Loop 183 [226599, 21, 120166, 37533, 56612]
Loop 184 [200652, 11, 115656, 36185, 40137]
Loop 185 [153614, 11, 73732, 21583, 49469]
Loop 186 [210677, 21, 116201, 36382, 46944]
Loop 187 [210498, 10, 124876, 37808, 40224]
Loop 188 [197026, 11, 109465, 26210, 52284]
Loop 189 [184189, 9, 98829, 25703, 47844]
Loop 190 [216843, 21, 113968, 37740, 56213]
Loop 191 [207615, 11, 120372, 38318, 39541]
Loop 192 [181839, 9, 97876, 27438, 45573]
Loop 193 [192085, 10, 110014, 27671, 45559]
Loop 194 [177403, 11, 97988, 22830, 47382]
Loop 195 [135481, 11, 59383, 19022, 49538]
Loop 196 [206914, 21, 117003, 38257, 44988]
Loop 197 [188354, 11, 103760, 34421, 40933]
Loop 198 [168042, 9, 89266, 25617, 45733]
Loop 199 [180568, 10, 98389, 25850, 47113]
Loop 200 [218109, 21, 123315, 40882, 44874]
Loop 201 [232010, 11, 146862, 34888, 41413]
Loop 202 [178493, 9, 97684, 24751, 47404]
Loop 203 [153531, 9, 73705, 26184, 44621]
Loop 204 [175192, 10, 93940, 27333, 45844]
Loop 205 [160194, 10, 80785, 23900, 47210]
Loop 206 [170229, 9, 90445, 24801, 47150]
Loop 207 [213166, 21, 121480, 36091, 47789]
Loop 208 [202519, 10, 118426, 37700, 37637]
Loop 209 [173395, 11, 92223, 27827, 44814]
Loop 210 [184712, 10, 92452, 35531, 46256]
Loop 211 [167583, 9, 87517, 23182, 48948]
Loop 212 [160286, 10, 80881, 22994, 47574]
Loop 213 [180191, 11, 98285, 28988, 44829]
Loop 214 [159000, 10, 79933, 24166, 46205]
Loop 215 [218659, 21, 123735, 37407, 48751]
Loop 216 [218562, 9, 122720, 37701, 49038]
Loop 217 [153097, 9, 73294, 22873, 48409]
Loop 218 [213538, 21, 119842, 34694, 50488]
Loop 219 [204360, 11, 119296, 36161, 40026]
Loop 220 [174039, 9, 90483, 25010, 46548]
Loop 221 [223904, 21, 130786, 37586, 47107]
Loop 222 [198819, 9, 115131, 45233, 30362]
Loop 223 [173986, 11, 93063, 27727, 45379]
Loop 224 [153415, 11, 73398, 23251, 48082]
Loop 225 [147167, 11, 68429, 30439, 40694]
Loop 226 [213679, 21, 112718, 46754, 44450]
Loop 227 [161440, 21, 73758, 24948, 53562]
Loop 228 [155487, 21, 68870, 22182, 56080]
Loop 229 [228146, 10, 121827, 35772, 52505]
Loop 230 [188648, 9, 91953, 26174, 46854]
Loop 231 [211482, 21, 117909, 35139, 48958]
Loop 232 [147919, 21, 62626, 21911, 55804]
Loop 233 [140137, 21, 57382, 23515, 52643]
Loop 234 [135358, 21, 53857, 21933, 52996]
Loop 235 [135883, 21, 54084, 21660, 53373]
Loop 236 [196508, 11, 113572, 35949, 40203]
Loop 237 [198702, 21, 113019, 31652, 45116]
Loop 238 [128248, 21, 50667, 20906, 50425]
Loop 239 [124824, 21, 47255, 20458, 51093]
Loop 240 [189948, 11, 108539, 32736, 42840]
Loop 241 [171225, 21, 88318, 29423, 45456]
Loop 242 [121121, 21, 45534, 19700, 50265]
Loop 243 [196102, 11, 114502, 32206, 43414]
Loop 244 [173182, 9, 92786, 24410, 48493]
Loop 245 [173780, 21, 89851, 29351, 46077]
Loop 246 [122615, 21, 44761, 19109, 52457]
Loop 247 [208737, 9, 125913, 37157, 39412]
Loop 248 [174166, 21, 90861, 30127, 45512]
Loop 249 [193477, 10, 111599, 33085, 42403]
Loop 250 [173830, 11, 94523, 23988, 46652]
Loop 251 [196405, 21, 97566, 30921, 59710]
Loop 252 [197715, 10, 114634, 34140, 42525]
Loop 253 [181987, 21, 93535, 32641, 47564]
Loop 254 [126324, 21, 46862, 19409, 54310]
Loop 255 [201232, 9, 117265, 36541, 41207]
Loop 256 [180785, 10, 98542, 26336, 46599]
Loop 257 [192005, 11, 98559, 27932, 55621]
Loop 258 [176558, 10, 92219, 27701, 46001]
Loop 259 [174110, 9, 90153, 24260, 48627]
Loop 260 [163460, 11, 83836, 21717, 49312]
Loop 261 [160603, 10, 82756, 20110, 49761]
Loop 262 [137240, 10, 61776, 18855, 49293]
Loop 263 [178521, 21, 93370, 35479, 42638]
Loop 264 [155793, 21, 71748, 23793, 51176]
Loop 265 [157246, 21, 75087, 22709, 51323]
Loop 266 [208184, 11, 124016, 37319, 38850]
Loop 267 [210378, 21, 116462, 35159, 49722]
Loop 268 [221026, 9, 133821, 43779, 34554]
Loop 269 [166083, 10, 86680, 24455, 45947]
Loop 270 [159726, 10, 79281, 23485, 47821]
Loop 271 [143673, 10, 66598, 21736, 48002]
Loop 272 [192987, 21, 105543, 36115, 43885]
Loop 273 [194408, 10, 109929, 35568, 39855]
Loop 274 [173396, 11, 95076, 24873, 46113]
Loop 275 [158429, 11, 80850, 21359, 47273]
Loop 276 [174100, 9, 94705, 25249, 46284]
Loop 277 [161330, 10, 83942, 20432, 49197]
Loop 278 [151032, 10, 72987, 19321, 50822]
Loop 279 [215704, 21, 112378, 40414, 49843]
Loop 280 [310046, 11, 133865, 45702, 31805]
Loop 281 [239962, 21, 143477, 39666, 45393]
Loop 282 [204580, 11, 120006, 38105, 37310]
Loop 283 [175323, 9, 94508, 24557, 47644]
Loop 284 [174971, 11, 94302, 22517, 48289]
Loop 285 [232554, 21, 131022, 40147, 52808]
Loop 286 [213564, 9, 128647, 38614, 37484]
Loop 287 [183201, 10, 102636, 25524, 46354]
Loop 288 [224653, 21, 132184, 39939, 42965]
Loop 289 [197327, 11, 113512, 34320, 40975]
Loop 290 [175328, 10, 94644, 24083, 47912]
Loop 291 [211666, 21, 118661, 39384, 45896]
Loop 292 [194820, 10, 111633, 35964, 39122]
Loop 293 [181416, 9, 103252, 23995, 46907]
Loop 294 [206089, 21, 113758, 38938, 44426]
Loop 295 [194037, 10, 111610, 33353, 41394]
Loop 296 [137332, 10, 60516, 22773, 47040]
Loop 297 [193088, 21, 104729, 34568, 46845]
Loop 298 [138726, 21, 56992, 25096, 49770]
Loop 299 [203351, 11, 120516, 36257, 39732]
Loop 300 [172865, 9, 91497, 25783, 46367]
Loop 301 [161846, 10, 82918, 22167, 48193]
Loop 302 [155556, 10, 75135, 25085, 46478]
Loop 303 [175211, 9, 94574, 25333, 46983]
Loop 304 [194840, 21, 105495, 36871, 44407]
Loop 305 [202230, 10, 117057, 38001, 37693]
Loop 306 [170445, 9, 90979, 25453, 46107]
Loop 307 [214413, 21, 121087, 39820, 44871]
Loop 308 [154212, 21, 69394, 26125, 51204]
Loop 309 [148214, 21, 63354, 25637, 51966]
Loop 310 [208249, 11, 123661, 38640, 38777]
Loop 311 [198916, 21, 109276, 34659, 46624]
Loop 312 [198104, 10, 114366, 37084, 39416]
Loop 313 [165885, 9, 86117, 24201, 46628]
Loop 314 [172058, 11, 91687, 22636, 48679]
Loop 315 [177140, 9, 95295, 23716, 48720]
Loop 316 [147520, 9, 69221, 23700, 46405]
Loop 317 [142527, 9, 64089, 23555, 47036]
Loop 318 [165785, 10, 87403, 24237, 46641]
Loop 319 [213271, 21, 105449, 37313, 62298]
Loop 320 [208646, 10, 123475, 37755, 38597]
Loop 321 [197975, 11, 114506, 30555, 44045]
Loop 322 [155355, 11, 74531, 24153, 47691]
Loop 323 [172691, 10, 93426, 25106, 46046]
Loop 324 [218077, 21, 123950, 44025, 41750]
Loop 325 [225810, 9, 126160, 38890, 50533]
Loop 326 [201683, 11, 120200, 26085, 46077]
Loop 327 [170831, 10, 90591, 24394, 47130]
Loop 328 [213494, 21, 119388, 39705, 45395]
Loop 329 [209181, 9, 123782, 37535, 38864]
Loop 330 [175336, 10, 95108, 26939, 44708]
Loop 331 [149962, 10, 71939, 21827, 48470]
Loop 332 [214640, 21, 123916, 39225, 44113]
Loop 333 [217239, 10, 130872, 39922, 37390]
Loop 334 [165203, 11, 86413, 24823, 46291]
Loop 335 [171155, 9, 91143, 23892, 47594]
Loop 336 [166381, 10, 86818, 24634, 46115]
Loop 337 [175751, 11, 95740, 25803, 46278]
Loop 338 [169528, 10, 91758, 23798, 46057]
Loop 339 [221372, 21, 122445, 37580, 53932]
Loop 340 [194251, 10, 110822, 33904, 40784]
Loop 341 [211553, 21, 120613, 35597, 48342]
Loop 342 [181697, 10, 99233, 33713, 40779]
Loop 343 [171557, 9, 91204, 27955, 45376]
Loop 344 [153318, 9, 73394, 25914, 45522]
Loop 345 [156170, 10, 78492, 23706, 46015]
Loop 346 [165602, 9, 87062, 22891, 49086]
Loop 347 [147893, 9, 64453, 20350, 54988]
Loop 348 [203555, 21, 114029, 38324, 43959]
Loop 349 [166996, 21, 73795, 24631, 59960]
Loop 350 [183553, 10, 104493, 32091, 38647]
Loop 351 [244573, 21, 142278, 36737, 56637]
Loop 352 [155310, 21, 72300, 28096, 46250]
Loop 353 [206574, 11, 117765, 50277, 31700]
Loop 354 [150117, 11, 71537, 18971, 50768]
Loop 355 [157487, 9, 80458, 19448, 50218]
Loop 356 [187529, 21, 102477, 32777, 43374]
Loop 357 [196261, 9, 113608, 32251, 41747]
Loop 358 [163902, 11, 85640, 22394, 48064]
Loop 359 [207470, 21, 116658, 38246, 43558]
Loop 360 [211473, 10, 125508, 37724, 39769]
Loop 361 [154436, 10, 74959, 21964, 48827]
Loop 362 [170892, 9, 91301, 24633, 46594]
Loop 363 [154316, 9, 75176, 20144, 50447]
Loop 364 [182569, 10, 103089, 26266, 45017]
Loop 365 [170844, 11, 91230, 23429, 48736]
Loop 366 [176866, 10, 97380, 21839, 49135]
Loop 367 [171103, 11, 91658, 24032, 47898]
Loop 368 [168387, 9, 89334, 23107, 47869]
Loop 369 [169175, 11, 88922, 24911, 46749]
Loop 370 [176531, 9, 95372, 27848, 44587]
Loop 371 [162130, 11, 82957, 23503, 47734]
Loop 372 [158796, 10, 80951, 25050, 45267]
Loop 373 [170413, 9, 90483, 23661, 47238]
Loop 374 [216972, 21, 117051, 38078, 54129]
Loop 375 [194045, 9, 109782, 35956, 39904]
Loop 376 [137409, 9, 61122, 20592, 48400]
Loop 377 [131420, 9, 56467, 20012, 48641]
Loop 378 [127233, 9, 53404, 18596, 49242]
Loop 379 [163889, 10, 86581, 22593, 48393]
Loop 380 [150865, 10, 71841, 23385, 47464]
Loop 381 [157067, 11, 79294, 23087, 47126]
Loop 382 [234968, 21, 143200, 37073, 45038]
Loop 383 [194948, 9, 110758, 33767, 41869]
Loop 384 [219159, 21, 116891, 31623, 61415]
Loop 385 [151699, 21, 65900, 24803, 53204]
Loop 386 [207041, 9, 123381, 37685, 38427]
Loop 387 [197065, 21, 106704, 35289, 46937]
Loop 388 [199803, 9, 116291, 34016, 41633]
Loop 389 [168599, 10, 88613, 27764, 44070]
Loop 390 [169595, 9, 89604, 24855, 46626]
Loop 391 [228079, 21, 114368, 47364, 57322]
Loop 392 [200155, 9, 115361, 35898, 39496]
Loop 393 [201178, 10, 116942, 31220, 45112]
Loop 394 [187162, 11, 103190, 27434, 46643]
Loop 395 [154373, 11, 74931, 22803, 47825]
Loop 396 [171769, 10, 91884, 26997, 44825]
Loop 397 [141538, 10, 64021, 21267, 48703]
Loop 398 [153439, 9, 76111, 22659, 47459]
Loop 399 [159144, 10, 80091, 23606, 47172]
Loop 400 [164137, 11, 84938, 24239, 47738]
Loop 401 [172091, 9, 91202, 27090, 45336]
Loop 402 [154405, 9, 76509, 23652, 46479]
Loop 403 [141718, 9, 64465, 24033, 46093]
Loop 404 [150296, 10, 73862, 22450, 46543]
Loop 405 [151797, 10, 72215, 25730, 45563]
Loop 406 [159341, 9, 81666, 25250, 44789]
Loop 407 [166089, 10, 87153, 26478, 45316]
Loop 408 [153574, 9, 76269, 22765, 46959]
Loop 409 [201739, 21, 112392, 38252, 44480]
Loop 410 [182827, 9, 100618, 39746, 34130]
Loop 411 [130888, 9, 55602, 23081, 45793]
Loop 412 [208863, 21, 119495, 47123, 35797]
Loop 413 [183534, 9, 101686, 31589, 42672]
Loop 414 [207327, 21, 116870, 35587, 46150]
Loop 415 [209811, 11, 123473, 36141, 41968]
Loop 416 [172987, 10, 91681, 25820, 46652]
Loop 417 [154945, 10, 74359, 25155, 46515]
Loop 418 [214099, 21, 113088, 35872, 56915]
Loop 419 [226598, 11, 140154, 39385, 38206]
Loop 420 [158415, 9, 78797, 24200, 46576]
Loop 421 [154176, 9, 73889, 24901, 46458]
Loop 422 [213387, 21, 119405, 39827, 45706]
Loop 423 [163221, 21, 74333, 23154, 56686]
Loop 424 [213279, 11, 128187, 36920, 39653]
Loop 425 [171199, 10, 90842, 24596, 47160]
Loop 426 [176581, 11, 94975, 26843, 45470]
Loop 427 [212025, 21, 118422, 37811, 47003]
Loop 428 [206215, 9, 120622, 38076, 39060]
Loop 429 [153916, 9, 74177, 24734, 46140]
Loop 430 [147346, 9, 68228, 24404, 46893]
Loop 431 [210168, 21, 118554, 37163, 47223]
Loop 432 [168811, 21, 73658, 26201, 60962]
Loop 433 [161117, 21, 74691, 26573, 52025]
Loop 434 [199389, 11, 116117, 38273, 37736]
Loop 435 [167783, 9, 87057, 24635, 47508]
Loop 436 [177621, 10, 94988, 29659, 44086]
Loop 437 [218512, 21, 116659, 38461, 54554]
Loop 438 [226288, 11, 139956, 37123, 40351]
Loop 439 [177337, 9, 95178, 27067, 46318]
Loop 440 [175312, 11, 94948, 27711, 43962]
Loop 441 [176124, 10, 95890, 28112, 43712]
Loop 442 [217103, 21, 122620, 39285, 46408]
Loop 443 [203511, 9, 118689, 36507, 39851]
Loop 444 [187016, 10, 105653, 27340, 45192]
Loop 445 [153788, 10, 74829, 24447, 45894]
Loop 446 [169927, 9, 89497, 27418, 44702]
Loop 447 [174424, 10, 87493, 31714, 45337]
Loop 448 [158509, 9, 79282, 23535, 47966]
Loop 449 [138450, 9, 63405, 18849, 49551]
Loop 450 [173148, 10, 79403, 22223, 62064]
Loop 451 [151810, 9, 74424, 20278, 49612]
Loop 452 [162243, 11, 84614, 22493, 48326]
Loop 453 [151032, 9, 74297, 19142, 49404]
Loop 454 [211890, 21, 114839, 40577, 48924]
Loop 455 [155703, 21, 72870, 23786, 50147]
Loop 456 [197380, 11, 112850, 35787, 41106]
Loop 457 [149491, 11, 72483, 21915, 33622]
Loop 458 [151492, 9, 74361, 21117, 48563]
Loop 459 [226274, 21, 133793, 36475, 47372]
Loop 460 [164036, 21, 73228, 25964, 55901]
Loop 461 [154625, 21, 68980, 24233, 53696]
Loop 462 [212937, 11, 128618, 36470, 39760]
Loop 463 [153223, 11, 73455, 24293, 47233]
Loop 464 [163521, 10, 84952, 23997, 47094]
Loop 465 [222414, 21, 121445, 44941, 47147]
Loop 466 [209278, 9, 122512, 37390, 40184]
Loop 467 [221078, 21, 127223, 36963, 48369]
Loop 468 [217681, 11, 135293, 37647, 36181]
Loop 469 [230754, 21, 127144, 34988, 59760]
Loop 470 [151032, 21, 65513, 23291, 53882]
Loop 471 [210864, 10, 124150, 37835, 41551]
Loop 472 [180434, 9, 92341, 35755, 43203]
Loop 473 [179893, 11, 99220, 24561, 47404]
Loop 474 [177637, 10, 96164, 24908, 47655]
Loop 475 [172659, 11, 92533, 24784, 46875]
Loop 476 [146877, 11, 69324, 21078, 48467]
Loop 477 [168950, 10, 89950, 23442, 48086]
Loop 478 [146667, 10, 68442, 21851, 48569]
Loop 479 [162100, 11, 80942, 25664, 47941]
Loop 480 [170504, 9, 88985, 25777, 48386]
Loop 481 [161580, 10, 82953, 22836, 47548]
Loop 482 [166861, 9, 88638, 24076, 47143]
Loop 483 [154381, 11, 76479, 19510, 50638]
Loop 484 [201962, 21, 110595, 38973, 43947]
Loop 485 [162202, 21, 74431, 26736, 52636]
Loop 486 [222081, 11, 133337, 40562, 39859]
Loop 487 [442324, 10, 218623, 93261, 42795]
Loop 488 [158171, 10, 73421, 38232, 37578]
Loop 489 [179683, 11, 90615, 39089, 38891]
Loop 490 [179382, 9, 92415, 41036, 37819]
Loop 491 [228413, 21, 126683, 59173, 32674]
Loop 492 [221777, 9, 127998, 53194, 27511]
Loop 493 [187305, 10, 91991, 42216, 44879]
Loop 494 [183328, 11, 99562, 35306, 39711]
Loop 495 [236983, 21, 123798, 56344, 45012]
Loop 496 [215115, 9, 125641, 54605, 26441]
Loop 497 [158021, 9, 74359, 39606, 36037]
Loop 498 [153005, 9, 68169, 36156, 38796]
Loop 499 [177303, 10, 92937, 42859, 34137]
Loop 500 [233728, 21, 131854, 53649, 39459]
Loop 501 [177306, 21, 74103, 38740, 55325]
Loop 502 [204916, 11, 113956, 52004, 30746]
Loop 503 [177687, 10, 92330, 39123, 37581]
Loop 504 [171264, 9, 87740, 38934, 35645]
Loop 505 [193547, 10, 107495, 40518, 36930]
Loop 506 [182065, 9, 97129, 41192, 35516]
Loop 507 [150660, 9, 67975, 34162, 40144]
Loop 508 [176363, 11, 91363, 40738, 37020]
Loop 509 [169190, 9, 85529, 36991, 38323]
Loop 510 [175065, 11, 91082, 38182, 38540]
Loop 511 [177920, 10, 94900, 34666, 40347]
Loop 512 [230669, 21, 119134, 66967, 36110]
Loop 513 [208023, 10, 118846, 53297, 27242]
Loop 514 [168024, 9, 85654, 34903, 39566]
Loop 515 [172401, 10, 88310, 34896, 40551]
Loop 516 [179351, 9, 94918, 42716, 34173]
Loop 517 [216227, 21, 119175, 51988, 36933]
Loop 518 [205949, 11, 119000, 62933, 15530]
Loop 519 [159344, 11, 79318, 22616, 48563]
Loop 520 [148281, 11, 69304, 24243, 47064]
Loop 521 [221498, 21, 120542, 38997, 54908]
Loop 522 [192088, 10, 107393, 33452, 42657]
Loop 523 [156926, 10, 74046, 25820, 45656]
Loop 524 [169785, 9, 90101, 25537, 45998]
Loop 525 [154641, 9, 74249, 23966, 47885]
Loop 526 [167961, 11, 86037, 24087, 47165]
Loop 527 [151172, 11, 73084, 25613, 44206]
Loop 528 [218288, 21, 123144, 39205, 48303]
Loop 529 [209011, 10, 119403, 37156, 40471]
Loop 530 [190650, 11, 110162, 24099, 47563]
Loop 531 [217745, 21, 122401, 39084, 48122]
Loop 532 [170006, 21, 73023, 22205, 63585]
Loop 533 [204590, 9, 120318, 35459, 40812]
Loop 534 [154049, 9, 74113, 24220, 47347]
Loop 535 [149509, 9, 68544, 22086, 49186]
Loop 536 [141415, 9, 63310, 22888, 48202]
Loop 537 [212620, 21, 113641, 38265, 53408]
Loop 538 [159432, 21, 73578, 27695, 49665]
Loop 539 [218829, 10, 128532, 33448, 42302]
Loop 540 [184520, 11, 103795, 24076, 48306]
Loop 541 [227623, 21, 136668, 40437, 41216]
Loop 542 [194544, 11, 110805, 36161, 38971]
Loop 543 [144470, 11, 67031, 20237, 49438]
Loop 544 [157980, 9, 80226, 19445, 51117]
Loop 545 [178761, 10, 89101, 33315, 47805]
Loop 546 [213618, 21, 113431, 37304, 53783]
Loop 547 [205078, 9, 123080, 37718, 35636]
Loop 548 [146306, 9, 68421, 19456, 50561]
Loop 549 [169641, 11, 82936, 31405, 48089]
Loop 550 [234881, 21, 142325, 38166, 45038]
Loop 551 [212861, 9, 128820, 37768, 37740]
Loop 552 [172788, 11, 93700, 24998, 46288]
Loop 553 [209294, 21, 117533, 39578, 44148]
Loop 554 [194878, 9, 111681, 34291, 40437]
Loop 555 [143950, 9, 59729, 28972, 48216]
Loop 556 [162869, 11, 85757, 22936, 47672]
Loop 557 [151687, 11, 73061, 19763, 50431]
Loop 558 [166654, 9, 89303, 21693, 47963]
Loop 559 [164087, 11, 85724, 23287, 48260]
Loop 560 [203532, 21, 112945, 37877, 44619]
Loop 561 [205442, 10, 120661, 36653, 39482]
Loop 562 [160799, 9, 82763, 23252, 46096]
Loop 563 [152816, 9, 73210, 22262, 49188]
Loop 564 [225960, 21, 123694, 40398, 53375]
Loop 565 [201611, 9, 118513, 47479, 26691]
Loop 566 [143792, 9, 66006, 20748, 49005]
Loop 567 [219718, 21, 119081, 39545, 54056]
Loop 568 [195340, 11, 111952, 35732, 39457]
Loop 569 [152498, 11, 73365, 22967, 46886]
Loop 570 [209635, 21, 116537, 38556, 46757]
Loop 571 [222912, 11, 125432, 35207, 41202]
Loop 572 [172911, 10, 93454, 24761, 46813]
Loop 573 [166932, 9, 86754, 26061, 45003]
Loop 574 [169039, 11, 89823, 22776, 47761]
Loop 575 [174252, 9, 93831, 24196, 48443]
Loop 576 [146309, 9, 68440, 21984, 47951]
Loop 577 [171863, 10, 93228, 25433, 45045]
Loop 578 [221383, 21, 130395, 36282, 46067]
Loop 579 [204490, 10, 123060, 37344, 35319]
Loop 580 [219816, 21, 116222, 39772, 55131]
Loop 581 [194017, 11, 110678, 33491, 41726]
Loop 582 [208989, 21, 115512, 37055, 47022]
Loop 583 [198839, 9, 115072, 36362, 39982]
Loop 584 [206820, 21, 114875, 36719, 46090]
Loop 585 [208227, 11, 123885, 38353, 38503]
Loop 586 [170977, 10, 91228, 24278, 47055]
Loop 587 [174921, 11, 94503, 25626, 46244]
Loop 588 [176137, 10, 94151, 35567, 37605]
Loop 589 [167433, 11, 87671, 24093, 47684]
Loop 590 [142456, 11, 64001, 20456, 49741]
Loop 591 [163627, 10, 85878, 23354, 47690]
Loop 592 [168749, 9, 88945, 25770, 45616]
Loop 593 [159835, 11, 81453, 22804, 47391]
Loop 594 [162164, 10, 84347, 23824, 46340]
Loop 595 [192203, 21, 104215, 37432, 43497]
Loop 596 [159207, 21, 73832, 23026, 53324]
Loop 597 [188977, 11, 106003, 33070, 41946]
Loop 598 [165216, 10, 85366, 22476, 48232]
Loop 599 [155386, 10, 73808, 23696, 49388]
Loop 600 [146859, 10, 68619, 21798, 48458]
Loop 601 [204271, 21, 116024, 37258, 43597]
Loop 602 [192202, 10, 109297, 34773, 39590]
Loop 603 [218085, 21, 121940, 35669, 47838]
Loop 604 [154372, 21, 69898, 23685, 53012]
Loop 605 [194312, 10, 110788, 36120, 39720]
Loop 606 [174360, 9, 94235, 24146, 48536]
Loop 607 [178283, 11, 96790, 25764, 46642]
Loop 608 [219325, 21, 126482, 39948, 44304]
Loop 609 [214423, 9, 122856, 37023, 45486]
Loop 610 [178567, 11, 97975, 27471, 44356]
Loop 611 [164092, 10, 85446, 23294, 46988]
Loop 612 [154720, 10, 74173, 25806, 45596]
Loop 613 [186216, 9, 106616, 24735, 47140]
Loop 614 [224706, 21, 129404, 37027, 49232]
Loop 615 [162195, 21, 73785, 26815, 52873]
Loop 616 [202957, 10, 117172, 36507, 41096]
Loop 617 [227814, 21, 134447, 37391, 46672]
Loop 618 [218392, 10, 134344, 34995, 40669]
Loop 619 [208477, 21, 115256, 38575, 46188]
Loop 620 [231318, 11, 145564, 37988, 39405]
Loop 621 [182316, 10, 91517, 28094, 41731]
Loop 622 [170316, 11, 91066, 30605, 40617]
Loop 623 [141066, 11, 63974, 20772, 48843]
Loop 624 [135092, 11, 58673, 21092, 48455]
Loop 625 [192970, 21, 106365, 35433, 44256]
Loop 626 [200689, 9, 116621, 36059, 39885]
Loop 627 [165557, 10, 85710, 23403, 48004]
Loop 628 [158262, 11, 79472, 23007, 47280]
Loop 629 [177027, 9, 96171, 23123, 48888]
Loop 630 [201226, 10, 110219, 32476, 46288]
Loop 631 [150303, 10, 71958, 21220, 48767]
Loop 632 [143171, 10, 65822, 19921, 50178]
Loop 633 [137516, 10, 61355, 18921, 50289]
Loop 634 [219806, 21, 125590, 58693, 26853]
Loop 635 [164176, 21, 75265, 28970, 47183]
Loop 636 [197962, 9, 113392, 35990, 40271]
Loop 637 [180731, 11, 98283, 28082, 45292]
Loop 638 [166860, 10, 87786, 22268, 47956]
Loop 639 [158420, 10, 79869, 23020, 46672]
Loop 640 [176388, 9, 97025, 26101, 45375]
Loop 641 [152392, 9, 73004, 23953, 46966]
Loop 642 [153908, 9, 76346, 24890, 45290]
Loop 643 [165761, 10, 86893, 33021, 38166]
Loop 644 [152395, 10, 73661, 22703, 47655]
Loop 645 [167331, 9, 88752, 23358, 47422]
Loop 646 [164534, 10, 86768, 22037, 48459]
Loop 647 [141806, 10, 65274, 20691, 48419]
Loop 648 [135652, 10, 60119, 21234, 47620]
Loop 649 [131134, 10, 56298, 19281, 49308]
Loop 650 [130717, 10, 56342, 19658, 48603]
Loop 651 [163134, 11, 86053, 22830, 48119]
Loop 652 [195497, 21, 110793, 34686, 41729]
Loop 653 [182360, 9, 102698, 29718, 41668]
Loop 654 [206251, 21, 116879, 36659, 44454]
Loop 655 [185392, 10, 103467, 31427, 42510]
Loop 656 [183986, 11, 104460, 27100, 43786]
Loop 657 [222890, 21, 120286, 37078, 56858]
Loop 658 [152515, 21, 66412, 26740, 51544]
Loop 659 [206055, 11, 122891, 34144, 41248]
Loop 660 [196438, 21, 106582, 34943, 47032]
Loop 661 [203553, 9, 121139, 35346, 40047]
Loop 662 [176675, 10, 96478, 23448, 48059]
Loop 663 [155212, 10, 73845, 25099, 45490]
Loop 664 [201457, 21, 109650, 37926, 45899]
Loop 665 [162793, 21, 75081, 27902, 51106]
Loop 666 [226465, 10, 140154, 39377, 38057]
Loop 667 [166952, 11, 87120, 26554, 45314]
Loop 668 [213193, 21, 119527, 39709, 44859]
Loop 669 [229086, 9, 142417, 40206, 38249]
Loop 670 [183622, 11, 103204, 25783, 45903]
Loop 671 [207586, 21, 114210, 39879, 45211]
Loop 672 [226610, 11, 130421, 48235, 40222]
Loop 673 [172975, 9, 93274, 26675, 45025]
Loop 674 [212186, 21, 113169, 38185, 52271]
Loop 675 [196414, 10, 114052, 32584, 42387]
Loop 676 [184660, 9, 95439, 25643, 54654]
Loop 677 [197790, 21, 106146, 37088, 46321]
Loop 678 [200106, 10, 120733, 44824, 27157]
Loop 679 [202243, 21, 106519, 37481, 49938]
Loop 680 [202473, 10, 120409, 33353, 41657]
Loop 681 [142570, 10, 65702, 21536, 47802]
Loop 682 [163558, 11, 85107, 24606, 46694]
Loop 683 [194462, 21, 105215, 36767, 43946]
Loop 684 [203469, 9, 119540, 35475, 39732]
Loop 685 [195068, 11, 104597, 26782, 45105]
Loop 686 [219617, 21, 124393, 38744, 47568]
Loop 687 [205097, 10, 111438, 31981, 53425]
Loop 688 [220931, 21, 127349, 37620, 47357]
Loop 689 [226221, 11, 141118, 39233, 37121]
Loop 690 [153387, 11, 74077, 24353, 46381]
Loop 691 [208460, 21, 116108, 39289, 45197]
Loop 692 [230076, 9, 145037, 38690, 38035]
Loop 693 [171583, 11, 91523, 24026, 46995]
Loop 694 [177261, 9, 98375, 23097, 47778]
Loop 695 [205633, 21, 108176, 48159, 41452]
Loop 696 [194859, 9, 112098, 33826, 40330]
Loop 697 [173464, 10, 93013, 31791, 41329]
Loop 698 [146478, 10, 69776, 21525, 47078]
Loop 699 [160366, 11, 82215, 21785, 48707]
Loop 700 [153524, 11, 73973, 26302, 44865]
Loop 701 [165691, 10, 86757, 22744, 48306]
Loop 702 [156685, 9, 79294, 20813, 49323]
Loop 703 [208735, 21, 117513, 35339, 47516]
Loop 704 [210684, 9, 125843, 36100, 39983]
Loop 705 [171614, 11, 91490, 26637, 45076]
Loop 706 [171962, 9, 91555, 25924, 45958]
Loop 707 [162411, 10, 84307, 22847, 47489]
Loop 708 [211647, 21, 116371, 39551, 46102]
Loop 709 [207784, 11, 122272, 36919, 40213]
Loop 710 [153006, 11, 73184, 23451, 47675]
Loop 711 [213061, 21, 120361, 34804, 49879]
Loop 712 [223522, 10, 137119, 39195, 38647]
Loop 713 [154152, 10, 74032, 23017, 48416]
Loop 714 [146747, 10, 68330, 23380, 47361]
Loop 715 [147487, 10, 69715, 25419, 44996]
Loop 716 [160541, 9, 83409, 23738, 46546]
Loop 717 [151563, 9, 72986, 23751, 46424]
Loop 718 [160296, 10, 81721, 25443, 45463]
Loop 719 [182645, 9, 97033, 32404, 42328]
Loop 720 [197387, 11, 116118, 29012, 44063]
Loop 721 [167934, 10, 84690, 29944, 44524]
Loop 722 [163898, 11, 85697, 23866, 47294]
Loop 723 [139822, 11, 62606, 23401, 46417]
Loop 724 [158676, 9, 80883, 23131, 47283]
Loop 725 [248863, 21, 153751, 44477, 41393]
Loop 726 [194300, 11, 111174, 32398, 41707]
Loop 727 [138001, 11, 60904, 24248, 45447]
Loop 728 [165595, 9, 87464, 23749, 47571]
Loop 729 [203029, 21, 114085, 36101, 44343]
Loop 730 [189703, 11, 107823, 31852, 42574]
Loop 731 [152369, 10, 76196, 20909, 48072]
Loop 732 [173491, 9, 93221, 24501, 46999]
Loop 733 [207175, 21, 114585, 38172, 45907]
Loop 734 [162142, 21, 74704, 32947, 46054]
Loop 735 [222114, 10, 135206, 40357, 38096]
Loop 736 [175829, 9, 94470, 24998, 47293]
Loop 737 [161290, 11, 82102, 23225, 47469]
Loop 738 [154129, 11, 74937, 25273, 45226]
Loop 739 [174678, 9, 95694, 24437, 46625]
Loop 740 [171249, 10, 91379, 26833, 45072]
Loop 741 [152869, 10, 73879, 23629, 46659]
Loop 742 [169793, 11, 90230, 24601, 46883]
Loop 743 [172807, 10, 92390, 36648, 34892]
Loop 744 [212886, 21, 119342, 39415, 45795]
Loop 745 [225345, 9, 140100, 36435, 39981]
Loop 746 [220453, 21, 117486, 38262, 56154]
Loop 747 [207060, 9, 123070, 35744, 39956]
Loop 748 [167813, 10, 89049, 23828, 46824]
Loop 749 [169370, 9, 90378, 24318, 45844]
Loop 750 [141991, 9, 64920, 21876, 47603]
Loop 751 [170000, 10, 90887, 22836, 49185]
Loop 752 [213320, 21, 113873, 37633, 53754]
Loop 753 [161393, 21, 73789, 28486, 50520]
Loop 754 [235101, 11, 149956, 36977, 39672]
Loop 755 [168185, 9, 88816, 23648, 47123]
Loop 756 [179314, 10, 99267, 26178, 45161]
Loop 757 [174426, 11, 95278, 27422, 42777]
Loop 758 [178123, 10, 98379, 25285, 46642]
Loop 759 [174297, 11, 94759, 24721, 46434]
Loop 760 [137120, 11, 60298, 22553, 46633]
Loop 761 [169262, 9, 90759, 27695, 44079]
Loop 762 [160889, 10, 81774, 23152, 47577]
Loop 763 [161500, 11, 83185, 20981, 48773]
Loop 764 [168353, 9, 90222, 26111, 44941]
Loop 765 [146274, 9, 68210, 25956, 44281]
Loop 766 [206352, 21, 117079, 34598, 47572]
Loop 767 [204996, 11, 122007, 32310, 41973]
Loop 768 [228883, 21, 133846, 40091, 45472]
Loop 769 [208744, 11, 124019, 35573, 40207]
Loop 770 [174743, 10, 93577, 28256, 44558]
Loop 771 [165781, 9, 86301, 24242, 46515]
Loop 772 [220512, 21, 117066, 39120, 55449]
Loop 773 [219721, 11, 133218, 37159, 40305]
Loop 774 [176552, 9, 95740, 24069, 47728]
Loop 775 [173715, 10, 94086, 24975, 46512]
Loop 776 [219435, 21, 125506, 34353, 50542]
Loop 777 [206072, 9, 121288, 35616, 40372]
Loop 778 [224860, 21, 123344, 34695, 59041]
Loop 779 [203665, 10, 118893, 36639, 40384]
Loop 780 [175597, 11, 95616, 27651, 44136]
Loop 781 [209641, 21, 116331, 40032, 44547]
Loop 782 [159492, 21, 65648, 26516, 59192]
Loop 783 [203057, 10, 120338, 35159, 40247]
Loop 784 [168976, 9, 88801, 27830, 43687]
Loop 785 [215856, 21, 123743, 32903, 50350]
Loop 786 [221987, 11, 138135, 34223, 41537]
Loop 787 [201235, 21, 109689, 37195, 45489]
Loop 788 [205919, 9, 122389, 34480, 41554]
Loop 789 [172699, 11, 93073, 24890, 46099]
Loop 790 [183016, 10, 102702, 25784, 45710]
Loop 791 [196267, 9, 114394, 25769, 47107]
Loop 792 [175138, 10, 94958, 25246, 46565]
Loop 793 [198913, 21, 105756, 35665, 49643]
Loop 794 [162311, 21, 74363, 28703, 50541]
Loop 795 [205125, 11, 120715, 35837, 40458]
Loop 796 [152555, 11, 73184, 25309, 45329]
Loop 797 [151780, 11, 73918, 23134, 46942]
Loop 798 [140467, 11, 63625, 27095, 42327]
Loop 799 [147280, 11, 58721, 21108, 47555]
Loop 800 [160418, 9, 83353, 25101, 45714]
Loop 801 [198866, 21, 110860, 35758, 43942]
Loop 802 [185850, 11, 105658, 32010, 39372]
Loop 803 [134418, 11, 58226, 20829, 48000]
Loop 804 [172855, 9, 94864, 24891, 46220]
Loop 805 [158765, 9, 73039, 28191, 45969]
Loop 806 [164456, 10, 87066, 21065, 49382]
Loop 807 [157420, 9, 80016, 19830, 49378]
Loop 808 [164247, 10, 85702, 23772, 47063]
Loop 809 [157013, 9, 79818, 20345, 49215]
Loop 810 [231795, 21, 125576, 43908, 54063]
Loop 811 [196260, 9, 110735, 33537, 41755]
Loop 812 [206483, 21, 118494, 38003, 42809]
Loop 813 [151869, 21, 64642, 26079, 53638]
Loop 814 [183145, 9, 102388, 30884, 42554]
Loop 815 [198610, 21, 103277, 36138, 52242]
Loop 816 [195509, 10, 113793, 32361, 42520]
Loop 817 [160242, 9, 81028, 23413, 47059]
Loop 818 [163986, 11, 85240, 23454, 48535]
Loop 819 [187143, 10, 106875, 25346, 45887]
Loop 820 [157467, 9, 80078, 21284, 47855]
Loop 821 [177710, 11, 98948, 24785, 47012]
Loop 822 [166482, 10, 87312, 24063, 46722]
Loop 823 [165117, 11, 87114, 23719, 46680]
Loop 824 [219562, 21, 124368, 34125, 53344]
Loop 825 [184861, 9, 103614, 30400, 42219]
Loop 826 [151567, 9, 73174, 24694, 45232]
Loop 827 [166847, 11, 88163, 21843, 49037]
Loop 828 [171601, 9, 92021, 23236, 47525]
Loop 829 [168118, 10, 88241, 22802, 48851]
Loop 830 [210930, 21, 119411, 40116, 42943]
Loop 831 [206986, 10, 123628, 34694, 39766]
Loop 832 [149407, 10, 70760, 23484, 46885]
Loop 833 [171510, 11, 92993, 26234, 44991]
Loop 834 [151009, 11, 73722, 22470, 46836]
Loop 835 [145804, 11, 68535, 22059, 47485]
Loop 836 [163235, 10, 85414, 22847, 47217]
Loop 837 [166974, 9, 88075, 22927, 47551]
Loop 838 [153972, 9, 73899, 25155, 46475]
Loop 839 [174474, 10, 94406, 24674, 47250]
Loop 840 [212058, 21, 119896, 39305, 44807]
Loop 841 [210520, 11, 124896, 34403, 41895]
Loop 842 [159525, 11, 79315, 27468, 44016]
Loop 843 [148100, 11, 69549, 23738, 46947]
Loop 844 [208948, 21, 118630, 32242, 50551]
Loop 845 [159933, 21, 73094, 24173, 53843]
Loop 846 [200588, 9, 117191, 34197, 41537]
Loop 847 [153608, 9, 73471, 28587, 43304]
Loop 848 [214408, 21, 120606, 39727, 45333]
Loop 849 [152252, 21, 65465, 27820, 51415]
Loop 850 [145082, 21, 60127, 27900, 49865]
Loop 851 [195630, 10, 112837, 33927, 41918]
Loop 852 [171626, 9, 91632, 25764, 45442]
Loop 853 [176759, 10, 95583, 27741, 44694]
Loop 854 [168483, 11, 88487, 23727, 47625]
Loop 855 [219332, 21, 127446, 38795, 44171]
Loop 856 [211540, 9, 126472, 36545, 40207]
Loop 857 [173398, 10, 92416, 25333, 46158]
Loop 858 [213607, 21, 119682, 39575, 45712]
Loop 859 [206608, 11, 122188, 37371, 39101]
Loop 860 [209713, 21, 116871, 39008, 45288]
Loop 861 [206919, 10, 121960, 36204, 40902]
Loop 862 [153504, 10, 74266, 24436, 46081]
Loop 863 [181269, 9, 94871, 25847, 52456]
Loop 864 [188222, 11, 107320, 26392, 46118]
Loop 865 [183230, 9, 94902, 35165, 44223]
Loop 866 [170627, 10, 90809, 24620, 47110]
Loop 867 [153752, 10, 73889, 23949, 47067]
Loop 868 [174908, 11, 95733, 24103, 47194]
Loop 869 [180810, 10, 101498, 25895, 44902]
Loop 870 [174877, 11, 93757, 25897, 47294]
Loop 871 [167612, 9, 88323, 23436, 47776]
Loop 872 [204968, 21, 113343, 36405, 46553]
Loop 873 [210714, 9, 125526, 36429, 39760]
Loop 874 [169711, 10, 87568, 22987, 50779]
Loop 875 [168221, 11, 89445, 23391, 46901]
Loop 876 [158967, 11, 79278, 26364, 45098]
Loop 877 [173214, 10, 93163, 27126, 45135]
Loop 878 [146081, 10, 68434, 22409, 46995]
Loop 879 [211844, 21, 120204, 37251, 46619]
Loop 880 [215722, 10, 131132, 34497, 41067]
Loop 881 [217968, 21, 119439, 33211, 57049]
Loop 882 [222166, 10, 137437, 34770, 41358]
Loop 883 [133806, 10, 58030, 20144, 48228]
Loop 884 [128143, 10, 53941, 20214, 47808]
Loop 885 [202526, 21, 114266, 37624, 44274]
Loop 886 [196152, 11, 113190, 31542, 42961]
Loop 887 [157427, 10, 78644, 25519, 45163]
Loop 888 [163862, 9, 85441, 25425, 46236]
Loop 889 [176307, 10, 85193, 33729, 47297]
Loop 890 [124175, 10, 51724, 17704, 48978]
Loop 891 [116102, 10, 44161, 15152, 51525]
Loop 892 [116965, 10, 44367, 15855, 50937]
Loop 893 [154340, 9, 77563, 22301, 48903]
Loop 894 [136956, 9, 61593, 17687, 51085]
Loop 895 [130434, 9, 56609, 17238, 50614]
Loop 896 [134387, 10, 61078, 16378, 50946]
Loop 897 [168350, 11, 90011, 23344, 49107]
Loop 898 [210945, 21, 120113, 40862, 40508]
Loop 899 [157363, 21, 73899, 27277, 45266]
Loop 900 [194899, 11, 113245, 30868, 43097]
Loop 901 [203728, 21, 109720, 35344, 50649]
Loop 902 [152897, 21, 63984, 25230, 56435]
Loop 903 [182492, 9, 101287, 43035, 31536]
Loop 904 [205542, 21, 115163, 35792, 46074]
Loop 905 [146124, 21, 57128, 25066, 57331]
Loop 906 [168547, 10, 88912, 28607, 44356]
Loop 907 [151687, 10, 72980, 22783, 47541]
Loop 908 [164554, 11, 85818, 23027, 48061]
Loop 909 [172095, 9, 91975, 24571, 46996]
Loop 910 [153705, 9, 73828, 23134, 48276]
Loop 911 [147160, 9, 68295, 26179, 44883]
Loop 912 [171605, 11, 93211, 23314, 47869]
Loop 913 [194943, 21, 104708, 34962, 46932]
Loop 914 [202004, 10, 118041, 35279, 39864]
Loop 915 [225846, 21, 122723, 39686, 54818]
Loop 916 [223696, 11, 139709, 35523, 39606]
Loop 917 [168383, 9, 89279, 24004, 46838]
Loop 918 [176579, 11, 91618, 22821, 47665]
Loop 919 [182633, 9, 93534, 24487, 56692]
Loop 920 [205744, 21, 117349, 39104, 40744]
Loop 921 [227090, 10, 139582, 38316, 39772]
Loop 922 [171913, 9, 91501, 25608, 46253]
Loop 923 [165477, 11, 87011, 23626, 47033]
Loop 924 [175456, 10, 94734, 23892, 47668]
Loop 925 [166711, 9, 86956, 22960, 48797]
Loop 926 [176527, 10, 97162, 22869, 48382]
Loop 927 [232155, 21, 133343, 39115, 51697]
Loop 928 [205224, 9, 119495, 35703, 41294]
Loop 929 [169663, 10, 89695, 26997, 45100]
Loop 930 [137262, 10, 60465, 21786, 47257]
Loop 931 [151052, 9, 74069, 22585, 48027]
Loop 932 [203261, 21, 114911, 38080, 42686]
Loop 933 [167424, 21, 83187, 24972, 50729]
Loop 934 [206144, 11, 121990, 34690, 41527]
Loop 935 [213861, 21, 115256, 36915, 53009]
Loop 936 [188485, 9, 105654, 33565, 41336]
Loop 937 [154086, 9, 73935, 25680, 46177]
Loop 938 [188386, 11, 106978, 25034, 48139]
Loop 939 [152903, 11, 72626, 26996, 44440]
Loop 940 [168427, 9, 88951, 25577, 45971]
Loop 941 [141558, 9, 63448, 23303, 47183]
Loop 942 [162718, 11, 85299, 23260, 47465]
Loop 943 [152488, 10, 75024, 20973, 48985]
Loop 944 [160457, 9, 81052, 24483, 46330]
Loop 945 [161133, 11, 83521, 25385, 45148]
Loop 946 [152017, 9, 75024, 20863, 49119]
Loop 947 [168824, 10, 89229, 25887, 46449]
Loop 948 [201901, 21, 111678, 38782, 42754]
Loop 949 [189037, 9, 106710, 31573, 41878]
Loop 950 [207259, 21, 116244, 37407, 46767]
Loop 951 [204770, 10, 121178, 35727, 39512]
Loop 952 [155506, 10, 74243, 29806, 42930]
Loop 953 [164321, 11, 85580, 23439, 47097]
Loop 954 [170929, 10, 90615, 24171, 47003]
Loop 955 [174362, 11, 94020, 24460, 48062]
Loop 956 [152104, 11, 73665, 23139, 47391]
Loop 957 [153724, 9, 76716, 20375, 49398]
Loop 958 [215640, 21, 115937, 37696, 53324]
Loop 959 [235424, 10, 148657, 42444, 34696]
Loop 960 [179827, 11, 99793, 23878, 47439]
Loop 961 [188743, 10, 102617, 30583, 45899]
Loop 962 [184580, 9, 103146, 25904, 47143]
Loop 963 [170949, 10, 90340, 23563, 47969]
Loop 964 [139196, 10, 61362, 24612, 45768]
Loop 965 [133699, 10, 57805, 24825, 44346]
Loop 966 [212875, 21, 122000, 40154, 44267]
Loop 967 [185984, 10, 103518, 32830, 40579]
Loop 968 [167743, 9, 89762, 24557, 46623]
Loop 969 [176825, 11, 95499, 24374, 47587]
Loop 970 [246772, 21, 142699, 40969, 53658]
Loop 971 [221790, 9, 133922, 38330, 39899]
Loop 972 [161437, 10, 79178, 27281, 45303]
Loop 973 [217642, 21, 126452, 37089, 45447]
Loop 974 [194967, 10, 110725, 28636, 45299]
Loop 975 [186533, 21, 102475, 32709, 43456]
Loop 976 [188628, 9, 106839, 30511, 43976]
Loop 977 [165363, 10, 86662, 22556, 47735]
Loop 978 [193095, 21, 105526, 36834, 43088]
Loop 979 [187495, 10, 104853, 33141, 41681]
Loop 980 [171810, 9, 93151, 24527, 46071]
Loop 981 [195456, 11, 113428, 28002, 45189]
Loop 982 [218255, 21, 117009, 34316, 57773]
Loop 983 [209219, 11, 125365, 35637, 39439]
Loop 984 [164818, 10, 86576, 24961, 45257]
Loop 985 [180414, 11, 101685, 22014, 47826]
Loop 986 [214411, 21, 121058, 40842, 44761]
Loop 987 [163237, 21, 74400, 27985, 51841]
Loop 988 [190605, 11, 107782, 35139, 39775]
Loop 989 [170845, 9, 92221, 23775, 47638]
Loop 990 [161092, 11, 81752, 23706, 46989]
Loop 991 [131881, 11, 56575, 19570, 49088]
Loop 992 [168788, 10, 90540, 23278, 48186]
Loop 993 [206617, 21, 116192, 39080, 43029]
Loop 994 [194120, 11, 106298, 33365, 40772]
Loop 995 [213951, 21, 122098, 36201, 48206]
Loop 996 [207798, 9, 124253, 34828, 40585]
Loop 997 [153230, 9, 73872, 23218, 47287]
Loop 998 [172963, 10, 93848, 25302, 45599]
Loop 999 [171601, 11, 92967, 20238, 49977]
replicas primary file /tmp262144eccache1.dat capacity 65536
replicas slave file /tmp262144eccache1.datLQL0 capacity 65536
replicas slave file /tmp262144eccache1.datLQL1 capacity 65536
replicas slave file /tmp262144eccache1.datLQL2 capacity 65536
replicas slave file /tmp262144eccache1.datLQL3 capacity 65536
replicas slave file /tmp262144eccache1.datLQL4 capacity 65536
