writeMicroEC_CodingDescent, filename /tmp4096microec.dat, size 4096, loop 1000, storageClass 0, locationClass 0, monECSubStripeNum 1
CrailConstants.REPLICATION_FACTOR has changed to 5
MicroEC Coding Ready

networkSizeArray [1024]
starting benchmark...
replicas primary file /tmp4096microec.dat capacity 0
replicas slave file /tmp4096microec.datLQL0 capacity 0
replicas slave file /tmp4096microec.datLQL1 capacity 0
replicas slave file /tmp4096microec.datLQL2 capacity 0
replicas slave file /tmp4096microec.datLQL3 capacity 0
replicas slave file /tmp4096microec.datLQL4 capacity 0
CrailConstants.REPLICATION_FACTOR has changed to 5
ops 1000
final loop (us) 21.241
Loop 0 (us) 82.167
Loop 1 (us) 60.18
Loop 2 (us) 46.43
Loop 3 (us) 38.546
Loop 4 (us) 32.552
Loop 5 (us) 33.892
Loop 6 (us) 34.792
Loop 7 (us) 47.99
Loop 8 (us) 32.806
Loop 9 (us) 34.479
Loop 10 (us) 30.497
Loop 11 (us) 34.238
Loop 12 (us) 31.878
Loop 13 (us) 34.974
Loop 14 (us) 32.793
Loop 15 (us) 35.581
Loop 16 (us) 33.981
Loop 17 (us) 32.769
Loop 18 (us) 31.146
Loop 19 (us) 47.007
Loop 20 (us) 33.881
Loop 21 (us) 51.161
Loop 22 (us) 31.364
Loop 23 (us) 35.279
Loop 24 (us) 30.32
Loop 25 (us) 32.023
Loop 26 (us) 37.571
Loop 27 (us) 32.508
Loop 28 (us) 31.506
Loop 29 (us) 31.7
Loop 30 (us) 31.136
Loop 31 (us) 30.798
Loop 32 (us) 29.471
Loop 33 (us) 29.777
Loop 34 (us) 29.159
Loop 35 (us) 2553.197
Loop 36 (us) 36.906
Loop 37 (us) 28.283
Loop 38 (us) 27.537
Loop 39 (us) 28.337
Loop 40 (us) 27.872
Loop 41 (us) 27.649
Loop 42 (us) 27.047
Loop 43 (us) 28.04
Loop 44 (us) 27.187
Loop 45 (us) 27.442
Loop 46 (us) 27.593
Loop 47 (us) 28.361
Loop 48 (us) 27.276
Loop 49 (us) 27.831
Loop 50 (us) 27.548
Loop 51 (us) 28.37
Loop 52 (us) 27.253
Loop 53 (us) 27.495
Loop 54 (us) 27.589
Loop 55 (us) 29.998
Loop 56 (us) 30.896
Loop 57 (us) 28.317
Loop 58 (us) 32.395
Loop 59 (us) 33.711
Loop 60 (us) 29.099
Loop 61 (us) 36.068
Loop 62 (us) 28.333
Loop 63 (us) 34.079
Loop 64 (us) 28.116
Loop 65 (us) 66.438
Loop 66 (us) 69.028
Loop 67 (us) 43.459
Loop 68 (us) 46.853
Loop 69 (us) 48.597
Loop 70 (us) 40.946
Loop 71 (us) 33.624
Loop 72 (us) 28.102
Loop 73 (us) 32.27
Loop 74 (us) 28.787
Loop 75 (us) 32.308
Loop 76 (us) 27.683
Loop 77 (us) 29.975
Loop 78 (us) 61.073
Loop 79 (us) 39.622
Loop 80 (us) 27.763
Loop 81 (us) 40.361
Loop 82 (us) 35.999
Loop 83 (us) 49.149
Loop 84 (us) 29.659
Loop 85 (us) 47.662
Loop 86 (us) 35.104
Loop 87 (us) 56.353
Loop 88 (us) 27.588
Loop 89 (us) 29.514
Loop 90 (us) 26.984
Loop 91 (us) 30.573
Loop 92 (us) 40.793
Loop 93 (us) 30.573
Loop 94 (us) 26.804
Loop 95 (us) 31.431
Loop 96 (us) 27.109
Loop 97 (us) 30.739
Loop 98 (us) 38.644
Loop 99 (us) 40.243
Loop 100 (us) 64.325
Loop 101 (us) 42.422
Loop 102 (us) 28.549
Loop 103 (us) 28.984
Loop 104 (us) 26.73
Loop 105 (us) 30.952
Loop 106 (us) 26.641
Loop 107 (us) 31.898
Loop 108 (us) 28.543
Loop 109 (us) 31.978
Loop 110 (us) 27.109
Loop 111 (us) 40.944
Loop 112 (us) 27.69
Loop 113 (us) 30.103
Loop 114 (us) 27.11
Loop 115 (us) 28.886
Loop 116 (us) 27.158
Loop 117 (us) 26.322
Loop 118 (us) 26.602
Loop 119 (us) 26.124
Loop 120 (us) 26.265
Loop 121 (us) 25.607
Loop 122 (us) 30.073
Loop 123 (us) 26.91
Loop 124 (us) 26.669
Loop 125 (us) 26.58
Loop 126 (us) 27.084
Loop 127 (us) 31.1
Loop 128 (us) 27.907
Loop 129 (us) 26.401
Loop 130 (us) 26.568
Loop 131 (us) 26.525
Loop 132 (us) 41.021
Loop 133 (us) 26.338
Loop 134 (us) 25.696
Loop 135 (us) 25.625
Loop 136 (us) 26.752
Loop 137 (us) 25.526
Loop 138 (us) 25.76
Loop 139 (us) 25.784
Loop 140 (us) 26.033
Loop 141 (us) 25.54
Loop 142 (us) 25.383
Loop 143 (us) 25.587
Loop 144 (us) 25.79
Loop 145 (us) 25.889
Loop 146 (us) 25.389
Loop 147 (us) 27.396
Loop 148 (us) 25.846
Loop 149 (us) 25.443
Loop 150 (us) 26.721
Loop 151 (us) 27.722
Loop 152 (us) 27.266
Loop 153 (us) 25.765
Loop 154 (us) 26.245
Loop 155 (us) 36.793
Loop 156 (us) 27.38
Loop 157 (us) 25.628
Loop 158 (us) 38.427
Loop 159 (us) 27.624
Loop 160 (us) 25.926
Loop 161 (us) 25.211
Loop 162 (us) 30.677
Loop 163 (us) 25.737
Loop 164 (us) 26.075
Loop 165 (us) 28.237
Loop 166 (us) 25.368
Loop 167 (us) 26.061
Loop 168 (us) 25.385
Loop 169 (us) 25.7
Loop 170 (us) 25.403
Loop 171 (us) 25.64
Loop 172 (us) 25.602
Loop 173 (us) 38.509
Loop 174 (us) 26.901
Loop 175 (us) 25.377
Loop 176 (us) 25.512
Loop 177 (us) 25.374
Loop 178 (us) 26.777
Loop 179 (us) 25.503
Loop 180 (us) 24.807
Loop 181 (us) 24.967
Loop 182 (us) 24.911
Loop 183 (us) 24.873
Loop 184 (us) 24.926
Loop 185 (us) 25.669
Loop 186 (us) 24.971
Loop 187 (us) 24.519
Loop 188 (us) 25.027
Loop 189 (us) 24.967
Loop 190 (us) 25.339
Loop 191 (us) 25.153
Loop 192 (us) 25.41
Loop 193 (us) 25.129
Loop 194 (us) 30.382
Loop 195 (us) 25.651
Loop 196 (us) 25.223
Loop 197 (us) 25.157
Loop 198 (us) 25.348
Loop 199 (us) 25.321
Loop 200 (us) 24.991
Loop 201 (us) 50.505
Loop 202 (us) 27.063
Loop 203 (us) 25.463
Loop 204 (us) 24.576
Loop 205 (us) 24.627
Loop 206 (us) 24.714
Loop 207 (us) 24.784
Loop 208 (us) 24.663
Loop 209 (us) 29.441
Loop 210 (us) 24.907
Loop 211 (us) 24.37
Loop 212 (us) 24.483
Loop 213 (us) 24.55
Loop 214 (us) 24.51
Loop 215 (us) 24.871
Loop 216 (us) 24.377
Loop 217 (us) 25.198
Loop 218 (us) 24.395
Loop 219 (us) 24.552
Loop 220 (us) 24.546
Loop 221 (us) 24.561
Loop 222 (us) 24.432
Loop 223 (us) 24.51
Loop 224 (us) 24.377
Loop 225 (us) 24.462
Loop 226 (us) 30.14
Loop 227 (us) 24.362
Loop 228 (us) 25.128
Loop 229 (us) 24.21
Loop 230 (us) 24.353
Loop 231 (us) 24.561
Loop 232 (us) 24.245
Loop 233 (us) 24.371
Loop 234 (us) 24.537
Loop 235 (us) 28.813
Loop 236 (us) 26.755
Loop 237 (us) 26.04
Loop 238 (us) 25.031
Loop 239 (us) 24.572
Loop 240 (us) 24.401
Loop 241 (us) 24.194
Loop 242 (us) 24.42
Loop 243 (us) 24.266
Loop 244 (us) 24.253
Loop 245 (us) 26.359
Loop 246 (us) 24.614
Loop 247 (us) 24.561
Loop 248 (us) 24.213
Loop 249 (us) 24.224
Loop 250 (us) 24.503
Loop 251 (us) 24.118
Loop 252 (us) 26.582
Loop 253 (us) 24.59
Loop 254 (us) 26.03
Loop 255 (us) 33.485
Loop 256 (us) 26.21
Loop 257 (us) 26.195
Loop 258 (us) 33.015
Loop 259 (us) 24.964
Loop 260 (us) 24.927
Loop 261 (us) 24.203
Loop 262 (us) 24.144
Loop 263 (us) 26.467
Loop 264 (us) 24.413
Loop 265 (us) 23.928
Loop 266 (us) 23.755
Loop 267 (us) 24.844
Loop 268 (us) 23.947
Loop 269 (us) 49.957
Loop 270 (us) 24.665
Loop 271 (us) 24.42
Loop 272 (us) 23.247
Loop 273 (us) 24.174
Loop 274 (us) 23.533
Loop 275 (us) 23.617
Loop 276 (us) 23.719
Loop 277 (us) 23.589
Loop 278 (us) 24.175
Loop 279 (us) 27.043
Loop 280 (us) 23.854
Loop 281 (us) 23.535
Loop 282 (us) 23.316
Loop 283 (us) 23.21
Loop 284 (us) 23.232
Loop 285 (us) 27.914
Loop 286 (us) 23.996
Loop 287 (us) 23.498
Loop 288 (us) 23.548
Loop 289 (us) 23.279
Loop 290 (us) 23.655
Loop 291 (us) 23.362
Loop 292 (us) 23.538
Loop 293 (us) 23.642
Loop 294 (us) 23.504
Loop 295 (us) 483.523
Loop 296 (us) 24.328
Loop 297 (us) 23.5
Loop 298 (us) 23.255
Loop 299 (us) 23.292
Loop 300 (us) 24.369
Loop 301 (us) 23.422
Loop 302 (us) 23.4
Loop 303 (us) 23.269
Loop 304 (us) 23.812
Loop 305 (us) 23.417
Loop 306 (us) 23.396
Loop 307 (us) 23.422
Loop 308 (us) 46.758
Loop 309 (us) 24.488
Loop 310 (us) 23.123
Loop 311 (us) 23.18
Loop 312 (us) 23.169
Loop 313 (us) 23.429
Loop 314 (us) 22.934
Loop 315 (us) 22.725
Loop 316 (us) 23.165
Loop 317 (us) 22.937
Loop 318 (us) 23.559
Loop 319 (us) 23.059
Loop 320 (us) 22.994
Loop 321 (us) 22.891
Loop 322 (us) 22.87
Loop 323 (us) 22.95
Loop 324 (us) 22.904
Loop 325 (us) 22.884
Loop 326 (us) 22.984
Loop 327 (us) 22.826
Loop 328 (us) 23.217
Loop 329 (us) 23.1
Loop 330 (us) 22.93
Loop 331 (us) 23.273
Loop 332 (us) 23.116
Loop 333 (us) 23.102
Loop 334 (us) 22.999
Loop 335 (us) 23.371
Loop 336 (us) 22.979
Loop 337 (us) 23.653
Loop 338 (us) 22.853
Loop 339 (us) 25.169
Loop 340 (us) 23.422
Loop 341 (us) 23.169
Loop 342 (us) 23.562
Loop 343 (us) 23.249
Loop 344 (us) 22.948
Loop 345 (us) 22.78
Loop 346 (us) 22.831
Loop 347 (us) 23.228
Loop 348 (us) 23.134
Loop 349 (us) 23.307
Loop 350 (us) 22.99
Loop 351 (us) 23.388
Loop 352 (us) 22.972
Loop 353 (us) 22.997
Loop 354 (us) 22.769
Loop 355 (us) 22.861
Loop 356 (us) 22.896
Loop 357 (us) 22.897
Loop 358 (us) 22.871
Loop 359 (us) 22.813
Loop 360 (us) 22.912
Loop 361 (us) 23.632
Loop 362 (us) 22.983
Loop 363 (us) 23.123
Loop 364 (us) 23.009
Loop 365 (us) 23.163
Loop 366 (us) 23.936
Loop 367 (us) 23.482
Loop 368 (us) 22.872
Loop 369 (us) 22.962
Loop 370 (us) 24.079
Loop 371 (us) 22.974
Loop 372 (us) 22.804
Loop 373 (us) 23.181
Loop 374 (us) 22.852
Loop 375 (us) 23.563
Loop 376 (us) 22.899
Loop 377 (us) 23.11
Loop 378 (us) 22.999
Loop 379 (us) 23.358
Loop 380 (us) 22.869
Loop 381 (us) 22.991
Loop 382 (us) 24.977
Loop 383 (us) 23.314
Loop 384 (us) 23.276
Loop 385 (us) 22.909
Loop 386 (us) 23.025
Loop 387 (us) 23.205
Loop 388 (us) 23.738
Loop 389 (us) 22.993
Loop 390 (us) 22.874
Loop 391 (us) 23.054
Loop 392 (us) 22.95
Loop 393 (us) 22.952
Loop 394 (us) 23.613
Loop 395 (us) 22.973
Loop 396 (us) 23.05
Loop 397 (us) 22.866
Loop 398 (us) 23.121
Loop 399 (us) 22.908
Loop 400 (us) 22.806
Loop 401 (us) 22.928
Loop 402 (us) 22.972
Loop 403 (us) 23.369
Loop 404 (us) 23.19
Loop 405 (us) 23.205
Loop 406 (us) 22.897
Loop 407 (us) 26.343
Loop 408 (us) 23.662
Loop 409 (us) 22.998
Loop 410 (us) 22.713
Loop 411 (us) 22.68
Loop 412 (us) 23.563
Loop 413 (us) 23.205
Loop 414 (us) 25.186
Loop 415 (us) 23.668
Loop 416 (us) 22.845
Loop 417 (us) 22.98
Loop 418 (us) 22.782
Loop 419 (us) 23.084
Loop 420 (us) 22.992
Loop 421 (us) 27.41
Loop 422 (us) 23.329
Loop 423 (us) 23.041
Loop 424 (us) 22.755
Loop 425 (us) 23.044
Loop 426 (us) 25.338
Loop 427 (us) 23.874
Loop 428 (us) 23.827
Loop 429 (us) 23.29
Loop 430 (us) 23.021
Loop 431 (us) 23.112
Loop 432 (us) 22.947
Loop 433 (us) 23.129
Loop 434 (us) 23.019
Loop 435 (us) 22.946
Loop 436 (us) 23.416
Loop 437 (us) 23.189
Loop 438 (us) 22.711
Loop 439 (us) 22.964
Loop 440 (us) 22.744
Loop 441 (us) 22.828
Loop 442 (us) 22.518
Loop 443 (us) 23.413
Loop 444 (us) 22.856
Loop 445 (us) 23.732
Loop 446 (us) 22.86
Loop 447 (us) 23.092
Loop 448 (us) 22.866
Loop 449 (us) 23.047
Loop 450 (us) 22.979
Loop 451 (us) 24.696
Loop 452 (us) 23.62
Loop 453 (us) 23.225
Loop 454 (us) 27.787
Loop 455 (us) 23.591
Loop 456 (us) 22.866
Loop 457 (us) 22.97
Loop 458 (us) 22.853
Loop 459 (us) 23.0
Loop 460 (us) 22.947
Loop 461 (us) 22.704
Loop 462 (us) 22.838
Loop 463 (us) 23.736
Loop 464 (us) 23.634
Loop 465 (us) 22.791
Loop 466 (us) 23.076
Loop 467 (us) 23.03
Loop 468 (us) 23.345
Loop 469 (us) 25.312
Loop 470 (us) 23.052
Loop 471 (us) 22.792
Loop 472 (us) 22.831
Loop 473 (us) 22.833
Loop 474 (us) 22.835
Loop 475 (us) 22.698
Loop 476 (us) 23.052
Loop 477 (us) 22.795
Loop 478 (us) 24.065
Loop 479 (us) 22.957
Loop 480 (us) 22.879
Loop 481 (us) 22.89
Loop 482 (us) 23.017
Loop 483 (us) 22.917
Loop 484 (us) 38.245
Loop 485 (us) 24.076
Loop 486 (us) 22.957
Loop 487 (us) 30.33
Loop 488 (us) 22.871
Loop 489 (us) 23.172
Loop 490 (us) 22.828
Loop 491 (us) 23.216
Loop 492 (us) 23.812
Loop 493 (us) 23.134
Loop 494 (us) 22.618
Loop 495 (us) 22.944
Loop 496 (us) 22.937
Loop 497 (us) 23.512
Loop 498 (us) 23.028
Loop 499 (us) 22.966
Loop 500 (us) 22.729
Loop 501 (us) 22.8
Loop 502 (us) 22.709
Loop 503 (us) 22.974
Loop 504 (us) 22.665
Loop 505 (us) 22.919
Loop 506 (us) 23.384
Loop 507 (us) 22.722
Loop 508 (us) 23.294
Loop 509 (us) 22.848
Loop 510 (us) 32.939
Loop 511 (us) 23.395
Loop 512 (us) 496.73
Loop 513 (us) 23.972
Loop 514 (us) 23.232
Loop 515 (us) 23.089
Loop 516 (us) 22.806
Loop 517 (us) 23.186
Loop 518 (us) 22.683
Loop 519 (us) 23.147
Loop 520 (us) 23.251
Loop 521 (us) 23.218
Loop 522 (us) 22.939
Loop 523 (us) 22.809
Loop 524 (us) 23.006
Loop 525 (us) 22.759
Loop 526 (us) 23.061
Loop 527 (us) 22.795
Loop 528 (us) 22.674
Loop 529 (us) 27.484
Loop 530 (us) 23.15
Loop 531 (us) 22.758
Loop 532 (us) 22.84
Loop 533 (us) 23.054
Loop 534 (us) 22.808
Loop 535 (us) 23.02
Loop 536 (us) 22.922
Loop 537 (us) 23.105
Loop 538 (us) 22.881
Loop 539 (us) 23.683
Loop 540 (us) 23.02
Loop 541 (us) 23.165
Loop 542 (us) 22.813
Loop 543 (us) 23.422
Loop 544 (us) 23.008
Loop 545 (us) 23.737
Loop 546 (us) 22.936
Loop 547 (us) 22.963
Loop 548 (us) 23.657
Loop 549 (us) 23.087
Loop 550 (us) 23.008
Loop 551 (us) 23.054
Loop 552 (us) 23.143
Loop 553 (us) 22.929
Loop 554 (us) 22.781
Loop 555 (us) 22.698
Loop 556 (us) 25.354
Loop 557 (us) 22.876
Loop 558 (us) 23.115
Loop 559 (us) 22.953
Loop 560 (us) 22.959
Loop 561 (us) 23.083
Loop 562 (us) 27.612
Loop 563 (us) 23.453
Loop 564 (us) 23.105
Loop 565 (us) 23.282
Loop 566 (us) 22.925
Loop 567 (us) 23.232
Loop 568 (us) 22.788
Loop 569 (us) 22.797
Loop 570 (us) 22.991
Loop 571 (us) 23.027
Loop 572 (us) 23.462
Loop 573 (us) 23.386
Loop 574 (us) 22.844
Loop 575 (us) 23.145
Loop 576 (us) 22.9
Loop 577 (us) 24.309
Loop 578 (us) 23.605
Loop 579 (us) 22.789
Loop 580 (us) 22.917
Loop 581 (us) 23.367
Loop 582 (us) 23.043
Loop 583 (us) 22.948
Loop 584 (us) 22.818
Loop 585 (us) 23.16
Loop 586 (us) 22.62
Loop 587 (us) 22.983
Loop 588 (us) 23.221
Loop 589 (us) 23.099
Loop 590 (us) 22.8
Loop 591 (us) 23.522
Loop 592 (us) 23.01
Loop 593 (us) 23.263
Loop 594 (us) 22.945
Loop 595 (us) 22.654
Loop 596 (us) 23.083
Loop 597 (us) 23.088
Loop 598 (us) 23.165
Loop 599 (us) 26.661
Loop 600 (us) 23.518
Loop 601 (us) 23.126
Loop 602 (us) 22.882
Loop 603 (us) 22.975
Loop 604 (us) 23.01
Loop 605 (us) 23.396
Loop 606 (us) 22.975
Loop 607 (us) 23.11
Loop 608 (us) 22.993
Loop 609 (us) 23.24
Loop 610 (us) 22.624
Loop 611 (us) 23.05
Loop 612 (us) 22.935
Loop 613 (us) 22.926
Loop 614 (us) 23.375
Loop 615 (us) 22.95
Loop 616 (us) 22.516
Loop 617 (us) 23.027
Loop 618 (us) 22.707
Loop 619 (us) 24.887
Loop 620 (us) 23.114
Loop 621 (us) 24.078
Loop 622 (us) 23.382
Loop 623 (us) 28.286
Loop 624 (us) 23.545
Loop 625 (us) 22.884
Loop 626 (us) 22.91
Loop 627 (us) 22.972
Loop 628 (us) 22.948
Loop 629 (us) 22.9
Loop 630 (us) 22.912
Loop 631 (us) 31.918
Loop 632 (us) 23.938
Loop 633 (us) 23.535
Loop 634 (us) 22.881
Loop 635 (us) 22.77
Loop 636 (us) 23.178
Loop 637 (us) 22.658
Loop 638 (us) 23.004
Loop 639 (us) 23.036
Loop 640 (us) 24.314
Loop 641 (us) 23.453
Loop 642 (us) 23.679
Loop 643 (us) 24.854
Loop 644 (us) 23.316
Loop 645 (us) 22.864
Loop 646 (us) 22.762
Loop 647 (us) 23.875
Loop 648 (us) 23.473
Loop 649 (us) 23.108
Loop 650 (us) 22.921
Loop 651 (us) 23.052
Loop 652 (us) 23.052
Loop 653 (us) 22.698
Loop 654 (us) 22.817
Loop 655 (us) 23.119
Loop 656 (us) 29.62
Loop 657 (us) 23.003
Loop 658 (us) 23.111
Loop 659 (us) 24.883
Loop 660 (us) 23.029
Loop 661 (us) 22.895
Loop 662 (us) 23.649
Loop 663 (us) 24.602
Loop 664 (us) 24.35
Loop 665 (us) 23.193
Loop 666 (us) 23.542
Loop 667 (us) 23.141
Loop 668 (us) 23.524
Loop 669 (us) 22.751
Loop 670 (us) 22.826
Loop 671 (us) 23.05
Loop 672 (us) 22.959
Loop 673 (us) 22.848
Loop 674 (us) 23.092
Loop 675 (us) 23.504
Loop 676 (us) 23.152
Loop 677 (us) 23.158
Loop 678 (us) 23.154
Loop 679 (us) 23.232
Loop 680 (us) 22.862
Loop 681 (us) 23.118
Loop 682 (us) 22.804
Loop 683 (us) 24.637
Loop 684 (us) 23.808
Loop 685 (us) 22.838
Loop 686 (us) 25.076
Loop 687 (us) 23.267
Loop 688 (us) 22.824
Loop 689 (us) 23.547
Loop 690 (us) 24.263
Loop 691 (us) 23.195
Loop 692 (us) 22.912
Loop 693 (us) 23.273
Loop 694 (us) 23.227
Loop 695 (us) 22.952
Loop 696 (us) 22.637
Loop 697 (us) 22.919
Loop 698 (us) 23.606
Loop 699 (us) 22.866
Loop 700 (us) 23.298
Loop 701 (us) 22.723
Loop 702 (us) 22.966
Loop 703 (us) 23.041
Loop 704 (us) 22.624
Loop 705 (us) 22.97
Loop 706 (us) 22.976
Loop 707 (us) 22.567
Loop 708 (us) 23.805
Loop 709 (us) 22.72
Loop 710 (us) 22.922
Loop 711 (us) 23.017
Loop 712 (us) 24.588
Loop 713 (us) 34.103
Loop 714 (us) 23.469
Loop 715 (us) 22.95
Loop 716 (us) 23.083
Loop 717 (us) 23.549
Loop 718 (us) 23.107
Loop 719 (us) 23.15
Loop 720 (us) 23.088
Loop 721 (us) 23.019
Loop 722 (us) 22.992
Loop 723 (us) 22.671
Loop 724 (us) 22.931
Loop 725 (us) 23.254
Loop 726 (us) 23.134
Loop 727 (us) 23.106
Loop 728 (us) 22.815
Loop 729 (us) 22.808
Loop 730 (us) 66.2
Loop 731 (us) 25.393
Loop 732 (us) 22.818
Loop 733 (us) 22.243
Loop 734 (us) 22.762
Loop 735 (us) 22.614
Loop 736 (us) 22.629
Loop 737 (us) 22.437
Loop 738 (us) 22.479
Loop 739 (us) 22.562
Loop 740 (us) 23.114
Loop 741 (us) 22.543
Loop 742 (us) 22.627
Loop 743 (us) 22.744
Loop 744 (us) 22.261
Loop 745 (us) 22.456
Loop 746 (us) 22.857
Loop 747 (us) 22.631
Loop 748 (us) 24.313
Loop 749 (us) 23.128
Loop 750 (us) 24.684
Loop 751 (us) 24.868
Loop 752 (us) 22.414
Loop 753 (us) 22.15
Loop 754 (us) 22.467
Loop 755 (us) 22.423
Loop 756 (us) 22.494
Loop 757 (us) 34.726
Loop 758 (us) 29.233
Loop 759 (us) 23.223
Loop 760 (us) 22.648
Loop 761 (us) 22.437
Loop 762 (us) 22.299
Loop 763 (us) 22.323
Loop 764 (us) 22.38
Loop 765 (us) 22.517
Loop 766 (us) 22.233
Loop 767 (us) 23.047
Loop 768 (us) 23.174
Loop 769 (us) 22.361
Loop 770 (us) 23.386
Loop 771 (us) 22.877
Loop 772 (us) 22.383
Loop 773 (us) 24.94
Loop 774 (us) 22.849
Loop 775 (us) 22.891
Loop 776 (us) 22.593
Loop 777 (us) 22.755
Loop 778 (us) 22.234
Loop 779 (us) 22.349
Loop 780 (us) 22.323
Loop 781 (us) 22.263
Loop 782 (us) 34.579
Loop 783 (us) 23.052
Loop 784 (us) 22.552
Loop 785 (us) 22.815
Loop 786 (us) 22.77
Loop 787 (us) 22.559
Loop 788 (us) 22.679
Loop 789 (us) 22.502
Loop 790 (us) 22.39
Loop 791 (us) 22.758
Loop 792 (us) 33.253
Loop 793 (us) 23.283
Loop 794 (us) 23.516
Loop 795 (us) 22.871
Loop 796 (us) 22.573
Loop 797 (us) 22.577
Loop 798 (us) 22.773
Loop 799 (us) 22.93
Loop 800 (us) 31.854
Loop 801 (us) 23.162
Loop 802 (us) 22.64
Loop 803 (us) 22.221
Loop 804 (us) 22.463
Loop 805 (us) 22.706
Loop 806 (us) 22.538
Loop 807 (us) 22.689
Loop 808 (us) 22.141
Loop 809 (us) 22.379
Loop 810 (us) 23.055
Loop 811 (us) 22.445
Loop 812 (us) 22.343
Loop 813 (us) 22.223
Loop 814 (us) 22.501
Loop 815 (us) 22.484
Loop 816 (us) 25.137
Loop 817 (us) 22.915
Loop 818 (us) 50.788
Loop 819 (us) 24.891
Loop 820 (us) 18.89
Loop 821 (us) 18.494
Loop 822 (us) 18.688
Loop 823 (us) 18.217
Loop 824 (us) 19.467
Loop 825 (us) 18.452
Loop 826 (us) 18.674
Loop 827 (us) 18.332
Loop 828 (us) 18.653
Loop 829 (us) 18.452
Loop 830 (us) 18.349
Loop 831 (us) 33.558
Loop 832 (us) 19.662
Loop 833 (us) 18.27
Loop 834 (us) 18.997
Loop 835 (us) 18.399
Loop 836 (us) 18.623
Loop 837 (us) 18.428
Loop 838 (us) 18.302
Loop 839 (us) 18.35
Loop 840 (us) 18.428
Loop 841 (us) 18.498
Loop 842 (us) 18.336
Loop 843 (us) 23.961
Loop 844 (us) 18.529
Loop 845 (us) 18.306
Loop 846 (us) 18.257
Loop 847 (us) 18.6
Loop 848 (us) 18.334
Loop 849 (us) 18.292
Loop 850 (us) 18.749
Loop 851 (us) 18.322
Loop 852 (us) 18.345
Loop 853 (us) 20.217
Loop 854 (us) 18.261
Loop 855 (us) 18.649
Loop 856 (us) 18.304
Loop 857 (us) 18.534
Loop 858 (us) 18.387
Loop 859 (us) 18.414
Loop 860 (us) 21.838
Loop 861 (us) 18.399
Loop 862 (us) 18.339
Loop 863 (us) 18.022
Loop 864 (us) 18.188
Loop 865 (us) 18.177
Loop 866 (us) 18.294
Loop 867 (us) 18.24
Loop 868 (us) 19.223
Loop 869 (us) 18.104
Loop 870 (us) 18.106
Loop 871 (us) 18.263
Loop 872 (us) 19.611
Loop 873 (us) 18.68
Loop 874 (us) 18.155
Loop 875 (us) 18.045
Loop 876 (us) 18.1
Loop 877 (us) 17.908
Loop 878 (us) 18.767
Loop 879 (us) 18.548
Loop 880 (us) 18.196
Loop 881 (us) 18.062
Loop 882 (us) 18.276
Loop 883 (us) 18.147
Loop 884 (us) 17.862
Loop 885 (us) 18.121
Loop 886 (us) 18.274
Loop 887 (us) 18.489
Loop 888 (us) 18.753
Loop 889 (us) 18.122
Loop 890 (us) 18.002
Loop 891 (us) 18.3
Loop 892 (us) 17.98
Loop 893 (us) 18.014
Loop 894 (us) 17.852
Loop 895 (us) 18.017
Loop 896 (us) 18.175
Loop 897 (us) 18.222
Loop 898 (us) 18.706
Loop 899 (us) 18.119
Loop 900 (us) 18.264
Loop 901 (us) 18.152
Loop 902 (us) 18.166
Loop 903 (us) 20.761
Loop 904 (us) 18.459
Loop 905 (us) 18.179
Loop 906 (us) 18.215
Loop 907 (us) 18.075
Loop 908 (us) 18.243
Loop 909 (us) 17.949
Loop 910 (us) 18.053
Loop 911 (us) 18.303
Loop 912 (us) 18.164
Loop 913 (us) 18.583
Loop 914 (us) 18.048
Loop 915 (us) 18.327
Loop 916 (us) 18.131
Loop 917 (us) 18.149
Loop 918 (us) 18.06
Loop 919 (us) 19.396
Loop 920 (us) 18.39
Loop 921 (us) 18.524
Loop 922 (us) 17.998
Loop 923 (us) 18.88
Loop 924 (us) 18.251
Loop 925 (us) 18.205
Loop 926 (us) 18.035
Loop 927 (us) 18.241
Loop 928 (us) 18.056
Loop 929 (us) 17.925
Loop 930 (us) 18.038
Loop 931 (us) 18.13
Loop 932 (us) 18.11
Loop 933 (us) 18.729
Loop 934 (us) 18.182
Loop 935 (us) 18.242
Loop 936 (us) 17.927
Loop 937 (us) 18.1
Loop 938 (us) 18.077
Loop 939 (us) 18.022
Loop 940 (us) 18.344
Loop 941 (us) 18.115
Loop 942 (us) 18.024
Loop 943 (us) 18.704
Loop 944 (us) 18.264
Loop 945 (us) 18.182
Loop 946 (us) 497.116
Loop 947 (us) 17.66
Loop 948 (us) 16.627
Loop 949 (us) 16.126
Loop 950 (us) 16.352
Loop 951 (us) 16.454
Loop 952 (us) 16.255
Loop 953 (us) 16.395
Loop 954 (us) 16.305
Loop 955 (us) 16.37
Loop 956 (us) 16.195
Loop 957 (us) 16.154
Loop 958 (us) 16.212
Loop 959 (us) 21.261
Loop 960 (us) 16.174
Loop 961 (us) 16.088
Loop 962 (us) 16.196
Loop 963 (us) 16.378
Loop 964 (us) 16.185
Loop 965 (us) 16.439
Loop 966 (us) 16.294
Loop 967 (us) 16.136
Loop 968 (us) 16.228
Loop 969 (us) 16.106
Loop 970 (us) 16.085
Loop 971 (us) 16.778
Loop 972 (us) 16.091
Loop 973 (us) 16.294
Loop 974 (us) 16.028
Loop 975 (us) 16.423
Loop 976 (us) 16.239
Loop 977 (us) 16.117
Loop 978 (us) 16.201
Loop 979 (us) 16.402
Loop 980 (us) 16.276
Loop 981 (us) 16.206
Loop 982 (us) 16.886
Loop 983 (us) 16.07
Loop 984 (us) 16.474
Loop 985 (us) 16.291
Loop 986 (us) 16.28
Loop 987 (us) 16.09
Loop 988 (us) 16.181
Loop 989 (us) 16.18
Loop 990 (us) 18.5
Loop 991 (us) 16.325
Loop 992 (us) 16.315
Loop 993 (us) 16.065
Loop 994 (us) 16.162
Loop 995 (us) 16.058
Loop 996 (us) 16.374
Loop 997 (us) 16.3
Loop 998 (us) 16.332
Loop 999 (us) 21.241
Warmup times 0
avgLoopLatency(us) 28.215982
iops 35440.90721350758
variance 84.12291916616827
Loop 0 [82167, 34481, 14257, 19529, 17830, 12859]
Loop 1 [60180, 9533, 17021, 25230, 23784, 7530]
Loop 2 [46430, 7246, 14459, 16629, 15589, 7330]
Loop 3 [38546, 6007, 14789, 10395, 9610, 6698]
Loop 4 [32552, 5382, 11740, 8381, 7676, 6406]
Loop 5 [33892, 4975, 13308, 8835, 8170, 6045]
Loop 6 [34792, 5141, 12972, 9608, 8967, 6338]
Loop 7 [47990, 5564, 25740, 9411, 8693, 6577]
Loop 8 [32806, 5137, 12131, 8388, 7745, 6493]
Loop 9 [34479, 5109, 13564, 8919, 8365, 6286]
Loop 10 [30497, 4875, 10850, 7703, 7142, 6453]
Loop 11 [34238, 5094, 13189, 8956, 8369, 6358]
Loop 12 [31878, 4892, 11639, 8186, 7641, 6526]
Loop 13 [34974, 5274, 12981, 9287, 8702, 6805]
Loop 14 [32793, 5376, 11729, 8611, 8004, 6495]
Loop 15 [35581, 6493, 12403, 8671, 7995, 7285]
Loop 16 [33981, 5489, 11995, 9391, 8762, 6444]
Loop 17 [32769, 5021, 12210, 8447, 7805, 6324]
Loop 18 [31146, 4930, 11349, 7997, 7415, 6242]
Loop 19 [47007, 5172, 10624, 9212, 8593, 21290]
Loop 20 [33881, 5740, 12963, 9188, 8585, 5344]
Loop 21 [51161, 5436, 11855, 8961, 8358, 24174]
Loop 22 [31364, 5739, 11545, 8163, 7517, 5294]
Loop 23 [35279, 6257, 12522, 9848, 9171, 5978]
Loop 24 [30320, 5311, 10843, 8088, 7510, 5473]
Loop 25 [32023, 5072, 12174, 9001, 8403, 5174]
Loop 26 [37571, 4781, 11177, 15866, 15280, 5120]
Loop 27 [32508, 4902, 13200, 8571, 8028, 5241]
Loop 28 [31506, 4704, 12447, 8719, 8203, 4981]
Loop 29 [31700, 5222, 12452, 8323, 7727, 5059]
Loop 30 [31136, 4753, 12098, 8617, 8088, 5052]
Loop 31 [30798, 4968, 12070, 8138, 7577, 5012]
Loop 32 [29471, 4706, 11674, 7443, 6902, 5063]
Loop 33 [29777, 4992, 11428, 7649, 7067, 5101]
Loop 34 [29159, 4837, 10332, 8316, 7746, 5053]
Loop 35 [2553197, 4668, 9938, 2527887, 2527162, 9553]
Loop 36 [36906, 11084, 10324, 9413, 8799, 5409]
Loop 37 [28283, 5048, 9876, 7566, 6998, 5148]
Loop 38 [27537, 4826, 9661, 7175, 6623, 5271]
Loop 39 [28337, 4848, 10145, 7676, 7117, 5029]
Loop 40 [27872, 4742, 9998, 7532, 7009, 4970]
Loop 41 [27649, 4787, 9734, 7514, 6973, 4957]
Loop 42 [27047, 4788, 9477, 7250, 6676, 4944]
Loop 43 [28040, 4966, 9843, 7481, 6932, 5123]
Loop 44 [27187, 4697, 9468, 7403, 6858, 5039]
Loop 45 [27442, 4801, 9515, 7446, 6891, 5050]
Loop 46 [27593, 4866, 9843, 7246, 6712, 5037]
Loop 47 [28361, 4831, 10189, 7557, 6998, 5181]
Loop 48 [27276, 4738, 9575, 7359, 6803, 5019]
Loop 49 [27831, 4771, 9735, 7437, 6891, 5268]
Loop 50 [27548, 4824, 9555, 7252, 6715, 5336]
Loop 51 [28370, 4818, 10415, 7260, 6703, 5219]
Loop 52 [27253, 4691, 9462, 7435, 6879, 5026]
Loop 53 [27495, 4870, 9608, 7377, 6809, 5031]
Loop 54 [27589, 4740, 9817, 7319, 6767, 5066]
Loop 55 [29998, 4836, 11771, 7475, 6882, 5235]
Loop 56 [30896, 4748, 11179, 9214, 8671, 5139]
Loop 57 [28317, 4783, 9772, 7987, 7401, 5148]
Loop 58 [32395, 9128, 9812, 7669, 7056, 5099]
Loop 59 [33711, 7446, 11426, 8258, 7541, 5861]
Loop 60 [29099, 5358, 10246, 7479, 6894, 5356]
Loop 61 [36068, 7736, 12254, 8952, 8046, 6366]
Loop 62 [28333, 5531, 9575, 7266, 6667, 5318]
Loop 63 [34079, 8290, 10830, 8644, 7983, 5635]
Loop 64 [28116, 5445, 9885, 7131, 6592, 4997]
Loop 65 [66438, 6575, 34230, 14423, 13701, 10473]
Loop 66 [69028, 6178, 12505, 23480, 22799, 26068]
Loop 67 [43459, 6809, 12070, 8015, 7348, 15791]
Loop 68 [46853, 5409, 12741, 7960, 7357, 19981]
Loop 69 [48597, 6386, 14176, 7791, 7158, 19458]
Loop 70 [40946, 5811, 10077, 7404, 6807, 16962]
Loop 71 [33624, 6728, 11799, 8132, 7471, 6210]
Loop 72 [28102, 5200, 9845, 7221, 6655, 5145]
Loop 73 [32270, 6603, 11452, 7807, 7162, 5725]
Loop 74 [28787, 5249, 9659, 7589, 7007, 5637]
Loop 75 [32308, 7359, 10631, 7603, 7013, 6070]
Loop 76 [27683, 4972, 9377, 7503, 6967, 5133]
Loop 77 [29975, 5731, 10288, 7679, 7086, 5651]
Loop 78 [61073, 5763, 33445, 15258, 14573, 5828]
Loop 79 [39622, 6960, 17144, 8284, 7530, 6517]
Loop 80 [27763, 5344, 9622, 7195, 6614, 4915]
Loop 81 [40361, 5668, 10220, 7384, 6814, 16347]
Loop 82 [35999, 5662, 9881, 7346, 6778, 12402]
Loop 83 [49149, 6344, 11374, 7645, 7029, 23036]
Loop 84 [29659, 5770, 10707, 7725, 7160, 4829]
Loop 85 [47662, 5699, 11613, 13171, 12482, 5163]
Loop 86 [35104, 5854, 15542, 7469, 6880, 5524]
Loop 87 [56353, 6840, 34943, 8176, 7501, 5704]
Loop 88 [27588, 5418, 9610, 7208, 6646, 4738]
Loop 89 [29514, 5542, 10455, 7554, 6898, 5254]
Loop 90 [26984, 4960, 9249, 7331, 6728, 4823]
Loop 91 [30573, 6375, 10606, 7700, 7049, 5245]
Loop 92 [40793, 5301, 9714, 7359, 6736, 17526]
Loop 93 [30573, 5963, 10995, 7836, 7260, 5099]
Loop 94 [26804, 5146, 9192, 7098, 6544, 4709]
Loop 95 [31431, 6481, 10977, 7638, 7013, 5613]
Loop 96 [27109, 5119, 9478, 7090, 6564, 4808]
Loop 97 [30739, 6476, 10711, 7596, 6982, 5291]
Loop 98 [38644, 5185, 9710, 7224, 6661, 15791]
Loop 99 [40243, 6692, 11016, 7829, 7206, 13947]
Loop 100 [64325, 15737, 10160, 8504, 7860, 15609]
Loop 101 [42422, 6572, 12316, 7804, 7162, 6162]
Loop 102 [28549, 5619, 9850, 7481, 6867, 5017]
Loop 103 [28984, 5662, 10073, 7505, 6891, 5183]
Loop 104 [26730, 5177, 9172, 7293, 6726, 4553]
Loop 105 [30952, 6424, 10902, 7809, 7173, 5254]
Loop 106 [26641, 5150, 9163, 7184, 6636, 4627]
Loop 107 [31898, 6198, 11158, 7769, 7175, 6163]
Loop 108 [28543, 5198, 10665, 7169, 6599, 4997]
Loop 109 [31978, 6325, 10526, 9285, 8668, 5249]
Loop 110 [27109, 5245, 9329, 7433, 6863, 4588]
Loop 111 [40944, 6745, 19985, 7749, 7144, 5821]
Loop 112 [27690, 5360, 9758, 7221, 6646, 4803]
Loop 113 [30103, 5668, 11347, 7213, 6647, 5328]
Loop 114 [27110, 4948, 9690, 7403, 6867, 4552]
Loop 115 [28886, 5719, 10111, 7454, 6847, 5072]
Loop 116 [27158, 5112, 9336, 7164, 6612, 5019]
Loop 117 [26322, 4969, 9236, 7076, 6513, 4521]
Loop 118 [26602, 5070, 9109, 7411, 6843, 4478]
Loop 119 [26124, 4859, 9216, 7133, 6544, 4440]
Loop 120 [26265, 4853, 9038, 7102, 6535, 4769]
Loop 121 [25607, 4733, 8922, 6984, 6414, 4467]
Loop 122 [30073, 5458, 10730, 7665, 7053, 5690]
Loop 123 [26910, 4868, 9315, 7309, 6732, 4922]
Loop 124 [26669, 4829, 9376, 7148, 6617, 4806]
Loop 125 [26580, 4837, 9408, 7064, 6506, 4739]
Loop 126 [27084, 5006, 9473, 7241, 6686, 4826]
Loop 127 [31100, 8568, 9547, 7760, 7157, 4687]
Loop 128 [27907, 4758, 9418, 8739, 8192, 4487]
Loop 129 [26401, 4986, 9280, 7040, 6499, 4586]
Loop 130 [26568, 4847, 9351, 7301, 6758, 4545]
Loop 131 [26525, 4859, 9511, 7215, 6676, 4431]
Loop 132 [41021, 5425, 22607, 7553, 6956, 4891]
Loop 133 [26338, 5088, 9075, 7185, 6640, 4479]
Loop 134 [25696, 4819, 8917, 6836, 6280, 4615]
Loop 135 [25625, 4950, 8945, 6776, 6240, 4438]
Loop 136 [26752, 5161, 9274, 7023, 6466, 4771]
Loop 137 [25526, 4900, 8645, 6987, 6453, 4502]
Loop 138 [25760, 4813, 8795, 7151, 6597, 4472]
Loop 139 [25784, 4853, 8747, 7164, 6619, 4478]
Loop 140 [26033, 4811, 9149, 7137, 6601, 4434]
Loop 141 [25540, 4935, 8810, 6864, 6322, 4443]
Loop 142 [25383, 4792, 8638, 6891, 6332, 4582]
Loop 143 [25587, 4849, 8737, 6975, 6450, 4496]
Loop 144 [25790, 4952, 8784, 6971, 6415, 4545]
Loop 145 [25889, 4946, 9018, 6911, 6347, 4503]
Loop 146 [25389, 4891, 8640, 6889, 6362, 4463]
Loop 147 [27396, 4772, 8741, 8782, 8226, 4561]
Loop 148 [25846, 4996, 8820, 6962, 6395, 4551]
Loop 149 [25443, 4893, 8846, 6743, 6182, 4437]
Loop 150 [26721, 5068, 9409, 6965, 6384, 4748]
Loop 151 [27722, 4966, 8996, 8286, 6643, 4947]
Loop 152 [27266, 6145, 8916, 7093, 6534, 4600]
Loop 153 [25765, 4920, 8791, 7001, 6468, 4521]
Loop 154 [26245, 5041, 9065, 7018, 6466, 4591]
Loop 155 [36793, 4871, 8913, 6830, 6298, 15609]
Loop 156 [27380, 5369, 9743, 7191, 6623, 4558]
Loop 157 [25628, 4859, 9070, 6730, 6187, 4447]
Loop 158 [38427, 4791, 8620, 6936, 6408, 17455]
Loop 159 [27624, 5312, 9646, 7539, 6914, 4613]
Loop 160 [25926, 4926, 9290, 6757, 6237, 4419]
Loop 161 [25211, 4753, 8777, 6798, 6273, 4386]
Loop 162 [30677, 4851, 8793, 6930, 6390, 9522]
Loop 163 [25737, 4866, 8893, 6989, 6407, 4463]
Loop 164 [26075, 4787, 9126, 7174, 6626, 4463]
Loop 165 [28237, 5440, 10172, 7259, 6631, 4831]
Loop 166 [25368, 4786, 8706, 6931, 6351, 4425]
Loop 167 [26061, 5052, 8965, 7042, 6468, 4497]
Loop 168 [25385, 4853, 9007, 6736, 6187, 4247]
Loop 169 [25700, 4897, 8888, 7002, 6431, 4407]
Loop 170 [25403, 4933, 8677, 6905, 6353, 4378]
Loop 171 [25640, 4774, 8895, 6985, 6424, 4471]
Loop 172 [25602, 4799, 8835, 7013, 6461, 4425]
Loop 173 [38509, 4745, 8806, 6780, 6243, 17612]
Loop 174 [26901, 5237, 9426, 7224, 6647, 4504]
Loop 175 [25377, 4886, 8875, 6916, 6353, 4185]
Loop 176 [25512, 4906, 8916, 6901, 6310, 4315]
Loop 177 [25374, 4789, 8920, 6938, 6406, 4199]
Loop 178 [26777, 4894, 8479, 8534, 7984, 4352]
Loop 179 [25503, 4994, 8888, 6809, 6251, 4279]
Loop 180 [24807, 4779, 8627, 6778, 6234, 4110]
Loop 181 [24967, 4783, 8715, 6854, 6297, 4084]
Loop 182 [24911, 4806, 8482, 6902, 6370, 4230]
Loop 183 [24873, 4804, 8548, 6769, 6223, 4247]
Loop 184 [24926, 4808, 8566, 6699, 6144, 4312]
Loop 185 [25669, 5000, 8970, 6961, 6395, 4219]
Loop 186 [24971, 4821, 8742, 6838, 6275, 4079]
Loop 187 [24519, 4737, 8606, 6575, 6043, 4091]
Loop 188 [25027, 4623, 8943, 6844, 6289, 4129]
Loop 189 [24967, 4769, 8848, 6695, 6150, 4132]
Loop 190 [25339, 4836, 9024, 6848, 6292, 4118]
Loop 191 [25153, 4906, 8709, 6838, 6308, 4193]
Loop 192 [25410, 4847, 9173, 6735, 6213, 4135]
Loop 193 [25129, 4818, 8806, 6808, 6266, 4160]
Loop 194 [30382, 9455, 8855, 7177, 6581, 4372]
Loop 195 [25651, 5003, 8988, 7013, 6441, 4163]
Loop 196 [25223, 4921, 8744, 6860, 6298, 4183]
Loop 197 [25157, 4780, 8761, 6945, 6380, 4175]
Loop 198 [25348, 4784, 8870, 6966, 6416, 4228]
Loop 199 [25321, 4808, 8999, 6829, 6271, 4191]
Loop 200 [24991, 4864, 8614, 6854, 6295, 4126]
Loop 201 [50505, 4823, 8753, 8312, 7780, 27935]
Loop 202 [27063, 5630, 9650, 7377, 6743, 3887]
Loop 203 [25463, 4948, 9163, 7110, 6532, 3729]
Loop 204 [24576, 4779, 8848, 6852, 6324, 3594]
Loop 205 [24627, 4904, 8740, 6891, 6322, 3563]
Loop 206 [24714, 4753, 9154, 6723, 6190, 3589]
Loop 207 [24784, 4806, 8895, 7000, 6470, 3569]
Loop 208 [24663, 4804, 8755, 6989, 6428, 3598]
Loop 209 [29441, 5443, 9741, 9832, 6550, 3907]
Loop 210 [24907, 4975, 9031, 6794, 6206, 3601]
Loop 211 [24370, 4773, 8627, 6912, 6348, 3550]
Loop 212 [24483, 4784, 8669, 6918, 6361, 3579]
Loop 213 [24550, 4848, 8789, 6929, 6374, 3489]
Loop 214 [24510, 4791, 8794, 6799, 6233, 3603]
Loop 215 [24871, 4791, 9047, 6951, 6401, 3567]
Loop 216 [24377, 4751, 8634, 6868, 6324, 3612]
Loop 217 [25198, 4985, 9006, 7148, 6590, 3568]
Loop 218 [24395, 4728, 8645, 6931, 6384, 3574]
Loop 219 [24552, 4833, 8806, 6837, 6298, 3548]
Loop 220 [24546, 4765, 8759, 6966, 6413, 3547]
Loop 221 [24561, 4775, 8825, 7000, 6455, 3444]
Loop 222 [24432, 4843, 8572, 6936, 6395, 3567]
Loop 223 [24510, 4809, 8817, 6829, 6304, 3483]
Loop 224 [24377, 4813, 8552, 6902, 6362, 3592]
Loop 225 [24462, 4720, 8855, 6785, 6236, 3595]
Loop 226 [30140, 4873, 14171, 7024, 6475, 3563]
Loop 227 [24362, 4735, 8770, 6831, 6284, 3530]
Loop 228 [25128, 5067, 8953, 6936, 6393, 3658]
Loop 229 [24210, 4721, 8638, 6847, 6328, 3477]
Loop 230 [24353, 4757, 8658, 6911, 6370, 3501]
Loop 231 [24561, 4812, 8779, 6912, 6362, 3559]
Loop 232 [24245, 4822, 8662, 6793, 6257, 3461]
Loop 233 [24371, 4786, 8666, 6808, 6251, 3604]
Loop 234 [24537, 4851, 8799, 6761, 6215, 3611]
Loop 235 [28813, 4773, 8719, 6805, 6254, 7997]
Loop 236 [26755, 5064, 9759, 7326, 6752, 4094]
Loop 237 [26040, 4944, 9819, 7161, 6581, 3622]
Loop 238 [25031, 4890, 8999, 7041, 6455, 3583]
Loop 239 [24572, 4858, 8759, 6820, 6280, 3638]
Loop 240 [24401, 4718, 8835, 6749, 6216, 3605]
Loop 241 [24194, 4729, 8600, 6794, 6260, 3552]
Loop 242 [24420, 4710, 8770, 6867, 6323, 3563]
Loop 243 [24266, 4775, 8673, 6756, 6205, 3557]
Loop 244 [24253, 4820, 8596, 6816, 6253, 3541]
Loop 245 [26359, 4897, 9096, 8186, 7582, 3658]
Loop 246 [24614, 4910, 8646, 6904, 6335, 3650]
Loop 247 [24561, 4827, 8656, 6975, 6422, 3594]
Loop 248 [24213, 4921, 8568, 6718, 6160, 3497]
Loop 249 [24224, 4888, 8600, 6732, 6180, 3488]
Loop 250 [24503, 4773, 8674, 6941, 6402, 3592]
Loop 251 [24118, 4677, 8666, 6684, 6153, 3559]
Loop 252 [26582, 5285, 9848, 7153, 6535, 3754]
Loop 253 [24590, 4782, 8857, 6907, 6336, 3511]
Loop 254 [26030, 5090, 9260, 7330, 6785, 3808]
Loop 255 [33485, 12200, 9280, 7656, 7046, 3811]
Loop 256 [26210, 6340, 8748, 6968, 6286, 3641]
Loop 257 [26195, 6111, 8866, 6980, 6431, 3651]
Loop 258 [33015, 5898, 15363, 7465, 6807, 3771]
Loop 259 [24964, 4961, 8888, 6909, 6368, 3693]
Loop 260 [24927, 4918, 9012, 6891, 6351, 3599]
Loop 261 [24203, 4662, 8697, 6812, 6256, 3534]
Loop 262 [24144, 4620, 8554, 6866, 6313, 3592]
Loop 263 [26467, 5306, 9615, 7189, 6539, 3825]
Loop 264 [24413, 4738, 8824, 6756, 6205, 3596]
Loop 265 [23928, 4490, 8495, 6887, 6377, 3530]
Loop 266 [23755, 4476, 8584, 6723, 6190, 3504]
Loop 267 [24844, 4631, 9162, 6869, 6296, 3631]
Loop 268 [23947, 4440, 8790, 6785, 6226, 3425]
Loop 269 [49957, 29082, 8686, 7726, 7071, 3999]
Loop 270 [24665, 4541, 9122, 7014, 6403, 3564]
Loop 271 [24420, 4217, 9076, 7032, 6430, 3652]
Loop 272 [23247, 3959, 8667, 6734, 6154, 3459]
Loop 273 [24174, 4221, 8890, 7028, 6331, 3556]
Loop 274 [23533, 4053, 8784, 6788, 6221, 3437]
Loop 275 [23617, 4013, 8740, 6852, 6267, 3472]
Loop 276 [23719, 3977, 8759, 6960, 6390, 3510]
Loop 277 [23589, 4028, 8593, 6907, 6293, 3566]
Loop 278 [24175, 4175, 8922, 6892, 6282, 3671]
Loop 279 [27043, 4068, 9679, 8319, 7707, 4182]
Loop 280 [23854, 4190, 8675, 6901, 6301, 3555]
Loop 281 [23535, 3951, 8682, 6825, 6240, 3554]
Loop 282 [23316, 3882, 8695, 6804, 6200, 3395]
Loop 283 [23210, 3913, 8620, 6694, 6081, 3519]
Loop 284 [23232, 3896, 8613, 6752, 6165, 3492]
Loop 285 [27914, 4020, 8562, 6828, 6244, 7969]
Loop 286 [23996, 3980, 8915, 6978, 6386, 3610]
Loop 287 [23498, 3894, 8755, 6898, 6301, 3462]
Loop 288 [23548, 4007, 8785, 6741, 6181, 3510]
Loop 289 [23279, 3946, 8662, 6738, 6151, 3452]
Loop 290 [23655, 4004, 8525, 6967, 6273, 3642]
Loop 291 [23362, 3891, 8642, 6765, 6172, 3534]
Loop 292 [23538, 3925, 8642, 6741, 6154, 3721]
Loop 293 [23642, 3913, 8813, 6852, 6277, 3576]
Loop 294 [23504, 3892, 8618, 6941, 6355, 3548]
Loop 295 [483523, 4011, 9047, 466041, 465363, 3869]
Loop 296 [24328, 4439, 8771, 6987, 6322, 3599]
Loop 297 [23500, 3958, 8724, 6844, 6262, 3463]
Loop 298 [23255, 4033, 8460, 6840, 6245, 3423]
Loop 299 [23292, 3996, 8559, 6828, 6258, 3411]
Loop 300 [24369, 3970, 9177, 7067, 6448, 3651]
Loop 301 [23422, 3976, 8612, 6774, 6207, 3550]
Loop 302 [23400, 3927, 8648, 6798, 6217, 3549]
Loop 303 [23269, 3900, 8500, 6802, 6218, 3574]
Loop 304 [23812, 4006, 8757, 6852, 6220, 3655]
Loop 305 [23417, 3966, 8717, 6763, 6207, 3477]
Loop 306 [23396, 3943, 8650, 6792, 6198, 3503]
Loop 307 [23422, 3927, 8716, 6801, 6257, 3454]
Loop 308 [46758, 4471, 30940, 7097, 6410, 3707]
Loop 309 [24488, 4259, 9227, 6896, 6250, 3557]
Loop 310 [23123, 3987, 8352, 6749, 6127, 3514]
Loop 311 [23180, 3940, 8407, 6737, 6150, 3584]
Loop 312 [23169, 3986, 8446, 6725, 6136, 3508]
Loop 313 [23429, 3913, 8596, 6767, 6177, 3663]
Loop 314 [22934, 3988, 8394, 6563, 5975, 3499]
Loop 315 [22725, 3972, 8320, 6471, 5892, 3457]
Loop 316 [23165, 4050, 8487, 6724, 6169, 3420]
Loop 317 [22937, 3929, 8290, 6673, 6113, 3535]
Loop 318 [23559, 4024, 8534, 6852, 6211, 3655]
Loop 319 [23059, 3964, 8325, 6717, 6136, 3523]
Loop 320 [22994, 4022, 8347, 6606, 6045, 3514]
Loop 321 [22891, 3959, 8353, 6572, 5983, 3509]
Loop 322 [22870, 3958, 8297, 6658, 6078, 3486]
Loop 323 [22950, 3939, 8339, 6685, 6113, 3507]
Loop 324 [22904, 3955, 8275, 6705, 6116, 3465]
Loop 325 [22884, 3920, 8290, 6700, 6104, 3505]
Loop 326 [22984, 3954, 8458, 6644, 6065, 3406]
Loop 327 [22826, 4002, 8186, 6697, 6092, 3433]
Loop 328 [23217, 3982, 8420, 6677, 6049, 3603]
Loop 329 [23100, 3967, 8416, 6705, 6083, 3488]
Loop 330 [22930, 3971, 8345, 6537, 5963, 3543]
Loop 331 [23273, 3979, 8449, 6840, 6277, 3490]
Loop 332 [23116, 3942, 8334, 6814, 6242, 3543]
Loop 333 [23102, 3961, 8343, 6715, 6147, 3532]
Loop 334 [22999, 3894, 8339, 6736, 6133, 3554]
Loop 335 [23371, 4013, 8520, 6801, 6231, 3530]
Loop 336 [22979, 3951, 8315, 6719, 6160, 3518]
Loop 337 [23653, 4017, 8666, 6869, 6264, 3559]
Loop 338 [22853, 3949, 8326, 6574, 5981, 3514]
Loop 339 [25169, 4487, 9308, 7138, 6466, 3722]
Loop 340 [23422, 4134, 8379, 6827, 6211, 3559]
Loop 341 [23169, 4033, 8432, 6619, 6026, 3546]
Loop 342 [23562, 4057, 8486, 6925, 6326, 3572]
Loop 343 [23249, 3934, 8429, 6732, 6146, 3640]
Loop 344 [22948, 3993, 8294, 6629, 6045, 3525]
Loop 345 [22780, 3956, 8239, 6548, 5974, 3512]
Loop 346 [22831, 3938, 8303, 6586, 5978, 3513]
Loop 347 [23228, 3953, 8513, 6756, 6167, 3501]
Loop 348 [23134, 3979, 8436, 6681, 6102, 3514]
Loop 349 [23307, 3987, 8374, 6899, 6326, 3523]
Loop 350 [22990, 3960, 8389, 6642, 6058, 3459]
Loop 351 [23388, 3957, 8525, 6812, 6130, 3537]
Loop 352 [22972, 4001, 8352, 6641, 6061, 3465]
Loop 353 [22997, 3953, 8303, 6708, 6107, 3503]
Loop 354 [22769, 3896, 8266, 6621, 6074, 3470]
Loop 355 [22861, 3929, 8224, 6763, 6185, 3471]
Loop 356 [22896, 3944, 8250, 6684, 6089, 3498]
Loop 357 [22897, 3885, 8270, 6668, 6071, 3561]
Loop 358 [22871, 3894, 8159, 6788, 6201, 3521]
Loop 359 [22813, 3912, 8204, 6728, 6167, 3490]
Loop 360 [22912, 3926, 8383, 6546, 5976, 3550]
Loop 361 [23632, 3982, 8646, 6911, 6253, 3591]
Loop 362 [22983, 3909, 8374, 6658, 6083, 3503]
Loop 363 [23123, 3965, 8314, 6832, 6231, 3522]
Loop 364 [23009, 3926, 8349, 6740, 6180, 3482]
Loop 365 [23163, 4030, 8347, 6752, 6140, 3550]
Loop 366 [23936, 4107, 8711, 6924, 6343, 3648]
Loop 367 [23482, 4049, 8740, 6641, 6054, 3526]
Loop 368 [22872, 3972, 8234, 6555, 5994, 3572]
Loop 369 [22962, 3973, 8299, 6730, 6107, 3470]
Loop 370 [24079, 4033, 8694, 7244, 6574, 3580]
Loop 371 [22974, 3946, 8421, 6652, 6047, 3447]
Loop 372 [22804, 3933, 8201, 6740, 6076, 3442]
Loop 373 [23181, 4017, 8427, 6719, 6161, 3523]
Loop 374 [22852, 3980, 8281, 6577, 5974, 3544]
Loop 375 [23563, 4009, 8730, 6804, 6262, 3517]
Loop 376 [22899, 4049, 8358, 6502, 5928, 3521]
Loop 377 [23110, 3970, 8417, 6705, 6132, 3510]
Loop 378 [22999, 3997, 8368, 6685, 6056, 3463]
Loop 379 [23358, 4037, 8425, 6825, 6207, 3535]
Loop 380 [22869, 3931, 8338, 6605, 6041, 3488]
Loop 381 [22991, 3969, 8429, 6630, 6035, 3454]
Loop 382 [24977, 4478, 9127, 7052, 6371, 3825]
Loop 383 [23314, 4059, 8527, 6754, 6176, 3494]
Loop 384 [23276, 4015, 8434, 6792, 6180, 3544]
Loop 385 [22909, 3977, 8275, 6515, 5954, 3630]
Loop 386 [23025, 3944, 8292, 6684, 6114, 3553]
Loop 387 [23205, 3953, 8403, 6799, 6216, 3566]
Loop 388 [23738, 4221, 8454, 6869, 6244, 3674]
Loop 389 [22993, 3949, 8278, 6660, 6063, 3610]
Loop 390 [22874, 3998, 8330, 6541, 5958, 3512]
Loop 391 [23054, 4013, 8254, 6736, 6149, 3558]
Loop 392 [22950, 3978, 8429, 6574, 5987, 3474]
Loop 393 [22952, 3949, 8237, 6683, 6089, 3572]
Loop 394 [23613, 3980, 8611, 6947, 6341, 3567]
Loop 395 [22973, 3955, 8334, 6652, 6041, 3556]
Loop 396 [23050, 4070, 8359, 6628, 6049, 3490]
Loop 397 [22866, 3987, 8173, 6704, 6103, 3497]
Loop 398 [23121, 3940, 8476, 6732, 6145, 3498]
Loop 399 [22908, 3904, 8228, 6738, 6171, 3547]
Loop 400 [22806, 3948, 8160, 6703, 6118, 3495]
Loop 401 [22928, 3960, 8356, 6599, 6032, 3519]
Loop 402 [22972, 3959, 8349, 6519, 5940, 3623]
Loop 403 [23369, 4046, 8456, 6880, 6238, 3473]
Loop 404 [23190, 3897, 8620, 6665, 6091, 3510]
Loop 405 [23205, 3986, 8382, 6743, 6089, 3548]
Loop 406 [22897, 3965, 8221, 6604, 6017, 3599]
Loop 407 [26343, 4047, 10489, 6834, 6242, 4441]
Loop 408 [23662, 4075, 8746, 6747, 6142, 3576]
Loop 409 [22998, 3974, 8420, 6571, 5986, 3522]
Loop 410 [22713, 3964, 8234, 6521, 5937, 3537]
Loop 411 [22680, 3931, 8159, 6654, 6074, 3437]
Loop 412 [23563, 3962, 8622, 6967, 6300, 3514]
Loop 413 [23205, 4091, 8350, 6781, 6181, 3476]
Loop 414 [25186, 4021, 8172, 8928, 8335, 3575]
Loop 415 [23668, 4024, 8527, 7037, 6465, 3546]
Loop 416 [22845, 3889, 8325, 6572, 6016, 3565]
Loop 417 [22980, 4034, 8292, 6584, 5993, 3557]
Loop 418 [22782, 3956, 8190, 6675, 6056, 3485]
Loop 419 [23084, 4035, 8231, 6796, 6220, 3494]
Loop 420 [22992, 3977, 8216, 6717, 6136, 3594]
Loop 421 [27410, 3929, 8254, 6756, 6187, 7922]
Loop 422 [23329, 4077, 8383, 6752, 6132, 3570]
Loop 423 [23041, 3982, 8401, 6654, 6085, 3473]
Loop 424 [22755, 3980, 8070, 6748, 6136, 3439]
Loop 425 [23044, 3905, 8420, 6611, 6047, 3599]
Loop 426 [25338, 4465, 9473, 7208, 6506, 3697]
Loop 427 [23874, 4046, 8808, 6914, 6267, 3615]
Loop 428 [23827, 3953, 8270, 7598, 6980, 3530]
Loop 429 [23290, 4117, 8283, 6782, 6151, 3636]
Loop 430 [23021, 3911, 8391, 6761, 6186, 3468]
Loop 431 [23112, 3959, 8414, 6828, 6256, 3430]
Loop 432 [22947, 3944, 8451, 6548, 5940, 3485]
Loop 433 [23129, 3962, 8325, 6796, 6169, 3550]
Loop 434 [23019, 3994, 8327, 6774, 6189, 3407]
Loop 435 [22946, 3960, 8302, 6676, 6101, 3508]
Loop 436 [23416, 4099, 8418, 6742, 6143, 3639]
Loop 437 [23189, 3979, 8536, 6681, 6093, 3461]
Loop 438 [22711, 3939, 8068, 6716, 6134, 3495]
Loop 439 [22964, 3938, 8290, 6711, 6120, 3521]
Loop 440 [22744, 3963, 8208, 6624, 6056, 3445]
Loop 441 [22828, 3942, 8235, 6663, 6091, 3499]
Loop 442 [22518, 3907, 8174, 6441, 5865, 3487]
Loop 443 [23413, 4185, 8259, 6862, 6246, 3570]
Loop 444 [22856, 3951, 8442, 6477, 5928, 3482]
Loop 445 [23732, 4162, 8609, 6803, 6138, 3617]
Loop 446 [22860, 3977, 8234, 6526, 5957, 3612]
Loop 447 [23092, 3957, 8418, 6730, 6136, 3479]
Loop 448 [22866, 3915, 8358, 6574, 5993, 3505]
Loop 449 [23047, 3880, 8583, 6625, 6014, 3496]
Loop 450 [22979, 4006, 8167, 6650, 6019, 3663]
Loop 451 [24696, 3893, 8545, 8117, 7541, 3652]
Loop 452 [23620, 4095, 8487, 6958, 6364, 3569]
Loop 453 [23225, 3940, 8249, 6756, 6220, 3763]
Loop 454 [27787, 3900, 8302, 6637, 6052, 8403]
Loop 455 [23591, 4021, 8686, 6893, 6287, 3506]
Loop 456 [22866, 3962, 8199, 6701, 6142, 3509]
Loop 457 [22970, 3948, 8308, 6694, 6116, 3514]
Loop 458 [22853, 3930, 8190, 6679, 6092, 3553]
Loop 459 [23000, 3916, 8475, 6621, 6063, 3468]
Loop 460 [22947, 3893, 8358, 6676, 6083, 3507]
Loop 461 [22704, 3944, 8221, 6526, 5969, 3514]
Loop 462 [22838, 3923, 8189, 6743, 6140, 3472]
Loop 463 [23736, 4132, 8779, 6664, 6061, 3616]
Loop 464 [23634, 3991, 8693, 6865, 6220, 3568]
Loop 465 [22791, 3863, 8355, 6553, 5978, 3525]
Loop 466 [23076, 3960, 8531, 6606, 6023, 3494]
Loop 467 [23030, 3973, 8377, 6693, 6127, 3452]
Loop 468 [23345, 3951, 8693, 6723, 6161, 3501]
Loop 469 [25312, 4441, 9508, 7067, 6336, 3773]
Loop 470 [23052, 3960, 8416, 6703, 6145, 3421]
Loop 471 [22792, 3922, 8139, 6796, 6191, 3439]
Loop 472 [22831, 3900, 8250, 6735, 6160, 3467]
Loop 473 [22833, 3900, 8151, 6746, 6103, 3534]
Loop 474 [22835, 3964, 8236, 6654, 6063, 3484]
Loop 475 [22698, 3960, 8198, 6573, 5985, 3472]
Loop 476 [23052, 3980, 8298, 6779, 6209, 3490]
Loop 477 [22795, 3966, 8215, 6652, 6067, 3451]
Loop 478 [24065, 4158, 8811, 7009, 6362, 3590]
Loop 479 [22957, 3960, 8349, 6643, 6063, 3501]
Loop 480 [22879, 4027, 8318, 6559, 5994, 3444]
Loop 481 [22890, 3915, 8235, 6769, 6181, 3474]
Loop 482 [23017, 3943, 8276, 6732, 6134, 3550]
Loop 483 [22917, 3909, 8325, 6714, 6151, 3481]
Loop 484 [38245, 3848, 8319, 21492, 20882, 4009]
Loop 485 [24076, 4554, 8662, 6767, 6142, 3583]
Loop 486 [22957, 3924, 8367, 6661, 6074, 3500]
Loop 487 [30330, 4179, 15301, 6806, 6167, 3550]
Loop 488 [22871, 3991, 8249, 6530, 5930, 3592]
Loop 489 [23172, 3931, 8454, 6698, 6126, 3569]
Loop 490 [22828, 3982, 8238, 6545, 5958, 3567]
Loop 491 [23216, 3944, 8474, 6809, 6259, 3494]
Loop 492 [23812, 4219, 8509, 6860, 6279, 3681]
Loop 493 [23134, 3953, 8376, 6765, 6216, 3532]
Loop 494 [22618, 3880, 8190, 6505, 5921, 3552]
Loop 495 [22944, 3957, 8345, 6563, 5994, 3552]
Loop 496 [22937, 3916, 8259, 6706, 6129, 3550]
Loop 497 [23512, 4005, 8592, 6838, 6205, 3552]
Loop 498 [23028, 3942, 8313, 6677, 6078, 3572]
Loop 499 [22966, 3955, 8348, 6692, 6097, 3495]
Loop 500 [22729, 3953, 8125, 6700, 6088, 3459]
Loop 501 [22800, 3837, 8377, 6603, 6056, 3448]
Loop 502 [22709, 3829, 8211, 6696, 6082, 3499]
Loop 503 [22974, 3928, 8279, 6716, 6147, 3545]
Loop 504 [22665, 3865, 8360, 6524, 5945, 3412]
Loop 505 [22919, 3951, 8298, 6588, 6016, 3549]
Loop 506 [23384, 4029, 8574, 6752, 6116, 3517]
Loop 507 [22722, 3990, 8204, 6570, 5990, 3461]
Loop 508 [23294, 3976, 8417, 6825, 6271, 3583]
Loop 509 [22848, 4079, 8206, 6592, 6021, 3490]
Loop 510 [32939, 4008, 8197, 16763, 16191, 3492]
Loop 511 [23395, 4099, 8409, 6893, 6246, 3505]
Loop 512 [496730, 4001, 8689, 479438, 478778, 4039]
Loop 513 [23972, 4319, 8607, 6995, 6333, 3561]
Loop 514 [23232, 4233, 8332, 6694, 6118, 3455]
Loop 515 [23089, 3945, 8307, 6885, 6292, 3456]
Loop 516 [22806, 3929, 8232, 6657, 6067, 3506]
Loop 517 [23186, 3863, 8463, 6810, 6247, 3550]
Loop 518 [22683, 3984, 8218, 6543, 5949, 3439]
Loop 519 [23147, 3960, 8423, 6726, 6160, 3572]
Loop 520 [23251, 3978, 8451, 6757, 6133, 3529]
Loop 521 [23218, 3924, 8290, 7055, 6473, 3455]
Loop 522 [22939, 3969, 8307, 6639, 6070, 3519]
Loop 523 [22809, 3906, 8268, 6648, 6083, 3479]
Loop 524 [23006, 3909, 8301, 6730, 6158, 3508]
Loop 525 [22759, 3966, 8292, 6539, 5968, 3447]
Loop 526 [23061, 3915, 8483, 6636, 6096, 3512]
Loop 527 [22795, 3869, 8305, 6667, 6073, 3446]
Loop 528 [22674, 3838, 8178, 6581, 5970, 3577]
Loop 529 [27484, 3935, 8560, 6668, 6077, 7787]
Loop 530 [23150, 4004, 8447, 6751, 6120, 3503]
Loop 531 [22758, 3949, 8201, 6665, 6092, 3441]
Loop 532 [22840, 3997, 8133, 6680, 6058, 3502]
Loop 533 [23054, 3973, 8446, 6665, 6076, 3468]
Loop 534 [22808, 3933, 8246, 6612, 6018, 3514]
Loop 535 [23020, 3958, 8445, 6646, 6089, 3451]
Loop 536 [22922, 3986, 8259, 6736, 6114, 3463]
Loop 537 [23105, 3878, 8483, 6679, 6085, 3545]
Loop 538 [22881, 3884, 8334, 6610, 6031, 3547]
Loop 539 [23683, 4050, 8793, 6851, 6212, 3477]
Loop 540 [23020, 3949, 8200, 6856, 6220, 3518]
Loop 541 [23165, 3938, 8502, 6717, 6111, 3474]
Loop 542 [22813, 4002, 8272, 6621, 6029, 3434]
Loop 543 [23422, 3935, 8640, 6765, 6201, 3537]
Loop 544 [23008, 3993, 8436, 6624, 6067, 3453]
Loop 545 [23737, 4064, 8782, 6770, 6178, 3587]
Loop 546 [22936, 4005, 8332, 6612, 6020, 3506]
Loop 547 [22963, 3956, 8307, 6734, 6123, 3461]
Loop 548 [23657, 4120, 8501, 6925, 6271, 3588]
Loop 549 [23087, 3942, 8519, 6626, 6046, 3521]
Loop 550 [23008, 3934, 8414, 6681, 6087, 3457]
Loop 551 [23054, 3903, 8367, 6681, 6077, 3592]
Loop 552 [23143, 4004, 8489, 6672, 6105, 3462]
Loop 553 [22929, 3939, 8245, 6690, 6105, 3552]
Loop 554 [22781, 3900, 8346, 6518, 5941, 3532]
Loop 555 [22698, 3951, 8173, 6630, 6059, 3461]
Loop 556 [25354, 4434, 9435, 7234, 6545, 3732]
Loop 557 [22876, 3986, 8303, 6581, 5961, 3529]
Loop 558 [23115, 4004, 8478, 6569, 5992, 3541]
Loop 559 [22953, 3917, 8387, 6697, 6128, 3430]
Loop 560 [22959, 3931, 8279, 6593, 6034, 3615]
Loop 561 [23083, 3970, 8438, 6617, 6054, 3559]
Loop 562 [27612, 3891, 8394, 6681, 6123, 8124]
Loop 563 [23453, 4011, 8680, 6766, 6119, 3497]
Loop 564 [23105, 4000, 8347, 6670, 6119, 3577]
Loop 565 [23282, 3943, 8547, 6790, 6205, 3481]
Loop 566 [22925, 3975, 8287, 6601, 6045, 3574]
Loop 567 [23232, 3958, 8600, 6719, 6151, 3463]
Loop 568 [22788, 3949, 8292, 6553, 5981, 3480]
Loop 569 [22797, 3876, 8400, 6506, 5943, 3506]
Loop 570 [22991, 3838, 8500, 6629, 6000, 3526]
Loop 571 [23027, 3999, 8232, 6805, 6200, 3490]
Loop 572 [23462, 4009, 8533, 6777, 6094, 3633]
Loop 573 [23386, 3991, 8540, 6776, 6207, 3563]
Loop 574 [22844, 3934, 8156, 6673, 6060, 3564]
Loop 575 [23145, 4051, 8309, 6730, 6178, 3525]
Loop 576 [22900, 4013, 8277, 6560, 5958, 3526]
Loop 577 [24309, 3937, 8467, 7518, 6915, 3893]
Loop 578 [23605, 4042, 8673, 6743, 6101, 3648]
Loop 579 [22789, 3846, 8363, 6586, 6023, 3501]
Loop 580 [22917, 3939, 8230, 6747, 6151, 3521]
Loop 581 [23367, 4010, 8456, 6803, 6172, 3611]
Loop 582 [23043, 3869, 8450, 6672, 6063, 3540]
Loop 583 [22948, 3980, 8363, 6534, 5939, 3539]
Loop 584 [22818, 3944, 8293, 6579, 5956, 3503]
Loop 585 [23160, 3937, 8556, 6680, 6095, 3490]
Loop 586 [22620, 3882, 8242, 6538, 5992, 3453]
Loop 587 [22983, 3968, 8399, 6590, 6020, 3550]
Loop 588 [23221, 4026, 8503, 6641, 6054, 3558]
Loop 589 [23099, 3958, 8393, 6759, 6129, 3494]
Loop 590 [22800, 3957, 8257, 6588, 6021, 3499]
Loop 591 [23522, 3987, 8577, 6882, 6244, 3587]
Loop 592 [23010, 3867, 8347, 6686, 6109, 3627]
Loop 593 [23263, 3996, 8403, 6815, 6194, 3561]
Loop 594 [22945, 3956, 8221, 6679, 6124, 3548]
Loop 595 [22654, 3897, 8179, 6612, 6047, 3479]
Loop 596 [23083, 3964, 8308, 6794, 6195, 3515]
Loop 597 [23088, 4019, 8400, 6679, 6124, 3492]
Loop 598 [23165, 4022, 8516, 6626, 6041, 3502]
Loop 599 [26661, 4628, 10326, 7364, 6656, 3796]
Loop 600 [23518, 4117, 8478, 6752, 6154, 3636]
Loop 601 [23126, 3982, 8502, 6708, 6124, 3447]
Loop 602 [22882, 3891, 8279, 6692, 6078, 3502]
Loop 603 [22975, 3920, 8392, 6681, 6093, 3492]
Loop 604 [23010, 3947, 8260, 6789, 6207, 3486]
Loop 605 [23396, 4101, 8614, 6655, 6023, 3517]
Loop 606 [22975, 3929, 8255, 6792, 6212, 3544]
Loop 607 [23110, 3902, 8489, 6621, 6044, 3570]
Loop 608 [22993, 3907, 8435, 6670, 6076, 3503]
Loop 609 [23240, 3980, 8296, 6636, 6091, 3844]
Loop 610 [22624, 3948, 8166, 6568, 5963, 3474]
Loop 611 [23050, 3957, 8462, 6681, 6121, 3459]
Loop 612 [22935, 3906, 8214, 6776, 6187, 3565]
Loop 613 [22926, 3907, 8421, 6626, 6052, 3476]
Loop 614 [23375, 3987, 8532, 6776, 6173, 3563]
Loop 615 [22950, 3902, 8325, 6727, 6166, 3516]
Loop 616 [22516, 3891, 8155, 6488, 5918, 3481]
Loop 617 [23027, 3916, 8454, 6599, 6025, 3552]
Loop 618 [22707, 3916, 8202, 6626, 6051, 3470]
Loop 619 [24887, 3957, 8256, 8676, 8088, 3484]
Loop 620 [23114, 3984, 8292, 6860, 6271, 3481]
Loop 621 [24078, 3904, 8268, 6611, 6056, 4763]
Loop 622 [23382, 4061, 8604, 6610, 6026, 3605]
Loop 623 [28286, 3989, 8398, 6610, 6030, 8750]
Loop 624 [23545, 4056, 8580, 6836, 6209, 3570]
Loop 625 [22884, 3914, 8325, 6632, 6011, 3523]
Loop 626 [22910, 3958, 8320, 6583, 6007, 3505]
Loop 627 [22972, 4009, 8259, 6576, 5970, 3617]
Loop 628 [22948, 4030, 8250, 6676, 6090, 3466]
Loop 629 [22900, 3984, 8269, 6592, 5976, 3543]
Loop 630 [22912, 3964, 8215, 6592, 6029, 3607]
Loop 631 [31918, 4040, 8343, 6630, 6027, 12387]
Loop 632 [23938, 4307, 8673, 6889, 6260, 3519]
Loop 633 [23535, 3981, 8532, 6808, 6127, 3694]
Loop 634 [22881, 3920, 8292, 6624, 6021, 3534]
Loop 635 [22770, 4010, 8219, 6524, 5955, 3513]
Loop 636 [23178, 4005, 8364, 6739, 6156, 3571]
Loop 637 [22658, 3947, 8205, 6472, 5909, 3519]
Loop 638 [23004, 3971, 8314, 6696, 6138, 3512]
Loop 639 [23036, 4058, 8207, 6652, 6050, 3636]
Loop 640 [24314, 4066, 8297, 7831, 7242, 3570]
Loop 641 [23453, 4172, 8515, 6643, 6073, 3585]
Loop 642 [23679, 4095, 8647, 6807, 6133, 3621]
Loop 643 [24854, 4472, 8972, 7184, 6506, 3698]
Loop 644 [23316, 4072, 8401, 6672, 6087, 3640]
Loop 645 [22864, 4004, 8249, 6588, 6019, 3522]
Loop 646 [22762, 4025, 8084, 6614, 6023, 3523]
Loop 647 [23875, 4157, 8709, 6929, 6260, 3566]
Loop 648 [23473, 4168, 8485, 6718, 6096, 3592]
Loop 649 [23108, 4020, 8307, 6741, 6160, 3515]
Loop 650 [22921, 4091, 8246, 6577, 5988, 3501]
Loop 651 [23052, 4057, 8255, 6714, 6114, 3510]
Loop 652 [23052, 3941, 8263, 6823, 6220, 3548]
Loop 653 [22698, 3885, 8165, 6615, 6026, 3536]
Loop 654 [22817, 3891, 8266, 6618, 6014, 3554]
Loop 655 [23119, 4014, 8376, 6655, 6053, 3583]
Loop 656 [29620, 4113, 14461, 6891, 6249, 3616]
Loop 657 [23003, 3944, 8505, 6528, 5974, 3545]
Loop 658 [23111, 4017, 8365, 6694, 6118, 3501]
Loop 659 [24883, 3918, 8514, 8424, 7833, 3523]
Loop 660 [23029, 4046, 8330, 6590, 5978, 3551]
Loop 661 [22895, 4000, 8423, 6518, 5983, 3459]
Loop 662 [23649, 4159, 8519, 6782, 6144, 3685]
Loop 663 [24602, 3989, 8389, 7919, 6319, 3795]
Loop 664 [24350, 4956, 8293, 6939, 6280, 3636]
Loop 665 [23193, 4053, 8365, 6622, 6052, 3665]
Loop 666 [23542, 4018, 8685, 6777, 6144, 3538]
Loop 667 [23141, 4046, 8466, 6519, 5921, 3636]
Loop 668 [23524, 4091, 8560, 6752, 6166, 3595]
Loop 669 [22751, 3944, 8283, 6527, 5957, 3495]
Loop 670 [22826, 3973, 8256, 6557, 5989, 3539]
Loop 671 [23050, 4034, 8406, 6597, 6021, 3516]
Loop 672 [22959, 4013, 8197, 6649, 6074, 3596]
Loop 673 [22848, 3970, 8241, 6584, 5995, 3547]
Loop 674 [23092, 3973, 8515, 6585, 6034, 3494]
Loop 675 [23504, 4053, 8510, 6796, 6165, 3615]
Loop 676 [23152, 4002, 8372, 6747, 6163, 3538]
Loop 677 [23158, 4038, 8507, 6607, 6001, 3530]
Loop 678 [23154, 3979, 8514, 6583, 6007, 3585]
Loop 679 [23232, 4013, 8385, 6816, 6234, 3494]
Loop 680 [22862, 3951, 8327, 6561, 5969, 3511]
Loop 681 [23118, 3960, 8370, 6805, 6169, 3476]
Loop 682 [22804, 3969, 8217, 6595, 5999, 3514]
Loop 683 [24637, 4241, 8877, 7244, 6572, 3734]
Loop 684 [23808, 4080, 8449, 7153, 6515, 3597]
Loop 685 [22838, 3951, 8314, 6573, 5985, 3523]
Loop 686 [25076, 4498, 9321, 7010, 6337, 3727]
Loop 687 [23267, 4002, 8402, 6811, 6225, 3543]
Loop 688 [22824, 3920, 8182, 6675, 6059, 3524]
Loop 689 [23547, 4053, 8624, 6736, 6149, 3618]
Loop 690 [24263, 3911, 8341, 7825, 7233, 3674]
Loop 691 [23195, 4109, 8416, 6586, 5982, 3528]
Loop 692 [22912, 3925, 8273, 6635, 6056, 3571]
Loop 693 [23273, 4028, 8441, 6767, 6172, 3518]
Loop 694 [23227, 3953, 8529, 6614, 6033, 3650]
Loop 695 [22952, 3968, 8264, 6594, 6038, 3606]
Loop 696 [22637, 4097, 8132, 6472, 5879, 3452]
Loop 697 [22919, 3983, 8365, 6509, 5916, 3561]
Loop 698 [23606, 4132, 8531, 6840, 6224, 3594]
Loop 699 [22866, 3948, 8250, 6614, 6035, 3537]
Loop 700 [23298, 3915, 8587, 6712, 6082, 3564]
Loop 701 [22723, 3900, 8283, 6577, 5976, 3471]
Loop 702 [22966, 3960, 8292, 6726, 6134, 3488]
Loop 703 [23041, 4017, 8325, 6723, 6156, 3463]
Loop 704 [22624, 3937, 8213, 6528, 5958, 3469]
Loop 705 [22970, 4033, 8258, 6639, 6014, 3557]
Loop 706 [22976, 3960, 8438, 6604, 6020, 3472]
Loop 707 [22567, 3860, 8051, 6726, 6153, 3459]
Loop 708 [23805, 4035, 8701, 7042, 6456, 3512]
Loop 709 [22720, 3931, 8207, 6548, 5956, 3503]
Loop 710 [22922, 3955, 8404, 6592, 6022, 3431]
Loop 711 [23017, 3932, 8216, 6848, 6242, 3493]
Loop 712 [24588, 4405, 8970, 7005, 6307, 3650]
Loop 713 [34103, 4221, 8849, 16451, 15744, 4020]
Loop 714 [23469, 4283, 8299, 6833, 6190, 3557]
Loop 715 [22950, 3950, 8172, 6783, 6194, 3554]
Loop 716 [23083, 3920, 8314, 6838, 6282, 3490]
Loop 717 [23549, 4072, 8465, 6911, 6260, 3576]
Loop 718 [23107, 3988, 8512, 6603, 6045, 3479]
Loop 719 [23150, 3936, 8403, 6798, 6235, 3490]
Loop 720 [23088, 3998, 8412, 6653, 6059, 3502]
Loop 721 [23019, 3987, 8380, 6646, 6087, 3473]
Loop 722 [22992, 3983, 8225, 6695, 6115, 3582]
Loop 723 [22671, 3909, 8219, 6566, 6007, 3469]
Loop 724 [22931, 4057, 8223, 6620, 6056, 3521]
Loop 725 [23254, 4092, 8487, 6708, 6080, 3468]
Loop 726 [23134, 3980, 8370, 6701, 6072, 3570]
Loop 727 [23106, 4082, 8176, 6836, 6247, 3485]
Loop 728 [22815, 3892, 8332, 6582, 5994, 3486]
Loop 729 [22808, 4037, 8252, 6614, 6046, 3413]
Loop 730 [66200, 4419, 9287, 18799, 18083, 33081]
Loop 731 [25393, 4857, 9470, 7185, 6490, 3375]
Loop 732 [22818, 3968, 8535, 6561, 5969, 3275]
Loop 733 [22243, 3924, 8195, 6495, 5934, 3120]
Loop 734 [22762, 3993, 8423, 6543, 5925, 3335]
Loop 735 [22614, 3918, 8352, 6544, 5958, 3255]
Loop 736 [22629, 4052, 8237, 6665, 6082, 3180]
Loop 737 [22437, 3924, 8314, 6459, 5906, 3235]
Loop 738 [22479, 4002, 8392, 6437, 5848, 3180]
Loop 739 [22562, 3938, 8441, 6495, 5905, 3228]
Loop 740 [23114, 4051, 8464, 6863, 6220, 3248]
Loop 741 [22543, 3967, 8281, 6513, 5911, 3316]
Loop 742 [22627, 3931, 8447, 6637, 6031, 3136]
Loop 743 [22744, 3946, 8498, 6563, 5975, 3273]
Loop 744 [22261, 3893, 8281, 6482, 5907, 3151]
Loop 745 [22456, 3889, 8243, 6584, 6010, 3249]
Loop 746 [22857, 3942, 8643, 6621, 6007, 3149]
Loop 747 [22631, 3884, 8252, 6739, 6120, 3243]
Loop 748 [24313, 4082, 9632, 6909, 6344, 3188]
Loop 749 [23128, 4067, 8578, 6808, 6138, 3185]
Loop 750 [24684, 4303, 9356, 7088, 6416, 3386]
Loop 751 [24868, 3988, 10553, 6626, 6016, 3204]
Loop 752 [22414, 3851, 8290, 6511, 5960, 3243]
Loop 753 [22150, 3847, 8199, 6458, 5876, 3164]
Loop 754 [22467, 3898, 8356, 6563, 6003, 3164]
Loop 755 [22423, 3871, 8312, 6574, 5993, 3189]
Loop 756 [22494, 3933, 8195, 6638, 6065, 3273]
Loop 757 [34726, 3962, 8130, 18685, 18019, 3410]
Loop 758 [29233, 4230, 13686, 7518, 6890, 3276]
Loop 759 [23223, 3935, 8644, 7059, 6472, 3136]
Loop 760 [22648, 3893, 8451, 6612, 6054, 3207]
Loop 761 [22437, 3925, 8339, 6497, 5888, 3189]
Loop 762 [22299, 3891, 8231, 6493, 5904, 3208]
Loop 763 [22323, 3887, 8126, 6633, 6029, 3211]
Loop 764 [22380, 3889, 8211, 6548, 5971, 3242]
Loop 765 [22517, 4009, 8278, 6534, 5967, 3200]
Loop 766 [22233, 3966, 8185, 6422, 5841, 3194]
Loop 767 [23047, 4082, 8427, 6852, 6242, 3179]
Loop 768 [23174, 4006, 8702, 6749, 6113, 3190]
Loop 769 [22361, 3919, 8316, 6473, 5910, 3189]
Loop 770 [23386, 3973, 9084, 6575, 5932, 3245]
Loop 771 [22877, 4016, 8524, 6593, 5981, 3252]
Loop 772 [22383, 3916, 8230, 6627, 6030, 3167]
Loop 773 [24940, 4486, 9455, 7045, 6353, 3451]
Loop 774 [22849, 4051, 8600, 6484, 5863, 3215]
Loop 775 [22891, 3915, 8631, 6670, 6107, 3179]
Loop 776 [22593, 3944, 8327, 6623, 6055, 3188]
Loop 777 [22755, 4015, 8327, 6741, 6147, 3184]
Loop 778 [22234, 3944, 8062, 6590, 5985, 3164]
Loop 779 [22349, 3931, 8305, 6512, 5952, 3122]
Loop 780 [22323, 3920, 8141, 6703, 6106, 3096]
Loop 781 [22263, 3864, 8221, 6501, 5938, 3206]
Loop 782 [34579, 4031, 8562, 18055, 17398, 3409]
Loop 783 [23052, 4284, 8329, 6708, 6084, 3255]
Loop 784 [22552, 3931, 8423, 6531, 5939, 3178]
Loop 785 [22815, 4021, 8309, 6794, 6154, 3209]
Loop 786 [22770, 4026, 8385, 6663, 6071, 3213]
Loop 787 [22559, 3911, 8400, 6510, 5908, 3249]
Loop 788 [22679, 3955, 8374, 6723, 6171, 3149]
Loop 789 [22502, 4051, 8219, 6539, 5928, 3244]
Loop 790 [22390, 3940, 8210, 6591, 6030, 3153]
Loop 791 [22758, 4052, 8304, 6708, 6076, 3216]
Loop 792 [33253, 3971, 8276, 17016, 16416, 3481]
Loop 793 [23283, 4181, 8386, 7001, 6391, 3248]
Loop 794 [23516, 4002, 8498, 7328, 6741, 3225]
Loop 795 [22871, 3887, 8197, 7023, 6436, 3253]
Loop 796 [22573, 3857, 8250, 6818, 6243, 3160]
Loop 797 [22577, 3900, 8234, 6838, 6227, 3149]
Loop 798 [22773, 3855, 8389, 6929, 6351, 3124]
Loop 799 [22930, 3971, 8360, 6946, 6348, 3164]
Loop 800 [31854, 3953, 8299, 12035, 11452, 7034]
Loop 801 [23162, 3971, 8431, 6958, 6331, 3282]
Loop 802 [22640, 3791, 8340, 6781, 6189, 3262]
Loop 803 [22221, 3836, 8249, 6523, 5959, 3139]
Loop 804 [22463, 3887, 8243, 6572, 5976, 3297]
Loop 805 [22706, 3865, 8443, 6723, 6096, 3206]
Loop 806 [22538, 3935, 8399, 6588, 5941, 3115]
Loop 807 [22689, 3958, 8336, 6751, 6183, 3178]
Loop 808 [22141, 3851, 8115, 6556, 5952, 3129]
Loop 809 [22379, 3842, 8292, 6583, 6018, 3197]
Loop 810 [23055, 4006, 8604, 6766, 6060, 3209]
Loop 811 [22445, 3891, 8285, 6604, 6028, 3193]
Loop 812 [22343, 3881, 8112, 6697, 6101, 3178]
Loop 813 [22223, 3951, 8121, 6449, 5888, 3233]
Loop 814 [22501, 3830, 8342, 6637, 6061, 3219]
Loop 815 [22484, 3867, 8387, 6562, 5968, 3187]
Loop 816 [25137, 4543, 9513, 7226, 6508, 3376]
Loop 817 [22915, 3970, 8570, 6659, 6070, 3226]
Loop 818 [50788, 4442, 36482, 6036, 5328, 3310]
Loop 819 [24891, 4084, 11574, 5580, 4954, 3131]
Loop 820 [18890, 3842, 6072, 5409, 4855, 3095]
Loop 821 [18494, 3869, 5803, 5311, 4744, 3026]
Loop 822 [18688, 3747, 6060, 5267, 4706, 3131]
Loop 823 [18217, 3742, 5706, 5227, 4682, 3086]
Loop 824 [19467, 4047, 6249, 5627, 4966, 3092]
Loop 825 [18452, 3687, 5881, 5353, 4799, 3069]
Loop 826 [18674, 3905, 5873, 5408, 4849, 3027]
Loop 827 [18332, 3756, 5681, 5419, 4841, 3014]
Loop 828 [18653, 3808, 5870, 5451, 4905, 3074]
Loop 829 [18452, 3802, 5759, 5358, 4802, 3069]
Loop 830 [18349, 3851, 5619, 5380, 4844, 3020]
Loop 831 [33558, 3858, 5826, 19879, 19285, 3484]
Loop 832 [19662, 4271, 6285, 5483, 4895, 3131]
Loop 833 [18270, 3805, 5745, 5163, 4630, 3102]
Loop 834 [18997, 3969, 6118, 5356, 4784, 3084]
Loop 835 [18399, 3836, 5887, 5144, 4572, 3087]
Loop 836 [18623, 3903, 5855, 5276, 4726, 3096]
Loop 837 [18428, 3668, 6024, 5129, 4595, 3120]
Loop 838 [18302, 3743, 5779, 5282, 4737, 3011]
Loop 839 [18350, 3787, 5834, 5249, 4678, 3020]
Loop 840 [18428, 3798, 5810, 5282, 4738, 3054]
Loop 841 [18498, 3843, 5832, 5279, 4723, 3093]
Loop 842 [18336, 3736, 5870, 5174, 4629, 3058]
Loop 843 [23961, 8572, 6152, 5550, 4959, 3160]
Loop 844 [18529, 3843, 5779, 5305, 4739, 3149]
Loop 845 [18306, 3849, 5635, 5241, 4689, 3120]
Loop 846 [18257, 3765, 5761, 5218, 4647, 3047]
Loop 847 [18600, 3779, 5919, 5368, 4818, 3058]
Loop 848 [18334, 3709, 5841, 5243, 4689, 3072]
Loop 849 [18292, 3691, 5907, 5188, 4651, 3049]
Loop 850 [18749, 3898, 5974, 5267, 4719, 3138]
Loop 851 [18322, 3802, 5859, 5178, 4600, 3022]
Loop 852 [18345, 3785, 5698, 5373, 4815, 3020]
Loop 853 [20217, 4218, 6546, 5677, 5023, 3282]
Loop 854 [18261, 3815, 5786, 5101, 4570, 3062]
Loop 855 [18649, 3873, 5919, 5269, 4704, 3125]
Loop 856 [18304, 3731, 5748, 5333, 4785, 3041]
Loop 857 [18534, 3791, 5743, 5389, 4840, 3102]
Loop 858 [18387, 3860, 5646, 5405, 4818, 3027]
Loop 859 [18414, 3834, 5699, 5378, 4837, 3027]
Loop 860 [21838, 4697, 7189, 6058, 5363, 3370]
Loop 861 [18399, 3809, 5999, 5128, 4602, 3008]
Loop 862 [18339, 3791, 5857, 5184, 4657, 3020]
Loop 863 [18022, 3663, 5832, 5086, 4574, 2961]
Loop 864 [18188, 3733, 5914, 5127, 4598, 2983]
Loop 865 [18177, 3727, 5815, 5156, 4611, 3007]
Loop 866 [18294, 3760, 5914, 5147, 4581, 2991]
Loop 867 [18240, 3709, 5833, 5178, 4622, 3049]
Loop 868 [19223, 3906, 6207, 5489, 4929, 3153]
Loop 869 [18104, 3685, 5820, 5140, 4578, 2981]
Loop 870 [18106, 3696, 5690, 5241, 4711, 3011]
Loop 871 [18263, 3789, 5710, 5289, 4722, 2992]
Loop 872 [19611, 4077, 6191, 5642, 5066, 3188]
Loop 873 [18680, 4061, 5744, 5305, 4732, 3096]
Loop 874 [18155, 3825, 5671, 5212, 4664, 2987]
Loop 875 [18045, 3695, 5698, 5196, 4647, 2998]
Loop 876 [18100, 3688, 5704, 5203, 4679, 3062]
Loop 877 [17908, 3606, 5667, 5133, 4592, 3074]
Loop 878 [18767, 3765, 6202, 5283, 4698, 3042]
Loop 879 [18548, 3736, 5889, 5344, 4808, 3087]
Loop 880 [18196, 3672, 5726, 5227, 4673, 3076]
Loop 881 [18062, 3741, 5682, 5158, 4609, 2989]
Loop 882 [18276, 3803, 5715, 5187, 4664, 3075]
Loop 883 [18147, 3800, 5928, 5087, 4523, 2918]
Loop 884 [17862, 3683, 5631, 5056, 4510, 3042]
Loop 885 [18121, 3736, 5770, 5156, 4600, 2973]
Loop 886 [18274, 3660, 5907, 5156, 4567, 3078]
Loop 887 [18489, 3896, 5764, 5331, 4791, 3026]
Loop 888 [18753, 3871, 6120, 5289, 4725, 3027]
Loop 889 [18122, 3681, 5788, 5239, 4687, 2958]
Loop 890 [18002, 3781, 5557, 5198, 4662, 3035]
Loop 891 [18300, 3753, 5774, 5200, 4675, 3076]
Loop 892 [17980, 3703, 5621, 5205, 4658, 3013]
Loop 893 [18014, 3751, 5684, 5094, 4578, 3036]
Loop 894 [17852, 3736, 5569, 5166, 4638, 2925]
Loop 895 [18017, 3801, 5591, 5139, 4589, 3018]
Loop 896 [18175, 3767, 5621, 5307, 4780, 3027]
Loop 897 [18222, 3723, 5731, 5263, 4728, 3025]
Loop 898 [18706, 3830, 6063, 5256, 4697, 3091]
Loop 899 [18119, 3698, 5746, 5200, 4659, 3025]
Loop 900 [18264, 3752, 5788, 5237, 4667, 3049]
Loop 901 [18152, 3700, 5644, 5252, 4689, 3076]
Loop 902 [18166, 3763, 5769, 5214, 4658, 2996]
Loop 903 [20761, 4500, 6752, 5737, 5071, 3272]
Loop 904 [18459, 3861, 5879, 5239, 4678, 2996]
Loop 905 [18179, 3783, 5670, 5192, 4649, 3082]
Loop 906 [18215, 3807, 5735, 5210, 4697, 2970]
Loop 907 [18075, 3647, 5770, 5201, 4627, 2999]
Loop 908 [18243, 3720, 5760, 5318, 4777, 2998]
Loop 909 [17949, 3682, 5670, 5141, 4580, 2987]
Loop 910 [18053, 3701, 5630, 5225, 4687, 3007]
Loop 911 [18303, 3690, 5624, 5336, 4770, 3165]
Loop 912 [18164, 3793, 5772, 5125, 4569, 2962]
Loop 913 [18583, 3851, 5850, 5333, 4767, 3071]
Loop 914 [18048, 3778, 5559, 5159, 4619, 3056]
Loop 915 [18327, 3784, 5773, 5329, 4784, 3003]
Loop 916 [18131, 3707, 5733, 5196, 4647, 3038]
Loop 917 [18149, 3736, 5750, 5197, 4673, 3020]
Loop 918 [18060, 3709, 5697, 5130, 4611, 3079]
Loop 919 [19396, 3822, 6759, 5342, 4749, 3000]
Loop 920 [18390, 3869, 5719, 5189, 4657, 3146]
Loop 921 [18524, 3840, 5923, 5269, 4716, 3049]
Loop 922 [17998, 3714, 5675, 5132, 4614, 3016]
Loop 923 [18880, 3832, 6099, 5440, 4859, 3058]
Loop 924 [18251, 3674, 5873, 5207, 4679, 3042]
Loop 925 [18205, 3807, 5675, 5247, 4681, 2992]
Loop 926 [18035, 3710, 5640, 5170, 4602, 3043]
Loop 927 [18241, 3734, 5782, 5289, 4770, 2983]
Loop 928 [18056, 3741, 5627, 5196, 4651, 3000]
Loop 929 [17925, 3687, 5593, 5191, 4627, 2987]
Loop 930 [18038, 3721, 5598, 5204, 4635, 3043]
Loop 931 [18130, 3748, 5837, 5110, 4567, 2971]
Loop 932 [18110, 3706, 5739, 5128, 4593, 3097]
Loop 933 [18729, 3818, 6052, 5296, 4733, 3088]
Loop 934 [18182, 3742, 5686, 5289, 4720, 2987]
Loop 935 [18242, 3770, 5684, 5254, 4678, 3100]
Loop 936 [17927, 3795, 5615, 5139, 4611, 2926]
Loop 937 [18100, 3748, 5790, 5043, 4485, 3034]
Loop 938 [18077, 3802, 5805, 5099, 4556, 2921]
Loop 939 [18022, 3733, 5644, 5201, 4647, 2982]
Loop 940 [18344, 3789, 5744, 5303, 4743, 3082]
Loop 941 [18115, 3783, 5677, 5124, 4603, 3083]
Loop 942 [18024, 3779, 5664, 5088, 4531, 2993]
Loop 943 [18704, 3789, 6023, 5329, 4778, 3100]
Loop 944 [18264, 3774, 5719, 5278, 4717, 3007]
Loop 945 [18182, 3727, 5765, 5187, 4635, 3053]
Loop 946 [497116, 3676, 5695, 484232, 483607, 2993]
Loop 947 [17660, 3961, 5622, 4952, 4433, 2710]
Loop 948 [16627, 3408, 5278, 4795, 4290, 2735]
Loop 949 [16126, 3278, 5202, 4611, 4113, 2633]
Loop 950 [16352, 3249, 5356, 4619, 4130, 2708]
Loop 951 [16454, 3304, 5291, 4709, 4207, 2757]
Loop 952 [16255, 3414, 5115, 4627, 4144, 2684]
Loop 953 [16395, 3361, 5173, 4761, 4269, 2709]
Loop 954 [16305, 3336, 5173, 4669, 4192, 2712]
Loop 955 [16370, 3304, 5207, 4851, 4330, 2632]
Loop 956 [16195, 3314, 5195, 4651, 4152, 2615]
Loop 957 [16154, 3421, 5148, 4539, 4054, 2633]
Loop 958 [16212, 3386, 5108, 4619, 4126, 2678]
Loop 959 [21261, 3586, 9546, 4965, 4422, 2727]
Loop 960 [16174, 3307, 5117, 4646, 4152, 2686]
Loop 961 [16088, 3341, 5209, 4513, 4044, 2613]
Loop 962 [16196, 3334, 5149, 4583, 4087, 2729]
Loop 963 [16378, 3362, 5276, 4690, 4192, 2652]
Loop 964 [16185, 3354, 5099, 4645, 4139, 2688]
Loop 965 [16439, 3375, 5187, 4750, 4237, 2697]
Loop 966 [16294, 3350, 5196, 4688, 4203, 2669]
Loop 967 [16136, 3343, 5176, 4611, 4141, 2607]
Loop 968 [16228, 3351, 5132, 4678, 4186, 2653]
Loop 969 [16106, 3289, 5137, 4608, 4105, 2656]
Loop 970 [16085, 3339, 5056, 4616, 4135, 2655]
Loop 971 [16778, 3470, 5409, 4704, 4207, 2753]
Loop 972 [16091, 3385, 5018, 4606, 4117, 2656]
Loop 973 [16294, 3380, 5226, 4628, 4153, 2671]
Loop 974 [16028, 3289, 5132, 4547, 4072, 2648]
Loop 975 [16423, 3342, 5192, 4706, 4219, 2786]
Loop 976 [16239, 3295, 5150, 4651, 4150, 2749]
Loop 977 [16117, 3264, 5225, 4526, 4049, 2681]
Loop 978 [16201, 3325, 5233, 4568, 4068, 2688]
Loop 979 [16402, 3292, 5238, 4705, 4211, 2741]
Loop 980 [16276, 3436, 5049, 4733, 4215, 2659]
Loop 981 [16206, 3254, 5197, 4669, 4181, 2677]
Loop 982 [16886, 3474, 5494, 4735, 4204, 2755]
Loop 983 [16070, 3206, 5123, 4627, 4103, 2707]
Loop 984 [16474, 3437, 5228, 4657, 4131, 2739]
Loop 985 [16291, 3364, 5125, 4709, 4238, 2680]
Loop 986 [16280, 3400, 5165, 4644, 4158, 2657]
Loop 987 [16090, 3375, 5005, 4672, 4171, 2631]
Loop 988 [16181, 3325, 5083, 4638, 4127, 2690]
Loop 989 [16180, 3436, 4918, 4710, 4214, 2687]
Loop 990 [18500, 3924, 6090, 5126, 4507, 2913]
Loop 991 [16325, 3394, 5143, 4642, 4164, 2729]
Loop 992 [16315, 3275, 5253, 4595, 4107, 2752]
Loop 993 [16065, 3244, 5064, 4656, 4168, 2667]
Loop 994 [16162, 3258, 5180, 4580, 4090, 2721]
Loop 995 [16058, 3302, 5102, 4640, 4174, 2623]
Loop 996 [16374, 3278, 5183, 4692, 4197, 2787]
Loop 997 [16300, 3320, 5251, 4619, 4129, 2673]
Loop 998 [16332, 3347, 5167, 4681, 4182, 2718]
Loop 999 [21241, 3457, 9550, 5021, 4503, 2750]
replicas primary file /tmp4096microec.dat capacity 1024
replicas slave file /tmp4096microec.datLQL0 capacity 1024
replicas slave file /tmp4096microec.datLQL1 capacity 1024
replicas slave file /tmp4096microec.datLQL2 capacity 1024
replicas slave file /tmp4096microec.datLQL3 capacity 1024
replicas slave file /tmp4096microec.datLQL4 capacity 1024
