writeECPipeline, filename /tmp4096eccache.dat, size 4096, encodingSplitSize 1024, loop 1000, storageClass 0, locationClass 0, pureMonECSubStripeNum 1, isPureMonEC false
MicroEC Coding Ready

starting benchmark...
CrailConstants.REPLICATION_FACTOR has changed to 5
replicas primary file /tmp4096eccache.dat capacity 0
replicas slave file /tmp4096eccache.datLQL0 capacity 0
replicas slave file /tmp4096eccache.datLQL1 capacity 0
replicas slave file /tmp4096eccache.datLQL2 capacity 0
replicas slave file /tmp4096eccache.datLQL3 capacity 0
replicas slave file /tmp4096eccache.datLQL4 capacity 0
ops 1000
final loop (us) 21.315
Loop 0 (us) 92.318
Loop 1 (us) 48.746
Loop 2 (us) 53.713
Loop 3 (us) 62.143
Loop 4 (us) 46.348
Loop 5 (us) 38.885
Loop 6 (us) 38.079
Loop 7 (us) 42.108
Loop 8 (us) 38.353
Loop 9 (us) 39.368
Loop 10 (us) 44.437
Loop 11 (us) 37.424
Loop 12 (us) 39.135
Loop 13 (us) 39.678
Loop 14 (us) 35.509
Loop 15 (us) 36.13
Loop 16 (us) 43.401
Loop 17 (us) 38.601
Loop 18 (us) 51.604
Loop 19 (us) 39.658
Loop 20 (us) 38.674
Loop 21 (us) 36.959
Loop 22 (us) 35.604
Loop 23 (us) 39.343
Loop 24 (us) 38.087
Loop 25 (us) 65.656
Loop 26 (us) 34.029
Loop 27 (us) 31.584
Loop 28 (us) 34.267
Loop 29 (us) 36.924
Loop 30 (us) 36.768
Loop 31 (us) 34.81
Loop 32 (us) 30.121
Loop 33 (us) 32.081
Loop 34 (us) 30.509
Loop 35 (us) 31.256
Loop 36 (us) 31.5
Loop 37 (us) 32.266
Loop 38 (us) 30.795
Loop 39 (us) 30.966
Loop 40 (us) 30.307
Loop 41 (us) 37.118
Loop 42 (us) 31.166
Loop 43 (us) 30.965
Loop 44 (us) 37.503
Loop 45 (us) 32.021
Loop 46 (us) 30.664
Loop 47 (us) 30.521
Loop 48 (us) 31.555
Loop 49 (us) 31.198
Loop 50 (us) 30.847
Loop 51 (us) 31.315
Loop 52 (us) 34.042
Loop 53 (us) 31.273
Loop 54 (us) 32.443
Loop 55 (us) 30.854
Loop 56 (us) 31.051
Loop 57 (us) 30.894
Loop 58 (us) 29.848
Loop 59 (us) 30.003
Loop 60 (us) 30.989
Loop 61 (us) 35.378
Loop 62 (us) 34.331
Loop 63 (us) 32.102
Loop 64 (us) 49.508
Loop 65 (us) 34.123
Loop 66 (us) 40.896
Loop 67 (us) 53.893
Loop 68 (us) 34.023
Loop 69 (us) 191.536
Loop 70 (us) 35.492
Loop 71 (us) 40.926
Loop 72 (us) 30.72
Loop 73 (us) 30.269
Loop 74 (us) 30.587
Loop 75 (us) 49.464
Loop 76 (us) 29.729
Loop 77 (us) 30.278
Loop 78 (us) 29.414
Loop 79 (us) 31.151
Loop 80 (us) 51.9
Loop 81 (us) 37.048
Loop 82 (us) 29.647
Loop 83 (us) 31.056
Loop 84 (us) 29.39
Loop 85 (us) 40.945
Loop 86 (us) 30.925
Loop 87 (us) 75.946
Loop 88 (us) 41.116
Loop 89 (us) 52.177
Loop 90 (us) 28.406
Loop 91 (us) 29.563
Loop 92 (us) 54.926
Loop 93 (us) 31.777
Loop 94 (us) 56.734
Loop 95 (us) 38.51
Loop 96 (us) 41.53
Loop 97 (us) 40.254
Loop 98 (us) 50.013
Loop 99 (us) 30.196
Loop 100 (us) 27.728
Loop 101 (us) 27.745
Loop 102 (us) 28.533
Loop 103 (us) 28.118
Loop 104 (us) 27.834
Loop 105 (us) 34.969
Loop 106 (us) 64.212
Loop 107 (us) 42.346
Loop 108 (us) 43.981
Loop 109 (us) 48.355
Loop 110 (us) 52.768
Loop 111 (us) 32.805
Loop 112 (us) 27.989
Loop 113 (us) 48.859
Loop 114 (us) 34.362
Loop 115 (us) 30.984
Loop 116 (us) 31.16
Loop 117 (us) 30.463
Loop 118 (us) 27.426
Loop 119 (us) 29.946
Loop 120 (us) 27.761
Loop 121 (us) 29.729
Loop 122 (us) 27.037
Loop 123 (us) 44.641
Loop 124 (us) 27.542
Loop 125 (us) 38.864
Loop 126 (us) 26.979
Loop 127 (us) 31.546
Loop 128 (us) 26.628
Loop 129 (us) 27.459
Loop 130 (us) 25.52
Loop 131 (us) 27.668
Loop 132 (us) 25.765
Loop 133 (us) 27.504
Loop 134 (us) 25.589
Loop 135 (us) 27.449
Loop 136 (us) 25.656
Loop 137 (us) 27.439
Loop 138 (us) 25.609
Loop 139 (us) 27.933
Loop 140 (us) 25.556
Loop 141 (us) 27.333
Loop 142 (us) 24.834
Loop 143 (us) 28.002
Loop 144 (us) 24.973
Loop 145 (us) 28.867
Loop 146 (us) 25.325
Loop 147 (us) 27.931
Loop 148 (us) 39.878
Loop 149 (us) 28.61
Loop 150 (us) 25.399
Loop 151 (us) 28.997
Loop 152 (us) 25.163
Loop 153 (us) 28.654
Loop 154 (us) 25.204
Loop 155 (us) 27.508
Loop 156 (us) 27.296
Loop 157 (us) 27.131
Loop 158 (us) 24.714
Loop 159 (us) 27.123
Loop 160 (us) 25.27
Loop 161 (us) 27.344
Loop 162 (us) 24.692
Loop 163 (us) 27.517
Loop 164 (us) 25.366
Loop 165 (us) 26.998
Loop 166 (us) 24.471
Loop 167 (us) 27.408
Loop 168 (us) 24.713
Loop 169 (us) 23.981
Loop 170 (us) 24.039
Loop 171 (us) 23.905
Loop 172 (us) 24.127
Loop 173 (us) 24.156
Loop 174 (us) 24.798
Loop 175 (us) 29.434
Loop 176 (us) 24.12
Loop 177 (us) 23.87
Loop 178 (us) 23.892
Loop 179 (us) 24.145
Loop 180 (us) 23.835
Loop 181 (us) 24.101
Loop 182 (us) 24.476
Loop 183 (us) 23.755
Loop 184 (us) 23.982
Loop 185 (us) 25.394
Loop 186 (us) 24.328
Loop 187 (us) 24.1
Loop 188 (us) 24.045
Loop 189 (us) 24.685
Loop 190 (us) 24.265
Loop 191 (us) 24.138
Loop 192 (us) 24.333
Loop 193 (us) 24.176
Loop 194 (us) 27.593
Loop 195 (us) 26.097
Loop 196 (us) 25.479
Loop 197 (us) 24.565
Loop 198 (us) 24.267
Loop 199 (us) 25.034
Loop 200 (us) 24.238
Loop 201 (us) 23.996
Loop 202 (us) 24.214
Loop 203 (us) 24.078
Loop 204 (us) 24.229
Loop 205 (us) 23.91
Loop 206 (us) 23.994
Loop 207 (us) 23.695
Loop 208 (us) 50.075
Loop 209 (us) 24.39
Loop 210 (us) 24.313
Loop 211 (us) 23.24
Loop 212 (us) 23.68
Loop 213 (us) 23.601
Loop 214 (us) 31.147
Loop 215 (us) 23.535
Loop 216 (us) 23.369
Loop 217 (us) 23.162
Loop 218 (us) 23.976
Loop 219 (us) 23.403
Loop 220 (us) 23.735
Loop 221 (us) 23.758
Loop 222 (us) 23.883
Loop 223 (us) 23.427
Loop 224 (us) 23.591
Loop 225 (us) 23.528
Loop 226 (us) 23.511
Loop 227 (us) 26.387
Loop 228 (us) 24.348
Loop 229 (us) 23.409
Loop 230 (us) 32.029
Loop 231 (us) 23.761
Loop 232 (us) 23.546
Loop 233 (us) 23.269
Loop 234 (us) 23.624
Loop 235 (us) 23.793
Loop 236 (us) 23.728
Loop 237 (us) 25.056
Loop 238 (us) 23.537
Loop 239 (us) 25.833
Loop 240 (us) 24.049
Loop 241 (us) 29.572
Loop 242 (us) 23.719
Loop 243 (us) 23.469
Loop 244 (us) 23.482
Loop 245 (us) 23.373
Loop 246 (us) 23.604
Loop 247 (us) 23.606
Loop 248 (us) 23.434
Loop 249 (us) 23.358
Loop 250 (us) 23.449
Loop 251 (us) 23.624
Loop 252 (us) 23.268
Loop 253 (us) 23.781
Loop 254 (us) 23.427
Loop 255 (us) 27.679
Loop 256 (us) 25.852
Loop 257 (us) 24.182
Loop 258 (us) 23.48
Loop 259 (us) 23.526
Loop 260 (us) 28.877
Loop 261 (us) 25.32
Loop 262 (us) 23.682
Loop 263 (us) 23.978
Loop 264 (us) 23.592
Loop 265 (us) 23.766
Loop 266 (us) 23.686
Loop 267 (us) 24.732
Loop 268 (us) 23.918
Loop 269 (us) 23.416
Loop 270 (us) 50.514
Loop 271 (us) 23.391
Loop 272 (us) 22.904
Loop 273 (us) 22.589
Loop 274 (us) 22.906
Loop 275 (us) 22.725
Loop 276 (us) 22.833
Loop 277 (us) 22.612
Loop 278 (us) 22.876
Loop 279 (us) 30.344
Loop 280 (us) 38.962
Loop 281 (us) 23.502
Loop 282 (us) 24.202
Loop 283 (us) 22.68
Loop 284 (us) 23.544
Loop 285 (us) 23.041
Loop 286 (us) 23.165
Loop 287 (us) 23.008
Loop 288 (us) 23.036
Loop 289 (us) 22.594
Loop 290 (us) 23.538
Loop 291 (us) 22.873
Loop 292 (us) 23.652
Loop 293 (us) 22.794
Loop 294 (us) 23.407
Loop 295 (us) 23.015
Loop 296 (us) 23.188
Loop 297 (us) 22.742
Loop 298 (us) 22.733
Loop 299 (us) 22.751
Loop 300 (us) 23.308
Loop 301 (us) 22.745
Loop 302 (us) 23.092
Loop 303 (us) 26.207
Loop 304 (us) 23.015
Loop 305 (us) 22.419
Loop 306 (us) 22.777
Loop 307 (us) 22.939
Loop 308 (us) 22.835
Loop 309 (us) 22.948
Loop 310 (us) 23.051
Loop 311 (us) 22.733
Loop 312 (us) 22.846
Loop 313 (us) 23.352
Loop 314 (us) 22.947
Loop 315 (us) 22.617
Loop 316 (us) 23.02
Loop 317 (us) 23.371
Loop 318 (us) 23.269
Loop 319 (us) 22.629
Loop 320 (us) 22.941
Loop 321 (us) 22.556
Loop 322 (us) 23.092
Loop 323 (us) 23.035
Loop 324 (us) 22.753
Loop 325 (us) 23.867
Loop 326 (us) 22.474
Loop 327 (us) 27.028
Loop 328 (us) 22.561
Loop 329 (us) 22.479
Loop 330 (us) 22.758
Loop 331 (us) 22.492
Loop 332 (us) 22.866
Loop 333 (us) 22.549
Loop 334 (us) 22.564
Loop 335 (us) 22.572
Loop 336 (us) 23.054
Loop 337 (us) 22.85
Loop 338 (us) 22.616
Loop 339 (us) 22.421
Loop 340 (us) 22.427
Loop 341 (us) 22.695
Loop 342 (us) 22.866
Loop 343 (us) 22.723
Loop 344 (us) 23.205
Loop 345 (us) 22.669
Loop 346 (us) 22.822
Loop 347 (us) 22.773
Loop 348 (us) 23.152
Loop 349 (us) 22.543
Loop 350 (us) 34.807
Loop 351 (us) 22.64
Loop 352 (us) 22.586
Loop 353 (us) 22.399
Loop 354 (us) 22.669
Loop 355 (us) 22.604
Loop 356 (us) 22.644
Loop 357 (us) 22.975
Loop 358 (us) 22.434
Loop 359 (us) 22.817
Loop 360 (us) 22.536
Loop 361 (us) 22.374
Loop 362 (us) 22.656
Loop 363 (us) 22.363
Loop 364 (us) 22.678
Loop 365 (us) 22.474
Loop 366 (us) 26.843
Loop 367 (us) 22.66
Loop 368 (us) 23.84
Loop 369 (us) 22.279
Loop 370 (us) 22.512
Loop 371 (us) 22.966
Loop 372 (us) 22.788
Loop 373 (us) 22.627
Loop 374 (us) 22.85
Loop 375 (us) 22.509
Loop 376 (us) 22.679
Loop 377 (us) 22.325
Loop 378 (us) 22.686
Loop 379 (us) 22.507
Loop 380 (us) 22.85
Loop 381 (us) 51.641
Loop 382 (us) 24.552
Loop 383 (us) 22.786
Loop 384 (us) 22.507
Loop 385 (us) 22.24
Loop 386 (us) 22.425
Loop 387 (us) 22.319
Loop 388 (us) 22.434
Loop 389 (us) 22.184
Loop 390 (us) 22.372
Loop 391 (us) 22.691
Loop 392 (us) 22.436
Loop 393 (us) 22.122
Loop 394 (us) 22.305
Loop 395 (us) 22.29
Loop 396 (us) 22.411
Loop 397 (us) 22.529
Loop 398 (us) 22.25
Loop 399 (us) 22.722
Loop 400 (us) 25.465
Loop 401 (us) 22.281
Loop 402 (us) 22.487
Loop 403 (us) 22.27
Loop 404 (us) 22.169
Loop 405 (us) 22.238
Loop 406 (us) 22.625
Loop 407 (us) 22.418
Loop 408 (us) 24.804
Loop 409 (us) 22.902
Loop 410 (us) 25.413
Loop 411 (us) 23.509
Loop 412 (us) 22.36
Loop 413 (us) 22.545
Loop 414 (us) 22.219
Loop 415 (us) 27.269
Loop 416 (us) 22.221
Loop 417 (us) 22.088
Loop 418 (us) 22.108
Loop 419 (us) 22.08
Loop 420 (us) 22.753
Loop 421 (us) 22.173
Loop 422 (us) 22.385
Loop 423 (us) 22.381
Loop 424 (us) 26.416
Loop 425 (us) 22.421
Loop 426 (us) 22.166
Loop 427 (us) 22.153
Loop 428 (us) 22.48
Loop 429 (us) 22.314
Loop 430 (us) 22.181
Loop 431 (us) 22.475
Loop 432 (us) 22.378
Loop 433 (us) 22.075
Loop 434 (us) 25.524
Loop 435 (us) 22.352
Loop 436 (us) 22.336
Loop 437 (us) 22.416
Loop 438 (us) 23.682
Loop 439 (us) 22.332
Loop 440 (us) 22.347
Loop 441 (us) 22.286
Loop 442 (us) 22.295
Loop 443 (us) 22.232
Loop 444 (us) 22.691
Loop 445 (us) 22.116
Loop 446 (us) 22.448
Loop 447 (us) 46.046
Loop 448 (us) 23.827
Loop 449 (us) 22.038
Loop 450 (us) 21.887
Loop 451 (us) 21.445
Loop 452 (us) 21.829
Loop 453 (us) 21.592
Loop 454 (us) 23.244
Loop 455 (us) 22.556
Loop 456 (us) 21.956
Loop 457 (us) 24.171
Loop 458 (us) 22.489
Loop 459 (us) 22.452
Loop 460 (us) 22.289
Loop 461 (us) 21.724
Loop 462 (us) 21.946
Loop 463 (us) 21.871
Loop 464 (us) 21.738
Loop 465 (us) 21.641
Loop 466 (us) 21.959
Loop 467 (us) 21.871
Loop 468 (us) 21.853
Loop 469 (us) 22.349
Loop 470 (us) 22.126
Loop 471 (us) 21.838
Loop 472 (us) 21.653
Loop 473 (us) 21.78
Loop 474 (us) 21.973
Loop 475 (us) 21.662
Loop 476 (us) 21.922
Loop 477 (us) 21.971
Loop 478 (us) 21.672
Loop 479 (us) 22.349
Loop 480 (us) 22.277
Loop 481 (us) 22.136
Loop 482 (us) 22.017
Loop 483 (us) 22.116
Loop 484 (us) 22.018
Loop 485 (us) 21.873
Loop 486 (us) 22.097
Loop 487 (us) 22.404
Loop 488 (us) 25.565
Loop 489 (us) 21.997
Loop 490 (us) 22.383
Loop 491 (us) 21.872
Loop 492 (us) 22.424
Loop 493 (us) 22.304
Loop 494 (us) 21.902
Loop 495 (us) 21.838
Loop 496 (us) 21.993
Loop 497 (us) 23.074
Loop 498 (us) 22.086
Loop 499 (us) 21.678
Loop 500 (us) 21.723
Loop 501 (us) 21.553
Loop 502 (us) 21.801
Loop 503 (us) 21.931
Loop 504 (us) 21.753
Loop 505 (us) 21.431
Loop 506 (us) 21.444
Loop 507 (us) 21.871
Loop 508 (us) 21.922
Loop 509 (us) 21.741
Loop 510 (us) 21.92
Loop 511 (us) 21.576
Loop 512 (us) 21.753
Loop 513 (us) 21.953
Loop 514 (us) 21.745
Loop 515 (us) 21.45
Loop 516 (us) 21.627
Loop 517 (us) 21.565
Loop 518 (us) 21.652
Loop 519 (us) 21.679
Loop 520 (us) 21.467
Loop 521 (us) 22.173
Loop 522 (us) 22.117
Loop 523 (us) 21.97
Loop 524 (us) 22.126
Loop 525 (us) 21.831
Loop 526 (us) 21.823
Loop 527 (us) 21.793
Loop 528 (us) 21.718
Loop 529 (us) 21.672
Loop 530 (us) 21.913
Loop 531 (us) 21.964
Loop 532 (us) 21.809
Loop 533 (us) 22.295
Loop 534 (us) 22.106
Loop 535 (us) 21.927
Loop 536 (us) 21.873
Loop 537 (us) 21.847
Loop 538 (us) 21.685
Loop 539 (us) 21.572
Loop 540 (us) 23.175
Loop 541 (us) 21.71
Loop 542 (us) 21.727
Loop 543 (us) 21.941
Loop 544 (us) 21.86
Loop 545 (us) 21.918
Loop 546 (us) 22.055
Loop 547 (us) 21.873
Loop 548 (us) 22.515
Loop 549 (us) 21.452
Loop 550 (us) 21.476
Loop 551 (us) 21.842
Loop 552 (us) 21.492
Loop 553 (us) 21.552
Loop 554 (us) 21.568
Loop 555 (us) 21.561
Loop 556 (us) 21.931
Loop 557 (us) 21.716
Loop 558 (us) 22.039
Loop 559 (us) 21.664
Loop 560 (us) 21.276
Loop 561 (us) 29.791
Loop 562 (us) 22.053
Loop 563 (us) 21.479
Loop 564 (us) 21.763
Loop 565 (us) 21.372
Loop 566 (us) 22.013
Loop 567 (us) 21.718
Loop 568 (us) 22.057
Loop 569 (us) 21.567
Loop 570 (us) 21.722
Loop 571 (us) 23.99
Loop 572 (us) 22.109
Loop 573 (us) 22.106
Loop 574 (us) 21.947
Loop 575 (us) 21.729
Loop 576 (us) 21.506
Loop 577 (us) 21.681
Loop 578 (us) 22.009
Loop 579 (us) 21.52
Loop 580 (us) 22.514
Loop 581 (us) 21.88
Loop 582 (us) 22.79
Loop 583 (us) 22.356
Loop 584 (us) 21.869
Loop 585 (us) 21.561
Loop 586 (us) 21.295
Loop 587 (us) 21.41
Loop 588 (us) 21.616
Loop 589 (us) 21.249
Loop 590 (us) 21.424
Loop 591 (us) 21.83
Loop 592 (us) 26.496
Loop 593 (us) 21.543
Loop 594 (us) 21.594
Loop 595 (us) 21.423
Loop 596 (us) 21.577
Loop 597 (us) 21.343
Loop 598 (us) 21.393
Loop 599 (us) 21.331
Loop 600 (us) 21.476
Loop 601 (us) 21.358
Loop 602 (us) 24.67
Loop 603 (us) 21.41
Loop 604 (us) 21.302
Loop 605 (us) 21.472
Loop 606 (us) 21.694
Loop 607 (us) 21.55
Loop 608 (us) 22.012
Loop 609 (us) 22.436
Loop 610 (us) 21.51
Loop 611 (us) 21.634
Loop 612 (us) 21.906
Loop 613 (us) 21.525
Loop 614 (us) 21.853
Loop 615 (us) 21.596
Loop 616 (us) 21.425
Loop 617 (us) 21.238
Loop 618 (us) 21.31
Loop 619 (us) 21.34
Loop 620 (us) 21.782
Loop 621 (us) 25.652
Loop 622 (us) 22.494
Loop 623 (us) 21.636
Loop 624 (us) 21.74
Loop 625 (us) 23.486
Loop 626 (us) 21.738
Loop 627 (us) 24.989
Loop 628 (us) 21.964
Loop 629 (us) 21.609
Loop 630 (us) 21.768
Loop 631 (us) 21.549
Loop 632 (us) 21.698
Loop 633 (us) 21.454
Loop 634 (us) 21.696
Loop 635 (us) 21.516
Loop 636 (us) 21.795
Loop 637 (us) 25.713
Loop 638 (us) 21.747
Loop 639 (us) 21.633
Loop 640 (us) 21.57
Loop 641 (us) 21.59
Loop 642 (us) 21.543
Loop 643 (us) 21.616
Loop 644 (us) 21.676
Loop 645 (us) 21.544
Loop 646 (us) 21.83
Loop 647 (us) 22.222
Loop 648 (us) 21.902
Loop 649 (us) 21.761
Loop 650 (us) 21.656
Loop 651 (us) 21.758
Loop 652 (us) 21.887
Loop 653 (us) 21.486
Loop 654 (us) 21.268
Loop 655 (us) 21.818
Loop 656 (us) 21.51
Loop 657 (us) 21.741
Loop 658 (us) 21.544
Loop 659 (us) 21.614
Loop 660 (us) 21.665
Loop 661 (us) 21.427
Loop 662 (us) 21.392
Loop 663 (us) 23.172
Loop 664 (us) 22.129
Loop 665 (us) 21.501
Loop 666 (us) 21.386
Loop 667 (us) 21.984
Loop 668 (us) 22.793
Loop 669 (us) 22.086
Loop 670 (us) 21.57
Loop 671 (us) 21.459
Loop 672 (us) 25.582
Loop 673 (us) 21.848
Loop 674 (us) 21.397
Loop 675 (us) 21.638
Loop 676 (us) 22.097
Loop 677 (us) 21.286
Loop 678 (us) 21.222
Loop 679 (us) 21.404
Loop 680 (us) 21.359
Loop 681 (us) 21.35
Loop 682 (us) 21.896
Loop 683 (us) 21.552
Loop 684 (us) 21.53
Loop 685 (us) 24.056
Loop 686 (us) 21.514
Loop 687 (us) 21.355
Loop 688 (us) 21.497
Loop 689 (us) 21.255
Loop 690 (us) 21.359
Loop 691 (us) 21.401
Loop 692 (us) 22.119
Loop 693 (us) 21.372
Loop 694 (us) 21.466
Loop 695 (us) 21.387
Loop 696 (us) 21.373
Loop 697 (us) 21.319
Loop 698 (us) 21.24
Loop 699 (us) 21.368
Loop 700 (us) 21.291
Loop 701 (us) 21.516
Loop 702 (us) 21.872
Loop 703 (us) 21.481
Loop 704 (us) 21.441
Loop 705 (us) 21.277
Loop 706 (us) 21.468
Loop 707 (us) 21.423
Loop 708 (us) 21.373
Loop 709 (us) 21.128
Loop 710 (us) 21.45
Loop 711 (us) 23.27
Loop 712 (us) 21.629
Loop 713 (us) 21.364
Loop 714 (us) 21.332
Loop 715 (us) 21.328
Loop 716 (us) 22.322
Loop 717 (us) 21.862
Loop 718 (us) 21.752
Loop 719 (us) 26.436
Loop 720 (us) 21.39
Loop 721 (us) 21.277
Loop 722 (us) 23.812
Loop 723 (us) 21.403
Loop 724 (us) 21.583
Loop 725 (us) 21.345
Loop 726 (us) 21.49
Loop 727 (us) 22.026
Loop 728 (us) 21.836
Loop 729 (us) 21.765
Loop 730 (us) 21.654
Loop 731 (us) 21.383
Loop 732 (us) 21.404
Loop 733 (us) 21.345
Loop 734 (us) 21.481
Loop 735 (us) 21.419
Loop 736 (us) 21.524
Loop 737 (us) 21.769
Loop 738 (us) 21.623
Loop 739 (us) 21.47
Loop 740 (us) 21.282
Loop 741 (us) 21.278
Loop 742 (us) 21.43
Loop 743 (us) 21.818
Loop 744 (us) 21.758
Loop 745 (us) 21.383
Loop 746 (us) 21.585
Loop 747 (us) 21.909
Loop 748 (us) 21.754
Loop 749 (us) 21.432
Loop 750 (us) 21.192
Loop 751 (us) 22.684
Loop 752 (us) 21.733
Loop 753 (us) 21.377
Loop 754 (us) 23.189
Loop 755 (us) 21.614
Loop 756 (us) 21.468
Loop 757 (us) 21.426
Loop 758 (us) 21.536
Loop 759 (us) 22.133
Loop 760 (us) 21.475
Loop 761 (us) 21.579
Loop 762 (us) 22.024
Loop 763 (us) 21.682
Loop 764 (us) 21.633
Loop 765 (us) 21.539
Loop 766 (us) 21.616
Loop 767 (us) 21.405
Loop 768 (us) 21.478
Loop 769 (us) 21.314
Loop 770 (us) 21.549
Loop 771 (us) 21.359
Loop 772 (us) 23.038
Loop 773 (us) 21.325
Loop 774 (us) 21.598
Loop 775 (us) 21.567
Loop 776 (us) 21.403
Loop 777 (us) 21.228
Loop 778 (us) 21.547
Loop 779 (us) 22.17
Loop 780 (us) 21.778
Loop 781 (us) 21.397
Loop 782 (us) 21.92
Loop 783 (us) 21.466
Loop 784 (us) 21.48
Loop 785 (us) 21.439
Loop 786 (us) 21.483
Loop 787 (us) 22.07
Loop 788 (us) 21.393
Loop 789 (us) 21.458
Loop 790 (us) 21.547
Loop 791 (us) 21.489
Loop 792 (us) 22.196
Loop 793 (us) 21.335
Loop 794 (us) 21.561
Loop 795 (us) 21.411
Loop 796 (us) 21.56
Loop 797 (us) 494.62
Loop 798 (us) 22.097
Loop 799 (us) 24.136
Loop 800 (us) 22.082
Loop 801 (us) 21.532
Loop 802 (us) 21.387
Loop 803 (us) 21.425
Loop 804 (us) 22.059
Loop 805 (us) 21.545
Loop 806 (us) 21.519
Loop 807 (us) 21.927
Loop 808 (us) 21.552
Loop 809 (us) 21.49
Loop 810 (us) 21.436
Loop 811 (us) 21.18
Loop 812 (us) 21.403
Loop 813 (us) 21.349
Loop 814 (us) 21.486
Loop 815 (us) 21.633
Loop 816 (us) 21.389
Loop 817 (us) 21.691
Loop 818 (us) 21.414
Loop 819 (us) 21.54
Loop 820 (us) 21.576
Loop 821 (us) 21.229
Loop 822 (us) 21.447
Loop 823 (us) 21.457
Loop 824 (us) 21.33
Loop 825 (us) 21.435
Loop 826 (us) 21.538
Loop 827 (us) 21.893
Loop 828 (us) 21.641
Loop 829 (us) 22.288
Loop 830 (us) 21.512
Loop 831 (us) 21.76
Loop 832 (us) 21.493
Loop 833 (us) 21.404
Loop 834 (us) 21.39
Loop 835 (us) 21.39
Loop 836 (us) 21.524
Loop 837 (us) 21.672
Loop 838 (us) 21.415
Loop 839 (us) 21.474
Loop 840 (us) 484.525
Loop 841 (us) 22.998
Loop 842 (us) 22.267
Loop 843 (us) 22.038
Loop 844 (us) 21.929
Loop 845 (us) 21.555
Loop 846 (us) 21.506
Loop 847 (us) 21.211
Loop 848 (us) 22.038
Loop 849 (us) 21.444
Loop 850 (us) 21.605
Loop 851 (us) 21.584
Loop 852 (us) 21.811
Loop 853 (us) 21.394
Loop 854 (us) 21.701
Loop 855 (us) 21.453
Loop 856 (us) 21.512
Loop 857 (us) 21.279
Loop 858 (us) 21.334
Loop 859 (us) 21.273
Loop 860 (us) 21.627
Loop 861 (us) 21.525
Loop 862 (us) 21.796
Loop 863 (us) 21.61
Loop 864 (us) 21.742
Loop 865 (us) 21.578
Loop 866 (us) 21.503
Loop 867 (us) 21.596
Loop 868 (us) 21.561
Loop 869 (us) 21.589
Loop 870 (us) 21.498
Loop 871 (us) 21.297
Loop 872 (us) 22.164
Loop 873 (us) 21.826
Loop 874 (us) 21.373
Loop 875 (us) 21.091
Loop 876 (us) 21.377
Loop 877 (us) 21.265
Loop 878 (us) 21.341
Loop 879 (us) 21.309
Loop 880 (us) 21.459
Loop 881 (us) 21.284
Loop 882 (us) 22.022
Loop 883 (us) 21.592
Loop 884 (us) 23.473
Loop 885 (us) 21.413
Loop 886 (us) 21.439
Loop 887 (us) 22.267
Loop 888 (us) 22.392
Loop 889 (us) 21.574
Loop 890 (us) 21.454
Loop 891 (us) 21.198
Loop 892 (us) 21.417
Loop 893 (us) 21.452
Loop 894 (us) 21.497
Loop 895 (us) 21.496
Loop 896 (us) 21.714
Loop 897 (us) 21.925
Loop 898 (us) 21.401
Loop 899 (us) 21.293
Loop 900 (us) 21.365
Loop 901 (us) 21.448
Loop 902 (us) 21.437
Loop 903 (us) 22.019
Loop 904 (us) 21.501
Loop 905 (us) 21.612
Loop 906 (us) 21.645
Loop 907 (us) 21.889
Loop 908 (us) 21.587
Loop 909 (us) 21.421
Loop 910 (us) 21.485
Loop 911 (us) 21.284
Loop 912 (us) 22.095
Loop 913 (us) 22.154
Loop 914 (us) 21.749
Loop 915 (us) 21.412
Loop 916 (us) 21.434
Loop 917 (us) 21.645
Loop 918 (us) 21.616
Loop 919 (us) 21.384
Loop 920 (us) 21.756
Loop 921 (us) 21.189
Loop 922 (us) 22.355
Loop 923 (us) 21.45
Loop 924 (us) 21.596
Loop 925 (us) 21.262
Loop 926 (us) 21.406
Loop 927 (us) 56.271
Loop 928 (us) 23.459
Loop 929 (us) 18.145
Loop 930 (us) 18.137
Loop 931 (us) 18.119
Loop 932 (us) 18.569
Loop 933 (us) 17.927
Loop 934 (us) 17.578
Loop 935 (us) 17.586
Loop 936 (us) 17.774
Loop 937 (us) 17.788
Loop 938 (us) 17.558
Loop 939 (us) 18.078
Loop 940 (us) 17.62
Loop 941 (us) 17.624
Loop 942 (us) 17.993
Loop 943 (us) 17.712
Loop 944 (us) 17.605
Loop 945 (us) 17.526
Loop 946 (us) 17.617
Loop 947 (us) 17.606
Loop 948 (us) 17.619
Loop 949 (us) 17.718
Loop 950 (us) 17.414
Loop 951 (us) 17.551
Loop 952 (us) 17.566
Loop 953 (us) 17.854
Loop 954 (us) 17.453
Loop 955 (us) 17.347
Loop 956 (us) 17.69
Loop 957 (us) 17.447
Loop 958 (us) 17.689
Loop 959 (us) 17.449
Loop 960 (us) 18.118
Loop 961 (us) 17.492
Loop 962 (us) 17.83
Loop 963 (us) 17.963
Loop 964 (us) 17.457
Loop 965 (us) 17.969
Loop 966 (us) 17.714
Loop 967 (us) 17.909
Loop 968 (us) 17.696
Loop 969 (us) 17.61
Loop 970 (us) 19.124
Loop 971 (us) 17.706
Loop 972 (us) 17.623
Loop 973 (us) 17.349
Loop 974 (us) 17.621
Loop 975 (us) 17.566
Loop 976 (us) 17.634
Loop 977 (us) 17.641
Loop 978 (us) 17.747
Loop 979 (us) 17.855
Loop 980 (us) 17.603
Loop 981 (us) 17.457
Loop 982 (us) 17.721
Loop 983 (us) 17.811
Loop 984 (us) 17.993
Loop 985 (us) 17.655
Loop 986 (us) 17.55
Loop 987 (us) 17.6
Loop 988 (us) 17.45
Loop 989 (us) 18.181
Loop 990 (us) 17.665
Loop 991 (us) 17.503
Loop 992 (us) 17.592
Loop 993 (us) 17.67
Loop 994 (us) 17.905
Loop 995 (us) 17.55
Loop 996 (us) 17.565
Loop 997 (us) 17.435
Loop 998 (us) 17.564
Loop 999 (us) 21.315
Warmup times 0
avgLoopLatency(us) 25.42928
iops 39324.746905928914
variance 22.49141015342525
Loop 0 [92318, 23846, 38679, 13692]
Loop 1 [48746, 6253, 23398, 9654]
Loop 2 [53713, 4694, 22499, 8845]
Loop 3 [62143, 4576, 21918, 28949]
Loop 4 [46348, 5189, 26536, 7972]
Loop 5 [38885, 4460, 21733, 7038]
Loop 6 [38079, 4203, 21722, 6548]
Loop 7 [42108, 4122, 25401, 7006]
Loop 8 [38353, 4197, 21849, 6644]
Loop 9 [39368, 4425, 22870, 6462]
Loop 10 [44437, 4698, 27482, 6512]
Loop 11 [37424, 4190, 21867, 6185]
Loop 12 [39135, 4031, 23657, 6350]
Loop 13 [39678, 4080, 23387, 6603]
Loop 14 [35509, 4099, 19372, 6304]
Loop 15 [36130, 4011, 20380, 6550]
Loop 16 [43401, 4164, 27592, 6558]
Loop 17 [38601, 4200, 23491, 6076]
Loop 18 [51604, 4015, 35882, 6743]
Loop 19 [39658, 4337, 23302, 6466]
Loop 20 [38674, 4096, 23134, 6517]
Loop 21 [36959, 3972, 21859, 6093]
Loop 22 [35604, 3975, 20078, 6504]
Loop 23 [39343, 4611, 21760, 7388]
Loop 24 [38087, 3842, 22485, 6848]
Loop 25 [65656, 4169, 19002, 37575]
Loop 26 [34029, 4501, 18633, 6095]
Loop 27 [31584, 3758, 17676, 5575]
Loop 28 [34267, 3738, 20393, 5475]
Loop 29 [36924, 3913, 21829, 6164]
Loop 30 [36768, 3915, 22245, 5999]
Loop 31 [34810, 3689, 20708, 5959]
Loop 32 [30121, 3674, 16686, 5413]
Loop 33 [32081, 3832, 17798, 5739]
Loop 34 [30509, 3663, 16724, 5766]
Loop 35 [31256, 3679, 17096, 5979]
Loop 36 [31500, 3561, 17556, 5764]
Loop 37 [32266, 3840, 17610, 6240]
Loop 38 [30795, 3771, 17200, 5542]
Loop 39 [30966, 3694, 17032, 5795]
Loop 40 [30307, 3534, 16595, 5859]
Loop 41 [37118, 3829, 22707, 5879]
Loop 42 [31166, 3825, 16839, 6031]
Loop 43 [30965, 3756, 16843, 5933]
Loop 44 [37503, 3621, 17583, 11858]
Loop 45 [32021, 3709, 17641, 6092]
Loop 46 [30664, 3698, 16751, 5815]
Loop 47 [30521, 3664, 16947, 5517]
Loop 48 [31555, 3525, 17463, 6151]
Loop 49 [31198, 3823, 16914, 5888]
Loop 50 [30847, 3592, 17437, 5453]
Loop 51 [31315, 3668, 17309, 5940]
Loop 52 [34042, 3553, 20147, 5813]
Loop 53 [31273, 3744, 17424, 5438]
Loop 54 [32443, 3492, 18069, 5806]
Loop 55 [30854, 3707, 17155, 5473]
Loop 56 [31051, 3692, 17231, 5633]
Loop 57 [30894, 3732, 16987, 5684]
Loop 58 [29848, 3585, 16553, 5418]
Loop 59 [30003, 3586, 16648, 5371]
Loop 60 [30989, 3483, 16931, 6158]
Loop 61 [35378, 4547, 18795, 6413]
Loop 62 [34331, 4341, 18549, 6127]
Loop 63 [32102, 3938, 17491, 5932]
Loop 64 [49508, 4245, 33507, 6610]
Loop 65 [34123, 4416, 18696, 5938]
Loop 66 [40896, 3731, 17862, 6652]
Loop 67 [53893, 4142, 37819, 6561]
Loop 68 [34023, 4057, 18831, 6178]
Loop 69 [191536, 3911, 57890, 124966]
Loop 70 [35492, 5066, 18554, 6765]
Loop 71 [40926, 4024, 25056, 7126]
Loop 72 [30720, 3962, 16380, 5868]
Loop 73 [30269, 3589, 16549, 5777]
Loop 74 [30587, 3525, 16170, 6637]
Loop 75 [49464, 3753, 34349, 6644]
Loop 76 [29729, 3833, 16085, 5333]
Loop 77 [30278, 3612, 16546, 5710]
Loop 78 [29414, 3501, 16145, 5516]
Loop 79 [31151, 3552, 17105, 5841]
Loop 80 [51900, 3767, 38160, 5538]
Loop 81 [37048, 4142, 21532, 5863]
Loop 82 [29647, 3694, 15999, 5568]
Loop 83 [31056, 3756, 16708, 5759]
Loop 84 [29390, 3676, 16103, 5090]
Loop 85 [40945, 3658, 16078, 5965]
Loop 86 [30925, 3719, 16716, 5797]
Loop 87 [75946, 3756, 42843, 24758]
Loop 88 [41116, 4478, 25966, 5594]
Loop 89 [52177, 25741, 16535, 5391]
Loop 90 [28406, 3486, 15888, 4842]
Loop 91 [29563, 3672, 16194, 5225]
Loop 92 [54926, 3579, 26775, 20260]
Loop 93 [31777, 4078, 16371, 6480]
Loop 94 [56734, 3504, 35039, 13810]
Loop 95 [38510, 4084, 16867, 12774]
Loop 96 [41530, 3559, 27934, 5369]
Loop 97 [40254, 3962, 26490, 5147]
Loop 98 [50013, 3809, 24140, 17502]
Loop 99 [30196, 4297, 16431, 4753]
Loop 100 [27728, 3581, 15667, 4341]
Loop 101 [27745, 3508, 15332, 4560]
Loop 102 [28533, 3404, 15963, 4851]
Loop 103 [28118, 3665, 15711, 4309]
Loop 104 [27834, 3488, 15716, 4475]
Loop 105 [34969, 5347, 18357, 5775]
Loop 106 [64212, 4325, 17330, 14530]
Loop 107 [42346, 4988, 17135, 5751]
Loop 108 [43981, 4013, 16417, 18880]
Loop 109 [48355, 5305, 18462, 18977]
Loop 110 [52768, 4389, 24881, 18239]
Loop 111 [32805, 4851, 17455, 4946]
Loop 112 [27989, 3700, 15383, 4661]
Loop 113 [48859, 4749, 17520, 21579]
Loop 114 [34362, 4203, 20836, 4591]
Loop 115 [30984, 4245, 17167, 4790]
Loop 116 [31160, 3790, 15703, 4551]
Loop 117 [30463, 4033, 17058, 4606]
Loop 118 [27426, 3603, 15695, 4048]
Loop 119 [29946, 4051, 16271, 5097]
Loop 120 [27761, 3635, 15460, 4598]
Loop 121 [29729, 4194, 16274, 4578]
Loop 122 [27037, 3659, 15323, 3984]
Loop 123 [44641, 4066, 31120, 4830]
Loop 124 [27542, 3958, 15022, 4341]
Loop 125 [38864, 4213, 25111, 4873]
Loop 126 [26979, 3856, 14411, 4518]
Loop 127 [31546, 4069, 15697, 4539]
Loop 128 [26628, 3670, 14445, 4182]
Loop 129 [27459, 4097, 14576, 4238]
Loop 130 [25520, 3564, 13989, 3899]
Loop 131 [27668, 3996, 14827, 4312]
Loop 132 [25765, 3577, 14159, 3973]
Loop 133 [27504, 3969, 14905, 4236]
Loop 134 [25589, 3488, 14261, 3806]
Loop 135 [27449, 3995, 14779, 4128]
Loop 136 [25656, 3563, 13914, 3958]
Loop 137 [27439, 3982, 14634, 4222]
Loop 138 [25609, 3534, 14231, 3736]
Loop 139 [27933, 4044, 14889, 4290]
Loop 140 [25556, 3497, 14281, 3746]
Loop 141 [27333, 3938, 14778, 4186]
Loop 142 [24834, 3463, 13500, 3779]
Loop 143 [28002, 4111, 15133, 4295]
Loop 144 [24973, 3519, 13696, 3801]
Loop 145 [28867, 4196, 15303, 4547]
Loop 146 [25325, 3515, 14058, 3740]
Loop 147 [27931, 4070, 14971, 4344]
Loop 148 [39878, 3559, 14211, 18112]
Loop 149 [28610, 4345, 15161, 4270]
Loop 150 [25399, 3554, 14075, 3814]
Loop 151 [28997, 4026, 15024, 4390]
Loop 152 [25163, 3548, 13728, 3787]
Loop 153 [28654, 4399, 15157, 4454]
Loop 154 [25204, 3638, 13949, 3630]
Loop 155 [27508, 3983, 14627, 4259]
Loop 156 [27296, 3774, 14847, 3960]
Loop 157 [27131, 3933, 14548, 4170]
Loop 158 [24714, 3503, 13574, 3661]
Loop 159 [27123, 4044, 14485, 4091]
Loop 160 [25270, 3602, 13821, 3801]
Loop 161 [27344, 4029, 14492, 4122]
Loop 162 [24692, 3414, 13608, 3747]
Loop 163 [27517, 4201, 14651, 4082]
Loop 164 [25366, 3612, 13834, 3702]
Loop 165 [26998, 3946, 14515, 4133]
Loop 166 [24471, 3410, 13411, 3656]
Loop 167 [27408, 3895, 14885, 4225]
Loop 168 [24713, 3510, 13388, 3763]
Loop 169 [23981, 3316, 13099, 3647]
Loop 170 [24039, 3268, 13227, 3616]
Loop 171 [23905, 3246, 13133, 3555]
Loop 172 [24127, 3316, 13276, 3634]
Loop 173 [24156, 3244, 13400, 3606]
Loop 174 [24798, 3153, 14184, 3535]
Loop 175 [29434, 3341, 18479, 3769]
Loop 176 [24120, 3371, 13158, 3554]
Loop 177 [23870, 3321, 12926, 3674]
Loop 178 [23892, 3233, 13249, 3503]
Loop 179 [24145, 3264, 13367, 3547]
Loop 180 [23835, 3213, 13085, 3565]
Loop 181 [24101, 3219, 13347, 3594]
Loop 182 [24476, 3318, 13337, 3692]
Loop 183 [23755, 3217, 12967, 3685]
Loop 184 [23982, 3255, 13183, 3656]
Loop 185 [25394, 3512, 13967, 3975]
Loop 186 [24328, 3434, 13389, 3597]
Loop 187 [24100, 3231, 13442, 3577]
Loop 188 [24045, 3182, 13411, 3541]
Loop 189 [24685, 3180, 14111, 3517]
Loop 190 [24265, 3235, 13477, 3603]
Loop 191 [24138, 3147, 13681, 3448]
Loop 192 [24333, 3305, 13464, 3647]
Loop 193 [24176, 3310, 13328, 3624]
Loop 194 [27593, 3177, 13550, 6903]
Loop 195 [26097, 3317, 15224, 3609]
Loop 196 [25479, 3503, 14091, 3736]
Loop 197 [24565, 3364, 13461, 3856]
Loop 198 [24267, 3224, 13608, 3584]
Loop 199 [25034, 3373, 14000, 3726]
Loop 200 [24238, 3300, 13542, 3501]
Loop 201 [23996, 3258, 13282, 3579]
Loop 202 [24214, 3222, 13542, 3565]
Loop 203 [24078, 3257, 13295, 3548]
Loop 204 [24229, 3319, 13501, 3543]
Loop 205 [23910, 3289, 13203, 3543]
Loop 206 [23994, 3335, 13292, 3534]
Loop 207 [23695, 3153, 13138, 3523]
Loop 208 [50075, 3299, 38873, 3917]
Loop 209 [24390, 3687, 12702, 3627]
Loop 210 [24313, 3235, 13508, 3678]
Loop 211 [23240, 3116, 12697, 3510]
Loop 212 [23680, 3149, 13052, 3583]
Loop 213 [23601, 3145, 12933, 3566]
Loop 214 [31147, 3707, 19181, 3894]
Loop 215 [23535, 3311, 12583, 3734]
Loop 216 [23369, 3235, 12624, 3573]
Loop 217 [23162, 3271, 12433, 3537]
Loop 218 [23976, 3322, 13043, 3698]
Loop 219 [23403, 3168, 12793, 3548]
Loop 220 [23735, 3189, 13012, 3616]
Loop 221 [23758, 3295, 13023, 3579]
Loop 222 [23883, 3189, 13111, 3672]
Loop 223 [23427, 3135, 12861, 3537]
Loop 224 [23591, 3120, 12943, 3603]
Loop 225 [23528, 3228, 12817, 3601]
Loop 226 [23511, 3363, 12637, 3650]
Loop 227 [26387, 3311, 12470, 6734]
Loop 228 [24348, 3267, 13233, 3728]
Loop 229 [23409, 3210, 12490, 3651]
Loop 230 [32029, 3246, 18460, 3727]
Loop 231 [23761, 3297, 12835, 3614]
Loop 232 [23546, 3257, 12750, 3643]
Loop 233 [23269, 3209, 12546, 3570]
Loop 234 [23624, 3118, 12916, 3680]
Loop 235 [23793, 3262, 13025, 3583]
Loop 236 [23728, 3211, 13078, 3588]
Loop 237 [25056, 3286, 13135, 4673]
Loop 238 [23537, 3359, 12638, 3590]
Loop 239 [25833, 3446, 14560, 3727]
Loop 240 [24049, 3162, 12637, 4317]
Loop 241 [29572, 8819, 13093, 3680]
Loop 242 [23719, 3320, 12912, 3549]
Loop 243 [23469, 3220, 12901, 3491]
Loop 244 [23482, 3263, 12740, 3612]
Loop 245 [23373, 3139, 12729, 3561]
Loop 246 [23604, 3153, 12998, 3550]
Loop 247 [23606, 3346, 12885, 3508]
Loop 248 [23434, 3405, 12598, 3518]
Loop 249 [23358, 3156, 12666, 3569]
Loop 250 [23449, 3142, 12869, 3587]
Loop 251 [23624, 3194, 12799, 3737]
Loop 252 [23268, 3089, 12695, 3590]
Loop 253 [23781, 3189, 13028, 3674]
Loop 254 [23427, 3264, 12884, 3415]
Loop 255 [27679, 3326, 13619, 3777]
Loop 256 [25852, 3530, 12703, 3900]
Loop 257 [24182, 3163, 12531, 3623]
Loop 258 [23480, 3255, 12489, 3536]
Loop 259 [23526, 3217, 12580, 3576]
Loop 260 [28877, 3191, 17906, 3623]
Loop 261 [25320, 3709, 13414, 3760]
Loop 262 [23682, 3349, 12521, 3601]
Loop 263 [23978, 3260, 12979, 3581]
Loop 264 [23592, 3213, 12706, 3541]
Loop 265 [23766, 3249, 12850, 3559]
Loop 266 [23686, 3207, 12857, 3530]
Loop 267 [24732, 3191, 13811, 3581]
Loop 268 [23918, 3211, 12976, 3497]
Loop 269 [23416, 3195, 12466, 3679]
Loop 270 [50514, 3647, 13656, 3838]
Loop 271 [23391, 3260, 12767, 3530]
Loop 272 [22904, 3289, 12599, 3511]
Loop 273 [22589, 3222, 12316, 3526]
Loop 274 [22906, 3138, 12666, 3596]
Loop 275 [22725, 3213, 12496, 3585]
Loop 276 [22833, 3247, 12588, 3563]
Loop 277 [22612, 3211, 12449, 3466]
Loop 278 [22876, 3213, 12551, 3598]
Loop 279 [30344, 3271, 17015, 4613]
Loop 280 [38962, 3610, 13585, 3920]
Loop 281 [23502, 3452, 12686, 3568]
Loop 282 [24202, 3396, 13307, 3857]
Loop 283 [22680, 3256, 12322, 3606]
Loop 284 [23544, 3399, 12812, 3722]
Loop 285 [23041, 3300, 12550, 3683]
Loop 286 [23165, 3420, 12588, 3539]
Loop 287 [23008, 3276, 12692, 3505]
Loop 288 [23036, 3191, 12700, 3578]
Loop 289 [22594, 3186, 12338, 3561]
Loop 290 [23538, 3418, 12984, 3636]
Loop 291 [22873, 3234, 12484, 3567]
Loop 292 [23652, 3269, 13025, 3682]
Loop 293 [22794, 3198, 12488, 3579]
Loop 294 [23407, 3279, 12895, 3605]
Loop 295 [23015, 3144, 12673, 3605]
Loop 296 [23188, 3236, 12802, 3576]
Loop 297 [22742, 3190, 12420, 3579]
Loop 298 [22733, 3104, 12564, 3596]
Loop 299 [22751, 3186, 12463, 3578]
Loop 300 [23308, 3264, 12946, 3556]
Loop 301 [22745, 3174, 12507, 3497]
Loop 302 [23092, 3266, 12741, 3563]
Loop 303 [26207, 3242, 15740, 3636]
Loop 304 [23015, 3406, 12495, 3560]
Loop 305 [22419, 3113, 12254, 3465]
Loop 306 [22777, 3218, 12463, 3561]
Loop 307 [22939, 3280, 12579, 3574]
Loop 308 [22835, 3205, 12446, 3637]
Loop 309 [22948, 3233, 12594, 3537]
Loop 310 [23051, 3207, 12735, 3605]
Loop 311 [22733, 3155, 12505, 3581]
Loop 312 [22846, 3207, 12500, 3589]
Loop 313 [23352, 3139, 12947, 3684]
Loop 314 [22947, 3250, 12458, 3672]
Loop 315 [22617, 3264, 12400, 3499]
Loop 316 [23020, 3177, 12626, 3667]
Loop 317 [23371, 3342, 12876, 3603]
Loop 318 [23269, 3299, 12349, 3660]
Loop 319 [22629, 3264, 12353, 3547]
Loop 320 [22941, 3247, 12626, 3584]
Loop 321 [22556, 3200, 12365, 3563]
Loop 322 [23092, 3302, 12504, 3691]
Loop 323 [23035, 3304, 12500, 3581]
Loop 324 [22753, 3153, 12628, 3523]
Loop 325 [23867, 3499, 12969, 3707]
Loop 326 [22474, 3113, 12448, 3497]
Loop 327 [27028, 3157, 16725, 3679]
Loop 328 [22561, 3273, 12385, 3538]
Loop 329 [22479, 3178, 12318, 3511]
Loop 330 [22758, 3300, 12521, 3569]
Loop 331 [22492, 3271, 12222, 3593]
Loop 332 [22866, 3246, 12759, 3488]
Loop 333 [22549, 3182, 12423, 3532]
Loop 334 [22564, 3280, 12288, 3455]
Loop 335 [22572, 3191, 12514, 3447]
Loop 336 [23054, 3224, 12588, 3584]
Loop 337 [22850, 3273, 12524, 3544]
Loop 338 [22616, 3222, 12392, 3521]
Loop 339 [22421, 3214, 12314, 3549]
Loop 340 [22427, 3206, 12205, 3465]
Loop 341 [22695, 3162, 12507, 3543]
Loop 342 [22866, 3193, 12522, 3486]
Loop 343 [22723, 3189, 12510, 3546]
Loop 344 [23205, 3203, 12810, 3607]
Loop 345 [22669, 3322, 12288, 3553]
Loop 346 [22822, 3077, 12795, 3534]
Loop 347 [22773, 3204, 12373, 3635]
Loop 348 [23152, 3258, 12850, 3523]
Loop 349 [22543, 3157, 12396, 3544]
Loop 350 [34807, 3244, 24548, 3563]
Loop 351 [22640, 3229, 12367, 3553]
Loop 352 [22586, 3201, 12422, 3532]
Loop 353 [22399, 3138, 12336, 3511]
Loop 354 [22669, 3237, 12442, 3563]
Loop 355 [22604, 3239, 12330, 3544]
Loop 356 [22644, 3134, 12522, 3501]
Loop 357 [22975, 3310, 12495, 3614]
Loop 358 [22434, 3113, 12329, 3535]
Loop 359 [22817, 3233, 12560, 3520]
Loop 360 [22536, 3260, 12250, 3534]
Loop 361 [22374, 3216, 12223, 3466]
Loop 362 [22656, 3172, 12460, 3550]
Loop 363 [22363, 3100, 12272, 3558]
Loop 364 [22678, 3087, 12542, 3534]
Loop 365 [22474, 3189, 12336, 3503]
Loop 366 [26843, 3262, 16499, 3609]
Loop 367 [22660, 3278, 12365, 3548]
Loop 368 [23840, 3386, 13125, 3688]
Loop 369 [22279, 3105, 12134, 3517]
Loop 370 [22512, 3082, 12498, 3503]
Loop 371 [22966, 3136, 12683, 3596]
Loop 372 [22788, 3217, 12544, 3530]
Loop 373 [22627, 3189, 12429, 3473]
Loop 374 [22850, 3226, 12657, 3470]
Loop 375 [22509, 3240, 12219, 3488]
Loop 376 [22679, 3226, 12478, 3534]
Loop 377 [22325, 3162, 12168, 3492]
Loop 378 [22686, 3162, 12475, 3601]
Loop 379 [22507, 3206, 12343, 3503]
Loop 380 [22850, 3164, 12657, 3534]
Loop 381 [51641, 3257, 12922, 31883]
Loop 382 [24552, 3897, 13358, 3448]
Loop 383 [22786, 3293, 12594, 3410]
Loop 384 [22507, 3211, 12527, 3395]
Loop 385 [22240, 3156, 12078, 3485]
Loop 386 [22425, 3229, 12327, 3504]
Loop 387 [22319, 3281, 12334, 3345]
Loop 388 [22434, 3182, 12439, 3417]
Loop 389 [22184, 3195, 12103, 3510]
Loop 390 [22372, 3136, 12367, 3474]
Loop 391 [22691, 3269, 12460, 3497]
Loop 392 [22436, 3120, 12458, 3491]
Loop 393 [22122, 3131, 12253, 3361]
Loop 394 [22305, 3188, 12401, 3328]
Loop 395 [22290, 3157, 12210, 3526]
Loop 396 [22411, 3186, 12446, 3413]
Loop 397 [22529, 3253, 12438, 3422]
Loop 398 [22250, 3172, 12261, 3468]
Loop 399 [22722, 3267, 12520, 3448]
Loop 400 [25465, 6091, 12553, 3465]
Loop 401 [22281, 3213, 12161, 3537]
Loop 402 [22487, 3243, 12411, 3462]
Loop 403 [22270, 3130, 12423, 3350]
Loop 404 [22169, 3162, 12267, 3392]
Loop 405 [22238, 3160, 12232, 3432]
Loop 406 [22625, 3169, 12606, 3474]
Loop 407 [22418, 3169, 12375, 3477]
Loop 408 [24804, 3174, 12318, 5892]
Loop 409 [22902, 3317, 12577, 3488]
Loop 410 [25413, 3304, 14966, 3513]
Loop 411 [23509, 3521, 12766, 3647]
Loop 412 [22360, 3299, 12296, 3299]
Loop 413 [22545, 3267, 12431, 3417]
Loop 414 [22219, 3177, 12363, 3298]
Loop 415 [27269, 7791, 12600, 3445]
Loop 416 [22221, 3173, 12277, 3403]
Loop 417 [22088, 3146, 12154, 3408]
Loop 418 [22108, 3103, 12265, 3399]
Loop 419 [22080, 3180, 12121, 3443]
Loop 420 [22753, 3195, 12615, 3446]
Loop 421 [22173, 3224, 12143, 3420]
Loop 422 [22385, 3195, 12496, 3340]
Loop 423 [22381, 3181, 12371, 3476]
Loop 424 [26416, 3184, 12415, 7452]
Loop 425 [22421, 3253, 12393, 3359]
Loop 426 [22166, 3238, 12265, 3312]
Loop 427 [22153, 3202, 12112, 3437]
Loop 428 [22480, 3209, 12502, 3391]
Loop 429 [22314, 3260, 12245, 3429]
Loop 430 [22181, 3187, 12192, 3406]
Loop 431 [22475, 3150, 12471, 3459]
Loop 432 [22378, 3149, 12406, 3452]
Loop 433 [22075, 3103, 12163, 3393]
Loop 434 [25524, 3198, 15439, 3519]
Loop 435 [22352, 3230, 12172, 3562]
Loop 436 [22336, 3156, 12360, 3419]
Loop 437 [22416, 3220, 12283, 3460]
Loop 438 [23682, 3095, 13668, 3551]
Loop 439 [22332, 3220, 12292, 3362]
Loop 440 [22347, 3233, 12272, 3439]
Loop 441 [22286, 3205, 12206, 3490]
Loop 442 [22295, 3215, 12236, 3435]
Loop 443 [22232, 3253, 12131, 3435]
Loop 444 [22691, 3140, 12715, 3441]
Loop 445 [22116, 3091, 12285, 3308]
Loop 446 [22448, 3220, 12425, 3419]
Loop 447 [46046, 3190, 12343, 27046]
Loop 448 [23827, 3778, 13165, 3171]
Loop 449 [22038, 3281, 12287, 3007]
Loop 450 [21887, 3227, 12289, 3012]
Loop 451 [21445, 3127, 11985, 2974]
Loop 452 [21829, 3228, 12301, 2971]
Loop 453 [21592, 3218, 12003, 2945]
Loop 454 [23244, 3284, 13136, 3211]
Loop 455 [22556, 3288, 12937, 2956]
Loop 456 [21956, 3224, 12345, 3000]
Loop 457 [24171, 3115, 12247, 3109]
Loop 458 [22489, 3270, 12637, 3160]
Loop 459 [22452, 3290, 12673, 3099]
Loop 460 [22289, 3248, 12593, 3049]
Loop 461 [21724, 3166, 12208, 2996]
Loop 462 [21946, 3211, 12188, 3041]
Loop 463 [21871, 3186, 12263, 3002]
Loop 464 [21738, 3163, 12112, 3060]
Loop 465 [21641, 3188, 12021, 2998]
Loop 466 [21959, 3107, 12338, 3115]
Loop 467 [21871, 3173, 12255, 3051]
Loop 468 [21853, 3136, 12267, 3042]
Loop 469 [22349, 3220, 12522, 3054]
Loop 470 [22126, 3223, 12398, 2974]
Loop 471 [21838, 3198, 12217, 3052]
Loop 472 [21653, 3093, 12130, 3002]
Loop 473 [21780, 3112, 12277, 2983]
Loop 474 [21973, 3118, 12340, 3062]
Loop 475 [21662, 3189, 12142, 2956]
Loop 476 [21922, 3136, 12279, 3040]
Loop 477 [21971, 3149, 12359, 3044]
Loop 478 [21672, 3168, 12073, 2972]
Loop 479 [22349, 3171, 12610, 3076]
Loop 480 [22277, 3231, 12490, 3008]
Loop 481 [22136, 3171, 12598, 2931]
Loop 482 [22017, 3065, 12618, 2901]
Loop 483 [22116, 3178, 12542, 2965]
Loop 484 [22018, 3121, 12430, 2955]
Loop 485 [21873, 3202, 12258, 3026]
Loop 486 [22097, 3158, 12470, 2965]
Loop 487 [22404, 3231, 12670, 3069]
Loop 488 [25565, 3119, 15802, 3118]
Loop 489 [21997, 3143, 12415, 2959]
Loop 490 [22383, 3241, 12686, 3012]
Loop 491 [21872, 3180, 12272, 3009]
Loop 492 [22424, 3202, 12868, 3002]
Loop 493 [22304, 3359, 12414, 3016]
Loop 494 [21902, 3242, 12251, 2971]
Loop 495 [21838, 3091, 12312, 2985]
Loop 496 [21993, 3129, 12509, 2964]
Loop 497 [23074, 3381, 12777, 3138]
Loop 498 [22086, 3277, 12376, 2980]
Loop 499 [21678, 3135, 12037, 2987]
Loop 500 [21723, 3153, 12161, 2969]
Loop 501 [21553, 3062, 12059, 2976]
Loop 502 [21801, 3156, 12260, 2971]
Loop 503 [21931, 3123, 12356, 3080]
Loop 504 [21753, 3164, 12252, 2987]
Loop 505 [21431, 3085, 11981, 2964]
Loop 506 [21444, 3177, 11988, 2956]
Loop 507 [21871, 3220, 12097, 3078]
Loop 508 [21922, 3247, 12321, 2981]
Loop 509 [21741, 3100, 12290, 3040]
Loop 510 [21920, 3295, 12193, 3091]
Loop 511 [21576, 3136, 12130, 2994]
Loop 512 [21753, 3167, 12203, 3056]
Loop 513 [21953, 3129, 12416, 3011]
Loop 514 [21745, 3163, 12192, 3027]
Loop 515 [21450, 3145, 11954, 2943]
Loop 516 [21627, 3138, 12250, 2908]
Loop 517 [21565, 3106, 12159, 2939]
Loop 518 [21652, 3163, 12176, 2998]
Loop 519 [21679, 3164, 12132, 2941]
Loop 520 [21467, 3114, 12030, 2965]
Loop 521 [22173, 3204, 12294, 2936]
Loop 522 [22117, 3095, 12764, 2918]
Loop 523 [21970, 3111, 12424, 3016]
Loop 524 [22126, 3166, 12644, 3027]
Loop 525 [21831, 3198, 12262, 2932]
Loop 526 [21823, 3147, 12292, 2980]
Loop 527 [21793, 3131, 12469, 2890]
Loop 528 [21718, 3160, 12263, 3007]
Loop 529 [21672, 3193, 12239, 2921]
Loop 530 [21913, 3211, 12398, 2974]
Loop 531 [21964, 3111, 12575, 2947]
Loop 532 [21809, 3159, 12298, 3028]
Loop 533 [22295, 3138, 12642, 3079]
Loop 534 [22106, 3165, 12512, 3018]
Loop 535 [21927, 3178, 12455, 2958]
Loop 536 [21873, 3200, 12400, 2969]
Loop 537 [21847, 3165, 12358, 2929]
Loop 538 [21685, 3122, 12338, 2898]
Loop 539 [21572, 3160, 12051, 3008]
Loop 540 [23175, 3228, 13154, 3155]
Loop 541 [21710, 3106, 12274, 2966]
Loop 542 [21727, 3115, 12247, 2985]
Loop 543 [21941, 3153, 12444, 3047]
Loop 544 [21860, 3153, 12301, 2983]
Loop 545 [21918, 3151, 12402, 3008]
Loop 546 [22055, 3191, 12420, 3055]
Loop 547 [21873, 3131, 12371, 2994]
Loop 548 [22515, 3180, 12646, 3056]
Loop 549 [21452, 3145, 11929, 2975]
Loop 550 [21476, 3143, 12030, 2949]
Loop 551 [21842, 3133, 12407, 2998]
Loop 552 [21492, 3113, 12079, 2929]
Loop 553 [21552, 3160, 12146, 2925]
Loop 554 [21568, 3107, 12097, 2988]
Loop 555 [21561, 3151, 12076, 2972]
Loop 556 [21931, 3129, 12360, 3019]
Loop 557 [21716, 3172, 12187, 2985]
Loop 558 [22039, 3180, 12405, 3036]
Loop 559 [21664, 3157, 12136, 2985]
Loop 560 [21276, 3086, 11855, 2982]
Loop 561 [29791, 3069, 20019, 3283]
Loop 562 [22053, 3305, 12369, 2965]
Loop 563 [21479, 3069, 11995, 3072]
Loop 564 [21763, 3143, 12169, 3088]
Loop 565 [21372, 3166, 11864, 2984]
Loop 566 [22013, 3131, 12526, 3009]
Loop 567 [21718, 3171, 12190, 2943]
Loop 568 [22057, 3154, 12443, 2978]
Loop 569 [21567, 3098, 11971, 3038]
Loop 570 [21722, 3255, 12181, 2952]
Loop 571 [23990, 3235, 12367, 3086]
Loop 572 [22109, 3337, 12341, 3034]
Loop 573 [22106, 3205, 12332, 3014]
Loop 574 [21947, 3266, 12267, 3045]
Loop 575 [21729, 3150, 12179, 2994]
Loop 576 [21506, 3047, 12048, 3015]
Loop 577 [21681, 3079, 12259, 2952]
Loop 578 [22009, 3152, 12374, 3072]
Loop 579 [21520, 3016, 12174, 2942]
Loop 580 [22514, 3096, 13034, 3015]
Loop 581 [21880, 3173, 12300, 2966]
Loop 582 [22790, 3273, 12808, 3173]
Loop 583 [22356, 3275, 12609, 3036]
Loop 584 [21869, 3207, 12272, 2983]
Loop 585 [21561, 3074, 12302, 2870]
Loop 586 [21295, 3097, 11869, 2976]
Loop 587 [21410, 3099, 11959, 2994]
Loop 588 [21616, 3162, 12116, 3032]
Loop 589 [21249, 3142, 11868, 2906]
Loop 590 [21424, 3065, 12042, 2976]
Loop 591 [21830, 3222, 12316, 2984]
Loop 592 [26496, 3130, 12265, 3184]
Loop 593 [21543, 3191, 11911, 3005]
Loop 594 [21594, 3111, 12210, 2952]
Loop 595 [21423, 3091, 12024, 2938]
Loop 596 [21577, 3094, 12133, 3001]
Loop 597 [21343, 3127, 11939, 2947]
Loop 598 [21393, 3028, 12115, 2920]
Loop 599 [21331, 3076, 11886, 3020]
Loop 600 [21476, 3071, 12123, 2985]
Loop 601 [21358, 3066, 12012, 2955]
Loop 602 [24670, 3107, 15194, 3023]
Loop 603 [21410, 3116, 12008, 2954]
Loop 604 [21302, 3073, 11935, 2961]
Loop 605 [21472, 3051, 12121, 2996]
Loop 606 [21694, 3087, 12008, 2992]
Loop 607 [21550, 3077, 12199, 2916]
Loop 608 [22012, 3032, 12349, 3058]
Loop 609 [22436, 3211, 12942, 2965]
Loop 610 [21510, 3200, 11879, 3021]
Loop 611 [21634, 3142, 12115, 2966]
Loop 612 [21906, 3027, 12489, 2963]
Loop 613 [21525, 3131, 12025, 3000]
Loop 614 [21853, 3065, 12015, 3038]
Loop 615 [21596, 3132, 12070, 2998]
Loop 616 [21425, 3047, 12127, 2938]
Loop 617 [21238, 3098, 11818, 3003]
Loop 618 [21310, 3119, 11952, 2918]
Loop 619 [21340, 3085, 11905, 2995]
Loop 620 [21782, 3153, 12273, 3016]
Loop 621 [25652, 3253, 13550, 3778]
Loop 622 [22494, 3198, 12681, 3112]
Loop 623 [21636, 3180, 12055, 3022]
Loop 624 [21740, 3043, 12398, 3018]
Loop 625 [23486, 4042, 12699, 3197]
Loop 626 [21738, 3138, 12287, 3007]
Loop 627 [24989, 3113, 15383, 3115]
Loop 628 [21964, 3171, 12354, 3049]
Loop 629 [21609, 3015, 12243, 2973]
Loop 630 [21768, 3080, 12303, 3033]
Loop 631 [21549, 3031, 12210, 3012]
Loop 632 [21698, 3028, 12409, 2929]
Loop 633 [21454, 2980, 12201, 2970]
Loop 634 [21696, 3046, 12307, 3062]
Loop 635 [21516, 3069, 12110, 2997]
Loop 636 [21795, 3089, 12362, 3027]
Loop 637 [25713, 3029, 12538, 3011]
Loop 638 [21747, 3143, 12256, 2987]
Loop 639 [21633, 3055, 12251, 3005]
Loop 640 [21570, 3030, 12245, 3016]
Loop 641 [21590, 3065, 12188, 2979]
Loop 642 [21543, 3134, 12134, 2918]
Loop 643 [21616, 3054, 12188, 2990]
Loop 644 [21676, 3121, 12258, 2925]
Loop 645 [21544, 3077, 12099, 2999]
Loop 646 [21830, 3175, 12318, 3033]
Loop 647 [22222, 3087, 12674, 3027]
Loop 648 [21902, 3131, 12389, 3025]
Loop 649 [21761, 3129, 12147, 3067]
Loop 650 [21656, 3083, 12221, 2994]
Loop 651 [21758, 3096, 12219, 3087]
Loop 652 [21887, 3233, 12362, 2936]
Loop 653 [21486, 3124, 11950, 3029]
Loop 654 [21268, 3047, 11875, 2952]
Loop 655 [21818, 3167, 12291, 2996]
Loop 656 [21510, 3064, 12030, 3082]
Loop 657 [21741, 3071, 12266, 3038]
Loop 658 [21544, 3152, 11999, 3058]
Loop 659 [21614, 3104, 12161, 3024]
Loop 660 [21665, 3118, 12088, 3052]
Loop 661 [21427, 3109, 11946, 3012]
Loop 662 [21392, 3032, 11976, 2987]
Loop 663 [23172, 3784, 12112, 2978]
Loop 664 [22129, 3315, 12367, 3007]
Loop 665 [21501, 3236, 11986, 2905]
Loop 666 [21386, 3069, 11997, 3027]
Loop 667 [21984, 3147, 12402, 3042]
Loop 668 [22793, 3349, 12727, 3142]
Loop 669 [22086, 3292, 12400, 2960]
Loop 670 [21570, 3143, 12061, 3014]
Loop 671 [21459, 3140, 11975, 3034]
Loop 672 [25582, 6771, 12412, 3058]
Loop 673 [21848, 3255, 12179, 2971]
Loop 674 [21397, 3167, 11886, 2970]
Loop 675 [21638, 3301, 12057, 2890]
Loop 676 [22097, 3240, 12371, 3029]
Loop 677 [21286, 3122, 11921, 2938]
Loop 678 [21222, 3080, 11886, 2922]
Loop 679 [21404, 3100, 11971, 3023]
Loop 680 [21359, 3098, 11964, 2940]
Loop 681 [21350, 3146, 11930, 2976]
Loop 682 [21896, 3135, 12429, 2967]
Loop 683 [21552, 3131, 12077, 3034]
Loop 684 [21530, 3087, 12119, 2913]
Loop 685 [24056, 3264, 12530, 3127]
Loop 686 [21514, 3184, 11959, 2879]
Loop 687 [21355, 3076, 11970, 3002]
Loop 688 [21497, 3116, 12203, 2890]
Loop 689 [21255, 3148, 11865, 2954]
Loop 690 [21359, 3105, 12074, 2878]
Loop 691 [21401, 3111, 11932, 3014]
Loop 692 [22119, 3149, 12569, 3031]
Loop 693 [21372, 3134, 11940, 2982]
Loop 694 [21466, 3067, 12117, 2985]
Loop 695 [21387, 3071, 11977, 2965]
Loop 696 [21373, 3082, 12074, 2923]
Loop 697 [21319, 3056, 11904, 3022]
Loop 698 [21240, 3071, 12028, 2913]
Loop 699 [21368, 3103, 11976, 2952]
Loop 700 [21291, 3079, 11949, 2920]
Loop 701 [21516, 3218, 11911, 3005]
Loop 702 [21872, 3142, 12406, 2971]
Loop 703 [21481, 3144, 12035, 3005]
Loop 704 [21441, 3062, 12037, 3000]
Loop 705 [21277, 3104, 11888, 2976]
Loop 706 [21468, 3112, 11986, 3020]
Loop 707 [21423, 3075, 12032, 2987]
Loop 708 [21373, 3060, 11971, 2985]
Loop 709 [21128, 3095, 11804, 2927]
Loop 710 [21450, 3111, 11911, 3040]
Loop 711 [23270, 3284, 13167, 3201]
Loop 712 [21629, 3193, 12097, 2999]
Loop 713 [21364, 3073, 11964, 2972]
Loop 714 [21332, 3115, 11999, 2914]
Loop 715 [21328, 3062, 11936, 2960]
Loop 716 [22322, 3893, 12149, 2987]
Loop 717 [21862, 3175, 12259, 3010]
Loop 718 [21752, 3126, 12304, 2957]
Loop 719 [26436, 8083, 12099, 2871]
Loop 720 [21390, 3134, 11966, 2992]
Loop 721 [21277, 3142, 11769, 2979]
Loop 722 [23812, 3189, 12359, 2970]
Loop 723 [21403, 3145, 11984, 2940]
Loop 724 [21583, 3118, 12197, 2970]
Loop 725 [21345, 3093, 12024, 2909]
Loop 726 [21490, 3142, 12070, 2978]
Loop 727 [22026, 3131, 12602, 2947]
Loop 728 [21836, 3138, 12231, 3070]
Loop 729 [21765, 3125, 12221, 3030]
Loop 730 [21654, 3242, 12004, 3056]
Loop 731 [21383, 3132, 12019, 2914]
Loop 732 [21404, 3086, 12035, 2944]
Loop 733 [21345, 3069, 12071, 2943]
Loop 734 [21481, 3151, 11942, 3014]
Loop 735 [21419, 3197, 11962, 2945]
Loop 736 [21524, 3111, 12090, 2975]
Loop 737 [21769, 3202, 12051, 3100]
Loop 738 [21623, 3127, 12144, 3012]
Loop 739 [21470, 3102, 12035, 2949]
Loop 740 [21282, 3138, 11897, 2905]
Loop 741 [21278, 3076, 11977, 2889]
Loop 742 [21430, 3095, 11981, 2983]
Loop 743 [21818, 3171, 12320, 2989]
Loop 744 [21758, 3114, 12229, 3080]
Loop 745 [21383, 3159, 11920, 2923]
Loop 746 [21585, 3164, 12077, 2992]
Loop 747 [21909, 3151, 12265, 3078]
Loop 748 [21754, 3175, 12217, 2932]
Loop 749 [21432, 3158, 12046, 2925]
Loop 750 [21192, 2993, 11920, 2953]
Loop 751 [22684, 3088, 13180, 2970]
Loop 752 [21733, 3126, 12192, 2967]
Loop 753 [21377, 3115, 11986, 2928]
Loop 754 [23189, 3330, 12974, 3238]
Loop 755 [21614, 3209, 12063, 3002]
Loop 756 [21468, 3134, 11913, 3022]
Loop 757 [21426, 3081, 12066, 2939]
Loop 758 [21536, 3153, 12072, 2945]
Loop 759 [22133, 3712, 12061, 3003]
Loop 760 [21475, 3107, 12123, 2936]
Loop 761 [21579, 3091, 12081, 3041]
Loop 762 [22024, 3173, 12467, 2976]
Loop 763 [21682, 3237, 12103, 2985]
Loop 764 [21633, 3224, 12108, 2945]
Loop 765 [21539, 3165, 12079, 2983]
Loop 766 [21616, 3152, 12165, 2936]
Loop 767 [21405, 3109, 11984, 3004]
Loop 768 [21478, 3128, 12044, 2973]
Loop 769 [21314, 3116, 11838, 3029]
Loop 770 [21549, 3189, 12001, 3036]
Loop 771 [21359, 3082, 11969, 2995]
Loop 772 [23038, 4115, 12434, 3087]
Loop 773 [21325, 3123, 11876, 2951]
Loop 774 [21598, 3114, 12134, 3009]
Loop 775 [21567, 3084, 12170, 3014]
Loop 776 [21403, 3086, 12072, 2912]
Loop 777 [21228, 3110, 11922, 2942]
Loop 778 [21547, 3115, 12114, 3009]
Loop 779 [22170, 3166, 12712, 3025]
Loop 780 [21778, 3211, 12198, 2990]
Loop 781 [21397, 3111, 11996, 2972]
Loop 782 [21920, 3100, 12415, 2971]
Loop 783 [21466, 3062, 12106, 2932]
Loop 784 [21480, 3073, 12044, 2987]
Loop 785 [21439, 3200, 11844, 2976]
Loop 786 [21483, 3171, 12043, 2938]
Loop 787 [22070, 3752, 11979, 2963]
Loop 788 [21393, 3085, 12029, 2972]
Loop 789 [21458, 3127, 11966, 2896]
Loop 790 [21547, 3103, 12028, 3032]
Loop 791 [21489, 3143, 12013, 2962]
Loop 792 [22196, 3177, 12561, 3031]
Loop 793 [21335, 3145, 11895, 2926]
Loop 794 [21561, 3114, 12118, 2965]
Loop 795 [21411, 3149, 12026, 2936]
Loop 796 [21560, 3162, 12105, 3005]
Loop 797 [494620, 3046, 485007, 3176]
Loop 798 [22097, 3419, 12190, 2981]
Loop 799 [24136, 3335, 12666, 3025]
Loop 800 [22082, 3377, 12268, 3034]
Loop 801 [21532, 3252, 11973, 2984]
Loop 802 [21387, 3098, 11955, 2978]
Loop 803 [21425, 3137, 12041, 2962]
Loop 804 [22059, 3194, 12305, 3045]
Loop 805 [21545, 3244, 11959, 2999]
Loop 806 [21519, 3119, 12079, 2998]
Loop 807 [21927, 3153, 12314, 3087]
Loop 808 [21552, 3131, 12101, 3002]
Loop 809 [21490, 3105, 12052, 3019]
Loop 810 [21436, 3137, 11968, 2996]
Loop 811 [21180, 3087, 11788, 2939]
Loop 812 [21403, 3122, 12092, 2934]
Loop 813 [21349, 3184, 11858, 2969]
Loop 814 [21486, 3230, 11964, 2974]
Loop 815 [21633, 3216, 12124, 2924]
Loop 816 [21389, 3146, 11980, 2935]
Loop 817 [21691, 3219, 12014, 3062]
Loop 818 [21414, 3216, 11915, 2927]
Loop 819 [21540, 3178, 12032, 2994]
Loop 820 [21576, 3123, 12097, 2969]
Loop 821 [21229, 3102, 11867, 2904]
Loop 822 [21447, 3100, 12007, 2951]
Loop 823 [21457, 3072, 12093, 2947]
Loop 824 [21330, 3064, 11970, 2934]
Loop 825 [21435, 3191, 11975, 2949]
Loop 826 [21538, 3083, 12070, 2971]
Loop 827 [21893, 3162, 12337, 3043]
Loop 828 [21641, 3124, 12106, 2954]
Loop 829 [22288, 3270, 12438, 3069]
Loop 830 [21512, 3142, 11989, 2945]
Loop 831 [21760, 3147, 12194, 3041]
Loop 832 [21493, 3071, 12110, 2991]
Loop 833 [21404, 3126, 12004, 2927]
Loop 834 [21390, 3069, 11985, 2957]
Loop 835 [21390, 3080, 12035, 2903]
Loop 836 [21524, 3125, 12121, 2953]
Loop 837 [21672, 3078, 12132, 3068]
Loop 838 [21415, 3089, 12079, 2923]
Loop 839 [21474, 3168, 12022, 2967]
Loop 840 [484525, 3160, 12177, 465816]
Loop 841 [22998, 4192, 12291, 3005]
Loop 842 [22267, 3229, 12661, 3018]
Loop 843 [22038, 3180, 12202, 3053]
Loop 844 [21929, 3167, 12288, 2984]
Loop 845 [21555, 3211, 11919, 3008]
Loop 846 [21506, 3128, 11968, 3017]
Loop 847 [21211, 3085, 11746, 2945]
Loop 848 [22038, 3258, 12209, 3047]
Loop 849 [21444, 3143, 11950, 3008]
Loop 850 [21605, 3070, 12146, 3009]
Loop 851 [21584, 3138, 12112, 3024]
Loop 852 [21811, 3140, 12245, 3060]
Loop 853 [21394, 3120, 12018, 2925]
Loop 854 [21701, 3197, 12132, 3031]
Loop 855 [21453, 3095, 12006, 2985]
Loop 856 [21512, 3202, 12013, 2961]
Loop 857 [21279, 3111, 11942, 2927]
Loop 858 [21334, 3093, 12025, 2903]
Loop 859 [21273, 3009, 11954, 2938]
Loop 860 [21627, 3169, 12079, 3018]
Loop 861 [21525, 3131, 12048, 2926]
Loop 862 [21796, 3136, 12267, 3022]
Loop 863 [21610, 3162, 12046, 3012]
Loop 864 [21742, 3091, 12299, 2984]
Loop 865 [21578, 3100, 12103, 2956]
Loop 866 [21503, 3211, 11982, 2969]
Loop 867 [21596, 3166, 12023, 2949]
Loop 868 [21561, 3105, 12089, 3038]
Loop 869 [21589, 3097, 12184, 2974]
Loop 870 [21498, 3179, 11971, 3014]
Loop 871 [21297, 3063, 12012, 2897]
Loop 872 [22164, 3118, 12511, 3112]
Loop 873 [21826, 3233, 12206, 3025]
Loop 874 [21373, 3095, 11995, 2974]
Loop 875 [21091, 3042, 11859, 2903]
Loop 876 [21377, 3160, 11937, 2969]
Loop 877 [21265, 3063, 11900, 2969]
Loop 878 [21341, 3084, 11958, 2960]
Loop 879 [21309, 3114, 11808, 3013]
Loop 880 [21459, 3080, 12095, 2929]
Loop 881 [21284, 3102, 11881, 2974]
Loop 882 [22022, 3116, 12406, 3025]
Loop 883 [21592, 3051, 12194, 2975]
Loop 884 [23473, 4030, 12693, 3169]
Loop 885 [21413, 3191, 11895, 2991]
Loop 886 [21439, 3053, 12043, 2990]
Loop 887 [22267, 3240, 12553, 3080]
Loop 888 [22392, 3907, 12178, 2953]
Loop 889 [21574, 3100, 12190, 2947]
Loop 890 [21454, 3173, 12028, 2930]
Loop 891 [21198, 3160, 11852, 2883]
Loop 892 [21417, 3078, 11957, 3028]
Loop 893 [21452, 3128, 12028, 3002]
Loop 894 [21497, 3160, 11955, 3044]
Loop 895 [21496, 3211, 12050, 2923]
Loop 896 [21714, 3010, 12266, 2982]
Loop 897 [21925, 3133, 12421, 3016]
Loop 898 [21401, 3127, 11917, 2959]
Loop 899 [21293, 3069, 11930, 2938]
Loop 900 [21365, 3046, 11984, 2921]
Loop 901 [21448, 3098, 11977, 3007]
Loop 902 [21437, 3138, 11935, 2978]
Loop 903 [22019, 3734, 12003, 2932]
Loop 904 [21501, 3095, 12123, 2939]
Loop 905 [21612, 3131, 12082, 3005]
Loop 906 [21645, 3167, 12194, 2942]
Loop 907 [21889, 3145, 12231, 3038]
Loop 908 [21587, 3118, 12156, 2921]
Loop 909 [21421, 3109, 11960, 3005]
Loop 910 [21485, 3123, 12155, 2925]
Loop 911 [21284, 3076, 11917, 2939]
Loop 912 [22095, 3891, 11971, 2923]
Loop 913 [22154, 3228, 12320, 3095]
Loop 914 [21749, 3298, 12193, 2891]
Loop 915 [21412, 3129, 11889, 3015]
Loop 916 [21434, 3191, 11855, 2969]
Loop 917 [21645, 3155, 12078, 3021]
Loop 918 [21616, 3195, 12089, 2996]
Loop 919 [21384, 3195, 11949, 2929]
Loop 920 [21756, 3175, 12191, 3038]
Loop 921 [21189, 3106, 11833, 2928]
Loop 922 [22355, 3173, 12903, 2964]
Loop 923 [21450, 3189, 11903, 2991]
Loop 924 [21596, 3153, 12163, 2934]
Loop 925 [21262, 3063, 11869, 2985]
Loop 926 [21406, 3176, 11908, 2996]
Loop 927 [56271, 3328, 46014, 3384]
Loop 928 [23459, 3556, 13373, 3009]
Loop 929 [18145, 3229, 8629, 2889]
Loop 930 [18137, 3116, 8869, 2834]
Loop 931 [18119, 2946, 8710, 2909]
Loop 932 [18569, 3114, 9019, 2973]
Loop 933 [17927, 3011, 8623, 2927]
Loop 934 [17578, 3007, 8520, 2796]
Loop 935 [17586, 2938, 8418, 2882]
Loop 936 [17774, 3013, 8671, 2803]
Loop 937 [17788, 2958, 8657, 2825]
Loop 938 [17558, 2948, 8452, 2872]
Loop 939 [18078, 3062, 8664, 2876]
Loop 940 [17620, 3034, 8492, 2828]
Loop 941 [17624, 3009, 8474, 2784]
Loop 942 [17993, 3068, 8735, 2896]
Loop 943 [17712, 2965, 8584, 2848]
Loop 944 [17605, 3008, 8483, 2837]
Loop 945 [17526, 2942, 8476, 2826]
Loop 946 [17617, 2964, 8486, 2888]
Loop 947 [17606, 2985, 8536, 2839]
Loop 948 [17619, 3025, 8460, 2885]
Loop 949 [17718, 3031, 8529, 2886]
Loop 950 [17414, 2874, 8400, 2881]
Loop 951 [17551, 3012, 8477, 2840]
Loop 952 [17566, 3029, 8458, 2825]
Loop 953 [17854, 3046, 8620, 2885]
Loop 954 [17453, 2947, 8344, 2870]
Loop 955 [17347, 2948, 8292, 2849]
Loop 956 [17690, 2907, 8578, 2879]
Loop 957 [17447, 2976, 8359, 2849]
Loop 958 [17689, 2861, 8706, 2865]
Loop 959 [17449, 2929, 8463, 2821]
Loop 960 [18118, 3388, 8618, 2863]
Loop 961 [17492, 2988, 8411, 2796]
Loop 962 [17830, 3025, 8613, 2877]
Loop 963 [17963, 3061, 8709, 2869]
Loop 964 [17457, 2908, 8435, 2834]
Loop 965 [17969, 2971, 8750, 2938]
Loop 966 [17714, 2972, 8636, 2832]
Loop 967 [17909, 2963, 8733, 2910]
Loop 968 [17696, 2940, 8589, 2847]
Loop 969 [17610, 2998, 8502, 2847]
Loop 970 [19124, 3225, 9177, 3100]
Loop 971 [17706, 3020, 8562, 2865]
Loop 972 [17623, 2954, 8444, 2861]
Loop 973 [17349, 3001, 8312, 2771]
Loop 974 [17621, 3042, 8462, 2812]
Loop 975 [17566, 2968, 8462, 2873]
Loop 976 [17634, 2995, 8505, 2808]
Loop 977 [17641, 2984, 8499, 2861]
Loop 978 [17747, 3009, 8631, 2912]
Loop 979 [17855, 3056, 8573, 2887]
Loop 980 [17603, 2897, 8564, 2837]
Loop 981 [17457, 2923, 8409, 2882]
Loop 982 [17721, 3049, 8520, 2878]
Loop 983 [17811, 2971, 8596, 2986]
Loop 984 [17993, 3035, 8684, 2976]
Loop 985 [17655, 3043, 8442, 2910]
Loop 986 [17550, 2942, 8476, 2823]
Loop 987 [17600, 2936, 8527, 2894]
Loop 988 [17450, 2895, 8425, 2881]
Loop 989 [18181, 3075, 8848, 2914]
Loop 990 [17665, 3003, 8414, 2911]
Loop 991 [17503, 2938, 8391, 2858]
Loop 992 [17592, 2870, 8617, 2848]
Loop 993 [17670, 3054, 8482, 2801]
Loop 994 [17905, 2985, 8760, 2880]
Loop 995 [17550, 2905, 8489, 2888]
Loop 996 [17565, 2965, 8507, 2814]
Loop 997 [17435, 2867, 8369, 2913]
Loop 998 [17564, 3016, 8515, 2798]
Loop 999 [21315, 2936, 12163, 2885]
replicas primary file /tmp4096eccache.dat capacity 1024
replicas slave file /tmp4096eccache.datLQL0 capacity 1024
replicas slave file /tmp4096eccache.datLQL1 capacity 1024
replicas slave file /tmp4096eccache.datLQL2 capacity 1024
replicas slave file /tmp4096eccache.datLQL3 capacity 1024
replicas slave file /tmp4096eccache.datLQL4 capacity 1024
