writeECPipeline, filename /tmp4194304eccache.dat, size 4194304, encodingSplitSize 1048576, loop 1000, storageClass 0, locationClass 0, pureMonECSubStripeNum 1, isPureMonEC false
MicroEC Coding Ready

starting benchmark...
CrailConstants.REPLICATION_FACTOR has changed to 5
replicas primary file /tmp4194304eccache.dat capacity 0
replicas slave file /tmp4194304eccache.datLQL0 capacity 0
replicas slave file /tmp4194304eccache.datLQL1 capacity 0
replicas slave file /tmp4194304eccache.datLQL2 capacity 0
replicas slave file /tmp4194304eccache.datLQL3 capacity 0
replicas slave file /tmp4194304eccache.datLQL4 capacity 0
ops 1000
final loop (us) 1809.617
Loop 0 (us) 1843.248
Loop 1 (us) 2161.954
Loop 2 (us) 1971.346
Loop 3 (us) 2182.813
Loop 4 (us) 1925.977
Loop 5 (us) 2141.785
Loop 6 (us) 2174.549
Loop 7 (us) 2001.311
Loop 8 (us) 1930.358
Loop 9 (us) 2033.195
Loop 10 (us) 1737.363
Loop 11 (us) 1990.899
Loop 12 (us) 1850.439
Loop 13 (us) 2286.516
Loop 14 (us) 2117.02
Loop 15 (us) 2293.825
Loop 16 (us) 2126.191
Loop 17 (us) 1987.912
Loop 18 (us) 2179.344
Loop 19 (us) 2287.163
Loop 20 (us) 1751.173
Loop 21 (us) 2175.194
Loop 22 (us) 2216.135
Loop 23 (us) 2118.123
Loop 24 (us) 1777.036
Loop 25 (us) 1937.008
Loop 26 (us) 2237.959
Loop 27 (us) 1906.633
Loop 28 (us) 1750.405
Loop 29 (us) 1807.789
Loop 30 (us) 1804.756
Loop 31 (us) 2236.604
Loop 32 (us) 2313.202
Loop 33 (us) 4512.178
Loop 34 (us) 2334.472
Loop 35 (us) 2077.626
Loop 36 (us) 1940.187
Loop 37 (us) 2123.081
Loop 38 (us) 1998.086
Loop 39 (us) 2228.287
Loop 40 (us) 2381.595
Loop 41 (us) 2016.952
Loop 42 (us) 1756.053
Loop 43 (us) 2209.693
Loop 44 (us) 2079.782
Loop 45 (us) 1727.215
Loop 46 (us) 2201.405
Loop 47 (us) 1916.03
Loop 48 (us) 2404.67
Loop 49 (us) 2143.469
Loop 50 (us) 1870.0
Loop 51 (us) 1847.539
Loop 52 (us) 1839.997
Loop 53 (us) 1866.363
Loop 54 (us) 1895.071
Loop 55 (us) 1754.146
Loop 56 (us) 2371.085
Loop 57 (us) 2080.246
Loop 58 (us) 1909.655
Loop 59 (us) 1780.908
Loop 60 (us) 1791.103
Loop 61 (us) 2321.959
Loop 62 (us) 1988.565
Loop 63 (us) 1837.759
Loop 64 (us) 2148.359
Loop 65 (us) 1957.303
Loop 66 (us) 1975.16
Loop 67 (us) 2341.682
Loop 68 (us) 2134.466
Loop 69 (us) 2341.684
Loop 70 (us) 2291.686
Loop 71 (us) 1983.289
Loop 72 (us) 2275.01
Loop 73 (us) 1766.696
Loop 74 (us) 1744.67
Loop 75 (us) 1974.634
Loop 76 (us) 2378.754
Loop 77 (us) 1909.586
Loop 78 (us) 1817.232
Loop 79 (us) 1759.95
Loop 80 (us) 2298.156
Loop 81 (us) 1937.938
Loop 82 (us) 1782.673
Loop 83 (us) 1740.641
Loop 84 (us) 1802.257
Loop 85 (us) 2049.928
Loop 86 (us) 4826.397
Loop 87 (us) 2221.446
Loop 88 (us) 1928.515
Loop 89 (us) 1939.043
Loop 90 (us) 2309.208
Loop 91 (us) 2344.694
Loop 92 (us) 1902.139
Loop 93 (us) 2081.315
Loop 94 (us) 2074.729
Loop 95 (us) 2315.154
Loop 96 (us) 2070.935
Loop 97 (us) 2411.618
Loop 98 (us) 2384.166
Loop 99 (us) 1731.046
Loop 100 (us) 1811.838
Loop 101 (us) 2359.915
Loop 102 (us) 2275.475
Loop 103 (us) 2281.217
Loop 104 (us) 4200.681
Loop 105 (us) 2271.272
Loop 106 (us) 2292.338
Loop 107 (us) 2033.198
Loop 108 (us) 2297.15
Loop 109 (us) 2063.531
Loop 110 (us) 1855.025
Loop 111 (us) 2205.814
Loop 112 (us) 1990.489
Loop 113 (us) 1854.904
Loop 114 (us) 1891.127
Loop 115 (us) 1784.648
Loop 116 (us) 1806.447
Loop 117 (us) 2338.217
Loop 118 (us) 2000.006
Loop 119 (us) 2011.768
Loop 120 (us) 1908.738
Loop 121 (us) 2162.555
Loop 122 (us) 1903.473
Loop 123 (us) 2169.493
Loop 124 (us) 2176.801
Loop 125 (us) 1877.321
Loop 126 (us) 2284.401
Loop 127 (us) 16702.57
Loop 128 (us) 1926.059
Loop 129 (us) 1728.229
Loop 130 (us) 2005.386
Loop 131 (us) 1947.143
Loop 132 (us) 2281.049
Loop 133 (us) 2016.565
Loop 134 (us) 2677.795
Loop 135 (us) 2170.494
Loop 136 (us) 2181.668
Loop 137 (us) 2372.943
Loop 138 (us) 2289.89
Loop 139 (us) 2301.551
Loop 140 (us) 1819.778
Loop 141 (us) 1950.486
Loop 142 (us) 1872.107
Loop 143 (us) 2171.335
Loop 144 (us) 2002.107
Loop 145 (us) 2269.078
Loop 146 (us) 2251.49
Loop 147 (us) 1926.635
Loop 148 (us) 1998.549
Loop 149 (us) 1903.462
Loop 150 (us) 16523.269
Loop 151 (us) 2134.848
Loop 152 (us) 2316.269
Loop 153 (us) 1869.401
Loop 154 (us) 2126.991
Loop 155 (us) 2083.489
Loop 156 (us) 1853.318
Loop 157 (us) 1760.223
Loop 158 (us) 2063.714
Loop 159 (us) 1923.296
Loop 160 (us) 2277.142
Loop 161 (us) 2215.015
Loop 162 (us) 2019.464
Loop 163 (us) 1871.905
Loop 164 (us) 1912.436
Loop 165 (us) 2122.575
Loop 166 (us) 1760.768
Loop 167 (us) 1938.288
Loop 168 (us) 2280.7
Loop 169 (us) 2037.363
Loop 170 (us) 2730.711
Loop 171 (us) 2250.126
Loop 172 (us) 2184.689
Loop 173 (us) 1748.705
Loop 174 (us) 2314.809
Loop 175 (us) 2278.897
Loop 176 (us) 2284.484
Loop 177 (us) 2131.034
Loop 178 (us) 29547.823
Loop 179 (us) 2266.915
Loop 180 (us) 1803.111
Loop 181 (us) 1736.69
Loop 182 (us) 1767.37
Loop 183 (us) 2188.499
Loop 184 (us) 1859.85
Loop 185 (us) 1963.256
Loop 186 (us) 2280.568
Loop 187 (us) 1764.02
Loop 188 (us) 1993.508
Loop 189 (us) 1975.88
Loop 190 (us) 2102.03
Loop 191 (us) 1936.997
Loop 192 (us) 1860.167
Loop 193 (us) 1932.785
Loop 194 (us) 2125.576
Loop 195 (us) 1893.277
Loop 196 (us) 2042.727
Loop 197 (us) 1790.928
Loop 198 (us) 2312.751
Loop 199 (us) 2301.4
Loop 200 (us) 1861.956
Loop 201 (us) 1890.55
Loop 202 (us) 1889.189
Loop 203 (us) 2351.457
Loop 204 (us) 9811.997
Loop 205 (us) 2096.47
Loop 206 (us) 2167.933
Loop 207 (us) 2353.08
Loop 208 (us) 1835.502
Loop 209 (us) 2252.977
Loop 210 (us) 1879.094
Loop 211 (us) 2285.704
Loop 212 (us) 1984.359
Loop 213 (us) 2343.696
Loop 214 (us) 1900.552
Loop 215 (us) 2012.163
Loop 216 (us) 2194.952
Loop 217 (us) 2402.186
Loop 218 (us) 2294.745
Loop 219 (us) 1780.791
Loop 220 (us) 2148.074
Loop 221 (us) 1796.658
Loop 222 (us) 1958.9
Loop 223 (us) 2177.675
Loop 224 (us) 1882.355
Loop 225 (us) 1953.505
Loop 226 (us) 2058.329
Loop 227 (us) 2164.062
Loop 228 (us) 1819.285
Loop 229 (us) 1859.447
Loop 230 (us) 2160.59
Loop 231 (us) 2780.064
Loop 232 (us) 1766.987
Loop 233 (us) 2102.381
Loop 234 (us) 2081.625
Loop 235 (us) 1767.998
Loop 236 (us) 2347.311
Loop 237 (us) 1906.898
Loop 238 (us) 2030.324
Loop 239 (us) 1845.389
Loop 240 (us) 1875.504
Loop 241 (us) 2116.074
Loop 242 (us) 1845.107
Loop 243 (us) 2263.47
Loop 244 (us) 1790.844
Loop 245 (us) 2181.898
Loop 246 (us) 1739.382
Loop 247 (us) 2323.943
Loop 248 (us) 2058.647
Loop 249 (us) 1816.405
Loop 250 (us) 1820.544
Loop 251 (us) 1993.104
Loop 252 (us) 2292.513
Loop 253 (us) 1888.798
Loop 254 (us) 1886.195
Loop 255 (us) 2354.595
Loop 256 (us) 2149.543
Loop 257 (us) 2293.12
Loop 258 (us) 2034.283
Loop 259 (us) 1785.126
Loop 260 (us) 1732.724
Loop 261 (us) 1947.65
Loop 262 (us) 1840.276
Loop 263 (us) 2249.955
Loop 264 (us) 2036.111
Loop 265 (us) 2119.804
Loop 266 (us) 2006.017
Loop 267 (us) 1809.408
Loop 268 (us) 4413.677
Loop 269 (us) 1964.126
Loop 270 (us) 1844.878
Loop 271 (us) 1832.164
Loop 272 (us) 2094.014
Loop 273 (us) 1920.183
Loop 274 (us) 1936.631
Loop 275 (us) 1910.223
Loop 276 (us) 1814.125
Loop 277 (us) 2080.842
Loop 278 (us) 2270.844
Loop 279 (us) 1777.268
Loop 280 (us) 1965.969
Loop 281 (us) 1907.387
Loop 282 (us) 2431.987
Loop 283 (us) 1730.198
Loop 284 (us) 1714.957
Loop 285 (us) 2317.32
Loop 286 (us) 2303.406
Loop 287 (us) 1782.998
Loop 288 (us) 2332.727
Loop 289 (us) 1915.523
Loop 290 (us) 2078.84
Loop 291 (us) 2014.99
Loop 292 (us) 1776.427
Loop 293 (us) 2070.849
Loop 294 (us) 1936.796
Loop 295 (us) 1951.13
Loop 296 (us) 1853.77
Loop 297 (us) 2396.39
Loop 298 (us) 2302.659
Loop 299 (us) 2321.823
Loop 300 (us) 1743.765
Loop 301 (us) 1714.169
Loop 302 (us) 1953.078
Loop 303 (us) 1844.007
Loop 304 (us) 1838.252
Loop 305 (us) 2064.183
Loop 306 (us) 1846.96
Loop 307 (us) 1874.879
Loop 308 (us) 1871.862
Loop 309 (us) 1963.444
Loop 310 (us) 2122.781
Loop 311 (us) 2291.308
Loop 312 (us) 2025.051
Loop 313 (us) 28842.557
Loop 314 (us) 2269.041
Loop 315 (us) 2372.365
Loop 316 (us) 1830.578
Loop 317 (us) 2267.126
Loop 318 (us) 2308.196
Loop 319 (us) 2181.189
Loop 320 (us) 1824.35
Loop 321 (us) 1976.93
Loop 322 (us) 1924.418
Loop 323 (us) 2031.995
Loop 324 (us) 2166.921
Loop 325 (us) 2077.817
Loop 326 (us) 1998.376
Loop 327 (us) 1898.385
Loop 328 (us) 2062.928
Loop 329 (us) 1981.851
Loop 330 (us) 2013.873
Loop 331 (us) 2362.2
Loop 332 (us) 2299.315
Loop 333 (us) 2129.77
Loop 334 (us) 1915.742
Loop 335 (us) 2085.709
Loop 336 (us) 1916.237
Loop 337 (us) 1818.135
Loop 338 (us) 1789.255
Loop 339 (us) 1861.772
Loop 340 (us) 2115.733
Loop 341 (us) 2315.583
Loop 342 (us) 1715.814
Loop 343 (us) 1996.089
Loop 344 (us) 1871.364
Loop 345 (us) 1903.644
Loop 346 (us) 1828.338
Loop 347 (us) 1714.361
Loop 348 (us) 1712.965
Loop 349 (us) 2235.835
Loop 350 (us) 2289.872
Loop 351 (us) 2189.187
Loop 352 (us) 35697.448
Loop 353 (us) 1886.302
Loop 354 (us) 2129.314
Loop 355 (us) 2122.307
Loop 356 (us) 2309.224
Loop 357 (us) 1831.205
Loop 358 (us) 2262.653
Loop 359 (us) 1889.019
Loop 360 (us) 1777.819
Loop 361 (us) 2117.245
Loop 362 (us) 1858.138
Loop 363 (us) 1886.834
Loop 364 (us) 2209.013
Loop 365 (us) 1855.276
Loop 366 (us) 1903.557
Loop 367 (us) 2121.545
Loop 368 (us) 2077.709
Loop 369 (us) 2184.605
Loop 370 (us) 1829.461
Loop 371 (us) 1969.698
Loop 372 (us) 2022.14
Loop 373 (us) 2033.562
Loop 374 (us) 1864.834
Loop 375 (us) 1886.708
Loop 376 (us) 2039.893
Loop 377 (us) 1891.738
Loop 378 (us) 1903.768
Loop 379 (us) 1974.113
Loop 380 (us) 2292.873
Loop 381 (us) 1963.392
Loop 382 (us) 1886.842
Loop 383 (us) 2280.465
Loop 384 (us) 2344.277
Loop 385 (us) 2282.146
Loop 386 (us) 2281.088
Loop 387 (us) 2273.018
Loop 388 (us) 1776.856
Loop 389 (us) 2167.707
Loop 390 (us) 1787.404
Loop 391 (us) 1967.527
Loop 392 (us) 2189.117
Loop 393 (us) 1733.342
Loop 394 (us) 2329.846
Loop 395 (us) 3231.672
Loop 396 (us) 2199.217
Loop 397 (us) 1790.449
Loop 398 (us) 1719.266
Loop 399 (us) 2114.717
Loop 400 (us) 2308.765
Loop 401 (us) 1861.285
Loop 402 (us) 1809.393
Loop 403 (us) 2171.014
Loop 404 (us) 1873.087
Loop 405 (us) 2242.656
Loop 406 (us) 1943.474
Loop 407 (us) 2160.224
Loop 408 (us) 2166.644
Loop 409 (us) 1768.827
Loop 410 (us) 2026.378
Loop 411 (us) 1967.386
Loop 412 (us) 2283.872
Loop 413 (us) 2178.77
Loop 414 (us) 2032.27
Loop 415 (us) 1956.704
Loop 416 (us) 1729.861
Loop 417 (us) 1745.851
Loop 418 (us) 1738.869
Loop 419 (us) 2150.705
Loop 420 (us) 2278.248
Loop 421 (us) 2176.533
Loop 422 (us) 2320.259
Loop 423 (us) 2049.564
Loop 424 (us) 2148.098
Loop 425 (us) 2355.309
Loop 426 (us) 2005.387
Loop 427 (us) 1918.122
Loop 428 (us) 2059.294
Loop 429 (us) 2088.847
Loop 430 (us) 2271.752
Loop 431 (us) 1772.716
Loop 432 (us) 1792.607
Loop 433 (us) 2176.389
Loop 434 (us) 2152.463
Loop 435 (us) 1893.269
Loop 436 (us) 2246.124
Loop 437 (us) 1918.923
Loop 438 (us) 1976.364
Loop 439 (us) 2067.47
Loop 440 (us) 1781.316
Loop 441 (us) 1869.591
Loop 442 (us) 1721.826
Loop 443 (us) 2800.885
Loop 444 (us) 2111.127
Loop 445 (us) 1914.282
Loop 446 (us) 2359.766
Loop 447 (us) 1927.071
Loop 448 (us) 2001.842
Loop 449 (us) 2157.321
Loop 450 (us) 2273.708
Loop 451 (us) 1936.445
Loop 452 (us) 2336.237
Loop 453 (us) 1780.921
Loop 454 (us) 1946.732
Loop 455 (us) 1835.862
Loop 456 (us) 1823.176
Loop 457 (us) 2271.041
Loop 458 (us) 1748.055
Loop 459 (us) 1711.038
Loop 460 (us) 2957.527
Loop 461 (us) 2348.55
Loop 462 (us) 2309.773
Loop 463 (us) 1946.322
Loop 464 (us) 1900.44
Loop 465 (us) 1843.175
Loop 466 (us) 1783.381
Loop 467 (us) 2372.325
Loop 468 (us) 2038.952
Loop 469 (us) 1786.068
Loop 470 (us) 1737.767
Loop 471 (us) 2095.745
Loop 472 (us) 1911.403
Loop 473 (us) 1902.679
Loop 474 (us) 1762.66
Loop 475 (us) 2123.106
Loop 476 (us) 7267.74
Loop 477 (us) 1897.157
Loop 478 (us) 1772.742
Loop 479 (us) 2180.624
Loop 480 (us) 2068.001
Loop 481 (us) 2007.032
Loop 482 (us) 1904.376
Loop 483 (us) 2272.084
Loop 484 (us) 1886.763
Loop 485 (us) 2163.422
Loop 486 (us) 2048.475
Loop 487 (us) 2175.633
Loop 488 (us) 2336.48
Loop 489 (us) 1820.749
Loop 490 (us) 1952.677
Loop 491 (us) 2163.553
Loop 492 (us) 2341.958
Loop 493 (us) 1897.042
Loop 494 (us) 2339.882
Loop 495 (us) 15644.66
Loop 496 (us) 2286.565
Loop 497 (us) 2054.739
Loop 498 (us) 1944.794
Loop 499 (us) 2003.358
Loop 500 (us) 1936.654
Loop 501 (us) 1789.292
Loop 502 (us) 2384.691
Loop 503 (us) 2036.771
Loop 504 (us) 2035.716
Loop 505 (us) 2282.241
Loop 506 (us) 2069.707
Loop 507 (us) 1915.904
Loop 508 (us) 1733.413
Loop 509 (us) 1768.918
Loop 510 (us) 1798.226
Loop 511 (us) 1881.305
Loop 512 (us) 2286.711
Loop 513 (us) 1884.578
Loop 514 (us) 1887.763
Loop 515 (us) 1763.875
Loop 516 (us) 2418.592
Loop 517 (us) 1779.334
Loop 518 (us) 2174.179
Loop 519 (us) 1753.409
Loop 520 (us) 1808.974
Loop 521 (us) 1899.19
Loop 522 (us) 1805.844
Loop 523 (us) 2124.969
Loop 524 (us) 2032.761
Loop 525 (us) 2096.117
Loop 526 (us) 1826.239
Loop 527 (us) 1843.089
Loop 528 (us) 2249.395
Loop 529 (us) 1825.231
Loop 530 (us) 1854.186
Loop 531 (us) 1824.581
Loop 532 (us) 2287.134
Loop 533 (us) 2343.238
Loop 534 (us) 1908.375
Loop 535 (us) 1716.053
Loop 536 (us) 1983.936
Loop 537 (us) 1854.892
Loop 538 (us) 1936.117
Loop 539 (us) 1860.969
Loop 540 (us) 1748.545
Loop 541 (us) 1905.33
Loop 542 (us) 1973.951
Loop 543 (us) 2134.623
Loop 544 (us) 1997.967
Loop 545 (us) 2272.394
Loop 546 (us) 2029.206
Loop 547 (us) 1946.535
Loop 548 (us) 2037.043
Loop 549 (us) 1770.045
Loop 550 (us) 2008.368
Loop 551 (us) 1954.635
Loop 552 (us) 1825.814
Loop 553 (us) 1814.579
Loop 554 (us) 1909.243
Loop 555 (us) 2052.262
Loop 556 (us) 1846.313
Loop 557 (us) 1956.922
Loop 558 (us) 2126.86
Loop 559 (us) 1876.903
Loop 560 (us) 1882.691
Loop 561 (us) 1854.379
Loop 562 (us) 21657.094
Loop 563 (us) 2261.238
Loop 564 (us) 2171.719
Loop 565 (us) 2245.815
Loop 566 (us) 2287.604
Loop 567 (us) 2277.567
Loop 568 (us) 1822.403
Loop 569 (us) 1857.167
Loop 570 (us) 1897.26
Loop 571 (us) 2225.11
Loop 572 (us) 2194.739
Loop 573 (us) 1786.391
Loop 574 (us) 1986.169
Loop 575 (us) 1908.709
Loop 576 (us) 1810.509
Loop 577 (us) 1985.259
Loop 578 (us) 2070.927
Loop 579 (us) 2078.819
Loop 580 (us) 1720.507
Loop 581 (us) 2045.776
Loop 582 (us) 2016.047
Loop 583 (us) 1999.449
Loop 584 (us) 1918.698
Loop 585 (us) 1737.504
Loop 586 (us) 2051.638
Loop 587 (us) 1838.378
Loop 588 (us) 1866.667
Loop 589 (us) 1894.127
Loop 590 (us) 2322.671
Loop 591 (us) 2147.523
Loop 592 (us) 2271.479
Loop 593 (us) 1736.602
Loop 594 (us) 2237.778
Loop 595 (us) 1904.957
Loop 596 (us) 1734.606
Loop 597 (us) 2167.682
Loop 598 (us) 2264.822
Loop 599 (us) 2157.923
Loop 600 (us) 2326.963
Loop 601 (us) 1886.073
Loop 602 (us) 1737.281
Loop 603 (us) 2002.633
Loop 604 (us) 2081.188
Loop 605 (us) 1906.017
Loop 606 (us) 2218.132
Loop 607 (us) 1850.764
Loop 608 (us) 2057.521
Loop 609 (us) 1857.446
Loop 610 (us) 1995.519
Loop 611 (us) 1730.581
Loop 612 (us) 1814.696
Loop 613 (us) 2336.327
Loop 614 (us) 1853.696
Loop 615 (us) 2272.209
Loop 616 (us) 1731.112
Loop 617 (us) 1723.399
Loop 618 (us) 2105.047
Loop 619 (us) 1913.862
Loop 620 (us) 2063.367
Loop 621 (us) 1844.927
Loop 622 (us) 1991.118
Loop 623 (us) 1781.948
Loop 624 (us) 2170.172
Loop 625 (us) 2323.481
Loop 626 (us) 1900.537
Loop 627 (us) 1932.557
Loop 628 (us) 2155.295
Loop 629 (us) 2012.024
Loop 630 (us) 1847.151
Loop 631 (us) 2144.826
Loop 632 (us) 2249.734
Loop 633 (us) 2169.087
Loop 634 (us) 2269.302
Loop 635 (us) 1912.234
Loop 636 (us) 23175.692
Loop 637 (us) 2260.779
Loop 638 (us) 2179.112
Loop 639 (us) 2142.463
Loop 640 (us) 1843.202
Loop 641 (us) 1901.991
Loop 642 (us) 2132.0
Loop 643 (us) 2091.295
Loop 644 (us) 2087.474
Loop 645 (us) 1912.521
Loop 646 (us) 2094.764
Loop 647 (us) 2358.561
Loop 648 (us) 2269.803
Loop 649 (us) 1973.179
Loop 650 (us) 1920.762
Loop 651 (us) 1881.892
Loop 652 (us) 1759.515
Loop 653 (us) 1747.666
Loop 654 (us) 2039.356
Loop 655 (us) 1971.789
Loop 656 (us) 2022.533
Loop 657 (us) 1769.612
Loop 658 (us) 2164.32
Loop 659 (us) 1763.688
Loop 660 (us) 1967.085
Loop 661 (us) 2014.836
Loop 662 (us) 1742.314
Loop 663 (us) 2119.115
Loop 664 (us) 1733.37
Loop 665 (us) 1964.447
Loop 666 (us) 1959.194
Loop 667 (us) 1902.344
Loop 668 (us) 1851.028
Loop 669 (us) 2352.802
Loop 670 (us) 2262.508
Loop 671 (us) 2262.228
Loop 672 (us) 2366.385
Loop 673 (us) 2070.905
Loop 674 (us) 2014.974
Loop 675 (us) 1854.253
Loop 676 (us) 1903.813
Loop 677 (us) 2045.43
Loop 678 (us) 1874.524
Loop 679 (us) 2141.69
Loop 680 (us) 2245.803
Loop 681 (us) 2052.256
Loop 682 (us) 2091.121
Loop 683 (us) 1894.508
Loop 684 (us) 1763.919
Loop 685 (us) 1733.382
Loop 686 (us) 2156.277
Loop 687 (us) 2136.921
Loop 688 (us) 2100.824
Loop 689 (us) 2074.59
Loop 690 (us) 1989.769
Loop 691 (us) 2150.991
Loop 692 (us) 1880.636
Loop 693 (us) 2126.167
Loop 694 (us) 1949.423
Loop 695 (us) 1831.487
Loop 696 (us) 1881.531
Loop 697 (us) 2054.13
Loop 698 (us) 2102.359
Loop 699 (us) 2175.718
Loop 700 (us) 2065.988
Loop 701 (us) 2182.013
Loop 702 (us) 1856.145
Loop 703 (us) 1826.576
Loop 704 (us) 1825.058
Loop 705 (us) 2253.922
Loop 706 (us) 2164.386
Loop 707 (us) 2309.217
Loop 708 (us) 1842.6
Loop 709 (us) 2243.431
Loop 710 (us) 2256.265
Loop 711 (us) 1826.565
Loop 712 (us) 2252.195
Loop 713 (us) 1735.487
Loop 714 (us) 1849.786
Loop 715 (us) 1803.716
Loop 716 (us) 1765.049
Loop 717 (us) 2163.787
Loop 718 (us) 1846.178
Loop 719 (us) 1840.616
Loop 720 (us) 1731.449
Loop 721 (us) 1961.042
Loop 722 (us) 2056.175
Loop 723 (us) 2025.485
Loop 724 (us) 23751.703
Loop 725 (us) 1864.861
Loop 726 (us) 1914.563
Loop 727 (us) 1820.922
Loop 728 (us) 1795.729
Loop 729 (us) 1792.021
Loop 730 (us) 1724.128
Loop 731 (us) 2185.031
Loop 732 (us) 1721.517
Loop 733 (us) 1772.51
Loop 734 (us) 1822.521
Loop 735 (us) 1921.131
Loop 736 (us) 1968.019
Loop 737 (us) 1860.287
Loop 738 (us) 1912.214
Loop 739 (us) 1997.095
Loop 740 (us) 1769.836
Loop 741 (us) 1718.506
Loop 742 (us) 2314.498
Loop 743 (us) 2253.615
Loop 744 (us) 2289.994
Loop 745 (us) 2325.347
Loop 746 (us) 2189.941
Loop 747 (us) 2324.036
Loop 748 (us) 1754.869
Loop 749 (us) 2220.577
Loop 750 (us) 1906.311
Loop 751 (us) 2030.239
Loop 752 (us) 2050.675
Loop 753 (us) 1874.172
Loop 754 (us) 1836.925
Loop 755 (us) 2092.08
Loop 756 (us) 1941.196
Loop 757 (us) 1794.896
Loop 758 (us) 2067.887
Loop 759 (us) 1916.477
Loop 760 (us) 1763.083
Loop 761 (us) 2181.72
Loop 762 (us) 1979.648
Loop 763 (us) 2040.712
Loop 764 (us) 1979.448
Loop 765 (us) 2023.691
Loop 766 (us) 2181.142
Loop 767 (us) 1928.959
Loop 768 (us) 1782.812
Loop 769 (us) 1714.861
Loop 770 (us) 1983.828
Loop 771 (us) 2036.143
Loop 772 (us) 1864.442
Loop 773 (us) 1894.056
Loop 774 (us) 1723.921
Loop 775 (us) 1694.371
Loop 776 (us) 1998.964
Loop 777 (us) 2277.773
Loop 778 (us) 2363.723
Loop 779 (us) 1950.007
Loop 780 (us) 2226.28
Loop 781 (us) 2158.328
Loop 782 (us) 1769.01
Loop 783 (us) 2251.656
Loop 784 (us) 1950.323
Loop 785 (us) 2268.429
Loop 786 (us) 2264.352
Loop 787 (us) 1883.721
Loop 788 (us) 1972.838
Loop 789 (us) 1891.554
Loop 790 (us) 1818.195
Loop 791 (us) 2340.202
Loop 792 (us) 2067.068
Loop 793 (us) 2016.437
Loop 794 (us) 2018.06
Loop 795 (us) 29266.139
Loop 796 (us) 1822.346
Loop 797 (us) 2244.912
Loop 798 (us) 1923.908
Loop 799 (us) 2096.335
Loop 800 (us) 1864.237
Loop 801 (us) 2021.731
Loop 802 (us) 1803.971
Loop 803 (us) 1874.383
Loop 804 (us) 1895.452
Loop 805 (us) 1727.689
Loop 806 (us) 2000.359
Loop 807 (us) 1733.344
Loop 808 (us) 2288.873
Loop 809 (us) 1825.08
Loop 810 (us) 1993.558
Loop 811 (us) 2362.77
Loop 812 (us) 1842.334
Loop 813 (us) 2232.112
Loop 814 (us) 1869.358
Loop 815 (us) 2029.019
Loop 816 (us) 2264.125
Loop 817 (us) 2073.694
Loop 818 (us) 2298.175
Loop 819 (us) 2273.418
Loop 820 (us) 1768.414
Loop 821 (us) 2003.741
Loop 822 (us) 2084.136
Loop 823 (us) 1754.663
Loop 824 (us) 2170.578
Loop 825 (us) 1845.33
Loop 826 (us) 1876.613
Loop 827 (us) 1817.928
Loop 828 (us) 1850.362
Loop 829 (us) 2284.02
Loop 830 (us) 1876.605
Loop 831 (us) 1994.917
Loop 832 (us) 1831.061
Loop 833 (us) 1974.91
Loop 834 (us) 1982.655
Loop 835 (us) 2139.472
Loop 836 (us) 2321.861
Loop 837 (us) 2076.105
Loop 838 (us) 1834.281
Loop 839 (us) 1922.533
Loop 840 (us) 2013.03
Loop 841 (us) 2042.198
Loop 842 (us) 2267.348
Loop 843 (us) 1807.486
Loop 844 (us) 2024.611
Loop 845 (us) 1809.373
Loop 846 (us) 2109.537
Loop 847 (us) 1738.93
Loop 848 (us) 2330.615
Loop 849 (us) 2261.14
Loop 850 (us) 1782.523
Loop 851 (us) 2026.065
Loop 852 (us) 2277.909
Loop 853 (us) 2267.208
Loop 854 (us) 2265.6
Loop 855 (us) 1738.033
Loop 856 (us) 1987.077
Loop 857 (us) 1871.189
Loop 858 (us) 1875.599
Loop 859 (us) 1862.617
Loop 860 (us) 1884.789
Loop 861 (us) 2248.669
Loop 862 (us) 1824.873
Loop 863 (us) 1936.098
Loop 864 (us) 1762.558
Loop 865 (us) 2133.375
Loop 866 (us) 2024.692
Loop 867 (us) 2280.923
Loop 868 (us) 1994.947
Loop 869 (us) 1803.77
Loop 870 (us) 1883.55
Loop 871 (us) 2203.797
Loop 872 (us) 1720.038
Loop 873 (us) 3734.512
Loop 874 (us) 2050.273
Loop 875 (us) 2224.301
Loop 876 (us) 1868.516
Loop 877 (us) 1999.929
Loop 878 (us) 2036.171
Loop 879 (us) 1783.895
Loop 880 (us) 1833.137
Loop 881 (us) 1768.855
Loop 882 (us) 2164.594
Loop 883 (us) 2148.561
Loop 884 (us) 2207.138
Loop 885 (us) 2079.111
Loop 886 (us) 2233.649
Loop 887 (us) 2172.571
Loop 888 (us) 2174.294
Loop 889 (us) 2350.798
Loop 890 (us) 1902.863
Loop 891 (us) 1852.081
Loop 892 (us) 1806.079
Loop 893 (us) 1791.416
Loop 894 (us) 1961.886
Loop 895 (us) 1907.029
Loop 896 (us) 2213.843
Loop 897 (us) 1910.369
Loop 898 (us) 1734.929
Loop 899 (us) 2346.694
Loop 900 (us) 2281.118
Loop 901 (us) 2153.319
Loop 902 (us) 1793.197
Loop 903 (us) 1975.149
Loop 904 (us) 2058.017
Loop 905 (us) 2013.619
Loop 906 (us) 1884.878
Loop 907 (us) 2140.855
Loop 908 (us) 1840.396
Loop 909 (us) 2135.294
Loop 910 (us) 1744.871
Loop 911 (us) 2237.592
Loop 912 (us) 2025.855
Loop 913 (us) 2071.065
Loop 914 (us) 2383.983
Loop 915 (us) 2115.394
Loop 916 (us) 2381.376
Loop 917 (us) 1824.652
Loop 918 (us) 1864.501
Loop 919 (us) 2241.407
Loop 920 (us) 1839.353
Loop 921 (us) 1838.129
Loop 922 (us) 1843.743
Loop 923 (us) 1804.051
Loop 924 (us) 2234.398
Loop 925 (us) 2294.44
Loop 926 (us) 2184.999
Loop 927 (us) 2119.791
Loop 928 (us) 1889.271
Loop 929 (us) 1892.907
Loop 930 (us) 1821.697
Loop 931 (us) 1834.804
Loop 932 (us) 2099.668
Loop 933 (us) 2173.789
Loop 934 (us) 1766.761
Loop 935 (us) 1963.086
Loop 936 (us) 2078.777
Loop 937 (us) 2293.45
Loop 938 (us) 1898.501
Loop 939 (us) 2333.602
Loop 940 (us) 1972.779
Loop 941 (us) 2137.18
Loop 942 (us) 2146.086
Loop 943 (us) 1873.913
Loop 944 (us) 2323.214
Loop 945 (us) 2119.608
Loop 946 (us) 1874.141
Loop 947 (us) 1777.661
Loop 948 (us) 1765.171
Loop 949 (us) 1782.185
Loop 950 (us) 1810.399
Loop 951 (us) 2225.829
Loop 952 (us) 1885.164
Loop 953 (us) 1982.329
Loop 954 (us) 2269.476
Loop 955 (us) 2016.937
Loop 956 (us) 2289.796
Loop 957 (us) 2169.33
Loop 958 (us) 4786.811
Loop 959 (us) 2243.936
Loop 960 (us) 1937.15
Loop 961 (us) 1827.172
Loop 962 (us) 2297.094
Loop 963 (us) 2049.187
Loop 964 (us) 2254.279
Loop 965 (us) 1909.345
Loop 966 (us) 1779.697
Loop 967 (us) 2178.551
Loop 968 (us) 2115.637
Loop 969 (us) 2320.93
Loop 970 (us) 2343.377
Loop 971 (us) 2315.432
Loop 972 (us) 1981.539
Loop 973 (us) 1738.879
Loop 974 (us) 1800.1
Loop 975 (us) 2109.256
Loop 976 (us) 2146.575
Loop 977 (us) 1805.563
Loop 978 (us) 2352.471
Loop 979 (us) 1859.766
Loop 980 (us) 1909.036
Loop 981 (us) 1945.368
Loop 982 (us) 1997.855
Loop 983 (us) 1883.166
Loop 984 (us) 1994.992
Loop 985 (us) 1913.617
Loop 986 (us) 2371.53
Loop 987 (us) 1884.352
Loop 988 (us) 2007.528
Loop 989 (us) 2285.721
Loop 990 (us) 2156.591
Loop 991 (us) 1744.556
Loop 992 (us) 2920.856
Loop 993 (us) 2163.893
Loop 994 (us) 2337.793
Loop 995 (us) 2264.313
Loop 996 (us) 1897.69
Loop 997 (us) 2027.468
Loop 998 (us) 1851.492
Loop 999 (us) 1809.617
Warmup times 0
avgLoopLatency(us) 2272.579779
iops 440.0285566388471
variance 2317.5639484080634
Loop 0 [1843248, 820837, 63497, 930409]
Loop 1 [2161954, 1159925, 43244, 938467]
Loop 2 [1971346, 912426, 57243, 930105]
Loop 3 [2182813, 1173328, 58507, 933360]
Loop 4 [1925977, 900034, 52783, 952013]
Loop 5 [2141785, 1119103, 71580, 929861]
Loop 6 [2174549, 1162161, 69295, 923115]
Loop 7 [2001311, 959141, 58960, 967134]
Loop 8 [1930358, 908541, 59978, 941893]
Loop 9 [2033195, 1022036, 57427, 935203]
Loop 10 [1737363, 728699, 45957, 947915]
Loop 11 [1990899, 972586, 81697, 922704]
Loop 12 [1850439, 827150, 63532, 941146]
Loop 13 [2286516, 1276598, 60902, 930212]
Loop 14 [2117020, 1099388, 78359, 922524]
Loop 15 [2293825, 1273882, 73063, 924889]
Loop 16 [2126191, 1115093, 66161, 926245]
Loop 17 [1987912, 967523, 57948, 946567]
Loop 18 [2179344, 1162707, 73201, 925604]
Loop 19 [2287163, 1267894, 71233, 929436]
Loop 20 [1751173, 750354, 53811, 932533]
Loop 21 [2175194, 1164672, 64183, 928468]
Loop 22 [2216135, 1192872, 75412, 924870]
Loop 23 [2118123, 1101648, 69161, 928835]
Loop 24 [1777036, 761674, 48509, 936196]
Loop 25 [1937008, 931849, 55981, 932717]
Loop 26 [2237959, 1225007, 74738, 923520]
Loop 27 [1906633, 888990, 43791, 953862]
Loop 28 [1750405, 752428, 54561, 928694]
Loop 29 [1807789, 795229, 44401, 952336]
Loop 30 [1804756, 802012, 47151, 941491]
Loop 31 [2236604, 1219558, 75603, 925544]
Loop 32 [2313202, 1302988, 62318, 930566]
Loop 33 [4512178, 3254132, 292338, 892306]
Loop 34 [2334472, 1317472, 88857, 908959]
Loop 35 [2077626, 1054468, 85977, 920570]
Loop 36 [1940187, 918607, 69640, 934226]
Loop 37 [2123081, 1076236, 71357, 959165]
Loop 38 [1998086, 981634, 79385, 918417]
Loop 39 [2228287, 1210706, 72846, 929307]
Loop 40 [2381595, 1359727, 94500, 911504]
Loop 41 [2016952, 1001006, 91898, 905086]
Loop 42 [1756053, 752983, 58947, 930023]
Loop 43 [2209693, 1196806, 76177, 923273]
Loop 44 [2079782, 1067129, 75025, 913590]
Loop 45 [1727215, 719453, 63887, 930134]
Loop 46 [2201405, 1182450, 93508, 907729]
Loop 47 [1916030, 891495, 67836, 937624]
Loop 48 [2404670, 1384964, 99833, 904338]
Loop 49 [2143469, 1122420, 151095, 850082]
Loop 50 [1870000, 846142, 77032, 927302]
Loop 51 [1847539, 832158, 75219, 921964]
Loop 52 [1839997, 819827, 74485, 927540]
Loop 53 [1866363, 850670, 76632, 920244]
Loop 54 [1895071, 875802, 64857, 936460]
Loop 55 [1754146, 748116, 59360, 932311]
Loop 56 [2371085, 1352678, 89198, 914739]
Loop 57 [2080246, 1060217, 97247, 903697]
Loop 58 [1909655, 890513, 59169, 941781]
Loop 59 [1780908, 776632, 65365, 923000]
Loop 60 [1791103, 767715, 61518, 948314]
Loop 61 [2321959, 1305034, 89298, 910105]
Loop 62 [1988565, 913040, 66843, 989713]
Loop 63 [1837759, 823623, 75335, 921387]
Loop 64 [2148359, 1124719, 130010, 876126]
Loop 65 [1957303, 859735, 246032, 793069]
Loop 66 [1975160, 894839, 149295, 910115]
Loop 67 [2341682, 1296311, 103477, 919644]
Loop 68 [2134466, 1109749, 67558, 938534]
Loop 69 [2341684, 1292814, 74564, 956069]
Loop 70 [2291686, 1279412, 61818, 930709]
Loop 71 [1983289, 965108, 69052, 931375]
Loop 72 [2275010, 1263991, 63321, 928722]
Loop 73 [1766696, 757191, 43304, 952015]
Loop 74 [1744670, 743477, 42472, 943843]
Loop 75 [1974634, 922104, 54460, 934552]
Loop 76 [2378754, 1361439, 74651, 925331]
Loop 77 [1909586, 888443, 47403, 951708]
Loop 78 [1817232, 801262, 64898, 933442]
Loop 79 [1759950, 750586, 44808, 949841]
Loop 80 [2298156, 1287616, 67454, 926336]
Loop 81 [1937938, 930615, 54524, 933632]
Loop 82 [1782673, 735664, 61048, 938116]
Loop 83 [1740641, 739992, 46439, 939301]
Loop 84 [1802257, 794095, 62605, 931853]
Loop 85 [2049928, 1018081, 64928, 916243]
Loop 86 [4826397, 3455872, 433802, 652037]
Loop 87 [2221446, 1134019, 129097, 887111]
Loop 88 [1928515, 832211, 184355, 892748]
Loop 89 [1939043, 876197, 131931, 911791]
Loop 90 [2309208, 1301327, 60270, 928083]
Loop 91 [2344694, 1331171, 68997, 924167]
Loop 92 [1902139, 883948, 48495, 951079]
Loop 93 [2081315, 1057369, 116869, 892107]
Loop 94 [2074729, 1045024, 121129, 891001]
Loop 95 [2315154, 1309628, 62539, 927964]
Loop 96 [2070935, 1063783, 58392, 930045]
Loop 97 [2411618, 1361670, 137975, 898036]
Loop 98 [2384166, 1264095, 209452, 884522]
Loop 99 [1731046, 726280, 48384, 940789]
Loop 100 [1811838, 783661, 92643, 922042]
Loop 101 [2359915, 1336783, 120541, 887706]
Loop 102 [2275475, 1266723, 62195, 928087]
Loop 103 [2281217, 1277829, 55339, 931184]
Loop 104 [4200681, 3084426, 186304, 875029]
Loop 105 [2271272, 1257886, 62934, 927979]
Loop 106 [2292338, 1267708, 108954, 895013]
Loop 107 [2033198, 1021535, 50881, 946796]
Loop 108 [2297150, 1291135, 55796, 932433]
Loop 109 [2063531, 1043524, 47696, 955008]
Loop 110 [1855025, 842661, 97950, 896533]
Loop 111 [2205814, 1148635, 123588, 901602]
Loop 112 [1990489, 978142, 51042, 947767]
Loop 113 [1854904, 848941, 50979, 939454]
Loop 114 [1891127, 880073, 44061, 949721]
Loop 115 [1784648, 776047, 45800, 949270]
Loop 116 [1806447, 791968, 48019, 934625]
Loop 117 [2338217, 1330576, 60308, 931769]
Loop 118 [2000006, 936240, 77717, 929975]
Loop 119 [2011768, 961260, 92960, 926038]
Loop 120 [1908738, 889397, 72448, 928558]
Loop 121 [2162555, 1137363, 61600, 948037]
Loop 122 [1903473, 902312, 43102, 940939]
Loop 123 [2169493, 1168834, 55309, 931806]
Loop 124 [2176801, 1153524, 62726, 938244]
Loop 125 [1877321, 861825, 53195, 944192]
Loop 126 [2284401, 1279728, 52827, 932664]
Loop 127 [16702570, 15510531, 285502, 831648]
Loop 128 [1926059, 886112, 89853, 912684]
Loop 129 [1728229, 731612, 45042, 937888]
Loop 130 [2005386, 1006303, 63367, 922860]
Loop 131 [1947143, 937002, 63247, 927088]
Loop 132 [2281049, 1273941, 57023, 930505]
Loop 133 [2016565, 1006162, 47800, 948561]
Loop 134 [2677795, 872749, 860558, 927562]
Loop 135 [2170494, 1160949, 57517, 936667]
Loop 136 [2181668, 1177880, 59133, 929730]
Loop 137 [2372943, 1336334, 129870, 890970]
Loop 138 [2289890, 1285494, 55536, 931685]
Loop 139 [2301551, 1292569, 55743, 933249]
Loop 140 [1819778, 816713, 46224, 940051]
Loop 141 [1950486, 902468, 55349, 940966]
Loop 142 [1872107, 859267, 45916, 948872]
Loop 143 [2171335, 1166673, 60651, 929029]
Loop 144 [2002107, 999088, 57480, 929771]
Loop 145 [2269078, 1259964, 57832, 934461]
Loop 146 [2251490, 1243605, 56785, 932818]
Loop 147 [1926635, 867571, 114970, 924258]
Loop 148 [1998549, 992564, 60060, 929864]
Loop 149 [1903462, 870817, 70106, 945727]
Loop 150 [16523269, 15444545, 99047, 921310]
Loop 151 [2134848, 1126267, 64868, 917047]
Loop 152 [2316269, 1312612, 56575, 931467]
Loop 153 [1869401, 862381, 48932, 942587]
Loop 154 [2126991, 1118249, 62259, 928174]
Loop 155 [2083489, 1065029, 110571, 890943]
Loop 156 [1853318, 851565, 62622, 925357]
Loop 157 [1760223, 750211, 49440, 945157]
Loop 158 [2063714, 1045098, 56228, 948147]
Loop 159 [1923296, 915849, 56592, 933713]
Loop 160 [2277142, 1270239, 57063, 930780]
Loop 161 [2215015, 1173525, 134015, 891528]
Loop 162 [2019464, 959173, 139459, 906817]
Loop 163 [1871905, 836017, 98391, 919979]
Loop 164 [1912436, 901680, 57812, 935735]
Loop 165 [2122575, 1119764, 59455, 928515]
Loop 166 [1760768, 718868, 109091, 915419]
Loop 167 [1938288, 926583, 44948, 952401]
Loop 168 [2280700, 1267853, 55336, 939373]
Loop 169 [2037363, 1035326, 60280, 924318]
Loop 170 [2730711, 1013598, 169112, 896159]
Loop 171 [2250126, 1243612, 59072, 928051]
Loop 172 [2184689, 1179682, 60772, 927950]
Loop 173 [1748705, 747873, 49896, 937139]
Loop 174 [2314809, 1312808, 55102, 932958]
Loop 175 [2278897, 1272906, 55142, 931882]
Loop 176 [2284484, 1273231, 64353, 928559]
Loop 177 [2131034, 1131278, 56545, 927595]
Loop 178 [29547823, 28326603, 98257, 923332]
Loop 179 [2266915, 1267278, 55873, 927479]
Loop 180 [1803111, 797696, 61076, 927015]
Loop 181 [1736690, 732408, 55312, 931260]
Loop 182 [1767370, 750836, 51584, 949690]
Loop 183 [2188499, 1176320, 54240, 933202]
Loop 184 [1859850, 834596, 46531, 962296]
Loop 185 [1963256, 958822, 55622, 932874]
Loop 186 [2280568, 1272212, 64915, 923767]
Loop 187 [1764020, 756806, 49563, 937465]
Loop 188 [1993508, 986469, 62071, 928074]
Loop 189 [1975880, 971549, 56539, 930699]
Loop 190 [2102030, 1061901, 150267, 874569]
Loop 191 [1936997, 932454, 59105, 930389]
Loop 192 [1860167, 855343, 58547, 929934]
Loop 193 [1932785, 925166, 60254, 929463]
Loop 194 [2125576, 1042936, 78627, 930272]
Loop 195 [1893277, 879441, 59389, 938998]
Loop 196 [2042727, 1030522, 64029, 930262]
Loop 197 [1790928, 754878, 109867, 909367]
Loop 198 [2312751, 1306475, 57377, 932975]
Loop 199 [2301400, 1265403, 138801, 881495]
Loop 200 [1861956, 838094, 46006, 960659]
Loop 201 [1890550, 871178, 46892, 956703]
Loop 202 [1889189, 877624, 48309, 947581]
Loop 203 [2351457, 1346463, 59953, 928798]
Loop 204 [9811997, 8757928, 72110, 932267]
Loop 205 [2096470, 1077637, 108356, 893740]
Loop 206 [2167933, 1161486, 60975, 928458]
Loop 207 [2353080, 1318100, 122499, 894869]
Loop 208 [1835502, 832949, 52029, 937082]
Loop 209 [2252977, 1252699, 51264, 933182]
Loop 210 [1879094, 860532, 45316, 956276]
Loop 211 [2285704, 1283927, 58426, 927706]
Loop 212 [1984359, 979702, 62516, 925390]
Loop 213 [2343696, 1334725, 61940, 928384]
Loop 214 [1900552, 886127, 56650, 940454]
Loop 215 [2012163, 994345, 50160, 951367]
Loop 216 [2194952, 1189851, 58099, 930734]
Loop 217 [2402186, 1391835, 52997, 941716]
Loop 218 [2294745, 1288665, 62315, 928514]
Loop 219 [1780791, 765630, 51973, 946974]
Loop 220 [2148074, 1134645, 61556, 933980]
Loop 221 [1796658, 759494, 60272, 948414]
Loop 222 [1958900, 942927, 43768, 956511]
Loop 223 [2177675, 1150752, 122733, 887432]
Loop 224 [1882355, 877552, 60865, 927946]
Loop 225 [1953505, 934816, 55049, 946896]
Loop 226 [2058329, 1055029, 58740, 928224]
Loop 227 [2164062, 1158086, 58921, 930395]
Loop 228 [1819285, 816451, 47640, 939654]
Loop 229 [1859447, 851666, 45725, 948740]
Loop 230 [2160590, 1144943, 58809, 927749]
Loop 231 [2780064, 1717677, 80983, 924108]
Loop 232 [1766987, 750296, 48300, 949112]
Loop 233 [2102381, 1098732, 54099, 932992]
Loop 234 [2081625, 1033193, 144751, 887659]
Loop 235 [1767998, 753523, 50997, 947157]
Loop 236 [2347311, 1313753, 125119, 891378]
Loop 237 [1906898, 893053, 49446, 947539]
Loop 238 [2030324, 1015513, 47034, 951595]
Loop 239 [1845389, 845079, 46292, 938562]
Loop 240 [1875504, 863864, 45342, 950876]
Loop 241 [2116074, 1115985, 55092, 929670]
Loop 242 [1845107, 836089, 44533, 949959]
Loop 243 [2263470, 1249552, 64353, 935176]
Loop 244 [1790844, 778487, 50981, 945652]
Loop 245 [2181898, 1176032, 61657, 927863]
Loop 246 [1739382, 739785, 47341, 936368]
Loop 247 [2323943, 1313089, 52185, 939931]
Loop 248 [2058647, 998279, 148219, 895190]
Loop 249 [1816405, 807398, 63334, 926239]
Loop 250 [1820544, 800115, 74181, 928694]
Loop 251 [1993104, 976525, 43066, 957903]
Loop 252 [2292513, 1261326, 55129, 932961]
Loop 253 [1888798, 869354, 44596, 959049]
Loop 254 [1886195, 866850, 46212, 957442]
Loop 255 [2354595, 1295563, 91019, 928401]
Loop 256 [2149543, 1137273, 57708, 936764]
Loop 257 [2293120, 1251527, 126818, 897489]
Loop 258 [2034283, 1007230, 121333, 889146]
Loop 259 [1785126, 769078, 49694, 948826]
Loop 260 [1732724, 724073, 48697, 940888]
Loop 261 [1947650, 933030, 43227, 955241]
Loop 262 [1840276, 838571, 45444, 940468]
Loop 263 [2249955, 1246744, 41316, 945073]
Loop 264 [2036111, 1011097, 48815, 959808]
Loop 265 [2119804, 1113811, 38048, 949430]
Loop 266 [2006017, 1005932, 41891, 940222]
Loop 267 [1809408, 799356, 42282, 950703]
Loop 268 [4413677, 3149240, 133805, 919656]
Loop 269 [1964126, 956731, 57374, 930336]
Loop 270 [1844878, 835480, 45484, 944617]
Loop 271 [1832164, 828021, 42701, 941334]
Loop 272 [2094014, 1062735, 119027, 892704]
Loop 273 [1920183, 917569, 57941, 928091]
Loop 274 [1936631, 930849, 61718, 929893]
Loop 275 [1910223, 893034, 49426, 948732]
Loop 276 [1814125, 797935, 51626, 948132]
Loop 277 [2080842, 1072715, 55319, 938488]
Loop 278 [2270844, 1262961, 58883, 928531]
Loop 279 [1777268, 759942, 48152, 937999]
Loop 280 [1965969, 957826, 53020, 940242]
Loop 281 [1907387, 870446, 113043, 901812]
Loop 282 [2431987, 759077, 722682, 934556]
Loop 283 [1730198, 725048, 47241, 942315]
Loop 284 [1714957, 716361, 48839, 935818]
Loop 285 [2317320, 1308433, 57230, 937255]
Loop 286 [2303406, 1293176, 60769, 929183]
Loop 287 [1782998, 779268, 45907, 942971]
Loop 288 [2332727, 1304571, 129926, 884088]
Loop 289 [1915523, 894512, 48194, 955025]
Loop 290 [2078840, 1067593, 57243, 937048]
Loop 291 [2014990, 962430, 135222, 897294]
Loop 292 [1776427, 759185, 51775, 950112]
Loop 293 [2070849, 1036771, 119980, 899023]
Loop 294 [1936796, 877350, 104217, 936536]
Loop 295 [1951130, 933937, 59983, 937666]
Loop 296 [1853770, 832453, 44622, 957354]
Loop 297 [2396390, 1277516, 94433, 937488]
Loop 298 [2302659, 1287608, 59990, 936783]
Loop 299 [2321823, 1280993, 136926, 884150]
Loop 300 [1743765, 742906, 37706, 947534]
Loop 301 [1714169, 709382, 39998, 946441]
Loop 302 [1953078, 941437, 35288, 962547]
Loop 303 [1844007, 840220, 35311, 951002]
Loop 304 [1838252, 834596, 33487, 951848]
Loop 305 [2064183, 1057467, 40080, 948333]
Loop 306 [1846960, 845882, 32532, 951430]
Loop 307 [1874879, 858093, 35988, 961864]
Loop 308 [1871862, 851899, 36319, 964369]
Loop 309 [1963444, 955683, 44143, 944545]
Loop 310 [2122781, 1120258, 43652, 944342]
Loop 311 [2291308, 1284891, 45252, 942832]
Loop 312 [2025051, 1019546, 35547, 951444]
Loop 313 [28842557, 27773062, 86959, 929693]
Loop 314 [2269041, 1257749, 55797, 935945]
Loop 315 [2372365, 1357595, 56034, 937162]
Loop 316 [1830578, 823656, 45800, 942618]
Loop 317 [2267126, 1255286, 55225, 938176]
Loop 318 [2308196, 1271908, 137875, 879667]
Loop 319 [2181189, 1167618, 62522, 932938]
Loop 320 [1824350, 803593, 51117, 952857]
Loop 321 [1976930, 955949, 46647, 957278]
Loop 322 [1924418, 890981, 93917, 920644]
Loop 323 [2031995, 1017130, 61567, 932394]
Loop 324 [2166921, 1158614, 54600, 936671]
Loop 325 [2077817, 1066581, 58984, 933840]
Loop 326 [1998376, 961281, 87880, 932300]
Loop 327 [1898385, 874513, 73263, 931224]
Loop 328 [2062928, 1046005, 60171, 937221]
Loop 329 [1981851, 968452, 54757, 937070]
Loop 330 [2013873, 1005455, 55636, 938317]
Loop 331 [2362200, 1347549, 64744, 933887]
Loop 332 [2299315, 1282284, 57083, 937575]
Loop 333 [2129770, 1088090, 131360, 894689]
Loop 334 [1915742, 894741, 46517, 955796]
Loop 335 [2085709, 1074059, 59134, 936349]
Loop 336 [1916237, 901263, 56586, 937966]
Loop 337 [1818135, 766512, 150774, 885464]
Loop 338 [1789255, 763160, 50675, 956742]
Loop 339 [1861772, 849210, 55680, 936703]
Loop 340 [2115733, 1105077, 63358, 932013]
Loop 341 [2315583, 1274257, 56308, 937355]
Loop 342 [1715814, 712033, 43595, 945573]
Loop 343 [1996089, 985103, 60053, 933977]
Loop 344 [1871364, 829384, 102632, 920546]
Loop 345 [1903644, 889852, 32835, 961968]
Loop 346 [1828338, 827571, 36301, 949416]
Loop 347 [1714361, 716889, 31872, 951299]
Loop 348 [1712965, 715581, 31052, 951176]
Loop 349 [2235835, 1224877, 51033, 945013]
Loop 350 [2289872, 1284681, 40310, 944516]
Loop 351 [2189187, 1188729, 36538, 948458]
Loop 352 [35697448, 34607574, 105996, 922990]
Loop 353 [1886302, 864166, 49000, 955646]
Loop 354 [2129314, 1106953, 56442, 940943]
Loop 355 [2122307, 1109319, 62857, 934358]
Loop 356 [2309224, 1271731, 141082, 876470]
Loop 357 [1831205, 821329, 49699, 941704]
Loop 358 [2262653, 1246569, 60023, 937897]
Loop 359 [1889019, 876704, 39960, 955505]
Loop 360 [1777819, 768679, 47783, 945567]
Loop 361 [2117245, 1103787, 60351, 936617]
Loop 362 [1858138, 848416, 50474, 941967]
Loop 363 [1886834, 872621, 42259, 953957]
Loop 364 [2209013, 1194268, 65366, 932400]
Loop 365 [1855276, 846941, 48923, 942011]
Loop 366 [1903557, 854719, 97642, 931923]
Loop 367 [2121545, 1113069, 60657, 932160]
Loop 368 [2077709, 1070854, 58403, 933847]
Loop 369 [2184605, 1159518, 59341, 946262]
Loop 370 [1829461, 819514, 51452, 940166]
Loop 371 [1969698, 963341, 52803, 935514]
Loop 372 [2022140, 990398, 130901, 885812]
Loop 373 [2033562, 1016184, 58022, 939183]
Loop 374 [1864834, 840396, 50733, 954376]
Loop 375 [1886708, 878481, 44939, 944797]
Loop 376 [2039893, 1027468, 62038, 934863]
Loop 377 [1891738, 842231, 145027, 886085]
Loop 378 [1903768, 872013, 76231, 935975]
Loop 379 [1974113, 963793, 52553, 938217]
Loop 380 [2292873, 1227420, 154297, 882327]
Loop 381 [1963392, 942834, 65657, 934000]
Loop 382 [1886842, 870607, 50940, 945322]
Loop 383 [2280465, 1272713, 55469, 933700]
Loop 384 [2344277, 1337895, 46045, 945380]
Loop 385 [2282146, 1270251, 46175, 946112]
Loop 386 [2281088, 1256047, 47106, 944492]
Loop 387 [2273018, 1267136, 40411, 946380]
Loop 388 [1776856, 767761, 34696, 959823]
Loop 389 [2167707, 1166333, 42329, 943773]
Loop 390 [1787404, 776754, 35650, 960645]
Loop 391 [1967527, 954228, 40394, 957625]
Loop 392 [2189117, 1180748, 39856, 948120]
Loop 393 [1733342, 736478, 30373, 952375]
Loop 394 [2329846, 1322458, 47972, 944311]
Loop 395 [3231672, 2137281, 121039, 906052]
Loop 396 [2199217, 1189140, 60340, 934505]
Loop 397 [1790449, 775284, 46064, 952815]
Loop 398 [1719266, 720176, 39755, 946459]
Loop 399 [2114717, 1107244, 57484, 936129]
Loop 400 [2308765, 1253743, 137948, 899336]
Loop 401 [1861285, 833397, 102034, 906342]
Loop 402 [1809393, 798831, 50470, 941772]
Loop 403 [2171014, 1155590, 61911, 934554]
Loop 404 [1873087, 859465, 44259, 950290]
Loop 405 [2242656, 1233106, 59793, 935026]
Loop 406 [1943474, 933665, 52910, 937853]
Loop 407 [2160224, 1142828, 70718, 932046]
Loop 408 [2166644, 1155074, 53999, 937952]
Loop 409 [1768827, 757167, 67293, 929727]
Loop 410 [2026378, 1016977, 55041, 937869]
Loop 411 [1967386, 949966, 48188, 955400]
Loop 412 [2283872, 1272043, 58656, 933931]
Loop 413 [2178770, 1168358, 64296, 931782]
Loop 414 [2032270, 993125, 132706, 888919]
Loop 415 [1956704, 946471, 54049, 938304]
Loop 416 [1729861, 727356, 43687, 943938]
Loop 417 [1745851, 744481, 43122, 943968]
Loop 418 [1738869, 713101, 101112, 911127]
Loop 419 [2150705, 1127316, 119034, 890226]
Loop 420 [2278248, 1268139, 56719, 935213]
Loop 421 [2176533, 1167155, 58149, 936262]
Loop 422 [2320259, 1311116, 60424, 934404]
Loop 423 [2049564, 1032069, 67083, 932577]
Loop 424 [2148098, 1110141, 119986, 898218]
Loop 425 [2355309, 1341869, 60681, 935962]
Loop 426 [2005387, 853703, 129768, 911930]
Loop 427 [1918122, 911903, 40451, 948414]
Loop 428 [2059294, 1053863, 44811, 945227]
Loop 429 [2088847, 1081442, 43100, 947492]
Loop 430 [2271752, 1265587, 39114, 948922]
Loop 431 [1772716, 739588, 32549, 950674]
Loop 432 [1792607, 790104, 44554, 943552]
Loop 433 [2176389, 1175150, 40745, 945407]
Loop 434 [2152463, 1139520, 41663, 956830]
Loop 435 [1893269, 873644, 48188, 953950]
Loop 436 [2246124, 1241896, 44313, 944281]
Loop 437 [1918923, 913792, 41240, 947512]
Loop 438 [1976364, 958098, 51664, 949024]
Loop 439 [2067470, 1063373, 38844, 947950]
Loop 440 [1781316, 779907, 38640, 946887]
Loop 441 [1869591, 867035, 41146, 947278]
Loop 442 [1721826, 724689, 31295, 950744]
Loop 443 [2800885, 1730627, 143177, 885314]
Loop 444 [2111127, 1096123, 61026, 936153]
Loop 445 [1914282, 873903, 96645, 925829]
Loop 446 [2359766, 1343045, 62245, 938474]
Loop 447 [1927071, 912610, 41925, 953713]
Loop 448 [2001842, 984415, 58223, 944071]
Loop 449 [2157321, 1145004, 58313, 936737]
Loop 450 [2273708, 1255857, 71252, 927806]
Loop 451 [1936445, 919600, 57240, 938995]
Loop 452 [2336237, 1298122, 129074, 890539]
Loop 453 [1780921, 742103, 103862, 922009]
Loop 454 [1946732, 938480, 47496, 947515]
Loop 455 [1835862, 824816, 53324, 942023]
Loop 456 [1823176, 813752, 51480, 940388]
Loop 457 [2271041, 1261575, 56101, 913870]
Loop 458 [1748055, 729214, 53580, 951744]
Loop 459 [1711038, 707487, 43869, 945969]
Loop 460 [2957527, 1162253, 882156, 896329]
Loop 461 [2348550, 1336366, 58095, 938892]
Loop 462 [2309773, 1297873, 54968, 937535]
Loop 463 [1946322, 939176, 58963, 934976]
Loop 464 [1900440, 866091, 55524, 959398]
Loop 465 [1843175, 835711, 54414, 938080]
Loop 466 [1783381, 769277, 49535, 950835]
Loop 467 [2372325, 1324644, 128292, 904335]
Loop 468 [2038952, 996313, 135736, 888715]
Loop 469 [1786068, 768486, 45717, 956604]
Loop 470 [1737767, 729954, 49949, 942510]
Loop 471 [2095745, 1085477, 57437, 936310]
Loop 472 [1911403, 885119, 52612, 956002]
Loop 473 [1902679, 857509, 111784, 913072]
Loop 474 [1762660, 749004, 42603, 957388]
Loop 475 [2123106, 1111729, 42496, 954134]
Loop 476 [7267740, 811917, 38415, 6370087]
Loop 477 [1897157, 867385, 40100, 959569]
Loop 478 [1772742, 764879, 34921, 958177]
Loop 479 [2180624, 1151563, 45729, 969022]
Loop 480 [2068001, 1061494, 41834, 945888]
Loop 481 [2007032, 986711, 59623, 944428]
Loop 482 [1904376, 889036, 37676, 960165]
Loop 483 [2272084, 1265657, 43802, 946069]
Loop 484 [1886763, 878773, 37307, 953517]
Loop 485 [2163422, 1156311, 54608, 936947]
Loop 486 [2048475, 1042177, 44848, 942671]
Loop 487 [2175633, 1174698, 40782, 945992]
Loop 488 [2336480, 1333094, 47745, 942019]
Loop 489 [1820749, 818313, 39086, 946288]
Loop 490 [1952677, 950001, 39539, 946219]
Loop 491 [2163553, 1162741, 37137, 948795]
Loop 492 [2341958, 1332471, 47958, 944161]
Loop 493 [1897042, 881497, 45936, 950456]
Loop 494 [2339882, 1323362, 46284, 956382]
Loop 495 [15644660, 14571020, 105414, 918232]
Loop 496 [2286565, 1253536, 118029, 897519]
Loop 497 [2054739, 1043630, 58563, 937127]
Loop 498 [1944794, 902569, 91562, 932682]
Loop 499 [2003358, 981594, 70927, 933736]
Loop 500 [1936654, 926377, 57187, 934649]
Loop 501 [1789292, 763236, 117577, 893767]
Loop 502 [2384691, 1369717, 62780, 934759]
Loop 503 [2036771, 1020728, 60899, 936974]
Loop 504 [2035716, 1023842, 57404, 936850]
Loop 505 [2282241, 1271674, 52887, 937809]
Loop 506 [2069707, 1059073, 60434, 933089]
Loop 507 [1915904, 908687, 44711, 944450]
Loop 508 [1733413, 730917, 44892, 943046]
Loop 509 [1768918, 756838, 43890, 954780]
Loop 510 [1798226, 760305, 85367, 937088]
Loop 511 [1881305, 871203, 58798, 935164]
Loop 512 [2286711, 1264982, 61416, 943165]
Loop 513 [1884578, 866589, 61903, 939653]
Loop 514 [1887763, 878562, 44732, 946226]
Loop 515 [1763875, 746983, 48896, 953725]
Loop 516 [2418592, 724358, 739660, 941760]
Loop 517 [1779334, 771868, 57177, 935019]
Loop 518 [2174179, 1162966, 59175, 936720]
Loop 519 [1753409, 749950, 43970, 945070]
Loop 520 [1808974, 760992, 41773, 956906]
Loop 521 [1899190, 879919, 117915, 886005]
Loop 522 [1805844, 768989, 87703, 935857]
Loop 523 [2124969, 1115398, 58256, 935494]
Loop 524 [2032761, 1024334, 56973, 933151]
Loop 525 [2096117, 1081050, 63204, 935317]
Loop 526 [1826239, 820862, 50800, 937702]
Loop 527 [1843089, 838505, 37307, 949138]
Loop 528 [2249395, 1248552, 46689, 938187]
Loop 529 [1825231, 820655, 38548, 946932]
Loop 530 [1854186, 834716, 41243, 962409]
Loop 531 [1824581, 825590, 50286, 930936]
Loop 532 [2287134, 1283996, 38600, 946981]
Loop 533 [2343238, 1344071, 55125, 929500]
Loop 534 [1908375, 894376, 36862, 959516]
Loop 535 [1716053, 723020, 34652, 944656]
Loop 536 [1983936, 949966, 60275, 960219]
Loop 537 [1854892, 849239, 39251, 947610]
Loop 538 [1936117, 933893, 43718, 940372]
Loop 539 [1860969, 784946, 99589, 920247]
Loop 540 [1748545, 753203, 34040, 945575]
Loop 541 [1905330, 904504, 36268, 949520]
Loop 542 [1973951, 966447, 39570, 952296]
Loop 543 [2134623, 1122982, 47587, 945995]
Loop 544 [1997967, 997324, 42940, 940773]
Loop 545 [2272394, 1268477, 42319, 943429]
Loop 546 [2029206, 1017404, 40108, 956123]
Loop 547 [1946535, 937419, 46599, 944592]
Loop 548 [2037043, 1035896, 41580, 941541]
Loop 549 [1770045, 757818, 32259, 965056]
Loop 550 [2008368, 1000682, 38366, 955127]
Loop 551 [1954635, 936725, 46812, 951718]
Loop 552 [1825814, 823627, 46797, 936800]
Loop 553 [1814579, 816873, 37988, 943362]
Loop 554 [1909243, 906769, 37702, 947966]
Loop 555 [2052262, 1038348, 46927, 952150]
Loop 556 [1846313, 833780, 41938, 953556]
Loop 557 [1956922, 956074, 46722, 937575]
Loop 558 [2126860, 1119755, 45082, 944224]
Loop 559 [1876903, 865320, 47152, 947343]
Loop 560 [1882691, 872988, 41198, 949837]
Loop 561 [1854379, 845249, 58593, 933536]
Loop 562 [21657094, 20516305, 104292, 913387]
Loop 563 [2261238, 1260157, 54457, 931020]
Loop 564 [2171719, 1164926, 56622, 933242]
Loop 565 [2245815, 1196351, 60238, 936910]
Loop 566 [2287604, 1254339, 137454, 877877]
Loop 567 [2277567, 1261556, 61851, 937044]
Loop 568 [1822403, 818630, 49853, 937706]
Loop 569 [1857167, 849373, 52008, 940606]
Loop 570 [1897260, 884814, 43128, 952765]
Loop 571 [2225110, 1171035, 135242, 885528]
Loop 572 [2194739, 1164911, 117247, 895504]
Loop 573 [1786391, 778046, 42991, 950271]
Loop 574 [1986169, 981532, 58627, 930125]
Loop 575 [1908709, 898227, 41920, 952999]
Loop 576 [1810509, 805300, 59713, 929279]
Loop 577 [1985259, 979021, 55563, 932320]
Loop 578 [2070927, 1054150, 46273, 949434]
Loop 579 [2078819, 1041479, 129950, 890312]
Loop 580 [1720507, 721602, 44052, 939488]
Loop 581 [2045776, 1036030, 55526, 938835]
Loop 582 [2016047, 1004939, 48329, 946682]
Loop 583 [1999449, 992892, 61624, 928084]
Loop 584 [1918698, 916030, 55178, 930302]
Loop 585 [1737504, 739766, 42198, 940021]
Loop 586 [2051638, 1050036, 57083, 928953]
Loop 587 [1838378, 802172, 112878, 905813]
Loop 588 [1866667, 851811, 61855, 937400]
Loop 589 [1894127, 874038, 48801, 954735]
Loop 590 [2322671, 1261590, 147213, 897599]
Loop 591 [2147523, 1138582, 62476, 929032]
Loop 592 [2271479, 1266449, 54758, 932330]
Loop 593 [1736602, 732455, 53437, 934426]
Loop 594 [2237778, 1239470, 50177, 932136]
Loop 595 [1904957, 892185, 35009, 961183]
Loop 596 [1734606, 738697, 34661, 944193]
Loop 597 [2167682, 1154361, 44193, 952707]
Loop 598 [2264822, 1267187, 40993, 940356]
Loop 599 [2157923, 1158920, 48289, 933933]
Loop 600 [2326963, 1325351, 51594, 932871]
Loop 601 [1886073, 885912, 36707, 946647]
Loop 602 [1737281, 740376, 31820, 946727]
Loop 603 [2002633, 999892, 36926, 948508]
Loop 604 [2081188, 1079697, 46198, 938417]
Loop 605 [1906017, 902687, 45540, 940469]
Loop 606 [2218132, 1217221, 46164, 937402]
Loop 607 [1850764, 835021, 39051, 960056]
Loop 608 [2057521, 1055089, 44807, 940603]
Loop 609 [1857446, 862028, 39253, 943303]
Loop 610 [1995519, 859528, 141465, 933202]
Loop 611 [1730581, 736484, 31561, 947062]
Loop 612 [1814696, 811507, 36571, 949611]
Loop 613 [2336327, 1337371, 46743, 936760]
Loop 614 [1853696, 853873, 39951, 944303]
Loop 615 [2272209, 1269480, 41957, 944692]
Loop 616 [1731112, 733493, 34410, 945285]
Loop 617 [1723399, 728498, 31315, 948905]
Loop 618 [2105047, 1101532, 44832, 942301]
Loop 619 [1913862, 906400, 34089, 957610]
Loop 620 [2063367, 1024370, 40726, 980645]
Loop 621 [1844927, 843270, 42905, 937792]
Loop 622 [1991118, 993581, 39813, 941708]
Loop 623 [1781948, 772394, 34042, 958016]
Loop 624 [2170172, 1175085, 42088, 937489]
Loop 625 [2323481, 1324692, 43866, 939510]
Loop 626 [1900537, 882987, 41974, 957289]
Loop 627 [1932557, 931989, 40949, 942861]
Loop 628 [2155295, 1152937, 44711, 939935]
Loop 629 [2012024, 1011720, 40063, 942527]
Loop 630 [1847151, 850189, 37400, 943583]
Loop 631 [2144826, 1133718, 46575, 948217]
Loop 632 [2249734, 1250137, 39896, 942610]
Loop 633 [2169087, 1144250, 45392, 962404]
Loop 634 [2269302, 1268110, 47317, 937535]
Loop 635 [1912234, 901357, 33448, 960529]
Loop 636 [23175692, 22102235, 99884, 915371]
Loop 637 [2260779, 1255705, 56211, 931665]
Loop 638 [2179112, 1172413, 54658, 933406]
Loop 639 [2142463, 1135000, 59759, 931187]
Loop 640 [1843202, 838619, 47864, 939393]
Loop 641 [1901991, 868684, 96953, 920638]
Loop 642 [2132000, 1067450, 157427, 890054]
Loop 643 [2091295, 1089273, 54167, 930893]
Loop 644 [2087474, 1063674, 61069, 946656]
Loop 645 [1912521, 885355, 82027, 927890]
Loop 646 [2094764, 1091846, 58891, 927796]
Loop 647 [2358561, 1352346, 62927, 926005]
Loop 648 [2269803, 1262784, 63147, 926349]
Loop 649 [1973179, 964206, 60127, 931695]
Loop 650 [1920762, 868249, 159722, 877325]
Loop 651 [1881892, 853425, 75273, 936710]
Loop 652 [1759515, 756778, 46027, 941943]
Loop 653 [1747666, 744519, 51186, 934655]
Loop 654 [2039356, 1036014, 59933, 927495]
Loop 655 [1971789, 948825, 54691, 931254]
Loop 656 [2022533, 1016538, 60210, 927175]
Loop 657 [1769612, 746959, 98838, 906839]
Loop 658 [2164320, 1159267, 57270, 930559]
Loop 659 [1763688, 728770, 108298, 911987]
Loop 660 [1967085, 947542, 48967, 954711]
Loop 661 [2014836, 1011281, 55900, 931969]
Loop 662 [1742314, 741535, 43747, 940399]
Loop 663 [2119115, 1110829, 62311, 920188]
Loop 664 [1733370, 733883, 43146, 940208]
Loop 665 [1964447, 961387, 56939, 931378]
Loop 666 [1959194, 947982, 47519, 946615]
Loop 667 [1902344, 895059, 44717, 947614]
Loop 668 [1851028, 853432, 39700, 941177]
Loop 669 [2352802, 1344380, 45282, 946082]
Loop 670 [2262508, 1260858, 47387, 937084]
Loop 671 [2262228, 1264247, 40701, 941662]
Loop 672 [2366385, 1366920, 45349, 937802]
Loop 673 [2070905, 1068012, 37042, 948054]
Loop 674 [2014974, 1006925, 39625, 951766]
Loop 675 [1854253, 836851, 41503, 959774]
Loop 676 [1903813, 906336, 37955, 941478]
Loop 677 [2045430, 1036028, 39387, 954346]
Loop 678 [1874524, 861893, 59647, 934728]
Loop 679 [2141690, 1141458, 41217, 941582]
Loop 680 [2245803, 1245228, 46779, 938123]
Loop 681 [2052256, 1051317, 45493, 941371]
Loop 682 [2091121, 1094912, 39425, 941381]
Loop 683 [1894508, 896343, 35821, 945621]
Loop 684 [1763919, 756600, 37857, 951830]
Loop 685 [1733382, 723630, 37777, 942040]
Loop 686 [2156277, 1156077, 43023, 940780]
Loop 687 [2136921, 1133352, 43455, 943253]
Loop 688 [2100824, 1100855, 39528, 942637]
Loop 689 [2074590, 1067688, 46054, 944565]
Loop 690 [1989769, 994515, 39753, 940305]
Loop 691 [2150991, 1135510, 43251, 957154]
Loop 692 [1880636, 878784, 32948, 954438]
Loop 693 [2126167, 1023928, 67694, 941978]
Loop 694 [1949423, 942172, 45192, 947221]
Loop 695 [1831487, 832123, 39633, 943776]
Loop 696 [1881531, 885878, 37610, 942247]
Loop 697 [2054130, 1047903, 39000, 950264]
Loop 698 [2102359, 1104755, 39251, 941521]
Loop 699 [2175718, 1165156, 44450, 921899]
Loop 700 [2065988, 1066066, 40498, 942544]
Loop 701 [2182013, 1167031, 46792, 949767]
Loop 702 [1856145, 832614, 39743, 968244]
Loop 703 [1826576, 824947, 42141, 943604]
Loop 704 [1825058, 825096, 39281, 945736]
Loop 705 [2253922, 1254071, 37942, 941816]
Loop 706 [2164386, 1166282, 40028, 941314]
Loop 707 [2309217, 1307457, 45045, 939410]
Loop 708 [1842600, 832268, 40645, 955633]
Loop 709 [2243431, 1242315, 47695, 936624]
Loop 710 [2256265, 1256299, 42082, 942955]
Loop 711 [1826565, 828868, 40122, 942765]
Loop 712 [2252195, 1258027, 38657, 941074]
Loop 713 [1735487, 742396, 30932, 947476]
Loop 714 [1849786, 852505, 39452, 940753]
Loop 715 [1803716, 806441, 36606, 945784]
Loop 716 [1765049, 765517, 41808, 941653]
Loop 717 [2163787, 1162383, 43702, 942474]
Loop 718 [1846178, 848088, 41735, 940667]
Loop 719 [1840616, 842919, 32737, 947786]
Loop 720 [1731449, 736952, 33358, 946040]
Loop 721 [1961042, 951426, 39020, 954490]
Loop 722 [2056175, 1057989, 38229, 942196]
Loop 723 [2025485, 1018577, 38842, 953524]
Loop 724 [23751703, 22679990, 137004, 892152]
Loop 725 [1864861, 854284, 47955, 945187]
Loop 726 [1914563, 878761, 91814, 926523]
Loop 727 [1820922, 769124, 137203, 898367]
Loop 728 [1795729, 746964, 111992, 922424]
Loop 729 [1792021, 789861, 43079, 943110]
Loop 730 [1724128, 726868, 41143, 940638]
Loop 731 [2185031, 1181971, 57373, 928287]
Loop 732 [1721517, 724064, 42619, 940031]
Loop 733 [1772510, 765953, 44489, 945601]
Loop 734 [1822521, 780689, 116632, 909929]
Loop 735 [1921131, 911121, 57711, 934117]
Loop 736 [1968019, 963453, 49701, 937901]
Loop 737 [1860287, 841935, 50485, 951626]
Loop 738 [1912214, 885517, 48708, 962087]
Loop 739 [1997095, 992812, 57701, 928577]
Loop 740 [1769836, 758558, 46294, 948494]
Loop 741 [1718506, 717030, 48555, 937287]
Loop 742 [2314498, 1308797, 62199, 926707]
Loop 743 [2253615, 1241849, 66782, 927830]
Loop 744 [2289994, 1262581, 118550, 890987]
Loop 745 [2325347, 1292121, 54026, 931489]
Loop 746 [2189941, 1171257, 68375, 932082]
Loop 747 [2324036, 1287338, 120919, 897937]
Loop 748 [1754869, 749397, 52391, 936561]
Loop 749 [2220577, 1214665, 65857, 923375]
Loop 750 [1906311, 894182, 46942, 948969]
Loop 751 [2030239, 981037, 145700, 887234]
Loop 752 [2050675, 1028577, 64187, 939653]
Loop 753 [1874172, 851714, 53694, 952692]
Loop 754 [1836925, 832984, 49886, 937604]
Loop 755 [2092080, 1079093, 69315, 927157]
Loop 756 [1941196, 933212, 35973, 953760]
Loop 757 [1794896, 788219, 34579, 956814]
Loop 758 [2067887, 1050935, 48149, 951711]
Loop 759 [1916477, 899725, 34717, 958257]
Loop 760 [1763083, 758084, 32097, 957437]
Loop 761 [2181720, 1180942, 38644, 943733]
Loop 762 [1979648, 954735, 57565, 951017]
Loop 763 [2040712, 1039680, 47146, 937743]
Loop 764 [1979448, 982007, 39044, 941434]
Loop 765 [2023691, 1006889, 41067, 958037]
Loop 766 [2181142, 1180710, 42332, 939523]
Loop 767 [1928959, 931070, 36378, 944983]
Loop 768 [1782812, 773228, 35907, 955531]
Loop 769 [1714861, 721377, 33812, 944077]
Loop 770 [1983828, 976292, 45806, 944793]
Loop 771 [2036143, 920482, 116818, 946554]
Loop 772 [1864442, 851788, 53291, 944432]
Loop 773 [1894056, 884654, 34200, 954445]
Loop 774 [1723921, 729366, 33500, 945522]
Loop 775 [1694371, 700558, 33755, 944964]
Loop 776 [1998964, 988374, 43545, 951381]
Loop 777 [2277773, 1279130, 39702, 941067]
Loop 778 [2363723, 1355424, 45547, 945340]
Loop 779 [1950007, 948332, 45987, 938788]
Loop 780 [2226280, 1231573, 37570, 941722]
Loop 781 [2158328, 1160295, 39325, 943128]
Loop 782 [1769010, 762182, 33826, 956898]
Loop 783 [2251656, 1245511, 43742, 944886]
Loop 784 [1950323, 951045, 38563, 943235]
Loop 785 [2268429, 1265101, 44376, 942240]
Loop 786 [2264352, 1264351, 47293, 936717]
Loop 787 [1883721, 876709, 36137, 954305]
Loop 788 [1972838, 963081, 39837, 954716]
Loop 789 [1891554, 884181, 53793, 937759]
Loop 790 [1818195, 772878, 34444, 957150]
Loop 791 [2340202, 1326808, 47280, 950589]
Loop 792 [2067068, 1050885, 59532, 939219]
Loop 793 [2016437, 1008383, 46970, 943072]
Loop 794 [2018060, 1018955, 39710, 942691]
Loop 795 [29266139, 28171124, 106168, 932620]
Loop 796 [1822346, 815873, 51184, 939650]
Loop 797 [2244912, 1238884, 60642, 930392]
Loop 798 [1923908, 914854, 61140, 930309]
Loop 799 [2096335, 1075895, 66895, 923176]
Loop 800 [1864237, 856498, 45397, 947313]
Loop 801 [2021731, 978807, 123720, 902193]
Loop 802 [1803971, 801570, 56124, 931006]
Loop 803 [1874383, 851837, 76083, 928872]
Loop 804 [1895452, 884828, 42841, 950495]
Loop 805 [1727689, 730732, 41328, 941010]
Loop 806 [2000359, 997930, 54364, 931926]
Loop 807 [1733344, 734554, 43889, 939279]
Loop 808 [2288873, 1284300, 58998, 928651]
Loop 809 [1825080, 822309, 52072, 934542]
Loop 810 [1993558, 991338, 51733, 934712]
Loop 811 [2362770, 1345559, 62105, 937392]
Loop 812 [1842334, 839757, 50219, 935745]
Loop 813 [2232112, 1226616, 62589, 927271]
Loop 814 [1869358, 850232, 47308, 954019]
Loop 815 [2029019, 1021057, 60157, 930235]
Loop 816 [2264125, 1261276, 55396, 931153]
Loop 817 [2073694, 1036405, 124867, 895016]
Loop 818 [2298175, 1266826, 125446, 887459]
Loop 819 [2273418, 1270539, 56765, 930693]
Loop 820 [1768414, 755882, 51200, 947289]
Loop 821 [2003741, 954662, 107786, 923174]
Loop 822 [2084136, 1080752, 55946, 930810]
Loop 823 [1754663, 747065, 48147, 944983]
Loop 824 [2170578, 1151664, 59713, 941364]
Loop 825 [1845330, 843965, 50530, 935702]
Loop 826 [1876613, 854228, 48699, 958046]
Loop 827 [1817928, 818711, 38694, 942854]
Loop 828 [1850362, 843405, 33547, 956872]
Loop 829 [2284020, 1283797, 45259, 937503]
Loop 830 [1876605, 874482, 40009, 946264]
Loop 831 [1994917, 993959, 44811, 939601]
Loop 832 [1831061, 831589, 37564, 947022]
Loop 833 [1974910, 977337, 39335, 942294]
Loop 834 [1982655, 966956, 40228, 959982]
Loop 835 [2139472, 1123513, 39652, 943406]
Loop 836 [2321861, 1321338, 46438, 937743]
Loop 837 [2076105, 1071664, 46358, 941572]
Loop 838 [1834281, 831425, 42302, 944631]
Loop 839 [1922533, 918492, 45169, 941164]
Loop 840 [2013030, 1016188, 40087, 939941]
Loop 841 [2042198, 1044781, 45886, 937572]
Loop 842 [2267348, 1267925, 39646, 942062]
Loop 843 [1807486, 810900, 37584, 942901]
Loop 844 [2024611, 1013472, 39013, 954806]
Loop 845 [1809373, 813537, 39069, 941829]
Loop 846 [2109537, 1041193, 70682, 937091]
Loop 847 [1738930, 742988, 36341, 942067]
Loop 848 [2330615, 1324206, 45773, 945024]
Loop 849 [2261140, 1262715, 41310, 939975]
Loop 850 [1782523, 758400, 48568, 958217]
Loop 851 [2026065, 1014987, 39968, 954112]
Loop 852 [2277909, 1275580, 45567, 940543]
Loop 853 [2267208, 1264440, 46442, 939350]
Loop 854 [2265600, 1267248, 40083, 940409]
Loop 855 [1738033, 741472, 35472, 944423]
Loop 856 [1987077, 976648, 38366, 958415]
Loop 857 [1871189, 857251, 41658, 957057]
Loop 858 [1875599, 876041, 39532, 944527]
Loop 859 [1862617, 846708, 40243, 960554]
Loop 860 [1884789, 877404, 42688, 948710]
Loop 861 [2248669, 1244821, 47120, 938618]
Loop 862 [1824873, 823536, 39749, 945537]
Loop 863 [1936098, 939286, 38594, 943154]
Loop 864 [1762558, 759090, 36808, 950743]
Loop 865 [2133375, 1131716, 44263, 941972]
Loop 866 [2024692, 1014368, 48269, 946038]
Loop 867 [2280923, 1281094, 38737, 942734]
Loop 868 [1994947, 983691, 41236, 952823]
Loop 869 [1803770, 807240, 40364, 940460]
Loop 870 [1883550, 865690, 64779, 936399]
Loop 871 [2203797, 1206455, 40929, 940295]
Loop 872 [1720038, 724356, 30996, 947647]
Loop 873 [3734512, 2581313, 108239, 917515]
Loop 874 [2050273, 1026504, 119907, 887806]
Loop 875 [2224301, 1203721, 110010, 894765]
Loop 876 [1868516, 868175, 46102, 940349]
Loop 877 [1999929, 990245, 46924, 949973]
Loop 878 [2036171, 1030976, 54133, 932006]
Loop 879 [1783895, 771637, 49690, 947301]
Loop 880 [1833137, 775404, 53447, 954523]
Loop 881 [1768855, 757650, 46640, 949100]
Loop 882 [2164594, 1161277, 60684, 927539]
Loop 883 [2148561, 1144089, 57824, 930519]
Loop 884 [2207138, 1171275, 130708, 886580]
Loop 885 [2079111, 1066899, 64324, 932230]
Loop 886 [2233649, 1229524, 54133, 931976]
Loop 887 [2172571, 1171725, 53465, 931578]
Loop 888 [2174294, 1172881, 55011, 932630]
Loop 889 [2350798, 1318103, 133030, 884211]
Loop 890 [1902863, 878816, 100147, 909602]
Loop 891 [1852081, 844746, 42561, 949803]
Loop 892 [1806079, 804037, 54414, 932801]
Loop 893 [1791416, 771606, 47381, 956821]
Loop 894 [1961886, 930075, 114273, 903521]
Loop 895 [1907029, 895629, 42651, 951374]
Loop 896 [2213843, 1208098, 61122, 928621]
Loop 897 [1910369, 906884, 56996, 929641]
Loop 898 [1734929, 736171, 44504, 939208]
Loop 899 [2346694, 1306976, 125569, 898244]
Loop 900 [2281118, 1267844, 62672, 933817]
Loop 901 [2153319, 1143575, 62355, 929614]
Loop 902 [1793197, 746041, 113156, 919834]
Loop 903 [1975149, 971827, 59078, 928103]
Loop 904 [2058017, 1051985, 57554, 930773]
Loop 905 [2013619, 995183, 40964, 964401]
Loop 906 [1884878, 877816, 33121, 956596]
Loop 907 [2140855, 1140893, 51814, 931829]
Loop 908 [1840396, 839009, 40494, 944314]
Loop 909 [2135294, 1137729, 38881, 941234]
Loop 910 [1744871, 749432, 35063, 945965]
Loop 911 [2237592, 1238740, 45436, 937986]
Loop 912 [2025855, 1026492, 46285, 937635]
Loop 913 [2071065, 1067508, 38383, 946262]
Loop 914 [2383983, 1352898, 43649, 964662]
Loop 915 [2115394, 1116264, 39953, 941598]
Loop 916 [2381376, 1357867, 43611, 965226]
Loop 917 [1824652, 825699, 39601, 942471]
Loop 918 [1864501, 850781, 40228, 956878]
Loop 919 [2241407, 1239529, 45506, 938230]
Loop 920 [1839353, 839038, 42145, 942853]
Loop 921 [1838129, 839953, 51017, 930715]
Loop 922 [1843743, 838730, 40354, 946719]
Loop 923 [1804051, 801871, 39102, 946530]
Loop 924 [2234398, 1226957, 48008, 941625]
Loop 925 [2294440, 1268395, 38888, 942841]
Loop 926 [2184999, 1188160, 46168, 935688]
Loop 927 [2119791, 1115283, 45025, 944006]
Loop 928 [1889271, 873319, 41185, 956693]
Loop 929 [1892907, 842306, 62666, 943469]
Loop 930 [1821697, 810735, 48643, 943675]
Loop 931 [1834804, 834533, 39023, 945335]
Loop 932 [2099668, 1101920, 39512, 941170]
Loop 933 [2173789, 1178444, 40414, 941618]
Loop 934 [1766761, 761936, 35446, 954925]
Loop 935 [1963086, 948946, 38293, 960591]
Loop 936 [2078777, 1081275, 42850, 938343]
Loop 937 [2293450, 1291797, 44320, 940094]
Loop 938 [1898501, 892300, 34826, 954376]
Loop 939 [2333602, 1330664, 45990, 940926]
Loop 940 [1972779, 974922, 39920, 941585]
Loop 941 [2137180, 1131479, 44408, 946644]
Loop 942 [2146086, 1147602, 39766, 941134]
Loop 943 [1873913, 876867, 39730, 940984]
Loop 944 [2323214, 1319576, 44247, 942925]
Loop 945 [2119608, 1109899, 45035, 946272]
Loop 946 [1874141, 863185, 35076, 958451]
Loop 947 [1777661, 774433, 30686, 955218]
Loop 948 [1765171, 759749, 34580, 956353]
Loop 949 [1782185, 778532, 34539, 954484]
Loop 950 [1810399, 809018, 38021, 947355]
Loop 951 [2225829, 1225892, 44504, 940640]
Loop 952 [1885164, 872759, 35384, 959867]
Loop 953 [1982329, 969032, 39619, 957741]
Loop 954 [2269476, 1270402, 40872, 940690]
Loop 955 [2016937, 1018567, 45710, 937699]
Loop 956 [2289796, 1287607, 40982, 940316]
Loop 957 [2169330, 1173503, 37878, 941896]
Loop 958 [4786811, 3715689, 102262, 919868]
Loop 959 [2243936, 1242776, 53014, 932103]
Loop 960 [1937150, 932319, 62078, 926643]
Loop 961 [1827172, 822572, 50013, 937073]
Loop 962 [2297094, 1258352, 136277, 882073]
Loop 963 [2049187, 1044704, 61867, 928157]
Loop 964 [2254279, 1213906, 132044, 890406]
Loop 965 [1909345, 898372, 44307, 947919]
Loop 966 [1779697, 771602, 42186, 952362]
Loop 967 [2178551, 1174899, 56552, 930562]
Loop 968 [2115637, 1108653, 62339, 928294]
Loop 969 [2320930, 1278882, 59538, 935340]
Loop 970 [2343377, 1338258, 59499, 930442]
Loop 971 [2315432, 1302971, 60431, 934201]
Loop 972 [1981539, 976611, 55479, 929871]
Loop 973 [1738879, 738033, 46461, 939672]
Loop 974 [1800100, 779598, 97157, 909487]
Loop 975 [2109256, 1096723, 62529, 935073]
Loop 976 [2146575, 1138217, 58694, 930760]
Loop 977 [1805563, 768235, 125354, 896359]
Loop 978 [2352471, 1341553, 60080, 934398]
Loop 979 [1859766, 825927, 99782, 916520]
Loop 980 [1909036, 899359, 53712, 937292]
Loop 981 [1945368, 942184, 55693, 931241]
Loop 982 [1997855, 979020, 51327, 951892]
Loop 983 [1883166, 875625, 45061, 946571]
Loop 984 [1994992, 990202, 60220, 929764]
Loop 985 [1913617, 895795, 49904, 949181]
Loop 986 [2371530, 1366917, 58924, 929524]
Loop 987 [1884352, 879745, 44012, 944142]
Loop 988 [2007528, 988344, 69016, 935932]
Loop 989 [2285721, 1281109, 56492, 929544]
Loop 990 [2156591, 1159099, 39446, 942353]
Loop 991 [1744556, 740634, 30373, 959587]
Loop 992 [2920856, 742026, 1373721, 790900]
Loop 993 [2163893, 1168891, 39068, 942170]
Loop 994 [2337793, 1335581, 48844, 937732]
Loop 995 [2264313, 1261991, 46569, 938818]
Loop 996 [1897690, 897789, 35804, 947099]
Loop 997 [2027468, 1013363, 47304, 951318]
Loop 998 [1851492, 849249, 41827, 942727]
Loop 999 [1809617, 810289, 42359, 939584]
replicas primary file /tmp4194304eccache.dat capacity 1048576
replicas slave file /tmp4194304eccache.datLQL0 capacity 1048576
replicas slave file /tmp4194304eccache.datLQL1 capacity 1048576
replicas slave file /tmp4194304eccache.datLQL2 capacity 1048576
replicas slave file /tmp4194304eccache.datLQL3 capacity 1048576
replicas slave file /tmp4194304eccache.datLQL4 capacity 1048576
