writeECPipeline, filename /tmp65536eccache.dat, size 65536, encodingSplitSize 16384, loop 1000, storageClass 0, locationClass 0, pureMonECSubStripeNum 1, isPureMonEC false
MicroEC Coding Ready

starting benchmark...
CrailConstants.REPLICATION_FACTOR has changed to 5
replicas primary file /tmp65536eccache.dat capacity 0
replicas slave file /tmp65536eccache.datLQL0 capacity 0
replicas slave file /tmp65536eccache.datLQL1 capacity 0
replicas slave file /tmp65536eccache.datLQL2 capacity 0
replicas slave file /tmp65536eccache.datLQL3 capacity 0
replicas slave file /tmp65536eccache.datLQL4 capacity 0
ops 1000
final loop (us) 35.686
Loop 0 (us) 181.959
Loop 1 (us) 76.943
Loop 2 (us) 66.317
Loop 3 (us) 48.868
Loop 4 (us) 51.529
Loop 5 (us) 57.268
Loop 6 (us) 48.591
Loop 7 (us) 50.241
Loop 8 (us) 49.241
Loop 9 (us) 76.803
Loop 10 (us) 114.853
Loop 11 (us) 80.885
Loop 12 (us) 74.567
Loop 13 (us) 66.808
Loop 14 (us) 48.77
Loop 15 (us) 48.739
Loop 16 (us) 47.671
Loop 17 (us) 45.589
Loop 18 (us) 50.108
Loop 19 (us) 49.054
Loop 20 (us) 44.316
Loop 21 (us) 44.322
Loop 22 (us) 45.749
Loop 23 (us) 47.764
Loop 24 (us) 45.31
Loop 25 (us) 47.531
Loop 26 (us) 45.424
Loop 27 (us) 61.717
Loop 28 (us) 75.859
Loop 29 (us) 72.497
Loop 30 (us) 44.94
Loop 31 (us) 44.658
Loop 32 (us) 44.01
Loop 33 (us) 43.218
Loop 34 (us) 43.21
Loop 35 (us) 42.987
Loop 36 (us) 43.56
Loop 37 (us) 44.255
Loop 38 (us) 44.507
Loop 39 (us) 45.41
Loop 40 (us) 44.972
Loop 41 (us) 50.334
Loop 42 (us) 45.03
Loop 43 (us) 49.58
Loop 44 (us) 43.706
Loop 45 (us) 49.625
Loop 46 (us) 43.252
Loop 47 (us) 44.158
Loop 48 (us) 45.271
Loop 49 (us) 44.13
Loop 50 (us) 43.818
Loop 51 (us) 45.096
Loop 52 (us) 43.435
Loop 53 (us) 50.002
Loop 54 (us) 44.759
Loop 55 (us) 44.179
Loop 56 (us) 43.99
Loop 57 (us) 45.018
Loop 58 (us) 43.149
Loop 59 (us) 43.677
Loop 60 (us) 44.456
Loop 61 (us) 57.755
Loop 62 (us) 45.645
Loop 63 (us) 46.369
Loop 64 (us) 63.49
Loop 65 (us) 102.801
Loop 66 (us) 70.135
Loop 67 (us) 41.969
Loop 68 (us) 40.865
Loop 69 (us) 64.892
Loop 70 (us) 57.936
Loop 71 (us) 43.515
Loop 72 (us) 42.089
Loop 73 (us) 41.252
Loop 74 (us) 41.425
Loop 75 (us) 40.532
Loop 76 (us) 54.76
Loop 77 (us) 41.592
Loop 78 (us) 48.882
Loop 79 (us) 41.19
Loop 80 (us) 40.21
Loop 81 (us) 53.318
Loop 82 (us) 59.947
Loop 83 (us) 40.89
Loop 84 (us) 40.522
Loop 85 (us) 40.4
Loop 86 (us) 68.134
Loop 87 (us) 525.737
Loop 88 (us) 41.389
Loop 89 (us) 41.108
Loop 90 (us) 45.483
Loop 91 (us) 49.694
Loop 92 (us) 40.528
Loop 93 (us) 54.911
Loop 94 (us) 40.882
Loop 95 (us) 39.886
Loop 96 (us) 39.448
Loop 97 (us) 39.81
Loop 98 (us) 39.506
Loop 99 (us) 51.47
Loop 100 (us) 50.855
Loop 101 (us) 40.493
Loop 102 (us) 39.674
Loop 103 (us) 39.488
Loop 104 (us) 39.516
Loop 105 (us) 39.45
Loop 106 (us) 39.745
Loop 107 (us) 39.586
Loop 108 (us) 40.324
Loop 109 (us) 46.561
Loop 110 (us) 49.295
Loop 111 (us) 41.905
Loop 112 (us) 39.781
Loop 113 (us) 40.553
Loop 114 (us) 39.543
Loop 115 (us) 39.44
Loop 116 (us) 45.336
Loop 117 (us) 38.835
Loop 118 (us) 39.789
Loop 119 (us) 39.768
Loop 120 (us) 39.923
Loop 121 (us) 39.53
Loop 122 (us) 39.813
Loop 123 (us) 39.804
Loop 124 (us) 39.943
Loop 125 (us) 40.127
Loop 126 (us) 39.669
Loop 127 (us) 42.083
Loop 128 (us) 39.787
Loop 129 (us) 40.223
Loop 130 (us) 69.385
Loop 131 (us) 40.179
Loop 132 (us) 39.275
Loop 133 (us) 39.601
Loop 134 (us) 39.845
Loop 135 (us) 39.304
Loop 136 (us) 40.486
Loop 137 (us) 39.566
Loop 138 (us) 38.913
Loop 139 (us) 39.571
Loop 140 (us) 39.558
Loop 141 (us) 39.495
Loop 142 (us) 40.034
Loop 143 (us) 39.687
Loop 144 (us) 39.211
Loop 145 (us) 39.261
Loop 146 (us) 38.942
Loop 147 (us) 39.393
Loop 148 (us) 39.481
Loop 149 (us) 39.783
Loop 150 (us) 39.277
Loop 151 (us) 39.706
Loop 152 (us) 39.886
Loop 153 (us) 39.449
Loop 154 (us) 40.165
Loop 155 (us) 39.642
Loop 156 (us) 39.172
Loop 157 (us) 39.38
Loop 158 (us) 39.714
Loop 159 (us) 39.394
Loop 160 (us) 39.699
Loop 161 (us) 39.787
Loop 162 (us) 71.95
Loop 163 (us) 42.546
Loop 164 (us) 42.511
Loop 165 (us) 37.757
Loop 166 (us) 37.445
Loop 167 (us) 38.137
Loop 168 (us) 37.823
Loop 169 (us) 37.476
Loop 170 (us) 37.576
Loop 171 (us) 38.143
Loop 172 (us) 37.537
Loop 173 (us) 37.863
Loop 174 (us) 37.889
Loop 175 (us) 37.319
Loop 176 (us) 37.575
Loop 177 (us) 38.99
Loop 178 (us) 37.312
Loop 179 (us) 37.601
Loop 180 (us) 36.864
Loop 181 (us) 38.612
Loop 182 (us) 41.52
Loop 183 (us) 37.154
Loop 184 (us) 37.68
Loop 185 (us) 36.641
Loop 186 (us) 37.363
Loop 187 (us) 41.686
Loop 188 (us) 37.266
Loop 189 (us) 37.143
Loop 190 (us) 36.768
Loop 191 (us) 37.587
Loop 192 (us) 37.178
Loop 193 (us) 36.915
Loop 194 (us) 37.158
Loop 195 (us) 37.347
Loop 196 (us) 37.104
Loop 197 (us) 37.009
Loop 198 (us) 36.839
Loop 199 (us) 36.806
Loop 200 (us) 36.395
Loop 201 (us) 36.369
Loop 202 (us) 37.124
Loop 203 (us) 36.752
Loop 204 (us) 37.005
Loop 205 (us) 36.562
Loop 206 (us) 36.904
Loop 207 (us) 36.465
Loop 208 (us) 36.383
Loop 209 (us) 36.211
Loop 210 (us) 36.824
Loop 211 (us) 36.557
Loop 212 (us) 36.896
Loop 213 (us) 36.466
Loop 214 (us) 36.557
Loop 215 (us) 36.258
Loop 216 (us) 37.25
Loop 217 (us) 36.618
Loop 218 (us) 37.139
Loop 219 (us) 37.399
Loop 220 (us) 36.615
Loop 221 (us) 37.089
Loop 222 (us) 36.51
Loop 223 (us) 36.394
Loop 224 (us) 36.54
Loop 225 (us) 36.985
Loop 226 (us) 36.592
Loop 227 (us) 37.475
Loop 228 (us) 37.233
Loop 229 (us) 36.026
Loop 230 (us) 42.521
Loop 231 (us) 36.018
Loop 232 (us) 36.31
Loop 233 (us) 36.869
Loop 234 (us) 36.434
Loop 235 (us) 37.108
Loop 236 (us) 36.826
Loop 237 (us) 36.256
Loop 238 (us) 38.08
Loop 239 (us) 36.91
Loop 240 (us) 36.083
Loop 241 (us) 36.153
Loop 242 (us) 36.959
Loop 243 (us) 36.567
Loop 244 (us) 36.142
Loop 245 (us) 36.348
Loop 246 (us) 37.17
Loop 247 (us) 36.121
Loop 248 (us) 36.497
Loop 249 (us) 36.448
Loop 250 (us) 36.21
Loop 251 (us) 37.685
Loop 252 (us) 37.422
Loop 253 (us) 36.076
Loop 254 (us) 37.472
Loop 255 (us) 45.048
Loop 256 (us) 66.046
Loop 257 (us) 41.341
Loop 258 (us) 37.468
Loop 259 (us) 36.67
Loop 260 (us) 36.154
Loop 261 (us) 36.608
Loop 262 (us) 36.555
Loop 263 (us) 36.006
Loop 264 (us) 37.288
Loop 265 (us) 35.936
Loop 266 (us) 37.377
Loop 267 (us) 37.272
Loop 268 (us) 36.702
Loop 269 (us) 35.845
Loop 270 (us) 37.038
Loop 271 (us) 36.644
Loop 272 (us) 37.44
Loop 273 (us) 36.696
Loop 274 (us) 37.243
Loop 275 (us) 36.131
Loop 276 (us) 36.77
Loop 277 (us) 35.902
Loop 278 (us) 36.953
Loop 279 (us) 41.26
Loop 280 (us) 50.445
Loop 281 (us) 36.856
Loop 282 (us) 37.172
Loop 283 (us) 36.995
Loop 284 (us) 36.942
Loop 285 (us) 36.411
Loop 286 (us) 36.948
Loop 287 (us) 36.524
Loop 288 (us) 36.693
Loop 289 (us) 36.423
Loop 290 (us) 36.906
Loop 291 (us) 37.11
Loop 292 (us) 37.013
Loop 293 (us) 36.604
Loop 294 (us) 36.712
Loop 295 (us) 37.456
Loop 296 (us) 37.373
Loop 297 (us) 36.241
Loop 298 (us) 37.257
Loop 299 (us) 57.087
Loop 300 (us) 38.556
Loop 301 (us) 36.981
Loop 302 (us) 36.619
Loop 303 (us) 37.411
Loop 304 (us) 37.018
Loop 305 (us) 36.754
Loop 306 (us) 36.657
Loop 307 (us) 37.084
Loop 308 (us) 36.47
Loop 309 (us) 36.463
Loop 310 (us) 36.359
Loop 311 (us) 36.473
Loop 312 (us) 36.953
Loop 313 (us) 35.898
Loop 314 (us) 37.328
Loop 315 (us) 36.393
Loop 316 (us) 36.48
Loop 317 (us) 37.02
Loop 318 (us) 36.008
Loop 319 (us) 36.534
Loop 320 (us) 36.978
Loop 321 (us) 37.184
Loop 322 (us) 37.152
Loop 323 (us) 37.179
Loop 324 (us) 36.695
Loop 325 (us) 36.964
Loop 326 (us) 36.358
Loop 327 (us) 36.127
Loop 328 (us) 36.232
Loop 329 (us) 37.163
Loop 330 (us) 36.937
Loop 331 (us) 36.439
Loop 332 (us) 35.483
Loop 333 (us) 35.629
Loop 334 (us) 35.738
Loop 335 (us) 35.67
Loop 336 (us) 35.714
Loop 337 (us) 36.144
Loop 338 (us) 36.141
Loop 339 (us) 35.734
Loop 340 (us) 36.063
Loop 341 (us) 36.359
Loop 342 (us) 36.132
Loop 343 (us) 36.229
Loop 344 (us) 36.173
Loop 345 (us) 35.701
Loop 346 (us) 36.609
Loop 347 (us) 36.181
Loop 348 (us) 35.783
Loop 349 (us) 35.41
Loop 350 (us) 35.543
Loop 351 (us) 36.137
Loop 352 (us) 36.904
Loop 353 (us) 36.589
Loop 354 (us) 35.862
Loop 355 (us) 36.038
Loop 356 (us) 36.82
Loop 357 (us) 36.595
Loop 358 (us) 36.715
Loop 359 (us) 35.942
Loop 360 (us) 36.214
Loop 361 (us) 35.841
Loop 362 (us) 35.41
Loop 363 (us) 35.249
Loop 364 (us) 35.715
Loop 365 (us) 36.65
Loop 366 (us) 39.484
Loop 367 (us) 36.499
Loop 368 (us) 35.828
Loop 369 (us) 36.073
Loop 370 (us) 35.775
Loop 371 (us) 36.034
Loop 372 (us) 36.794
Loop 373 (us) 35.966
Loop 374 (us) 41.757
Loop 375 (us) 36.405
Loop 376 (us) 36.329
Loop 377 (us) 35.712
Loop 378 (us) 35.821
Loop 379 (us) 36.51
Loop 380 (us) 36.608
Loop 381 (us) 36.687
Loop 382 (us) 36.356
Loop 383 (us) 36.455
Loop 384 (us) 36.524
Loop 385 (us) 35.856
Loop 386 (us) 36.287
Loop 387 (us) 36.606
Loop 388 (us) 36.193
Loop 389 (us) 37.241
Loop 390 (us) 36.284
Loop 391 (us) 36.101
Loop 392 (us) 36.807
Loop 393 (us) 36.701
Loop 394 (us) 36.54
Loop 395 (us) 35.961
Loop 396 (us) 35.867
Loop 397 (us) 35.821
Loop 398 (us) 36.381
Loop 399 (us) 35.758
Loop 400 (us) 36.721
Loop 401 (us) 36.185
Loop 402 (us) 36.404
Loop 403 (us) 36.774
Loop 404 (us) 36.668
Loop 405 (us) 36.305
Loop 406 (us) 35.66
Loop 407 (us) 35.672
Loop 408 (us) 36.541
Loop 409 (us) 36.062
Loop 410 (us) 36.195
Loop 411 (us) 35.38
Loop 412 (us) 35.735
Loop 413 (us) 35.797
Loop 414 (us) 35.634
Loop 415 (us) 36.096
Loop 416 (us) 36.1
Loop 417 (us) 35.392
Loop 418 (us) 35.593
Loop 419 (us) 35.455
Loop 420 (us) 36.257
Loop 421 (us) 35.906
Loop 422 (us) 35.273
Loop 423 (us) 36.092
Loop 424 (us) 35.949
Loop 425 (us) 35.571
Loop 426 (us) 35.472
Loop 427 (us) 35.913
Loop 428 (us) 35.858
Loop 429 (us) 35.839
Loop 430 (us) 35.508
Loop 431 (us) 35.837
Loop 432 (us) 35.754
Loop 433 (us) 36.038
Loop 434 (us) 35.712
Loop 435 (us) 36.461
Loop 436 (us) 36.241
Loop 437 (us) 35.922
Loop 438 (us) 35.943
Loop 439 (us) 36.75
Loop 440 (us) 35.353
Loop 441 (us) 36.017
Loop 442 (us) 35.655
Loop 443 (us) 36.037
Loop 444 (us) 36.257
Loop 445 (us) 36.382
Loop 446 (us) 35.999
Loop 447 (us) 36.252
Loop 448 (us) 35.686
Loop 449 (us) 36.028
Loop 450 (us) 36.044
Loop 451 (us) 36.737
Loop 452 (us) 35.804
Loop 453 (us) 36.139
Loop 454 (us) 35.834
Loop 455 (us) 36.679
Loop 456 (us) 36.17
Loop 457 (us) 35.749
Loop 458 (us) 35.989
Loop 459 (us) 36.609
Loop 460 (us) 35.893
Loop 461 (us) 36.103
Loop 462 (us) 35.868
Loop 463 (us) 38.308
Loop 464 (us) 35.968
Loop 465 (us) 35.752
Loop 466 (us) 36.094
Loop 467 (us) 36.946
Loop 468 (us) 35.76
Loop 469 (us) 35.425
Loop 470 (us) 35.804
Loop 471 (us) 36.127
Loop 472 (us) 35.272
Loop 473 (us) 35.776
Loop 474 (us) 35.857
Loop 475 (us) 35.546
Loop 476 (us) 35.362
Loop 477 (us) 36.204
Loop 478 (us) 37.064
Loop 479 (us) 36.026
Loop 480 (us) 36.1
Loop 481 (us) 36.484
Loop 482 (us) 35.524
Loop 483 (us) 36.346
Loop 484 (us) 36.876
Loop 485 (us) 36.008
Loop 486 (us) 35.386
Loop 487 (us) 36.448
Loop 488 (us) 35.664
Loop 489 (us) 36.077
Loop 490 (us) 35.869
Loop 491 (us) 36.283
Loop 492 (us) 36.352
Loop 493 (us) 36.742
Loop 494 (us) 35.501
Loop 495 (us) 36.088
Loop 496 (us) 36.933
Loop 497 (us) 35.646
Loop 498 (us) 35.696
Loop 499 (us) 36.535
Loop 500 (us) 36.129
Loop 501 (us) 35.616
Loop 502 (us) 36.253
Loop 503 (us) 36.096
Loop 504 (us) 35.966
Loop 505 (us) 35.929
Loop 506 (us) 36.383
Loop 507 (us) 36.108
Loop 508 (us) 36.087
Loop 509 (us) 35.856
Loop 510 (us) 36.149
Loop 511 (us) 36.232
Loop 512 (us) 36.271
Loop 513 (us) 37.138
Loop 514 (us) 36.177
Loop 515 (us) 36.153
Loop 516 (us) 37.998
Loop 517 (us) 37.208
Loop 518 (us) 36.712
Loop 519 (us) 35.836
Loop 520 (us) 36.648
Loop 521 (us) 35.937
Loop 522 (us) 36.652
Loop 523 (us) 36.693
Loop 524 (us) 36.965
Loop 525 (us) 35.538
Loop 526 (us) 35.976
Loop 527 (us) 36.298
Loop 528 (us) 35.901
Loop 529 (us) 37.11
Loop 530 (us) 35.736
Loop 531 (us) 36.444
Loop 532 (us) 37.091
Loop 533 (us) 37.16
Loop 534 (us) 35.529
Loop 535 (us) 35.687
Loop 536 (us) 37.04
Loop 537 (us) 37.062
Loop 538 (us) 38.153
Loop 539 (us) 35.734
Loop 540 (us) 37.046
Loop 541 (us) 38.175
Loop 542 (us) 35.288
Loop 543 (us) 36.256
Loop 544 (us) 35.559
Loop 545 (us) 35.525
Loop 546 (us) 35.521
Loop 547 (us) 35.501
Loop 548 (us) 37.623
Loop 549 (us) 36.757
Loop 550 (us) 35.354
Loop 551 (us) 35.986
Loop 552 (us) 35.501
Loop 553 (us) 36.676
Loop 554 (us) 35.559
Loop 555 (us) 36.278
Loop 556 (us) 37.167
Loop 557 (us) 36.798
Loop 558 (us) 35.798
Loop 559 (us) 36.117
Loop 560 (us) 37.263
Loop 561 (us) 45.413
Loop 562 (us) 35.847
Loop 563 (us) 35.548
Loop 564 (us) 37.352
Loop 565 (us) 38.007
Loop 566 (us) 35.888
Loop 567 (us) 35.704
Loop 568 (us) 35.816
Loop 569 (us) 35.534
Loop 570 (us) 35.488
Loop 571 (us) 40.104
Loop 572 (us) 36.939
Loop 573 (us) 37.309
Loop 574 (us) 35.639
Loop 575 (us) 36.347
Loop 576 (us) 36.763
Loop 577 (us) 35.932
Loop 578 (us) 35.549
Loop 579 (us) 35.742
Loop 580 (us) 36.922
Loop 581 (us) 35.877
Loop 582 (us) 35.926
Loop 583 (us) 35.863
Loop 584 (us) 37.013
Loop 585 (us) 35.967
Loop 586 (us) 35.936
Loop 587 (us) 35.801
Loop 588 (us) 37.497
Loop 589 (us) 35.734
Loop 590 (us) 36.742
Loop 591 (us) 36.298
Loop 592 (us) 36.607
Loop 593 (us) 35.658
Loop 594 (us) 36.457
Loop 595 (us) 36.592
Loop 596 (us) 36.632
Loop 597 (us) 35.733
Loop 598 (us) 43.304
Loop 599 (us) 35.498
Loop 600 (us) 36.123
Loop 601 (us) 36.142
Loop 602 (us) 36.162
Loop 603 (us) 36.607
Loop 604 (us) 37.045
Loop 605 (us) 36.293
Loop 606 (us) 36.003
Loop 607 (us) 36.663
Loop 608 (us) 36.777
Loop 609 (us) 36.404
Loop 610 (us) 36.684
Loop 611 (us) 36.254
Loop 612 (us) 37.383
Loop 613 (us) 35.361
Loop 614 (us) 36.571
Loop 615 (us) 37.204
Loop 616 (us) 36.081
Loop 617 (us) 36.124
Loop 618 (us) 36.598
Loop 619 (us) 37.015
Loop 620 (us) 36.604
Loop 621 (us) 41.818
Loop 622 (us) 36.561
Loop 623 (us) 37.099
Loop 624 (us) 36.273
Loop 625 (us) 35.517
Loop 626 (us) 36.789
Loop 627 (us) 36.39
Loop 628 (us) 36.736
Loop 629 (us) 35.66
Loop 630 (us) 36.256
Loop 631 (us) 36.426
Loop 632 (us) 39.153
Loop 633 (us) 35.441
Loop 634 (us) 36.165
Loop 635 (us) 36.284
Loop 636 (us) 35.64
Loop 637 (us) 35.625
Loop 638 (us) 35.59
Loop 639 (us) 35.639
Loop 640 (us) 35.564
Loop 641 (us) 37.543
Loop 642 (us) 36.908
Loop 643 (us) 36.22
Loop 644 (us) 35.523
Loop 645 (us) 35.977
Loop 646 (us) 36.891
Loop 647 (us) 36.989
Loop 648 (us) 35.542
Loop 649 (us) 35.918
Loop 650 (us) 37.412
Loop 651 (us) 37.005
Loop 652 (us) 35.419
Loop 653 (us) 35.701
Loop 654 (us) 35.532
Loop 655 (us) 36.943
Loop 656 (us) 35.957
Loop 657 (us) 37.323
Loop 658 (us) 37.467
Loop 659 (us) 37.335
Loop 660 (us) 35.798
Loop 661 (us) 37.283
Loop 662 (us) 36.958
Loop 663 (us) 35.662
Loop 664 (us) 36.091
Loop 665 (us) 58.138
Loop 666 (us) 36.968
Loop 667 (us) 36.683
Loop 668 (us) 36.521
Loop 669 (us) 36.656
Loop 670 (us) 36.842
Loop 671 (us) 36.349
Loop 672 (us) 36.816
Loop 673 (us) 37.342
Loop 674 (us) 36.85
Loop 675 (us) 36.762
Loop 676 (us) 40.197
Loop 677 (us) 36.687
Loop 678 (us) 36.402
Loop 679 (us) 36.922
Loop 680 (us) 37.314
Loop 681 (us) 36.511
Loop 682 (us) 36.088
Loop 683 (us) 36.908
Loop 684 (us) 35.554
Loop 685 (us) 40.754
Loop 686 (us) 36.474
Loop 687 (us) 36.418
Loop 688 (us) 35.864
Loop 689 (us) 37.323
Loop 690 (us) 37.194
Loop 691 (us) 35.891
Loop 692 (us) 36.651
Loop 693 (us) 37.199
Loop 694 (us) 36.554
Loop 695 (us) 36.217
Loop 696 (us) 36.959
Loop 697 (us) 36.196
Loop 698 (us) 36.529
Loop 699 (us) 37.774
Loop 700 (us) 36.339
Loop 701 (us) 36.415
Loop 702 (us) 36.089
Loop 703 (us) 36.168
Loop 704 (us) 36.561
Loop 705 (us) 36.561
Loop 706 (us) 36.144
Loop 707 (us) 36.022
Loop 708 (us) 36.247
Loop 709 (us) 37.14
Loop 710 (us) 35.518
Loop 711 (us) 36.105
Loop 712 (us) 36.472
Loop 713 (us) 36.198
Loop 714 (us) 38.105
Loop 715 (us) 35.722
Loop 716 (us) 35.972
Loop 717 (us) 38.594
Loop 718 (us) 35.927
Loop 719 (us) 36.754
Loop 720 (us) 35.888
Loop 721 (us) 35.651
Loop 722 (us) 35.988
Loop 723 (us) 36.144
Loop 724 (us) 36.084
Loop 725 (us) 35.699
Loop 726 (us) 36.255
Loop 727 (us) 36.077
Loop 728 (us) 36.889
Loop 729 (us) 36.03
Loop 730 (us) 36.126
Loop 731 (us) 36.127
Loop 732 (us) 36.057
Loop 733 (us) 35.674
Loop 734 (us) 36.117
Loop 735 (us) 35.608
Loop 736 (us) 36.441
Loop 737 (us) 36.509
Loop 738 (us) 36.06
Loop 739 (us) 37.524
Loop 740 (us) 36.807
Loop 741 (us) 36.307
Loop 742 (us) 36.762
Loop 743 (us) 36.015
Loop 744 (us) 36.405
Loop 745 (us) 36.406
Loop 746 (us) 35.446
Loop 747 (us) 36.468
Loop 748 (us) 37.187
Loop 749 (us) 35.984
Loop 750 (us) 35.819
Loop 751 (us) 36.478
Loop 752 (us) 36.328
Loop 753 (us) 36.492
Loop 754 (us) 35.84
Loop 755 (us) 35.661
Loop 756 (us) 36.411
Loop 757 (us) 36.086
Loop 758 (us) 35.535
Loop 759 (us) 36.049
Loop 760 (us) 36.51
Loop 761 (us) 35.711
Loop 762 (us) 35.499
Loop 763 (us) 35.832
Loop 764 (us) 35.733
Loop 765 (us) 35.682
Loop 766 (us) 35.781
Loop 767 (us) 36.399
Loop 768 (us) 35.954
Loop 769 (us) 36.339
Loop 770 (us) 36.215
Loop 771 (us) 35.94
Loop 772 (us) 36.551
Loop 773 (us) 36.25
Loop 774 (us) 35.937
Loop 775 (us) 35.883
Loop 776 (us) 37.97
Loop 777 (us) 35.707
Loop 778 (us) 35.653
Loop 779 (us) 36.366
Loop 780 (us) 35.742
Loop 781 (us) 36.3
Loop 782 (us) 35.936
Loop 783 (us) 36.364
Loop 784 (us) 35.675
Loop 785 (us) 36.528
Loop 786 (us) 36.171
Loop 787 (us) 36.437
Loop 788 (us) 35.71
Loop 789 (us) 36.794
Loop 790 (us) 36.38
Loop 791 (us) 36.076
Loop 792 (us) 35.869
Loop 793 (us) 35.469
Loop 794 (us) 36.731
Loop 795 (us) 356.415
Loop 796 (us) 60.492
Loop 797 (us) 68.842
Loop 798 (us) 72.221
Loop 799 (us) 103.952
Loop 800 (us) 58.932
Loop 801 (us) 61.704
Loop 802 (us) 60.995
Loop 803 (us) 62.689
Loop 804 (us) 62.258
Loop 805 (us) 69.483
Loop 806 (us) 64.865
Loop 807 (us) 60.377
Loop 808 (us) 58.39
Loop 809 (us) 60.691
Loop 810 (us) 62.165
Loop 811 (us) 71.437
Loop 812 (us) 60.586
Loop 813 (us) 61.099
Loop 814 (us) 60.83
Loop 815 (us) 59.319
Loop 816 (us) 75.071
Loop 817 (us) 62.776
Loop 818 (us) 60.683
Loop 819 (us) 62.878
Loop 820 (us) 61.242
Loop 821 (us) 70.007
Loop 822 (us) 59.58
Loop 823 (us) 61.281
Loop 824 (us) 60.508
Loop 825 (us) 60.653
Loop 826 (us) 70.878
Loop 827 (us) 36.366
Loop 828 (us) 35.329
Loop 829 (us) 35.908
Loop 830 (us) 35.853
Loop 831 (us) 36.359
Loop 832 (us) 35.287
Loop 833 (us) 35.997
Loop 834 (us) 36.093
Loop 835 (us) 36.655
Loop 836 (us) 35.704
Loop 837 (us) 35.845
Loop 838 (us) 36.685
Loop 839 (us) 35.485
Loop 840 (us) 35.788
Loop 841 (us) 36.107
Loop 842 (us) 36.112
Loop 843 (us) 35.765
Loop 844 (us) 36.016
Loop 845 (us) 35.819
Loop 846 (us) 36.41
Loop 847 (us) 36.013
Loop 848 (us) 36.388
Loop 849 (us) 36.367
Loop 850 (us) 35.971
Loop 851 (us) 36.362
Loop 852 (us) 35.854
Loop 853 (us) 39.559
Loop 854 (us) 35.427
Loop 855 (us) 35.823
Loop 856 (us) 36.109
Loop 857 (us) 35.108
Loop 858 (us) 35.72
Loop 859 (us) 35.74
Loop 860 (us) 35.54
Loop 861 (us) 35.406
Loop 862 (us) 36.27
Loop 863 (us) 35.906
Loop 864 (us) 35.732
Loop 865 (us) 35.719
Loop 866 (us) 37.828
Loop 867 (us) 35.753
Loop 868 (us) 40.134
Loop 869 (us) 36.016
Loop 870 (us) 37.168
Loop 871 (us) 35.623
Loop 872 (us) 35.726
Loop 873 (us) 37.145
Loop 874 (us) 36.489
Loop 875 (us) 36.952
Loop 876 (us) 35.832
Loop 877 (us) 35.74
Loop 878 (us) 36.14
Loop 879 (us) 35.618
Loop 880 (us) 35.808
Loop 881 (us) 35.85
Loop 882 (us) 36.658
Loop 883 (us) 37.644
Loop 884 (us) 35.901
Loop 885 (us) 36.365
Loop 886 (us) 36.145
Loop 887 (us) 35.567
Loop 888 (us) 35.954
Loop 889 (us) 35.93
Loop 890 (us) 36.688
Loop 891 (us) 35.725
Loop 892 (us) 35.894
Loop 893 (us) 36.125
Loop 894 (us) 36.438
Loop 895 (us) 35.524
Loop 896 (us) 35.634
Loop 897 (us) 35.831
Loop 898 (us) 39.352
Loop 899 (us) 36.02
Loop 900 (us) 35.889
Loop 901 (us) 35.491
Loop 902 (us) 36.27
Loop 903 (us) 35.686
Loop 904 (us) 36.106
Loop 905 (us) 36.055
Loop 906 (us) 36.101
Loop 907 (us) 35.814
Loop 908 (us) 35.804
Loop 909 (us) 35.747
Loop 910 (us) 35.964
Loop 911 (us) 36.172
Loop 912 (us) 36.365
Loop 913 (us) 35.572
Loop 914 (us) 35.887
Loop 915 (us) 35.703
Loop 916 (us) 35.99
Loop 917 (us) 35.578
Loop 918 (us) 36.166
Loop 919 (us) 36.323
Loop 920 (us) 35.956
Loop 921 (us) 36.047
Loop 922 (us) 36.477
Loop 923 (us) 35.512
Loop 924 (us) 35.546
Loop 925 (us) 35.386
Loop 926 (us) 36.507
Loop 927 (us) 35.801
Loop 928 (us) 35.466
Loop 929 (us) 35.573
Loop 930 (us) 37.016
Loop 931 (us) 36.09
Loop 932 (us) 35.935
Loop 933 (us) 35.734
Loop 934 (us) 36.487
Loop 935 (us) 35.523
Loop 936 (us) 35.552
Loop 937 (us) 35.669
Loop 938 (us) 36.277
Loop 939 (us) 36.029
Loop 940 (us) 35.462
Loop 941 (us) 36.008
Loop 942 (us) 36.615
Loop 943 (us) 37.756
Loop 944 (us) 35.515
Loop 945 (us) 36.627
Loop 946 (us) 37.765
Loop 947 (us) 35.592
Loop 948 (us) 36.257
Loop 949 (us) 37.035
Loop 950 (us) 35.793
Loop 951 (us) 35.896
Loop 952 (us) 37.881
Loop 953 (us) 35.615
Loop 954 (us) 35.766
Loop 955 (us) 37.188
Loop 956 (us) 36.055
Loop 957 (us) 35.522
Loop 958 (us) 35.292
Loop 959 (us) 35.701
Loop 960 (us) 35.609
Loop 961 (us) 35.985
Loop 962 (us) 35.749
Loop 963 (us) 35.92
Loop 964 (us) 36.334
Loop 965 (us) 36.024
Loop 966 (us) 35.206
Loop 967 (us) 35.961
Loop 968 (us) 35.996
Loop 969 (us) 38.89
Loop 970 (us) 35.637
Loop 971 (us) 35.696
Loop 972 (us) 35.778
Loop 973 (us) 35.704
Loop 974 (us) 35.647
Loop 975 (us) 35.858
Loop 976 (us) 35.665
Loop 977 (us) 35.743
Loop 978 (us) 35.946
Loop 979 (us) 36.009
Loop 980 (us) 35.762
Loop 981 (us) 35.545
Loop 982 (us) 35.903
Loop 983 (us) 35.721
Loop 984 (us) 38.483
Loop 985 (us) 35.465
Loop 986 (us) 35.436
Loop 987 (us) 35.648
Loop 988 (us) 35.296
Loop 989 (us) 36.069
Loop 990 (us) 35.965
Loop 991 (us) 35.798
Loop 992 (us) 35.765
Loop 993 (us) 35.588
Loop 994 (us) 35.929
Loop 995 (us) 36.581
Loop 996 (us) 36.231
Loop 997 (us) 35.704
Loop 998 (us) 35.622
Loop 999 (us) 35.686
Warmup times 0
avgLoopLatency(us) 40.029724
iops 24981.436294689414
variance 20.459912190276476
Loop 0 [181959, 44754, 88644, 31366]
Loop 1 [76943, 16008, 26387, 24734]
Loop 2 [66317, 14739, 24147, 7016]
Loop 3 [48868, 14536, 21005, 6945]
Loop 4 [51529, 14455, 24100, 6879]
Loop 5 [57268, 16060, 25026, 8363]
Loop 6 [48591, 14734, 20005, 7177]
Loop 7 [50241, 14326, 22620, 6904]
Loop 8 [49241, 14371, 21453, 6901]
Loop 9 [76803, 13965, 20932, 35625]
Loop 10 [114853, 14026, 20641, 74239]
Loop 11 [80885, 14457, 18924, 41183]
Loop 12 [74567, 13947, 18215, 36253]
Loop 13 [66808, 14760, 21445, 24468]
Loop 14 [48770, 13696, 19562, 9692]
Loop 15 [48739, 13015, 20450, 9520]
Loop 16 [47671, 13390, 19038, 9524]
Loop 17 [45589, 13526, 17561, 9070]
Loop 18 [50108, 13222, 21663, 9727]
Loop 19 [49054, 13311, 20649, 9628]
Loop 20 [44316, 13029, 16593, 9185]
Loop 21 [44322, 12844, 16743, 9402]
Loop 22 [45749, 12992, 17663, 9449]
Loop 23 [47764, 13170, 19653, 9486]
Loop 24 [45310, 12855, 17705, 9269]
Loop 25 [47531, 13019, 19852, 9245]
Loop 26 [45424, 12908, 18230, 9104]
Loop 27 [61717, 12857, 21184, 22557]
Loop 28 [75859, 13242, 20176, 37059]
Loop 29 [72497, 13626, 23431, 29782]
Loop 30 [44940, 13650, 18638, 6842]
Loop 31 [44658, 12974, 20227, 6150]
Loop 32 [44010, 13034, 19270, 6455]
Loop 33 [43218, 12788, 18569, 6551]
Loop 34 [43210, 12819, 18137, 6922]
Loop 35 [42987, 12998, 17514, 7204]
Loop 36 [43560, 12812, 18784, 6517]
Loop 37 [44255, 12926, 19407, 6629]
Loop 38 [44507, 12804, 20183, 6391]
Loop 39 [45410, 12642, 21359, 6342]
Loop 40 [44972, 12817, 20278, 6678]
Loop 41 [50334, 12762, 25990, 6391]
Loop 42 [45030, 12680, 20641, 6590]
Loop 43 [49580, 12849, 25245, 6376]
Loop 44 [43706, 12653, 19750, 6267]
Loop 45 [49625, 12690, 25301, 6441]
Loop 46 [43252, 12635, 19425, 6183]
Loop 47 [44158, 12668, 20003, 6284]
Loop 48 [45271, 12520, 21153, 6339]
Loop 49 [44130, 12593, 20276, 6249]
Loop 50 [43818, 12688, 19810, 6273]
Loop 51 [45096, 12680, 20798, 6449]
Loop 52 [43435, 12609, 19518, 6171]
Loop 53 [50002, 12525, 26161, 6346]
Loop 54 [44759, 12705, 20444, 6324]
Loop 55 [44179, 12604, 20504, 6138]
Loop 56 [43990, 12630, 20240, 6069]
Loop 57 [45018, 12815, 20997, 6215]
Loop 58 [43149, 12473, 19575, 6248]
Loop 59 [43677, 12407, 20132, 6230]
Loop 60 [44456, 12426, 20854, 6293]
Loop 61 [57755, 21098, 22578, 8086]
Loop 62 [45645, 12996, 20349, 6548]
Loop 63 [46369, 12593, 21780, 6555]
Loop 64 [63490, 12598, 36884, 8952]
Loop 65 [102801, 12533, 71879, 13125]
Loop 66 [70135, 13218, 42959, 8616]
Loop 67 [41969, 11550, 19601, 6009]
Loop 68 [40865, 11266, 18842, 6242]
Loop 69 [64892, 10913, 41115, 8238]
Loop 70 [57936, 11917, 24111, 17249]
Loop 71 [43515, 11616, 20189, 7037]
Loop 72 [42089, 11139, 19782, 6603]
Loop 73 [41252, 11259, 19359, 6169]
Loop 74 [41425, 11370, 19530, 6137]
Loop 75 [40532, 10886, 19046, 6260]
Loop 76 [54760, 11150, 19705, 19490]
Loop 77 [41592, 11153, 19645, 6354]
Loop 78 [48882, 10958, 27824, 5729]
Loop 79 [41190, 11289, 19691, 5764]
Loop 80 [40210, 11051, 18451, 6255]
Loop 81 [53318, 10885, 19737, 5744]
Loop 82 [59947, 11105, 38413, 5981]
Loop 83 [40890, 11485, 17242, 7597]
Loop 84 [40522, 11117, 18499, 6506]
Loop 85 [40400, 11235, 18123, 6617]
Loop 86 [68134, 11352, 17881, 5736]
Loop 87 [525737, 11580, 494471, 6323]
Loop 88 [41389, 11779, 18618, 6296]
Loop 89 [41108, 11285, 17923, 7130]
Loop 90 [45483, 11174, 17027, 12851]
Loop 91 [49694, 11482, 27662, 6322]
Loop 92 [40528, 11522, 17247, 7517]
Loop 93 [54911, 10976, 32961, 6915]
Loop 94 [40882, 11511, 17972, 7197]
Loop 95 [39886, 10981, 18166, 6541]
Loop 96 [39448, 10964, 17106, 7327]
Loop 97 [39810, 11244, 17463, 7047]
Loop 98 [39506, 10986, 17118, 7379]
Loop 99 [51470, 11016, 17667, 18634]
Loop 100 [50855, 11190, 17331, 18219]
Loop 101 [40493, 11366, 18142, 6831]
Loop 102 [39674, 11455, 16950, 7242]
Loop 103 [39488, 11109, 17513, 6786]
Loop 104 [39516, 11142, 17340, 6915]
Loop 105 [39450, 11139, 17808, 6426]
Loop 106 [39745, 11300, 16571, 7755]
Loop 107 [39586, 11123, 16740, 7523]
Loop 108 [40324, 11093, 17680, 7370]
Loop 109 [46561, 11036, 17292, 14059]
Loop 110 [49295, 11336, 16528, 17156]
Loop 111 [41905, 11329, 19907, 6371]
Loop 112 [39781, 11290, 16839, 7438]
Loop 113 [40553, 11293, 16742, 8424]
Loop 114 [39543, 11233, 16873, 7357]
Loop 115 [39440, 11139, 16818, 7397]
Loop 116 [45336, 11147, 16343, 8230]
Loop 117 [38835, 10911, 15756, 8106]
Loop 118 [39789, 11190, 17021, 7388]
Loop 119 [39768, 10962, 17266, 7495]
Loop 120 [39923, 11015, 16864, 8016]
Loop 121 [39530, 11044, 16783, 7702]
Loop 122 [39813, 11081, 16429, 8186]
Loop 123 [39804, 11266, 16462, 7956]
Loop 124 [39943, 11048, 16556, 8192]
Loop 125 [40127, 11099, 17041, 7843]
Loop 126 [39669, 11159, 16102, 8299]
Loop 127 [42083, 11252, 17258, 6973]
Loop 128 [39787, 11250, 16398, 7908]
Loop 129 [40223, 11133, 17554, 7341]
Loop 130 [69385, 11098, 16256, 37856]
Loop 131 [40179, 11331, 17333, 7018]
Loop 132 [39275, 11117, 16661, 7342]
Loop 133 [39601, 11364, 16779, 7169]
Loop 134 [39845, 11139, 16998, 7488]
Loop 135 [39304, 10923, 16960, 7215]
Loop 136 [40486, 11230, 16830, 8238]
Loop 137 [39566, 11279, 16041, 8006]
Loop 138 [38913, 10888, 15642, 8211]
Loop 139 [39571, 11145, 16109, 8058]
Loop 140 [39558, 10889, 16544, 7952]
Loop 141 [39495, 11195, 16893, 7196]
Loop 142 [40034, 11241, 16618, 7916]
Loop 143 [39687, 10997, 16406, 8171]
Loop 144 [39211, 11105, 15834, 8002]
Loop 145 [39261, 11036, 17260, 6798]
Loop 146 [38942, 11023, 15247, 8383]
Loop 147 [39393, 10952, 15843, 8143]
Loop 148 [39481, 10966, 16363, 7979]
Loop 149 [39783, 11109, 16182, 8256]
Loop 150 [39277, 11088, 15305, 8716]
Loop 151 [39706, 11182, 16447, 6791]
Loop 152 [39886, 11108, 16205, 8377]
Loop 153 [39449, 11112, 16010, 8137]
Loop 154 [40165, 11182, 16352, 8438]
Loop 155 [39642, 11252, 15901, 8269]
Loop 156 [39172, 11216, 15495, 8373]
Loop 157 [39380, 11110, 15636, 8421]
Loop 158 [39714, 11109, 16367, 7992]
Loop 159 [39394, 10959, 16463, 7744]
Loop 160 [39699, 11112, 16391, 7929]
Loop 161 [39787, 11260, 16392, 7808]
Loop 162 [71950, 10878, 48512, 8236]
Loop 163 [42546, 11606, 16821, 9732]
Loop 164 [42511, 12728, 16457, 7980]
Loop 165 [37757, 11121, 13631, 8865]
Loop 166 [37445, 10955, 13307, 8985]
Loop 167 [38137, 11162, 14080, 8732]
Loop 168 [37823, 11186, 13513, 8984]
Loop 169 [37476, 10986, 13482, 8821]
Loop 170 [37576, 11061, 13258, 8981]
Loop 171 [38143, 11101, 13826, 9005]
Loop 172 [37537, 11257, 13154, 8949]
Loop 173 [37863, 11214, 12936, 9401]
Loop 174 [37889, 11030, 12987, 9628]
Loop 175 [37319, 11023, 13178, 8935]
Loop 176 [37575, 11117, 13281, 8924]
Loop 177 [38990, 11048, 15520, 8175]
Loop 178 [37312, 11044, 12762, 9320]
Loop 179 [37601, 11178, 12577, 9606]
Loop 180 [36864, 10754, 12361, 9516]
Loop 181 [38612, 11190, 13088, 10177]
Loop 182 [41520, 15134, 12822, 9322]
Loop 183 [37154, 10856, 12813, 9346]
Loop 184 [37680, 11144, 13063, 9224]
Loop 185 [36641, 10772, 12096, 9583]
Loop 186 [37363, 11184, 12216, 9699]
Loop 187 [41686, 15677, 12447, 9393]
Loop 188 [37266, 10822, 12862, 9379]
Loop 189 [37143, 11025, 11826, 10116]
Loop 190 [36768, 10801, 11731, 10035]
Loop 191 [37587, 11093, 12299, 10051]
Loop 192 [37178, 11116, 11350, 10459]
Loop 193 [36915, 11079, 11989, 9722]
Loop 194 [37158, 11157, 11780, 9988]
Loop 195 [37347, 11238, 11482, 10316]
Loop 196 [37104, 11191, 10414, 11180]
Loop 197 [37009, 11055, 11210, 10457]
Loop 198 [36839, 11070, 9944, 11561]
Loop 199 [36806, 11170, 10968, 10439]
Loop 200 [36395, 11071, 10112, 10928]
Loop 201 [36369, 11054, 9616, 11432]
Loop 202 [37124, 11206, 10818, 10865]
Loop 203 [36752, 11069, 10979, 10483]
Loop 204 [37005, 10851, 10277, 11746]
Loop 205 [36562, 11051, 10505, 10779]
Loop 206 [36904, 11089, 10993, 10580]
Loop 207 [36465, 10979, 10077, 11265]
Loop 208 [36383, 11089, 10563, 10532]
Loop 209 [36211, 10799, 10172, 11033]
Loop 210 [36824, 10929, 9800, 11767]
Loop 211 [36557, 11026, 10062, 11218]
Loop 212 [36896, 10968, 10764, 10892]
Loop 213 [36466, 11069, 10439, 10696]
Loop 214 [36557, 10868, 10583, 10869]
Loop 215 [36258, 10896, 10225, 10880]
Loop 216 [37250, 11124, 10452, 11465]
Loop 217 [36618, 10932, 10660, 10825]
Loop 218 [37139, 10943, 11186, 10726]
Loop 219 [37399, 11048, 10340, 11758]
Loop 220 [36615, 11013, 10573, 10916]
Loop 221 [37089, 11154, 10734, 10995]
Loop 222 [36510, 11059, 9839, 11357]
Loop 223 [36394, 11115, 9549, 11443]
Loop 224 [36540, 11059, 10053, 11161]
Loop 225 [36985, 11063, 10502, 11132]
Loop 226 [36592, 11169, 10104, 11122]
Loop 227 [37475, 11038, 10902, 11264]
Loop 228 [37233, 11162, 9969, 11828]
Loop 229 [36026, 10919, 9913, 10997]
Loop 230 [42521, 11255, 10006, 11211]
Loop 231 [36018, 10899, 9833, 11211]
Loop 232 [36310, 11161, 10259, 10753]
Loop 233 [36869, 11165, 10216, 11264]
Loop 234 [36434, 10965, 9788, 11529]
Loop 235 [37108, 11050, 10859, 11052]
Loop 236 [36826, 10813, 10446, 11417]
Loop 237 [36256, 10936, 9688, 11432]
Loop 238 [38080, 11050, 13368, 9523]
Loop 239 [36910, 10984, 10207, 11547]
Loop 240 [36083, 11078, 9668, 11205]
Loop 241 [36153, 10900, 10025, 11042]
Loop 242 [36959, 10983, 10153, 11628]
Loop 243 [36567, 11165, 9992, 11291]
Loop 244 [36142, 10795, 10329, 10886]
Loop 245 [36348, 11046, 10174, 10950]
Loop 246 [37170, 11103, 10175, 11698]
Loop 247 [36121, 10990, 9557, 11481]
Loop 248 [36497, 11135, 10195, 10966]
Loop 249 [36448, 11146, 9919, 11226]
Loop 250 [36210, 10868, 10605, 10507]
Loop 251 [37685, 11671, 11195, 10504]
Loop 252 [37422, 11280, 10162, 11528]
Loop 253 [36076, 10912, 10546, 10471]
Loop 254 [37472, 11139, 10331, 11800]
Loop 255 [45048, 10994, 10156, 12123]
Loop 256 [66046, 11041, 10543, 11719]
Loop 257 [41341, 15038, 10519, 11194]
Loop 258 [37468, 10917, 10182, 12545]
Loop 259 [36670, 11022, 10277, 11458]
Loop 260 [36154, 10887, 10893, 10493]
Loop 261 [36608, 11144, 10156, 11464]
Loop 262 [36555, 10844, 9854, 12052]
Loop 263 [36006, 11016, 10904, 10294]
Loop 264 [37288, 11077, 10297, 12104]
Loop 265 [35936, 10987, 10006, 11106]
Loop 266 [37377, 11125, 10699, 11716]
Loop 267 [37272, 11321, 10694, 11469]
Loop 268 [36702, 10845, 9742, 12231]
Loop 269 [35845, 11131, 10016, 10875]
Loop 270 [37038, 11405, 10074, 11646]
Loop 271 [36644, 10880, 10039, 11779]
Loop 272 [37440, 11150, 10368, 11984]
Loop 273 [36696, 11318, 10104, 11537]
Loop 274 [37243, 11035, 10276, 12143]
Loop 275 [36131, 11164, 10824, 10312]
Loop 276 [36770, 11262, 9808, 11887]
Loop 277 [35902, 10927, 9714, 11324]
Loop 278 [36953, 11111, 10166, 11796]
Loop 279 [41260, 11274, 11033, 13642]
Loop 280 [50445, 11047, 10185, 11578]
Loop 281 [36856, 11302, 10911, 10722]
Loop 282 [37172, 10934, 11199, 10340]
Loop 283 [36995, 11013, 10736, 11529]
Loop 284 [36942, 11221, 13782, 6976]
Loop 285 [36411, 11114, 9896, 11246]
Loop 286 [36948, 11162, 10026, 11809]
Loop 287 [36524, 10971, 10959, 10619]
Loop 288 [36693, 11105, 10463, 11351]
Loop 289 [36423, 11072, 10181, 11340]
Loop 290 [36906, 11093, 10087, 11913]
Loop 291 [37110, 11189, 10279, 11767]
Loop 292 [37013, 11257, 11376, 10585]
Loop 293 [36604, 11332, 10778, 10577]
Loop 294 [36712, 11222, 9346, 12420]
Loop 295 [37456, 11118, 11074, 11621]
Loop 296 [37373, 11142, 10578, 11863]
Loop 297 [36241, 11102, 10450, 11091]
Loop 298 [37257, 11139, 10870, 11584]
Loop 299 [57087, 19304, 22494, 7565]
Loop 300 [38556, 10970, 14517, 9032]
Loop 301 [36981, 11284, 12209, 9566]
Loop 302 [36619, 11116, 11943, 9487]
Loop 303 [37411, 10864, 13589, 8901]
Loop 304 [37018, 11008, 12139, 9962]
Loop 305 [36754, 11043, 12443, 9152]
Loop 306 [36657, 10859, 12588, 9256]
Loop 307 [37084, 11053, 12735, 9210]
Loop 308 [36470, 10935, 11397, 10265]
Loop 309 [36463, 10896, 11617, 10237]
Loop 310 [36359, 11040, 11559, 9921]
Loop 311 [36473, 11020, 11357, 10231]
Loop 312 [36953, 11176, 11956, 10024]
Loop 313 [35898, 10631, 11619, 10050]
Loop 314 [37328, 10937, 12469, 9859]
Loop 315 [36393, 10890, 12104, 9375]
Loop 316 [36480, 10888, 12401, 9330]
Loop 317 [37020, 11025, 11364, 10443]
Loop 318 [36008, 11089, 10735, 10338]
Loop 319 [36534, 11192, 11022, 10476]
Loop 320 [36978, 10980, 12772, 9019]
Loop 321 [37184, 11093, 12055, 9590]
Loop 322 [37152, 11174, 12666, 9363]
Loop 323 [37179, 11011, 11432, 10921]
Loop 324 [36695, 11154, 11127, 10641]
Loop 325 [36964, 11106, 11836, 10346]
Loop 326 [36358, 10984, 11033, 10697]
Loop 327 [36127, 10930, 10726, 10836]
Loop 328 [36232, 11078, 11277, 10148]
Loop 329 [37163, 11243, 11995, 9667]
Loop 330 [36937, 11026, 11334, 10382]
Loop 331 [36439, 11011, 10270, 11411]
Loop 332 [35483, 10896, 8327, 12635]
Loop 333 [35629, 11078, 8486, 12360]
Loop 334 [35738, 11198, 8694, 12142]
Loop 335 [35670, 11143, 9019, 11742]
Loop 336 [35714, 11019, 9378, 11578]
Loop 337 [36144, 10999, 9774, 11541]
Loop 338 [36141, 11042, 9245, 12109]
Loop 339 [35734, 11104, 8880, 11925]
Loop 340 [36063, 10963, 8744, 12519]
Loop 341 [36359, 11164, 9197, 12161]
Loop 342 [36132, 11104, 10194, 10931]
Loop 343 [36229, 10836, 9616, 11949]
Loop 344 [36173, 11231, 9677, 11441]
Loop 345 [35701, 10964, 9363, 11506]
Loop 346 [36609, 11108, 9440, 11764]
Loop 347 [36181, 10934, 9838, 11617]
Loop 348 [35783, 11120, 8905, 12079]
Loop 349 [35410, 10846, 9118, 11790]
Loop 350 [35543, 10816, 10016, 10911]
Loop 351 [36137, 11048, 9840, 11479]
Loop 352 [36904, 11211, 10438, 11230]
Loop 353 [36589, 10900, 10872, 10774]
Loop 354 [35862, 11075, 10266, 10619]
Loop 355 [36038, 11102, 9412, 11630]
Loop 356 [36820, 11090, 11073, 10698]
Loop 357 [36595, 10851, 10924, 10583]
Loop 358 [36715, 11071, 10049, 11481]
Loop 359 [35942, 11098, 8804, 12122]
Loop 360 [36214, 10843, 9708, 11669]
Loop 361 [35841, 10915, 9462, 11794]
Loop 362 [35410, 10903, 9021, 11890]
Loop 363 [35249, 10828, 9147, 11636]
Loop 364 [35715, 11021, 7726, 13314]
Loop 365 [36650, 11157, 10203, 11183]
Loop 366 [39484, 14198, 10365, 10652]
Loop 367 [36499, 10865, 10133, 11436]
Loop 368 [35828, 11068, 9125, 11861]
Loop 369 [36073, 11050, 9822, 11252]
Loop 370 [35775, 10891, 9397, 11650]
Loop 371 [36034, 11051, 9808, 11092]
Loop 372 [36794, 10908, 10234, 11229]
Loop 373 [35966, 10727, 9607, 11588]
Loop 374 [41757, 13560, 14155, 8966]
Loop 375 [36405, 10958, 11723, 9961]
Loop 376 [36329, 10955, 11630, 10076]
Loop 377 [35712, 10625, 10331, 11026]
Loop 378 [35821, 10883, 10597, 10499]
Loop 379 [36510, 10818, 10598, 11324]
Loop 380 [36608, 10926, 10857, 10928]
Loop 381 [36687, 10821, 11715, 10375]
Loop 382 [36356, 10881, 10880, 10776]
Loop 383 [36455, 10943, 10850, 10518]
Loop 384 [36524, 10692, 11730, 10299]
Loop 385 [35856, 10752, 10597, 10677]
Loop 386 [36287, 10871, 10158, 11529]
Loop 387 [36606, 10984, 11260, 10598]
Loop 388 [36193, 10695, 11756, 9675]
Loop 389 [37241, 10832, 11342, 11086]
Loop 390 [36284, 10914, 10826, 10714]
Loop 391 [36101, 11116, 10066, 11289]
Loop 392 [36807, 10871, 12461, 9373]
Loop 393 [36701, 11037, 10737, 10795]
Loop 394 [36540, 11031, 10312, 11265]
Loop 395 [35961, 11114, 9530, 11504]
Loop 396 [35867, 10910, 9718, 11621]
Loop 397 [35821, 11000, 8973, 11959]
Loop 398 [36381, 11117, 9942, 11278]
Loop 399 [35758, 10849, 10359, 10808]
Loop 400 [36721, 10967, 10458, 11355]
Loop 401 [36185, 11181, 9625, 11320]
Loop 402 [36404, 11083, 10582, 10930]
Loop 403 [36774, 10890, 10061, 12036]
Loop 404 [36668, 11070, 9887, 11950]
Loop 405 [36305, 11066, 10544, 10890]
Loop 406 [35660, 11093, 9261, 11563]
Loop 407 [35672, 10944, 8698, 12048]
Loop 408 [36541, 11090, 9185, 12534]
Loop 409 [36062, 11232, 8857, 12104]
Loop 410 [36195, 11157, 9762, 11374]
Loop 411 [35380, 10946, 8962, 11806]
Loop 412 [35735, 11061, 8921, 11966]
Loop 413 [35797, 11176, 8809, 12092]
Loop 414 [35634, 10961, 9323, 11623]
Loop 415 [36096, 11028, 9491, 11879]
Loop 416 [36100, 11158, 9026, 12206]
Loop 417 [35392, 10825, 9107, 11628]
Loop 418 [35593, 10716, 9412, 11419]
Loop 419 [35455, 10906, 8673, 12081]
Loop 420 [36257, 11012, 9641, 11822]
Loop 421 [35906, 11023, 9665, 11414]
Loop 422 [35273, 10735, 8926, 11838]
Loop 423 [36092, 10926, 8682, 12761]
Loop 424 [35949, 10947, 8749, 12188]
Loop 425 [35571, 10875, 8970, 11974]
Loop 426 [35472, 10857, 8806, 12050]
Loop 427 [35913, 11057, 9128, 11710]
Loop 428 [35858, 10992, 8703, 12322]
Loop 429 [35839, 11114, 8806, 12125]
Loop 430 [35508, 10897, 9024, 11843]
Loop 431 [35837, 11048, 9642, 11129]
Loop 432 [35754, 11017, 9225, 11684]
Loop 433 [36038, 10901, 8459, 12853]
Loop 434 [35712, 10808, 9467, 11644]
Loop 435 [36461, 11028, 8963, 12682]
Loop 436 [36241, 11109, 9158, 12073]
Loop 437 [35922, 10801, 9570, 11840]
Loop 438 [35943, 10979, 9129, 11931]
Loop 439 [36750, 10980, 9253, 12265]
Loop 440 [35353, 11082, 9236, 11331]
Loop 441 [36017, 10875, 8896, 12388]
Loop 442 [35655, 11034, 9749, 11116]
Loop 443 [36037, 11099, 9232, 11862]
Loop 444 [36257, 11032, 8952, 12476]
Loop 445 [36382, 10904, 9717, 11802]
Loop 446 [35999, 11009, 9077, 11793]
Loop 447 [36252, 11085, 9655, 11730]
Loop 448 [35686, 10836, 9375, 11435]
Loop 449 [36028, 10837, 9080, 12085]
Loop 450 [36044, 10968, 9965, 11301]
Loop 451 [36737, 10989, 10166, 11673]
Loop 452 [35804, 10780, 9311, 11971]
Loop 453 [36139, 11094, 9335, 11712]
Loop 454 [35834, 11113, 9216, 11703]
Loop 455 [36679, 11117, 9307, 12331]
Loop 456 [36170, 10911, 10097, 11349]
Loop 457 [35749, 11188, 8671, 6241]
Loop 458 [35989, 11321, 8695, 12161]
Loop 459 [36609, 11259, 9639, 11865]
Loop 460 [35893, 11095, 9062, 11600]
Loop 461 [36103, 11030, 8488, 12850]
Loop 462 [35868, 11149, 8663, 12302]
Loop 463 [38308, 11202, 11516, 11682]
Loop 464 [35968, 10834, 9774, 11673]
Loop 465 [35752, 11102, 9220, 11628]
Loop 466 [36094, 11036, 9122, 12112]
Loop 467 [36946, 10743, 9184, 12622]
Loop 468 [35760, 10777, 9378, 11778]
Loop 469 [35425, 11010, 9092, 11659]
Loop 470 [35804, 10853, 9079, 11854]
Loop 471 [36127, 10869, 9346, 12194]
Loop 472 [35272, 10743, 9416, 11345]
Loop 473 [35776, 10839, 8423, 12571]
Loop 474 [35857, 10858, 8807, 12435]
Loop 475 [35546, 10736, 8844, 12142]
Loop 476 [35362, 10921, 8545, 12076]
Loop 477 [36204, 10905, 9113, 12228]
Loop 478 [37064, 11037, 8717, 13484]
Loop 479 [36026, 10866, 8962, 12388]
Loop 480 [36100, 11092, 9040, 12067]
Loop 481 [36484, 11106, 9555, 12020]
Loop 482 [35524, 10984, 9119, 11665]
Loop 483 [36346, 10984, 9482, 12137]
Loop 484 [36876, 11142, 9916, 11722]
Loop 485 [36008, 11155, 9349, 11633]
Loop 486 [35386, 10941, 9001, 11747]
Loop 487 [36448, 11091, 8959, 12734]
Loop 488 [35664, 11108, 8790, 12040]
Loop 489 [36077, 11167, 9390, 11662]
Loop 490 [35869, 10940, 9461, 11865]
Loop 491 [36283, 11038, 8984, 12612]
Loop 492 [36352, 11183, 9990, 11178]
Loop 493 [36742, 11267, 11080, 10483]
Loop 494 [35501, 10955, 8578, 12187]
Loop 495 [36088, 11142, 8918, 12375]
Loop 496 [36933, 11186, 9850, 11824]
Loop 497 [35646, 11072, 9662, 11189]
Loop 498 [35696, 11006, 9180, 11798]
Loop 499 [36535, 11106, 9162, 12225]
Loop 500 [36129, 11083, 9263, 11885]
Loop 501 [35616, 10981, 9005, 11873]
Loop 502 [36253, 11115, 8847, 12213]
Loop 503 [36096, 11067, 9274, 12027]
Loop 504 [35966, 11025, 9008, 12076]
Loop 505 [35929, 11003, 9043, 12179]
Loop 506 [36383, 11073, 9887, 11562]
Loop 507 [36108, 11206, 8806, 12222]
Loop 508 [36087, 11191, 9358, 11793]
Loop 509 [35856, 10984, 8879, 12161]
Loop 510 [36149, 11163, 9259, 11994]
Loop 511 [36232, 11304, 8992, 12232]
Loop 512 [36271, 10965, 9764, 11283]
Loop 513 [37138, 10897, 8693, 13748]
Loop 514 [36177, 11075, 9466, 11751]
Loop 515 [36153, 11090, 9684, 11509]
Loop 516 [37998, 10739, 9652, 13475]
Loop 517 [37208, 11052, 9739, 12669]
Loop 518 [36712, 11158, 9916, 11765]
Loop 519 [35836, 11183, 9274, 11547]
Loop 520 [36648, 10850, 8887, 13276]
Loop 521 [35937, 11014, 9500, 11572]
Loop 522 [36652, 11113, 9581, 11815]
Loop 523 [36693, 11069, 11945, 9788]
Loop 524 [36965, 11018, 8634, 13469]
Loop 525 [35538, 11066, 8972, 11707]
Loop 526 [35976, 11082, 8588, 12070]
Loop 527 [36298, 10952, 9187, 12270]
Loop 528 [35901, 11070, 9289, 11642]
Loop 529 [37110, 11165, 9123, 12946]
Loop 530 [35736, 11117, 9626, 11277]
Loop 531 [36444, 11000, 9342, 12045]
Loop 532 [37091, 11082, 8771, 13477]
Loop 533 [37160, 11260, 9136, 12914]
Loop 534 [35529, 11172, 9157, 11477]
Loop 535 [35687, 10983, 9181, 11875]
Loop 536 [37040, 11162, 9447, 12699]
Loop 537 [37062, 11150, 8670, 13529]
Loop 538 [38153, 13686, 9416, 11228]
Loop 539 [35734, 10940, 9230, 11703]
Loop 540 [37046, 11220, 8936, 13085]
Loop 541 [38175, 11429, 9335, 13499]
Loop 542 [35288, 10914, 8354, 12258]
Loop 543 [36256, 11150, 9375, 11923]
Loop 544 [35559, 10844, 9265, 11775]
Loop 545 [35525, 10857, 9668, 11110]
Loop 546 [35521, 10689, 8793, 11905]
Loop 547 [35501, 10877, 9193, 11648]
Loop 548 [37623, 10963, 9524, 13228]
Loop 549 [36757, 10784, 9336, 12892]
Loop 550 [35354, 10905, 8821, 11897]
Loop 551 [35986, 11048, 9140, 11896]
Loop 552 [35501, 11010, 8945, 11788]
Loop 553 [36676, 11009, 11337, 10535]
Loop 554 [35559, 10997, 9402, 11309]
Loop 555 [36278, 11117, 9690, 11584]
Loop 556 [37167, 11264, 8994, 13172]
Loop 557 [36798, 10878, 8301, 13850]
Loop 558 [35798, 10934, 8996, 11799]
Loop 559 [36117, 11117, 9149, 12004]
Loop 560 [37263, 11150, 8947, 13407]
Loop 561 [45413, 10913, 23340, 7268]
Loop 562 [35847, 11097, 9195, 11767]
Loop 563 [35548, 11008, 8793, 11913]
Loop 564 [37352, 11007, 9011, 13120]
Loop 565 [38007, 11064, 9371, 13221]
Loop 566 [35888, 11135, 8547, 12453]
Loop 567 [35704, 10979, 9362, 11457]
Loop 568 [35816, 11030, 11919, 8925]
Loop 569 [35534, 10883, 8802, 12094]
Loop 570 [35488, 11097, 8966, 11666]
Loop 571 [40104, 11088, 9073, 11855]
Loop 572 [36939, 10915, 8421, 13801]
Loop 573 [37309, 11314, 8713, 13496]
Loop 574 [35639, 11224, 8917, 11654]
Loop 575 [36347, 11198, 9161, 12018]
Loop 576 [36763, 10843, 9142, 13007]
Loop 577 [35932, 11085, 8540, 12361]
Loop 578 [35549, 11022, 8898, 11899]
Loop 579 [35742, 11034, 9392, 11477]
Loop 580 [36922, 10933, 9062, 13158]
Loop 581 [35877, 11049, 9029, 11960]
Loop 582 [35926, 11075, 9086, 12013]
Loop 583 [35863, 11110, 9180, 11774]
Loop 584 [37013, 10937, 8536, 13639]
Loop 585 [35967, 11147, 9158, 12009]
Loop 586 [35936, 11066, 8804, 12254]
Loop 587 [35801, 10866, 9509, 11500]
Loop 588 [37497, 11021, 9138, 13387]
Loop 589 [35734, 11064, 9095, 11897]
Loop 590 [36742, 11125, 9048, 12336]
Loop 591 [36298, 10872, 8793, 12627]
Loop 592 [36607, 11165, 9739, 11790]
Loop 593 [35658, 11109, 9132, 11523]
Loop 594 [36457, 11144, 9123, 12367]
Loop 595 [36592, 10962, 8701, 13152]
Loop 596 [36632, 11070, 9556, 11945]
Loop 597 [35733, 11106, 8585, 12187]
Loop 598 [43304, 14191, 15457, 8916]
Loop 599 [35498, 10865, 10366, 10494]
Loop 600 [36123, 11069, 11078, 10113]
Loop 601 [36142, 11122, 10532, 10584]
Loop 602 [36162, 10935, 10109, 11296]
Loop 603 [36607, 10902, 10130, 11728]
Loop 604 [37045, 11043, 10077, 12085]
Loop 605 [36293, 11074, 10358, 10885]
Loop 606 [36003, 10859, 10821, 10414]
Loop 607 [36663, 11091, 9579, 11965]
Loop 608 [36777, 11114, 10328, 11394]
Loop 609 [36404, 11115, 10916, 10578]
Loop 610 [36684, 10871, 10566, 11518]
Loop 611 [36254, 10814, 9633, 12077]
Loop 612 [37383, 10942, 11250, 11464]
Loop 613 [35361, 10969, 9914, 10668]
Loop 614 [36571, 10857, 9618, 12063]
Loop 615 [37204, 11110, 10417, 11921]
Loop 616 [36081, 11115, 10591, 10464]
Loop 617 [36124, 10994, 9878, 11436]
Loop 618 [36598, 10983, 10391, 11543]
Loop 619 [37015, 11181, 9951, 11954]
Loop 620 [36604, 11049, 9064, 12624]
Loop 621 [41818, 10749, 11163, 10515]
Loop 622 [36561, 10915, 9931, 11906]
Loop 623 [37099, 11057, 9643, 12628]
Loop 624 [36273, 10833, 9117, 12484]
Loop 625 [35517, 10916, 8947, 11870]
Loop 626 [36789, 11070, 9935, 11988]
Loop 627 [36390, 11037, 8791, 12809]
Loop 628 [36736, 11020, 9091, 12822]
Loop 629 [35660, 10947, 9273, 11477]
Loop 630 [36256, 11005, 8645, 12730]
Loop 631 [36426, 11178, 8902, 12600]
Loop 632 [39153, 10926, 8450, 12772]
Loop 633 [35441, 10827, 8376, 12110]
Loop 634 [36165, 11137, 8933, 12362]
Loop 635 [36284, 11034, 8456, 12875]
Loop 636 [35640, 10863, 8761, 12175]
Loop 637 [35625, 10973, 8404, 12030]
Loop 638 [35590, 11117, 9260, 11429]
Loop 639 [35639, 11050, 9373, 11493]
Loop 640 [35564, 10924, 9033, 11761]
Loop 641 [37543, 11089, 9274, 13193]
Loop 642 [36908, 11071, 9133, 12847]
Loop 643 [36220, 11047, 8882, 12151]
Loop 644 [35523, 10898, 9643, 11162]
Loop 645 [35977, 11022, 9289, 11747]
Loop 646 [36891, 10877, 9154, 13029]
Loop 647 [36989, 10854, 9248, 13165]
Loop 648 [35542, 10927, 8837, 11970]
Loop 649 [35918, 11139, 9823, 10984]
Loop 650 [37412, 11050, 9259, 13234]
Loop 651 [37005, 10821, 8990, 13114]
Loop 652 [35419, 10888, 8919, 11650]
Loop 653 [35701, 11045, 9121, 11740]
Loop 654 [35532, 11035, 9151, 11583]
Loop 655 [36943, 10771, 8708, 13445]
Loop 656 [35957, 11041, 8993, 11864]
Loop 657 [37323, 11142, 9126, 13196]
Loop 658 [37467, 11065, 8870, 13402]
Loop 659 [37335, 10843, 9156, 13207]
Loop 660 [35798, 11019, 8942, 11989]
Loop 661 [37283, 11059, 9065, 13381]
Loop 662 [36958, 10988, 8668, 13330]
Loop 663 [35662, 10996, 9526, 10304]
Loop 664 [36091, 11142, 8931, 12114]
Loop 665 [58138, 15510, 28477, 7172]
Loop 666 [36968, 11020, 12150, 9906]
Loop 667 [36683, 11106, 11383, 10404]
Loop 668 [36521, 11077, 11111, 10503]
Loop 669 [36656, 10785, 12296, 9666]
Loop 670 [36842, 11062, 11982, 9723]
Loop 671 [36349, 11134, 11706, 9679]
Loop 672 [36816, 11169, 12174, 9429]
Loop 673 [37342, 10932, 12414, 10056]
Loop 674 [36850, 11121, 11562, 10306]
Loop 675 [36762, 11143, 12064, 9705]
Loop 676 [40197, 11169, 12281, 9809]
Loop 677 [36687, 11005, 12009, 9948]
Loop 678 [36402, 11217, 11564, 9935]
Loop 679 [36922, 11163, 11745, 9838]
Loop 680 [37314, 10712, 12580, 9554]
Loop 681 [36511, 10909, 11984, 9935]
Loop 682 [36088, 10925, 11130, 10221]
Loop 683 [36908, 10816, 12228, 10086]
Loop 684 [35554, 10706, 10731, 10383]
Loop 685 [40754, 10994, 11658, 9744]
Loop 686 [36474, 10849, 11978, 9721]
Loop 687 [36418, 11049, 12245, 9354]
Loop 688 [35864, 10701, 12209, 9301]
Loop 689 [37323, 10908, 12516, 9786]
Loop 690 [37194, 10942, 11908, 10329]
Loop 691 [35891, 10675, 11215, 10215]
Loop 692 [36651, 10857, 12304, 9356]
Loop 693 [37199, 11140, 12568, 9462]
Loop 694 [36554, 11172, 11422, 10039]
Loop 695 [36217, 10904, 11456, 9846]
Loop 696 [36959, 11150, 11407, 10246]
Loop 697 [36196, 11177, 10473, 10304]
Loop 698 [36529, 11079, 9643, 11734]
Loop 699 [37774, 11038, 9625, 13073]
Loop 700 [36339, 11148, 9533, 11634]
Loop 701 [36415, 11155, 9818, 11575]
Loop 702 [36089, 10940, 10068, 10995]
Loop 703 [36168, 10956, 10806, 10712]
Loop 704 [36561, 11077, 10699, 11014]
Loop 705 [36561, 11146, 10177, 11033]
Loop 706 [36144, 10919, 9733, 11606]
Loop 707 [36022, 11091, 9754, 11317]
Loop 708 [36247, 11146, 9877, 11348]
Loop 709 [37140, 11155, 10000, 11798]
Loop 710 [35518, 10976, 9255, 11581]
Loop 711 [36105, 11073, 9225, 12001]
Loop 712 [36472, 11153, 9598, 11693]
Loop 713 [36198, 11143, 10449, 10840]
Loop 714 [38105, 10911, 8985, 14136]
Loop 715 [35722, 11063, 9008, 11823]
Loop 716 [35972, 11073, 8973, 12050]
Loop 717 [38594, 14003, 9685, 11110]
Loop 718 [35927, 10899, 10891, 10415]
Loop 719 [36754, 11097, 11284, 10345]
Loop 720 [35888, 11192, 9736, 11194]
Loop 721 [35651, 10962, 9649, 11320]
Loop 722 [35988, 11063, 9638, 11381]
Loop 723 [36144, 11113, 9445, 11738]
Loop 724 [36084, 11155, 9731, 11375]
Loop 725 [35699, 10903, 9582, 11428]
Loop 726 [36255, 11158, 9754, 11342]
Loop 727 [36077, 11078, 10311, 10839]
Loop 728 [36889, 10982, 9170, 12236]
Loop 729 [36030, 11127, 9638, 11201]
Loop 730 [36126, 11075, 9666, 11254]
Loop 731 [36127, 11231, 9005, 12073]
Loop 732 [36057, 11023, 9542, 11342]
Loop 733 [35674, 11006, 9963, 10833]
Loop 734 [36117, 11179, 10734, 10158]
Loop 735 [35608, 10907, 9904, 10906]
Loop 736 [36441, 11170, 9938, 11548]
Loop 737 [36509, 11166, 10246, 11182]
Loop 738 [36060, 11094, 10398, 10778]
Loop 739 [37524, 10868, 10846, 11803]
Loop 740 [36807, 11165, 10478, 11394]
Loop 741 [36307, 11096, 11024, 10416]
Loop 742 [36762, 11135, 9590, 12253]
Loop 743 [36015, 11011, 10419, 10747]
Loop 744 [36405, 10925, 10084, 11605]
Loop 745 [36406, 11150, 10361, 11077]
Loop 746 [35446, 10850, 9829, 10964]
Loop 747 [36468, 11154, 10594, 10532]
Loop 748 [37187, 11182, 10238, 11607]
Loop 749 [35984, 11128, 10330, 10752]
Loop 750 [35819, 10875, 10121, 10932]
Loop 751 [36478, 11058, 10920, 10708]
Loop 752 [36328, 11130, 10761, 10667]
Loop 753 [36492, 11074, 10159, 11278]
Loop 754 [35840, 10960, 10038, 11096]
Loop 755 [35661, 11062, 10144, 10645]
Loop 756 [36411, 11135, 10391, 11106]
Loop 757 [36086, 11129, 9584, 11523]
Loop 758 [35535, 10929, 9221, 11627]
Loop 759 [36049, 11263, 9856, 11079]
Loop 760 [36510, 11194, 9949, 11309]
Loop 761 [35711, 10893, 10252, 10843]
Loop 762 [35499, 10925, 9212, 11731]
Loop 763 [35832, 11084, 8531, 12432]
Loop 764 [35733, 11149, 8927, 11843]
Loop 765 [35682, 10983, 9319, 11544]
Loop 766 [35781, 11033, 9883, 10999]
Loop 767 [36399, 11075, 10073, 11374]
Loop 768 [35954, 11116, 9380, 11560]
Loop 769 [36339, 11126, 9847, 11511]
Loop 770 [36215, 11075, 10242, 11033]
Loop 771 [35940, 11102, 9801, 11260]
Loop 772 [36551, 11101, 10291, 11387]
Loop 773 [36250, 10850, 10156, 11421]
Loop 774 [35937, 11273, 9181, 11674]
Loop 775 [35883, 11039, 9817, 11232]
Loop 776 [37970, 11251, 10188, 12687]
Loop 777 [35707, 10952, 10151, 10800]
Loop 778 [35653, 10987, 9394, 11460]
Loop 779 [36366, 11057, 9850, 11570]
Loop 780 [35742, 10875, 9422, 11395]
Loop 781 [36300, 11020, 9498, 11961]
Loop 782 [35936, 11261, 9807, 11078]
Loop 783 [36364, 11096, 10582, 10804]
Loop 784 [35675, 10981, 9701, 11245]
Loop 785 [36528, 11178, 9702, 11834]
Loop 786 [36171, 11113, 9823, 11405]
Loop 787 [36437, 11180, 9733, 11532]
Loop 788 [35710, 10922, 9820, 11150]
Loop 789 [36794, 11156, 10636, 11095]
Loop 790 [36380, 11144, 9444, 11827]
Loop 791 [36076, 11145, 9766, 11345]
Loop 792 [35869, 10833, 9480, 11713]
Loop 793 [35469, 10922, 10266, 10451]
Loop 794 [36731, 11132, 9392, 12161]
Loop 795 [356415, 83433, 145198, 51032]
Loop 796 [60492, 11627, 38684, 5783]
Loop 797 [68842, 11296, 48047, 5506]
Loop 798 [72221, 11075, 51524, 5582]
Loop 799 [103952, 11314, 39414, 5585]
Loop 800 [58932, 11305, 38173, 5526]
Loop 801 [61704, 11128, 41285, 5226]
Loop 802 [60995, 11034, 40440, 5556]
Loop 803 [62689, 11378, 41267, 5848]
Loop 804 [62258, 11232, 41525, 5540]
Loop 805 [69483, 11174, 48276, 5494]
Loop 806 [64865, 11285, 43631, 5667]
Loop 807 [60377, 10966, 39817, 5576]
Loop 808 [58390, 11193, 37109, 5602]
Loop 809 [60691, 11220, 39806, 5571]
Loop 810 [62165, 11383, 40930, 5438]
Loop 811 [71437, 11649, 50260, 5611]
Loop 812 [60586, 11272, 39695, 5398]
Loop 813 [61099, 11281, 40149, 5604]
Loop 814 [60830, 11092, 40305, 5484]
Loop 815 [59319, 11378, 38319, 5505]
Loop 816 [75071, 11202, 54368, 5527]
Loop 817 [62776, 11275, 41881, 5454]
Loop 818 [60683, 11124, 39966, 5599]
Loop 819 [62878, 11202, 42105, 5533]
Loop 820 [61242, 11356, 40357, 5605]
Loop 821 [70007, 11026, 49487, 5519]
Loop 822 [59580, 11314, 38731, 5522]
Loop 823 [61281, 11217, 40445, 5632]
Loop 824 [60508, 11109, 39751, 5614]
Loop 825 [60653, 11113, 39655, 5651]
Loop 826 [70878, 11340, 50008, 5595]
Loop 827 [36366, 11170, 8654, 12081]
Loop 828 [35329, 10948, 8536, 12024]
Loop 829 [35908, 11269, 9320, 11414]
Loop 830 [35853, 11159, 10009, 10849]
Loop 831 [36359, 10980, 12530, 9042]
Loop 832 [35287, 10950, 9273, 11110]
Loop 833 [35997, 11084, 9395, 11748]
Loop 834 [36093, 11036, 10315, 10905]
Loop 835 [36655, 10876, 10662, 11251]
Loop 836 [35704, 10912, 9361, 11506]
Loop 837 [35845, 10966, 10008, 10817]
Loop 838 [36685, 11145, 9089, 12224]
Loop 839 [35485, 10914, 9989, 10759]
Loop 840 [35788, 11117, 9671, 11048]
Loop 841 [36107, 10963, 9569, 11614]
Loop 842 [36112, 11070, 9813, 11283]
Loop 843 [35765, 11034, 8857, 11954]
Loop 844 [36016, 11170, 9599, 11526]
Loop 845 [35819, 11124, 9376, 11484]
Loop 846 [36410, 10989, 10469, 10586]
Loop 847 [36013, 11288, 10448, 10533]
Loop 848 [36388, 11517, 10039, 10701]
Loop 849 [36367, 11102, 10169, 10984]
Loop 850 [35971, 10884, 10045, 11159]
Loop 851 [36362, 11096, 10247, 11071]
Loop 852 [35854, 11002, 9587, 11463]
Loop 853 [39559, 11131, 14828, 9313]
Loop 854 [35427, 10908, 8501, 12229]
Loop 855 [35823, 11091, 9311, 11520]
Loop 856 [36109, 11075, 9715, 11389]
Loop 857 [35108, 10676, 9274, 11410]
Loop 858 [35720, 10972, 9022, 11905]
Loop 859 [35740, 11034, 9326, 11457]
Loop 860 [35540, 10970, 8209, 12508]
Loop 861 [35406, 10815, 8907, 11629]
Loop 862 [36270, 10978, 9654, 11571]
Loop 863 [35906, 11178, 9188, 11722]
Loop 864 [35732, 11077, 8918, 11873]
Loop 865 [35719, 10795, 9661, 11461]
Loop 866 [37828, 11132, 10562, 11803]
Loop 867 [35753, 11012, 9613, 11181]
Loop 868 [40134, 15168, 9858, 11120]
Loop 869 [36016, 10987, 9505, 11743]
Loop 870 [37168, 11069, 9653, 12357]
Loop 871 [35623, 10948, 9422, 11256]
Loop 872 [35726, 10842, 10078, 10980]
Loop 873 [37145, 11035, 9719, 12305]
Loop 874 [36489, 10983, 9649, 11975]
Loop 875 [36952, 11098, 9091, 12055]
Loop 876 [35832, 10890, 9719, 11453]
Loop 877 [35740, 10873, 9903, 10764]
Loop 878 [36140, 11039, 9248, 12014]
Loop 879 [35618, 11077, 9247, 11483]
Loop 880 [35808, 10980, 9009, 11984]
Loop 881 [35850, 11026, 9434, 11609]
Loop 882 [36658, 11078, 9415, 12171]
Loop 883 [37644, 10989, 11975, 10733]
Loop 884 [35901, 10969, 9542, 11643]
Loop 885 [36365, 11056, 9946, 11481]
Loop 886 [36145, 10943, 8805, 12614]
Loop 887 [35567, 10792, 8993, 11752]
Loop 888 [35954, 11023, 9782, 11367]
Loop 889 [35930, 11027, 9437, 11586]
Loop 890 [36688, 11057, 9349, 12053]
Loop 891 [35725, 10955, 8768, 12018]
Loop 892 [35894, 11071, 8601, 12576]
Loop 893 [36125, 11070, 8913, 11993]
Loop 894 [36438, 11143, 8994, 12514]
Loop 895 [35524, 10944, 9259, 11407]
Loop 896 [35634, 11010, 8941, 11769]
Loop 897 [35831, 11163, 8653, 12169]
Loop 898 [39352, 10838, 9683, 11781]
Loop 899 [36020, 11037, 9586, 11591]
Loop 900 [35889, 11028, 9130, 11854]
Loop 901 [35491, 10993, 9418, 11252]
Loop 902 [36270, 10825, 9638, 11944]
Loop 903 [35686, 11140, 9603, 11138]
Loop 904 [36106, 11095, 9813, 11311]
Loop 905 [36055, 11182, 10023, 10991]
Loop 906 [36101, 10868, 9098, 12322]
Loop 907 [35814, 11033, 8735, 12027]
Loop 908 [35804, 11031, 9579, 11390]
Loop 909 [35747, 11115, 9534, 11269]
Loop 910 [35964, 10885, 9528, 11823]
Loop 911 [36172, 11014, 9697, 11292]
Loop 912 [36365, 11127, 10045, 11257]
Loop 913 [35572, 11073, 8890, 11590]
Loop 914 [35887, 10840, 10006, 11102]
Loop 915 [35703, 11026, 9163, 11664]
Loop 916 [35990, 10992, 9772, 10940]
Loop 917 [35578, 10936, 9590, 11075]
Loop 918 [36166, 10934, 8755, 12615]
Loop 919 [36323, 11049, 9500, 11730]
Loop 920 [35956, 11107, 9155, 11863]
Loop 921 [36047, 11028, 9956, 11020]
Loop 922 [36477, 11012, 8647, 12762]
Loop 923 [35512, 11053, 8658, 12012]
Loop 924 [35546, 11070, 9259, 11420]
Loop 925 [35386, 10947, 8969, 11512]
Loop 926 [36507, 11277, 9535, 11987]
Loop 927 [35801, 11164, 9140, 11706]
Loop 928 [35466, 10906, 9033, 11584]
Loop 929 [35573, 10910, 9098, 11775]
Loop 930 [37016, 11328, 10041, 11655]
Loop 931 [36090, 10959, 9656, 11558]
Loop 932 [35935, 10907, 9767, 11500]
Loop 933 [35734, 11099, 9602, 11110]
Loop 934 [36487, 11012, 8897, 12522]
Loop 935 [35523, 11038, 10089, 10508]
Loop 936 [35552, 10886, 9004, 11545]
Loop 937 [35669, 11024, 9727, 10839]
Loop 938 [36277, 11068, 9298, 12013]
Loop 939 [36029, 11138, 9223, 11904]
Loop 940 [35462, 10848, 9351, 11428]
Loop 941 [36008, 11109, 9532, 11229]
Loop 942 [36615, 11043, 9645, 12174]
Loop 943 [37756, 10766, 10051, 11787]
Loop 944 [35515, 10904, 9259, 11512]
Loop 945 [36627, 11058, 9347, 11911]
Loop 946 [37765, 10880, 9708, 11716]
Loop 947 [35592, 10807, 9013, 11938]
Loop 948 [36257, 11030, 9714, 11344]
Loop 949 [37035, 10928, 9911, 10931]
Loop 950 [35793, 11135, 8916, 11902]
Loop 951 [35896, 10991, 9196, 11603]
Loop 952 [37881, 10939, 9737, 11641]
Loop 953 [35615, 11083, 9860, 10796]
Loop 954 [35766, 11192, 8383, 12337]
Loop 955 [37188, 10857, 8550, 12248]
Loop 956 [36055, 11083, 8631, 12511]
Loop 957 [35522, 10865, 9179, 11551]
Loop 958 [35292, 10670, 9185, 11649]
Loop 959 [35701, 10887, 9671, 11302]
Loop 960 [35609, 10970, 9249, 11602]
Loop 961 [35985, 10960, 9140, 11597]
Loop 962 [35749, 10965, 9816, 10841]
Loop 963 [35920, 11050, 9260, 11551]
Loop 964 [36334, 10972, 10373, 10965]
Loop 965 [36024, 10970, 9679, 11429]
Loop 966 [35206, 10867, 9535, 10971]
Loop 967 [35961, 11066, 10173, 10857]
Loop 968 [35996, 11020, 9098, 12113]
Loop 969 [38890, 13754, 10222, 10500]
Loop 970 [35637, 10886, 9245, 11588]
Loop 971 [35696, 11046, 8328, 12546]
Loop 972 [35778, 10997, 9656, 11216]
Loop 973 [35704, 10789, 9442, 11626]
Loop 974 [35647, 10943, 9350, 11535]
Loop 975 [35858, 11057, 9502, 11446]
Loop 976 [35665, 11081, 9140, 11615]
Loop 977 [35743, 11030, 9735, 11132]
Loop 978 [35946, 11081, 9648, 11070]
Loop 979 [36009, 11075, 9146, 11950]
Loop 980 [35762, 11046, 9509, 11305]
Loop 981 [35545, 10943, 9137, 11720]
Loop 982 [35903, 11090, 9062, 11941]
Loop 983 [35721, 11016, 9068, 11719]
Loop 984 [38483, 13651, 9089, 11959]
Loop 985 [35465, 10876, 9451, 11340]
Loop 986 [35436, 11185, 8825, 11577]
Loop 987 [35648, 11111, 8631, 12149]
Loop 988 [35296, 10882, 9508, 11026]
Loop 989 [36069, 10956, 9607, 11608]
Loop 990 [35965, 11138, 9415, 11550]
Loop 991 [35798, 11093, 9581, 11067]
Loop 992 [35765, 10979, 9041, 11948]
Loop 993 [35588, 11102, 9530, 11114]
Loop 994 [35929, 11038, 9352, 11375]
Loop 995 [36581, 11261, 9527, 11356]
Loop 996 [36231, 10977, 9626, 11811]
Loop 997 [35704, 11010, 9769, 11093]
Loop 998 [35622, 11036, 9699, 10899]
Loop 999 [35686, 11165, 9190, 11443]
replicas primary file /tmp65536eccache.dat capacity 16384
replicas slave file /tmp65536eccache.datLQL0 capacity 16384
replicas slave file /tmp65536eccache.datLQL1 capacity 16384
replicas slave file /tmp65536eccache.datLQL2 capacity 16384
replicas slave file /tmp65536eccache.datLQL3 capacity 16384
replicas slave file /tmp65536eccache.datLQL4 capacity 16384
