writeHydra, filename /tmp65536hydra48.dat, size 65536, loop 1000, storageClass 0, locationClass 0
CrailConstants.REPLICATION_FACTOR has changed to 5
starting benchmark...
replicas primary file /tmp65536hydra48.dat capacity 0
replicas slave file /tmp65536hydra48.datLQL0 capacity 0
replicas slave file /tmp65536hydra48.datLQL1 capacity 0
replicas slave file /tmp65536hydra48.datLQL2 capacity 0
replicas slave file /tmp65536hydra48.datLQL3 capacity 0
replicas slave file /tmp65536hydra48.datLQL4 capacity 0
ops 1000
final loop (us) 33.515
Loop 0 (us) 110.626
Loop 1 (us) 48.83
Loop 2 (us) 47.571
Loop 3 (us) 47.827
Loop 4 (us) 45.964
Loop 5 (us) 45.475
Loop 6 (us) 45.559
Loop 7 (us) 62.763
Loop 8 (us) 88.433
Loop 9 (us) 61.409
Loop 10 (us) 47.629
Loop 11 (us) 46.612
Loop 12 (us) 45.967
Loop 13 (us) 45.952
Loop 14 (us) 46.769
Loop 15 (us) 47.41
Loop 16 (us) 47.254
Loop 17 (us) 48.116
Loop 18 (us) 47.332
Loop 19 (us) 46.82
Loop 20 (us) 48.041
Loop 21 (us) 51.784
Loop 22 (us) 47.447
Loop 23 (us) 47.89
Loop 24 (us) 47.731
Loop 25 (us) 65.221
Loop 26 (us) 66.342
Loop 27 (us) 78.351
Loop 28 (us) 56.608
Loop 29 (us) 47.917
Loop 30 (us) 47.709
Loop 31 (us) 46.938
Loop 32 (us) 55.719
Loop 33 (us) 62.181
Loop 34 (us) 45.794
Loop 35 (us) 46.563
Loop 36 (us) 44.666
Loop 37 (us) 45.156
Loop 38 (us) 46.407
Loop 39 (us) 46.105
Loop 40 (us) 49.634
Loop 41 (us) 71.59
Loop 42 (us) 107.323
Loop 43 (us) 67.988
Loop 44 (us) 49.421
Loop 45 (us) 49.077
Loop 46 (us) 58.001
Loop 47 (us) 82.82
Loop 48 (us) 45.789
Loop 49 (us) 45.418
Loop 50 (us) 45.716
Loop 51 (us) 45.769
Loop 52 (us) 44.495
Loop 53 (us) 45.218
Loop 54 (us) 45.803
Loop 55 (us) 44.154
Loop 56 (us) 44.803
Loop 57 (us) 45.7
Loop 58 (us) 45.443
Loop 59 (us) 44.883
Loop 60 (us) 46.202
Loop 61 (us) 68.536
Loop 62 (us) 49.86
Loop 63 (us) 48.454
Loop 64 (us) 66.947
Loop 65 (us) 49.607
Loop 66 (us) 185.74
Loop 67 (us) 61.991
Loop 68 (us) 62.026
Loop 69 (us) 52.739
Loop 70 (us) 47.698
Loop 71 (us) 122.17
Loop 72 (us) 53.29
Loop 73 (us) 47.8
Loop 74 (us) 48.712
Loop 75 (us) 47.954
Loop 76 (us) 48.169
Loop 77 (us) 47.432
Loop 78 (us) 46.916
Loop 79 (us) 47.13
Loop 80 (us) 46.672
Loop 81 (us) 47.871
Loop 82 (us) 74.07
Loop 83 (us) 45.945
Loop 84 (us) 46.744
Loop 85 (us) 46.652
Loop 86 (us) 72.653
Loop 87 (us) 62.213
Loop 88 (us) 48.015
Loop 89 (us) 62.965
Loop 90 (us) 61.059
Loop 91 (us) 71.472
Loop 92 (us) 56.88
Loop 93 (us) 48.076
Loop 94 (us) 47.983
Loop 95 (us) 57.807
Loop 96 (us) 67.676
Loop 97 (us) 46.303
Loop 98 (us) 48.263
Loop 99 (us) 46.854
Loop 100 (us) 61.782
Loop 101 (us) 56.724
Loop 102 (us) 72.354
Loop 103 (us) 51.283
Loop 104 (us) 65.185
Loop 105 (us) 48.176
Loop 106 (us) 47.109
Loop 107 (us) 47.049
Loop 108 (us) 58.91
Loop 109 (us) 46.359
Loop 110 (us) 46.162
Loop 111 (us) 45.705
Loop 112 (us) 46.344
Loop 113 (us) 46.291
Loop 114 (us) 46.401
Loop 115 (us) 45.346
Loop 116 (us) 45.53
Loop 117 (us) 46.115
Loop 118 (us) 45.493
Loop 119 (us) 49.418
Loop 120 (us) 56.71
Loop 121 (us) 45.583
Loop 122 (us) 45.88
Loop 123 (us) 45.298
Loop 124 (us) 44.759
Loop 125 (us) 44.564
Loop 126 (us) 45.914
Loop 127 (us) 48.746
Loop 128 (us) 45.922
Loop 129 (us) 45.787
Loop 130 (us) 45.229
Loop 131 (us) 46.12
Loop 132 (us) 44.294
Loop 133 (us) 45.04
Loop 134 (us) 50.763
Loop 135 (us) 45.998
Loop 136 (us) 44.945
Loop 137 (us) 45.195
Loop 138 (us) 45.504
Loop 139 (us) 44.323
Loop 140 (us) 44.282
Loop 141 (us) 45.071
Loop 142 (us) 44.866
Loop 143 (us) 44.591
Loop 144 (us) 84.359
Loop 145 (us) 46.706
Loop 146 (us) 40.972
Loop 147 (us) 41.109
Loop 148 (us) 41.16
Loop 149 (us) 41.418
Loop 150 (us) 41.619
Loop 151 (us) 46.701
Loop 152 (us) 42.18
Loop 153 (us) 40.845
Loop 154 (us) 41.043
Loop 155 (us) 40.928
Loop 156 (us) 41.436
Loop 157 (us) 40.946
Loop 158 (us) 41.334
Loop 159 (us) 40.626
Loop 160 (us) 41.048
Loop 161 (us) 45.836
Loop 162 (us) 40.828
Loop 163 (us) 40.871
Loop 164 (us) 41.143
Loop 165 (us) 40.868
Loop 166 (us) 41.482
Loop 167 (us) 40.46
Loop 168 (us) 40.831
Loop 169 (us) 40.538
Loop 170 (us) 40.787
Loop 171 (us) 40.698
Loop 172 (us) 40.113
Loop 173 (us) 40.164
Loop 174 (us) 67.818
Loop 175 (us) 39.395
Loop 176 (us) 39.179
Loop 177 (us) 39.054
Loop 178 (us) 39.376
Loop 179 (us) 39.288
Loop 180 (us) 39.443
Loop 181 (us) 39.145
Loop 182 (us) 38.907
Loop 183 (us) 39.338
Loop 184 (us) 43.186
Loop 185 (us) 38.298
Loop 186 (us) 39.09
Loop 187 (us) 38.967
Loop 188 (us) 38.938
Loop 189 (us) 39.164
Loop 190 (us) 38.769
Loop 191 (us) 38.835
Loop 192 (us) 36.249
Loop 193 (us) 35.948
Loop 194 (us) 35.981
Loop 195 (us) 35.276
Loop 196 (us) 36.465
Loop 197 (us) 35.463
Loop 198 (us) 35.395
Loop 199 (us) 35.945
Loop 200 (us) 35.852
Loop 201 (us) 35.281
Loop 202 (us) 35.37
Loop 203 (us) 34.523
Loop 204 (us) 35.367
Loop 205 (us) 35.265
Loop 206 (us) 34.31
Loop 207 (us) 35.391
Loop 208 (us) 35.44
Loop 209 (us) 34.305
Loop 210 (us) 34.531
Loop 211 (us) 35.692
Loop 212 (us) 34.197
Loop 213 (us) 34.871
Loop 214 (us) 35.774
Loop 215 (us) 36.336
Loop 216 (us) 35.336
Loop 217 (us) 34.978
Loop 218 (us) 33.79
Loop 219 (us) 34.045
Loop 220 (us) 34.843
Loop 221 (us) 33.79
Loop 222 (us) 34.202
Loop 223 (us) 34.358
Loop 224 (us) 34.261
Loop 225 (us) 33.415
Loop 226 (us) 34.598
Loop 227 (us) 33.918
Loop 228 (us) 33.341
Loop 229 (us) 34.295
Loop 230 (us) 33.485
Loop 231 (us) 33.65
Loop 232 (us) 34.374
Loop 233 (us) 37.114
Loop 234 (us) 33.358
Loop 235 (us) 34.49
Loop 236 (us) 33.117
Loop 237 (us) 33.788
Loop 238 (us) 34.224
Loop 239 (us) 33.702
Loop 240 (us) 33.279
Loop 241 (us) 33.986
Loop 242 (us) 34.125
Loop 243 (us) 33.224
Loop 244 (us) 34.405
Loop 245 (us) 32.925
Loop 246 (us) 33.141
Loop 247 (us) 33.915
Loop 248 (us) 33.663
Loop 249 (us) 33.689
Loop 250 (us) 34.314
Loop 251 (us) 33.758
Loop 252 (us) 52.697
Loop 253 (us) 41.412
Loop 254 (us) 34.679
Loop 255 (us) 40.235
Loop 256 (us) 59.427
Loop 257 (us) 35.517
Loop 258 (us) 34.527
Loop 259 (us) 34.393
Loop 260 (us) 34.301
Loop 261 (us) 34.406
Loop 262 (us) 34.659
Loop 263 (us) 35.024
Loop 264 (us) 34.982
Loop 265 (us) 34.678
Loop 266 (us) 46.982
Loop 267 (us) 34.681
Loop 268 (us) 49.524
Loop 269 (us) 35.562
Loop 270 (us) 34.299
Loop 271 (us) 34.908
Loop 272 (us) 35.036
Loop 273 (us) 34.321
Loop 274 (us) 34.256
Loop 275 (us) 34.855
Loop 276 (us) 34.18
Loop 277 (us) 35.783
Loop 278 (us) 34.879
Loop 279 (us) 35.653
Loop 280 (us) 37.466
Loop 281 (us) 34.714
Loop 282 (us) 34.805
Loop 283 (us) 35.027
Loop 284 (us) 34.905
Loop 285 (us) 34.471
Loop 286 (us) 34.524
Loop 287 (us) 34.697
Loop 288 (us) 34.211
Loop 289 (us) 34.689
Loop 290 (us) 34.441
Loop 291 (us) 33.611
Loop 292 (us) 34.143
Loop 293 (us) 34.081
Loop 294 (us) 34.24
Loop 295 (us) 34.465
Loop 296 (us) 34.602
Loop 297 (us) 33.539
Loop 298 (us) 34.801
Loop 299 (us) 34.761
Loop 300 (us) 33.801
Loop 301 (us) 33.983
Loop 302 (us) 48.275
Loop 303 (us) 35.538
Loop 304 (us) 34.536
Loop 305 (us) 33.868
Loop 306 (us) 34.394
Loop 307 (us) 34.25
Loop 308 (us) 34.296
Loop 309 (us) 33.567
Loop 310 (us) 33.977
Loop 311 (us) 36.573
Loop 312 (us) 34.748
Loop 313 (us) 35.948
Loop 314 (us) 34.738
Loop 315 (us) 34.516
Loop 316 (us) 34.194
Loop 317 (us) 35.479
Loop 318 (us) 34.514
Loop 319 (us) 34.5
Loop 320 (us) 34.277
Loop 321 (us) 34.234
Loop 322 (us) 33.63
Loop 323 (us) 34.131
Loop 324 (us) 34.41
Loop 325 (us) 34.592
Loop 326 (us) 33.603
Loop 327 (us) 34.464
Loop 328 (us) 35.129
Loop 329 (us) 35.368
Loop 330 (us) 35.282
Loop 331 (us) 34.511
Loop 332 (us) 34.169
Loop 333 (us) 34.517
Loop 334 (us) 34.743
Loop 335 (us) 34.962
Loop 336 (us) 36.508
Loop 337 (us) 34.321
Loop 338 (us) 34.786
Loop 339 (us) 34.143
Loop 340 (us) 36.694
Loop 341 (us) 33.868
Loop 342 (us) 34.906
Loop 343 (us) 33.945
Loop 344 (us) 33.702
Loop 345 (us) 40.683
Loop 346 (us) 33.589
Loop 347 (us) 33.363
Loop 348 (us) 32.731
Loop 349 (us) 34.953
Loop 350 (us) 34.36
Loop 351 (us) 33.855
Loop 352 (us) 33.34
Loop 353 (us) 33.421
Loop 354 (us) 33.752
Loop 355 (us) 33.362
Loop 356 (us) 33.209
Loop 357 (us) 33.191
Loop 358 (us) 33.107
Loop 359 (us) 34.023
Loop 360 (us) 33.084
Loop 361 (us) 33.449
Loop 362 (us) 34.395
Loop 363 (us) 32.475
Loop 364 (us) 34.32
Loop 365 (us) 34.831
Loop 366 (us) 34.298
Loop 367 (us) 33.911
Loop 368 (us) 33.521
Loop 369 (us) 33.324
Loop 370 (us) 34.156
Loop 371 (us) 33.654
Loop 372 (us) 33.633
Loop 373 (us) 33.752
Loop 374 (us) 33.728
Loop 375 (us) 33.835
Loop 376 (us) 33.881
Loop 377 (us) 33.651
Loop 378 (us) 33.641
Loop 379 (us) 33.666
Loop 380 (us) 33.437
Loop 381 (us) 33.594
Loop 382 (us) 33.835
Loop 383 (us) 34.056
Loop 384 (us) 34.305
Loop 385 (us) 33.733
Loop 386 (us) 33.665
Loop 387 (us) 33.971
Loop 388 (us) 34.069
Loop 389 (us) 33.409
Loop 390 (us) 33.735
Loop 391 (us) 33.782
Loop 392 (us) 33.573
Loop 393 (us) 33.562
Loop 394 (us) 34.064
Loop 395 (us) 34.363
Loop 396 (us) 33.907
Loop 397 (us) 33.669
Loop 398 (us) 33.964
Loop 399 (us) 33.637
Loop 400 (us) 37.065
Loop 401 (us) 33.55
Loop 402 (us) 33.495
Loop 403 (us) 34.197
Loop 404 (us) 34.627
Loop 405 (us) 33.616
Loop 406 (us) 33.418
Loop 407 (us) 33.501
Loop 408 (us) 34.909
Loop 409 (us) 34.838
Loop 410 (us) 34.622
Loop 411 (us) 33.631
Loop 412 (us) 33.589
Loop 413 (us) 34.068
Loop 414 (us) 34.437
Loop 415 (us) 34.426
Loop 416 (us) 33.796
Loop 417 (us) 34.264
Loop 418 (us) 33.999
Loop 419 (us) 33.692
Loop 420 (us) 34.269
Loop 421 (us) 33.257
Loop 422 (us) 34.545
Loop 423 (us) 33.92
Loop 424 (us) 33.985
Loop 425 (us) 33.768
Loop 426 (us) 34.501
Loop 427 (us) 34.089
Loop 428 (us) 34.068
Loop 429 (us) 34.082
Loop 430 (us) 33.631
Loop 431 (us) 34.034
Loop 432 (us) 33.672
Loop 433 (us) 47.75
Loop 434 (us) 34.5
Loop 435 (us) 33.961
Loop 436 (us) 34.624
Loop 437 (us) 37.385
Loop 438 (us) 33.896
Loop 439 (us) 34.397
Loop 440 (us) 34.919
Loop 441 (us) 37.358
Loop 442 (us) 34.454
Loop 443 (us) 33.968
Loop 444 (us) 33.981
Loop 445 (us) 33.781
Loop 446 (us) 34.119
Loop 447 (us) 35.067
Loop 448 (us) 34.034
Loop 449 (us) 34.349
Loop 450 (us) 33.93
Loop 451 (us) 34.085
Loop 452 (us) 34.052
Loop 453 (us) 34.269
Loop 454 (us) 34.408
Loop 455 (us) 34.508
Loop 456 (us) 34.32
Loop 457 (us) 34.661
Loop 458 (us) 33.811
Loop 459 (us) 34.724
Loop 460 (us) 34.123
Loop 461 (us) 34.466
Loop 462 (us) 36.205
Loop 463 (us) 34.05
Loop 464 (us) 33.767
Loop 465 (us) 34.376
Loop 466 (us) 65.03
Loop 467 (us) 34.671
Loop 468 (us) 34.463
Loop 469 (us) 34.151
Loop 470 (us) 33.8
Loop 471 (us) 34.115
Loop 472 (us) 34.078
Loop 473 (us) 33.316
Loop 474 (us) 34.106
Loop 475 (us) 33.627
Loop 476 (us) 34.267
Loop 477 (us) 34.258
Loop 478 (us) 34.884
Loop 479 (us) 34.38
Loop 480 (us) 33.143
Loop 481 (us) 33.903
Loop 482 (us) 34.281
Loop 483 (us) 33.397
Loop 484 (us) 34.26
Loop 485 (us) 34.712
Loop 486 (us) 34.338
Loop 487 (us) 36.232
Loop 488 (us) 33.583
Loop 489 (us) 33.85
Loop 490 (us) 33.854
Loop 491 (us) 34.127
Loop 492 (us) 33.661
Loop 493 (us) 33.613
Loop 494 (us) 34.471
Loop 495 (us) 33.321
Loop 496 (us) 34.191
Loop 497 (us) 34.024
Loop 498 (us) 33.888
Loop 499 (us) 34.418
Loop 500 (us) 33.108
Loop 501 (us) 34.022
Loop 502 (us) 33.521
Loop 503 (us) 33.38
Loop 504 (us) 33.528
Loop 505 (us) 33.061
Loop 506 (us) 33.42
Loop 507 (us) 33.387
Loop 508 (us) 33.417
Loop 509 (us) 33.328
Loop 510 (us) 33.535
Loop 511 (us) 33.277
Loop 512 (us) 33.652
Loop 513 (us) 33.04
Loop 514 (us) 34.195
Loop 515 (us) 33.829
Loop 516 (us) 34.237
Loop 517 (us) 33.38
Loop 518 (us) 32.901
Loop 519 (us) 33.381
Loop 520 (us) 33.767
Loop 521 (us) 33.138
Loop 522 (us) 33.925
Loop 523 (us) 33.897
Loop 524 (us) 34.171
Loop 525 (us) 33.679
Loop 526 (us) 32.832
Loop 527 (us) 33.333
Loop 528 (us) 33.681
Loop 529 (us) 34.047
Loop 530 (us) 32.781
Loop 531 (us) 33.098
Loop 532 (us) 33.486
Loop 533 (us) 33.381
Loop 534 (us) 33.484
Loop 535 (us) 33.542
Loop 536 (us) 33.383
Loop 537 (us) 32.995
Loop 538 (us) 33.345
Loop 539 (us) 33.114
Loop 540 (us) 33.024
Loop 541 (us) 33.838
Loop 542 (us) 33.671
Loop 543 (us) 33.374
Loop 544 (us) 33.148
Loop 545 (us) 33.435
Loop 546 (us) 34.233
Loop 547 (us) 33.03
Loop 548 (us) 33.754
Loop 549 (us) 33.744
Loop 550 (us) 37.182
Loop 551 (us) 32.726
Loop 552 (us) 33.589
Loop 553 (us) 33.89
Loop 554 (us) 33.488
Loop 555 (us) 32.901
Loop 556 (us) 33.465
Loop 557 (us) 34.537
Loop 558 (us) 33.647
Loop 559 (us) 32.847
Loop 560 (us) 33.836
Loop 561 (us) 33.733
Loop 562 (us) 33.041
Loop 563 (us) 32.991
Loop 564 (us) 33.756
Loop 565 (us) 34.167
Loop 566 (us) 33.709
Loop 567 (us) 32.766
Loop 568 (us) 32.918
Loop 569 (us) 33.749
Loop 570 (us) 33.84
Loop 571 (us) 36.055
Loop 572 (us) 33.412
Loop 573 (us) 34.954
Loop 574 (us) 33.179
Loop 575 (us) 33.592
Loop 576 (us) 33.398
Loop 577 (us) 33.315
Loop 578 (us) 33.416
Loop 579 (us) 33.126
Loop 580 (us) 33.3
Loop 581 (us) 34.034
Loop 582 (us) 33.56
Loop 583 (us) 32.935
Loop 584 (us) 33.912
Loop 585 (us) 34.035
Loop 586 (us) 33.482
Loop 587 (us) 39.564
Loop 588 (us) 33.788
Loop 589 (us) 34.18
Loop 590 (us) 34.185
Loop 591 (us) 33.667
Loop 592 (us) 33.32
Loop 593 (us) 34.113
Loop 594 (us) 33.865
Loop 595 (us) 33.572
Loop 596 (us) 33.831
Loop 597 (us) 34.524
Loop 598 (us) 33.442
Loop 599 (us) 33.553
Loop 600 (us) 34.142
Loop 601 (us) 33.691
Loop 602 (us) 33.887
Loop 603 (us) 33.608
Loop 604 (us) 33.745
Loop 605 (us) 34.442
Loop 606 (us) 34.193
Loop 607 (us) 33.577
Loop 608 (us) 33.656
Loop 609 (us) 33.533
Loop 610 (us) 33.908
Loop 611 (us) 33.385
Loop 612 (us) 34.106
Loop 613 (us) 34.36
Loop 614 (us) 34.039
Loop 615 (us) 33.706
Loop 616 (us) 33.918
Loop 617 (us) 33.651
Loop 618 (us) 34.256
Loop 619 (us) 32.646
Loop 620 (us) 33.134
Loop 621 (us) 33.798
Loop 622 (us) 32.968
Loop 623 (us) 33.142
Loop 624 (us) 33.047
Loop 625 (us) 33.296
Loop 626 (us) 34.257
Loop 627 (us) 32.985
Loop 628 (us) 33.477
Loop 629 (us) 33.518
Loop 630 (us) 37.301
Loop 631 (us) 34.207
Loop 632 (us) 33.241
Loop 633 (us) 32.869
Loop 634 (us) 33.72
Loop 635 (us) 33.338
Loop 636 (us) 33.321
Loop 637 (us) 33.565
Loop 638 (us) 33.669
Loop 639 (us) 33.742
Loop 640 (us) 33.201
Loop 641 (us) 33.526
Loop 642 (us) 33.681
Loop 643 (us) 33.022
Loop 644 (us) 33.607
Loop 645 (us) 33.401
Loop 646 (us) 33.43
Loop 647 (us) 33.528
Loop 648 (us) 33.183
Loop 649 (us) 33.254
Loop 650 (us) 33.549
Loop 651 (us) 33.684
Loop 652 (us) 36.493
Loop 653 (us) 33.728
Loop 654 (us) 33.603
Loop 655 (us) 33.435
Loop 656 (us) 33.234
Loop 657 (us) 33.755
Loop 658 (us) 33.778
Loop 659 (us) 33.505
Loop 660 (us) 33.391
Loop 661 (us) 33.178
Loop 662 (us) 33.351
Loop 663 (us) 34.612
Loop 664 (us) 33.102
Loop 665 (us) 33.492
Loop 666 (us) 33.274
Loop 667 (us) 33.121
Loop 668 (us) 33.539
Loop 669 (us) 33.475
Loop 670 (us) 46.673
Loop 671 (us) 34.703
Loop 672 (us) 34.501
Loop 673 (us) 34.104
Loop 674 (us) 34.644
Loop 675 (us) 34.081
Loop 676 (us) 33.912
Loop 677 (us) 34.287
Loop 678 (us) 34.389
Loop 679 (us) 34.154
Loop 680 (us) 34.179
Loop 681 (us) 34.057
Loop 682 (us) 34.36
Loop 683 (us) 34.75
Loop 684 (us) 34.957
Loop 685 (us) 35.442
Loop 686 (us) 35.184
Loop 687 (us) 35.819
Loop 688 (us) 34.047
Loop 689 (us) 34.277
Loop 690 (us) 34.142
Loop 691 (us) 34.758
Loop 692 (us) 35.076
Loop 693 (us) 35.599
Loop 694 (us) 34.15
Loop 695 (us) 39.092
Loop 696 (us) 34.616
Loop 697 (us) 34.14
Loop 698 (us) 34.313
Loop 699 (us) 33.837
Loop 700 (us) 33.498
Loop 701 (us) 34.965
Loop 702 (us) 34.829
Loop 703 (us) 34.043
Loop 704 (us) 33.296
Loop 705 (us) 33.437
Loop 706 (us) 33.796
Loop 707 (us) 34.196
Loop 708 (us) 34.149
Loop 709 (us) 33.797
Loop 710 (us) 33.678
Loop 711 (us) 33.341
Loop 712 (us) 34.171
Loop 713 (us) 33.534
Loop 714 (us) 34.076
Loop 715 (us) 33.502
Loop 716 (us) 36.502
Loop 717 (us) 34.042
Loop 718 (us) 34.092
Loop 719 (us) 33.778
Loop 720 (us) 34.233
Loop 721 (us) 33.646
Loop 722 (us) 34.537
Loop 723 (us) 34.381
Loop 724 (us) 34.189
Loop 725 (us) 34.4
Loop 726 (us) 33.054
Loop 727 (us) 33.648
Loop 728 (us) 33.667
Loop 729 (us) 34.489
Loop 730 (us) 34.356
Loop 731 (us) 33.568
Loop 732 (us) 34.602
Loop 733 (us) 35.064
Loop 734 (us) 34.841
Loop 735 (us) 34.073
Loop 736 (us) 34.022
Loop 737 (us) 33.246
Loop 738 (us) 33.49
Loop 739 (us) 33.439
Loop 740 (us) 33.895
Loop 741 (us) 34.158
Loop 742 (us) 33.28
Loop 743 (us) 33.694
Loop 744 (us) 33.764
Loop 745 (us) 38.821
Loop 746 (us) 33.624
Loop 747 (us) 34.033
Loop 748 (us) 33.897
Loop 749 (us) 34.243
Loop 750 (us) 34.275
Loop 751 (us) 34.361
Loop 752 (us) 34.245
Loop 753 (us) 34.14
Loop 754 (us) 33.642
Loop 755 (us) 34.216
Loop 756 (us) 34.552
Loop 757 (us) 33.728
Loop 758 (us) 33.823
Loop 759 (us) 33.756
Loop 760 (us) 33.893
Loop 761 (us) 35.06
Loop 762 (us) 36.639
Loop 763 (us) 33.312
Loop 764 (us) 33.551
Loop 765 (us) 33.917
Loop 766 (us) 34.509
Loop 767 (us) 33.557
Loop 768 (us) 33.216
Loop 769 (us) 33.468
Loop 770 (us) 33.673
Loop 771 (us) 33.701
Loop 772 (us) 34.214
Loop 773 (us) 34.589
Loop 774 (us) 33.894
Loop 775 (us) 33.957
Loop 776 (us) 33.709
Loop 777 (us) 33.542
Loop 778 (us) 33.923
Loop 779 (us) 34.718
Loop 780 (us) 33.764
Loop 781 (us) 34.206
Loop 782 (us) 33.843
Loop 783 (us) 37.889
Loop 784 (us) 34.355
Loop 785 (us) 34.665
Loop 786 (us) 33.982
Loop 787 (us) 35.125
Loop 788 (us) 34.014
Loop 789 (us) 33.435
Loop 790 (us) 33.919
Loop 791 (us) 33.489
Loop 792 (us) 33.951
Loop 793 (us) 34.294
Loop 794 (us) 33.683
Loop 795 (us) 33.123
Loop 796 (us) 33.694
Loop 797 (us) 34.082
Loop 798 (us) 34.428
Loop 799 (us) 33.833
Loop 800 (us) 33.355
Loop 801 (us) 32.975
Loop 802 (us) 34.203
Loop 803 (us) 33.309
Loop 804 (us) 38.781
Loop 805 (us) 33.591
Loop 806 (us) 33.539
Loop 807 (us) 33.348
Loop 808 (us) 33.941
Loop 809 (us) 33.929
Loop 810 (us) 33.767
Loop 811 (us) 34.393
Loop 812 (us) 34.346
Loop 813 (us) 34.975
Loop 814 (us) 35.877
Loop 815 (us) 35.191
Loop 816 (us) 36.184
Loop 817 (us) 35.914
Loop 818 (us) 35.18
Loop 819 (us) 35.84
Loop 820 (us) 35.319
Loop 821 (us) 36.406
Loop 822 (us) 35.841
Loop 823 (us) 35.943
Loop 824 (us) 36.393
Loop 825 (us) 36.003
Loop 826 (us) 35.379
Loop 827 (us) 36.686
Loop 828 (us) 38.882
Loop 829 (us) 36.005
Loop 830 (us) 36.423
Loop 831 (us) 35.639
Loop 832 (us) 40.192
Loop 833 (us) 35.316
Loop 834 (us) 36.448
Loop 835 (us) 35.69
Loop 836 (us) 42.285
Loop 837 (us) 36.063
Loop 838 (us) 36.755
Loop 839 (us) 35.893
Loop 840 (us) 40.938
Loop 841 (us) 35.993
Loop 842 (us) 36.726
Loop 843 (us) 36.775
Loop 844 (us) 41.472
Loop 845 (us) 36.324
Loop 846 (us) 44.697
Loop 847 (us) 36.618
Loop 848 (us) 36.665
Loop 849 (us) 36.556
Loop 850 (us) 36.466
Loop 851 (us) 37.979
Loop 852 (us) 36.622
Loop 853 (us) 36.893
Loop 854 (us) 37.943
Loop 855 (us) 35.599
Loop 856 (us) 35.793
Loop 857 (us) 36.275
Loop 858 (us) 35.924
Loop 859 (us) 35.919
Loop 860 (us) 36.144
Loop 861 (us) 35.939
Loop 862 (us) 36.28
Loop 863 (us) 35.753
Loop 864 (us) 42.273
Loop 865 (us) 39.157
Loop 866 (us) 36.022
Loop 867 (us) 35.38
Loop 868 (us) 36.542
Loop 869 (us) 35.946
Loop 870 (us) 35.972
Loop 871 (us) 35.49
Loop 872 (us) 36.427
Loop 873 (us) 35.848
Loop 874 (us) 35.075
Loop 875 (us) 36.446
Loop 876 (us) 36.24
Loop 877 (us) 36.868
Loop 878 (us) 35.722
Loop 879 (us) 36.354
Loop 880 (us) 35.313
Loop 881 (us) 36.338
Loop 882 (us) 35.856
Loop 883 (us) 35.291
Loop 884 (us) 35.952
Loop 885 (us) 35.499
Loop 886 (us) 36.085
Loop 887 (us) 35.207
Loop 888 (us) 34.715
Loop 889 (us) 35.662
Loop 890 (us) 34.372
Loop 891 (us) 34.697
Loop 892 (us) 34.642
Loop 893 (us) 36.028
Loop 894 (us) 36.737
Loop 895 (us) 36.016
Loop 896 (us) 34.371
Loop 897 (us) 35.053
Loop 898 (us) 36.04
Loop 899 (us) 34.703
Loop 900 (us) 36.1
Loop 901 (us) 35.156
Loop 902 (us) 35.488
Loop 903 (us) 35.939
Loop 904 (us) 35.246
Loop 905 (us) 35.431
Loop 906 (us) 37.671
Loop 907 (us) 35.35
Loop 908 (us) 35.292
Loop 909 (us) 36.434
Loop 910 (us) 35.796
Loop 911 (us) 36.696
Loop 912 (us) 35.294
Loop 913 (us) 36.206
Loop 914 (us) 36.434
Loop 915 (us) 36.526
Loop 916 (us) 36.601
Loop 917 (us) 35.791
Loop 918 (us) 35.843
Loop 919 (us) 35.607
Loop 920 (us) 36.444
Loop 921 (us) 66.267
Loop 922 (us) 39.912
Loop 923 (us) 35.574
Loop 924 (us) 36.387
Loop 925 (us) 36.417
Loop 926 (us) 40.641
Loop 927 (us) 34.931
Loop 928 (us) 34.747
Loop 929 (us) 35.917
Loop 930 (us) 51.662
Loop 931 (us) 35.202
Loop 932 (us) 36.493
Loop 933 (us) 35.855
Loop 934 (us) 40.09
Loop 935 (us) 35.662
Loop 936 (us) 36.286
Loop 937 (us) 35.452
Loop 938 (us) 40.394
Loop 939 (us) 36.445
Loop 940 (us) 36.39
Loop 941 (us) 36.136
Loop 942 (us) 40.999
Loop 943 (us) 70.907
Loop 944 (us) 35.978
Loop 945 (us) 36.837
Loop 946 (us) 35.777
Loop 947 (us) 35.712
Loop 948 (us) 35.87
Loop 949 (us) 36.026
Loop 950 (us) 40.146
Loop 951 (us) 35.278
Loop 952 (us) 35.361
Loop 953 (us) 35.589
Loop 954 (us) 34.882
Loop 955 (us) 34.471
Loop 956 (us) 35.639
Loop 957 (us) 35.647
Loop 958 (us) 35.809
Loop 959 (us) 35.136
Loop 960 (us) 33.932
Loop 961 (us) 34.781
Loop 962 (us) 35.486
Loop 963 (us) 34.999
Loop 964 (us) 34.716
Loop 965 (us) 34.837
Loop 966 (us) 35.229
Loop 967 (us) 34.831
Loop 968 (us) 35.027
Loop 969 (us) 35.147
Loop 970 (us) 35.409
Loop 971 (us) 35.032
Loop 972 (us) 34.649
Loop 973 (us) 34.409
Loop 974 (us) 35.151
Loop 975 (us) 39.627
Loop 976 (us) 35.367
Loop 977 (us) 34.907
Loop 978 (us) 34.68
Loop 979 (us) 34.593
Loop 980 (us) 34.557
Loop 981 (us) 35.706
Loop 982 (us) 35.05
Loop 983 (us) 34.249
Loop 984 (us) 34.294
Loop 985 (us) 34.885
Loop 986 (us) 34.136
Loop 987 (us) 33.855
Loop 988 (us) 34.655
Loop 989 (us) 35.138
Loop 990 (us) 34.826
Loop 991 (us) 33.461
Loop 992 (us) 33.715
Loop 993 (us) 33.816
Loop 994 (us) 34.042
Loop 995 (us) 33.477
Loop 996 (us) 34.07
Loop 997 (us) 34.026
Loop 998 (us) 34.206
Loop 999 (us) 33.515
Warmup times 0
avgLoopLatency(us) 37.869999
iops 26406.126918566857
variance 9.603168534343185
Loop 0 [110626, 9, 29507, 45941, 6902, 27168]
Loop 1 [48830, 9, 22571, 12713, 5906, 6867]
Loop 2 [47571, 9, 21574, 12445, 5834, 7009]
Loop 3 [47827, 9, 21353, 12754, 5697, 7337]
Loop 4 [45964, 9, 20313, 12176, 6005, 6808]
Loop 5 [45475, 9, 20116, 11938, 6214, 6539]
Loop 6 [45559, 9, 19917, 12611, 5881, 6493]
Loop 7 [62763, 9, 19707, 12233, 5987, 24218]
Loop 8 [88433, 9, 19649, 12875, 6050, 49056]
Loop 9 [61409, 9, 19970, 12478, 6105, 22207]
Loop 10 [47629, 9, 19633, 12513, 6028, 8894]
Loop 11 [46612, 9, 19265, 12263, 5692, 8719]
Loop 12 [45967, 9, 19037, 12123, 5695, 8505]
Loop 13 [45952, 9, 18802, 11698, 6232, 8561]
Loop 14 [46769, 9, 18946, 12748, 5927, 8458]
Loop 15 [47410, 9, 19128, 12823, 6185, 8628]
Loop 16 [47254, 9, 19035, 12718, 6468, 8399]
Loop 17 [48116, 9, 19053, 14222, 5651, 8582]
Loop 18 [47332, 9, 19246, 12449, 6386, 8606]
Loop 19 [46820, 9, 19045, 12299, 6333, 8506]
Loop 20 [48041, 9, 18948, 13599, 6122, 8666]
Loop 21 [51784, 9, 22708, 13123, 6658, 8742]
Loop 22 [47447, 9, 19195, 12893, 6217, 8560]
Loop 23 [47890, 9, 18897, 13351, 6277, 8762]
Loop 24 [47731, 9, 18973, 12885, 6507, 8731]
Loop 25 [65221, 9, 18995, 13318, 6612, 25658]
Loop 26 [66342, 9, 19854, 13018, 6207, 26642]
Loop 27 [78351, 9, 19534, 13364, 6089, 38506]
Loop 28 [56608, 9, 20163, 13769, 6619, 15338]
Loop 29 [47917, 9, 19637, 13362, 6761, 7492]
Loop 30 [47709, 9, 19332, 13486, 6650, 7577]
Loop 31 [46938, 9, 19004, 13067, 6978, 7301]
Loop 32 [55719, 9, 19079, 12859, 6524, 16550]
Loop 33 [62181, 9, 19422, 14173, 6333, 21525]
Loop 34 [45794, 9, 19110, 12719, 6782, 6570]
Loop 35 [46563, 9, 19083, 13588, 6812, 6471]
Loop 36 [44666, 9, 18782, 12597, 6154, 6533]
Loop 37 [45156, 9, 18915, 12928, 6200, 6528]
Loop 38 [46407, 9, 18974, 13340, 6819, 6639]
Loop 39 [46105, 9, 18831, 13625, 6754, 6293]
Loop 40 [49634, 9, 18875, 17011, 6481, 6616]
Loop 41 [71590, 9, 18959, 12978, 6927, 32026]
Loop 42 [107323, 9, 19432, 13267, 6187, 67608]
Loop 43 [67988, 9, 20510, 13883, 6249, 26651]
Loop 44 [49421, 9, 19677, 13196, 6455, 9440]
Loop 45 [49077, 9, 18997, 13653, 6092, 9697]
Loop 46 [58001, 9, 18931, 12615, 6034, 19820]
Loop 47 [82820, 9, 19626, 13172, 6252, 43115]
Loop 48 [45789, 9, 19265, 12943, 6317, 6708]
Loop 49 [45418, 9, 18992, 13659, 5790, 6414]
Loop 50 [45716, 9, 19285, 12352, 6669, 6759]
Loop 51 [45769, 9, 18997, 12950, 6404, 6790]
Loop 52 [44495, 9, 18750, 12746, 6060, 6330]
Loop 53 [45218, 9, 19030, 13057, 6094, 6448]
Loop 54 [45803, 9, 19272, 12872, 6349, 6650]
Loop 55 [44154, 9, 18680, 12662, 5721, 6486]
Loop 56 [44803, 9, 18873, 12832, 5992, 6486]
Loop 57 [45700, 9, 18905, 13259, 6506, 6354]
Loop 58 [45443, 9, 18782, 13218, 6555, 6313]
Loop 59 [44883, 9, 19064, 12868, 5797, 6575]
Loop 60 [46202, 9, 18860, 12972, 7180, 6586]
Loop 61 [68536, 9, 21439, 14792, 6395, 25173]
Loop 62 [49860, 9, 20190, 14527, 6828, 7565]
Loop 63 [48454, 9, 19608, 14358, 7020, 6715]
Loop 64 [66947, 9, 18949, 15145, 25166, 6974]
Loop 65 [49607, 9, 19516, 15075, 7421, 6885]
Loop 66 [185740, 9, 20122, 117636, 29981, 17249]
Loop 67 [61991, 9, 19396, 28328, 6971, 6645]
Loop 68 [62026, 9, 19591, 26983, 7286, 7563]
Loop 69 [52739, 9, 19409, 19245, 7277, 6085]
Loop 70 [47698, 9, 18858, 14609, 7310, 6313]
Loop 71 [122170, 9, 25414, 70947, 16231, 8813]
Loop 72 [53290, 9, 19395, 19937, 7115, 6247]
Loop 73 [47800, 9, 19207, 15008, 7064, 5897]
Loop 74 [48712, 9, 19320, 15110, 7432, 6230]
Loop 75 [47954, 9, 18831, 14911, 7499, 6089]
Loop 76 [48169, 9, 18833, 15402, 7095, 6200]
Loop 77 [47432, 9, 19177, 14444, 7173, 6014]
Loop 78 [46916, 9, 18840, 14527, 6987, 5983]
Loop 79 [47130, 9, 19024, 14701, 6555, 6218]
Loop 80 [46672, 9, 18932, 14286, 6776, 6052]
Loop 81 [47871, 9, 19319, 14638, 7226, 6067]
Loop 82 [74070, 9, 19908, 40338, 6941, 6258]
Loop 83 [45945, 9, 18995, 14224, 6063, 6038]
Loop 84 [46744, 9, 19020, 14016, 6956, 6109]
Loop 85 [46652, 9, 18975, 14113, 6685, 6271]
Loop 86 [72653, 9, 40268, 18221, 7299, 6205]
Loop 87 [62213, 9, 19358, 28676, 7133, 6378]
Loop 88 [48015, 9, 19044, 14806, 7344, 6196]
Loop 89 [62965, 9, 19269, 14595, 6366, 21978]
Loop 90 [61059, 9, 19660, 14955, 6947, 18826]
Loop 91 [71472, 9, 26571, 14747, 7162, 7588]
Loop 92 [56880, 9, 20054, 15325, 6772, 6271]
Loop 93 [48076, 9, 19669, 14696, 6555, 6464]
Loop 94 [47983, 9, 18879, 15182, 7296, 6045]
Loop 95 [57807, 9, 18873, 14000, 17811, 6389]
Loop 96 [67676, 9, 20105, 32095, 7127, 7707]
Loop 97 [46303, 9, 19274, 14093, 6077, 6304]
Loop 98 [48263, 9, 18901, 14565, 6798, 7436]
Loop 99 [46854, 9, 19263, 14115, 6761, 6097]
Loop 100 [61782, 9, 18856, 14708, 6551, 21038]
Loop 101 [56724, 9, 19295, 14795, 6942, 15077]
Loop 102 [72354, 9, 19272, 14037, 7339, 31046]
Loop 103 [51283, 9, 24309, 13862, 6507, 5990]
Loop 104 [65185, 9, 18851, 13829, 6282, 25552]
Loop 105 [48176, 9, 19985, 14860, 6765, 5960]
Loop 106 [47109, 9, 19596, 14146, 6733, 6048]
Loop 107 [47049, 9, 19040, 14574, 6812, 6035]
Loop 108 [58910, 9, 19115, 13701, 6505, 18906]
Loop 109 [46359, 9, 19374, 14224, 6280, 5881]
Loop 110 [46162, 9, 18722, 14062, 6889, 5928]
Loop 111 [45705, 9, 19001, 13599, 6313, 6224]
Loop 112 [46344, 9, 18933, 14031, 6803, 6040]
Loop 113 [46291, 9, 18866, 14195, 6677, 5998]
Loop 114 [46401, 9, 18771, 14235, 6689, 6071]
Loop 115 [45346, 9, 18758, 13602, 6393, 6045]
Loop 116 [45530, 9, 19036, 13787, 6204, 5965]
Loop 117 [46115, 9, 18939, 14258, 6293, 6040]
Loop 118 [45493, 9, 18674, 13896, 6299, 6029]
Loop 119 [49418, 9, 19072, 14670, 9236, 5861]
Loop 120 [56710, 9, 19046, 14330, 6891, 15835]
Loop 121 [45583, 9, 18645, 13757, 6612, 6008]
Loop 122 [45880, 9, 18946, 13780, 6468, 6107]
Loop 123 [45298, 9, 18712, 13134, 6644, 6198]
Loop 124 [44759, 9, 18808, 13313, 6034, 6017]
Loop 125 [44564, 9, 18594, 13112, 6220, 6079]
Loop 126 [45914, 9, 18901, 13914, 6562, 5961]
Loop 127 [48746, 9, 21840, 13743, 6503, 6078]
Loop 128 [45922, 9, 19135, 14111, 6096, 6012]
Loop 129 [45787, 9, 19142, 13575, 6481, 6000]
Loop 130 [45229, 9, 18545, 13285, 6984, 5889]
Loop 131 [46120, 9, 18804, 14093, 6477, 6159]
Loop 132 [44294, 9, 18695, 13076, 5879, 6055]
Loop 133 [45040, 9, 18572, 13184, 6822, 5896]
Loop 134 [50763, 9, 18766, 13732, 6481, 11197]
Loop 135 [45998, 9, 19137, 13458, 7016, 5769]
Loop 136 [44945, 9, 18583, 12845, 6572, 6362]
Loop 137 [45195, 9, 18596, 13444, 6477, 6130]
Loop 138 [45504, 9, 18933, 13639, 6301, 6034]
Loop 139 [44323, 9, 18793, 12919, 5854, 6186]
Loop 140 [44282, 9, 18423, 13371, 5987, 5928]
Loop 141 [45071, 9, 18865, 13333, 6380, 5912]
Loop 142 [44866, 9, 18538, 13176, 6565, 6018]
Loop 143 [44591, 9, 18663, 13173, 6189, 6005]
Loop 144 [84359, 9, 19613, 52333, 5538, 6326]
Loop 145 [46706, 9, 19138, 15575, 5130, 6311]
Loop 146 [40972, 9, 18567, 10354, 4676, 6826]
Loop 147 [41109, 9, 18781, 10173, 4817, 6803]
Loop 148 [41160, 9, 18516, 10425, 4955, 6710]
Loop 149 [41418, 9, 18547, 10601, 5203, 6506]
Loop 150 [41619, 9, 19041, 10667, 4674, 6679]
Loop 151 [46701, 9, 18771, 14636, 4897, 6583]
Loop 152 [42180, 9, 18598, 10644, 4580, 7745]
Loop 153 [40845, 9, 18572, 10255, 4417, 7013]
Loop 154 [41043, 9, 18595, 10686, 4414, 6801]
Loop 155 [40928, 9, 18573, 10140, 4818, 6867]
Loop 156 [41436, 9, 18940, 10374, 4591, 6982]
Loop 157 [40946, 9, 18476, 10167, 5061, 6690]
Loop 158 [41334, 9, 18705, 10687, 4268, 7117]
Loop 159 [40626, 9, 18807, 10098, 4833, 6364]
Loop 160 [41048, 9, 18459, 10603, 4656, 6785]
Loop 161 [45836, 9, 18350, 15086, 5126, 6736]
Loop 162 [40828, 9, 18878, 10243, 4360, 6814]
Loop 163 [40871, 9, 18411, 10530, 5024, 6345]
Loop 164 [41143, 9, 18833, 10313, 4323, 7112]
Loop 165 [40868, 9, 18665, 10257, 4597, 6777]
Loop 166 [41482, 9, 18758, 10467, 4071, 7603]
Loop 167 [40460, 9, 18589, 10160, 4035, 7158]
Loop 168 [40831, 9, 18751, 10179, 4753, 6611]
Loop 169 [40538, 9, 18492, 10012, 4869, 6640]
Loop 170 [40787, 9, 18480, 10300, 4542, 6912]
Loop 171 [40698, 9, 18594, 10106, 4862, 6552]
Loop 172 [40113, 9, 18401, 9966, 4381, 6865]
Loop 173 [40164, 9, 18649, 9741, 4206, 6989]
Loop 174 [67818, 9, 19333, 37070, 3546, 7363]
Loop 175 [39395, 9, 18539, 9181, 3987, 7162]
Loop 176 [39179, 9, 18729, 8502, 4441, 6986]
Loop 177 [39054, 9, 18694, 8724, 4191, 6958]
Loop 178 [39376, 9, 18533, 8941, 3867, 7526]
Loop 179 [39288, 9, 18425, 9039, 3977, 7361]
Loop 180 [39443, 9, 18600, 8928, 4228, 7133]
Loop 181 [39145, 9, 18630, 8657, 4080, 7234]
Loop 182 [38907, 9, 18654, 8836, 3625, 7275]
Loop 183 [39338, 9, 18823, 8947, 3643, 7377]
Loop 184 [43186, 9, 18295, 13164, 3820, 7408]
Loop 185 [38298, 9, 18571, 8307, 4231, 6681]
Loop 186 [39090, 9, 18436, 8990, 3935, 7175]
Loop 187 [38967, 9, 18620, 8432, 3663, 7733]
Loop 188 [38938, 9, 18706, 8634, 3496, 7574]
Loop 189 [39164, 9, 18793, 8456, 3913, 7456]
Loop 190 [38769, 9, 18509, 8638, 3541, 7569]
Loop 191 [38835, 9, 18414, 8801, 3698, 7386]
Loop 192 [36249, 9, 16488, 8115, 3952, 7222]
Loop 193 [35948, 9, 16360, 8160, 3446, 7496]
Loop 194 [35981, 9, 16522, 8241, 3157, 7573]
Loop 195 [35276, 9, 16310, 7839, 3657, 6957]
Loop 196 [36465, 9, 16584, 8353, 3686, 7342]
Loop 197 [35463, 9, 16462, 7665, 3251, 7625]
Loop 198 [35395, 9, 16405, 7571, 3191, 7729]
Loop 199 [35945, 9, 16423, 8078, 4020, 6943]
Loop 200 [35852, 9, 16414, 7764, 3293, 7879]
Loop 201 [35281, 9, 16458, 7362, 3209, 7743]
Loop 202 [35370, 9, 16528, 7473, 3090, 7795]
Loop 203 [34523, 9, 16388, 6866, 3194, 7571]
Loop 204 [35367, 9, 16603, 7565, 3812, 6908]
Loop 205 [35265, 9, 16394, 7567, 3135, 7672]
Loop 206 [34310, 9, 16378, 6681, 3126, 7640]
Loop 207 [35391, 9, 16223, 7802, 3126, 7764]
Loop 208 [35440, 9, 16541, 7415, 3236, 7765]
Loop 209 [34305, 9, 16533, 6618, 3181, 7469]
Loop 210 [34531, 9, 16279, 6997, 3258, 7469]
Loop 211 [35692, 9, 16818, 7465, 3155, 7744]
Loop 212 [34197, 9, 16362, 6278, 3302, 7773]
Loop 213 [34871, 9, 16441, 7224, 3316, 7377]
Loop 214 [35774, 9, 16600, 7545, 3464, 7676]
Loop 215 [36336, 9, 16493, 6424, 3108, 9818]
Loop 216 [35336, 9, 16631, 7456, 3434, 7323]
Loop 217 [34978, 9, 16380, 7119, 3302, 7695]
Loop 218 [33790, 9, 16393, 6073, 2928, 7908]
Loop 219 [34045, 9, 16578, 6253, 3010, 7708]
Loop 220 [34843, 9, 16390, 6965, 3053, 7966]
Loop 221 [33790, 9, 16429, 6176, 2951, 7770]
Loop 222 [34202, 9, 16438, 6437, 3317, 7562]
Loop 223 [34358, 9, 16475, 6650, 2960, 7787]
Loop 224 [34261, 9, 16683, 6039, 3144, 7935]
Loop 225 [33415, 9, 16245, 6036, 2944, 7670]
Loop 226 [34598, 9, 16787, 6303, 3077, 7942]
Loop 227 [33918, 9, 16538, 6201, 2895, 7801]
Loop 228 [33341, 9, 16246, 6000, 2865, 7771]
Loop 229 [34295, 9, 16698, 6497, 2956, 7657]
Loop 230 [33485, 9, 16314, 6151, 2971, 7556]
Loop 231 [33650, 9, 16303, 6252, 3163, 7488]
Loop 232 [34374, 9, 16540, 6461, 2931, 7916]
Loop 233 [37114, 9, 20095, 5722, 3206, 7575]
Loop 234 [33358, 9, 16632, 5596, 2924, 7745]
Loop 235 [34490, 9, 16711, 6393, 3177, 7705]
Loop 236 [33117, 9, 16249, 5603, 2877, 7956]
Loop 237 [33788, 9, 16481, 6126, 2805, 7900]
Loop 238 [34224, 9, 16516, 6476, 2811, 7946]
Loop 239 [33702, 9, 16387, 5969, 2933, 7925]
Loop 240 [33279, 9, 16318, 5899, 2885, 7734]
Loop 241 [33986, 9, 16481, 6387, 2896, 7727]
Loop 242 [34125, 9, 16681, 6135, 2816, 8014]
Loop 243 [33224, 9, 16388, 5741, 3056, 7533]
Loop 244 [34405, 9, 16717, 6441, 3291, 7474]
Loop 245 [32925, 9, 16128, 5762, 2801, 7722]
Loop 246 [33141, 9, 16383, 5707, 3043, 7523]
Loop 247 [33915, 9, 16505, 6177, 3442, 7261]
Loop 248 [33663, 9, 16116, 6352, 2968, 7762]
Loop 249 [33689, 9, 16401, 6098, 2935, 7789]
Loop 250 [34314, 9, 16831, 6258, 3193, 7579]
Loop 251 [33758, 9, 16403, 6080, 2701, 8068]
Loop 252 [52697, 9, 16520, 6166, 3014, 26365]
Loop 253 [41412, 9, 16773, 6744, 3149, 14225]
Loop 254 [34679, 9, 16657, 6443, 3401, 7716]
Loop 255 [40235, 9, 22704, 6332, 3033, 7662]
Loop 256 [59427, 9, 40815, 7173, 3413, 7491]
Loop 257 [35517, 9, 16490, 7594, 3408, 7529]
Loop 258 [34527, 9, 15921, 7245, 3162, 7677]
Loop 259 [34393, 9, 16067, 7050, 3331, 7457]
Loop 260 [34301, 9, 15872, 7244, 2967, 7704]
Loop 261 [34406, 9, 15875, 7171, 3247, 7600]
Loop 262 [34659, 9, 15964, 7291, 3145, 7748]
Loop 263 [35024, 9, 16014, 7774, 3535, 7172]
Loop 264 [34982, 9, 16166, 7409, 2966, 7944]
Loop 265 [34678, 9, 16093, 7248, 3286, 7551]
Loop 266 [46982, 9, 15973, 7298, 3115, 20053]
Loop 267 [34681, 9, 16365, 6982, 3435, 7396]
Loop 268 [49524, 9, 15937, 7582, 3082, 22364]
Loop 269 [35562, 9, 16540, 7616, 3415, 7475]
Loop 270 [34299, 9, 15771, 6925, 3320, 7769]
Loop 271 [34908, 9, 15892, 7328, 3577, 7622]
Loop 272 [35036, 9, 16261, 7359, 3801, 7138]
Loop 273 [34321, 9, 15800, 7092, 3223, 7663]
Loop 274 [34256, 9, 15836, 7025, 3567, 7295]
Loop 275 [34855, 9, 15778, 7658, 3386, 7486]
Loop 276 [34180, 9, 15847, 6918, 3499, 7383]
Loop 277 [35783, 9, 15845, 8414, 3511, 7476]
Loop 278 [34879, 9, 15692, 7424, 3768, 7477]
Loop 279 [35653, 9, 16534, 7940, 2951, 7680]
Loop 280 [37466, 9, 16134, 7623, 5015, 7083]
Loop 281 [34714, 9, 15882, 7389, 3574, 7351]
Loop 282 [34805, 9, 15783, 7774, 3080, 7644]
Loop 283 [35027, 9, 15945, 7705, 2938, 7900]
Loop 284 [34905, 9, 15762, 7761, 3344, 7519]
Loop 285 [34471, 9, 15790, 7258, 3174, 7720]
Loop 286 [34524, 9, 15866, 7453, 3007, 7666]
Loop 287 [34697, 9, 15871, 7512, 3215, 7592]
Loop 288 [34211, 9, 15976, 6791, 3249, 7663]
Loop 289 [34689, 9, 16053, 7312, 3247, 7538]
Loop 290 [34441, 9, 16076, 7081, 3806, 6958]
Loop 291 [33611, 9, 15969, 6604, 3202, 7325]
Loop 292 [34143, 9, 16003, 6557, 3389, 7649]
Loop 293 [34081, 9, 16072, 6727, 3329, 7431]
Loop 294 [34240, 9, 15953, 6706, 2945, 8088]
Loop 295 [34465, 9, 16059, 6790, 3782, 7295]
Loop 296 [34602, 9, 15940, 7277, 3058, 7786]
Loop 297 [33539, 9, 16001, 6430, 2935, 7627]
Loop 298 [34801, 9, 16084, 7443, 3042, 7703]
Loop 299 [34761, 9, 16029, 7513, 2912, 7794]
Loop 300 [33801, 9, 15787, 6719, 3112, 7691]
Loop 301 [33983, 9, 15781, 7132, 2858, 7692]
Loop 302 [48275, 9, 19244, 14874, 4788, 8569]
Loop 303 [35538, 9, 16125, 8044, 2969, 7904]
Loop 304 [34536, 9, 15869, 7446, 3201, 7498]
Loop 305 [33868, 9, 15556, 6667, 3123, 8046]
Loop 306 [34394, 9, 15670, 7669, 2935, 7587]
Loop 307 [34250, 9, 15751, 7502, 3437, 7066]
Loop 308 [34296, 9, 15879, 7288, 2873, 7744]
Loop 309 [33567, 9, 15971, 6549, 2877, 7678]
Loop 310 [33977, 9, 16073, 6803, 2833, 7755]
Loop 311 [36573, 9, 17244, 7845, 3269, 7677]
Loop 312 [34748, 9, 15842, 7660, 3368, 7323]
Loop 313 [35948, 9, 15952, 8425, 3469, 7568]
Loop 314 [34738, 9, 15744, 7732, 3266, 7360]
Loop 315 [34516, 9, 15935, 7007, 2774, 8221]
Loop 316 [34194, 9, 15964, 7082, 2985, 7638]
Loop 317 [35479, 9, 15748, 8336, 3069, 7814]
Loop 318 [34514, 9, 15842, 7229, 3654, 7255]
Loop 319 [34500, 9, 15914, 7120, 3006, 7921]
Loop 320 [34277, 9, 16027, 7001, 2992, 7794]
Loop 321 [34234, 9, 16036, 7036, 3217, 7415]
Loop 322 [33630, 9, 15868, 6648, 3080, 7525]
Loop 323 [34131, 9, 16110, 6983, 2810, 7686]
Loop 324 [34410, 9, 16049, 7206, 3100, 7496]
Loop 325 [34592, 9, 16014, 7402, 3093, 7556]
Loop 326 [33603, 9, 15822, 6662, 2810, 7800]
Loop 327 [34464, 9, 15970, 7152, 2916, 7870]
Loop 328 [35129, 9, 15878, 7754, 3189, 7835]
Loop 329 [35368, 9, 15714, 8272, 3675, 7211]
Loop 330 [35282, 9, 16088, 8030, 2870, 7819]
Loop 331 [34511, 9, 16166, 7279, 2992, 7579]
Loop 332 [34169, 9, 15895, 6991, 2635, 8167]
Loop 333 [34517, 9, 15735, 7455, 3111, 7696]
Loop 334 [34743, 9, 16072, 7348, 2980, 7804]
Loop 335 [34962, 9, 15981, 7430, 3143, 7885]
Loop 336 [36508, 9, 15758, 9668, 3159, 7415]
Loop 337 [34321, 9, 15829, 7343, 2919, 7703]
Loop 338 [34786, 9, 16016, 7470, 3465, 7302]
Loop 339 [34143, 9, 15819, 7095, 3126, 7608]
Loop 340 [36694, 9, 18503, 6898, 3130, 7656]
Loop 341 [33868, 9, 15930, 6983, 3038, 7431]
Loop 342 [34906, 9, 15929, 7261, 3273, 7900]
Loop 343 [33945, 9, 15868, 6962, 2782, 7862]
Loop 344 [33702, 9, 15927, 6625, 3451, 7196]
Loop 345 [40683, 9, 15932, 13716, 3016, 7535]
Loop 346 [33589, 9, 16017, 6562, 2966, 7540]
Loop 347 [33363, 9, 15893, 6451, 2700, 7847]
Loop 348 [32731, 9, 15673, 6037, 2644, 7867]
Loop 349 [34953, 9, 15757, 7816, 3104, 7719]
Loop 350 [34360, 9, 15835, 7169, 3412, 7421]
Loop 351 [33855, 9, 15943, 6326, 3650, 7416]
Loop 352 [33340, 9, 15782, 6441, 2881, 7765]
Loop 353 [33421, 9, 15762, 6573, 2826, 7787]
Loop 354 [33752, 9, 15957, 6816, 2721, 7715]
Loop 355 [33362, 9, 15900, 6457, 2768, 7715]
Loop 356 [33209, 9, 15732, 6387, 2941, 7612]
Loop 357 [33191, 9, 15740, 6418, 2736, 7754]
Loop 358 [33107, 9, 15847, 6402, 2648, 7726]
Loop 359 [34023, 9, 15811, 7169, 2681, 7858]
Loop 360 [33084, 9, 15681, 6587, 2655, 7661]
Loop 361 [33449, 9, 15997, 6527, 2779, 7608]
Loop 362 [34395, 9, 15929, 5970, 5961, 5996]
Loop 363 [32475, 9, 15931, 5674, 2550, 7809]
Loop 364 [34320, 9, 15900, 7163, 2878, 7874]
Loop 365 [34831, 9, 15909, 7622, 2951, 7814]
Loop 366 [34298, 9, 16022, 7060, 2840, 7811]
Loop 367 [33911, 9, 15958, 6872, 2845, 7724]
Loop 368 [33521, 9, 15929, 6510, 2893, 7656]
Loop 369 [33324, 9, 15855, 6181, 2878, 7907]
Loop 370 [34156, 9, 16034, 6829, 2863, 7878]
Loop 371 [33654, 9, 15916, 6527, 2862, 7815]
Loop 372 [33633, 9, 15942, 6491, 2809, 7881]
Loop 373 [33752, 9, 16140, 6608, 2747, 7708]
Loop 374 [33728, 9, 15898, 6979, 2876, 7463]
Loop 375 [33835, 9, 15807, 6822, 3366, 7334]
Loop 376 [33881, 9, 15747, 7000, 2819, 7773]
Loop 377 [33651, 9, 15942, 6258, 2999, 7930]
Loop 378 [33641, 9, 15807, 6671, 2882, 7738]
Loop 379 [33666, 9, 15981, 6654, 2859, 7680]
Loop 380 [33437, 9, 15676, 6703, 2842, 7723]
Loop 381 [33594, 9, 15997, 6542, 2761, 7742]
Loop 382 [33835, 9, 15941, 6715, 3362, 7295]
Loop 383 [34056, 9, 15947, 6863, 2891, 7794]
Loop 384 [34305, 9, 16067, 7133, 2809, 7809]
Loop 385 [33733, 9, 15904, 6674, 3090, 7525]
Loop 386 [33665, 9, 16059, 6483, 2944, 7639]
Loop 387 [33971, 9, 16082, 6684, 2896, 7795]
Loop 388 [34069, 9, 15803, 7012, 3082, 7627]
Loop 389 [33409, 9, 15971, 6317, 2767, 7832]
Loop 390 [33735, 9, 15890, 6579, 2932, 7844]
Loop 391 [33782, 9, 16078, 6786, 2681, 7714]
Loop 392 [33573, 9, 15869, 6613, 2931, 7624]
Loop 393 [33562, 9, 15939, 6692, 2749, 7704]
Loop 394 [34064, 9, 15923, 6589, 3248, 7782]
Loop 395 [34363, 9, 15972, 7481, 3009, 7391]
Loop 396 [33907, 9, 15866, 6849, 2874, 7815]
Loop 397 [33669, 9, 15780, 6748, 2812, 7770]
Loop 398 [33964, 9, 16038, 6716, 3467, 7183]
Loop 399 [33637, 9, 15832, 6794, 2688, 7789]
Loop 400 [37065, 9, 18707, 7120, 3111, 7579]
Loop 401 [33550, 9, 15882, 6284, 3329, 7518]
Loop 402 [33495, 9, 15754, 6741, 2856, 7618]
Loop 403 [34197, 9, 15773, 7508, 2659, 7762]
Loop 404 [34627, 9, 15810, 7322, 2880, 8085]
Loop 405 [33616, 9, 15920, 6541, 2942, 7748]
Loop 406 [33418, 9, 15830, 6414, 2897, 7734]
Loop 407 [33501, 9, 15956, 6640, 3123, 7308]
Loop 408 [34909, 9, 16908, 6927, 2931, 7605]
Loop 409 [34838, 9, 16379, 7294, 3102, 7585]
Loop 410 [34622, 9, 16029, 7380, 2832, 7834]
Loop 411 [33631, 9, 15879, 6626, 2908, 7678]
Loop 412 [33589, 9, 15874, 6636, 3515, 7032]
Loop 413 [34068, 9, 15891, 7023, 3114, 7507]
Loop 414 [34437, 9, 15909, 7303, 3014, 7730]
Loop 415 [34426, 9, 16146, 7164, 3132, 7481]
Loop 416 [33796, 9, 15935, 6878, 2861, 7604]
Loop 417 [34264, 9, 15718, 7291, 2934, 7786]
Loop 418 [33999, 9, 15847, 6954, 2928, 7735]
Loop 419 [33692, 9, 15934, 6738, 3053, 7463]
Loop 420 [34269, 9, 15805, 7121, 3047, 7734]
Loop 421 [33257, 9, 15744, 6435, 2922, 7620]
Loop 422 [34545, 9, 15886, 7252, 2940, 7938]
Loop 423 [33920, 9, 15847, 6677, 3427, 7403]
Loop 424 [33985, 9, 15856, 6954, 2988, 7676]
Loop 425 [33768, 9, 15859, 7016, 2941, 7432]
Loop 426 [34501, 9, 15868, 7454, 3266, 7386]
Loop 427 [34089, 9, 15984, 7032, 3069, 7485]
Loop 428 [34068, 9, 15830, 6899, 2909, 7874]
Loop 429 [34082, 9, 15885, 7036, 2823, 7832]
Loop 430 [33631, 9, 15801, 6683, 2774, 7823]
Loop 431 [34034, 9, 15751, 7256, 2822, 7628]
Loop 432 [33672, 9, 15878, 6778, 2804, 7690]
Loop 433 [47750, 9, 15765, 7650, 3121, 20641]
Loop 434 [34500, 9, 16382, 7022, 3182, 7424]
Loop 435 [33961, 9, 15842, 7159, 2866, 7616]
Loop 436 [34624, 9, 15877, 7245, 3296, 7685]
Loop 437 [37385, 9, 15801, 10052, 3550, 7429]
Loop 438 [33896, 9, 15808, 6777, 3191, 7611]
Loop 439 [34397, 9, 15834, 7560, 3683, 6796]
Loop 440 [34919, 9, 15978, 7436, 3410, 7569]
Loop 441 [37358, 9, 15934, 7109, 3337, 7265]
Loop 442 [34454, 9, 15900, 7275, 3410, 7351]
Loop 443 [33968, 9, 16182, 6643, 3141, 7504]
Loop 444 [33981, 9, 15856, 6828, 2790, 7995]
Loop 445 [33781, 9, 15997, 6675, 3329, 7268]
Loop 446 [34119, 9, 15718, 6919, 2880, 8104]
Loop 447 [35067, 9, 15882, 7707, 3330, 7625]
Loop 448 [34034, 9, 15782, 7077, 3029, 7643]
Loop 449 [34349, 9, 15888, 7474, 3172, 7284]
Loop 450 [33930, 9, 15810, 7011, 3261, 7329]
Loop 451 [34085, 9, 16048, 6899, 3151, 7460]
Loop 452 [34052, 9, 16029, 6771, 3425, 7312]
Loop 453 [34269, 9, 15975, 7020, 3119, 7633]
Loop 454 [34408, 9, 15819, 7478, 2851, 7731]
Loop 455 [34508, 9, 15860, 7619, 2732, 7779]
Loop 456 [34320, 9, 15902, 7254, 3200, 7468]
Loop 457 [34661, 9, 15855, 7228, 3470, 7611]
Loop 458 [33811, 9, 15904, 6967, 2694, 7790]
Loop 459 [34724, 9, 15964, 7104, 3162, 7982]
Loop 460 [34123, 9, 15888, 7099, 3060, 7558]
Loop 461 [34466, 9, 15901, 7284, 2945, 7829]
Loop 462 [36205, 9, 16065, 6756, 6856, 6000]
Loop 463 [34050, 9, 15794, 7016, 2995, 7736]
Loop 464 [33767, 9, 16026, 6769, 2982, 7436]
Loop 465 [34376, 9, 16018, 7130, 3103, 7602]
Loop 466 [65030, 9, 16029, 7210, 3146, 38009]
Loop 467 [34671, 9, 16539, 6785, 3038, 7788]
Loop 468 [34463, 9, 15928, 7144, 3453, 7422]
Loop 469 [34151, 9, 16161, 6873, 3117, 7517]
Loop 470 [33800, 9, 16035, 6845, 2809, 7596]
Loop 471 [34115, 9, 15809, 6934, 3444, 7389]
Loop 472 [34078, 9, 15983, 6870, 3128, 7564]
Loop 473 [33316, 9, 16057, 6192, 2885, 7646]
Loop 474 [34106, 9, 16046, 6814, 3310, 7428]
Loop 475 [33627, 9, 15905, 6640, 2799, 7817]
Loop 476 [34267, 9, 15909, 6948, 3395, 7473]
Loop 477 [34258, 9, 16048, 7073, 2970, 7658]
Loop 478 [34884, 9, 16120, 7218, 3223, 7822]
Loop 479 [34380, 9, 16137, 6896, 3160, 7659]
Loop 480 [33143, 9, 15961, 6219, 2960, 7523]
Loop 481 [33903, 9, 16075, 6843, 2765, 7711]
Loop 482 [34281, 9, 15900, 7321, 2886, 7690]
Loop 483 [33397, 9, 15913, 6540, 2769, 7734]
Loop 484 [34260, 9, 15817, 6960, 3389, 7582]
Loop 485 [34712, 9, 16130, 7330, 2943, 7766]
Loop 486 [34338, 9, 16106, 7068, 2859, 7789]
Loop 487 [36232, 9, 15692, 9613, 2875, 7517]
Loop 488 [33583, 9, 15888, 6634, 3287, 7266]
Loop 489 [33850, 9, 15917, 7007, 2751, 7661]
Loop 490 [33854, 9, 15943, 6241, 3565, 7544]
Loop 491 [34127, 9, 15994, 7142, 2684, 7801]
Loop 492 [33661, 9, 15859, 6804, 3052, 7437]
Loop 493 [33613, 9, 15937, 6733, 2855, 7608]
Loop 494 [34471, 9, 15995, 7427, 2764, 7775]
Loop 495 [33321, 9, 15838, 6486, 2813, 7651]
Loop 496 [34191, 9, 15751, 7104, 3064, 7730]
Loop 497 [34024, 9, 15832, 6868, 3068, 7735]
Loop 498 [33888, 9, 15850, 6563, 3214, 7744]
Loop 499 [34418, 9, 16604, 6833, 2802, 7686]
Loop 500 [33108, 9, 15783, 6465, 2996, 7363]
Loop 501 [34022, 9, 15714, 7269, 2822, 7696]
Loop 502 [33521, 9, 15758, 6837, 2790, 7608]
Loop 503 [33380, 9, 15965, 6387, 3051, 7462]
Loop 504 [33528, 9, 15917, 6636, 3085, 7404]
Loop 505 [33061, 9, 15816, 6340, 2999, 7433]
Loop 506 [33420, 9, 15900, 6628, 3092, 7288]
Loop 507 [33387, 9, 15780, 6676, 2771, 7662]
Loop 508 [33417, 9, 15592, 6787, 2942, 7638]
Loop 509 [33328, 9, 15827, 6465, 2720, 7861]
Loop 510 [33535, 9, 15730, 6832, 2887, 7582]
Loop 511 [33277, 9, 15811, 6461, 2820, 7683]
Loop 512 [33652, 9, 15912, 6704, 2687, 7865]
Loop 513 [33040, 9, 15844, 6249, 2869, 7585]
Loop 514 [34195, 9, 15898, 6844, 2860, 8142]
Loop 515 [33829, 9, 15987, 6675, 3110, 7547]
Loop 516 [34237, 9, 15974, 7313, 2874, 7552]
Loop 517 [33380, 9, 15795, 6491, 2660, 7924]
Loop 518 [32901, 9, 15836, 6128, 2852, 7590]
Loop 519 [33381, 9, 15729, 6791, 2638, 7721]
Loop 520 [33767, 9, 15711, 7137, 2742, 7681]
Loop 521 [33138, 9, 15803, 6162, 3165, 7542]
Loop 522 [33925, 9, 15925, 6773, 2954, 7788]
Loop 523 [33897, 9, 15726, 6958, 2787, 7947]
Loop 524 [34171, 9, 15851, 6950, 3085, 7808]
Loop 525 [33679, 9, 15743, 6904, 2848, 7686]
Loop 526 [32832, 9, 15732, 6226, 2592, 7803]
Loop 527 [33333, 9, 15902, 6491, 2649, 7820]
Loop 528 [33681, 9, 15807, 6914, 3138, 7340]
Loop 529 [34047, 9, 15689, 6963, 3001, 7915]
Loop 530 [32781, 9, 15679, 6242, 2634, 7727]
Loop 531 [33098, 9, 15779, 6433, 3122, 7251]
Loop 532 [33486, 9, 15778, 6662, 2814, 7748]
Loop 533 [33381, 9, 15828, 6697, 2571, 7805]
Loop 534 [33484, 9, 15755, 6864, 2691, 7680]
Loop 535 [33542, 9, 15790, 6829, 3204, 7238]
Loop 536 [33383, 9, 15938, 6412, 2753, 7781]
Loop 537 [32995, 9, 15847, 6102, 2685, 7890]
Loop 538 [33345, 9, 15839, 6648, 2555, 7818]
Loop 539 [33114, 9, 15791, 6187, 2711, 7922]
Loop 540 [33024, 9, 15814, 6292, 2801, 7687]
Loop 541 [33838, 9, 16008, 6791, 2735, 7819]
Loop 542 [33671, 9, 15758, 6843, 2925, 7672]
Loop 543 [33374, 9, 16023, 6191, 2958, 7706]
Loop 544 [33148, 9, 16049, 6259, 2615, 7721]
Loop 545 [33435, 9, 15892, 6484, 2743, 7831]
Loop 546 [34233, 9, 16057, 6968, 2698, 8019]
Loop 547 [33030, 9, 15854, 6054, 2853, 7811]
Loop 548 [33754, 9, 16013, 6748, 2907, 7623]
Loop 549 [33744, 9, 16079, 6680, 2672, 7821]
Loop 550 [37182, 9, 19204, 6627, 3290, 7553]
Loop 551 [32726, 9, 15824, 6114, 2573, 7744]
Loop 552 [33589, 9, 15929, 6565, 3016, 7595]
Loop 553 [33890, 9, 15916, 6859, 2917, 7727]
Loop 554 [33488, 9, 15835, 6593, 2736, 7844]
Loop 555 [32901, 9, 15736, 6333, 2664, 7666]
Loop 556 [33465, 9, 15868, 6534, 2867, 7697]
Loop 557 [34537, 9, 16326, 6941, 2708, 8087]
Loop 558 [33647, 9, 15981, 6653, 2772, 7747]
Loop 559 [32847, 9, 15809, 6155, 2586, 7810]
Loop 560 [33836, 9, 15949, 6764, 2732, 7910]
Loop 561 [33733, 9, 16036, 6654, 2715, 7855]
Loop 562 [33041, 9, 15835, 6263, 2743, 7677]
Loop 563 [32991, 9, 15791, 6383, 2740, 7561]
Loop 564 [33756, 9, 16113, 6700, 2750, 7696]
Loop 565 [34167, 9, 15983, 6934, 2738, 7992]
Loop 566 [33709, 9, 15951, 6645, 2869, 7715]
Loop 567 [32766, 9, 15801, 6196, 2682, 7606]
Loop 568 [32918, 9, 15744, 6373, 2913, 7451]
Loop 569 [33749, 9, 15875, 6755, 2942, 7670]
Loop 570 [33840, 9, 16021, 6951, 2598, 7776]
Loop 571 [36055, 9, 18604, 6505, 2740, 7689]
Loop 572 [33412, 9, 15725, 6760, 2775, 7669]
Loop 573 [34954, 9, 16087, 7783, 2704, 7903]
Loop 574 [33179, 9, 15958, 6077, 2822, 7826]
Loop 575 [33592, 9, 15986, 6737, 2723, 7655]
Loop 576 [33398, 9, 15885, 6542, 2817, 7659]
Loop 577 [33315, 9, 15769, 6495, 2667, 7875]
Loop 578 [33416, 9, 15932, 6498, 2838, 7641]
Loop 579 [33126, 9, 16050, 6216, 2816, 7556]
Loop 580 [33300, 9, 15678, 6339, 2875, 7898]
Loop 581 [34034, 9, 16070, 6776, 2945, 7770]
Loop 582 [33560, 9, 16030, 6550, 2645, 7816]
Loop 583 [32935, 9, 15957, 5960, 2847, 7698]
Loop 584 [33912, 9, 15907, 6423, 2924, 8143]
Loop 585 [34035, 9, 16133, 6594, 3072, 7745]
Loop 586 [33482, 9, 15858, 6435, 2960, 7716]
Loop 587 [39564, 9, 18687, 9721, 3290, 7355]
Loop 588 [33788, 9, 15841, 6843, 2918, 7723]
Loop 589 [34180, 9, 16281, 6859, 2835, 7719]
Loop 590 [34185, 9, 15736, 7199, 3004, 7752]
Loop 591 [33667, 9, 15817, 6458, 3107, 7799]
Loop 592 [33320, 9, 16018, 6355, 2735, 7734]
Loop 593 [34113, 9, 15906, 6996, 3155, 7579]
Loop 594 [33865, 9, 15881, 6880, 3099, 7520]
Loop 595 [33572, 9, 15758, 6796, 3034, 7563]
Loop 596 [33831, 9, 15979, 6749, 3375, 7249]
Loop 597 [34524, 9, 15977, 7311, 2983, 7775]
Loop 598 [33442, 9, 15726, 6661, 2835, 7716]
Loop 599 [33553, 9, 15943, 6661, 2982, 7511]
Loop 600 [34142, 9, 15961, 7285, 2886, 7525]
Loop 601 [33691, 9, 15866, 6596, 2966, 7805]
Loop 602 [33887, 9, 15806, 6696, 3084, 7840]
Loop 603 [33608, 9, 15933, 6611, 2829, 7798]
Loop 604 [33745, 9, 15949, 6712, 2854, 7775]
Loop 605 [34442, 9, 15894, 7267, 3681, 7141]
Loop 606 [34193, 9, 15933, 7109, 3088, 7583]
Loop 607 [33577, 9, 16035, 6548, 2927, 7629]
Loop 608 [33656, 9, 15930, 6686, 2824, 7747]
Loop 609 [33533, 9, 15895, 6528, 3206, 7436]
Loop 610 [33908, 9, 16002, 6656, 3020, 7721]
Loop 611 [33385, 9, 15762, 6593, 2867, 7663]
Loop 612 [34106, 9, 15917, 7069, 3010, 7606]
Loop 613 [34360, 9, 16198, 7080, 3525, 7066]
Loop 614 [34039, 9, 15940, 7059, 2869, 7696]
Loop 615 [33706, 9, 15826, 6968, 2685, 7763]
Loop 616 [33918, 9, 15923, 6986, 2935, 7628]
Loop 617 [33651, 9, 15943, 6784, 2971, 7479]
Loop 618 [34256, 9, 15977, 7063, 2797, 7877]
Loop 619 [32646, 9, 15715, 6261, 2605, 7586]
Loop 620 [33134, 9, 15886, 6116, 2814, 7854]
Loop 621 [33798, 9, 16004, 6748, 2809, 7715]
Loop 622 [32968, 9, 16032, 6056, 2541, 7859]
Loop 623 [33142, 9, 15797, 6448, 2634, 7723]
Loop 624 [33047, 9, 15891, 6280, 2503, 7896]
Loop 625 [33296, 9, 16057, 6412, 2677, 7654]
Loop 626 [34257, 9, 15884, 7086, 3027, 7782]
Loop 627 [32985, 9, 15802, 6166, 2668, 7888]
Loop 628 [33477, 9, 16027, 6404, 3075, 7516]
Loop 629 [33518, 9, 15831, 6981, 2770, 7463]
Loop 630 [37301, 9, 15980, 6111, 2779, 11961]
Loop 631 [34207, 9, 15859, 6404, 5478, 5946]
Loop 632 [33241, 9, 15937, 6304, 2640, 7893]
Loop 633 [32869, 9, 15993, 6065, 2656, 7669]
Loop 634 [33720, 9, 15885, 6786, 2833, 7754]
Loop 635 [33338, 9, 15986, 6356, 2697, 7816]
Loop 636 [33321, 9, 15795, 6450, 2932, 7651]
Loop 637 [33565, 9, 15953, 6342, 3061, 7692]
Loop 638 [33669, 9, 15914, 6389, 3267, 7632]
Loop 639 [33742, 9, 16074, 6517, 3072, 7595]
Loop 640 [33201, 9, 15838, 6386, 2622, 7888]
Loop 641 [33526, 9, 15878, 6584, 2893, 7709]
Loop 642 [33681, 9, 15812, 6662, 2889, 7821]
Loop 643 [33022, 9, 15822, 6238, 2863, 7630]
Loop 644 [33607, 9, 15617, 7109, 2659, 7711]
Loop 645 [33401, 9, 15710, 6632, 2887, 7684]
Loop 646 [33430, 9, 15756, 6647, 2846, 7647]
Loop 647 [33528, 9, 15728, 6820, 2677, 7824]
Loop 648 [33183, 9, 15785, 6516, 2685, 7695]
Loop 649 [33254, 9, 15987, 6370, 2795, 7610]
Loop 650 [33549, 9, 15811, 6690, 2644, 7924]
Loop 651 [33684, 9, 15947, 6846, 2804, 7604]
Loop 652 [36493, 9, 15690, 9271, 2884, 8140]
Loop 653 [33728, 9, 15819, 6769, 2820, 7794]
Loop 654 [33603, 9, 15756, 6825, 2620, 7912]
Loop 655 [33435, 9, 16088, 6343, 2758, 7774]
Loop 656 [33234, 9, 15993, 6252, 2545, 7941]
Loop 657 [33755, 9, 15775, 6887, 2815, 7811]
Loop 658 [33778, 9, 15847, 6805, 2806, 7798]
Loop 659 [33505, 9, 15931, 6447, 2782, 7864]
Loop 660 [33391, 9, 16044, 6442, 2685, 7730]
Loop 661 [33178, 9, 15804, 6383, 2791, 7695]
Loop 662 [33351, 9, 15985, 6124, 2735, 8019]
Loop 663 [34612, 9, 16095, 6557, 2860, 7671]
Loop 664 [33102, 9, 15968, 6192, 2699, 7769]
Loop 665 [33492, 9, 15854, 6247, 2931, 7977]
Loop 666 [33274, 9, 15861, 6280, 2962, 7706]
Loop 667 [33121, 9, 15817, 6428, 2672, 7723]
Loop 668 [33539, 9, 15833, 6725, 2715, 7781]
Loop 669 [33475, 9, 15739, 6718, 2878, 7685]
Loop 670 [46673, 9, 19396, 14700, 5550, 6411]
Loop 671 [34703, 9, 15854, 7400, 3571, 7413]
Loop 672 [34501, 9, 15935, 7224, 2715, 8131]
Loop 673 [34104, 9, 16151, 6705, 3339, 7483]
Loop 674 [34644, 9, 15897, 7538, 3216, 7500]
Loop 675 [34081, 9, 15897, 7304, 3024, 7406]
Loop 676 [33912, 9, 15881, 6673, 3158, 7733]
Loop 677 [34287, 9, 15937, 7169, 3044, 7675]
Loop 678 [34389, 9, 16040, 7254, 2923, 7738]
Loop 679 [34154, 9, 15973, 7243, 3072, 7377]
Loop 680 [34179, 9, 15917, 7212, 3335, 7205]
Loop 681 [34057, 9, 15895, 7195, 3124, 7379]
Loop 682 [34360, 9, 15890, 7325, 3221, 7462]
Loop 683 [34750, 9, 16101, 7528, 3418, 7235]
Loop 684 [34957, 9, 15987, 7384, 3414, 7640]
Loop 685 [35442, 9, 16220, 7938, 3357, 7415]
Loop 686 [35184, 9, 16032, 7979, 3091, 7600]
Loop 687 [35819, 9, 16095, 7709, 3720, 7817]
Loop 688 [34047, 9, 15977, 6802, 3009, 7771]
Loop 689 [34277, 9, 15842, 7121, 3309, 7543]
Loop 690 [34142, 9, 15904, 6957, 3411, 7354]
Loop 691 [34758, 9, 15911, 7856, 3514, 6998]
Loop 692 [35076, 9, 15947, 7892, 3227, 7518]
Loop 693 [35599, 9, 15917, 8331, 3439, 7437]
Loop 694 [34150, 9, 15864, 7054, 3415, 7347]
Loop 695 [39092, 9, 20502, 7136, 3376, 7578]
Loop 696 [34616, 9, 15987, 7608, 2933, 7540]
Loop 697 [34140, 9, 15782, 6991, 3351, 7532]
Loop 698 [34313, 9, 15811, 7217, 3256, 7537]
Loop 699 [33837, 9, 15825, 6890, 3360, 7298]
Loop 700 [33498, 9, 15938, 6290, 3185, 7571]
Loop 701 [34965, 9, 16069, 7454, 3212, 7762]
Loop 702 [34829, 9, 15916, 7690, 2969, 7786]
Loop 703 [34043, 9, 16235, 6680, 2926, 7763]
Loop 704 [33296, 9, 15877, 6237, 2718, 7973]
Loop 705 [33437, 9, 15895, 6556, 3015, 7491]
Loop 706 [33796, 9, 16075, 6744, 3138, 7376]
Loop 707 [34196, 9, 15871, 7265, 3110, 7481]
Loop 708 [34149, 9, 16051, 7024, 2974, 7614]
Loop 709 [33797, 9, 15911, 6930, 3009, 7442]
Loop 710 [33678, 9, 15949, 6726, 2909, 7653]
Loop 711 [33341, 9, 15954, 6366, 3418, 7077]
Loop 712 [34171, 9, 15773, 7387, 3118, 7436]
Loop 713 [33534, 9, 15981, 6595, 2978, 7474]
Loop 714 [34076, 9, 15867, 7105, 3121, 7514]
Loop 715 [33502, 9, 15815, 6471, 3083, 7635]
Loop 716 [36502, 9, 15752, 9616, 2893, 7757]
Loop 717 [34042, 9, 15795, 6718, 3683, 7331]
Loop 718 [34092, 9, 15971, 6854, 3076, 7707]
Loop 719 [33778, 9, 16017, 6617, 3120, 7562]
Loop 720 [34233, 9, 16087, 6758, 3104, 7816]
Loop 721 [33646, 9, 15925, 6674, 2791, 7742]
Loop 722 [34537, 9, 15954, 7264, 2967, 7854]
Loop 723 [34381, 9, 15960, 7256, 3453, 7248]
Loop 724 [34189, 9, 15898, 7155, 3015, 7637]
Loop 725 [34400, 9, 15878, 6979, 3389, 7669]
Loop 726 [33054, 9, 15950, 5833, 3270, 7516]
Loop 727 [33648, 9, 16055, 6627, 2669, 7818]
Loop 728 [33667, 9, 15827, 6765, 2949, 7632]
Loop 729 [34489, 9, 15900, 7174, 3720, 7203]
Loop 730 [34356, 9, 15867, 7166, 3050, 7814]
Loop 731 [33568, 9, 15906, 6586, 3162, 7435]
Loop 732 [34602, 9, 15841, 7343, 3509, 7430]
Loop 733 [35064, 9, 15826, 7780, 3576, 7390]
Loop 734 [34841, 9, 16092, 7355, 3261, 7622]
Loop 735 [34073, 9, 16144, 6936, 2897, 7657]
Loop 736 [34022, 9, 16002, 6955, 2793, 7778]
Loop 737 [33246, 9, 15921, 6258, 3183, 7436]
Loop 738 [33490, 9, 15873, 6561, 3039, 7544]
Loop 739 [33439, 9, 15985, 6606, 3082, 7256]
Loop 740 [33895, 9, 15858, 7066, 3117, 7374]
Loop 741 [34158, 9, 15880, 7257, 2928, 7658]
Loop 742 [33280, 9, 15971, 6312, 2784, 7720]
Loop 743 [33694, 9, 15892, 6880, 2938, 7507]
Loop 744 [33764, 9, 15973, 6739, 3337, 7203]
Loop 745 [38821, 9, 15962, 6400, 8107, 7832]
Loop 746 [33624, 9, 15763, 6356, 3183, 7776]
Loop 747 [34033, 9, 16068, 6696, 3543, 7236]
Loop 748 [33897, 9, 15836, 6849, 2942, 7822]
Loop 749 [34243, 9, 15952, 6933, 3066, 7850]
Loop 750 [34275, 9, 15858, 7091, 3055, 7780]
Loop 751 [34361, 9, 15858, 7286, 3466, 7318]
Loop 752 [34245, 9, 15970, 6990, 3253, 7529]
Loop 753 [34140, 9, 15924, 6974, 3499, 7240]
Loop 754 [33642, 9, 15745, 6730, 3157, 7540]
Loop 755 [34216, 9, 15953, 6902, 3403, 7472]
Loop 756 [34552, 9, 15989, 7217, 2985, 7876]
Loop 757 [33728, 9, 15852, 6634, 3139, 7632]
Loop 758 [33823, 9, 15906, 6794, 2933, 7706]
Loop 759 [33756, 9, 15880, 6822, 2745, 7811]
Loop 760 [33893, 9, 15839, 7174, 2932, 7489]
Loop 761 [35060, 9, 16072, 7324, 3739, 7443]
Loop 762 [36639, 9, 18578, 6797, 3231, 7506]
Loop 763 [33312, 9, 15734, 6217, 3335, 7526]
Loop 764 [33551, 9, 16112, 6189, 3040, 7736]
Loop 765 [33917, 9, 15865, 6833, 2936, 7789]
Loop 766 [34509, 9, 15938, 7491, 2985, 7622]
Loop 767 [33557, 9, 15754, 6816, 2756, 7744]
Loop 768 [33216, 9, 15897, 6383, 2692, 7758]
Loop 769 [33468, 9, 16076, 6345, 3130, 7451]
Loop 770 [33673, 9, 15957, 6844, 2985, 7413]
Loop 771 [33701, 9, 15939, 6955, 3256, 7083]
Loop 772 [34214, 9, 15936, 7153, 3086, 7549]
Loop 773 [34589, 9, 15832, 7635, 2729, 7930]
Loop 774 [33894, 9, 15861, 7066, 2865, 7587]
Loop 775 [33957, 9, 15934, 7200, 2865, 7481]
Loop 776 [33709, 9, 15854, 6904, 3079, 7369]
Loop 777 [33542, 9, 15989, 6421, 2678, 7978]
Loop 778 [33923, 9, 16012, 6895, 2992, 7592]
Loop 779 [34718, 9, 15931, 7514, 3311, 7432]
Loop 780 [33764, 9, 15910, 6607, 2974, 7801]
Loop 781 [34206, 9, 16083, 6985, 3079, 7522]
Loop 782 [33843, 9, 15987, 6800, 3167, 7407]
Loop 783 [37889, 9, 15841, 10700, 3293, 7564]
Loop 784 [34355, 9, 16006, 6989, 3314, 7553]
Loop 785 [34665, 9, 15954, 7470, 2898, 7831]
Loop 786 [33982, 9, 15941, 6841, 3235, 7465]
Loop 787 [35125, 9, 15969, 7771, 3462, 7430]
Loop 788 [34014, 9, 15762, 6926, 3331, 7516]
Loop 789 [33435, 9, 15890, 6401, 2936, 7700]
Loop 790 [33919, 9, 16040, 6563, 2979, 7851]
Loop 791 [33489, 9, 15958, 6497, 2705, 7870]
Loop 792 [33951, 9, 15887, 6651, 3082, 7824]
Loop 793 [34294, 9, 15775, 6946, 4008, 7076]
Loop 794 [33683, 9, 16112, 6572, 3130, 7394]
Loop 795 [33123, 9, 15831, 6130, 3508, 7184]
Loop 796 [33694, 9, 15764, 6289, 3636, 7529]
Loop 797 [34082, 9, 15876, 6951, 3110, 7690]
Loop 798 [34428, 9, 16120, 7044, 3090, 7709]
Loop 799 [33833, 9, 15801, 6954, 2759, 7790]
Loop 800 [33355, 9, 15979, 6254, 2744, 7872]
Loop 801 [32975, 9, 15864, 6186, 2771, 7660]
Loop 802 [34203, 9, 15852, 7341, 3237, 7280]
Loop 803 [33309, 9, 15874, 6339, 3229, 7367]
Loop 804 [38781, 9, 20256, 7408, 3045, 7555]
Loop 805 [33591, 9, 15705, 6990, 3202, 7247]
Loop 806 [33539, 9, 15889, 6723, 2783, 7670]
Loop 807 [33348, 9, 16087, 6298, 2775, 7694]
Loop 808 [33941, 9, 15850, 7248, 3230, 7114]
Loop 809 [33929, 9, 15691, 7255, 2879, 7603]
Loop 810 [33767, 9, 15828, 6726, 3177, 7551]
Loop 811 [34393, 9, 15778, 7199, 3382, 7547]
Loop 812 [34346, 9, 15824, 7333, 3583, 7128]
Loop 813 [34975, 9, 15675, 7743, 3544, 7496]
Loop 814 [35877, 9, 16097, 7742, 4021, 7537]
Loop 815 [35191, 9, 15884, 7928, 3571, 7326]
Loop 816 [36184, 9, 15959, 8626, 3956, 7138]
Loop 817 [35914, 9, 15800, 8736, 3466, 7421]
Loop 818 [35180, 9, 15720, 8147, 3688, 7162]
Loop 819 [35840, 9, 15787, 8912, 3827, 6873]
Loop 820 [35319, 9, 16033, 8027, 3616, 7166]
Loop 821 [36406, 9, 15914, 8509, 4507, 7044]
Loop 822 [35841, 9, 15784, 8106, 4052, 7456]
Loop 823 [35943, 9, 15726, 8911, 3630, 7177]
Loop 824 [36393, 9, 15788, 9137, 4199, 6794]
Loop 825 [36003, 9, 15700, 8642, 4385, 6788]
Loop 826 [35379, 9, 15829, 8050, 3900, 7153]
Loop 827 [36686, 9, 15929, 8963, 4300, 6991]
Loop 828 [38882, 9, 15881, 8725, 3948, 9821]
Loop 829 [36005, 9, 16023, 8576, 3751, 7190]
Loop 830 [36423, 9, 16021, 9192, 3837, 6889]
Loop 831 [35639, 9, 15920, 8341, 3881, 7033]
Loop 832 [40192, 9, 21257, 7577, 3486, 7382]
Loop 833 [35316, 9, 15876, 8367, 3726, 6884]
Loop 834 [36448, 9, 15849, 9310, 3885, 6926]
Loop 835 [35690, 9, 15846, 8685, 3991, 6693]
Loop 836 [42285, 9, 21557, 9266, 3716, 7212]
Loop 837 [36063, 9, 16058, 8798, 3792, 6961]
Loop 838 [36755, 9, 16056, 9417, 3576, 7246]
Loop 839 [35893, 9, 15892, 8800, 3748, 6986]
Loop 840 [40938, 9, 19819, 9602, 4387, 6647]
Loop 841 [35993, 9, 15888, 8818, 4079, 6729]
Loop 842 [36726, 9, 15981, 9447, 3657, 7157]
Loop 843 [36775, 9, 16092, 9323, 4928, 5994]
Loop 844 [41472, 9, 21166, 8598, 3966, 7220]
Loop 845 [36324, 9, 15764, 9067, 4023, 7000]
Loop 846 [44697, 9, 22936, 10301, 4015, 6980]
Loop 847 [36618, 9, 16004, 9091, 3987, 7061]
Loop 848 [36665, 9, 15837, 8537, 4599, 7256]
Loop 849 [36556, 9, 16040, 8687, 4064, 7273]
Loop 850 [36466, 9, 16114, 9043, 4049, 6780]
Loop 851 [37979, 9, 16596, 9915, 3844, 7106]
Loop 852 [36622, 9, 15812, 9391, 3936, 6966]
Loop 853 [36893, 9, 16472, 8863, 4205, 6882]
Loop 854 [37943, 9, 15992, 10130, 4150, 7185]
Loop 855 [35599, 9, 15933, 8467, 4059, 6661]
Loop 856 [35793, 9, 15863, 8912, 3479, 7068]
Loop 857 [36275, 9, 16073, 8610, 3948, 7166]
Loop 858 [35924, 9, 16001, 8603, 3535, 7295]
Loop 859 [35919, 9, 15900, 8416, 4128, 6946]
Loop 860 [36144, 9, 15987, 8305, 4695, 6632]
Loop 861 [35939, 9, 15793, 8641, 3895, 7145]
Loop 862 [36280, 9, 16022, 9261, 3270, 7243]
Loop 863 [35753, 9, 15973, 8648, 3516, 7130]
Loop 864 [42273, 9, 19222, 11698, 3539, 7343]
Loop 865 [39157, 9, 16001, 8640, 8029, 5992]
Loop 866 [36022, 9, 15814, 9115, 3563, 7083]
Loop 867 [35380, 9, 15966, 8498, 3823, 6656]
Loop 868 [36542, 9, 16038, 9137, 3725, 7175]
Loop 869 [35946, 9, 15950, 8841, 3401, 7294]
Loop 870 [35972, 9, 15898, 8887, 3766, 6966]
Loop 871 [35490, 9, 15932, 8496, 3691, 6873]
Loop 872 [36427, 9, 16264, 9115, 3781, 6783]
Loop 873 [35848, 9, 16076, 8658, 3484, 7160]
Loop 874 [35075, 9, 15677, 8241, 3720, 6942]
Loop 875 [36446, 9, 15943, 8950, 4171, 6891]
Loop 876 [36240, 9, 16034, 8622, 3709, 7406]
Loop 877 [36868, 9, 15933, 9038, 3998, 7446]
Loop 878 [35722, 9, 15808, 8569, 3463, 7349]
Loop 879 [36354, 9, 16057, 8891, 3498, 7393]
Loop 880 [35313, 9, 15895, 7962, 3964, 7011]
Loop 881 [36338, 9, 15868, 8953, 3863, 7176]
Loop 882 [35856, 9, 15655, 8678, 3391, 7670]
Loop 883 [35291, 9, 15878, 8197, 3849, 6904]
Loop 884 [35952, 9, 16026, 8795, 3375, 7285]
Loop 885 [35499, 9, 15994, 7952, 3798, 7286]
Loop 886 [36085, 9, 16148, 8673, 3495, 7305]
Loop 887 [35207, 9, 15950, 7977, 3372, 7417]
Loop 888 [34715, 9, 15936, 7468, 3449, 7376]
Loop 889 [35662, 9, 16073, 8121, 3728, 7282]
Loop 890 [34372, 9, 15819, 7416, 3636, 7051]
Loop 891 [34697, 9, 15797, 7632, 3988, 6776]
Loop 892 [34642, 9, 15871, 7579, 3161, 7569]
Loop 893 [36028, 9, 16808, 7796, 3969, 6985]
Loop 894 [36737, 9, 16043, 9510, 3679, 7055]
Loop 895 [36016, 9, 15792, 8939, 3376, 7407]
Loop 896 [34371, 9, 15856, 7302, 2931, 7794]
Loop 897 [35053, 9, 16051, 7871, 3279, 7355]
Loop 898 [36040, 9, 15767, 9134, 3404, 7314]
Loop 899 [34703, 9, 15790, 7520, 4182, 6753]
Loop 900 [36100, 9, 15934, 8978, 3513, 7205]
Loop 901 [35156, 9, 15842, 8218, 3684, 6918]
Loop 902 [35488, 9, 15796, 8743, 3284, 7239]
Loop 903 [35939, 9, 15679, 9193, 3386, 7199]
Loop 904 [35246, 9, 15864, 8393, 3868, 6639]
Loop 905 [35431, 9, 15852, 8483, 3333, 7290]
Loop 906 [37671, 9, 15911, 8700, 3823, 8738]
Loop 907 [35350, 9, 15927, 7958, 3990, 6989]
Loop 908 [35292, 9, 15821, 7942, 4009, 7041]
Loop 909 [36434, 9, 15946, 8611, 4066, 7315]
Loop 910 [35796, 9, 15816, 8756, 3488, 7225]
Loop 911 [36696, 9, 15775, 9456, 3559, 7441]
Loop 912 [35294, 9, 15803, 7887, 4246, 6870]
Loop 913 [36206, 9, 15992, 8745, 3560, 7424]
Loop 914 [36434, 9, 15949, 9120, 4130, 6742]
Loop 915 [36526, 9, 15863, 9231, 4101, 6845]
Loop 916 [36601, 9, 16156, 9212, 3823, 6937]
Loop 917 [35791, 9, 15809, 8483, 3739, 7268]
Loop 918 [35843, 9, 15840, 8814, 3748, 6976]
Loop 919 [35607, 9, 15764, 8661, 3026, 7641]
Loop 920 [36444, 9, 15879, 9114, 3782, 7197]
Loop 921 [66267, 9, 15938, 8486, 4438, 36805]
Loop 922 [39912, 9, 16504, 8521, 7769, 6622]
Loop 923 [35574, 9, 15844, 8002, 4262, 6965]
Loop 924 [36387, 9, 15883, 8487, 4169, 7387]
Loop 925 [36417, 9, 16151, 8664, 3790, 7320]
Loop 926 [40641, 9, 20101, 9094, 3852, 7106]
Loop 927 [34931, 9, 15829, 7664, 3706, 7231]
Loop 928 [34747, 9, 15982, 7578, 3292, 7435]
Loop 929 [35917, 9, 15880, 8869, 3524, 7122]
Loop 930 [51662, 9, 19402, 20653, 4247, 6864]
Loop 931 [35202, 9, 15887, 7908, 4033, 6870]
Loop 932 [36493, 9, 15899, 9234, 3501, 7378]
Loop 933 [35855, 9, 15967, 8472, 4050, 6895]
Loop 934 [40090, 9, 19450, 9011, 3740, 7381]
Loop 935 [35662, 9, 15863, 8691, 3612, 7039]
Loop 936 [36286, 9, 15925, 9336, 3697, 6829]
Loop 937 [35452, 9, 15892, 8493, 3422, 7177]
Loop 938 [40394, 9, 19902, 9216, 3764, 7026]
Loop 939 [36445, 9, 15861, 9296, 3792, 7013]
Loop 940 [36390, 9, 15907, 8943, 3803, 7279]
Loop 941 [36136, 9, 15908, 8404, 4025, 7296]
Loop 942 [40999, 9, 20853, 8524, 3841, 7252]
Loop 943 [70907, 9, 16111, 8211, 4019, 41999]
Loop 944 [35978, 9, 16512, 7864, 3979, 7078]
Loop 945 [36837, 9, 15903, 9256, 3836, 7319]
Loop 946 [35777, 9, 15766, 8877, 3926, 6737]
Loop 947 [35712, 9, 15818, 8592, 3840, 6957]
Loop 948 [35870, 9, 16028, 8578, 3951, 6819]
Loop 949 [36026, 9, 15994, 8677, 3687, 7161]
Loop 950 [40146, 9, 15976, 8310, 8122, 7203]
Loop 951 [35278, 9, 15991, 7884, 3304, 7603]
Loop 952 [35361, 9, 16036, 8163, 3437, 7225]
Loop 953 [35589, 9, 15902, 8099, 3993, 7102]
Loop 954 [34882, 9, 16028, 7660, 3522, 7143]
Loop 955 [34471, 9, 15879, 7376, 4519, 6187]
Loop 956 [35639, 9, 16228, 7865, 3553, 7480]
Loop 957 [35647, 9, 16008, 7998, 4008, 7142]
Loop 958 [35809, 9, 15920, 8240, 3615, 7519]
Loop 959 [35136, 9, 15788, 8004, 3394, 7439]
Loop 960 [33932, 9, 15916, 6903, 2867, 7770]
Loop 961 [34781, 9, 15963, 7565, 3192, 7557]
Loop 962 [35486, 9, 16072, 7964, 3531, 7428]
Loop 963 [34999, 9, 16061, 7535, 3482, 7424]
Loop 964 [34716, 9, 15945, 7592, 3207, 7491]
Loop 965 [34837, 9, 16118, 7684, 3046, 7500]
Loop 966 [35229, 9, 15955, 8188, 2708, 7850]
Loop 967 [34831, 9, 15901, 7894, 3597, 6954]
Loop 968 [35027, 9, 15899, 8012, 3520, 7078]
Loop 969 [35147, 9, 15835, 8203, 3155, 7410]
Loop 970 [35409, 9, 16056, 8063, 3461, 7332]
Loop 971 [35032, 9, 15885, 7518, 3869, 7233]
Loop 972 [34649, 9, 15890, 7261, 3690, 7259]
Loop 973 [34409, 9, 15967, 6713, 3322, 7941]
Loop 974 [35151, 9, 15979, 7927, 3432, 7335]
Loop 975 [39627, 9, 19897, 7436, 4382, 7366]
Loop 976 [35367, 9, 15976, 7963, 3738, 7196]
Loop 977 [34907, 9, 15892, 7639, 3173, 7681]
Loop 978 [34680, 9, 15957, 7495, 3175, 7544]
Loop 979 [34593, 9, 16093, 7294, 3383, 7361]
Loop 980 [34557, 9, 15961, 7383, 3046, 7682]
Loop 981 [35706, 9, 16059, 7968, 3578, 7575]
Loop 982 [35050, 9, 15997, 7878, 3642, 7044]
Loop 983 [34249, 9, 16029, 7056, 2975, 7676]
Loop 984 [34294, 9, 15850, 6955, 3008, 7976]
Loop 985 [34885, 9, 15856, 7484, 3784, 7268]
Loop 986 [34136, 9, 15837, 7156, 3480, 7181]
Loop 987 [33855, 9, 15927, 6808, 3377, 7195]
Loop 988 [34655, 9, 15803, 7512, 3191, 7619]
Loop 989 [35138, 9, 15829, 7593, 3564, 7657]
Loop 990 [34826, 9, 16034, 7607, 3329, 7369]
Loop 991 [33461, 9, 15884, 6589, 2835, 7686]
Loop 992 [33715, 9, 16017, 6705, 2757, 7800]
Loop 993 [33816, 9, 16091, 6910, 3075, 7266]
Loop 994 [34042, 9, 15970, 7070, 2814, 7682]
Loop 995 [33477, 9, 16146, 6388, 3067, 7381]
Loop 996 [34070, 9, 15823, 7241, 2977, 7577]
Loop 997 [34026, 9, 15968, 7094, 3216, 7247]
Loop 998 [34206, 9, 16101, 7133, 2602, 7904]
Loop 999 [33515, 9, 15903, 6580, 3068, 7506]
replicas primary file /tmp65536hydra48.dat capacity 16384
replicas slave file /tmp65536hydra48.datLQL0 capacity 16384
replicas slave file /tmp65536hydra48.datLQL1 capacity 16384
replicas slave file /tmp65536hydra48.datLQL2 capacity 16384
replicas slave file /tmp65536hydra48.datLQL3 capacity 16384
replicas slave file /tmp65536hydra48.datLQL4 capacity 16384
