writeMicroEC_CodingDescent, filename /tmp65536microec.dat, size 65536, loop 1000, storageClass 0, locationClass 0, monECSubStripeNum 4
CrailConstants.REPLICATION_FACTOR has changed to 5
MicroEC Coding Ready

networkSizeArray [8192, 12288, 16384]
starting benchmark...
replicas primary file /tmp65536microec.dat capacity 0
replicas slave file /tmp65536microec.datLQL0 capacity 0
replicas slave file /tmp65536microec.datLQL1 capacity 0
replicas slave file /tmp65536microec.datLQL2 capacity 0
replicas slave file /tmp65536microec.datLQL3 capacity 0
replicas slave file /tmp65536microec.datLQL4 capacity 0
CrailConstants.REPLICATION_FACTOR has changed to 5
ops 1000
final loop (us) 55.456
Loop 0 (us) 158.907
Loop 1 (us) 93.15
Loop 2 (us) 125.726
Loop 3 (us) 95.884
Loop 4 (us) 88.788
Loop 5 (us) 83.839
Loop 6 (us) 80.354
Loop 7 (us) 86.441
Loop 8 (us) 92.829
Loop 9 (us) 100.163
Loop 10 (us) 66.23
Loop 11 (us) 59.758
Loop 12 (us) 58.106
Loop 13 (us) 57.615
Loop 14 (us) 56.236
Loop 15 (us) 79.984
Loop 16 (us) 57.338
Loop 17 (us) 55.537
Loop 18 (us) 54.406
Loop 19 (us) 55.925
Loop 20 (us) 57.289
Loop 21 (us) 53.557
Loop 22 (us) 53.998
Loop 23 (us) 54.102
Loop 24 (us) 84.49
Loop 25 (us) 59.586
Loop 26 (us) 71.245
Loop 27 (us) 47.53
Loop 28 (us) 46.618
Loop 29 (us) 46.317
Loop 30 (us) 45.116
Loop 31 (us) 46.0
Loop 32 (us) 45.25
Loop 33 (us) 45.131
Loop 34 (us) 45.652
Loop 35 (us) 44.167
Loop 36 (us) 43.014
Loop 37 (us) 43.536
Loop 38 (us) 43.131
Loop 39 (us) 42.672
Loop 40 (us) 136.702
Loop 41 (us) 69.585
Loop 42 (us) 48.419
Loop 43 (us) 47.841
Loop 44 (us) 47.106
Loop 45 (us) 45.9
Loop 46 (us) 46.593
Loop 47 (us) 46.574
Loop 48 (us) 46.079
Loop 49 (us) 45.435
Loop 50 (us) 60.994
Loop 51 (us) 82.025
Loop 52 (us) 43.902
Loop 53 (us) 42.749
Loop 54 (us) 42.186
Loop 55 (us) 46.185
Loop 56 (us) 42.039
Loop 57 (us) 41.22
Loop 58 (us) 40.998
Loop 59 (us) 41.599
Loop 60 (us) 41.106
Loop 61 (us) 43.957
Loop 62 (us) 41.532
Loop 63 (us) 40.96
Loop 64 (us) 42.984
Loop 65 (us) 41.131
Loop 66 (us) 43.098
Loop 67 (us) 41.065
Loop 68 (us) 40.103
Loop 69 (us) 39.522
Loop 70 (us) 40.826
Loop 71 (us) 44.89
Loop 72 (us) 40.245
Loop 73 (us) 40.418
Loop 74 (us) 39.759
Loop 75 (us) 40.074
Loop 76 (us) 38.81
Loop 77 (us) 39.511
Loop 78 (us) 38.65
Loop 79 (us) 39.781
Loop 80 (us) 39.727
Loop 81 (us) 38.362
Loop 82 (us) 38.753
Loop 83 (us) 38.689
Loop 84 (us) 38.477
Loop 85 (us) 53.752
Loop 86 (us) 51.014
Loop 87 (us) 39.015
Loop 88 (us) 40.079
Loop 89 (us) 39.215
Loop 90 (us) 61.591
Loop 91 (us) 46.734
Loop 92 (us) 39.702
Loop 93 (us) 37.862
Loop 94 (us) 39.973
Loop 95 (us) 39.333
Loop 96 (us) 39.735
Loop 97 (us) 42.422
Loop 98 (us) 38.379
Loop 99 (us) 38.284
Loop 100 (us) 38.442
Loop 101 (us) 38.043
Loop 102 (us) 38.694
Loop 103 (us) 38.375
Loop 104 (us) 39.008
Loop 105 (us) 38.371
Loop 106 (us) 39.061
Loop 107 (us) 38.569
Loop 108 (us) 38.627
Loop 109 (us) 41.065
Loop 110 (us) 38.567
Loop 111 (us) 39.408
Loop 112 (us) 38.878
Loop 113 (us) 38.089
Loop 114 (us) 37.789
Loop 115 (us) 38.874
Loop 116 (us) 41.433
Loop 117 (us) 38.331
Loop 118 (us) 39.14
Loop 119 (us) 38.259
Loop 120 (us) 38.606
Loop 121 (us) 41.44
Loop 122 (us) 38.383
Loop 123 (us) 38.203
Loop 124 (us) 38.267
Loop 125 (us) 38.293
Loop 126 (us) 38.718
Loop 127 (us) 41.726
Loop 128 (us) 38.348
Loop 129 (us) 37.794
Loop 130 (us) 39.669
Loop 131 (us) 38.706
Loop 132 (us) 37.712
Loop 133 (us) 39.288
Loop 134 (us) 38.184
Loop 135 (us) 37.862
Loop 136 (us) 38.439
Loop 137 (us) 38.223
Loop 138 (us) 37.917
Loop 139 (us) 38.257
Loop 140 (us) 53.446
Loop 141 (us) 39.506
Loop 142 (us) 39.638
Loop 143 (us) 40.565
Loop 144 (us) 40.286
Loop 145 (us) 39.908
Loop 146 (us) 39.752
Loop 147 (us) 38.842
Loop 148 (us) 39.997
Loop 149 (us) 39.831
Loop 150 (us) 38.816
Loop 151 (us) 39.9
Loop 152 (us) 40.572
Loop 153 (us) 40.209
Loop 154 (us) 39.589
Loop 155 (us) 39.622
Loop 156 (us) 39.304
Loop 157 (us) 39.39
Loop 158 (us) 38.935
Loop 159 (us) 38.35
Loop 160 (us) 39.008
Loop 161 (us) 38.609
Loop 162 (us) 38.677
Loop 163 (us) 39.053
Loop 164 (us) 38.688
Loop 165 (us) 38.084
Loop 166 (us) 38.867
Loop 167 (us) 39.059
Loop 168 (us) 38.181
Loop 169 (us) 38.966
Loop 170 (us) 38.07
Loop 171 (us) 38.158
Loop 172 (us) 38.106
Loop 173 (us) 37.532
Loop 174 (us) 37.723
Loop 175 (us) 38.296
Loop 176 (us) 39.525
Loop 177 (us) 37.616
Loop 178 (us) 39.844
Loop 179 (us) 37.847
Loop 180 (us) 37.439
Loop 181 (us) 37.977
Loop 182 (us) 38.004
Loop 183 (us) 37.32
Loop 184 (us) 38.608
Loop 185 (us) 37.779
Loop 186 (us) 37.585
Loop 187 (us) 37.844
Loop 188 (us) 38.086
Loop 189 (us) 37.583
Loop 190 (us) 38.664
Loop 191 (us) 37.831
Loop 192 (us) 38.249
Loop 193 (us) 37.987
Loop 194 (us) 38.139
Loop 195 (us) 37.771
Loop 196 (us) 38.772
Loop 197 (us) 38.047
Loop 198 (us) 37.959
Loop 199 (us) 39.266
Loop 200 (us) 38.39
Loop 201 (us) 37.583
Loop 202 (us) 38.639
Loop 203 (us) 38.165
Loop 204 (us) 40.778
Loop 205 (us) 39.055
Loop 206 (us) 38.024
Loop 207 (us) 38.232
Loop 208 (us) 38.498
Loop 209 (us) 37.737
Loop 210 (us) 37.818
Loop 211 (us) 38.269
Loop 212 (us) 37.835
Loop 213 (us) 38.024
Loop 214 (us) 38.645
Loop 215 (us) 38.307
Loop 216 (us) 38.205
Loop 217 (us) 38.347
Loop 218 (us) 38.014
Loop 219 (us) 38.016
Loop 220 (us) 38.513
Loop 221 (us) 38.0
Loop 222 (us) 37.915
Loop 223 (us) 38.307
Loop 224 (us) 38.198
Loop 225 (us) 37.974
Loop 226 (us) 38.105
Loop 227 (us) 37.858
Loop 228 (us) 42.019
Loop 229 (us) 41.166
Loop 230 (us) 40.905
Loop 231 (us) 37.614
Loop 232 (us) 38.632
Loop 233 (us) 38.167
Loop 234 (us) 38.767
Loop 235 (us) 38.439
Loop 236 (us) 37.496
Loop 237 (us) 37.782
Loop 238 (us) 37.718
Loop 239 (us) 38.066
Loop 240 (us) 38.293
Loop 241 (us) 38.315
Loop 242 (us) 37.833
Loop 243 (us) 37.729
Loop 244 (us) 38.818
Loop 245 (us) 38.537
Loop 246 (us) 37.892
Loop 247 (us) 38.774
Loop 248 (us) 38.121
Loop 249 (us) 37.68
Loop 250 (us) 38.527
Loop 251 (us) 37.685
Loop 252 (us) 41.183
Loop 253 (us) 38.245
Loop 254 (us) 148.092
Loop 255 (us) 95.98
Loop 256 (us) 127.984
Loop 257 (us) 76.172
Loop 258 (us) 76.049
Loop 259 (us) 71.163
Loop 260 (us) 71.759
Loop 261 (us) 71.088
Loop 262 (us) 70.479
Loop 263 (us) 71.389
Loop 264 (us) 65.622
Loop 265 (us) 64.501
Loop 266 (us) 63.591
Loop 267 (us) 64.194
Loop 268 (us) 63.642
Loop 269 (us) 61.096
Loop 270 (us) 60.779
Loop 271 (us) 61.984
Loop 272 (us) 63.049
Loop 273 (us) 60.437
Loop 274 (us) 64.641
Loop 275 (us) 58.965
Loop 276 (us) 58.384
Loop 277 (us) 60.152
Loop 278 (us) 62.544
Loop 279 (us) 58.739
Loop 280 (us) 60.78
Loop 281 (us) 58.207
Loop 282 (us) 85.148
Loop 283 (us) 62.785
Loop 284 (us) 58.001
Loop 285 (us) 55.118
Loop 286 (us) 55.7
Loop 287 (us) 95.584
Loop 288 (us) 75.063
Loop 289 (us) 67.882
Loop 290 (us) 66.661
Loop 291 (us) 70.163
Loop 292 (us) 65.949
Loop 293 (us) 71.671
Loop 294 (us) 64.473
Loop 295 (us) 63.538
Loop 296 (us) 62.184
Loop 297 (us) 62.568
Loop 298 (us) 60.017
Loop 299 (us) 57.704
Loop 300 (us) 60.022
Loop 301 (us) 59.659
Loop 302 (us) 58.096
Loop 303 (us) 59.795
Loop 304 (us) 56.302
Loop 305 (us) 56.692
Loop 306 (us) 57.8
Loop 307 (us) 56.628
Loop 308 (us) 56.997
Loop 309 (us) 56.81
Loop 310 (us) 55.222
Loop 311 (us) 56.954
Loop 312 (us) 59.053
Loop 313 (us) 55.748
Loop 314 (us) 54.566
Loop 315 (us) 56.744
Loop 316 (us) 55.841
Loop 317 (us) 54.724
Loop 318 (us) 54.474
Loop 319 (us) 64.226
Loop 320 (us) 55.792
Loop 321 (us) 55.292
Loop 322 (us) 57.163
Loop 323 (us) 54.918
Loop 324 (us) 56.475
Loop 325 (us) 54.34
Loop 326 (us) 55.405
Loop 327 (us) 54.922
Loop 328 (us) 52.342
Loop 329 (us) 53.248
Loop 330 (us) 57.394
Loop 331 (us) 53.197
Loop 332 (us) 54.167
Loop 333 (us) 54.276
Loop 334 (us) 53.798
Loop 335 (us) 55.806
Loop 336 (us) 57.937
Loop 337 (us) 53.29
Loop 338 (us) 81.315
Loop 339 (us) 52.919
Loop 340 (us) 54.183
Loop 341 (us) 54.518
Loop 342 (us) 53.787
Loop 343 (us) 49.703
Loop 344 (us) 49.856
Loop 345 (us) 54.028
Loop 346 (us) 54.575
Loop 347 (us) 55.541
Loop 348 (us) 50.027
Loop 349 (us) 49.388
Loop 350 (us) 49.537
Loop 351 (us) 48.256
Loop 352 (us) 47.899
Loop 353 (us) 48.665
Loop 354 (us) 53.864
Loop 355 (us) 51.467
Loop 356 (us) 50.938
Loop 357 (us) 50.822
Loop 358 (us) 52.776
Loop 359 (us) 52.132
Loop 360 (us) 51.034
Loop 361 (us) 55.263
Loop 362 (us) 51.668
Loop 363 (us) 51.64
Loop 364 (us) 50.04
Loop 365 (us) 51.731
Loop 366 (us) 51.408
Loop 367 (us) 51.239
Loop 368 (us) 54.374
Loop 369 (us) 52.011
Loop 370 (us) 51.221
Loop 371 (us) 54.811
Loop 372 (us) 51.782
Loop 373 (us) 50.108
Loop 374 (us) 50.574
Loop 375 (us) 50.367
Loop 376 (us) 49.739
Loop 377 (us) 64.669
Loop 378 (us) 53.414
Loop 379 (us) 51.965
Loop 380 (us) 50.281
Loop 381 (us) 51.083
Loop 382 (us) 50.27
Loop 383 (us) 54.908
Loop 384 (us) 50.396
Loop 385 (us) 52.341
Loop 386 (us) 51.028
Loop 387 (us) 50.69
Loop 388 (us) 48.333
Loop 389 (us) 49.75
Loop 390 (us) 49.366
Loop 391 (us) 50.346
Loop 392 (us) 50.094
Loop 393 (us) 51.056
Loop 394 (us) 49.998
Loop 395 (us) 52.92
Loop 396 (us) 51.566
Loop 397 (us) 50.397
Loop 398 (us) 49.932
Loop 399 (us) 50.264
Loop 400 (us) 52.743
Loop 401 (us) 49.785
Loop 402 (us) 49.866
Loop 403 (us) 50.503
Loop 404 (us) 49.884
Loop 405 (us) 50.336
Loop 406 (us) 49.913
Loop 407 (us) 55.073
Loop 408 (us) 55.819
Loop 409 (us) 52.935
Loop 410 (us) 54.748
Loop 411 (us) 49.153
Loop 412 (us) 51.495
Loop 413 (us) 50.208
Loop 414 (us) 54.022
Loop 415 (us) 56.922
Loop 416 (us) 50.177
Loop 417 (us) 49.735
Loop 418 (us) 51.766
Loop 419 (us) 49.284
Loop 420 (us) 50.264
Loop 421 (us) 50.842
Loop 422 (us) 50.575
Loop 423 (us) 48.969
Loop 424 (us) 49.289
Loop 425 (us) 48.688
Loop 426 (us) 49.955
Loop 427 (us) 48.903
Loop 428 (us) 50.081
Loop 429 (us) 49.081
Loop 430 (us) 49.6
Loop 431 (us) 48.323
Loop 432 (us) 49.829
Loop 433 (us) 49.7
Loop 434 (us) 49.411
Loop 435 (us) 50.488
Loop 436 (us) 49.638
Loop 437 (us) 49.735
Loop 438 (us) 49.22
Loop 439 (us) 49.912
Loop 440 (us) 49.192
Loop 441 (us) 49.486
Loop 442 (us) 49.313
Loop 443 (us) 54.064
Loop 444 (us) 47.638
Loop 445 (us) 53.652
Loop 446 (us) 50.172
Loop 447 (us) 50.513
Loop 448 (us) 49.712
Loop 449 (us) 49.644
Loop 450 (us) 56.215
Loop 451 (us) 50.066
Loop 452 (us) 49.215
Loop 453 (us) 48.927
Loop 454 (us) 49.452
Loop 455 (us) 49.257
Loop 456 (us) 48.817
Loop 457 (us) 50.532
Loop 458 (us) 50.485
Loop 459 (us) 49.555
Loop 460 (us) 50.021
Loop 461 (us) 49.738
Loop 462 (us) 48.71
Loop 463 (us) 49.342
Loop 464 (us) 54.254
Loop 465 (us) 49.564
Loop 466 (us) 49.55
Loop 467 (us) 48.639
Loop 468 (us) 50.099
Loop 469 (us) 49.288
Loop 470 (us) 49.805
Loop 471 (us) 52.369
Loop 472 (us) 49.997
Loop 473 (us) 49.142
Loop 474 (us) 49.512
Loop 475 (us) 49.532
Loop 476 (us) 49.191
Loop 477 (us) 48.194
Loop 478 (us) 50.139
Loop 479 (us) 50.246
Loop 480 (us) 48.932
Loop 481 (us) 48.949
Loop 482 (us) 54.198
Loop 483 (us) 49.86
Loop 484 (us) 54.821
Loop 485 (us) 52.827
Loop 486 (us) 50.212
Loop 487 (us) 51.258
Loop 488 (us) 49.058
Loop 489 (us) 49.184
Loop 490 (us) 48.464
Loop 491 (us) 49.395
Loop 492 (us) 49.328
Loop 493 (us) 50.995
Loop 494 (us) 50.186
Loop 495 (us) 50.259
Loop 496 (us) 49.705
Loop 497 (us) 50.603
Loop 498 (us) 49.619
Loop 499 (us) 50.963
Loop 500 (us) 49.587
Loop 501 (us) 48.736
Loop 502 (us) 49.869
Loop 503 (us) 48.459
Loop 504 (us) 49.534
Loop 505 (us) 48.383
Loop 506 (us) 50.159
Loop 507 (us) 51.343
Loop 508 (us) 49.801
Loop 509 (us) 64.054
Loop 510 (us) 51.042
Loop 511 (us) 50.728
Loop 512 (us) 50.303
Loop 513 (us) 49.632
Loop 514 (us) 50.095
Loop 515 (us) 51.389
Loop 516 (us) 49.516
Loop 517 (us) 50.925
Loop 518 (us) 50.791
Loop 519 (us) 52.194
Loop 520 (us) 50.087
Loop 521 (us) 51.79
Loop 522 (us) 50.421
Loop 523 (us) 50.241
Loop 524 (us) 52.0
Loop 525 (us) 50.144
Loop 526 (us) 49.044
Loop 527 (us) 70.471
Loop 528 (us) 54.835
Loop 529 (us) 51.382
Loop 530 (us) 50.239
Loop 531 (us) 50.517
Loop 532 (us) 49.636
Loop 533 (us) 49.898
Loop 534 (us) 50.244
Loop 535 (us) 49.781
Loop 536 (us) 51.679
Loop 537 (us) 55.624
Loop 538 (us) 51.445
Loop 539 (us) 55.318
Loop 540 (us) 51.154
Loop 541 (us) 49.313
Loop 542 (us) 48.264
Loop 543 (us) 49.401
Loop 544 (us) 48.945
Loop 545 (us) 48.843
Loop 546 (us) 49.543
Loop 547 (us) 48.186
Loop 548 (us) 47.826
Loop 549 (us) 49.107
Loop 550 (us) 51.354
Loop 551 (us) 49.157
Loop 552 (us) 50.162
Loop 553 (us) 49.257
Loop 554 (us) 49.493
Loop 555 (us) 49.224
Loop 556 (us) 48.205
Loop 557 (us) 48.653
Loop 558 (us) 48.849
Loop 559 (us) 48.895
Loop 560 (us) 49.614
Loop 561 (us) 49.066
Loop 562 (us) 59.758
Loop 563 (us) 51.748
Loop 564 (us) 50.443
Loop 565 (us) 50.971
Loop 566 (us) 49.129
Loop 567 (us) 51.081
Loop 568 (us) 48.564
Loop 569 (us) 51.106
Loop 570 (us) 50.45
Loop 571 (us) 50.07
Loop 572 (us) 51.831
Loop 573 (us) 51.808
Loop 574 (us) 55.896
Loop 575 (us) 51.103
Loop 576 (us) 49.499
Loop 577 (us) 51.313
Loop 578 (us) 50.705
Loop 579 (us) 51.192
Loop 580 (us) 49.632
Loop 581 (us) 235.165
Loop 582 (us) 76.36
Loop 583 (us) 48.777
Loop 584 (us) 47.471
Loop 585 (us) 47.962
Loop 586 (us) 46.319
Loop 587 (us) 66.945
Loop 588 (us) 49.014
Loop 589 (us) 48.425
Loop 590 (us) 45.323
Loop 591 (us) 45.96
Loop 592 (us) 49.485
Loop 593 (us) 46.423
Loop 594 (us) 46.51
Loop 595 (us) 46.862
Loop 596 (us) 51.636
Loop 597 (us) 46.397
Loop 598 (us) 46.748
Loop 599 (us) 46.569
Loop 600 (us) 47.553
Loop 601 (us) 47.544
Loop 602 (us) 46.467
Loop 603 (us) 46.868
Loop 604 (us) 46.39
Loop 605 (us) 47.292
Loop 606 (us) 97.817
Loop 607 (us) 49.027
Loop 608 (us) 46.461
Loop 609 (us) 44.932
Loop 610 (us) 45.605
Loop 611 (us) 46.889
Loop 612 (us) 45.376
Loop 613 (us) 45.066
Loop 614 (us) 46.393
Loop 615 (us) 46.17
Loop 616 (us) 45.444
Loop 617 (us) 47.46
Loop 618 (us) 45.504
Loop 619 (us) 45.77
Loop 620 (us) 45.258
Loop 621 (us) 46.215
Loop 622 (us) 44.899
Loop 623 (us) 44.935
Loop 624 (us) 50.573
Loop 625 (us) 45.502
Loop 626 (us) 46.315
Loop 627 (us) 46.922
Loop 628 (us) 46.304
Loop 629 (us) 46.964
Loop 630 (us) 45.781
Loop 631 (us) 45.248
Loop 632 (us) 45.745
Loop 633 (us) 51.316
Loop 634 (us) 46.279
Loop 635 (us) 45.264
Loop 636 (us) 43.331
Loop 637 (us) 42.594
Loop 638 (us) 42.886
Loop 639 (us) 43.63
Loop 640 (us) 43.584
Loop 641 (us) 42.871
Loop 642 (us) 44.123
Loop 643 (us) 45.213
Loop 644 (us) 42.005
Loop 645 (us) 42.476
Loop 646 (us) 41.858
Loop 647 (us) 42.055
Loop 648 (us) 42.812
Loop 649 (us) 78.978
Loop 650 (us) 52.38
Loop 651 (us) 48.993
Loop 652 (us) 49.877
Loop 653 (us) 48.321
Loop 654 (us) 48.667
Loop 655 (us) 49.934
Loop 656 (us) 113.929
Loop 657 (us) 51.261
Loop 658 (us) 48.018
Loop 659 (us) 46.376
Loop 660 (us) 45.368
Loop 661 (us) 47.315
Loop 662 (us) 46.376
Loop 663 (us) 46.392
Loop 664 (us) 49.241
Loop 665 (us) 43.905
Loop 666 (us) 43.93
Loop 667 (us) 43.468
Loop 668 (us) 45.22
Loop 669 (us) 45.923
Loop 670 (us) 45.758
Loop 671 (us) 45.535
Loop 672 (us) 51.368
Loop 673 (us) 44.633
Loop 674 (us) 43.361
Loop 675 (us) 44.648
Loop 676 (us) 44.342
Loop 677 (us) 45.646
Loop 678 (us) 46.051
Loop 679 (us) 44.849
Loop 680 (us) 44.085
Loop 681 (us) 42.3
Loop 682 (us) 42.388
Loop 683 (us) 43.722
Loop 684 (us) 43.169
Loop 685 (us) 47.29
Loop 686 (us) 44.06
Loop 687 (us) 45.415
Loop 688 (us) 43.598
Loop 689 (us) 44.385
Loop 690 (us) 42.819
Loop 691 (us) 44.418
Loop 692 (us) 42.98
Loop 693 (us) 43.793
Loop 694 (us) 43.427
Loop 695 (us) 42.421
Loop 696 (us) 42.818
Loop 697 (us) 42.85
Loop 698 (us) 43.389
Loop 699 (us) 43.396
Loop 700 (us) 44.658
Loop 701 (us) 44.475
Loop 702 (us) 44.379
Loop 703 (us) 43.685
Loop 704 (us) 42.65
Loop 705 (us) 41.842
Loop 706 (us) 42.187
Loop 707 (us) 43.594
Loop 708 (us) 42.8
Loop 709 (us) 955.065
Loop 710 (us) 168.383
Loop 711 (us) 159.084
Loop 712 (us) 140.802
Loop 713 (us) 147.719
Loop 714 (us) 136.499
Loop 715 (us) 133.653
Loop 716 (us) 151.752
Loop 717 (us) 140.573
Loop 718 (us) 132.121
Loop 719 (us) 118.672
Loop 720 (us) 80.046
Loop 721 (us) 87.602
Loop 722 (us) 92.666
Loop 723 (us) 83.17
Loop 724 (us) 79.973
Loop 725 (us) 84.817
Loop 726 (us) 79.165
Loop 727 (us) 84.094
Loop 728 (us) 85.302
Loop 729 (us) 87.719
Loop 730 (us) 79.469
Loop 731 (us) 76.303
Loop 732 (us) 80.308
Loop 733 (us) 77.963
Loop 734 (us) 90.229
Loop 735 (us) 83.396
Loop 736 (us) 82.58
Loop 737 (us) 79.564
Loop 738 (us) 78.173
Loop 739 (us) 78.673
Loop 740 (us) 84.56
Loop 741 (us) 46.66
Loop 742 (us) 43.014
Loop 743 (us) 44.303
Loop 744 (us) 44.752
Loop 745 (us) 43.872
Loop 746 (us) 42.952
Loop 747 (us) 44.902
Loop 748 (us) 43.85
Loop 749 (us) 43.29
Loop 750 (us) 50.57
Loop 751 (us) 54.108
Loop 752 (us) 52.119
Loop 753 (us) 51.181
Loop 754 (us) 48.389
Loop 755 (us) 46.389
Loop 756 (us) 47.692
Loop 757 (us) 49.549
Loop 758 (us) 43.821
Loop 759 (us) 47.124
Loop 760 (us) 44.075
Loop 761 (us) 45.488
Loop 762 (us) 48.623
Loop 763 (us) 43.932
Loop 764 (us) 44.064
Loop 765 (us) 46.278
Loop 766 (us) 44.673
Loop 767 (us) 55.291
Loop 768 (us) 49.685
Loop 769 (us) 43.878
Loop 770 (us) 47.037
Loop 771 (us) 46.216
Loop 772 (us) 43.117
Loop 773 (us) 44.39
Loop 774 (us) 46.674
Loop 775 (us) 43.804
Loop 776 (us) 44.484
Loop 777 (us) 46.057
Loop 778 (us) 43.605
Loop 779 (us) 51.599
Loop 780 (us) 49.502
Loop 781 (us) 49.834
Loop 782 (us) 47.506
Loop 783 (us) 52.687
Loop 784 (us) 55.74
Loop 785 (us) 58.47
Loop 786 (us) 60.668
Loop 787 (us) 53.805
Loop 788 (us) 50.936
Loop 789 (us) 53.593
Loop 790 (us) 49.455
Loop 791 (us) 77.417
Loop 792 (us) 57.24
Loop 793 (us) 54.915
Loop 794 (us) 53.802
Loop 795 (us) 58.351
Loop 796 (us) 55.7
Loop 797 (us) 61.009
Loop 798 (us) 55.484
Loop 799 (us) 53.981
Loop 800 (us) 64.988
Loop 801 (us) 53.834
Loop 802 (us) 52.203
Loop 803 (us) 47.961
Loop 804 (us) 52.904
Loop 805 (us) 51.96
Loop 806 (us) 53.628
Loop 807 (us) 52.244
Loop 808 (us) 54.66
Loop 809 (us) 54.898
Loop 810 (us) 50.168
Loop 811 (us) 50.37
Loop 812 (us) 50.419
Loop 813 (us) 52.274
Loop 814 (us) 48.216
Loop 815 (us) 48.486
Loop 816 (us) 55.953
Loop 817 (us) 51.16
Loop 818 (us) 46.559
Loop 819 (us) 50.034
Loop 820 (us) 45.736
Loop 821 (us) 48.306
Loop 822 (us) 111.452
Loop 823 (us) 50.696
Loop 824 (us) 48.295
Loop 825 (us) 48.797
Loop 826 (us) 45.393
Loop 827 (us) 46.411
Loop 828 (us) 48.657
Loop 829 (us) 45.118
Loop 830 (us) 45.497
Loop 831 (us) 48.09
Loop 832 (us) 44.675
Loop 833 (us) 45.159
Loop 834 (us) 47.128
Loop 835 (us) 46.229
Loop 836 (us) 45.426
Loop 837 (us) 49.097
Loop 838 (us) 45.232
Loop 839 (us) 44.716
Loop 840 (us) 47.012
Loop 841 (us) 45.895
Loop 842 (us) 43.788
Loop 843 (us) 48.654
Loop 844 (us) 45.309
Loop 845 (us) 45.225
Loop 846 (us) 47.461
Loop 847 (us) 44.582
Loop 848 (us) 43.773
Loop 849 (us) 46.695
Loop 850 (us) 46.348
Loop 851 (us) 45.394
Loop 852 (us) 47.469
Loop 853 (us) 49.199
Loop 854 (us) 44.908
Loop 855 (us) 46.544
Loop 856 (us) 46.225
Loop 857 (us) 48.96
Loop 858 (us) 47.621
Loop 859 (us) 43.542
Loop 860 (us) 43.425
Loop 861 (us) 46.578
Loop 862 (us) 44.069
Loop 863 (us) 44.223
Loop 864 (us) 46.263
Loop 865 (us) 43.534
Loop 866 (us) 42.481
Loop 867 (us) 46.488
Loop 868 (us) 43.658
Loop 869 (us) 43.251
Loop 870 (us) 46.128
Loop 871 (us) 44.317
Loop 872 (us) 47.17
Loop 873 (us) 48.385
Loop 874 (us) 45.096
Loop 875 (us) 45.037
Loop 876 (us) 46.068
Loop 877 (us) 45.727
Loop 878 (us) 43.322
Loop 879 (us) 47.182
Loop 880 (us) 44.236
Loop 881 (us) 47.628
Loop 882 (us) 48.034
Loop 883 (us) 46.23
Loop 884 (us) 46.919
Loop 885 (us) 48.079
Loop 886 (us) 45.044
Loop 887 (us) 42.552
Loop 888 (us) 45.262
Loop 889 (us) 47.143
Loop 890 (us) 43.943
Loop 891 (us) 45.313
Loop 892 (us) 42.117
Loop 893 (us) 42.641
Loop 894 (us) 44.962
Loop 895 (us) 42.586
Loop 896 (us) 43.776
Loop 897 (us) 46.548
Loop 898 (us) 44.637
Loop 899 (us) 43.181
Loop 900 (us) 45.193
Loop 901 (us) 44.678
Loop 902 (us) 43.528
Loop 903 (us) 45.795
Loop 904 (us) 43.029
Loop 905 (us) 44.975
Loop 906 (us) 46.697
Loop 907 (us) 45.436
Loop 908 (us) 44.849
Loop 909 (us) 45.379
Loop 910 (us) 42.744
Loop 911 (us) 42.985
Loop 912 (us) 48.414
Loop 913 (us) 43.901
Loop 914 (us) 42.807
Loop 915 (us) 46.705
Loop 916 (us) 43.829
Loop 917 (us) 44.172
Loop 918 (us) 57.443
Loop 919 (us) 44.304
Loop 920 (us) 44.471
Loop 921 (us) 55.776
Loop 922 (us) 42.698
Loop 923 (us) 43.388
Loop 924 (us) 46.571
Loop 925 (us) 44.772
Loop 926 (us) 43.669
Loop 927 (us) 58.354
Loop 928 (us) 43.7
Loop 929 (us) 44.803
Loop 930 (us) 45.575
Loop 931 (us) 44.375
Loop 932 (us) 43.14
Loop 933 (us) 56.513
Loop 934 (us) 43.603
Loop 935 (us) 46.535
Loop 936 (us) 58.671
Loop 937 (us) 43.791
Loop 938 (us) 42.415
Loop 939 (us) 57.494
Loop 940 (us) 43.115
Loop 941 (us) 43.435
Loop 942 (us) 56.176
Loop 943 (us) 43.197
Loop 944 (us) 44.47
Loop 945 (us) 46.565
Loop 946 (us) 43.852
Loop 947 (us) 43.886
Loop 948 (us) 46.451
Loop 949 (us) 43.578
Loop 950 (us) 43.219
Loop 951 (us) 46.681
Loop 952 (us) 44.131
Loop 953 (us) 44.407
Loop 954 (us) 45.787
Loop 955 (us) 44.621
Loop 956 (us) 43.894
Loop 957 (us) 44.99
Loop 958 (us) 42.423
Loop 959 (us) 43.282
Loop 960 (us) 46.651
Loop 961 (us) 42.377
Loop 962 (us) 43.569
Loop 963 (us) 45.173
Loop 964 (us) 42.119
Loop 965 (us) 43.845
Loop 966 (us) 55.663
Loop 967 (us) 44.216
Loop 968 (us) 42.947
Loop 969 (us) 65.07
Loop 970 (us) 42.981
Loop 971 (us) 47.8
Loop 972 (us) 57.254
Loop 973 (us) 44.24
Loop 974 (us) 42.834
Loop 975 (us) 56.355
Loop 976 (us) 43.383
Loop 977 (us) 42.97
Loop 978 (us) 56.208
Loop 979 (us) 43.895
Loop 980 (us) 44.71
Loop 981 (us) 55.944
Loop 982 (us) 42.145
Loop 983 (us) 41.988
Loop 984 (us) 57.184
Loop 985 (us) 43.091
Loop 986 (us) 43.408
Loop 987 (us) 55.394
Loop 988 (us) 42.684
Loop 989 (us) 42.242
Loop 990 (us) 58.493
Loop 991 (us) 42.645
Loop 992 (us) 42.43
Loop 993 (us) 60.751
Loop 994 (us) 43.012
Loop 995 (us) 43.373
Loop 996 (us) 56.124
Loop 997 (us) 43.157
Loop 998 (us) 44.803
Loop 999 (us) 55.456
Warmup times 0
avgLoopLatency(us) 51.741464
iops 19326.859402354752
variance 32.98254390990336
Loop 0 [158907, 23023, 23334, 71260, 20594, 10645, 9588, 39432]
Loop 1 [93150, 12679, 21494, 45153, 13552, 8966, 8551, 12432]
Loop 2 [125726, 11910, 20453, 44719, 13508, 9712, 8491, 47081]
Loop 3 [95884, 11084, 20449, 52997, 13632, 9674, 9008, 10067]
Loop 4 [88788, 10080, 18477, 50404, 12605, 8552, 8319, 8532]
Loop 5 [83839, 8211, 17657, 48711, 12279, 8571, 8395, 8223]
Loop 6 [80354, 7863, 15907, 47770, 11072, 8398, 8137, 7813]
Loop 7 [86441, 8275, 17847, 49703, 11635, 8960, 8533, 9124]
Loop 8 [92829, 9624, 18946, 52210, 16570, 8791, 7241, 10716]
Loop 9 [100163, 6944, 11628, 44327, 7340, 5360, 5402, 36486]
Loop 10 [66230, 5870, 11805, 42214, 7561, 6256, 5183, 5711]
Loop 11 [59758, 5096, 11689, 37199, 6315, 5333, 5676, 5198]
Loop 12 [58106, 4923, 10908, 36540, 6207, 5828, 4895, 5148]
Loop 13 [57615, 5248, 12201, 34588, 6308, 5256, 4387, 5023]
Loop 14 [56236, 4841, 11754, 33755, 6114, 4760, 4469, 5365]
Loop 15 [79984, 4750, 11778, 33377, 5990, 4793, 4656, 29372]
Loop 16 [57338, 5284, 12647, 33922, 6107, 4837, 4554, 4994]
Loop 17 [55537, 4938, 12235, 33041, 5852, 4806, 4424, 4818]
Loop 18 [54406, 4725, 11459, 32909, 5785, 4697, 4501, 4765]
Loop 19 [55925, 5001, 12275, 33217, 5757, 4595, 4458, 4922]
Loop 20 [57289, 4831, 14686, 32542, 6034, 4737, 4249, 4711]
Loop 21 [53557, 4767, 12214, 31515, 5631, 4577, 4380, 4563]
Loop 22 [53998, 5015, 11628, 31686, 5529, 4474, 4261, 5044]
Loop 23 [54102, 5009, 12412, 31431, 5715, 4437, 4341, 4746]
Loop 24 [84490, 5623, 42660, 29303, 4822, 3799, 3691, 6380]
Loop 25 [59586, 7505, 14236, 32532, 5209, 3757, 3491, 4750]
Loop 26 [71245, 5188, 32293, 28537, 4515, 3578, 3288, 4684]
Loop 27 [47530, 4807, 8953, 28243, 4344, 3612, 3488, 5056]
Loop 28 [46618, 4856, 8890, 27753, 4481, 3538, 3250, 4648]
Loop 29 [46317, 4911, 8885, 27052, 4511, 3771, 3108, 4971]
Loop 30 [45116, 4704, 8294, 26582, 4228, 3497, 3098, 5058]
Loop 31 [46000, 4678, 8622, 27584, 4604, 3400, 3545, 4562]
Loop 32 [45250, 4706, 8620, 26882, 4411, 3425, 3257, 4538]
Loop 33 [45131, 4651, 8393, 27054, 4222, 3519, 3169, 4541]
Loop 34 [45652, 4709, 8250, 27663, 4421, 3495, 3436, 4526]
Loop 35 [44167, 4860, 8368, 25619, 4247, 3537, 3241, 4820]
Loop 36 [43014, 4584, 7720, 25803, 4232, 3372, 3244, 4400]
Loop 37 [43536, 4924, 7448, 26025, 4347, 3700, 3187, 4637]
Loop 38 [43131, 4668, 7853, 25609, 4382, 3225, 3382, 4525]
Loop 39 [42672, 4595, 7619, 25469, 4285, 3255, 3257, 4489]
Loop 40 [136702, 4824, 11045, 25839, 4170, 3328, 3161, 94216]
Loop 41 [69585, 6176, 8525, 25837, 4545, 3393, 3148, 28330]
Loop 42 [48419, 5295, 8134, 25780, 4502, 3243, 3268, 8656]
Loop 43 [47841, 4911, 8233, 25712, 4128, 3265, 3278, 8436]
Loop 44 [47106, 4777, 8452, 25041, 4276, 3340, 3143, 8271]
Loop 45 [45900, 4782, 7499, 25096, 4297, 3382, 3142, 7962]
Loop 46 [46593, 4816, 7939, 25075, 4291, 3302, 3098, 8239]
Loop 47 [46574, 4869, 8233, 24901, 4349, 3350, 3203, 8030]
Loop 48 [46079, 4596, 8037, 24855, 4335, 3235, 3132, 8005]
Loop 49 [45435, 4655, 7412, 24897, 4174, 3348, 3119, 7941]
Loop 50 [60994, 4592, 7978, 24396, 4470, 3368, 3262, 23390]
Loop 51 [82025, 5148, 7940, 24838, 4452, 3361, 3218, 43428]
Loop 52 [43902, 5405, 8072, 24510, 4441, 3271, 3235, 5386]
Loop 53 [42749, 4768, 8282, 24067, 4400, 3314, 3080, 5102]
Loop 54 [42186, 4743, 7569, 24241, 4286, 3313, 3182, 5094]
Loop 55 [46185, 4705, 11255, 24701, 4379, 3366, 3155, 5030]
Loop 56 [42039, 4531, 7631, 24321, 4362, 3385, 3146, 5044]
Loop 57 [41220, 4630, 7241, 23908, 4257, 3225, 3106, 4950]
Loop 58 [40998, 4674, 7253, 23386, 4168, 3273, 3063, 5194]
Loop 59 [41599, 4550, 7987, 23619, 4234, 3289, 3154, 4922]
Loop 60 [41106, 4756, 7602, 23269, 4179, 3256, 3106, 4981]
Loop 61 [43957, 6027, 7748, 24218, 4430, 3333, 3274, 5410]
Loop 62 [41532, 5015, 7660, 23362, 4199, 3208, 3167, 4977]
Loop 63 [40960, 4620, 7259, 23496, 4129, 3215, 3239, 5081]
Loop 64 [42984, 5400, 7505, 24414, 4598, 3147, 3172, 5118]
Loop 65 [41131, 4872, 7460, 23218, 4195, 3369, 3205, 5009]
Loop 66 [43098, 4800, 6454, 23076, 4224, 3325, 3144, 8162]
Loop 67 [41065, 4936, 6892, 23734, 4117, 3268, 3069, 4937]
Loop 68 [40103, 4612, 6980, 22924, 4237, 3268, 3147, 5032]
Loop 69 [39522, 4525, 6670, 22741, 4147, 3325, 3094, 5017]
Loop 70 [40826, 4678, 7358, 23266, 4211, 3223, 3188, 4976]
Loop 71 [44890, 4665, 6971, 27723, 4161, 3232, 3265, 4931]
Loop 72 [40245, 4618, 6571, 23386, 4259, 3188, 3165, 5081]
Loop 73 [40418, 4669, 7579, 22604, 4222, 3198, 3157, 5009]
Loop 74 [39759, 4646, 6873, 22653, 4326, 3267, 3092, 4972]
Loop 75 [40074, 4800, 6336, 22445, 4193, 3204, 3140, 5928]
Loop 76 [38810, 4802, 6126, 22459, 4100, 3228, 3074, 4941]
Loop 77 [39511, 4748, 6815, 22190, 4103, 3235, 3151, 5239]
Loop 78 [38650, 4619, 6191, 22417, 4185, 3273, 3095, 4860]
Loop 79 [39781, 4683, 6651, 22990, 4319, 3253, 3156, 4909]
Loop 80 [39727, 4705, 7016, 22562, 4191, 3134, 3134, 4923]
Loop 81 [38362, 4712, 6065, 22171, 4310, 3321, 3000, 4855]
Loop 82 [38753, 4572, 6231, 22417, 4206, 3407, 3000, 4970]
Loop 83 [38689, 4616, 6467, 22192, 4303, 3311, 3051, 4887]
Loop 84 [38477, 4550, 6302, 22028, 4221, 3255, 3010, 5085]
Loop 85 [53752, 18480, 6404, 22808, 4452, 3268, 3067, 5503]
Loop 86 [51014, 5161, 6116, 34211, 4191, 3367, 14960, 4946]
Loop 87 [39015, 4937, 6138, 22522, 4440, 3307, 3044, 4856]
Loop 88 [40079, 4763, 7072, 22531, 4291, 3319, 3111, 5198]
Loop 89 [39215, 4716, 6812, 22331, 4275, 3238, 3118, 4855]
Loop 90 [61591, 13313, 6939, 22537, 4413, 3353, 3057, 4975]
Loop 91 [46734, 4999, 7025, 22335, 4081, 3205, 3151, 4946]
Loop 92 [39702, 4813, 7433, 22043, 4187, 3171, 3127, 4919]
Loop 93 [37862, 4439, 6259, 21725, 4030, 3071, 3091, 4945]
Loop 94 [39973, 4731, 7142, 22721, 4019, 3141, 3087, 4891]
Loop 95 [39333, 4554, 7199, 22092, 4127, 3172, 3132, 4992]
Loop 96 [39735, 4609, 6329, 23279, 4000, 3121, 3130, 5024]
Loop 97 [42422, 4665, 7073, 25234, 7019, 3194, 2992, 4934]
Loop 98 [38379, 4361, 6751, 21989, 4115, 3236, 2982, 4786]
Loop 99 [38284, 4514, 6725, 21670, 3969, 3168, 3139, 4878]
Loop 100 [38442, 4451, 6836, 21772, 4006, 3043, 3098, 4874]
Loop 101 [38043, 4416, 6664, 21664, 4072, 3137, 3065, 4793]
Loop 102 [38694, 4421, 6690, 21927, 4131, 3206, 3160, 5048]
Loop 103 [38375, 4653, 6807, 21450, 3999, 3162, 3085, 4975]
Loop 104 [39008, 4596, 7057, 21543, 4068, 3113, 3095, 5347]
Loop 105 [38371, 4532, 6757, 21678, 4007, 3205, 3078, 4932]
Loop 106 [39061, 4617, 6651, 22390, 4239, 3188, 3113, 4926]
Loop 107 [38569, 4622, 7131, 21548, 4033, 3173, 3075, 4824]
Loop 108 [38627, 4607, 6943, 21713, 4087, 3145, 3078, 4898]
Loop 109 [41065, 4610, 7067, 24057, 6132, 3300, 3043, 4860]
Loop 110 [38567, 4543, 6908, 21689, 3956, 3189, 3038, 4931]
Loop 111 [39408, 4750, 7705, 21640, 4011, 3125, 3111, 4835]
Loop 112 [38878, 4658, 6963, 21803, 4038, 3088, 3032, 5028]
Loop 113 [38089, 4597, 6561, 21644, 3997, 3082, 3091, 4817]
Loop 114 [37789, 4331, 6369, 21814, 4114, 3178, 3034, 4833]
Loop 115 [38874, 4594, 7118, 21653, 4003, 3095, 3152, 5054]
Loop 116 [41433, 4626, 7000, 24480, 3887, 6033, 3113, 4859]
Loop 117 [38331, 4415, 6535, 22072, 4078, 3170, 3061, 4829]
Loop 118 [39140, 4561, 7118, 22193, 4015, 3098, 3114, 4843]
Loop 119 [38259, 4351, 7123, 21478, 4009, 3102, 3106, 4883]
Loop 120 [38606, 4756, 6559, 21782, 3933, 3177, 3127, 5015]
Loop 121 [41440, 4633, 9406, 22112, 4143, 3212, 2986, 4842]
Loop 122 [38383, 4399, 6909, 21765, 4004, 3220, 3111, 4858]
Loop 123 [38203, 4657, 6433, 21773, 4026, 3165, 3060, 4861]
Loop 124 [38267, 4586, 6349, 22037, 4119, 3085, 3078, 4857]
Loop 125 [38293, 4614, 6380, 21976, 4170, 3118, 3057, 4887]
Loop 126 [38718, 4679, 6440, 22096, 4089, 3304, 3043, 5049]
Loop 127 [41726, 6904, 6373, 22822, 4183, 3241, 3096, 5144]
Loop 128 [38348, 4870, 6374, 21743, 3941, 3199, 3149, 4883]
Loop 129 [37794, 4672, 6110, 21700, 4019, 3073, 3087, 4873]
Loop 130 [39669, 4764, 6967, 22567, 4111, 3131, 3101, 4921]
Loop 131 [38706, 4658, 6760, 21819, 4095, 3124, 3074, 4979]
Loop 132 [37712, 4608, 6131, 21664, 4036, 3221, 3069, 4820]
Loop 133 [39288, 4708, 6534, 22225, 3951, 3178, 3022, 5328]
Loop 134 [38184, 4486, 6727, 21634, 4061, 3128, 3136, 4903]
Loop 135 [37862, 4621, 6045, 21825, 4009, 3179, 3103, 4903]
Loop 136 [38439, 4854, 6369, 21930, 3893, 3233, 3085, 4816]
Loop 137 [38223, 4659, 6614, 21685, 4031, 3199, 3065, 4837]
Loop 138 [37917, 4520, 6087, 22071, 4075, 3212, 3090, 4799]
Loop 139 [38257, 4626, 6118, 22114, 4071, 3170, 3094, 4946]
Loop 140 [53446, 7280, 10467, 29818, 5097, 3315, 3188, 5432]
Loop 141 [39506, 4706, 7453, 21795, 4046, 3153, 3087, 5075]
Loop 142 [39638, 4530, 7504, 22176, 4023, 3182, 3193, 4935]
Loop 143 [40565, 4683, 8149, 22438, 4192, 3234, 3456, 4845]
Loop 144 [40286, 4690, 7973, 22217, 4507, 3108, 3182, 4946]
Loop 145 [39908, 4572, 7373, 22553, 4223, 3702, 3043, 4930]
Loop 146 [39752, 4620, 7814, 21951, 4224, 3261, 3137, 4909]
Loop 147 [38842, 4538, 7012, 21683, 4049, 3123, 3226, 5133]
Loop 148 [39997, 4613, 7696, 22349, 4163, 3306, 3120, 4883]
Loop 149 [39831, 4748, 7572, 22114, 4411, 3354, 3005, 4956]
Loop 150 [38816, 4674, 7097, 21694, 4005, 3210, 3052, 4879]
Loop 151 [39900, 4524, 7492, 22333, 3934, 3132, 3081, 5110]
Loop 152 [40572, 6198, 7153, 21857, 3942, 3214, 3061, 4900]
Loop 153 [40209, 4735, 7111, 22861, 5188, 3133, 3020, 4972]
Loop 154 [39589, 4697, 7630, 21897, 4134, 3123, 3091, 4892]
Loop 155 [39622, 4605, 7753, 21763, 4028, 3130, 3068, 5057]
Loop 156 [39304, 4387, 7471, 21838, 3969, 3069, 3245, 5136]
Loop 157 [39390, 4656, 7342, 21898, 4149, 3138, 3095, 5006]
Loop 158 [38935, 4667, 7221, 21608, 3973, 3119, 3144, 4979]
Loop 159 [38350, 4369, 6996, 21574, 3899, 3194, 3094, 4932]
Loop 160 [39008, 4495, 7382, 21646, 3951, 3083, 3112, 5005]
Loop 161 [38609, 4421, 7135, 21586, 4044, 3065, 3090, 4980]
Loop 162 [38677, 4560, 6929, 21648, 3954, 3189, 3125, 5096]
Loop 163 [39053, 4744, 7097, 21756, 3925, 3210, 3169, 4959]
Loop 164 [38688, 4269, 7172, 21591, 4080, 3064, 3072, 5157]
Loop 165 [38084, 4574, 6298, 21768, 3932, 3150, 3127, 4939]
Loop 166 [38867, 4674, 6786, 21977, 4233, 3148, 3085, 4937]
Loop 167 [39059, 4520, 7381, 21691, 4162, 3124, 3160, 4982]
Loop 168 [38181, 4478, 6855, 21509, 3961, 3082, 3074, 4868]
Loop 169 [38966, 4481, 6995, 21836, 4098, 3162, 3097, 5196]
Loop 170 [38070, 4568, 6800, 21359, 3912, 3151, 3069, 4893]
Loop 171 [38158, 4540, 6747, 21495, 3972, 3106, 3080, 4910]
Loop 172 [38106, 4540, 5951, 22329, 4044, 3103, 3201, 4837]
Loop 173 [37532, 4478, 6105, 21542, 4005, 3116, 3104, 4932]
Loop 174 [37723, 4580, 6018, 21767, 4018, 3144, 3123, 4888]
Loop 175 [38296, 4493, 6479, 22003, 4059, 3121, 3060, 4841]
Loop 176 [39525, 4497, 6269, 23094, 4018, 4512, 3004, 5162]
Loop 177 [37616, 4511, 6192, 21525, 3998, 3119, 3007, 4933]
Loop 178 [39844, 4619, 5800, 22560, 4167, 3175, 3003, 6396]
Loop 179 [37847, 4490, 6134, 21768, 4068, 3168, 3073, 5001]
Loop 180 [37439, 4311, 6170, 21647, 4023, 3136, 3024, 4887]
Loop 181 [37977, 4516, 6221, 21960, 4113, 3110, 3045, 4860]
Loop 182 [38004, 4483, 6421, 21588, 3914, 3120, 3124, 5089]
Loop 183 [37320, 4287, 5895, 21760, 4117, 3149, 3081, 4934]
Loop 184 [38608, 4569, 6282, 22375, 3942, 3102, 3132, 4896]
Loop 185 [37779, 4407, 6206, 21820, 4024, 3229, 3047, 4891]
Loop 186 [37585, 4363, 6127, 21584, 3902, 3104, 3044, 5056]
Loop 187 [37844, 4654, 6139, 21676, 4014, 3084, 3088, 4920]
Loop 188 [38086, 4419, 6492, 21718, 4037, 3048, 3150, 4937]
Loop 189 [37583, 4455, 5920, 21880, 4213, 3146, 3109, 4850]
Loop 190 [38664, 4438, 6407, 22515, 4058, 3181, 3075, 4862]
Loop 191 [37831, 4484, 6332, 21701, 4128, 3125, 3091, 4857]
Loop 192 [38249, 4591, 6265, 22050, 3965, 3255, 3080, 4899]
Loop 193 [37987, 4459, 6268, 21991, 4061, 3100, 3069, 4843]
Loop 194 [38139, 4681, 6458, 21720, 3993, 3108, 3092, 4850]
Loop 195 [37771, 4642, 5968, 21793, 3984, 3177, 3089, 4923]
Loop 196 [38772, 4582, 6206, 22671, 4105, 3109, 3147, 4792]
Loop 197 [38047, 4427, 6475, 21630, 3958, 3133, 3018, 4970]
Loop 198 [37959, 4521, 6487, 21600, 4004, 3071, 3147, 4882]
Loop 199 [39266, 4705, 6964, 22153, 4144, 3091, 3127, 4950]
Loop 200 [38390, 4686, 6556, 21823, 4006, 3091, 3119, 4870]
Loop 201 [37583, 4513, 6121, 21664, 4008, 3158, 3106, 4834]
Loop 202 [38639, 4555, 6358, 22425, 3999, 3272, 3082, 4846]
Loop 203 [38165, 4529, 6560, 21520, 3959, 3167, 3086, 5122]
Loop 204 [40778, 4549, 9076, 21774, 4030, 3145, 3052, 4916]
Loop 205 [39055, 4662, 6696, 22329, 4096, 3204, 3041, 4899]
Loop 206 [38024, 4481, 6569, 21630, 4180, 3131, 3023, 4908]
Loop 207 [38232, 4549, 6536, 21773, 4012, 3185, 3066, 4873]
Loop 208 [38498, 4699, 6471, 21941, 3959, 3152, 3056, 4920]
Loop 209 [37737, 4397, 6306, 21708, 3946, 3101, 3025, 4862]
Loop 210 [37818, 4429, 6007, 21773, 4064, 3112, 3026, 5166]
Loop 211 [38269, 4601, 6217, 21911, 3962, 3104, 3035, 5040]
Loop 212 [37835, 4495, 6256, 21672, 4024, 3123, 3067, 4947]
Loop 213 [38024, 4423, 6257, 21864, 4054, 3189, 3059, 4978]
Loop 214 [38645, 4510, 6636, 22154, 4166, 3157, 3045, 4912]
Loop 215 [38307, 4398, 6716, 21869, 4132, 3134, 3129, 4894]
Loop 216 [38205, 4512, 6261, 21971, 4025, 3155, 3167, 4998]
Loop 217 [38347, 4525, 6122, 22364, 4019, 3103, 3107, 4842]
Loop 218 [38014, 4569, 6498, 21553, 3989, 3094, 3107, 4902]
Loop 219 [38016, 4653, 6480, 21623, 4006, 3088, 3101, 4808]
Loop 220 [38513, 4585, 6482, 22098, 4087, 3042, 3087, 4885]
Loop 221 [38000, 4656, 6495, 21592, 4008, 3091, 3090, 4812]
Loop 222 [37915, 4710, 6175, 21630, 4017, 3271, 3033, 4879]
Loop 223 [38307, 4700, 6428, 21842, 4057, 3101, 3111, 4870]
Loop 224 [38198, 4604, 6535, 21737, 4084, 3139, 3125, 4868]
Loop 225 [37974, 4624, 6244, 21702, 4194, 3082, 3058, 4965]
Loop 226 [38105, 4616, 5934, 22283, 4106, 3187, 3042, 4838]
Loop 227 [37858, 4576, 6411, 21549, 3896, 3172, 3105, 4872]
Loop 228 [42019, 4601, 6172, 25749, 4124, 3177, 3031, 5021]
Loop 229 [41166, 5233, 6872, 22250, 4157, 3228, 2977, 6299]
Loop 230 [40905, 5394, 8301, 21620, 4187, 3146, 3090, 5067]
Loop 231 [37614, 4420, 5999, 21835, 3994, 3229, 3101, 4905]
Loop 232 [38632, 4620, 6490, 22021, 3995, 3293, 3067, 5049]
Loop 233 [38167, 4559, 6538, 21745, 4044, 3139, 3080, 4856]
Loop 234 [38767, 4477, 6743, 21934, 4011, 3168, 3031, 5079]
Loop 235 [38439, 4793, 6247, 22085, 4018, 3191, 3113, 4868]
Loop 236 [37496, 4417, 6048, 21704, 3972, 3206, 3084, 4871]
Loop 237 [37782, 4607, 5952, 21755, 4167, 3079, 3143, 4984]
Loop 238 [37718, 4554, 5950, 21905, 3972, 3109, 3039, 4843]
Loop 239 [38066, 4521, 6450, 21739, 4111, 3092, 3210, 4891]
Loop 240 [38293, 4695, 6332, 21900, 3997, 3044, 3058, 4930]
Loop 241 [38315, 4576, 6178, 22194, 4102, 3150, 3026, 4917]
Loop 242 [37833, 4564, 6394, 21565, 3971, 3171, 3033, 4859]
Loop 243 [37729, 4594, 6260, 21534, 4100, 3113, 3034, 4881]
Loop 244 [38818, 4613, 6462, 22368, 4069, 3109, 3090, 4930]
Loop 245 [38537, 4523, 6463, 21987, 4117, 3111, 3046, 5067]
Loop 246 [37892, 4734, 6187, 21599, 3975, 3133, 3086, 4918]
Loop 247 [38774, 4777, 6578, 22136, 3979, 3189, 3177, 4835]
Loop 248 [38121, 4665, 6470, 21592, 3982, 3148, 3067, 4933]
Loop 249 [37680, 4666, 6105, 21637, 4057, 3135, 3035, 4837]
Loop 250 [38527, 4739, 6601, 21876, 4012, 3137, 3055, 4839]
Loop 251 [37685, 4576, 6294, 21571, 3892, 3127, 3097, 4779]
Loop 252 [41183, 4497, 6205, 25120, 4001, 6132, 3226, 4866]
Loop 253 [38245, 4524, 6211, 22198, 4034, 3088, 3116, 4872]
Loop 254 [148092, 22439, 38082, 63685, 19843, 17253, 8884, 21400]
Loop 255 [95980, 20862, 16633, 46245, 11259, 8269, 8496, 11102]
Loop 256 [127984, 54370, 16351, 45275, 11630, 8076, 7969, 10945]
Loop 257 [76172, 7521, 14473, 43605, 9886, 7765, 7768, 9616]
Loop 258 [76049, 8129, 15118, 41734, 9545, 7355, 7225, 10143]
Loop 259 [71163, 6528, 13859, 40944, 8869, 7292, 7022, 9052]
Loop 260 [71759, 6506, 13931, 41617, 8949, 7369, 7297, 8956]
Loop 261 [71088, 6465, 13311, 41439, 8829, 7418, 7094, 9082]
Loop 262 [70479, 6418, 13156, 40575, 8980, 7059, 6921, 9489]
Loop 263 [71389, 7293, 13872, 40142, 8720, 6971, 6447, 9238]
Loop 264 [65622, 5991, 12426, 37948, 8303, 6728, 5235, 8520]
Loop 265 [64501, 6773, 12885, 35487, 6942, 5610, 5240, 8664]
Loop 266 [63591, 5966, 12681, 35672, 6793, 5857, 5124, 8575]
Loop 267 [64194, 7094, 13469, 34165, 6608, 5276, 4914, 8676]
Loop 268 [63642, 5845, 11948, 36944, 6566, 5406, 4926, 8130]
Loop 269 [61096, 5653, 12267, 34527, 6584, 5410, 4782, 7901]
Loop 270 [60779, 5566, 12000, 34242, 6490, 5193, 4985, 8279]
Loop 271 [61984, 6221, 12505, 34360, 6502, 5439, 5045, 8233]
Loop 272 [63049, 6811, 13008, 34154, 6746, 5062, 4709, 8379]
Loop 273 [60437, 6027, 12397, 33288, 5929, 5034, 4633, 8129]
Loop 274 [64641, 5536, 11848, 33598, 6057, 5082, 4535, 13040]
Loop 275 [58965, 5578, 11617, 33736, 6070, 5305, 4654, 7435]
Loop 276 [58384, 5523, 11829, 32990, 5741, 4877, 4651, 7450]
Loop 277 [60152, 6535, 12284, 32860, 6196, 4702, 4486, 7845]
Loop 278 [62544, 5383, 11405, 38133, 11502, 4802, 4360, 7038]
Loop 279 [58739, 6062, 11448, 33066, 5814, 4820, 4457, 7609]
Loop 280 [60780, 5757, 11828, 32988, 5605, 4906, 4527, 9602]
Loop 281 [58207, 5965, 11823, 32564, 5666, 4786, 4528, 7308]
Loop 282 [85148, 31877, 11261, 32945, 6705, 4637, 4306, 8311]
Loop 283 [62785, 10406, 11930, 32128, 6122, 4541, 4488, 7630]
Loop 284 [58001, 5530, 11099, 34018, 5737, 4281, 4441, 6839]
Loop 285 [55118, 5139, 10743, 31716, 5265, 4578, 4211, 6931]
Loop 286 [55700, 5194, 10530, 32459, 5653, 4678, 4257, 6922]
Loop 287 [95584, 11801, 22024, 46997, 13595, 6007, 4933, 13547]
Loop 288 [75063, 7398, 11904, 47748, 8276, 5258, 5571, 7296]
Loop 289 [67882, 5424, 10869, 43800, 7716, 5974, 4860, 7148]
Loop 290 [66661, 6540, 11994, 40747, 6501, 5110, 4572, 6772]
Loop 291 [70163, 5247, 10178, 47367, 7770, 5371, 5024, 6730]
Loop 292 [65949, 5329, 11358, 42381, 6967, 5112, 5371, 6321]
Loop 293 [71671, 5062, 10455, 49021, 6492, 5559, 5347, 6555]
Loop 294 [64473, 5891, 10693, 40838, 6722, 5242, 4541, 6500]
Loop 295 [63538, 5217, 10500, 41002, 6910, 5577, 4755, 6253]
Loop 296 [62184, 4956, 9873, 40621, 6721, 4763, 5378, 6148]
Loop 297 [62568, 6679, 9938, 38712, 6326, 4821, 3867, 6661]
Loop 298 [60017, 4904, 9112, 39138, 5068, 3597, 3949, 6313]
Loop 299 [57704, 5396, 9264, 36095, 4847, 3694, 3950, 6417]
Loop 300 [60022, 4959, 10333, 37779, 5764, 3866, 4602, 6443]
Loop 301 [59659, 4974, 10215, 37846, 6063, 3790, 4621, 6085]
Loop 302 [58096, 4961, 9730, 36780, 4864, 4230, 4539, 6078]
Loop 303 [59795, 6202, 10206, 36487, 5097, 3417, 3743, 6347]
Loop 304 [56302, 4979, 8884, 35906, 4576, 3411, 3647, 6022]
Loop 305 [56692, 4703, 8892, 36447, 4786, 3428, 3831, 6111]
Loop 306 [57800, 5606, 9161, 36581, 4710, 3541, 4013, 5897]
Loop 307 [56628, 4728, 9211, 35951, 4729, 3509, 3607, 6216]
Loop 308 [56997, 5261, 9969, 34894, 4708, 3587, 4354, 6351]
Loop 309 [56810, 4859, 9252, 36301, 5693, 4206, 3537, 5910]
Loop 310 [55222, 4725, 9720, 34478, 5231, 3415, 3864, 5801]
Loop 311 [56954, 4735, 9558, 36223, 5556, 4361, 3748, 5931]
Loop 312 [59053, 7853, 9272, 35050, 4817, 3508, 4124, 6231]
Loop 313 [55748, 5139, 9694, 34517, 4800, 3517, 3796, 5883]
Loop 314 [54566, 4749, 8523, 34561, 4547, 3441, 3635, 6250]
Loop 315 [56744, 5147, 10340, 34655, 5536, 4142, 3568, 6083]
Loop 316 [55841, 4773, 9891, 34876, 5559, 4434, 3453, 5794]
Loop 317 [54724, 4754, 9300, 34349, 5369, 4246, 3431, 5825]
Loop 318 [54474, 4769, 9276, 34120, 5068, 4308, 3476, 5783]
Loop 319 [64226, 7339, 12355, 37474, 5730, 4150, 3705, 6493]
Loop 320 [55792, 5112, 9440, 34625, 5719, 3840, 3623, 6025]
Loop 321 [55292, 5125, 8914, 34881, 6175, 4475, 3561, 5837]
Loop 322 [57163, 5480, 9290, 35220, 5588, 5087, 3536, 6635]
Loop 323 [54918, 4910, 9233, 33886, 5617, 3895, 3994, 6347]
Loop 324 [56475, 5217, 9506, 35195, 5666, 4461, 4059, 6036]
Loop 325 [54340, 5219, 8881, 33863, 5416, 3885, 4189, 5837]
Loop 326 [55405, 5001, 8921, 34734, 5444, 4454, 4552, 6218]
Loop 327 [54922, 5297, 8766, 34001, 5003, 4153, 3741, 6317]
Loop 328 [52342, 4895, 8804, 32226, 5036, 3705, 3693, 5892]
Loop 329 [53248, 5265, 8687, 32456, 4835, 3734, 3623, 6324]
Loop 330 [57394, 4904, 9005, 37066, 5610, 3793, 3516, 5881]
Loop 331 [53197, 4747, 9262, 32915, 5314, 4124, 3590, 5777]
Loop 332 [54167, 4702, 9070, 33727, 5381, 4658, 3501, 6178]
Loop 333 [54276, 4793, 9651, 32893, 5067, 4338, 3771, 6428]
Loop 334 [53798, 4664, 9239, 33321, 5606, 3670, 4035, 6064]
Loop 335 [55806, 4725, 8983, 35278, 5611, 6227, 4003, 6257]
Loop 336 [57937, 5123, 8876, 37181, 5540, 7731, 4713, 6194]
Loop 337 [53290, 5121, 8870, 32684, 5698, 3716, 4208, 6108]
Loop 338 [81315, 4959, 8742, 61097, 5174, 4093, 4363, 5963]
Loop 339 [52919, 4921, 8693, 32907, 5442, 3756, 3816, 5887]
Loop 340 [54183, 5351, 9177, 32937, 5323, 4487, 3835, 6191]
Loop 341 [54518, 5008, 9594, 33351, 5395, 4505, 3650, 6056]
Loop 342 [53787, 5443, 8491, 32898, 4709, 3574, 3649, 6413]
Loop 343 [49703, 4956, 8062, 30387, 4647, 3672, 3588, 5793]
Loop 344 [49856, 5077, 7898, 30322, 4645, 3572, 3647, 6041]
Loop 345 [54028, 6076, 9539, 31610, 5879, 3568, 3739, 6262]
Loop 346 [54575, 6321, 9336, 31949, 5598, 3908, 3920, 6369]
Loop 347 [55541, 6748, 9032, 32731, 5450, 4512, 3758, 6481]
Loop 348 [50027, 5119, 7984, 30598, 4629, 3676, 3599, 5830]
Loop 349 [49388, 4884, 7394, 30661, 4840, 3643, 3557, 5939]
Loop 350 [49537, 4750, 8183, 30305, 4688, 3708, 3608, 5808]
Loop 351 [48256, 4815, 6546, 30189, 4719, 3630, 3647, 6130]
Loop 352 [47899, 4955, 6790, 29859, 4518, 3626, 3520, 5777]
Loop 353 [48665, 4857, 6478, 30909, 4855, 3826, 3570, 5918]
Loop 354 [53864, 6311, 8513, 32142, 6010, 4331, 3473, 6338]
Loop 355 [51467, 4983, 7997, 31816, 5801, 3618, 4007, 6161]
Loop 356 [50938, 4844, 7887, 31165, 5294, 4210, 3709, 6521]
Loop 357 [50822, 4958, 7822, 31299, 5616, 3652, 3884, 6240]
Loop 358 [52776, 5454, 8526, 32300, 5331, 4416, 4392, 5998]
Loop 359 [52132, 4908, 8003, 32483, 5333, 5118, 4048, 6234]
Loop 360 [51034, 4901, 7685, 31856, 5622, 3894, 4181, 6102]
Loop 361 [55263, 6760, 8665, 32714, 5577, 4725, 3989, 6550]
Loop 362 [51668, 4873, 7826, 32458, 5994, 4033, 4108, 6014]
Loop 363 [51640, 5296, 8021, 31763, 5241, 4804, 3795, 6039]
Loop 364 [50040, 4862, 7434, 31248, 5706, 4158, 3523, 6007]
Loop 365 [51731, 5473, 8316, 31116, 5908, 3726, 3528, 6282]
Loop 366 [51408, 4999, 7980, 31293, 5261, 4428, 3807, 6643]
Loop 367 [51239, 4910, 8009, 31608, 5542, 3976, 3858, 6194]
Loop 368 [54374, 4806, 8511, 33699, 7839, 4219, 4166, 6727]
Loop 369 [52011, 5358, 8189, 31960, 5899, 3610, 4319, 5985]
Loop 370 [51221, 4804, 8077, 32068, 5619, 3911, 4622, 5776]
Loop 371 [54811, 6434, 9989, 31433, 6020, 3945, 3922, 6386]
Loop 372 [51782, 5269, 8337, 31490, 5493, 4153, 3942, 6191]
Loop 373 [50108, 5006, 7847, 30971, 5272, 4249, 3638, 5788]
Loop 374 [50574, 4904, 8301, 30884, 5187, 4497, 3567, 5985]
Loop 375 [50367, 4997, 7940, 31098, 5442, 4273, 3533, 5853]
Loop 376 [49739, 4806, 7690, 30794, 5258, 4631, 3472, 5930]
Loop 377 [64669, 18609, 8469, 31016, 5454, 4403, 3472, 6045]
Loop 378 [53414, 6182, 8727, 31547, 5564, 4935, 3576, 6378]
Loop 379 [51965, 5176, 8183, 31263, 5451, 4057, 4301, 6812]
Loop 380 [50281, 4727, 8357, 30932, 5719, 3913, 4089, 5757]
Loop 381 [51083, 4781, 8475, 31497, 5507, 3816, 4179, 5825]
Loop 382 [50270, 4751, 8551, 30610, 5338, 4189, 3816, 5840]
Loop 383 [54908, 4762, 8777, 31441, 5363, 4864, 3803, 9378]
Loop 384 [50396, 5024, 7911, 30935, 5867, 4126, 3525, 5980]
Loop 385 [52341, 6076, 8223, 31102, 5714, 4584, 3494, 6364]
Loop 386 [51028, 4847, 7521, 32086, 5633, 4499, 3363, 6047]
Loop 387 [50690, 5324, 8328, 30591, 5453, 4481, 3485, 5956]
Loop 388 [48333, 4631, 7310, 29989, 5502, 4040, 3402, 5876]
Loop 389 [49750, 4883, 7682, 30819, 5584, 4169, 3439, 5836]
Loop 390 [49366, 4669, 7650, 30719, 5229, 4375, 3450, 5799]
Loop 391 [50346, 4718, 7924, 31270, 5717, 4449, 3470, 5887]
Loop 392 [50094, 5427, 7942, 30019, 5554, 3524, 4256, 6204]
Loop 393 [51056, 4975, 9165, 30437, 5673, 3870, 3929, 5945]
Loop 394 [49998, 4585, 8416, 30776, 5389, 4618, 3534, 5719]
Loop 395 [52920, 5801, 9274, 30882, 5771, 4573, 3505, 6400]
Loop 396 [51566, 5899, 8695, 29890, 5710, 3956, 3479, 6501]
Loop 397 [50397, 4848, 8157, 30999, 5857, 4352, 3451, 5843]
Loop 398 [49932, 4757, 8448, 30416, 5827, 4044, 3592, 5775]
Loop 399 [50264, 4691, 8206, 31191, 5937, 4350, 3779, 5683]
Loop 400 [52743, 4649, 7846, 33544, 5156, 7286, 4009, 6189]
Loop 401 [49785, 4846, 7860, 30589, 5883, 3732, 3473, 5974]
Loop 402 [49866, 4596, 8305, 30431, 5418, 4259, 3488, 6043]
Loop 403 [50503, 4884, 8402, 30365, 5269, 3500, 3939, 6346]
Loop 404 [49884, 4689, 7805, 30679, 5202, 4354, 4123, 6213]
Loop 405 [50336, 4704, 7705, 30586, 5201, 4159, 3880, 6824]
Loop 406 [49913, 4817, 7882, 30839, 5564, 3741, 4066, 5886]
Loop 407 [55073, 6051, 10885, 31576, 5238, 4509, 4312, 5983]
Loop 408 [55819, 4888, 12566, 31681, 5504, 3922, 3469, 6171]
Loop 409 [52935, 8759, 7882, 29564, 4998, 3712, 3419, 6209]
Loop 410 [54748, 4768, 7584, 35946, 6200, 9502, 3359, 5925]
Loop 411 [49153, 4618, 7596, 30441, 4776, 4451, 3426, 5991]
Loop 412 [51495, 4764, 9067, 30829, 5329, 4336, 3448, 6335]
Loop 413 [50208, 4649, 7820, 30861, 5550, 3956, 3900, 6365]
Loop 414 [54022, 6812, 8762, 31546, 5393, 3931, 3838, 6325]
Loop 415 [56922, 4855, 7842, 37981, 5112, 3792, 3860, 5733]
Loop 416 [50177, 4614, 7878, 31403, 5387, 4223, 3978, 5798]
Loop 417 [49735, 4699, 7615, 31145, 5253, 4124, 3501, 5799]
Loop 418 [51766, 4709, 8802, 31873, 5985, 4217, 3406, 5888]
Loop 419 [49284, 4744, 7782, 30546, 5032, 4449, 3446, 5715]
Loop 420 [50264, 4640, 8094, 31220, 6125, 4332, 3304, 5798]
Loop 421 [50842, 4722, 7910, 29638, 5378, 3907, 3439, 6236]
Loop 422 [50575, 5139, 8124, 30761, 5923, 4301, 3403, 6018]
Loop 423 [48969, 4609, 7997, 29956, 5187, 4217, 3446, 5870]
Loop 424 [49289, 4764, 8429, 29454, 5759, 3559, 3405, 6145]
Loop 425 [48688, 4525, 7578, 29910, 5066, 3417, 4038, 6196]
Loop 426 [49955, 4616, 7789, 30784, 5538, 3586, 4114, 6271]
Loop 427 [48903, 4545, 7496, 30203, 5699, 3618, 3716, 6160]
Loop 428 [50081, 4588, 7942, 30806, 5165, 4477, 3931, 6231]
Loop 429 [49081, 4813, 7638, 30220, 5644, 4002, 3412, 5907]
Loop 430 [49600, 4691, 8219, 30252, 5473, 4193, 3525, 5912]
Loop 431 [48323, 4742, 7341, 29842, 5325, 3883, 3432, 5892]
Loop 432 [49829, 4677, 7801, 30828, 6083, 4009, 3404, 5996]
Loop 433 [49700, 4778, 7898, 30737, 5920, 4160, 3499, 5765]
Loop 434 [49411, 4614, 7988, 30460, 5542, 3663, 3442, 5841]
Loop 435 [50488, 4624, 8176, 31401, 5192, 3633, 4268, 5801]
Loop 436 [49638, 4908, 7554, 30152, 5263, 4011, 3767, 6519]
Loop 437 [49735, 4576, 7136, 30753, 5303, 4434, 3792, 6586]
Loop 438 [49220, 4678, 7186, 30763, 5244, 3756, 4538, 6074]
Loop 439 [49912, 4664, 7893, 30952, 5148, 4285, 4123, 5912]
Loop 440 [49192, 4712, 7897, 30331, 5497, 3628, 4117, 5755]
Loop 441 [49486, 4594, 7777, 30668, 5144, 4257, 4081, 5896]
Loop 442 [49313, 5037, 8234, 29766, 5169, 3835, 3882, 5735]
Loop 443 [54064, 4930, 11516, 31145, 6065, 4195, 3502, 5963]
Loop 444 [47638, 4512, 7407, 29542, 5122, 4020, 3461, 5728]
Loop 445 [53652, 4678, 8253, 34455, 5402, 4042, 7680, 5741]
Loop 446 [50172, 4649, 8326, 30342, 5234, 3522, 4401, 6340]
Loop 447 [50513, 4640, 7727, 30963, 6364, 3816, 3590, 6687]
Loop 448 [49712, 4549, 7359, 30635, 5908, 3617, 3983, 6686]
Loop 449 [49644, 4738, 7789, 30848, 5824, 3774, 4108, 5790]
Loop 450 [56215, 4950, 8026, 36442, 5579, 9142, 4131, 6220]
Loop 451 [50066, 4881, 7817, 31178, 5761, 3729, 4412, 5673]
Loop 452 [49215, 4607, 7550, 30706, 5163, 4310, 3780, 5844]
Loop 453 [48927, 4640, 7631, 30350, 5446, 3890, 3991, 5788]
Loop 454 [49452, 4713, 7801, 30525, 5094, 4550, 3530, 5921]
Loop 455 [49257, 4657, 8026, 30402, 5267, 4428, 3505, 5673]
Loop 456 [48817, 4711, 7610, 30132, 5108, 4265, 3541, 5864]
Loop 457 [50532, 4928, 7937, 30535, 5006, 4241, 3882, 6613]
Loop 458 [50485, 4614, 7896, 31315, 5520, 4036, 4439, 6159]
Loop 459 [49555, 4787, 7541, 30896, 5232, 3865, 4514, 5848]
Loop 460 [50021, 4660, 7756, 30797, 6081, 3641, 4160, 6234]
Loop 461 [49738, 5010, 7903, 30497, 5413, 3765, 4261, 5804]
Loop 462 [48710, 4542, 7955, 29886, 5081, 3851, 3986, 5839]
Loop 463 [49342, 4875, 7820, 30267, 5183, 4119, 3775, 5883]
Loop 464 [54254, 4680, 8525, 34455, 5664, 7616, 4097, 6074]
Loop 465 [49564, 4961, 7306, 30952, 5417, 4707, 3553, 5838]
Loop 466 [49550, 4698, 8498, 29995, 5053, 4394, 3520, 5844]
Loop 467 [48639, 4578, 7401, 30251, 5137, 4160, 3566, 5889]
Loop 468 [50099, 4680, 8305, 30623, 5174, 4625, 3501, 6003]
Loop 469 [49288, 4643, 7090, 31074, 5257, 4711, 3532, 5915]
Loop 470 [49805, 4888, 7803, 30778, 5595, 4609, 3447, 5830]
Loop 471 [52369, 6336, 8024, 30910, 5624, 4330, 3456, 6504]
Loop 472 [49997, 4909, 7984, 30780, 4990, 4596, 3833, 5795]
Loop 473 [49142, 4613, 7337, 30965, 5252, 4618, 3632, 5724]
Loop 474 [49512, 4659, 8147, 30438, 5429, 4228, 3488, 5745]
Loop 475 [49532, 4570, 8314, 30340, 5181, 4532, 3444, 5793]
Loop 476 [49191, 4491, 7731, 30635, 5301, 4611, 3428, 5812]
Loop 477 [48194, 4607, 7175, 30037, 5309, 4210, 3428, 5850]
Loop 478 [50139, 4835, 7924, 30710, 5404, 4456, 3495, 6102]
Loop 479 [50246, 5332, 8068, 30315, 5336, 4142, 3605, 5976]
Loop 480 [48932, 4563, 7386, 30422, 5181, 4261, 3681, 6106]
Loop 481 [48949, 4635, 7435, 30087, 5570, 3428, 3685, 6291]
Loop 482 [54198, 4589, 7756, 35421, 5356, 3734, 4224, 5943]
Loop 483 [49860, 4627, 8000, 30898, 5812, 3756, 3871, 5822]
Loop 484 [54821, 4635, 8045, 31322, 5713, 3822, 4397, 10244]
Loop 485 [52827, 4735, 8599, 30551, 5476, 4108, 3809, 8398]
Loop 486 [50212, 5339, 8361, 30121, 4967, 4556, 3698, 5895]
Loop 487 [51258, 4636, 7926, 32049, 5411, 5268, 3570, 6152]
Loop 488 [49058, 5002, 7640, 29844, 5369, 4107, 3506, 6061]
Loop 489 [49184, 4911, 7645, 30331, 5278, 4175, 3550, 5792]
Loop 490 [48464, 4828, 7228, 30121, 5268, 4436, 3478, 5799]
Loop 491 [49395, 4795, 7831, 30376, 5056, 4799, 3468, 5903]
Loop 492 [49328, 5150, 7852, 29986, 5110, 4401, 3533, 5805]
Loop 493 [50995, 5118, 8610, 30519, 5753, 3646, 4022, 6253]
Loop 494 [50186, 4846, 8289, 30710, 5586, 3882, 4243, 5868]
Loop 495 [50259, 4776, 8082, 31120, 5295, 3794, 4474, 5775]
Loop 496 [49705, 4888, 7734, 30786, 5600, 4250, 3906, 5795]
Loop 497 [50603, 4682, 8145, 31264, 6385, 3968, 3770, 5980]
Loop 498 [49619, 5145, 7559, 30561, 5511, 4186, 3485, 5812]
Loop 499 [50963, 4913, 8031, 31723, 5736, 4930, 3535, 5792]
Loop 500 [49587, 5099, 7720, 30247, 5240, 4333, 3501, 5983]
Loop 501 [48736, 4755, 7438, 30225, 5225, 4073, 3416, 5806]
Loop 502 [49869, 4764, 8124, 30643, 5732, 4139, 3530, 5810]
Loop 503 [48459, 4771, 7308, 30194, 5101, 4358, 3456, 5706]
Loop 504 [49534, 4779, 8049, 30349, 5114, 4185, 3507, 5850]
Loop 505 [48383, 4866, 7463, 29864, 4995, 3574, 4119, 5708]
Loop 506 [50159, 4771, 7896, 30365, 5329, 4292, 3489, 6638]
Loop 507 [51343, 5006, 8718, 31194, 5379, 4762, 3587, 5908]
Loop 508 [49801, 4846, 7702, 30878, 5529, 4585, 3473, 5872]
Loop 509 [64054, 8638, 13094, 34546, 7026, 4616, 3381, 7142]
Loop 510 [51042, 4771, 8689, 31266, 6371, 4281, 3508, 5812]
Loop 511 [50728, 4955, 8981, 30449, 5287, 4394, 3646, 5866]
Loop 512 [50303, 4651, 8602, 30673, 5881, 4024, 3598, 5864]
Loop 513 [49632, 4645, 8306, 30347, 6215, 3893, 3337, 5857]
Loop 514 [50095, 5016, 9095, 29263, 5017, 3623, 3521, 6165]
Loop 515 [51389, 4784, 8638, 31371, 5608, 4815, 3549, 6003]
Loop 516 [49516, 4900, 8358, 29760, 5165, 4316, 3433, 5981]
Loop 517 [50925, 4564, 8502, 31007, 5442, 4531, 3684, 6315]
Loop 518 [50791, 4955, 8193, 30925, 5378, 3674, 4510, 6216]
Loop 519 [52194, 4593, 9346, 31473, 5827, 4487, 3944, 6262]
Loop 520 [50087, 4676, 8354, 30695, 5642, 3579, 4259, 5852]
Loop 521 [51790, 5006, 9519, 30710, 5468, 4203, 3486, 6021]
Loop 522 [50421, 4644, 8107, 31030, 5356, 4813, 3672, 6116]
Loop 523 [50241, 4625, 8467, 30794, 5578, 4413, 3409, 5879]
Loop 524 [52000, 4629, 8560, 32069, 5661, 4073, 3422, 6212]
Loop 525 [50144, 4782, 8834, 30230, 5604, 3811, 3426, 5775]
Loop 526 [49044, 4838, 8253, 29569, 5121, 3577, 4182, 5879]
Loop 527 [70471, 4591, 8851, 50414, 5339, 4523, 23058, 6122]
Loop 528 [54835, 4625, 8534, 34311, 4962, 8261, 4181, 6741]
Loop 529 [51382, 4824, 8155, 31085, 5382, 4274, 4130, 6785]
Loop 530 [50239, 4623, 8504, 30518, 5298, 3891, 4177, 6065]
Loop 531 [50517, 4505, 8139, 31189, 5210, 4649, 3973, 6136]
Loop 532 [49636, 4607, 8700, 30006, 5335, 3774, 4041, 5788]
Loop 533 [49898, 4512, 8249, 30847, 5279, 4347, 3860, 5779]
Loop 534 [50244, 4795, 8453, 30332, 5289, 4157, 3715, 6105]
Loop 535 [49781, 4903, 7767, 30475, 5697, 4100, 3669, 6156]
Loop 536 [51679, 5100, 8824, 30708, 5401, 4330, 3913, 6524]
Loop 537 [55624, 4727, 8963, 34783, 5077, 4007, 3813, 6594]
Loop 538 [51445, 4964, 8600, 31317, 5206, 4152, 4314, 6023]
Loop 539 [55318, 5002, 8864, 35047, 5232, 4063, 8481, 5905]
Loop 540 [51154, 4706, 8768, 31185, 5655, 3973, 4063, 5981]
Loop 541 [49313, 4725, 8145, 30143, 5168, 3774, 3968, 5799]
Loop 542 [48264, 4607, 7472, 29917, 5010, 4161, 3846, 5761]
Loop 543 [49401, 4738, 7111, 31124, 5539, 4747, 3468, 5925]
Loop 544 [48945, 4890, 7270, 30413, 5567, 4271, 3512, 5837]
Loop 545 [48843, 4910, 7036, 30440, 5260, 4534, 3536, 5941]
Loop 546 [49543, 4751, 7846, 30345, 5551, 4142, 3437, 6056]
Loop 547 [48186, 4675, 7172, 30037, 5223, 3982, 3497, 5768]
Loop 548 [47826, 4605, 6969, 29753, 5679, 3561, 3415, 6002]
Loop 549 [49107, 4716, 8356, 29839, 5155, 4217, 3429, 5682]
Loop 550 [51354, 4893, 8197, 30908, 5824, 4314, 3419, 6807]
Loop 551 [49157, 4619, 6885, 30835, 5772, 3778, 3863, 6291]
Loop 552 [50162, 4846, 7677, 30870, 5356, 4084, 4111, 6260]
Loop 553 [49257, 4877, 7521, 30256, 4926, 4332, 4101, 6068]
Loop 554 [49493, 4514, 7600, 30981, 5070, 4208, 4230, 5879]
Loop 555 [49224, 4783, 7902, 30230, 5248, 3651, 4268, 5782]
Loop 556 [48205, 4489, 7127, 30183, 4996, 4726, 3838, 5872]
Loop 557 [48653, 4902, 7808, 29320, 5205, 3890, 3426, 6120]
Loop 558 [48849, 4556, 7747, 30226, 5715, 3510, 3488, 5827]
Loop 559 [48895, 4651, 7365, 30449, 5246, 3669, 4381, 5919]
Loop 560 [49614, 4591, 8043, 30442, 5358, 3893, 3484, 6010]
Loop 561 [49066, 4591, 7708, 29925, 5021, 4170, 3787, 6333]
Loop 562 [59758, 4663, 8436, 39249, 5872, 3874, 4009, 6783]
Loop 563 [51748, 5292, 8352, 31811, 5624, 3738, 4910, 5771]
Loop 564 [50443, 5281, 8115, 30407, 5713, 3704, 4024, 6074]
Loop 565 [50971, 4724, 8301, 31593, 5272, 4434, 4377, 5852]
Loop 566 [49129, 4778, 7683, 30292, 5442, 3979, 3812, 5884]
Loop 567 [51081, 4771, 7950, 31615, 5345, 4986, 3823, 6207]
Loop 568 [48564, 4563, 7629, 30046, 5366, 4109, 3563, 5766]
Loop 569 [51106, 4716, 8231, 31271, 5644, 4749, 3472, 6171]
Loop 570 [50450, 4722, 8966, 30287, 5031, 4485, 3481, 5983]
Loop 571 [50070, 4952, 8011, 30216, 5208, 4146, 3778, 6386]
Loop 572 [51831, 4873, 7982, 31933, 5318, 4050, 4009, 6484]
Loop 573 [51808, 5336, 8950, 31058, 5686, 3777, 4257, 5952]
Loop 574 [55896, 4656, 9502, 35302, 5186, 4081, 8902, 5876]
Loop 575 [51103, 4662, 8737, 31450, 5881, 3556, 4308, 5731]
Loop 576 [49499, 4760, 8077, 30056, 5001, 4104, 4071, 6096]
Loop 577 [51313, 4693, 8883, 31364, 6098, 3945, 4132, 5844]
Loop 578 [50705, 5223, 8611, 30238, 5245, 4390, 3623, 6086]
Loop 579 [51192, 4820, 9520, 30289, 5217, 4536, 3485, 5863]
Loop 580 [49632, 4715, 8332, 30125, 5544, 4225, 3499, 5945]
Loop 581 [235165, 4656, 8187, 185060, 96733, 20971, 2573, 28649]
Loop 582 [76360, 23065, 17678, 28232, 6209, 3317, 2482, 6922]
Loop 583 [48777, 5260, 8959, 28591, 4420, 3317, 4142, 5733]
Loop 584 [47471, 4287, 8759, 28190, 5258, 2988, 3368, 5974]
Loop 585 [47962, 4818, 9480, 27540, 4166, 3326, 3387, 5877]
Loop 586 [46319, 4434, 8480, 27479, 4476, 3257, 3173, 5695]
Loop 587 [66945, 4514, 8869, 28022, 4272, 3767, 2921, 25078]
Loop 588 [49014, 4917, 9282, 27334, 4624, 3216, 2959, 7216]
Loop 589 [48425, 5150, 8981, 27776, 4930, 3317, 2651, 6274]
Loop 590 [45323, 4441, 8055, 26938, 4397, 3149, 2792, 5662]
Loop 591 [45960, 4511, 8649, 26790, 3996, 3193, 2766, 5774]
Loop 592 [49485, 4425, 8112, 30238, 4393, 6196, 3257, 6359]
Loop 593 [46423, 4777, 8090, 27505, 4609, 3574, 2610, 5821]
Loop 594 [46510, 4323, 8410, 27225, 4828, 3408, 2460, 6269]
Loop 595 [46862, 4708, 8908, 26635, 4139, 2743, 3025, 6380]
Loop 596 [51636, 4698, 8804, 31556, 4875, 2759, 3031, 6335]
Loop 597 [46397, 4230, 9004, 26706, 4386, 2540, 3035, 6227]
Loop 598 [46748, 4310, 8932, 27161, 4419, 3173, 2843, 6107]
Loop 599 [46569, 4356, 8807, 27244, 4221, 3240, 2900, 5930]
Loop 600 [47553, 5004, 8877, 27269, 4480, 3485, 2537, 6165]
Loop 601 [47544, 4680, 8987, 27830, 4188, 4044, 2874, 5803]
Loop 602 [46467, 4467, 8163, 27229, 4359, 3303, 3023, 6291]
Loop 603 [46868, 4516, 8826, 27419, 4477, 3315, 2712, 5857]
Loop 604 [46390, 4414, 8804, 27208, 4263, 3306, 2696, 5733]
Loop 605 [47292, 4461, 9276, 27470, 4478, 3592, 2599, 5839]
Loop 606 [97817, 4426, 8642, 26401, 4144, 2547, 3047, 57927]
Loop 607 [49027, 5405, 9435, 28011, 4728, 3147, 3299, 5905]
Loop 608 [46461, 4489, 8555, 27741, 4112, 3038, 3683, 5423]
Loop 609 [44932, 4338, 7751, 27007, 4125, 2858, 3270, 5593]
Loop 610 [45605, 4399, 7935, 27313, 4312, 3477, 2947, 5686]
Loop 611 [46889, 4802, 9041, 27125, 4408, 2918, 2861, 5671]
Loop 612 [45376, 4483, 8269, 26912, 4147, 3134, 2982, 5486]
Loop 613 [45066, 4616, 8567, 26241, 4042, 2940, 2543, 5420]
Loop 614 [46393, 5101, 8684, 26509, 3794, 2876, 2881, 5866]
Loop 615 [46170, 4420, 8536, 27313, 4448, 3193, 2657, 5655]
Loop 616 [45444, 4443, 8146, 27027, 4083, 3111, 2816, 5571]
Loop 617 [47460, 4485, 8540, 28264, 5066, 3092, 3149, 5938]
Loop 618 [45504, 4724, 7867, 26565, 4204, 2564, 2963, 6101]
Loop 619 [45770, 4725, 8399, 26875, 4441, 2555, 2722, 5547]
Loop 620 [45258, 5008, 7942, 26301, 4299, 2523, 2872, 5758]
Loop 621 [46215, 4985, 8551, 26659, 4419, 2801, 2659, 5795]
Loop 622 [44899, 4777, 7720, 26723, 3944, 3044, 2588, 5438]
Loop 623 [44935, 4850, 7764, 26646, 4296, 2998, 2672, 5446]
Loop 624 [50573, 4732, 13320, 26859, 4108, 2891, 2954, 5435]
Loop 625 [45502, 4829, 8014, 26968, 3993, 2830, 2875, 5469]
Loop 626 [46315, 4939, 7678, 27809, 5096, 3063, 2690, 5639]
Loop 627 [46922, 4970, 7876, 27961, 4753, 3002, 2972, 5867]
Loop 628 [46304, 5057, 7999, 27278, 4784, 2950, 2717, 5736]
Loop 629 [46964, 4880, 7745, 27865, 4793, 2618, 3423, 6235]
Loop 630 [45781, 4696, 8087, 26917, 4232, 2493, 3040, 5851]
Loop 631 [45248, 4552, 7201, 27462, 4326, 3075, 3395, 5723]
Loop 632 [45745, 4600, 7672, 27424, 3938, 2846, 3490, 5815]
Loop 633 [51316, 4627, 7904, 32999, 4013, 8365, 3475, 5539]
Loop 634 [46279, 4650, 7840, 27907, 4103, 3532, 3084, 5653]
Loop 635 [45264, 5591, 8122, 25808, 4321, 2657, 2465, 5540]
Loop 636 [43331, 4218, 7260, 26443, 4149, 2561, 3097, 5088]
Loop 637 [42594, 4344, 6770, 26020, 3877, 2454, 2673, 5235]
Loop 638 [42886, 4277, 7398, 25785, 4453, 2385, 2396, 5190]
Loop 639 [43630, 4502, 7734, 26043, 4583, 2243, 2429, 5120]
Loop 640 [43584, 4446, 7062, 26405, 4428, 3013, 2519, 5450]
Loop 641 [42871, 4324, 6681, 26050, 3770, 2313, 2966, 5590]
Loop 642 [44123, 4688, 7384, 26113, 4275, 2541, 2597, 5667]
Loop 643 [45213, 5454, 7027, 26844, 4633, 2668, 2894, 5667]
Loop 644 [42005, 4315, 6707, 25847, 3625, 2837, 2908, 4950]
Loop 645 [42476, 4301, 6817, 26064, 3967, 2764, 2910, 5082]
Loop 646 [41858, 4393, 6502, 25633, 3605, 2712, 2696, 5124]
Loop 647 [42055, 4207, 6380, 26183, 3887, 2327, 2679, 5071]
Loop 648 [42812, 4406, 6605, 26235, 3729, 3587, 2553, 5347]
Loop 649 [78978, 8255, 19402, 38223, 10556, 4456, 3400, 12418]
Loop 650 [52380, 5030, 10237, 30948, 5772, 4422, 3777, 5923]
Loop 651 [48993, 3730, 9512, 30264, 5864, 4383, 3618, 5257]
Loop 652 [49877, 3900, 9482, 31178, 6459, 4421, 3519, 5085]
Loop 653 [48321, 3876, 9229, 29687, 5200, 4393, 3274, 5325]
Loop 654 [48667, 3492, 9925, 29894, 5787, 4575, 3222, 5137]
Loop 655 [49934, 3915, 10182, 30216, 5408, 3792, 4163, 5403]
Loop 656 [113929, 3737, 9277, 94668, 6406, 4194, 3556, 5905]
Loop 657 [51261, 4799, 9623, 30974, 6643, 4322, 3090, 5430]
Loop 658 [48018, 3840, 8662, 30086, 6324, 3567, 3603, 5228]
Loop 659 [46376, 3763, 8021, 29019, 5848, 3838, 2611, 5368]
Loop 660 [45368, 3610, 9379, 26814, 4392, 2655, 3111, 5353]
Loop 661 [47315, 4946, 9437, 26878, 4468, 2868, 2794, 5845]
Loop 662 [46376, 3582, 9249, 28287, 5120, 3519, 2876, 5058]
Loop 663 [46392, 3820, 9113, 28115, 4840, 3637, 2865, 5112]
Loop 664 [49241, 6447, 9359, 27780, 6310, 2892, 2262, 5435]
Loop 665 [43905, 3842, 8884, 25641, 3977, 2985, 2205, 5317]
Loop 666 [43930, 4075, 8687, 25971, 4180, 2577, 2584, 4993]
Loop 667 [43468, 3863, 8761, 25423, 4152, 2628, 2306, 5217]
Loop 668 [45220, 3891, 9089, 26822, 5501, 2383, 2299, 5215]
Loop 669 [45923, 3687, 9271, 26730, 4711, 2885, 2327, 5931]
Loop 670 [45758, 4341, 8909, 26546, 4478, 2207, 2858, 5739]
Loop 671 [45535, 4303, 9170, 26572, 4473, 2685, 3019, 5053]
Loop 672 [51368, 4301, 8978, 32832, 4489, 8697, 3369, 5054]
Loop 673 [44633, 3760, 8859, 26527, 4466, 2659, 2750, 5278]
Loop 674 [43361, 3807, 8291, 25986, 4087, 2573, 2779, 5078]
Loop 675 [44648, 3740, 8908, 26460, 4269, 2724, 2845, 5343]
Loop 676 [44342, 3730, 8557, 26637, 3973, 3521, 2661, 5202]
Loop 677 [45646, 3644, 9540, 26890, 4708, 3546, 2422, 5356]
Loop 678 [46051, 4003, 8701, 27838, 4529, 3974, 2968, 5312]
Loop 679 [44849, 3907, 8539, 27063, 4294, 2952, 3113, 5122]
Loop 680 [44085, 3870, 8246, 26393, 4443, 2565, 2765, 5375]
Loop 681 [42300, 3972, 6930, 26068, 3925, 2625, 2758, 5122]
Loop 682 [42388, 3823, 6848, 26364, 4176, 2907, 2761, 5143]
Loop 683 [43722, 4419, 7228, 26513, 4451, 3191, 2286, 5349]
Loop 684 [43169, 3655, 7826, 26398, 4417, 3198, 2309, 5074]
Loop 685 [47290, 4802, 8536, 27977, 4984, 3565, 2730, 5700]
Loop 686 [44060, 4159, 7142, 27521, 4404, 3113, 3140, 5025]
Loop 687 [45415, 3905, 8149, 28081, 4700, 4006, 2807, 5079]
Loop 688 [43598, 3955, 7294, 27179, 4651, 3137, 2886, 4971]
Loop 689 [44385, 3693, 7163, 28081, 4822, 3539, 2994, 5250]
Loop 690 [42819, 3826, 7199, 26427, 3929, 3206, 2831, 5167]
Loop 691 [44418, 3656, 7805, 27599, 4521, 3768, 2495, 5143]
Loop 692 [42980, 3832, 7800, 26041, 4117, 3292, 2348, 5100]
Loop 693 [43793, 4091, 7246, 26604, 5084, 2891, 2259, 5635]
Loop 694 [43427, 3947, 7229, 26892, 4871, 3219, 2311, 5146]
Loop 695 [42421, 3625, 6772, 26594, 4320, 3168, 2350, 5211]
Loop 696 [42818, 3752, 7221, 26501, 4508, 2606, 2854, 5118]
Loop 697 [42850, 3881, 6661, 26088, 4307, 2457, 2696, 5906]
Loop 698 [43389, 3998, 7226, 26773, 4409, 2335, 3101, 5181]
Loop 699 [43396, 3551, 7083, 27506, 4475, 3242, 3062, 5025]
Loop 700 [44658, 4095, 7482, 27970, 4250, 3297, 3804, 4912]
Loop 701 [44475, 3620, 7995, 27500, 4736, 2802, 3205, 5151]
Loop 702 [44379, 3862, 7864, 27425, 4492, 3307, 2892, 5017]
Loop 703 [43685, 3756, 7153, 27344, 4572, 3649, 2506, 5230]
Loop 704 [42650, 3878, 7239, 26316, 4218, 3130, 2483, 5009]
Loop 705 [41842, 3892, 6439, 26356, 4217, 2605, 2772, 4943]
Loop 706 [42187, 3932, 6574, 26185, 4282, 3079, 2482, 5286]
Loop 707 [43594, 4091, 7163, 26588, 4328, 2729, 2929, 5537]
Loop 708 [42800, 3611, 6510, 26727, 4573, 2410, 3096, 5722]
Loop 709 [955065, 176741, 247532, 394417, 130766, 18924, 18797, 135830]
Loop 710 [168383, 6801, 66939, 87799, 21771, 23727, 19637, 6510]
Loop 711 [159084, 5062, 50671, 95754, 35257, 18424, 23439, 7243]
Loop 712 [140802, 6448, 41818, 86521, 21636, 24660, 21350, 5709]
Loop 713 [147719, 4814, 52131, 85097, 28733, 17766, 19957, 5318]
Loop 714 [136499, 4672, 43967, 82023, 21501, 18208, 23567, 5533]
Loop 715 [133653, 4139, 41219, 82748, 29065, 17945, 17204, 5251]
Loop 716 [151752, 4433, 56354, 84941, 28322, 20016, 17411, 5718]
Loop 717 [140573, 4407, 52980, 76845, 21416, 17725, 19163, 6067]
Loop 718 [132121, 4832, 43473, 77636, 21473, 19849, 18035, 5813]
Loop 719 [118672, 4215, 48951, 59880, 21420, 17208, 2433, 5307]
Loop 720 [80046, 4158, 41236, 29117, 5526, 2580, 2579, 5279]
Loop 721 [87602, 4122, 46697, 31211, 4903, 3047, 2469, 5337]
Loop 722 [92666, 4700, 52518, 29709, 5239, 2859, 2370, 5488]
Loop 723 [83170, 5055, 42512, 30027, 5502, 2694, 3565, 5351]
Loop 724 [79973, 4292, 41002, 28827, 5221, 2375, 2814, 5612]
Loop 725 [84817, 4364, 45535, 28796, 4911, 3394, 2491, 5896]
Loop 726 [79165, 3891, 40270, 28962, 4544, 2816, 3239, 5795]
Loop 727 [84094, 3851, 45409, 29127, 4911, 3101, 3069, 5453]
Loop 728 [85302, 4254, 46701, 28801, 4380, 3430, 2385, 5285]
Loop 729 [87719, 3968, 44111, 33966, 9299, 3992, 2226, 5407]
Loop 730 [79469, 3875, 40931, 29230, 4470, 3101, 2591, 5226]
Loop 731 [76303, 4246, 38086, 28513, 4659, 3165, 2386, 5242]
Loop 732 [80308, 4153, 40967, 29548, 5337, 3006, 2504, 5414]
Loop 733 [77963, 4060, 39507, 28698, 4708, 3041, 2343, 5479]
Loop 734 [90229, 6200, 45958, 32047, 5517, 4350, 2792, 5798]
Loop 735 [83396, 4713, 43447, 28999, 5270, 2495, 2645, 5984]
Loop 736 [82580, 4482, 42662, 29981, 5392, 2806, 3150, 5219]
Loop 737 [79564, 4315, 41098, 28849, 4663, 2815, 3063, 5052]
Loop 738 [78173, 4047, 39220, 29264, 4920, 2873, 2890, 5427]
Loop 739 [78673, 4005, 40402, 28933, 4293, 3192, 2786, 5125]
Loop 740 [84560, 3788, 41182, 34115, 4990, 8364, 2654, 5244]
Loop 741 [46660, 4118, 8169, 28872, 4695, 3495, 2263, 5272]
Loop 742 [43014, 3714, 7419, 26500, 4404, 2938, 2422, 5176]
Loop 743 [44303, 3578, 7830, 27478, 4692, 3470, 2477, 5197]
Loop 744 [44752, 3647, 7313, 28249, 4170, 3262, 2534, 5334]
Loop 745 [43872, 3903, 7439, 27005, 4587, 3315, 2396, 5301]
Loop 746 [42952, 3561, 6694, 27277, 4373, 3249, 2725, 5210]
Loop 747 [44902, 3852, 6721, 28869, 4921, 3307, 2368, 5251]
Loop 748 [43850, 3817, 6972, 27586, 5134, 3098, 2407, 5234]
Loop 749 [43290, 4023, 7220, 26543, 4781, 2468, 2364, 5277]
Loop 750 [50570, 4683, 9300, 30659, 4855, 3590, 3004, 5713]
Loop 751 [54108, 4774, 7812, 35660, 6513, 3552, 4658, 5614]
Loop 752 [52119, 4792, 10486, 31457, 4682, 3365, 2901, 5181]
Loop 753 [51181, 4953, 8933, 31407, 6607, 3708, 2585, 5667]
Loop 754 [48389, 4574, 8643, 29365, 4821, 3693, 2525, 5592]
Loop 755 [46389, 4058, 7871, 28981, 4504, 3428, 2461, 5258]
Loop 756 [47692, 4438, 8198, 29351, 4564, 3134, 2544, 5488]
Loop 757 [49549, 4823, 8844, 30049, 5329, 3643, 2422, 5572]
Loop 758 [43821, 3721, 7781, 27223, 4874, 3161, 2388, 4902]
Loop 759 [47124, 3688, 8119, 29759, 5624, 2427, 2661, 5343]
Loop 760 [44075, 3947, 7702, 26986, 4402, 3440, 2387, 5257]
Loop 761 [45488, 3650, 7362, 28827, 5346, 3224, 2524, 5374]
Loop 762 [48623, 4911, 8157, 29302, 4758, 3436, 2898, 6033]
Loop 763 [43932, 3704, 7420, 27535, 4688, 3172, 2975, 5060]
Loop 764 [44064, 3684, 7477, 27545, 4888, 2948, 2810, 5131]
Loop 765 [46278, 3698, 7581, 29402, 4793, 3253, 2688, 5389]
Loop 766 [44673, 3583, 7778, 27973, 5010, 3455, 2887, 5100]
Loop 767 [55291, 6392, 11579, 31273, 5092, 3387, 2943, 5808]
Loop 768 [49685, 4877, 8878, 30201, 4847, 3389, 2895, 5493]
Loop 769 [43878, 3608, 7664, 27421, 4195, 3433, 3026, 4971]
Loop 770 [47037, 3809, 8305, 29647, 4642, 3400, 2996, 5051]
Loop 771 [46216, 3902, 8208, 28747, 5119, 3153, 2326, 5111]
Loop 772 [43117, 3737, 7303, 26707, 4529, 3152, 2363, 5167]
Loop 773 [44390, 3734, 8191, 27124, 5319, 2617, 2349, 5138]
Loop 774 [46674, 3976, 8135, 28875, 4968, 2922, 2381, 5479]
Loop 775 [43804, 3890, 6977, 27227, 5011, 3378, 2399, 5444]
Loop 776 [44484, 3867, 7302, 27706, 4751, 2948, 2988, 5418]
Loop 777 [46057, 3739, 7599, 29270, 4523, 3167, 3047, 5227]
Loop 778 [43605, 3663, 7263, 27492, 4380, 3283, 3380, 5006]
Loop 779 [51599, 4866, 9104, 31452, 6046, 2909, 3137, 5873]
Loop 780 [49502, 4959, 8392, 29866, 5216, 2933, 2911, 6032]
Loop 781 [49834, 4490, 9177, 29821, 5194, 3456, 2763, 6136]
Loop 782 [47506, 4442, 8473, 28962, 5133, 3263, 2323, 5393]
Loop 783 [52687, 4618, 8374, 34082, 5079, 3654, 2230, 5356]
Loop 784 [55740, 4539, 8157, 37018, 4888, 3119, 2469, 5776]
Loop 785 [58470, 4724, 8016, 39401, 5612, 2642, 2336, 6099]
Loop 786 [60668, 4586, 8451, 41375, 4879, 3405, 4000, 6013]
Loop 787 [53805, 5461, 8421, 34037, 5732, 3163, 3604, 5668]
Loop 788 [50936, 3981, 7385, 34371, 4562, 2948, 3659, 4973]
Loop 789 [53593, 4270, 6871, 37117, 4958, 3270, 3139, 5097]
Loop 790 [49455, 3832, 6525, 33658, 4383, 3143, 2804, 5253]
Loop 791 [77417, 4031, 7312, 59868, 4532, 3379, 29428, 5819]
Loop 792 [57240, 4439, 9583, 37572, 5941, 4037, 2499, 5446]
Loop 793 [54915, 4249, 8580, 36244, 5473, 3130, 2720, 5620]
Loop 794 [53802, 4326, 8556, 35169, 4796, 3428, 2385, 5550]
Loop 795 [58351, 4577, 10178, 37699, 5482, 3371, 2328, 5699]
Loop 796 [55700, 4540, 9784, 35556, 4693, 3224, 3147, 5513]
Loop 797 [61009, 4969, 11142, 37232, 5444, 3608, 2854, 7486]
Loop 798 [55484, 4795, 9215, 36006, 4897, 3381, 3906, 5282]
Loop 799 [53981, 4011, 8743, 35809, 4693, 3357, 3242, 5232]
Loop 800 [64988, 5826, 10693, 42777, 6403, 3527, 4042, 5365]
Loop 801 [53834, 4876, 8996, 34198, 4834, 2972, 2643, 5571]
Loop 802 [52203, 4414, 8982, 33155, 5054, 2783, 2761, 5453]
Loop 803 [47961, 3701, 8338, 30626, 4745, 2960, 2830, 5110]
Loop 804 [52904, 4699, 8884, 33296, 5091, 2422, 2514, 5409]
Loop 805 [51960, 4485, 8934, 33094, 5151, 2998, 2666, 5196]
Loop 806 [53628, 4883, 9064, 33537, 4850, 3000, 3257, 5932]
Loop 807 [52244, 4336, 8590, 33359, 4949, 3070, 3129, 5719]
Loop 808 [54660, 5381, 9902, 33892, 4857, 3415, 3090, 5308]
Loop 809 [54898, 3909, 11077, 34399, 5009, 3312, 3401, 5307]
Loop 810 [50168, 4187, 8363, 32324, 4527, 3128, 3282, 5113]
Loop 811 [50370, 3955, 8957, 31979, 4610, 2893, 2731, 5277]
Loop 812 [50419, 4565, 8548, 31829, 4105, 3073, 2627, 5273]
Loop 813 [52274, 4221, 9751, 32766, 5236, 3795, 2550, 5339]
Loop 814 [48216, 4051, 7906, 30840, 4494, 2820, 3584, 5233]
Loop 815 [48486, 3899, 8482, 30774, 4373, 3180, 3759, 5136]
Loop 816 [55953, 3947, 8694, 36603, 4936, 4247, 3315, 6494]
Loop 817 [51160, 4440, 8628, 32436, 4930, 3294, 3159, 5463]
Loop 818 [46559, 3675, 8046, 29105, 4079, 3570, 2782, 5482]
Loop 819 [50034, 4330, 9169, 31097, 4764, 3235, 2514, 5251]
Loop 820 [45736, 3709, 8308, 28493, 4141, 2900, 2493, 5012]
Loop 821 [48306, 3995, 8491, 30348, 4757, 3213, 2244, 5225]
Loop 822 [111452, 4619, 8942, 91297, 57260, 9904, 2963, 6249]
Loop 823 [50696, 4680, 9143, 31645, 4684, 3178, 3207, 5020]
Loop 824 [48295, 3801, 8900, 30153, 4936, 3032, 3923, 5239]
Loop 825 [48797, 3898, 7826, 31809, 4852, 3031, 3063, 5082]
Loop 826 [45393, 3704, 7813, 28469, 4452, 3238, 3034, 5205]
Loop 827 [46411, 3738, 8417, 28827, 4355, 3166, 3287, 5246]
Loop 828 [48657, 3885, 8794, 30438, 4977, 3059, 2581, 5316]
Loop 829 [45118, 3881, 7907, 27814, 4978, 2334, 2507, 5317]
Loop 830 [45497, 3851, 7644, 28395, 4868, 2469, 3009, 5336]
Loop 831 [48090, 3997, 8182, 30344, 4699, 3213, 2361, 5384]
Loop 832 [44675, 3616, 7409, 27899, 4359, 2789, 2484, 5522]
Loop 833 [45159, 3736, 7331, 28498, 4258, 2488, 3090, 5381]
Loop 834 [47128, 3712, 7799, 29995, 4622, 2801, 3022, 5441]
Loop 835 [46229, 3791, 9292, 28069, 4247, 2777, 3314, 4878]
Loop 836 [45426, 3842, 7714, 28525, 4572, 2956, 3419, 5155]
Loop 837 [49097, 3871, 9257, 30635, 4695, 2839, 3025, 5142]
Loop 838 [45232, 3934, 7886, 28160, 4366, 3465, 2607, 5072]
Loop 839 [44716, 3680, 8666, 27006, 4026, 3257, 2303, 5165]
Loop 840 [47012, 3731, 8416, 29505, 4188, 3206, 2598, 5173]
Loop 841 [45895, 3854, 8324, 28300, 4923, 3163, 2234, 5230]
Loop 842 [43788, 3695, 7660, 26985, 4550, 3104, 2344, 5250]
Loop 843 [48654, 4266, 7853, 29852, 4832, 3489, 2263, 6396]
Loop 844 [45309, 4139, 8362, 27344, 4095, 3154, 2828, 5242]
Loop 845 [45225, 4047, 8319, 27666, 4605, 3403, 2364, 5003]
Loop 846 [47461, 3886, 8568, 29485, 4304, 2682, 3118, 5331]
Loop 847 [44582, 3915, 8204, 27294, 4947, 2796, 2287, 4977]
Loop 848 [43773, 3712, 7940, 26768, 4665, 3007, 2200, 5134]
Loop 849 [46695, 3899, 8115, 29083, 4649, 3324, 2197, 5372]
Loop 850 [46348, 4106, 8916, 27742, 4449, 3525, 3172, 5396]
Loop 851 [45394, 3681, 8788, 27573, 4551, 3124, 2835, 5169]
Loop 852 [47469, 3780, 8870, 29416, 4727, 3180, 2790, 5198]
Loop 853 [49199, 4879, 9953, 28699, 5000, 3073, 2418, 5387]
Loop 854 [44908, 4272, 9239, 25986, 4222, 2662, 2307, 5172]
Loop 855 [46544, 3730, 8992, 28400, 4603, 2989, 2461, 5226]
Loop 856 [46225, 4048, 9117, 27568, 4751, 3503, 2646, 5242]
Loop 857 [48960, 4169, 8245, 30995, 4623, 2771, 2221, 5354]
Loop 858 [47621, 4610, 8640, 29039, 4465, 3096, 2555, 5117]
Loop 859 [43542, 3860, 7600, 26600, 4847, 2528, 2448, 5294]
Loop 860 [43425, 3894, 7304, 26924, 4683, 3353, 2309, 5104]
Loop 861 [46578, 3735, 8406, 28868, 4668, 3320, 2258, 5371]
Loop 862 [44069, 3794, 8288, 26193, 4109, 2606, 2504, 5599]
Loop 863 [44223, 3684, 8131, 26925, 4315, 3394, 2508, 5272]
Loop 864 [46263, 3821, 7850, 29349, 4621, 3162, 3057, 5040]
Loop 865 [43534, 4008, 8522, 25675, 3849, 2710, 2506, 4931]
Loop 866 [42481, 3824, 7358, 26055, 3830, 3109, 2302, 5064]
Loop 867 [46488, 3833, 8461, 28834, 4571, 3263, 2270, 5158]
Loop 868 [43658, 3720, 7555, 26959, 5077, 2816, 2246, 5234]
Loop 869 [43251, 3766, 7711, 26508, 4905, 2724, 2226, 5052]
Loop 870 [46128, 3974, 7873, 28605, 5284, 2340, 2280, 5417]
Loop 871 [44317, 3993, 7777, 27215, 5110, 3252, 2169, 5139]
Loop 872 [47170, 4447, 9093, 27912, 4706, 2130, 2932, 5532]
Loop 873 [48385, 4612, 9584, 28546, 4764, 2549, 3012, 5453]
Loop 874 [45096, 3751, 8022, 27960, 4300, 2607, 2732, 5166]
Loop 875 [45037, 3802, 8345, 27608, 4926, 3585, 2427, 5096]
Loop 876 [46068, 3940, 8156, 28448, 4153, 3533, 2235, 5321]
Loop 877 [45727, 3827, 7694, 28672, 4842, 3412, 2244, 5314]
Loop 878 [43322, 3839, 7647, 26560, 4879, 2971, 2237, 5060]
Loop 879 [47182, 4070, 8200, 29240, 4755, 3425, 2607, 5490]
Loop 880 [44236, 3750, 8188, 26800, 4656, 2899, 2564, 5296]
Loop 881 [47628, 4653, 8287, 28897, 4357, 3032, 2742, 5592]
Loop 882 [48034, 4458, 8577, 29214, 5488, 2709, 2927, 5573]
Loop 883 [46230, 4733, 8750, 27105, 4594, 3261, 2941, 5386]
Loop 884 [46919, 4711, 9493, 27154, 4728, 2731, 2899, 5346]
Loop 885 [48079, 4341, 8664, 29700, 4691, 3431, 2940, 5130]
Loop 886 [45044, 4832, 8507, 26262, 4421, 3142, 2296, 5231]
Loop 887 [42552, 3768, 7793, 25659, 3887, 2721, 2303, 5112]
Loop 888 [45262, 4073, 8133, 27725, 3940, 2748, 2450, 5110]
Loop 889 [47143, 3875, 7662, 30329, 3940, 3157, 2249, 5090]
Loop 890 [43943, 3661, 7582, 27125, 4292, 2907, 3186, 5379]
Loop 891 [45313, 3965, 7584, 28370, 4684, 3003, 2247, 5211]
Loop 892 [42117, 3743, 7063, 25855, 4533, 2284, 2364, 5257]
Loop 893 [42641, 3781, 8169, 25344, 4136, 2611, 2279, 5124]
Loop 894 [44962, 4248, 7462, 27790, 4509, 2534, 2462, 5259]
Loop 895 [42586, 3747, 7278, 26313, 4854, 2344, 2221, 5061]
Loop 896 [43776, 3826, 7649, 26686, 4717, 3097, 2263, 5402]
Loop 897 [46548, 4099, 7742, 28881, 4746, 2933, 2709, 5559]
Loop 898 [44637, 4132, 7526, 27445, 4507, 2577, 3648, 5351]
Loop 899 [43181, 3678, 7216, 27241, 4692, 3077, 2908, 4859]
Loop 900 [45193, 3723, 7227, 28945, 4689, 3000, 2895, 5109]
Loop 901 [44678, 4495, 8047, 26713, 5232, 3119, 2210, 5215]
Loop 902 [43528, 3790, 7606, 26486, 5058, 2576, 2277, 5464]
Loop 903 [45795, 3702, 8002, 28560, 4515, 3433, 2204, 5335]
Loop 904 [43029, 3673, 7362, 26686, 4704, 2202, 3058, 5125]
Loop 905 [44975, 3691, 8680, 27121, 4659, 3106, 2722, 5276]
Loop 906 [46697, 3903, 7613, 29462, 4761, 3475, 2762, 5531]
Loop 907 [45436, 3785, 7142, 29095, 4506, 3091, 3446, 5179]
Loop 908 [44849, 4129, 8016, 27317, 4557, 3690, 2360, 5192]
Loop 909 [45379, 3774, 7486, 28773, 4634, 3371, 2280, 5119]
Loop 910 [42744, 3665, 8134, 25689, 3979, 2769, 2268, 5068]
Loop 911 [42985, 3669, 7541, 26350, 4170, 2926, 2337, 5201]
Loop 912 [48414, 4268, 7292, 31508, 4409, 3336, 2255, 5155]
Loop 913 [43901, 3575, 7901, 27000, 4712, 3456, 2235, 5212]
Loop 914 [42807, 3588, 7576, 26347, 4931, 2330, 2468, 5103]
Loop 915 [46705, 4078, 8119, 28762, 4737, 3394, 2329, 5552]
Loop 916 [43829, 3632, 7528, 26859, 4485, 3013, 2555, 5619]
Loop 917 [44172, 3896, 7546, 27213, 4381, 2886, 3015, 5298]
Loop 918 [57443, 3740, 19410, 28843, 4836, 2817, 2927, 5246]
Loop 919 [44304, 3780, 8182, 27005, 4254, 3110, 2959, 5112]
Loop 920 [44471, 3608, 8285, 27477, 4783, 3015, 3036, 4909]
Loop 921 [55776, 3967, 17559, 28911, 4532, 2722, 2858, 5118]
Loop 922 [42698, 3819, 7063, 26734, 4341, 2889, 2958, 4892]
Loop 923 [43388, 3634, 7741, 26785, 4012, 2957, 3080, 5017]
Loop 924 [46571, 4005, 8040, 29236, 4692, 2840, 3366, 5061]
Loop 925 [44772, 4139, 8329, 27058, 4741, 2728, 2780, 5065]
Loop 926 [43669, 3649, 8125, 26541, 4294, 2895, 2749, 5140]
Loop 927 [58354, 3900, 20293, 28833, 4410, 2920, 2570, 5134]
Loop 928 [43700, 3943, 8136, 26202, 3555, 2576, 2486, 5207]
Loop 929 [44803, 4168, 7851, 26917, 4723, 3163, 2462, 5664]
Loop 930 [45575, 3834, 7576, 28704, 4293, 2851, 2672, 5268]
Loop 931 [44375, 3682, 7834, 27495, 4596, 3318, 2868, 5183]
Loop 932 [43140, 3503, 7095, 27150, 4330, 2905, 3036, 5201]
Loop 933 [56513, 3719, 17703, 29767, 4620, 3281, 2982, 5132]
Loop 934 [43603, 3837, 7406, 26864, 4242, 2801, 3235, 5288]
Loop 935 [46535, 3771, 7327, 30208, 4532, 3089, 2815, 5027]
Loop 936 [58671, 4925, 18692, 29511, 5296, 2915, 2692, 5313]
Loop 937 [43791, 3846, 8268, 26292, 3825, 3059, 2772, 5169]
Loop 938 [42415, 3651, 6720, 26541, 3991, 3363, 2361, 5276]
Loop 939 [57494, 4596, 17652, 29795, 4622, 3913, 2527, 5251]
Loop 940 [43115, 3758, 6960, 26824, 3901, 3653, 2382, 5377]
Loop 941 [43435, 3703, 7357, 26925, 4483, 3453, 2240, 5245]
Loop 942 [56176, 4030, 18195, 28627, 4276, 3654, 2319, 5128]
Loop 943 [43197, 3768, 7263, 26976, 4336, 3562, 2274, 4994]
Loop 944 [44470, 4069, 7558, 27180, 4320, 2767, 3684, 5464]
Loop 945 [46565, 4061, 7900, 29411, 4543, 2361, 3741, 5003]
Loop 946 [43852, 3888, 7774, 26961, 4351, 2913, 3096, 5044]
Loop 947 [43886, 3681, 8093, 26818, 4208, 2843, 2995, 5075]
Loop 948 [46451, 3741, 8311, 29013, 4669, 3329, 2440, 5179]
Loop 949 [43578, 3828, 7900, 26451, 4025, 3019, 2778, 5215]
Loop 950 [43219, 3755, 7840, 26413, 4108, 3355, 2336, 5024]
Loop 951 [46681, 4231, 8203, 28739, 4827, 3209, 2299, 5320]
Loop 952 [44131, 3627, 7435, 27341, 4805, 3419, 2588, 5467]
Loop 953 [44407, 4297, 7292, 26968, 4398, 3262, 2671, 5659]
Loop 954 [45787, 4021, 7969, 28635, 4706, 2766, 2788, 4961]
Loop 955 [44621, 3726, 8181, 27607, 4641, 3154, 2922, 4924]
Loop 956 [43894, 3719, 7929, 27227, 4371, 2973, 3305, 4825]
Loop 957 [44990, 3701, 6880, 29188, 4930, 2919, 2854, 5042]
Loop 958 [42423, 4014, 7452, 25658, 3862, 2809, 2447, 5103]
Loop 959 [43282, 3674, 7445, 26611, 4381, 2914, 2633, 5368]
Loop 960 [46651, 4021, 8284, 28652, 4758, 3226, 2284, 5488]
Loop 961 [42377, 3618, 7174, 26335, 4651, 2389, 2782, 5036]
Loop 962 [43569, 3543, 7719, 26870, 4504, 3065, 2562, 5252]
Loop 963 [45173, 3692, 7367, 28386, 4609, 3174, 2197, 5526]
Loop 964 [42119, 3598, 6826, 26256, 4443, 2420, 2783, 5236]
Loop 965 [43845, 3783, 7209, 27572, 4792, 3174, 3002, 5089]
Loop 966 [55663, 3661, 17113, 29374, 4990, 2597, 2958, 5287]
Loop 967 [44216, 4093, 7540, 27325, 4414, 3122, 3056, 5073]
Loop 968 [42947, 3603, 7474, 26467, 4370, 2634, 2865, 5216]
Loop 969 [65070, 4011, 27285, 28389, 4533, 2525, 2684, 5173]
Loop 970 [42981, 3838, 7326, 26396, 4349, 2957, 2434, 5239]
Loop 971 [47800, 3705, 6635, 31854, 9400, 3669, 2230, 5404]
Loop 972 [57254, 4164, 18072, 29511, 4904, 3139, 2655, 5299]
Loop 973 [44240, 3970, 8223, 26665, 4479, 3130, 2346, 5179]
Loop 974 [42834, 3662, 7468, 26069, 4182, 2819, 2545, 5362]
Loop 975 [56355, 3941, 17584, 29473, 4660, 3156, 2327, 5168]
Loop 976 [43383, 3791, 7619, 26769, 4608, 3319, 2278, 5023]
Loop 977 [42970, 3614, 7377, 26734, 4841, 3135, 2221, 5034]
Loop 978 [56208, 3767, 18287, 28932, 4919, 2998, 2274, 5036]
Loop 979 [43895, 3917, 7334, 27263, 5201, 3152, 2248, 5147]
Loop 980 [44710, 4212, 8160, 26776, 4498, 3264, 2479, 5376]
Loop 981 [55944, 3816, 17663, 28936, 4733, 3034, 2563, 5349]
Loop 982 [42145, 3651, 7510, 25845, 3968, 2626, 2227, 4936]
Loop 983 [41988, 3748, 7317, 25758, 3834, 2528, 2371, 4992]
Loop 984 [57184, 3848, 18719, 29252, 4615, 2548, 3327, 5182]
Loop 985 [43091, 3644, 7729, 26397, 4314, 2581, 2603, 5114]
Loop 986 [43408, 3702, 7645, 26669, 4444, 2697, 2575, 5172]
Loop 987 [55394, 4595, 17186, 27910, 4203, 2623, 2471, 5505]
Loop 988 [42684, 3769, 7510, 26180, 4087, 2548, 2716, 5030]
Loop 989 [42242, 3653, 7013, 26401, 4041, 2975, 2539, 4980]
Loop 990 [58493, 3986, 20286, 29079, 4243, 2704, 2945, 4937]
Loop 991 [42645, 4028, 7027, 26359, 4040, 2575, 3008, 5045]
Loop 992 [42430, 3694, 7491, 25982, 3988, 2575, 2462, 5073]
Loop 993 [60751, 4214, 22195, 28643, 4286, 2816, 2752, 5456]
Loop 994 [43012, 4644, 7109, 25925, 4036, 2826, 2444, 5147]
Loop 995 [43373, 4055, 7713, 26383, 4202, 2920, 2610, 5010]
Loop 996 [56124, 3854, 18252, 28559, 4361, 2649, 2703, 5259]
Loop 997 [43157, 3817, 7641, 26391, 4868, 2385, 2345, 5109]
Loop 998 [44803, 4273, 7839, 27324, 5077, 2477, 2668, 5178]
Loop 999 [55456, 4069, 17591, 28335, 4449, 2490, 2862, 5254]
replicas primary file /tmp65536microec.dat capacity 16384
replicas slave file /tmp65536microec.datLQL0 capacity 16384
replicas slave file /tmp65536microec.datLQL1 capacity 16384
replicas slave file /tmp65536microec.datLQL2 capacity 16384
replicas slave file /tmp65536microec.datLQL3 capacity 16384
replicas slave file /tmp65536microec.datLQL4 capacity 16384
