writeECPipeline, filename /tmp67108864eccache.dat, size 67108864, encodingSplitSize 16777216, loop 1000, storageClass 0, locationClass 0, pureMonECSubStripeNum 1, isPureMonEC false
MicroEC Coding Ready

starting benchmark...
CrailConstants.REPLICATION_FACTOR has changed to 5
replicas primary file /tmp67108864eccache.dat capacity 0
replicas slave file /tmp67108864eccache.datLQL0 capacity 0
replicas slave file /tmp67108864eccache.datLQL1 capacity 0
replicas slave file /tmp67108864eccache.datLQL2 capacity 0
replicas slave file /tmp67108864eccache.datLQL3 capacity 0
replicas slave file /tmp67108864eccache.datLQL4 capacity 0
ops 1000
final loop (us) 35920.238
Loop 0 (us) 35440.98
Loop 1 (us) 35694.794
Loop 2 (us) 35377.603
Loop 3 (us) 35089.832
Loop 4 (us) 35556.277
Loop 5 (us) 28518.716
Loop 6 (us) 35570.627
Loop 7 (us) 27862.659
Loop 8 (us) 35185.581
Loop 9 (us) 28197.891
Loop 10 (us) 35510.163
Loop 11 (us) 35919.332
Loop 12 (us) 35880.109
Loop 13 (us) 35815.152
Loop 14 (us) 35979.689
Loop 15 (us) 35831.684
Loop 16 (us) 35943.359
Loop 17 (us) 35960.833
Loop 18 (us) 37605.299
Loop 19 (us) 35752.096
Loop 20 (us) 36034.765
Loop 21 (us) 35792.132
Loop 22 (us) 36172.459
Loop 23 (us) 35950.911
Loop 24 (us) 35228.901
Loop 25 (us) 28676.829
Loop 26 (us) 35970.759
Loop 27 (us) 35786.451
Loop 28 (us) 35785.359
Loop 29 (us) 35574.639
Loop 30 (us) 35832.495
Loop 31 (us) 35400.273
Loop 32 (us) 35826.001
Loop 33 (us) 35909.735
Loop 34 (us) 35804.813
Loop 35 (us) 28182.58
Loop 36 (us) 28186.147
Loop 37 (us) 35809.546
Loop 38 (us) 35986.715
Loop 39 (us) 35971.902
Loop 40 (us) 35828.079
Loop 41 (us) 35973.775
Loop 42 (us) 35992.578
Loop 43 (us) 38479.979
Loop 44 (us) 35927.395
Loop 45 (us) 36023.784
Loop 46 (us) 35885.472
Loop 47 (us) 35751.994
Loop 48 (us) 35443.402
Loop 49 (us) 35786.349
Loop 50 (us) 35863.671
Loop 51 (us) 35516.931
Loop 52 (us) 28801.291
Loop 53 (us) 35989.786
Loop 54 (us) 35548.3
Loop 55 (us) 35583.9
Loop 56 (us) 28210.224
Loop 57 (us) 35887.122
Loop 58 (us) 35931.433
Loop 59 (us) 28729.441
Loop 60 (us) 35971.447
Loop 61 (us) 28198.51
Loop 62 (us) 35539.349
Loop 63 (us) 35509.315
Loop 64 (us) 35791.006
Loop 65 (us) 35943.322
Loop 66 (us) 35953.981
Loop 67 (us) 28726.356
Loop 68 (us) 29225.35
Loop 69 (us) 35958.683
Loop 70 (us) 35585.128
Loop 71 (us) 51033.876
Loop 72 (us) 35847.701
Loop 73 (us) 35943.867
Loop 74 (us) 36111.686
Loop 75 (us) 36058.428
Loop 76 (us) 35716.461
Loop 77 (us) 35971.906
Loop 78 (us) 28627.698
Loop 79 (us) 36010.9
Loop 80 (us) 35993.363
Loop 81 (us) 35868.502
Loop 82 (us) 35981.417
Loop 83 (us) 28750.825
Loop 84 (us) 35904.41
Loop 85 (us) 35538.745
Loop 86 (us) 34589.559
Loop 87 (us) 35577.722
Loop 88 (us) 35919.514
Loop 89 (us) 35963.205
Loop 90 (us) 35906.875
Loop 91 (us) 28143.017
Loop 92 (us) 35543.677
Loop 93 (us) 35533.375
Loop 94 (us) 38958.676
Loop 95 (us) 35978.842
Loop 96 (us) 35830.999
Loop 97 (us) 35864.099
Loop 98 (us) 35910.223
Loop 99 (us) 35203.234
Loop 100 (us) 35748.743
Loop 101 (us) 35955.952
Loop 102 (us) 35549.884
Loop 103 (us) 35029.184
Loop 104 (us) 35949.968
Loop 105 (us) 28792.969
Loop 106 (us) 35880.704
Loop 107 (us) 28214.831
Loop 108 (us) 28188.381
Loop 109 (us) 35575.383
Loop 110 (us) 35932.721
Loop 111 (us) 28605.526
Loop 112 (us) 35970.485
Loop 113 (us) 36151.074
Loop 114 (us) 35841.06
Loop 115 (us) 35507.203
Loop 116 (us) 60362.764
Loop 117 (us) 28620.874
Loop 118 (us) 35948.898
Loop 119 (us) 35975.051
Loop 120 (us) 36046.623
Loop 121 (us) 35864.19
Loop 122 (us) 28737.125
Loop 123 (us) 35767.241
Loop 124 (us) 34811.112
Loop 125 (us) 35854.339
Loop 126 (us) 28181.09
Loop 127 (us) 35524.513
Loop 128 (us) 35959.13
Loop 129 (us) 28638.228
Loop 130 (us) 35885.464
Loop 131 (us) 28189.72
Loop 132 (us) 35546.336
Loop 133 (us) 35934.989
Loop 134 (us) 35920.471
Loop 135 (us) 35511.795
Loop 136 (us) 35939.734
Loop 137 (us) 35812.044
Loop 138 (us) 35756.229
Loop 139 (us) 35906.164
Loop 140 (us) 35864.074
Loop 141 (us) 35708.385
Loop 142 (us) 35866.675
Loop 143 (us) 28159.458
Loop 144 (us) 35648.674
Loop 145 (us) 28758.188
Loop 146 (us) 28633.507
Loop 147 (us) 28658.686
Loop 148 (us) 36020.813
Loop 149 (us) 34923.708
Loop 150 (us) 35982.257
Loop 151 (us) 35628.939
Loop 152 (us) 60258.781
Loop 153 (us) 28770.088
Loop 154 (us) 35940.894
Loop 155 (us) 35845.153
Loop 156 (us) 28761.723
Loop 157 (us) 35890.052
Loop 158 (us) 35606.366
Loop 159 (us) 35537.942
Loop 160 (us) 35870.088
Loop 161 (us) 35946.058
Loop 162 (us) 35994.257
Loop 163 (us) 35549.675
Loop 164 (us) 34978.845
Loop 165 (us) 35869.343
Loop 166 (us) 35949.025
Loop 167 (us) 35940.979
Loop 168 (us) 35858.97
Loop 169 (us) 35950.147
Loop 170 (us) 28726.449
Loop 171 (us) 36068.267
Loop 172 (us) 35976.832
Loop 173 (us) 35311.352
Loop 174 (us) 35972.903
Loop 175 (us) 35936.981
Loop 176 (us) 35211.315
Loop 177 (us) 35883.66
Loop 178 (us) 35770.027
Loop 179 (us) 35880.569
Loop 180 (us) 35845.434
Loop 181 (us) 28719.191
Loop 182 (us) 61883.349
Loop 183 (us) 35958.119
Loop 184 (us) 34936.891
Loop 185 (us) 36088.055
Loop 186 (us) 28782.585
Loop 187 (us) 36252.507
Loop 188 (us) 35936.79
Loop 189 (us) 28191.525
Loop 190 (us) 28149.217
Loop 191 (us) 35853.437
Loop 192 (us) 35913.916
Loop 193 (us) 35979.304
Loop 194 (us) 35923.171
Loop 195 (us) 28202.312
Loop 196 (us) 34943.835
Loop 197 (us) 35901.202
Loop 198 (us) 28666.083
Loop 199 (us) 35852.69
Loop 200 (us) 29030.884
Loop 201 (us) 28145.577
Loop 202 (us) 35854.355
Loop 203 (us) 35963.765
Loop 204 (us) 37247.618
Loop 205 (us) 35526.016
Loop 206 (us) 35935.793
Loop 207 (us) 28186.955
Loop 208 (us) 35676.486
Loop 209 (us) 28754.356
Loop 210 (us) 35897.729
Loop 211 (us) 35783.402
Loop 212 (us) 35899.019
Loop 213 (us) 35989.49
Loop 214 (us) 35817.023
Loop 215 (us) 35980.472
Loop 216 (us) 35765.455
Loop 217 (us) 35910.422
Loop 218 (us) 35836.337
Loop 219 (us) 35863.37
Loop 220 (us) 35872.914
Loop 221 (us) 35864.573
Loop 222 (us) 35817.417
Loop 223 (us) 35737.878
Loop 224 (us) 36279.42
Loop 225 (us) 35594.107
Loop 226 (us) 35930.846
Loop 227 (us) 35802.535
Loop 228 (us) 28124.014
Loop 229 (us) 35597.376
Loop 230 (us) 35534.02
Loop 231 (us) 28162.395
Loop 232 (us) 40406.544
Loop 233 (us) 35962.401
Loop 234 (us) 35790.95
Loop 235 (us) 35527.424
Loop 236 (us) 28226.03
Loop 237 (us) 35864.525
Loop 238 (us) 35973.957
Loop 239 (us) 28590.36
Loop 240 (us) 35867.046
Loop 241 (us) 35868.612
Loop 242 (us) 35916.732
Loop 243 (us) 35795.552
Loop 244 (us) 35986.997
Loop 245 (us) 35881.256
Loop 246 (us) 34803.938
Loop 247 (us) 35906.875
Loop 248 (us) 35754.023
Loop 249 (us) 35828.89
Loop 250 (us) 35813.267
Loop 251 (us) 35759.477
Loop 252 (us) 28717.449
Loop 253 (us) 35927.567
Loop 254 (us) 35797.397
Loop 255 (us) 35983.136
Loop 256 (us) 35881.15
Loop 257 (us) 35849.262
Loop 258 (us) 35802.351
Loop 259 (us) 35904.03
Loop 260 (us) 35757.076
Loop 261 (us) 35881.906
Loop 262 (us) 28138.923
Loop 263 (us) 29022.622
Loop 264 (us) 28178.587
Loop 265 (us) 35876.283
Loop 266 (us) 28568.805
Loop 267 (us) 28682.733
Loop 268 (us) 35959.349
Loop 269 (us) 28630.447
Loop 270 (us) 35952.699
Loop 271 (us) 35784.525
Loop 272 (us) 28717.777
Loop 273 (us) 35926.116
Loop 274 (us) 35808.929
Loop 275 (us) 35859.982
Loop 276 (us) 28236.607
Loop 277 (us) 35869.869
Loop 278 (us) 35807.732
Loop 279 (us) 35872.901
Loop 280 (us) 35914.648
Loop 281 (us) 35883.431
Loop 282 (us) 28142.616
Loop 283 (us) 28226.788
Loop 284 (us) 35549.977
Loop 285 (us) 35801.055
Loop 286 (us) 28638.033
Loop 287 (us) 35898.336
Loop 288 (us) 35880.892
Loop 289 (us) 28217.875
Loop 290 (us) 35923.364
Loop 291 (us) 35891.532
Loop 292 (us) 28593.942
Loop 293 (us) 28760.642
Loop 294 (us) 35979.475
Loop 295 (us) 35911.917
Loop 296 (us) 35766.744
Loop 297 (us) 35950.538
Loop 298 (us) 34693.274
Loop 299 (us) 35494.125
Loop 300 (us) 35773.963
Loop 301 (us) 35882.247
Loop 302 (us) 35850.213
Loop 303 (us) 35494.72
Loop 304 (us) 35029.811
Loop 305 (us) 35957.011
Loop 306 (us) 35688.555
Loop 307 (us) 34867.54
Loop 308 (us) 35864.853
Loop 309 (us) 35917.593
Loop 310 (us) 35474.162
Loop 311 (us) 63012.603
Loop 312 (us) 35703.4
Loop 313 (us) 35898.636
Loop 314 (us) 35814.211
Loop 315 (us) 35802.707
Loop 316 (us) 35858.005
Loop 317 (us) 35964.691
Loop 318 (us) 35810.165
Loop 319 (us) 35948.906
Loop 320 (us) 35548.814
Loop 321 (us) 35815.724
Loop 322 (us) 35940.083
Loop 323 (us) 35800.894
Loop 324 (us) 35903.322
Loop 325 (us) 35970.733
Loop 326 (us) 35928.565
Loop 327 (us) 35527.725
Loop 328 (us) 35500.528
Loop 329 (us) 35777.805
Loop 330 (us) 35306.248
Loop 331 (us) 35520.693
Loop 332 (us) 36708.178
Loop 333 (us) 35850.005
Loop 334 (us) 35958.788
Loop 335 (us) 28606.738
Loop 336 (us) 28610.577
Loop 337 (us) 35933.853
Loop 338 (us) 28780.833
Loop 339 (us) 36021.441
Loop 340 (us) 35797.829
Loop 341 (us) 35873.07
Loop 342 (us) 28746.692
Loop 343 (us) 36000.4
Loop 344 (us) 35771.255
Loop 345 (us) 35963.398
Loop 346 (us) 35806.329
Loop 347 (us) 35847.639
Loop 348 (us) 35577.993
Loop 349 (us) 35582.228
Loop 350 (us) 35105.859
Loop 351 (us) 35760.904
Loop 352 (us) 35896.445
Loop 353 (us) 28586.28
Loop 354 (us) 35993.011
Loop 355 (us) 35951.701
Loop 356 (us) 28649.565
Loop 357 (us) 36131.703
Loop 358 (us) 35941.271
Loop 359 (us) 36024.1
Loop 360 (us) 35847.161
Loop 361 (us) 35798.329
Loop 362 (us) 38338.914
Loop 363 (us) 28681.792
Loop 364 (us) 35886.673
Loop 365 (us) 35913.609
Loop 366 (us) 35690.453
Loop 367 (us) 35874.222
Loop 368 (us) 28754.14
Loop 369 (us) 35912.236
Loop 370 (us) 35529.264
Loop 371 (us) 35496.6
Loop 372 (us) 28756.323
Loop 373 (us) 35874.953
Loop 374 (us) 35922.254
Loop 375 (us) 35908.348
Loop 376 (us) 35631.017
Loop 377 (us) 36061.981
Loop 378 (us) 52222.562
Loop 379 (us) 28169.949
Loop 380 (us) 35755.699
Loop 381 (us) 28793.905
Loop 382 (us) 35878.643
Loop 383 (us) 35507.556
Loop 384 (us) 35770.983
Loop 385 (us) 35955.77
Loop 386 (us) 35944.942
Loop 387 (us) 35950.315
Loop 388 (us) 35964.841
Loop 389 (us) 28244.963
Loop 390 (us) 35554.001
Loop 391 (us) 35773.028
Loop 392 (us) 35847.714
Loop 393 (us) 28169.266
Loop 394 (us) 35649.329
Loop 395 (us) 35941.699
Loop 396 (us) 35932.698
Loop 397 (us) 35626.977
Loop 398 (us) 35612.486
Loop 399 (us) 35843.165
Loop 400 (us) 35979.53
Loop 401 (us) 35548.739
Loop 402 (us) 35757.955
Loop 403 (us) 35861.446
Loop 404 (us) 35796.107
Loop 405 (us) 49946.439
Loop 406 (us) 35599.092
Loop 407 (us) 35759.083
Loop 408 (us) 35422.552
Loop 409 (us) 35801.498
Loop 410 (us) 35909.157
Loop 411 (us) 35213.156
Loop 412 (us) 35948.006
Loop 413 (us) 35518.998
Loop 414 (us) 35749.111
Loop 415 (us) 35906.6
Loop 416 (us) 35499.865
Loop 417 (us) 28232.244
Loop 418 (us) 35587.601
Loop 419 (us) 35798.467
Loop 420 (us) 35895.301
Loop 421 (us) 39518.882
Loop 422 (us) 35923.283
Loop 423 (us) 28887.079
Loop 424 (us) 35973.383
Loop 425 (us) 35725.631
Loop 426 (us) 28187.073
Loop 427 (us) 35861.231
Loop 428 (us) 35312.199
Loop 429 (us) 35779.216
Loop 430 (us) 35351.307
Loop 431 (us) 35638.32
Loop 432 (us) 35936.788
Loop 433 (us) 35531.52
Loop 434 (us) 28167.279
Loop 435 (us) 35507.482
Loop 436 (us) 35945.426
Loop 437 (us) 28668.392
Loop 438 (us) 35871.559
Loop 439 (us) 28168.824
Loop 440 (us) 35603.862
Loop 441 (us) 28198.455
Loop 442 (us) 35741.53
Loop 443 (us) 35875.589
Loop 444 (us) 35962.404
Loop 445 (us) 35898.998
Loop 446 (us) 35854.556
Loop 447 (us) 39153.766
Loop 448 (us) 35794.709
Loop 449 (us) 28694.229
Loop 450 (us) 35909.107
Loop 451 (us) 28796.554
Loop 452 (us) 35916.836
Loop 453 (us) 36033.827
Loop 454 (us) 36050.399
Loop 455 (us) 35031.98
Loop 456 (us) 36074.44
Loop 457 (us) 35990.616
Loop 458 (us) 35863.946
Loop 459 (us) 35942.395
Loop 460 (us) 35523.783
Loop 461 (us) 35940.923
Loop 462 (us) 35876.568
Loop 463 (us) 35782.229
Loop 464 (us) 35901.657
Loop 465 (us) 35216.146
Loop 466 (us) 35767.594
Loop 467 (us) 35778.513
Loop 468 (us) 37407.191
Loop 469 (us) 35749.655
Loop 470 (us) 35932.7
Loop 471 (us) 35857.544
Loop 472 (us) 32277.068
Loop 473 (us) 35678.949
Loop 474 (us) 28232.045
Loop 475 (us) 35571.501
Loop 476 (us) 35877.969
Loop 477 (us) 35925.218
Loop 478 (us) 28214.253
Loop 479 (us) 35483.441
Loop 480 (us) 35799.733
Loop 481 (us) 35886.637
Loop 482 (us) 35905.962
Loop 483 (us) 35689.911
Loop 484 (us) 37875.001
Loop 485 (us) 44158.494
Loop 486 (us) 35589.783
Loop 487 (us) 28259.585
Loop 488 (us) 35813.743
Loop 489 (us) 35891.143
Loop 490 (us) 35959.182
Loop 491 (us) 35952.827
Loop 492 (us) 35491.447
Loop 493 (us) 28622.265
Loop 494 (us) 35862.845
Loop 495 (us) 35558.956
Loop 496 (us) 35506.739
Loop 497 (us) 35865.377
Loop 498 (us) 72894.106
Loop 499 (us) 35890.428
Loop 500 (us) 35447.533
Loop 501 (us) 35474.884
Loop 502 (us) 35479.287
Loop 503 (us) 42833.241
Loop 504 (us) 28299.491
Loop 505 (us) 35642.414
Loop 506 (us) 35901.054
Loop 507 (us) 35845.015
Loop 508 (us) 35328.241
Loop 509 (us) 35744.874
Loop 510 (us) 35784.812
Loop 511 (us) 35749.897
Loop 512 (us) 35692.812
Loop 513 (us) 35936.16
Loop 514 (us) 35896.165
Loop 515 (us) 35459.871
Loop 516 (us) 35557.463
Loop 517 (us) 35773.716
Loop 518 (us) 28587.982
Loop 519 (us) 28674.155
Loop 520 (us) 35933.662
Loop 521 (us) 28176.887
Loop 522 (us) 35919.337
Loop 523 (us) 35888.442
Loop 524 (us) 35501.284
Loop 525 (us) 28185.335
Loop 526 (us) 35832.18
Loop 527 (us) 35794.583
Loop 528 (us) 35561.432
Loop 529 (us) 35772.203
Loop 530 (us) 35923.73
Loop 531 (us) 28656.933
Loop 532 (us) 35875.615
Loop 533 (us) 35530.95
Loop 534 (us) 35354.963
Loop 535 (us) 28193.228
Loop 536 (us) 35632.629
Loop 537 (us) 28234.13
Loop 538 (us) 35690.062
Loop 539 (us) 35907.617
Loop 540 (us) 35892.578
Loop 541 (us) 35607.544
Loop 542 (us) 73177.631
Loop 543 (us) 28646.043
Loop 544 (us) 35935.449
Loop 545 (us) 35842.169
Loop 546 (us) 35796.491
Loop 547 (us) 35937.227
Loop 548 (us) 28182.495
Loop 549 (us) 35531.12
Loop 550 (us) 35778.756
Loop 551 (us) 35936.285
Loop 552 (us) 35965.495
Loop 553 (us) 35237.961
Loop 554 (us) 35895.654
Loop 555 (us) 28169.139
Loop 556 (us) 35513.651
Loop 557 (us) 35772.137
Loop 558 (us) 28557.482
Loop 559 (us) 35951.202
Loop 560 (us) 35889.817
Loop 561 (us) 35468.234
Loop 562 (us) 35734.641
Loop 563 (us) 35780.818
Loop 564 (us) 35802.252
Loop 565 (us) 35864.926
Loop 566 (us) 35784.746
Loop 567 (us) 28204.046
Loop 568 (us) 35574.317
Loop 569 (us) 35837.868
Loop 570 (us) 35844.047
Loop 571 (us) 30028.611
Loop 572 (us) 35931.069
Loop 573 (us) 35832.223
Loop 574 (us) 35879.131
Loop 575 (us) 35878.724
Loop 576 (us) 28136.067
Loop 577 (us) 28178.941
Loop 578 (us) 71730.613
Loop 579 (us) 28687.327
Loop 580 (us) 28624.049
Loop 581 (us) 35874.587
Loop 582 (us) 36823.773
Loop 583 (us) 28692.28
Loop 584 (us) 28706.165
Loop 585 (us) 35953.274
Loop 586 (us) 36030.524
Loop 587 (us) 36503.632
Loop 588 (us) 35833.164
Loop 589 (us) 35805.02
Loop 590 (us) 34647.287
Loop 591 (us) 35512.538
Loop 592 (us) 34947.995
Loop 593 (us) 35851.905
Loop 594 (us) 35804.548
Loop 595 (us) 35574.337
Loop 596 (us) 35731.626
Loop 597 (us) 28782.377
Loop 598 (us) 35886.373
Loop 599 (us) 28595.341
Loop 600 (us) 36088.833
Loop 601 (us) 61875.601
Loop 602 (us) 28900.47
Loop 603 (us) 35855.725
Loop 604 (us) 35706.985
Loop 605 (us) 28220.532
Loop 606 (us) 35810.119
Loop 607 (us) 35914.311
Loop 608 (us) 35887.484
Loop 609 (us) 35903.221
Loop 610 (us) 28137.174
Loop 611 (us) 28164.039
Loop 612 (us) 35551.301
Loop 613 (us) 35819.598
Loop 614 (us) 35827.309
Loop 615 (us) 35559.914
Loop 616 (us) 35867.791
Loop 617 (us) 35812.244
Loop 618 (us) 35815.443
Loop 619 (us) 35781.745
Loop 620 (us) 35863.323
Loop 621 (us) 35847.161
Loop 622 (us) 60664.642
Loop 623 (us) 35983.025
Loop 624 (us) 28191.351
Loop 625 (us) 35728.079
Loop 626 (us) 36002.547
Loop 627 (us) 35767.128
Loop 628 (us) 35826.222
Loop 629 (us) 36467.944
Loop 630 (us) 35901.637
Loop 631 (us) 35757.486
Loop 632 (us) 35920.899
Loop 633 (us) 35913.778
Loop 634 (us) 35912.418
Loop 635 (us) 35514.154
Loop 636 (us) 35760.984
Loop 637 (us) 28621.5
Loop 638 (us) 35877.608
Loop 639 (us) 35682.944
Loop 640 (us) 35804.429
Loop 641 (us) 35531.97
Loop 642 (us) 35173.365
Loop 643 (us) 36167.735
Loop 644 (us) 60757.495
Loop 645 (us) 34935.15
Loop 646 (us) 35914.413
Loop 647 (us) 36263.164
Loop 648 (us) 35841.514
Loop 649 (us) 35941.226
Loop 650 (us) 35740.889
Loop 651 (us) 35479.327
Loop 652 (us) 28651.564
Loop 653 (us) 35888.613
Loop 654 (us) 28617.985
Loop 655 (us) 35952.83
Loop 656 (us) 35700.295
Loop 657 (us) 35871.405
Loop 658 (us) 35897.506
Loop 659 (us) 35951.732
Loop 660 (us) 28615.943
Loop 661 (us) 36062.412
Loop 662 (us) 36024.404
Loop 663 (us) 28816.105
Loop 664 (us) 35953.137
Loop 665 (us) 35876.015
Loop 666 (us) 35806.644
Loop 667 (us) 28145.026
Loop 668 (us) 28211.796
Loop 669 (us) 35516.013
Loop 670 (us) 28314.362
Loop 671 (us) 35904.321
Loop 672 (us) 28612.672
Loop 673 (us) 35931.033
Loop 674 (us) 61947.434
Loop 675 (us) 28656.326
Loop 676 (us) 35943.846
Loop 677 (us) 35949.089
Loop 678 (us) 35993.183
Loop 679 (us) 28162.485
Loop 680 (us) 35828.985
Loop 681 (us) 28675.793
Loop 682 (us) 35869.884
Loop 683 (us) 35740.876
Loop 684 (us) 28638.545
Loop 685 (us) 35957.528
Loop 686 (us) 35985.886
Loop 687 (us) 35554.09
Loop 688 (us) 35806.989
Loop 689 (us) 35391.129
Loop 690 (us) 35848.606
Loop 691 (us) 60280.351
Loop 692 (us) 35897.397
Loop 693 (us) 35930.912
Loop 694 (us) 35943.887
Loop 695 (us) 29338.8
Loop 696 (us) 28885.321
Loop 697 (us) 35887.582
Loop 698 (us) 35482.505
Loop 699 (us) 35502.63
Loop 700 (us) 35813.421
Loop 701 (us) 35868.616
Loop 702 (us) 35914.283
Loop 703 (us) 35519.651
Loop 704 (us) 35472.749
Loop 705 (us) 28165.622
Loop 706 (us) 28173.326
Loop 707 (us) 35891.584
Loop 708 (us) 28686.847
Loop 709 (us) 35917.223
Loop 710 (us) 35877.262
Loop 711 (us) 35515.348
Loop 712 (us) 35164.896
Loop 713 (us) 35550.255
Loop 714 (us) 35513.916
Loop 715 (us) 28249.551
Loop 716 (us) 35873.798
Loop 717 (us) 35946.566
Loop 718 (us) 35586.944
Loop 719 (us) 35889.786
Loop 720 (us) 35854.161
Loop 721 (us) 35534.908
Loop 722 (us) 35558.441
Loop 723 (us) 35785.641
Loop 724 (us) 35525.199
Loop 725 (us) 35923.623
Loop 726 (us) 35960.458
Loop 727 (us) 35789.966
Loop 728 (us) 35834.936
Loop 729 (us) 28162.798
Loop 730 (us) 60138.552
Loop 731 (us) 35961.307
Loop 732 (us) 28795.979
Loop 733 (us) 35945.17
Loop 734 (us) 36156.373
Loop 735 (us) 28907.977
Loop 736 (us) 28919.091
Loop 737 (us) 36005.101
Loop 738 (us) 35808.036
Loop 739 (us) 34997.019
Loop 740 (us) 35962.986
Loop 741 (us) 35575.93
Loop 742 (us) 28210.885
Loop 743 (us) 35790.39
Loop 744 (us) 35773.859
Loop 745 (us) 35797.886
Loop 746 (us) 35811.159
Loop 747 (us) 35779.246
Loop 748 (us) 35905.119
Loop 749 (us) 35616.345
Loop 750 (us) 35814.665
Loop 751 (us) 35874.073
Loop 752 (us) 35828.858
Loop 753 (us) 35761.061
Loop 754 (us) 37583.464
Loop 755 (us) 35552.274
Loop 756 (us) 35733.2
Loop 757 (us) 35967.589
Loop 758 (us) 35773.555
Loop 759 (us) 35957.461
Loop 760 (us) 35851.264
Loop 761 (us) 35858.082
Loop 762 (us) 35915.524
Loop 763 (us) 28202.153
Loop 764 (us) 35538.54
Loop 765 (us) 28207.227
Loop 766 (us) 36597.433
Loop 767 (us) 35879.307
Loop 768 (us) 35795.512
Loop 769 (us) 35273.693
Loop 770 (us) 35791.434
Loop 771 (us) 29271.736
Loop 772 (us) 35969.158
Loop 773 (us) 35611.139
Loop 774 (us) 35817.979
Loop 775 (us) 35885.097
Loop 776 (us) 28595.421
Loop 777 (us) 28699.1
Loop 778 (us) 28767.405
Loop 779 (us) 28745.73
Loop 780 (us) 35963.118
Loop 781 (us) 35767.465
Loop 782 (us) 35671.315
Loop 783 (us) 28174.912
Loop 784 (us) 35835.42
Loop 785 (us) 35889.012
Loop 786 (us) 35546.023
Loop 787 (us) 35808.255
Loop 788 (us) 35390.233
Loop 789 (us) 35781.688
Loop 790 (us) 35258.689
Loop 791 (us) 60290.263
Loop 792 (us) 36208.805
Loop 793 (us) 28196.695
Loop 794 (us) 35850.541
Loop 795 (us) 37429.098
Loop 796 (us) 35763.521
Loop 797 (us) 36043.119
Loop 798 (us) 35612.459
Loop 799 (us) 35930.297
Loop 800 (us) 35880.836
Loop 801 (us) 28727.137
Loop 802 (us) 35851.193
Loop 803 (us) 35760.56
Loop 804 (us) 35982.491
Loop 805 (us) 35760.072
Loop 806 (us) 28214.146
Loop 807 (us) 35874.018
Loop 808 (us) 35776.542
Loop 809 (us) 35900.822
Loop 810 (us) 36039.325
Loop 811 (us) 35923.275
Loop 812 (us) 28684.501
Loop 813 (us) 28685.275
Loop 814 (us) 28754.141
Loop 815 (us) 35895.215
Loop 816 (us) 35734.978
Loop 817 (us) 35524.345
Loop 818 (us) 35928.414
Loop 819 (us) 35799.129
Loop 820 (us) 35933.443
Loop 821 (us) 35894.188
Loop 822 (us) 35748.427
Loop 823 (us) 35487.453
Loop 824 (us) 35872.643
Loop 825 (us) 28736.295
Loop 826 (us) 35938.98
Loop 827 (us) 35724.983
Loop 828 (us) 35913.979
Loop 829 (us) 62403.844
Loop 830 (us) 35769.842
Loop 831 (us) 28179.694
Loop 832 (us) 35851.909
Loop 833 (us) 35870.621
Loop 834 (us) 36484.277
Loop 835 (us) 35541.388
Loop 836 (us) 28179.637
Loop 837 (us) 35582.317
Loop 838 (us) 35863.131
Loop 839 (us) 35790.289
Loop 840 (us) 35453.705
Loop 841 (us) 35579.0
Loop 842 (us) 35552.923
Loop 843 (us) 28232.445
Loop 844 (us) 28308.415
Loop 845 (us) 35896.043
Loop 846 (us) 35838.581
Loop 847 (us) 28228.912
Loop 848 (us) 35732.926
Loop 849 (us) 35957.138
Loop 850 (us) 28680.115
Loop 851 (us) 35846.2
Loop 852 (us) 35763.881
Loop 853 (us) 35998.635
Loop 854 (us) 35926.344
Loop 855 (us) 35911.44
Loop 856 (us) 35731.582
Loop 857 (us) 35684.098
Loop 858 (us) 35935.69
Loop 859 (us) 35918.158
Loop 860 (us) 35811.464
Loop 861 (us) 35992.184
Loop 862 (us) 28696.247
Loop 863 (us) 35944.439
Loop 864 (us) 60504.599
Loop 865 (us) 35942.653
Loop 866 (us) 35264.59
Loop 867 (us) 35900.528
Loop 868 (us) 35585.19
Loop 869 (us) 35567.641
Loop 870 (us) 28241.119
Loop 871 (us) 35550.884
Loop 872 (us) 35908.887
Loop 873 (us) 35957.563
Loop 874 (us) 35877.751
Loop 875 (us) 35271.758
Loop 876 (us) 35943.588
Loop 877 (us) 28243.951
Loop 878 (us) 35273.174
Loop 879 (us) 36033.383
Loop 880 (us) 28683.514
Loop 881 (us) 35960.292
Loop 882 (us) 61207.2
Loop 883 (us) 35314.827
Loop 884 (us) 35847.748
Loop 885 (us) 34981.3
Loop 886 (us) 35667.683
Loop 887 (us) 35891.311
Loop 888 (us) 35923.551
Loop 889 (us) 34653.99
Loop 890 (us) 35912.656
Loop 891 (us) 35980.367
Loop 892 (us) 35888.155
Loop 893 (us) 28209.492
Loop 894 (us) 35522.637
Loop 895 (us) 35548.427
Loop 896 (us) 35828.862
Loop 897 (us) 35967.93
Loop 898 (us) 35585.775
Loop 899 (us) 35981.233
Loop 900 (us) 35871.187
Loop 901 (us) 35485.193
Loop 902 (us) 35933.222
Loop 903 (us) 35839.568
Loop 904 (us) 35760.591
Loop 905 (us) 35500.734
Loop 906 (us) 35555.536
Loop 907 (us) 34790.511
Loop 908 (us) 35856.812
Loop 909 (us) 35828.367
Loop 910 (us) 38522.016
Loop 911 (us) 35793.765
Loop 912 (us) 28765.129
Loop 913 (us) 35977.86
Loop 914 (us) 35993.742
Loop 915 (us) 35549.54
Loop 916 (us) 28184.716
Loop 917 (us) 35799.631
Loop 918 (us) 34815.813
Loop 919 (us) 35563.462
Loop 920 (us) 28191.031
Loop 921 (us) 35494.599
Loop 922 (us) 35678.543
Loop 923 (us) 35967.003
Loop 924 (us) 35931.373
Loop 925 (us) 35934.461
Loop 926 (us) 35358.39
Loop 927 (us) 28726.774
Loop 928 (us) 35948.863
Loop 929 (us) 35747.146
Loop 930 (us) 35799.805
Loop 931 (us) 35542.978
Loop 932 (us) 35862.966
Loop 933 (us) 28815.229
Loop 934 (us) 28626.336
Loop 935 (us) 35928.549
Loop 936 (us) 50378.807
Loop 937 (us) 35750.438
Loop 938 (us) 35876.035
Loop 939 (us) 35767.639
Loop 940 (us) 35521.025
Loop 941 (us) 35866.512
Loop 942 (us) 28729.261
Loop 943 (us) 28646.665
Loop 944 (us) 35885.996
Loop 945 (us) 35535.748
Loop 946 (us) 35556.786
Loop 947 (us) 35890.869
Loop 948 (us) 35895.492
Loop 949 (us) 35770.374
Loop 950 (us) 35766.622
Loop 951 (us) 35851.947
Loop 952 (us) 28665.954
Loop 953 (us) 35876.779
Loop 954 (us) 28600.46
Loop 955 (us) 35941.738
Loop 956 (us) 35890.671
Loop 957 (us) 35785.133
Loop 958 (us) 35737.73
Loop 959 (us) 34635.865
Loop 960 (us) 35809.136
Loop 961 (us) 35846.151
Loop 962 (us) 35726.648
Loop 963 (us) 35964.114
Loop 964 (us) 35877.615
Loop 965 (us) 35881.759
Loop 966 (us) 35568.547
Loop 967 (us) 35939.346
Loop 968 (us) 35771.217
Loop 969 (us) 28575.101
Loop 970 (us) 28718.544
Loop 971 (us) 37563.166
Loop 972 (us) 28216.177
Loop 973 (us) 35546.457
Loop 974 (us) 35487.627
Loop 975 (us) 35439.479
Loop 976 (us) 36747.653
Loop 977 (us) 35948.949
Loop 978 (us) 35798.362
Loop 979 (us) 35943.882
Loop 980 (us) 35557.982
Loop 981 (us) 35780.372
Loop 982 (us) 35782.831
Loop 983 (us) 35776.991
Loop 984 (us) 28721.505
Loop 985 (us) 35929.607
Loop 986 (us) 35983.859
Loop 987 (us) 28732.074
Loop 988 (us) 35817.296
Loop 989 (us) 35531.81
Loop 990 (us) 35823.88
Loop 991 (us) 35874.723
Loop 992 (us) 28635.632
Loop 993 (us) 28719.183
Loop 994 (us) 35893.752
Loop 995 (us) 35813.277
Loop 996 (us) 37771.479
Loop 997 (us) 36598.435
Loop 998 (us) 35907.096
Loop 999 (us) 35920.238
Warmup times 0
avgLoopLatency(us) 35043.935467
iops 28.535607849799717
variance 4823.9768524253395
Loop 0 [35440980, 18818170, 214112, 16381269]
Loop 1 [35694794, 19087897, 227001, 16356086]
Loop 2 [35377603, 18933253, 211333, 16196131]
Loop 3 [35089832, 18662324, 241718, 16163522]
Loop 4 [35556277, 18962571, 277145, 16295678]
Loop 5 [28518716, 11921482, 221930, 16354723]
Loop 6 [35570627, 19113386, 241628, 16194141]
Loop 7 [27862659, 11444912, 203670, 16195916]
Loop 8 [35185581, 18733846, 235613, 16162829]
Loop 9 [28197891, 11777250, 212315, 16188167]
Loop 10 [35510163, 19081303, 241223, 16168226]
Loop 11 [35919332, 19276927, 282675, 16310231]
Loop 12 [35880109, 19427185, 245085, 16186170]
Loop 13 [35815152, 19214001, 278212, 16302864]
Loop 14 [35979689, 19501649, 239372, 16219265]
Loop 15 [35831684, 19172065, 279935, 16334204]
Loop 16 [35943359, 19282204, 303213, 16328612]
Loop 17 [35960833, 19303647, 269348, 16359450]
Loop 18 [37605299, 21057434, 292672, 16196987]
Loop 19 [35752096, 19107283, 270676, 16326665]
Loop 20 [36034765, 19484552, 572417, 15928678]
Loop 21 [35792132, 19153629, 486189, 16134406]
Loop 22 [36172459, 19488869, 329391, 16306312]
Loop 23 [35950911, 19456249, 255095, 16218926]
Loop 24 [35228901, 18594876, 271912, 16342457]
Loop 25 [28676829, 12068205, 223362, 16364310]
Loop 26 [35970759, 19452835, 253005, 16217914]
Loop 27 [35786451, 19157338, 266510, 16339852]
Loop 28 [35785359, 19339211, 242267, 16182502]
Loop 29 [35574639, 19083251, 244554, 16199859]
Loop 30 [35832495, 19199342, 273093, 16340043]
Loop 31 [35400273, 18916380, 241100, 16221980]
Loop 32 [35826001, 19224571, 265496, 16317523]
Loop 33 [35909735, 19270596, 267640, 16323782]
Loop 34 [35804813, 19386245, 237278, 16161425]
Loop 35 [28182580, 11764525, 210788, 16190065]
Loop 36 [28186147, 11754478, 181047, 16234141]
Loop 37 [35809546, 19184019, 269142, 16310297]
Loop 38 [35986715, 19339891, 287331, 16338354]
Loop 39 [35971902, 19502731, 243837, 16207209]
Loop 40 [35828079, 19131719, 323128, 16324045]
Loop 41 [35973775, 19341800, 274987, 16336848]
Loop 42 [35992578, 19497408, 240991, 16204340]
Loop 43 [38479979, 21837839, 288125, 16322183]
Loop 44 [35927395, 19287933, 260837, 16329523]
Loop 45 [36023784, 19334958, 641567, 15990356]
Loop 46 [35885472, 19413834, 413842, 16037041]
Loop 47 [35751994, 19129079, 332222, 16272179]
Loop 48 [35443402, 18955368, 240913, 16203603]
Loop 49 [35786349, 19188455, 276191, 16303219]
Loop 50 [35863671, 19259771, 263280, 16321604]
Loop 51 [35516931, 18770835, 270668, 16259031]
Loop 52 [28801291, 12144514, 226350, 16346216]
Loop 53 [35989786, 19490120, 260260, 16189674]
Loop 54 [35548300, 19117282, 247087, 16165157]
Loop 55 [35583900, 19124103, 236858, 16178171]
Loop 56 [28210224, 11771685, 190141, 16231853]
Loop 57 [35887122, 19265701, 282424, 16321591]
Loop 58 [35931433, 19324190, 261101, 16328358]
Loop 59 [28729441, 12070184, 215729, 16401189]
Loop 60 [35971447, 19496613, 247542, 16210457]
Loop 61 [28198510, 11765659, 210245, 16206514]
Loop 62 [35539349, 19062195, 257796, 16170139]
Loop 63 [35509315, 19091492, 230350, 16167092]
Loop 64 [35791006, 19188608, 274774, 16306862]
Loop 65 [35943322, 19339273, 264823, 16320084]
Loop 66 [35953981, 19298869, 261249, 16346841]
Loop 67 [28726356, 12114352, 227169, 16366165]
Loop 68 [29225350, 12019648, 238135, 16374011]
Loop 69 [35958683, 19495433, 256320, 16187885]
Loop 70 [35585128, 19136133, 258471, 16148281]
Loop 71 [51033876, 34569064, 247459, 16176500]
Loop 72 [35847701, 19239351, 273598, 16314869]
Loop 73 [35943867, 19308231, 259482, 16336219]
Loop 74 [36111686, 19372325, 797264, 15891300]
Loop 75 [36058428, 19459985, 403836, 16068290]
Loop 76 [35716461, 19075672, 334198, 16286326]
Loop 77 [35971906, 19330621, 274763, 16324088]
Loop 78 [28627698, 12004485, 222075, 16384761]
Loop 79 [36010900, 19366569, 268374, 16358493]
Loop 80 [35993363, 19509527, 251810, 16213025]
Loop 81 [35868502, 19227240, 263778, 16330790]
Loop 82 [35981417, 19339831, 258150, 16365594]
Loop 83 [28750825, 12119844, 206410, 16406963]
Loop 84 [35904410, 19406264, 251723, 16201257]
Loop 85 [35538745, 19099592, 256237, 16162893]
Loop 86 [34589559, 18125990, 223429, 16211068]
Loop 87 [35577722, 19128956, 230128, 16202086]
Loop 88 [35919514, 19275553, 267656, 16331192]
Loop 89 [35963205, 19341796, 262786, 16335480]
Loop 90 [35906875, 19434895, 256280, 16197958]
Loop 91 [28143017, 11707979, 200436, 16215276]
Loop 92 [35543677, 19081069, 253206, 16164358]
Loop 93 [35533375, 19091171, 232997, 16191845]
Loop 94 [38958676, 22301703, 291563, 16341558]
Loop 95 [35978842, 19488128, 237846, 16211037]
Loop 96 [35830999, 19210961, 264563, 16339670]
Loop 97 [35864099, 19425792, 237249, 16185731]
Loop 98 [35910223, 19221732, 513923, 16121821]
Loop 99 [35203234, 18691327, 480961, 15982924]
Loop 100 [35748743, 19125306, 327499, 16278504]
Loop 101 [35955952, 19481256, 250083, 16207387]
Loop 102 [35549884, 19123977, 242654, 16165067]
Loop 103 [35029184, 18393663, 262434, 16331417]
Loop 104 [35949968, 19331421, 266398, 16335734]
Loop 105 [28792969, 12180714, 227692, 16367367]
Loop 106 [35880704, 19401562, 249296, 16188155]
Loop 107 [28214831, 11793683, 201056, 16203727]
Loop 108 [28188381, 11760358, 208378, 16201294]
Loop 109 [35575383, 19136652, 236348, 16184969]
Loop 110 [35932721, 19277776, 278091, 16331380]
Loop 111 [28605526, 12005052, 210496, 16373984]
Loop 112 [35970485, 19346920, 272756, 16331832]
Loop 113 [36151074, 19469786, 268220, 16385279]
Loop 114 [35841060, 19373051, 243542, 16183263]
Loop 115 [35507203, 19078143, 255852, 16154641]
Loop 116 [60362764, 43679519, 266683, 16343472]
Loop 117 [28620874, 12019874, 216134, 16344782]
Loop 118 [35948898, 19355358, 269341, 16306401]
Loop 119 [35975051, 19359888, 260790, 16336403]
Loop 120 [36046623, 19494477, 744723, 15756446]
Loop 121 [35864190, 19199925, 757274, 15856535]
Loop 122 [28737125, 12132030, 299913, 16288287]
Loop 123 [35767241, 19349658, 242563, 16157174]
Loop 124 [34811112, 18199992, 272722, 16317056]
Loop 125 [35854339, 19394249, 248307, 16170202]
Loop 126 [28181090, 11754012, 204940, 16205621]
Loop 127 [35524513, 19086366, 239361, 16182055]
Loop 128 [35959130, 19299744, 273411, 16339984]
Loop 129 [28638228, 12044744, 218899, 16357849]
Loop 130 [35885464, 19420734, 246209, 16198173]
Loop 131 [28189720, 11767700, 203588, 16202262]
Loop 132 [35546336, 19067334, 258898, 16176018]
Loop 133 [35934989, 19322100, 236677, 16357891]
Loop 134 [35920471, 19320385, 239261, 16342389]
Loop 135 [35511795, 18908729, 236159, 16346376]
Loop 136 [35939734, 19457406, 266000, 16173716]
Loop 137 [35812044, 19235444, 244335, 16315026]
Loop 138 [35756229, 19324696, 272916, 16141145]
Loop 139 [35906164, 19277922, 250439, 16335781]
Loop 140 [35864074, 19389622, 283205, 16175198]
Loop 141 [35708385, 19114769, 265699, 16309662]
Loop 142 [35866675, 19418902, 272782, 16156863]
Loop 143 [28159458, 11708762, 224976, 16183321]
Loop 144 [35648674, 19012682, 262369, 16355343]
Loop 145 [28758188, 12120876, 202127, 16418189]
Loop 146 [28633507, 12014965, 198164, 16403750]
Loop 147 [28658686, 11998692, 187704, 16433629]
Loop 148 [36020813, 19363473, 233467, 16405267]
Loop 149 [34923708, 18301000, 227454, 16377832]
Loop 150 [35982257, 19465288, 268429, 16197200]
Loop 151 [35628939, 19171522, 268335, 16162601]
Loop 152 [60258781, 43645711, 230881, 16363668]
Loop 153 [28770088, 12118660, 182765, 16450585]
Loop 154 [35940894, 19434756, 280147, 16184718]
Loop 155 [35845153, 19217668, 250544, 16359404]
Loop 156 [28761723, 12036822, 395753, 16240352]
Loop 157 [35890052, 19412149, 670742, 15788815]
Loop 158 [35606366, 19132466, 344406, 16084639]
Loop 159 [35537942, 19100470, 274804, 16145753]
Loop 160 [35870088, 19247881, 240692, 16363479]
Loop 161 [35946058, 19303725, 240991, 16360362]
Loop 162 [35994257, 19547179, 276918, 16152412]
Loop 163 [35549675, 19100963, 268605, 16162280]
Loop 164 [34978845, 18570596, 267413, 16123927]
Loop 165 [35869343, 19251737, 257058, 16316032]
Loop 166 [35949025, 19337567, 255481, 16338724]
Loop 167 [35940979, 19489728, 275188, 16158445]
Loop 168 [35858970, 19268542, 239447, 16332051]
Loop 169 [35950147, 19323672, 239304, 16343982]
Loop 170 [28726449, 12133837, 195416, 16380694]
Loop 171 [36068267, 19441687, 235830, 16373639]
Loop 172 [35976832, 19495608, 268528, 16172373]
Loop 173 [35311352, 18659588, 280900, 16341180]
Loop 174 [35972903, 19343485, 240937, 16371925]
Loop 175 [35936981, 19486500, 282897, 16149719]
Loop 176 [35211315, 18586553, 252059, 16324667]
Loop 177 [35883660, 19426770, 274704, 16165543]
Loop 178 [35770027, 19142054, 234089, 16371537]
Loop 179 [35880569, 19434080, 273418, 16154536]
Loop 180 [35845434, 19236919, 263761, 16300484]
Loop 181 [28719191, 12120630, 201438, 16380136]
Loop 182 [61883349, 45256577, 225792, 16380750]
Loop 183 [35958119, 19304241, 240804, 16372385]
Loop 184 [34936891, 18318055, 230475, 16371307]
Loop 185 [36088055, 19463840, 237124, 16369427]
Loop 186 [28782585, 12176010, 196624, 16394170]
Loop 187 [36252507, 19496100, 536169, 16143680]
Loop 188 [35936790, 19468423, 444011, 16005222]
Loop 189 [28191525, 11750420, 268578, 16154735]
Loop 190 [28149217, 11729340, 221541, 16181908]
Loop 191 [35853437, 19214987, 254334, 16337082]
Loop 192 [35913916, 19307298, 231620, 16359260]
Loop 193 [35979304, 19365557, 236213, 16359992]
Loop 194 [35923171, 19440290, 276831, 16137226]
Loop 195 [28202312, 11781512, 226785, 16175798]
Loop 196 [34943835, 18333626, 266647, 16325124]
Loop 197 [35901202, 19294116, 247219, 16343101]
Loop 198 [28666083, 12028284, 196084, 16402929]
Loop 199 [35852690, 19412101, 276259, 16149382]
Loop 200 [29030884, 12573578, 242454, 16184528]
Loop 201 [28145577, 11735268, 230026, 16163268]
Loop 202 [35854355, 19232505, 244562, 16328570]
Loop 203 [35963765, 19488892, 279638, 16179819]
Loop 204 [37247618, 20516481, 585511, 16052202]
Loop 205 [35526016, 18892792, 567245, 16043315]
Loop 206 [35935793, 19461540, 397270, 16035857]
Loop 207 [28186955, 11763727, 226516, 16179675]
Loop 208 [35676486, 19073917, 244396, 16341524]
Loop 209 [28754356, 12118548, 212095, 16385141]
Loop 210 [35897729, 19436233, 273245, 16172134]
Loop 211 [35783402, 19154917, 237342, 16372963]
Loop 212 [35899019, 19281161, 235993, 16365652]
Loop 213 [35989490, 19494190, 280254, 16176953]
Loop 214 [35817023, 19201200, 239393, 16357650]
Loop 215 [35980472, 19494049, 289518, 16180318]
Loop 216 [35765455, 19146262, 238779, 16363119]
Loop 217 [35910422, 19413534, 280211, 16174551]
Loop 218 [35836337, 19208234, 268078, 16342492]
Loop 219 [35863370, 19257862, 239050, 16349453]
Loop 220 [35872914, 19403832, 273164, 16156126]
Loop 221 [35864573, 19232379, 233649, 16381394]
Loop 222 [35817417, 19357387, 272592, 16172355]
Loop 223 [35737878, 19222166, 265082, 16231171]
Loop 224 [36279420, 19093110, 395843, 16139745]
Loop 225 [35594107, 19141477, 277882, 16157983]
Loop 226 [35930846, 19311162, 272684, 16328961]
Loop 227 [35802535, 19329138, 267397, 16165213]
Loop 228 [28124014, 11683566, 235629, 16187707]
Loop 229 [35597376, 19159598, 275159, 16144250]
Loop 230 [35534020, 19087517, 268800, 16147453]
Loop 231 [28162395, 11720707, 239371, 16159060]
Loop 232 [40406544, 23724516, 257833, 16356673]
Loop 233 [35962401, 19354541, 232700, 16357376]
Loop 234 [35790950, 19352079, 269557, 16152066]
Loop 235 [35527424, 19068282, 274560, 16138975]
Loop 236 [28226030, 11707948, 364124, 16073034]
Loop 237 [35864525, 19219531, 557344, 16071104]
Loop 238 [35973957, 19289523, 296024, 16345596]
Loop 239 [28590360, 11997765, 181574, 16394687]
Loop 240 [35867046, 19415499, 285799, 16146502]
Loop 241 [35868612, 19273335, 247317, 16332250]
Loop 242 [35916732, 19447544, 271847, 16153422]
Loop 243 [35795552, 19197512, 241703, 16340841]
Loop 244 [35986997, 19357675, 229636, 16382329]
Loop 245 [35881256, 19427507, 274319, 16160841]
Loop 246 [34803938, 18174880, 242011, 16343672]
Loop 247 [35906875, 19308353, 249154, 16330402]
Loop 248 [35754023, 19277577, 270163, 16186918]
Loop 249 [35828890, 19208194, 241769, 16338193]
Loop 250 [35813267, 19374287, 287117, 16128985]
Loop 251 [35759477, 19146148, 244555, 16331745]
Loop 252 [28717449, 12107376, 195901, 16395852]
Loop 253 [35927567, 19427994, 290362, 16168000]
Loop 254 [35797397, 19205007, 239509, 16336661]
Loop 255 [35983136, 19512650, 268728, 16184714]
Loop 256 [35881150, 19279548, 237618, 16345447]
Loop 257 [35849262, 19382948, 275872, 16147847]
Loop 258 [35802351, 19191102, 250293, 16343650]
Loop 259 [35904030, 19279140, 235159, 16368693]
Loop 260 [35757076, 19139193, 235995, 16340047]
Loop 261 [35881906, 19423098, 278556, 16159888]
Loop 262 [28138923, 11707831, 238164, 16176046]
Loop 263 [29022622, 12574779, 244507, 16172633]
Loop 264 [28178587, 11717318, 223087, 16194708]
Loop 265 [35876283, 19263763, 276393, 16320060]
Loop 266 [28568805, 11979220, 197949, 16373232]
Loop 267 [28682733, 12025581, 395303, 16220723]
Loop 268 [35959349, 19272667, 393130, 16249366]
Loop 269 [28630447, 11996185, 219770, 16397395]
Loop 270 [35952699, 19476945, 274694, 16177922]
Loop 271 [35784525, 19207466, 243367, 16316047]
Loop 272 [28717777, 12085446, 195099, 16395331]
Loop 273 [35926116, 19467484, 268701, 16168721]
Loop 274 [35808929, 19222351, 241272, 16328806]
Loop 275 [35859982, 19408893, 274280, 16136069]
Loop 276 [28236607, 11805307, 230244, 16185601]
Loop 277 [35869869, 19243656, 254147, 16354800]
Loop 278 [35807732, 19373167, 269703, 16144702]
Loop 279 [35872901, 19198694, 267185, 16348920]
Loop 280 [35914648, 19284480, 235423, 16371578]
Loop 281 [35883431, 19404699, 267234, 16190849]
Loop 282 [28142616, 11725861, 230742, 16170113]
Loop 283 [28226788, 11749124, 225139, 16210667]
Loop 284 [35549977, 19106107, 272138, 16155375]
Loop 285 [35801055, 19173252, 249785, 16360656]
Loop 286 [28638033, 11996676, 180712, 16418958]
Loop 287 [35898336, 19246821, 233469, 16398660]
Loop 288 [35880892, 19415114, 282969, 16162911]
Loop 289 [28217875, 11777818, 234580, 16188205]
Loop 290 [35923364, 19265066, 242603, 16371022]
Loop 291 [35891532, 19280416, 231136, 16359527]
Loop 292 [28593942, 11980678, 182838, 16411448]
Loop 293 [28760642, 12116143, 190208, 16435152]
Loop 294 [35979475, 19321660, 222064, 16390849]
Loop 295 [35911917, 19435655, 271604, 16185321]
Loop 296 [35766744, 19163504, 241098, 16345429]
Loop 297 [35950538, 19316639, 246206, 16345915]
Loop 298 [34693274, 18212343, 260390, 16200749]
Loop 299 [35494125, 19079800, 272967, 16124326]
Loop 300 [35773963, 19180781, 266573, 16310635]
Loop 301 [35882247, 19268045, 252121, 16320966]
Loop 302 [35850213, 19394785, 277540, 16159570]
Loop 303 [35494720, 19041710, 292404, 16144953]
Loop 304 [35029811, 18428365, 251148, 16334997]
Loop 305 [35957011, 19486222, 286852, 16138259]
Loop 306 [35688555, 19102840, 241491, 16327980]
Loop 307 [34867540, 18417207, 264998, 16167027]
Loop 308 [35864853, 19237751, 242806, 16340198]
Loop 309 [35917593, 19298034, 231214, 16370928]
Loop 310 [35474162, 18855078, 234838, 16366086]
Loop 311 [63012603, 46474148, 319076, 16179158]
Loop 312 [35703400, 19082820, 238097, 16339103]
Loop 313 [35898636, 19448621, 267940, 16163489]
Loop 314 [35814211, 19227145, 252767, 16317452]
Loop 315 [35802707, 19364749, 270987, 16149073]
Loop 316 [35858005, 19200708, 673209, 15926112]
Loop 317 [35964691, 19461584, 438838, 16014768]
Loop 318 [35810165, 19195795, 310947, 16279599]
Loop 319 [35948906, 19473108, 269955, 16162911]
Loop 320 [35548814, 19129886, 280465, 16123487]
Loop 321 [35815724, 19217561, 235948, 16345838]
Loop 322 [35940083, 19465473, 277953, 16179985]
Loop 323 [35800894, 19185429, 249045, 16324712]
Loop 324 [35903322, 19301493, 250106, 16331869]
Loop 325 [35970733, 19334487, 242116, 16372895]
Loop 326 [35928565, 19461096, 277781, 16143712]
Loop 327 [35527725, 19080279, 290402, 16140709]
Loop 328 [35500528, 19066107, 289654, 16128505]
Loop 329 [35777805, 19199729, 248924, 16311769]
Loop 330 [35306248, 18850105, 273904, 16139438]
Loop 331 [35520693, 19073132, 270722, 16161460]
Loop 332 [36708178, 20259786, 295641, 16119115]
Loop 333 [35850005, 19228042, 255209, 16350514]
Loop 334 [35958788, 19314221, 246607, 16352281]
Loop 335 [28606738, 11996835, 191043, 16401255]
Loop 336 [28610577, 12008981, 195556, 16388298]
Loop 337 [35933853, 19280387, 229578, 16378934]
Loop 338 [28780833, 12105858, 340478, 16293678]
Loop 339 [36021441, 19525724, 645144, 15830488]
Loop 340 [35797829, 19177550, 316640, 16287597]
Loop 341 [35873070, 19246180, 237436, 16348022]
Loop 342 [28746692, 12110780, 187850, 16429281]
Loop 343 [36000400, 19512972, 284738, 16183854]
Loop 344 [35771255, 19157216, 262449, 16334981]
Loop 345 [35963398, 19456207, 269362, 16197716]
Loop 346 [35806329, 19201943, 255676, 16331767]
Loop 347 [35847639, 19398449, 272589, 16155322]
Loop 348 [35577993, 19100853, 289513, 16139724]
Loop 349 [35582228, 19144636, 271021, 16150237]
Loop 350 [35105859, 18652868, 270252, 16166320]
Loop 351 [35760904, 19291649, 278604, 16174907]
Loop 352 [35896445, 19238678, 272261, 16337974]
Loop 353 [28586280, 11981051, 201537, 16386180]
Loop 354 [35993011, 19341470, 231345, 16401118]
Loop 355 [35951701, 19304439, 226278, 16402497]
Loop 356 [28649565, 11987052, 182189, 16437967]
Loop 357 [36131703, 19495981, 231004, 16384176]
Loop 358 [35941271, 19276608, 234562, 16409916]
Loop 359 [36024100, 19507062, 279930, 16195428]
Loop 360 [35847161, 19228488, 244741, 16356189]
Loop 361 [35798329, 19382682, 272317, 16124077]
Loop 362 [38338914, 21708881, 259436, 16336728]
Loop 363 [28681792, 12039540, 195279, 16402586]
Loop 364 [35886673, 19278235, 241111, 16347856]
Loop 365 [35913609, 19461841, 277637, 16155464]
Loop 366 [35690453, 19126109, 788850, 15703926]
Loop 367 [35874222, 19206500, 411415, 16213064]
Loop 368 [28754140, 12125030, 244039, 16367021]
Loop 369 [35912236, 19439782, 270542, 16176737]
Loop 370 [35529264, 19087709, 272494, 16128590]
Loop 371 [35496600, 19084002, 262105, 16131435]
Loop 372 [28756323, 12341944, 225668, 16173034]
Loop 373 [35874953, 19274156, 258072, 16325686]
Loop 374 [35922254, 19288611, 241475, 16350177]
Loop 375 [35908348, 19300933, 250546, 16337336]
Loop 376 [35631017, 19018197, 239107, 16355657]
Loop 377 [36061981, 19425170, 235234, 16381573]
Loop 378 [52222562, 35670460, 293916, 16191191]
Loop 379 [28169949, 11745293, 235429, 16169475]
Loop 380 [35755699, 19151093, 243260, 16345098]
Loop 381 [28793905, 12101476, 405643, 16225775]
Loop 382 [35878643, 19417092, 660540, 15780725]
Loop 383 [35507556, 19057132, 369012, 16062548]
Loop 384 [35770983, 19161295, 263642, 16327592]
Loop 385 [35955770, 19328108, 239358, 16345308]
Loop 386 [35944942, 19332326, 245650, 16349169]
Loop 387 [35950315, 19326236, 239799, 16357923]
Loop 388 [35964841, 19491589, 271816, 16183101]
Loop 389 [28244963, 11790348, 225920, 16184377]
Loop 390 [35554001, 19126347, 271494, 16139745]
Loop 391 [35773028, 19168132, 269027, 16319794]
Loop 392 [35847714, 19371566, 281419, 16151302]
Loop 393 [28169266, 11743112, 231969, 16178973]
Loop 394 [35649329, 19039540, 257248, 16335463]
Loop 395 [35941699, 19320699, 243522, 16357777]
Loop 396 [35932698, 19278194, 248606, 16364805]
Loop 397 [35626977, 19181878, 277698, 16150725]
Loop 398 [35612486, 19173411, 268353, 16153766]
Loop 399 [35843165, 19224532, 247695, 16355005]
Loop 400 [35979530, 19513296, 270962, 16155824]
Loop 401 [35548739, 19049074, 350144, 16122071]
Loop 402 [35757955, 19158174, 235597, 16348387]
Loop 403 [35861446, 19384351, 274018, 16160353]
Loop 404 [35796107, 19201272, 245388, 16331930]
Loop 405 [49946439, 33310164, 323323, 16161121]
Loop 406 [35599092, 19145623, 274255, 16161110]
Loop 407 [35759083, 19138795, 260040, 16314073]
Loop 408 [35422552, 18996378, 272860, 16134936]
Loop 409 [35801498, 19189981, 434209, 16156955]
Loop 410 [35909157, 19291774, 506955, 16092367]
Loop 411 [35213156, 18579215, 353364, 16241231]
Loop 412 [35948006, 19484477, 273130, 16170916]
Loop 413 [35518998, 19099125, 271885, 16130870]
Loop 414 [35749111, 19093970, 253892, 16354598]
Loop 415 [35906600, 19437069, 279649, 16171288]
Loop 416 [35499865, 19051155, 260714, 16172071]
Loop 417 [28232244, 11793851, 228473, 16191987]
Loop 418 [35587601, 19106435, 267632, 16164287]
Loop 419 [35798467, 19178024, 244472, 16359380]
Loop 420 [35895301, 19277869, 253720, 16343954]
Loop 421 [39518882, 22827578, 277350, 16368601]
Loop 422 [35923283, 19272386, 247855, 16363202]
Loop 423 [28887079, 12246062, 196797, 16426384]
Loop 424 [35973383, 19514165, 274603, 16167187]
Loop 425 [35725631, 19153276, 629853, 15865914]
Loop 426 [28187073, 11728749, 327315, 16106636]
Loop 427 [35861231, 19229539, 295144, 16319624]
Loop 428 [35312199, 18853798, 268635, 16171885]
Loop 429 [35779216, 19157077, 250495, 16326350]
Loop 430 [35351307, 18885084, 264520, 16185834]
Loop 431 [35638320, 19022423, 263730, 16334712]
Loop 432 [35936788, 19443057, 272561, 16179369]
Loop 433 [35531520, 19099260, 271882, 16143114]
Loop 434 [28167279, 11744552, 229243, 16169223]
Loop 435 [35507482, 19088154, 269904, 16132503]
Loop 436 [35945426, 19304575, 259653, 16332901]
Loop 437 [28668392, 12079175, 197597, 16374008]
Loop 438 [35871559, 19421614, 274876, 16157965]
Loop 439 [28168824, 11740777, 231686, 16180188]
Loop 440 [35603862, 19137324, 285733, 16136627]
Loop 441 [28198455, 11767051, 222867, 16191465]
Loop 442 [35741530, 19144297, 240817, 16339103]
Loop 443 [35875589, 19272172, 245700, 16339689]
Loop 444 [35962404, 19323643, 249854, 16350482]
Loop 445 [35898998, 19280673, 232333, 16368835]
Loop 446 [35854556, 19410364, 264817, 16162534]
Loop 447 [39153766, 22684639, 282510, 16129932]
Loop 448 [35794709, 19188953, 257117, 16331210]
Loop 449 [28694229, 12104686, 206173, 16367605]
Loop 450 [35909107, 19285842, 252249, 16353299]
Loop 451 [28796554, 12114362, 343600, 16280600]
Loop 452 [35916836, 19265334, 401549, 16232011]
Loop 453 [36033827, 19378564, 308808, 16328560]
Loop 454 [36050399, 19427311, 232798, 16370805]
Loop 455 [35031980, 18396320, 247772, 16345443]
Loop 456 [36074440, 19457242, 242346, 16356661]
Loop 457 [35990616, 19528275, 277267, 16138188]
Loop 458 [35863946, 19233526, 240227, 16345711]
Loop 459 [35942395, 19330899, 248632, 16343297]
Loop 460 [35523783, 18912390, 239016, 16356433]
Loop 461 [35940923, 19323793, 228559, 16367443]
Loop 462 [35876568, 19403266, 274736, 16154275]
Loop 463 [35782229, 19185862, 243717, 16333569]
Loop 464 [35901657, 19450603, 263451, 16170961]
Loop 465 [35216146, 18598674, 243688, 16323878]
Loop 466 [35767594, 19365362, 275632, 16108976]
Loop 467 [35778513, 19149525, 263519, 16346298]
Loop 468 [37407191, 20985633, 273087, 16130558]
Loop 469 [35749655, 19128332, 241632, 16338036]
Loop 470 [35932700, 19305578, 240163, 16369180]
Loop 471 [35857544, 19406336, 261236, 16172299]
Loop 472 [32277068, 15721555, 360251, 16080382]
Loop 473 [35678949, 19180469, 438662, 16016875]
Loop 474 [28232045, 11784803, 266976, 16165302]
Loop 475 [35571501, 19127986, 268888, 16158574]
Loop 476 [35877969, 19230286, 263144, 16340290]
Loop 477 [35925218, 19449114, 281207, 16178351]
Loop 478 [28214253, 11783130, 215728, 16198407]
Loop 479 [35483441, 19035271, 270123, 16160549]
Loop 480 [35799733, 19165150, 247537, 16343043]
Loop 481 [35886637, 19248945, 247480, 16371775]
Loop 482 [35905962, 19253344, 242419, 16391695]
Loop 483 [35689911, 19049501, 241432, 16381338]
Loop 484 [37875001, 21167051, 260352, 16401507]
Loop 485 [44158494, 27586337, 737496, 15752432]
Loop 486 [35589783, 19111180, 1000588, 15459507]
Loop 487 [28259585, 11763812, 385473, 16064688]
Loop 488 [35813743, 19187738, 276504, 16332120]
Loop 489 [35891143, 19282077, 256200, 16332920]
Loop 490 [35959182, 19303316, 242137, 16395468]
Loop 491 [35952827, 19449159, 274480, 16187489]
Loop 492 [35491447, 18882151, 257892, 16333550]
Loop 493 [28622265, 12007485, 200513, 16397337]
Loop 494 [35862845, 19407305, 265830, 16172595]
Loop 495 [35558956, 19078128, 264045, 16168061]
Loop 496 [35506739, 19071452, 275238, 16141510]
Loop 497 [35865377, 19237352, 278625, 16331031]
Loop 498 [72894106, 56190331, 284487, 16353653]
Loop 499 [35890428, 19438461, 267975, 16165756]
Loop 500 [35447533, 19024093, 267199, 16136678]
Loop 501 [35474884, 19060783, 263502, 16131868]
Loop 502 [35479287, 19021786, 268907, 16142510]
Loop 503 [42833241, 26325890, 485397, 15960353]
Loop 504 [28299491, 11840574, 326592, 16114753]
Loop 505 [35642414, 19190786, 329577, 16073334]
Loop 506 [35901054, 19266762, 268783, 16340576]
Loop 507 [35845015, 19393737, 266937, 16166968]
Loop 508 [35328241, 18721777, 250816, 16337345]
Loop 509 [35744874, 19288223, 263497, 16151624]
Loop 510 [35784812, 19178054, 264261, 16325159]
Loop 511 [35749897, 19312506, 260728, 16160351]
Loop 512 [35692812, 19086476, 279353, 16309669]
Loop 513 [35936160, 19277379, 245951, 16373864]
Loop 514 [35896165, 19445690, 259033, 16174420]
Loop 515 [35459871, 19037549, 255435, 16148918]
Loop 516 [35557463, 19104861, 260312, 16148625]
Loop 517 [35773716, 19168567, 268447, 16318926]
Loop 518 [28587982, 11996881, 208772, 16366103]
Loop 519 [28674155, 12078409, 204613, 16374335]
Loop 520 [35933662, 19423241, 270792, 16192944]
Loop 521 [28176887, 11756827, 231697, 16171258]
Loop 522 [35919337, 19289707, 254774, 16356471]
Loop 523 [35888442, 19302891, 244031, 16325261]
Loop 524 [35501284, 19020016, 270553, 16166765]
Loop 525 [28185335, 11757183, 218587, 16193016]
Loop 526 [35832180, 19225432, 253140, 16335908]
Loop 527 [35794583, 19320464, 264703, 16170010]
Loop 528 [35561432, 19112540, 265346, 16159167]
Loop 529 [35772203, 19172181, 265673, 16316461]
Loop 530 [35923730, 19306334, 247417, 16353763]
Loop 531 [28656933, 12020967, 202223, 16393753]
Loop 532 [35875615, 19401453, 274969, 16180415]
Loop 533 [35530950, 19052869, 295713, 16152144]
Loop 534 [35354963, 18934986, 265705, 16136977]
Loop 535 [28193228, 11744199, 220287, 16181203]
Loop 536 [35632629, 19168056, 272713, 16171708]
Loop 537 [28234130, 11809872, 218118, 16188421]
Loop 538 [35690062, 19193870, 280961, 16167355]
Loop 539 [35907617, 19271007, 257777, 16359377]
Loop 540 [35892578, 19405228, 274873, 16195568]
Loop 541 [35607544, 19167085, 264368, 16157496]
Loop 542 [73177631, 56522289, 238316, 16359974]
Loop 543 [28646043, 12012246, 223426, 16393388]
Loop 544 [35935449, 19297168, 246711, 16374502]
Loop 545 [35842169, 19360885, 275568, 16189374]
Loop 546 [35796491, 19143165, 244070, 16360026]
Loop 547 [35937227, 19425099, 486428, 15990301]
Loop 548 [28182495, 11730949, 319243, 16114584]
Loop 549 [35531120, 19080507, 328315, 16076483]
Loop 550 [35778756, 19151755, 247695, 16362006]
Loop 551 [35936285, 19319529, 262463, 16337247]
Loop 552 [35965495, 19332667, 240572, 16375364]
Loop 553 [35237961, 18569613, 237771, 16392546]
Loop 554 [35895654, 19385642, 270345, 16188372]
Loop 555 [28169139, 11726228, 223259, 16202706]
Loop 556 [35513651, 19081507, 261824, 16150333]
Loop 557 [35772137, 19158645, 257124, 16312975]
Loop 558 [28557482, 11961271, 206560, 16373408]
Loop 559 [35951202, 19303687, 251266, 16378659]
Loop 560 [35889817, 19422591, 278214, 16148637]
Loop 561 [35468234, 19031495, 281987, 16136044]
Loop 562 [35734641, 19136636, 250449, 16331357]
Loop 563 [35780818, 19356605, 266120, 16140419]
Loop 564 [35802252, 19155698, 275514, 16324825]
Loop 565 [35864926, 19249679, 250782, 16347252]
Loop 566 [35784746, 19336660, 259434, 16171236]
Loop 567 [28204046, 11773099, 215302, 16172949]
Loop 568 [35574317, 19125557, 266418, 16163827]
Loop 569 [35837868, 19229263, 257096, 16332325]
Loop 570 [35844047, 19250258, 256528, 16319198]
Loop 571 [30028611, 12142905, 222451, 16398139]
Loop 572 [35931069, 19462249, 277317, 16174431]
Loop 573 [35832223, 19221746, 260715, 16331602]
Loop 574 [35879131, 19265968, 264771, 16330400]
Loop 575 [35878724, 19408348, 258731, 16173027]
Loop 576 [28136067, 11715045, 214388, 16189679]
Loop 577 [28178941, 11758446, 217790, 16184629]
Loop 578 [71730613, 55104645, 241608, 16342412]
Loop 579 [28687327, 12104841, 211294, 16354924]
Loop 580 [28624049, 12013783, 196856, 16399090]
Loop 581 [35874587, 19427835, 263318, 16166242]
Loop 582 [36823773, 20081569, 553527, 16111805]
Loop 583 [28692280, 12024992, 310732, 16303331]
Loop 584 [28706165, 12092922, 234963, 16363209]
Loop 585 [35953274, 19335455, 238896, 16361612]
Loop 586 [36030524, 19357082, 252506, 16380120]
Loop 587 [36503632, 20046564, 271189, 16170725]
Loop 588 [35833164, 19223599, 253575, 16331909]
Loop 589 [35805020, 19388699, 261446, 16138957]
Loop 590 [34647287, 18209012, 258459, 16138135]
Loop 591 [35512538, 19073380, 264034, 16156845]
Loop 592 [34947995, 18524100, 274549, 16128996]
Loop 593 [35851905, 19238079, 273300, 16298848]
Loop 594 [35804548, 19357414, 264898, 16165861]
Loop 595 [35574337, 19145601, 261292, 16148617]
Loop 596 [35731626, 19140044, 256195, 16316854]
Loop 597 [28782377, 12148243, 214417, 16379335]
Loop 598 [35886373, 19281063, 247152, 16342836]
Loop 599 [28595341, 11990299, 188805, 16397042]
Loop 600 [36088833, 19473270, 248087, 16351949]
Loop 601 [61875601, 45214047, 242070, 16380438]
Loop 602 [28900470, 12295226, 204652, 16383117]
Loop 603 [35855725, 19409985, 266949, 16161382]
Loop 604 [35706985, 19119276, 505977, 15962988]
Loop 605 [28220532, 11796253, 326302, 16080928]
Loop 606 [35810119, 19163222, 535023, 16094088]
Loop 607 [35914311, 19286012, 260287, 16346855]
Loop 608 [35887484, 19239439, 254800, 16352168]
Loop 609 [35903221, 19424753, 262770, 16194918]
Loop 610 [28137174, 11716405, 217430, 16188445]
Loop 611 [28164039, 11730567, 211938, 16203242]
Loop 612 [35551301, 19074408, 268159, 16162199]
Loop 613 [35819598, 19195931, 250627, 16356141]
Loop 614 [35827309, 19377083, 270875, 16160362]
Loop 615 [35559914, 19085046, 269132, 16159133]
Loop 616 [35867791, 19231417, 256892, 16361121]
Loop 617 [35812244, 19369986, 266819, 16158969]
Loop 618 [35815443, 19178315, 248368, 16370028]
Loop 619 [35781745, 19312530, 264233, 16161092]
Loop 620 [35863323, 19241822, 275674, 16330698]
Loop 621 [35847161, 19408207, 267469, 16145689]
Loop 622 [60664642, 43992300, 267238, 16346230]
Loop 623 [35983025, 19527971, 276233, 16159114]
Loop 624 [28191351, 11766879, 217634, 16189069]
Loop 625 [35728079, 19105621, 275359, 16327772]
Loop 626 [36002547, 19483969, 516882, 15937227]
Loop 627 [35767128, 19159823, 409609, 16182119]
Loop 628 [35826222, 19378076, 323758, 16105593]
Loop 629 [36467944, 19177661, 928087, 16344695]
Loop 630 [35901637, 19433664, 269070, 16157312]
Loop 631 [35757486, 19157068, 253373, 16330947]
Loop 632 [35920899, 19300032, 249630, 16352095]
Loop 633 [35913778, 19274620, 247540, 16352794]
Loop 634 [35912418, 19442678, 270968, 16180686]
Loop 635 [35514154, 19098972, 269688, 16127440]
Loop 636 [35760984, 19172311, 261511, 16309485]
Loop 637 [28621500, 12006231, 213348, 16364545]
Loop 638 [35877608, 19441120, 274202, 16144702]
Loop 639 [35682944, 19080407, 262249, 16323071]
Loop 640 [35804429, 19387281, 269604, 16130857]
Loop 641 [35531970, 19064617, 262069, 16159114]
Loop 642 [35173365, 18735183, 261230, 16159222]
Loop 643 [36167735, 19479306, 258865, 16409781]
Loop 644 [60757495, 43985466, 243968, 16480111]
Loop 645 [34935150, 18255877, 232889, 16428019]
Loop 646 [35914413, 19292328, 239893, 16363327]
Loop 647 [36263164, 19777314, 668112, 15794093]
Loop 648 [35841514, 19165734, 623478, 15998556]
Loop 649 [35941226, 19464000, 333896, 16125047]
Loop 650 [35740889, 19144139, 236418, 16342749]
Loop 651 [35479327, 18896659, 253826, 16311908]
Loop 652 [28651564, 12018449, 198894, 16396385]
Loop 653 [35888613, 19274484, 236046, 16354201]
Loop 654 [28617985, 12010067, 189755, 16403740]
Loop 655 [35952830, 19489869, 265421, 16158292]
Loop 656 [35700295, 19109518, 254337, 16319728]
Loop 657 [35871405, 19288269, 243103, 16323505]
Loop 658 [35897506, 19288304, 241040, 16352394]
Loop 659 [35951732, 19308779, 227718, 16375833]
Loop 660 [28615943, 12008401, 209956, 16382093]
Loop 661 [36062412, 19435909, 242857, 16366553]
Loop 662 [36024404, 19395571, 236843, 16372270]
Loop 663 [28816105, 12184204, 215312, 16371991]
Loop 664 [35953137, 19497806, 271817, 16165672]
Loop 665 [35876015, 19278069, 240344, 16341460]
Loop 666 [35806644, 19361558, 261835, 16143734]
Loop 667 [28145026, 11728099, 209085, 16185480]
Loop 668 [28211796, 11727755, 249221, 16199000]
Loop 669 [35516013, 19099354, 255476, 16143007]
Loop 670 [28314362, 11821788, 220621, 16228085]
Loop 671 [35904321, 19277271, 268733, 16339806]
Loop 672 [28612672, 11991308, 213131, 16392203]
Loop 673 [35931033, 19415124, 265779, 16198678]
Loop 674 [61947434, 45302089, 233152, 16372710]
Loop 675 [28656326, 12029857, 193238, 16417354]
Loop 676 [35943846, 19455421, 266481, 16204634]
Loop 677 [35949089, 19250856, 506171, 16129180]
Loop 678 [35993183, 19471855, 426910, 16052969]
Loop 679 [28162485, 11718428, 258844, 16168162]
Loop 680 [35828985, 19216172, 242144, 16354131]
Loop 681 [28675793, 12033260, 229974, 16371219]
Loop 682 [35869884, 19400100, 269001, 16182830]
Loop 683 [35740876, 19136283, 238294, 16350434]
Loop 684 [28638545, 11988909, 199944, 16428855]
Loop 685 [35957528, 19297595, 241377, 16366059]
Loop 686 [35985886, 19496420, 276073, 16194795]
Loop 687 [35554090, 19109112, 263828, 16164940]
Loop 688 [35806989, 19191010, 248940, 16351324]
Loop 689 [35391129, 18945931, 262443, 16145196]
Loop 690 [35848606, 19247394, 256294, 16328366]
Loop 691 [60280351, 43646056, 244114, 16374328]
Loop 692 [35897397, 19280603, 241440, 16334798]
Loop 693 [35930912, 19312819, 247256, 16355043]
Loop 694 [35943887, 19324690, 232468, 16369749]
Loop 695 [29338800, 12219088, 1187325, 15882522]
Loop 696 [28885321, 12237168, 353417, 16251113]
Loop 697 [35887582, 19414157, 335499, 16120218]
Loop 698 [35482505, 19044314, 275656, 16144756]
Loop 699 [35502630, 19070796, 266467, 16145538]
Loop 700 [35813421, 19187940, 244391, 16340640]
Loop 701 [35868616, 19260849, 241811, 16350115]
Loop 702 [35914283, 19461073, 286117, 16149120]
Loop 703 [35519651, 19065500, 268364, 16142346]
Loop 704 [35472749, 19041661, 276607, 16136289]
Loop 705 [28165622, 11744104, 224569, 16179931]
Loop 706 [28173326, 11746162, 221197, 16189612]
Loop 707 [35891584, 19252564, 237671, 16355873]
Loop 708 [28686847, 12080502, 203583, 16384886]
Loop 709 [35917223, 19299996, 232890, 16367766]
Loop 710 [35877262, 19411419, 268258, 16179616]
Loop 711 [35515348, 19060278, 283041, 16128612]
Loop 712 [35164896, 18741840, 260733, 16146175]
Loop 713 [35550255, 19123446, 268819, 16134075]
Loop 714 [35513916, 19055046, 266511, 16150449]
Loop 715 [28249551, 11814556, 228657, 16189056]
Loop 716 [35873798, 19265357, 256560, 16336108]
Loop 717 [35946566, 19497081, 260116, 16169351]
Loop 718 [35586944, 19136378, 278379, 16126266]
Loop 719 [35889786, 19288029, 259402, 16325045]
Loop 720 [35854161, 19407686, 279016, 16148300]
Loop 721 [35534908, 19090320, 274074, 16147297]
Loop 722 [35558441, 19091988, 283795, 16127267]
Loop 723 [35785641, 19286159, 280256, 16200586]
Loop 724 [35525199, 19116436, 269925, 16120596]
Loop 725 [35923623, 19275445, 253957, 16348123]
Loop 726 [35960458, 19492647, 269091, 16180013]
Loop 727 [35789966, 19204122, 253172, 16315165]
Loop 728 [35834936, 19387735, 271366, 16157633]
Loop 729 [28162798, 11727348, 218179, 16175717]
Loop 730 [60138552, 43481560, 252220, 16348001]
Loop 731 [35961307, 19342324, 245123, 16351236]
Loop 732 [28795979, 12169537, 186375, 16395741]
Loop 733 [35945170, 19307501, 235897, 16383806]
Loop 734 [36156373, 19389701, 585062, 16087806]
Loop 735 [28907977, 12278951, 547039, 16065407]
Loop 736 [28919091, 12280829, 294551, 16303168]
Loop 737 [36005101, 19514507, 280368, 16193806]
Loop 738 [35808036, 19187959, 259968, 16343395]
Loop 739 [34997019, 18363813, 248502, 16367245]
Loop 740 [35962986, 19462111, 241497, 16216683]
Loop 741 [35575930, 19135817, 260293, 16161126]
Loop 742 [28210885, 11759761, 192853, 16240994]
Loop 743 [35790390, 19170842, 273753, 16329090]
Loop 744 [35773859, 19324856, 237931, 16172097]
Loop 745 [35797886, 19154505, 274071, 16353458]
Loop 746 [35811159, 19379709, 240112, 16173236]
Loop 747 [35779246, 19135024, 267041, 16334173]
Loop 748 [35905119, 19424279, 237377, 16224492]
Loop 749 [35616345, 18997470, 268140, 16333147]
Loop 750 [35814665, 19302375, 289573, 16204780]
Loop 751 [35874073, 19226000, 266774, 16336539]
Loop 752 [35828858, 19386354, 237723, 16188237]
Loop 753 [35761061, 19142402, 260049, 16341791]
Loop 754 [37583464, 21075368, 268760, 16193665]
Loop 755 [35552274, 19115961, 259354, 16161143]
Loop 756 [35733200, 19146430, 268586, 16301302]
Loop 757 [35967589, 19448016, 463020, 15996486]
Loop 758 [35773555, 19122286, 613687, 15995424]
Loop 759 [35957461, 19477307, 300215, 16159787]
Loop 760 [35851264, 19248682, 262506, 16323234]
Loop 761 [35858082, 19252021, 262899, 16327959]
Loop 762 [35915524, 19424779, 244220, 16204281]
Loop 763 [28202153, 11773112, 211332, 16198667]
Loop 764 [35538540, 19074713, 250841, 16161750]
Loop 765 [28207227, 11745028, 200888, 16216600]
Loop 766 [36597433, 19998000, 265584, 16316261]
Loop 767 [35879307, 19435058, 244658, 16180123]
Loop 768 [35795512, 19201761, 262890, 16314312]
Loop 769 [35273693, 18787428, 247713, 16193042]
Loop 770 [35791434, 19198011, 275508, 16300934]
Loop 771 [29271736, 12553207, 339137, 16303844]
Loop 772 [35969158, 19502083, 692016, 15756579]
Loop 773 [35611139, 19116345, 487381, 15957138]
Loop 774 [35817979, 19209191, 268814, 16321224]
Loop 775 [35885097, 19281804, 268253, 16318216]
Loop 776 [28595421, 11991463, 213793, 16353228]
Loop 777 [28699100, 12094583, 226686, 16361544]
Loop 778 [28767405, 12150711, 216105, 16384394]
Loop 779 [28745730, 12125202, 217559, 16388330]
Loop 780 [35963118, 19464730, 243972, 16212238]
Loop 781 [35767465, 19184682, 228819, 16338142]
Loop 782 [35671315, 19226868, 267367, 16160728]
Loop 783 [28174912, 11746928, 229730, 16179908]
Loop 784 [35835420, 19218316, 244169, 16328991]
Loop 785 [35889012, 19448037, 279417, 16144080]
Loop 786 [35546023, 19109937, 263393, 16153431]
Loop 787 [35808255, 19189120, 247508, 16336074]
Loop 788 [35390233, 18949804, 272136, 16150219]
Loop 789 [35781688, 19185121, 235049, 16343339]
Loop 790 [35258689, 18804732, 279695, 16158091]
Loop 791 [60290263, 43649561, 246618, 16351678]
Loop 792 [36208805, 19684746, 287981, 16210493]
Loop 793 [28196695, 11774864, 223585, 16179316]
Loop 794 [35850541, 19238374, 267478, 16327210]
Loop 795 [37429098, 20852090, 846926, 15657967]
Loop 796 [35763521, 19157034, 399543, 16189779]
Loop 797 [36043119, 19392275, 308476, 16325970]
Loop 798 [35612459, 18877475, 233435, 16417511]
Loop 799 [35930297, 19478443, 269997, 16150169]
Loop 800 [35880836, 19265355, 246374, 16350302]
Loop 801 [28727137, 12110391, 199469, 16401215]
Loop 802 [35851193, 19380211, 269615, 16158664]
Loop 803 [35760560, 19132245, 245810, 16364333]
Loop 804 [35982491, 19363331, 252757, 16349424]
Loop 805 [35760072, 19339974, 273613, 16129970]
Loop 806 [28214146, 11737312, 218703, 16213636]
Loop 807 [35874018, 19246674, 255825, 16353402]
Loop 808 [35776542, 19355529, 273766, 16130442]
Loop 809 [35900822, 19234191, 245861, 16376599]
Loop 810 [36039325, 19558290, 276527, 16186987]
Loop 811 [35923275, 19275448, 246299, 16382495]
Loop 812 [28684501, 12050506, 193382, 16426449]
Loop 813 [28685275, 12052073, 196327, 16396012]
Loop 814 [28754141, 12128508, 194843, 16414997]
Loop 815 [35895215, 19439361, 265537, 16173883]
Loop 816 [35734978, 19117218, 234411, 16365724]
Loop 817 [35524345, 18889655, 232842, 16360412]
Loop 818 [35928414, 19445996, 268043, 16198244]
Loop 819 [35799129, 19183022, 233029, 16367552]
Loop 820 [35933443, 19319307, 252311, 16345560]
Loop 821 [35894188, 19276945, 236357, 16363795]
Loop 822 [35748427, 19304326, 263914, 16162985]
Loop 823 [35487453, 19065736, 262377, 16141696]
Loop 824 [35872643, 19244033, 247451, 16337809]
Loop 825 [28736295, 12144680, 195160, 16379924]
Loop 826 [35938980, 19318859, 235322, 16367519]
Loop 827 [35724983, 19124324, 241574, 16343361]
Loop 828 [35913979, 19421569, 272171, 16178363]
Loop 829 [62403844, 45802982, 223935, 16355901]
Loop 830 [35769842, 19348652, 262077, 16140941]
Loop 831 [28179694, 11732584, 218262, 16187385]
Loop 832 [35851909, 19240835, 263770, 16329759]
Loop 833 [35870621, 19278132, 236971, 16338167]
Loop 834 [36484277, 19394970, 1360355, 15676271]
Loop 835 [35541388, 19080300, 516864, 15898593]
Loop 836 [28179637, 11747725, 248861, 16165755]
Loop 837 [35582317, 19157871, 266702, 16139849]
Loop 838 [35863131, 19253957, 273927, 16317613]
Loop 839 [35790289, 19347950, 262994, 16137825]
Loop 840 [35453705, 19037748, 272267, 16125057]
Loop 841 [35579000, 19157499, 258293, 16144976]
Loop 842 [35552923, 19093391, 267386, 16149254]
Loop 843 [28232445, 11799870, 213275, 16202208]
Loop 844 [28308415, 11863716, 225042, 16201386]
Loop 845 [35896043, 19298878, 258737, 16322591]
Loop 846 [35838581, 19390849, 261513, 16145697]
Loop 847 [28228912, 11809004, 218148, 16183698]
Loop 848 [35732926, 19137156, 264619, 16313511]
Loop 849 [35957138, 19334763, 252210, 16351781]
Loop 850 [28680115, 12050207, 194684, 16397334]
Loop 851 [35846200, 19394966, 264831, 16170790]
Loop 852 [35763881, 19181931, 246904, 16318296]
Loop 853 [35998635, 19352276, 241283, 16364689]
Loop 854 [35926344, 19309142, 237383, 16363027]
Loop 855 [35911440, 19452764, 265181, 16176951]
Loop 856 [35731582, 19136427, 246227, 16330731]
Loop 857 [35684098, 19040177, 243292, 16361362]
Loop 858 [35935690, 19329992, 244212, 16344780]
Loop 859 [35918158, 19460678, 254952, 16186042]
Loop 860 [35811464, 19197473, 245316, 16350101]
Loop 861 [35992184, 19333731, 256095, 16363409]
Loop 862 [28696247, 12079624, 205036, 16396037]
Loop 863 [35944439, 19334046, 245100, 16348188]
Loop 864 [60504599, 43831235, 249597, 16377847]
Loop 865 [35942653, 19487554, 264243, 16175229]
Loop 866 [35264590, 18632820, 264484, 16348811]
Loop 867 [35900528, 19441335, 266386, 16176957]
Loop 868 [35585190, 19124601, 255080, 16163724]
Loop 869 [35567641, 19076639, 766899, 15679738]
Loop 870 [28241119, 11769198, 487198, 15968629]
Loop 871 [35550884, 19097390, 368221, 16067183]
Loop 872 [35908887, 19248517, 272676, 16344393]
Loop 873 [35957563, 19339413, 253289, 16347125]
Loop 874 [35877751, 19400995, 261836, 16196829]
Loop 875 [35271758, 18616769, 252335, 16359397]
Loop 876 [35943588, 19465434, 268886, 16191543]
Loop 877 [28243951, 11773892, 240869, 16195130]
Loop 878 [35273174, 18646255, 253698, 16353905]
Loop 879 [36033383, 19366708, 253348, 16373135]
Loop 880 [28683514, 12044206, 196436, 16427536]
Loop 881 [35960292, 19489615, 294430, 16157962]
Loop 882 [61207200, 44524350, 270521, 16360235]
Loop 883 [35314827, 18847664, 280210, 16169320]
Loop 884 [35847748, 19219328, 253619, 16356888]
Loop 885 [34981300, 18517779, 266370, 16180403]
Loop 886 [35667683, 19098062, 464611, 15971710]
Loop 887 [35891311, 19260854, 446323, 16163750]
Loop 888 [35923551, 19436540, 323416, 16144286]
Loop 889 [34653990, 18061244, 250967, 16326362]
Loop 890 [35912656, 19261072, 263125, 16344344]
Loop 891 [35980367, 19367674, 247358, 16348816]
Loop 892 [35888155, 19441212, 263852, 16164938]
Loop 893 [28209492, 11761348, 222104, 16186019]
Loop 894 [35522637, 19098631, 263491, 16143020]
Loop 895 [35548427, 19112982, 255181, 16161183]
Loop 896 [35828862, 19238328, 249301, 16324568]
Loop 897 [35967930, 19333422, 255404, 16339123]
Loop 898 [35585775, 18999723, 257229, 16311230]
Loop 899 [35981233, 19365205, 236995, 16360270]
Loop 900 [35871187, 19418222, 260860, 16174217]
Loop 901 [35485193, 18845444, 253024, 16343680]
Loop 902 [35933222, 19479385, 258179, 16179412]
Loop 903 [35839568, 19249175, 256598, 16316786]
Loop 904 [35760591, 19284024, 253955, 16181498]
Loop 905 [35500734, 19074957, 277217, 16129417]
Loop 906 [35555536, 19120477, 265997, 16151063]
Loop 907 [34790511, 18207010, 253794, 16313775]
Loop 908 [35856812, 19403234, 269334, 16142934]
Loop 909 [35828367, 19225447, 250383, 16329004]
Loop 910 [38522016, 22031653, 308846, 16159846]
Loop 911 [35793765, 19202068, 260663, 16312433]
Loop 912 [28765129, 12148178, 211673, 16362756]
Loop 913 [35977860, 19362262, 247574, 16348202]
Loop 914 [35993742, 19437430, 530017, 15977921]
Loop 915 [35549540, 19079607, 412562, 16014413]
Loop 916 [28184716, 11762653, 262712, 16142758]
Loop 917 [35799631, 19211248, 281769, 16289078]
Loop 918 [34815813, 18365636, 259115, 16172419]
Loop 919 [35563462, 19116238, 259691, 16145872]
Loop 920 [28191031, 11775479, 218548, 16180842]
Loop 921 [35494599, 19041668, 264557, 16169631]
Loop 922 [35678543, 19215600, 262858, 16180379]
Loop 923 [35967003, 19312617, 264154, 16341163]
Loop 924 [35931373, 19334067, 252830, 16327241]
Loop 925 [35934461, 19319911, 251063, 16346388]
Loop 926 [35358390, 18715719, 252562, 16348526]
Loop 927 [28726774, 12120541, 208810, 16379956]
Loop 928 [35948863, 19496286, 267074, 16167524]
Loop 929 [35747146, 19157112, 241274, 16332453]
Loop 930 [35799805, 19356247, 257902, 16144636]
Loop 931 [35542978, 19103908, 264111, 16157495]
Loop 932 [35862966, 19227858, 270580, 16347488]
Loop 933 [28815229, 12136128, 212367, 16421788]
Loop 934 [28626336, 12011085, 200129, 16398372]
Loop 935 [35928549, 19287669, 250191, 16372256]
Loop 936 [50378807, 33873005, 409194, 16070956]
Loop 937 [35750438, 19106286, 427965, 16168529]
Loop 938 [35876035, 19394466, 325240, 16139879]
Loop 939 [35767639, 19256380, 255850, 16225509]
Loop 940 [35521025, 19072600, 271299, 16158441]
Loop 941 [35866512, 19212104, 255224, 16353385]
Loop 942 [28729261, 12108237, 215250, 16388849]
Loop 943 [28646665, 12020529, 202356, 16410430]
Loop 944 [35885996, 19403186, 260581, 16180570]
Loop 945 [35535748, 19101184, 261663, 16150225]
Loop 946 [35556786, 19122519, 262030, 16153175]
Loop 947 [35890869, 19252539, 276503, 16343507]
Loop 948 [35895492, 19406565, 267237, 16180524]
Loop 949 [35770374, 19158404, 255684, 16338586]
Loop 950 [35766622, 19321366, 266390, 16162645]
Loop 951 [35851947, 19252444, 254703, 16327286]
Loop 952 [28665954, 12055323, 203761, 16367301]
Loop 953 [35876779, 19264948, 240892, 16352239]
Loop 954 [28600460, 11993854, 199139, 16391864]
Loop 955 [35941738, 19320049, 235338, 16371127]
Loop 956 [35890671, 19413970, 262075, 16174272]
Loop 957 [35785133, 19191563, 244217, 16331679]
Loop 958 [35737730, 19332505, 258421, 16129817]
Loop 959 [34635865, 18184701, 253572, 16152574]
Loop 960 [35809136, 19201479, 252460, 16338996]
Loop 961 [35846151, 19253102, 260925, 16315192]
Loop 962 [35726648, 18986606, 326149, 16353608]
Loop 963 [35964114, 19331104, 244190, 16349400]
Loop 964 [35877615, 19255168, 244800, 16361194]
Loop 965 [35881759, 19253130, 245583, 16365539]
Loop 966 [35568547, 18904300, 243533, 16376984]
Loop 967 [35939346, 19493027, 273221, 16155810]
Loop 968 [35771217, 19174347, 255906, 16323932]
Loop 969 [28575101, 11992874, 210315, 16355870]
Loop 970 [28718544, 12102854, 204308, 16374211]
Loop 971 [37563166, 21105497, 258255, 16184025]
Loop 972 [28216177, 11799225, 220502, 16178346]
Loop 973 [35546457, 19099162, 260113, 16167976]
Loop 974 [35487627, 19040257, 265592, 16140068]
Loop 975 [35439479, 19020838, 261040, 16138631]
Loop 976 [36747653, 20068933, 940301, 15690900]
Loop 977 [35948949, 19472036, 418864, 16042184]
Loop 978 [35798362, 19137581, 398673, 16216029]
Loop 979 [35943882, 19496597, 265395, 16164353]
Loop 980 [35557982, 19141580, 228790, 16171016]
Loop 981 [35780372, 19168709, 277444, 16289592]
Loop 982 [35782831, 19353506, 232027, 16180114]
Loop 983 [35776991, 19184110, 266424, 16309703]
Loop 984 [28721505, 12104170, 221744, 16377773]
Loop 985 [35929607, 19279956, 267827, 16341037]
Loop 986 [35983859, 19341540, 275792, 16350095]
Loop 987 [28732074, 12115249, 224497, 16374280]
Loop 988 [35817296, 19367559, 242643, 16191555]
Loop 989 [35531810, 19086258, 252955, 16150080]
Loop 990 [35823880, 19239378, 268563, 16298655]
Loop 991 [35874723, 19277440, 275696, 16304819]
Loop 992 [28635632, 12013797, 211843, 16372862]
Loop 993 [28719183, 12101494, 222077, 16380901]
Loop 994 [35893752, 19438433, 243791, 16195968]
Loop 995 [35813277, 19205220, 271133, 16319935]
Loop 996 [37771479, 21088529, 303502, 16334975]
Loop 997 [36598435, 19295794, 1472959, 15776101]
Loop 998 [35907096, 19276087, 615836, 15997231]
Loop 999 [35920238, 19441344, 307407, 16155863]
replicas primary file /tmp67108864eccache.dat capacity 16777216
replicas slave file /tmp67108864eccache.datLQL0 capacity 16777216
replicas slave file /tmp67108864eccache.datLQL1 capacity 16777216
replicas slave file /tmp67108864eccache.datLQL2 capacity 16777216
replicas slave file /tmp67108864eccache.datLQL3 capacity 16777216
replicas slave file /tmp67108864eccache.datLQL4 capacity 16777216
