writeReplicas, filename /tmp67108864replicas.dat, size 67108864, loop 1000, storageClass 0, locationClass 0
starting benchmark...
ops 1000
final loop (us) 34316.415
Loop 0 (us) 34307.925
Loop 1 (us) 34370.85
Loop 2 (us) 34330.419
Loop 3 (us) 34325.409
Loop 4 (us) 33682.223
Loop 5 (us) 33668.464
Loop 6 (us) 33661.352
Loop 7 (us) 33666.215
Loop 8 (us) 33673.814
Loop 9 (us) 33667.688
Loop 10 (us) 33672.82
Loop 11 (us) 33661.333
Loop 12 (us) 33672.335
Loop 13 (us) 33650.535
Loop 14 (us) 33666.931
Loop 15 (us) 33662.779
Loop 16 (us) 33659.742
Loop 17 (us) 33647.545
Loop 18 (us) 33660.988
Loop 19 (us) 33650.116
Loop 20 (us) 33650.271
Loop 21 (us) 33649.475
Loop 22 (us) 33634.813
Loop 23 (us) 33628.615
Loop 24 (us) 33623.644
Loop 25 (us) 33619.135
Loop 26 (us) 33624.161
Loop 27 (us) 33602.027
Loop 28 (us) 33637.47
Loop 29 (us) 34174.028
Loop 30 (us) 34152.757
Loop 31 (us) 34293.826
Loop 32 (us) 34318.894
Loop 33 (us) 34298.433
Loop 34 (us) 34328.333
Loop 35 (us) 34906.933
Loop 36 (us) 34314.061
Loop 37 (us) 34310.041
Loop 38 (us) 34351.185
Loop 39 (us) 34310.747
Loop 40 (us) 34308.14
Loop 41 (us) 33635.273
Loop 42 (us) 33633.734
Loop 43 (us) 33638.236
Loop 44 (us) 33632.371
Loop 45 (us) 33633.671
Loop 46 (us) 33647.884
Loop 47 (us) 33648.18
Loop 48 (us) 33776.632
Loop 49 (us) 33683.117
Loop 50 (us) 33645.793
Loop 51 (us) 33632.123
Loop 52 (us) 33619.081
Loop 53 (us) 33623.356
Loop 54 (us) 33627.603
Loop 55 (us) 33639.15
Loop 56 (us) 33634.189
Loop 57 (us) 33635.581
Loop 58 (us) 33635.578
Loop 59 (us) 33617.994
Loop 60 (us) 33626.259
Loop 61 (us) 33615.155
Loop 62 (us) 33628.589
Loop 63 (us) 33641.937
Loop 64 (us) 33641.466
Loop 65 (us) 33634.077
Loop 66 (us) 33625.545
Loop 67 (us) 33631.42
Loop 68 (us) 33630.436
Loop 69 (us) 33622.954
Loop 70 (us) 33616.819
Loop 71 (us) 33622.977
Loop 72 (us) 33625.962
Loop 73 (us) 33621.321
Loop 74 (us) 33633.407
Loop 75 (us) 34428.876
Loop 76 (us) 34270.152
Loop 77 (us) 34324.486
Loop 78 (us) 34311.865
Loop 79 (us) 34306.997
Loop 80 (us) 34140.337
Loop 81 (us) 34285.755
Loop 82 (us) 34301.881
Loop 83 (us) 34320.87
Loop 84 (us) 34305.42
Loop 85 (us) 34295.57
Loop 86 (us) 34281.562
Loop 87 (us) 33763.493
Loop 88 (us) 33645.948
Loop 89 (us) 33637.953
Loop 90 (us) 33627.177
Loop 91 (us) 33626.464
Loop 92 (us) 33610.046
Loop 93 (us) 33620.967
Loop 94 (us) 33626.68
Loop 95 (us) 33612.817
Loop 96 (us) 33621.102
Loop 97 (us) 33622.011
Loop 98 (us) 33634.056
Loop 99 (us) 33617.653
Loop 100 (us) 34297.317
Loop 101 (us) 34307.888
Loop 102 (us) 34299.621
Loop 103 (us) 34332.446
Loop 104 (us) 34309.497
Loop 105 (us) 34332.928
Loop 106 (us) 33643.54
Loop 107 (us) 33630.714
Loop 108 (us) 33730.498
Loop 109 (us) 33637.37
Loop 110 (us) 33764.929
Loop 111 (us) 33618.011
Loop 112 (us) 33623.27
Loop 113 (us) 33620.378
Loop 114 (us) 33633.704
Loop 115 (us) 33605.384
Loop 116 (us) 33628.648
Loop 117 (us) 33613.998
Loop 118 (us) 34305.32
Loop 119 (us) 34296.371
Loop 120 (us) 34321.399
Loop 121 (us) 34331.545
Loop 122 (us) 34320.766
Loop 123 (us) 34337.676
Loop 124 (us) 34331.355
Loop 125 (us) 34334.187
Loop 126 (us) 34327.646
Loop 127 (us) 34316.981
Loop 128 (us) 34332.217
Loop 129 (us) 34319.248
Loop 130 (us) 34313.783
Loop 131 (us) 34310.782
Loop 132 (us) 34339.648
Loop 133 (us) 34315.654
Loop 134 (us) 34323.539
Loop 135 (us) 34324.732
Loop 136 (us) 34304.872
Loop 137 (us) 34312.584
Loop 138 (us) 34313.462
Loop 139 (us) 34313.326
Loop 140 (us) 34310.879
Loop 141 (us) 34327.625
Loop 142 (us) 34322.216
Loop 143 (us) 34302.77
Loop 144 (us) 34308.977
Loop 145 (us) 34306.266
Loop 146 (us) 34307.348
Loop 147 (us) 34310.65
Loop 148 (us) 34311.288
Loop 149 (us) 34318.788
Loop 150 (us) 34301.15
Loop 151 (us) 34311.704
Loop 152 (us) 34337.056
Loop 153 (us) 34313.897
Loop 154 (us) 33817.011
Loop 155 (us) 33651.163
Loop 156 (us) 33656.705
Loop 157 (us) 33732.277
Loop 158 (us) 34165.895
Loop 159 (us) 34134.538
Loop 160 (us) 34138.365
Loop 161 (us) 33620.967
Loop 162 (us) 33623.63
Loop 163 (us) 33626.257
Loop 164 (us) 33624.274
Loop 165 (us) 33632.393
Loop 166 (us) 33627.384
Loop 167 (us) 33629.372
Loop 168 (us) 33637.037
Loop 169 (us) 33631.966
Loop 170 (us) 33631.426
Loop 171 (us) 33629.845
Loop 172 (us) 34302.212
Loop 173 (us) 34295.257
Loop 174 (us) 34320.644
Loop 175 (us) 34297.324
Loop 176 (us) 34305.802
Loop 177 (us) 34314.465
Loop 178 (us) 34318.06
Loop 179 (us) 34321.501
Loop 180 (us) 34313.955
Loop 181 (us) 34305.699
Loop 182 (us) 34328.911
Loop 183 (us) 34294.28
Loop 184 (us) 34319.199
Loop 185 (us) 34326.471
Loop 186 (us) 34318.029
Loop 187 (us) 34305.155
Loop 188 (us) 34327.245
Loop 189 (us) 34305.965
Loop 190 (us) 34312.074
Loop 191 (us) 34311.885
Loop 192 (us) 34312.833
Loop 193 (us) 34298.553
Loop 194 (us) 34325.065
Loop 195 (us) 34316.952
Loop 196 (us) 34340.243
Loop 197 (us) 34316.797
Loop 198 (us) 34308.922
Loop 199 (us) 34308.682
Loop 200 (us) 33835.445
Loop 201 (us) 33621.126
Loop 202 (us) 33623.032
Loop 203 (us) 33619.287
Loop 204 (us) 33627.07
Loop 205 (us) 33644.624
Loop 206 (us) 33625.675
Loop 207 (us) 33617.234
Loop 208 (us) 34375.162
Loop 209 (us) 34281.432
Loop 210 (us) 34308.422
Loop 211 (us) 34320.868
Loop 212 (us) 34312.077
Loop 213 (us) 34305.53
Loop 214 (us) 34299.94
Loop 215 (us) 34324.45
Loop 216 (us) 34306.715
Loop 217 (us) 34310.552
Loop 218 (us) 34308.83
Loop 219 (us) 34320.809
Loop 220 (us) 34308.474
Loop 221 (us) 34327.376
Loop 222 (us) 34328.429
Loop 223 (us) 34312.346
Loop 224 (us) 34305.462
Loop 225 (us) 34321.792
Loop 226 (us) 34299.103
Loop 227 (us) 34306.98
Loop 228 (us) 34318.615
Loop 229 (us) 34311.056
Loop 230 (us) 34309.696
Loop 231 (us) 34306.434
Loop 232 (us) 34316.853
Loop 233 (us) 34320.984
Loop 234 (us) 33640.191
Loop 235 (us) 33636.313
Loop 236 (us) 33630.739
Loop 237 (us) 33722.535
Loop 238 (us) 33632.78
Loop 239 (us) 33615.873
Loop 240 (us) 33635.692
Loop 241 (us) 33621.444
Loop 242 (us) 33626.736
Loop 243 (us) 33638.87
Loop 244 (us) 33627.88
Loop 245 (us) 33621.765
Loop 246 (us) 33606.755
Loop 247 (us) 33617.863
Loop 248 (us) 33622.046
Loop 249 (us) 33626.143
Loop 250 (us) 33620.288
Loop 251 (us) 33625.682
Loop 252 (us) 33619.267
Loop 253 (us) 33633.7
Loop 254 (us) 33628.398
Loop 255 (us) 33628.339
Loop 256 (us) 33622.344
Loop 257 (us) 33611.185
Loop 258 (us) 33626.019
Loop 259 (us) 33640.632
Loop 260 (us) 33613.432
Loop 261 (us) 33624.409
Loop 262 (us) 33632.694
Loop 263 (us) 33631.047
Loop 264 (us) 33604.938
Loop 265 (us) 33624.642
Loop 266 (us) 33622.271
Loop 267 (us) 33677.578
Loop 268 (us) 33618.092
Loop 269 (us) 33620.258
Loop 270 (us) 33654.131
Loop 271 (us) 33679.222
Loop 272 (us) 33645.324
Loop 273 (us) 33619.174
Loop 274 (us) 33630.941
Loop 275 (us) 33608.01
Loop 276 (us) 33624.429
Loop 277 (us) 33614.074
Loop 278 (us) 33619.203
Loop 279 (us) 33653.581
Loop 280 (us) 33623.522
Loop 281 (us) 33623.17
Loop 282 (us) 33618.964
Loop 283 (us) 34155.088
Loop 284 (us) 34150.818
Loop 285 (us) 34294.386
Loop 286 (us) 34317.313
Loop 287 (us) 34305.278
Loop 288 (us) 34331.721
Loop 289 (us) 34324.215
Loop 290 (us) 34315.84
Loop 291 (us) 34306.159
Loop 292 (us) 34329.963
Loop 293 (us) 34324.426
Loop 294 (us) 34306.651
Loop 295 (us) 34335.61
Loop 296 (us) 34321.886
Loop 297 (us) 34329.838
Loop 298 (us) 34316.431
Loop 299 (us) 34370.226
Loop 300 (us) 34329.869
Loop 301 (us) 34310.363
Loop 302 (us) 34325.939
Loop 303 (us) 34345.771
Loop 304 (us) 34318.285
Loop 305 (us) 34311.233
Loop 306 (us) 34326.555
Loop 307 (us) 34311.01
Loop 308 (us) 34321.745
Loop 309 (us) 34309.112
Loop 310 (us) 34326.528
Loop 311 (us) 34310.663
Loop 312 (us) 34316.43
Loop 313 (us) 34324.257
Loop 314 (us) 34323.198
Loop 315 (us) 34311.956
Loop 316 (us) 34325.09
Loop 317 (us) 34316.254
Loop 318 (us) 34323.63
Loop 319 (us) 34303.566
Loop 320 (us) 34325.63
Loop 321 (us) 34319.161
Loop 322 (us) 34317.798
Loop 323 (us) 34334.952
Loop 324 (us) 34319.683
Loop 325 (us) 34323.966
Loop 326 (us) 34317.389
Loop 327 (us) 34343.209
Loop 328 (us) 34309.236
Loop 329 (us) 33779.828
Loop 330 (us) 33642.315
Loop 331 (us) 33617.966
Loop 332 (us) 33635.282
Loop 333 (us) 33670.683
Loop 334 (us) 33627.241
Loop 335 (us) 33628.788
Loop 336 (us) 33627.114
Loop 337 (us) 33620.692
Loop 338 (us) 33622.492
Loop 339 (us) 33626.877
Loop 340 (us) 33622.475
Loop 341 (us) 33689.642
Loop 342 (us) 33625.926
Loop 343 (us) 33684.505
Loop 344 (us) 33693.404
Loop 345 (us) 33677.537
Loop 346 (us) 33623.9
Loop 347 (us) 33635.047
Loop 348 (us) 33642.537
Loop 349 (us) 33633.648
Loop 350 (us) 33623.112
Loop 351 (us) 33636.66
Loop 352 (us) 33608.414
Loop 353 (us) 33611.516
Loop 354 (us) 33626.716
Loop 355 (us) 33636.302
Loop 356 (us) 33616.176
Loop 357 (us) 33634.22
Loop 358 (us) 33617.193
Loop 359 (us) 33751.39
Loop 360 (us) 34156.963
Loop 361 (us) 34312.418
Loop 362 (us) 34307.376
Loop 363 (us) 34300.714
Loop 364 (us) 34382.834
Loop 365 (us) 34318.892
Loop 366 (us) 34311.21
Loop 367 (us) 34310.687
Loop 368 (us) 34317.038
Loop 369 (us) 34302.235
Loop 370 (us) 34322.531
Loop 371 (us) 34312.419
Loop 372 (us) 34308.792
Loop 373 (us) 34319.726
Loop 374 (us) 34309.429
Loop 375 (us) 34340.616
Loop 376 (us) 34316.72
Loop 377 (us) 34157.738
Loop 378 (us) 34279.765
Loop 379 (us) 34320.754
Loop 380 (us) 34306.197
Loop 381 (us) 34306.37
Loop 382 (us) 34321.559
Loop 383 (us) 34311.645
Loop 384 (us) 34323.806
Loop 385 (us) 34312.162
Loop 386 (us) 34369.008
Loop 387 (us) 34308.071
Loop 388 (us) 34620.742
Loop 389 (us) 34351.714
Loop 390 (us) 34310.152
Loop 391 (us) 34303.524
Loop 392 (us) 34318.172
Loop 393 (us) 34312.752
Loop 394 (us) 34324.25
Loop 395 (us) 34327.301
Loop 396 (us) 34311.205
Loop 397 (us) 34318.519
Loop 398 (us) 34315.628
Loop 399 (us) 34310.185
Loop 400 (us) 34303.914
Loop 401 (us) 34315.015
Loop 402 (us) 34318.463
Loop 403 (us) 34340.754
Loop 404 (us) 34313.329
Loop 405 (us) 34322.417
Loop 406 (us) 34323.498
Loop 407 (us) 34310.211
Loop 408 (us) 34328.682
Loop 409 (us) 34324.914
Loop 410 (us) 34311.626
Loop 411 (us) 34304.303
Loop 412 (us) 34305.32
Loop 413 (us) 34316.936
Loop 414 (us) 34314.317
Loop 415 (us) 34308.119
Loop 416 (us) 34312.602
Loop 417 (us) 34309.093
Loop 418 (us) 34356.193
Loop 419 (us) 34321.364
Loop 420 (us) 34348.575
Loop 421 (us) 34299.852
Loop 422 (us) 34301.253
Loop 423 (us) 34357.402
Loop 424 (us) 34370.205
Loop 425 (us) 34327.454
Loop 426 (us) 34317.946
Loop 427 (us) 34306.702
Loop 428 (us) 34309.149
Loop 429 (us) 34325.065
Loop 430 (us) 34307.558
Loop 431 (us) 34311.599
Loop 432 (us) 34322.52
Loop 433 (us) 34328.42
Loop 434 (us) 34303.427
Loop 435 (us) 34313.865
Loop 436 (us) 34311.121
Loop 437 (us) 34312.121
Loop 438 (us) 34329.345
Loop 439 (us) 34312.5
Loop 440 (us) 34316.881
Loop 441 (us) 34312.559
Loop 442 (us) 34314.363
Loop 443 (us) 34328.979
Loop 444 (us) 34320.164
Loop 445 (us) 34339.532
Loop 446 (us) 34294.712
Loop 447 (us) 34321.616
Loop 448 (us) 34315.654
Loop 449 (us) 34309.541
Loop 450 (us) 34320.239
Loop 451 (us) 34309.822
Loop 452 (us) 34309.98
Loop 453 (us) 34317.212
Loop 454 (us) 34310.868
Loop 455 (us) 34335.115
Loop 456 (us) 34313.508
Loop 457 (us) 34318.445
Loop 458 (us) 34393.711
Loop 459 (us) 34305.491
Loop 460 (us) 34331.242
Loop 461 (us) 34310.536
Loop 462 (us) 34306.812
Loop 463 (us) 34323.667
Loop 464 (us) 34318.49
Loop 465 (us) 34324.637
Loop 466 (us) 34318.408
Loop 467 (us) 34333.435
Loop 468 (us) 34317.67
Loop 469 (us) 34306.206
Loop 470 (us) 34325.896
Loop 471 (us) 34323.726
Loop 472 (us) 34315.041
Loop 473 (us) 34311.584
Loop 474 (us) 34313.243
Loop 475 (us) 34319.353
Loop 476 (us) 34332.105
Loop 477 (us) 34317.929
Loop 478 (us) 34309.343
Loop 479 (us) 34312.028
Loop 480 (us) 34333.04
Loop 481 (us) 34317.215
Loop 482 (us) 34316.073
Loop 483 (us) 34333.798
Loop 484 (us) 34328.722
Loop 485 (us) 34317.302
Loop 486 (us) 34306.166
Loop 487 (us) 34300.675
Loop 488 (us) 34369.715
Loop 489 (us) 34315.616
Loop 490 (us) 34330.934
Loop 491 (us) 34316.799
Loop 492 (us) 34313.513
Loop 493 (us) 34332.09
Loop 494 (us) 34319.754
Loop 495 (us) 34319.294
Loop 496 (us) 34303.878
Loop 497 (us) 34324.775
Loop 498 (us) 34306.795
Loop 499 (us) 34317.109
Loop 500 (us) 34320.083
Loop 501 (us) 34308.152
Loop 502 (us) 34330.889
Loop 503 (us) 34308.885
Loop 504 (us) 34326.246
Loop 505 (us) 34316.858
Loop 506 (us) 34323.717
Loop 507 (us) 34299.967
Loop 508 (us) 34324.753
Loop 509 (us) 34371.809
Loop 510 (us) 34325.592
Loop 511 (us) 34305.066
Loop 512 (us) 34317.417
Loop 513 (us) 34330.352
Loop 514 (us) 34296.333
Loop 515 (us) 34353.984
Loop 516 (us) 34325.442
Loop 517 (us) 34336.193
Loop 518 (us) 34331.086
Loop 519 (us) 34326.396
Loop 520 (us) 34315.555
Loop 521 (us) 34333.072
Loop 522 (us) 34315.864
Loop 523 (us) 34316.745
Loop 524 (us) 34323.57
Loop 525 (us) 34305.312
Loop 526 (us) 34313.519
Loop 527 (us) 34319.799
Loop 528 (us) 34312.467
Loop 529 (us) 34324.934
Loop 530 (us) 34328.494
Loop 531 (us) 34318.67
Loop 532 (us) 34317.012
Loop 533 (us) 34300.223
Loop 534 (us) 34316.254
Loop 535 (us) 34342.514
Loop 536 (us) 34322.74
Loop 537 (us) 34313.152
Loop 538 (us) 34329.291
Loop 539 (us) 34352.279
Loop 540 (us) 34320.419
Loop 541 (us) 34316.586
Loop 542 (us) 34302.397
Loop 543 (us) 34399.739
Loop 544 (us) 34324.277
Loop 545 (us) 34312.579
Loop 546 (us) 34304.041
Loop 547 (us) 34313.763
Loop 548 (us) 34314.391
Loop 549 (us) 34322.313
Loop 550 (us) 34310.018
Loop 551 (us) 34321.688
Loop 552 (us) 34304.199
Loop 553 (us) 34311.583
Loop 554 (us) 34316.995
Loop 555 (us) 34308.575
Loop 556 (us) 34312.921
Loop 557 (us) 34327.708
Loop 558 (us) 34312.306
Loop 559 (us) 34323.095
Loop 560 (us) 34318.446
Loop 561 (us) 34317.529
Loop 562 (us) 34312.34
Loop 563 (us) 34306.1
Loop 564 (us) 34304.23
Loop 565 (us) 34303.456
Loop 566 (us) 34340.052
Loop 567 (us) 34335.128
Loop 568 (us) 34310.353
Loop 569 (us) 34303.003
Loop 570 (us) 34324.649
Loop 571 (us) 34373.275
Loop 572 (us) 34320.381
Loop 573 (us) 34308.455
Loop 574 (us) 34297.439
Loop 575 (us) 34312.268
Loop 576 (us) 34316.72
Loop 577 (us) 34296.503
Loop 578 (us) 34310.078
Loop 579 (us) 34305.196
Loop 580 (us) 34307.835
Loop 581 (us) 34312.893
Loop 582 (us) 34320.206
Loop 583 (us) 34324.017
Loop 584 (us) 34299.082
Loop 585 (us) 34300.368
Loop 586 (us) 34309.925
Loop 587 (us) 34315.944
Loop 588 (us) 34317.453
Loop 589 (us) 34300.872
Loop 590 (us) 34305.843
Loop 591 (us) 34298.972
Loop 592 (us) 34320.129
Loop 593 (us) 34295.795
Loop 594 (us) 34322.77
Loop 595 (us) 34305.609
Loop 596 (us) 34305.968
Loop 597 (us) 34314.564
Loop 598 (us) 34321.646
Loop 599 (us) 34317.056
Loop 600 (us) 34293.998
Loop 601 (us) 34304.672
Loop 602 (us) 34378.845
Loop 603 (us) 34313.801
Loop 604 (us) 34315.197
Loop 605 (us) 34300.478
Loop 606 (us) 34305.33
Loop 607 (us) 34311.86
Loop 608 (us) 34323.716
Loop 609 (us) 34300.887
Loop 610 (us) 34312.843
Loop 611 (us) 34321.033
Loop 612 (us) 34305.515
Loop 613 (us) 34328.787
Loop 614 (us) 34315.251
Loop 615 (us) 34316.801
Loop 616 (us) 34326.454
Loop 617 (us) 34317.235
Loop 618 (us) 34295.128
Loop 619 (us) 34293.973
Loop 620 (us) 34284.849
Loop 621 (us) 34286.211
Loop 622 (us) 34304.074
Loop 623 (us) 34319.463
Loop 624 (us) 34300.317
Loop 625 (us) 34289.604
Loop 626 (us) 34300.475
Loop 627 (us) 34289.595
Loop 628 (us) 34281.831
Loop 629 (us) 38165.548
Loop 630 (us) 34314.24
Loop 631 (us) 34329.145
Loop 632 (us) 34344.912
Loop 633 (us) 34340.546
Loop 634 (us) 34357.855
Loop 635 (us) 34312.786
Loop 636 (us) 34302.577
Loop 637 (us) 34306.735
Loop 638 (us) 34308.842
Loop 639 (us) 34294.983
Loop 640 (us) 34326.05
Loop 641 (us) 34307.222
Loop 642 (us) 34315.493
Loop 643 (us) 34314.774
Loop 644 (us) 34312.031
Loop 645 (us) 34316.99
Loop 646 (us) 34303.999
Loop 647 (us) 34309.238
Loop 648 (us) 34320.363
Loop 649 (us) 34307.328
Loop 650 (us) 34308.541
Loop 651 (us) 34319.342
Loop 652 (us) 34307.536
Loop 653 (us) 34313.798
Loop 654 (us) 34314.15
Loop 655 (us) 34322.09
Loop 656 (us) 34312.204
Loop 657 (us) 34306.171
Loop 658 (us) 34303.824
Loop 659 (us) 34310.784
Loop 660 (us) 34310.044
Loop 661 (us) 34323.468
Loop 662 (us) 34306.788
Loop 663 (us) 34325.891
Loop 664 (us) 34319.61
Loop 665 (us) 34365.102
Loop 666 (us) 34364.86
Loop 667 (us) 34371.024
Loop 668 (us) 34325.679
Loop 669 (us) 34310.011
Loop 670 (us) 34306.92
Loop 671 (us) 34326.603
Loop 672 (us) 34297.43
Loop 673 (us) 34300.189
Loop 674 (us) 34297.097
Loop 675 (us) 34308.945
Loop 676 (us) 34303.801
Loop 677 (us) 34311.258
Loop 678 (us) 34309.77
Loop 679 (us) 34308.937
Loop 680 (us) 34304.218
Loop 681 (us) 34287.822
Loop 682 (us) 34311.049
Loop 683 (us) 34324.127
Loop 684 (us) 34323.75
Loop 685 (us) 34314.026
Loop 686 (us) 34304.422
Loop 687 (us) 34332.937
Loop 688 (us) 34308.756
Loop 689 (us) 34292.812
Loop 690 (us) 34321.261
Loop 691 (us) 34307.316
Loop 692 (us) 34293.413
Loop 693 (us) 34302.091
Loop 694 (us) 34312.822
Loop 695 (us) 34302.423
Loop 696 (us) 34307.471
Loop 697 (us) 34306.342
Loop 698 (us) 34293.456
Loop 699 (us) 34299.119
Loop 700 (us) 34314.69
Loop 701 (us) 34309.404
Loop 702 (us) 34322.501
Loop 703 (us) 34308.364
Loop 704 (us) 34309.718
Loop 705 (us) 34305.896
Loop 706 (us) 34310.462
Loop 707 (us) 34342.872
Loop 708 (us) 34327.789
Loop 709 (us) 34316.885
Loop 710 (us) 34307.116
Loop 711 (us) 34303.766
Loop 712 (us) 34321.39
Loop 713 (us) 34307.368
Loop 714 (us) 34312.544
Loop 715 (us) 34302.322
Loop 716 (us) 34322.797
Loop 717 (us) 34314.972
Loop 718 (us) 34315.401
Loop 719 (us) 34315.709
Loop 720 (us) 34318.177
Loop 721 (us) 34301.352
Loop 722 (us) 34321.15
Loop 723 (us) 34307.452
Loop 724 (us) 34325.029
Loop 725 (us) 34301.694
Loop 726 (us) 34322.399
Loop 727 (us) 34309.653
Loop 728 (us) 34315.169
Loop 729 (us) 34315.43
Loop 730 (us) 34314.065
Loop 731 (us) 34316.599
Loop 732 (us) 34311.495
Loop 733 (us) 34309.965
Loop 734 (us) 34302.942
Loop 735 (us) 34308.414
Loop 736 (us) 34316.876
Loop 737 (us) 34308.498
Loop 738 (us) 34329.846
Loop 739 (us) 34336.696
Loop 740 (us) 34342.222
Loop 741 (us) 34309.755
Loop 742 (us) 34326.466
Loop 743 (us) 34337.131
Loop 744 (us) 34372.085
Loop 745 (us) 34323.944
Loop 746 (us) 34318.245
Loop 747 (us) 34349.004
Loop 748 (us) 34316.472
Loop 749 (us) 34305.243
Loop 750 (us) 34311.508
Loop 751 (us) 34317.718
Loop 752 (us) 34319.104
Loop 753 (us) 34316.337
Loop 754 (us) 34303.573
Loop 755 (us) 34300.61
Loop 756 (us) 34324.309
Loop 757 (us) 34306.447
Loop 758 (us) 34310.312
Loop 759 (us) 34313.993
Loop 760 (us) 34314.669
Loop 761 (us) 34306.093
Loop 762 (us) 34308.46
Loop 763 (us) 34310.495
Loop 764 (us) 34315.174
Loop 765 (us) 34312.204
Loop 766 (us) 34302.362
Loop 767 (us) 34312.494
Loop 768 (us) 34309.927
Loop 769 (us) 34302.098
Loop 770 (us) 34289.312
Loop 771 (us) 34320.708
Loop 772 (us) 34305.585
Loop 773 (us) 34317.397
Loop 774 (us) 34307.121
Loop 775 (us) 34318.03
Loop 776 (us) 34315.554
Loop 777 (us) 34368.343
Loop 778 (us) 34307.719
Loop 779 (us) 34303.229
Loop 780 (us) 34312.07
Loop 781 (us) 34313.501
Loop 782 (us) 34315.543
Loop 783 (us) 34310.387
Loop 784 (us) 34315.74
Loop 785 (us) 34306.946
Loop 786 (us) 34346.199
Loop 787 (us) 34351.881
Loop 788 (us) 34327.618
Loop 789 (us) 34303.861
Loop 790 (us) 34360.476
Loop 791 (us) 34355.519
Loop 792 (us) 34316.881
Loop 793 (us) 34299.347
Loop 794 (us) 34315.725
Loop 795 (us) 34305.981
Loop 796 (us) 34322.573
Loop 797 (us) 34314.719
Loop 798 (us) 34306.372
Loop 799 (us) 34347.134
Loop 800 (us) 34328.577
Loop 801 (us) 34310.865
Loop 802 (us) 34315.416
Loop 803 (us) 34307.091
Loop 804 (us) 34312.083
Loop 805 (us) 34325.44
Loop 806 (us) 34355.679
Loop 807 (us) 34311.264
Loop 808 (us) 34304.704
Loop 809 (us) 34309.75
Loop 810 (us) 34314.223
Loop 811 (us) 34299.916
Loop 812 (us) 34306.094
Loop 813 (us) 34315.128
Loop 814 (us) 34300.549
Loop 815 (us) 34318.159
Loop 816 (us) 34307.667
Loop 817 (us) 34324.287
Loop 818 (us) 34305.95
Loop 819 (us) 34316.132
Loop 820 (us) 34306.545
Loop 821 (us) 34315.471
Loop 822 (us) 34318.21
Loop 823 (us) 34310.834
Loop 824 (us) 34328.876
Loop 825 (us) 34301.379
Loop 826 (us) 34313.208
Loop 827 (us) 34311.814
Loop 828 (us) 34317.914
Loop 829 (us) 34314.643
Loop 830 (us) 34300.588
Loop 831 (us) 34297.284
Loop 832 (us) 34307.513
Loop 833 (us) 34314.285
Loop 834 (us) 34319.98
Loop 835 (us) 34333.965
Loop 836 (us) 34376.261
Loop 837 (us) 34297.136
Loop 838 (us) 34297.79
Loop 839 (us) 34326.581
Loop 840 (us) 34307.013
Loop 841 (us) 34323.868
Loop 842 (us) 34308.118
Loop 843 (us) 34324.61
Loop 844 (us) 34306.025
Loop 845 (us) 34321.147
Loop 846 (us) 34321.837
Loop 847 (us) 34323.966
Loop 848 (us) 34305.004
Loop 849 (us) 34292.807
Loop 850 (us) 34316.235
Loop 851 (us) 34307.24
Loop 852 (us) 34331.475
Loop 853 (us) 34318.804
Loop 854 (us) 34316.045
Loop 855 (us) 34331.788
Loop 856 (us) 34305.166
Loop 857 (us) 34312.938
Loop 858 (us) 34317.919
Loop 859 (us) 34308.414
Loop 860 (us) 34299.586
Loop 861 (us) 34312.148
Loop 862 (us) 34331.697
Loop 863 (us) 38935.542
Loop 864 (us) 34324.755
Loop 865 (us) 34336.545
Loop 866 (us) 34296.026
Loop 867 (us) 34314.396
Loop 868 (us) 34371.797
Loop 869 (us) 34326.0
Loop 870 (us) 34320.045
Loop 871 (us) 34301.729
Loop 872 (us) 34331.018
Loop 873 (us) 34316.122
Loop 874 (us) 34322.326
Loop 875 (us) 34302.025
Loop 876 (us) 34312.13
Loop 877 (us) 34312.693
Loop 878 (us) 34325.282
Loop 879 (us) 34320.525
Loop 880 (us) 34317.322
Loop 881 (us) 34315.539
Loop 882 (us) 34296.936
Loop 883 (us) 34314.677
Loop 884 (us) 34292.705
Loop 885 (us) 34302.977
Loop 886 (us) 34309.374
Loop 887 (us) 34296.963
Loop 888 (us) 34317.499
Loop 889 (us) 34297.465
Loop 890 (us) 34302.524
Loop 891 (us) 34304.943
Loop 892 (us) 34315.518
Loop 893 (us) 34308.393
Loop 894 (us) 34317.334
Loop 895 (us) 34351.689
Loop 896 (us) 34297.451
Loop 897 (us) 34337.698
Loop 898 (us) 34314.863
Loop 899 (us) 34303.617
Loop 900 (us) 34313.08
Loop 901 (us) 34320.217
Loop 902 (us) 34310.378
Loop 903 (us) 34299.654
Loop 904 (us) 34324.35
Loop 905 (us) 34299.884
Loop 906 (us) 34315.034
Loop 907 (us) 34310.264
Loop 908 (us) 34329.059
Loop 909 (us) 34318.17
Loop 910 (us) 34317.988
Loop 911 (us) 34298.024
Loop 912 (us) 34318.123
Loop 913 (us) 34299.478
Loop 914 (us) 34310.821
Loop 915 (us) 34315.624
Loop 916 (us) 34315.989
Loop 917 (us) 34301.854
Loop 918 (us) 34320.318
Loop 919 (us) 34314.103
Loop 920 (us) 34299.788
Loop 921 (us) 34324.128
Loop 922 (us) 34302.691
Loop 923 (us) 34298.612
Loop 924 (us) 34306.969
Loop 925 (us) 34315.048
Loop 926 (us) 34299.119
Loop 927 (us) 34337.272
Loop 928 (us) 34321.911
Loop 929 (us) 34323.841
Loop 930 (us) 34310.812
Loop 931 (us) 34309.419
Loop 932 (us) 34307.142
Loop 933 (us) 34365.834
Loop 934 (us) 34312.378
Loop 935 (us) 34316.225
Loop 936 (us) 34306.807
Loop 937 (us) 34319.158
Loop 938 (us) 34303.579
Loop 939 (us) 34320.324
Loop 940 (us) 34307.645
Loop 941 (us) 34316.668
Loop 942 (us) 34314.98
Loop 943 (us) 34314.102
Loop 944 (us) 34315.403
Loop 945 (us) 34317.709
Loop 946 (us) 34310.98
Loop 947 (us) 34336.584
Loop 948 (us) 34321.723
Loop 949 (us) 34299.955
Loop 950 (us) 34304.161
Loop 951 (us) 34327.8
Loop 952 (us) 34319.605
Loop 953 (us) 34310.313
Loop 954 (us) 34334.867
Loop 955 (us) 34316.667
Loop 956 (us) 34294.9
Loop 957 (us) 34302.192
Loop 958 (us) 34305.442
Loop 959 (us) 34307.63
Loop 960 (us) 34340.653
Loop 961 (us) 34300.734
Loop 962 (us) 34318.121
Loop 963 (us) 34309.683
Loop 964 (us) 34313.917
Loop 965 (us) 34379.499
Loop 966 (us) 34313.872
Loop 967 (us) 34293.358
Loop 968 (us) 34314.164
Loop 969 (us) 34298.191
Loop 970 (us) 34322.836
Loop 971 (us) 34298.032
Loop 972 (us) 34304.952
Loop 973 (us) 34317.559
Loop 974 (us) 34326.999
Loop 975 (us) 34294.507
Loop 976 (us) 34304.788
Loop 977 (us) 34317.772
Loop 978 (us) 34300.201
Loop 979 (us) 34297.18
Loop 980 (us) 34302.268
Loop 981 (us) 34302.835
Loop 982 (us) 34294.915
Loop 983 (us) 34313.916
Loop 984 (us) 34320.927
Loop 985 (us) 34294.568
Loop 986 (us) 34291.74
Loop 987 (us) 34318.451
Loop 988 (us) 34323.925
Loop 989 (us) 34327.566
Loop 990 (us) 34292.213
Loop 991 (us) 34327.341
Loop 992 (us) 34298.877
Loop 993 (us) 34301.278
Loop 994 (us) 34369.33
Loop 995 (us) 34313.501
Loop 996 (us) 34315.843
Loop 997 (us) 34302.815
Loop 998 (us) 34323.775
Loop 999 (us) 34316.415
Warmup times 0
avgLoopLatency(us) 34197.698232
iops 29.24173414292148
variance 329.54905851936246
replicas primary file /tmp67108864replicas.dat capacity 67108864
replicas slave file /tmp67108864replicas.datLQL0 capacity 67108864
replicas slave file /tmp67108864replicas.datLQL1 capacity 67108864
