writeHydra, filename /tmp67108864hydra.dat, size 67108864, loop 1000, storageClass 0, locationClass 0
CrailConstants.REPLICATION_FACTOR has changed to 5
MicroEC Coding Ready

starting benchmark...
replicas primary file /tmp67108864hydra.dat capacity 0
replicas slave file /tmp67108864hydra.datLQL0 capacity 0
replicas slave file /tmp67108864hydra.datLQL1 capacity 0
replicas slave file /tmp67108864hydra.datLQL2 capacity 0
replicas slave file /tmp67108864hydra.datLQL3 capacity 0
replicas slave file /tmp67108864hydra.datLQL4 capacity 0
ops 1000
final loop (us) 26170.5
Loop 0 (us) 24383.529
Loop 1 (us) 17521.466
Loop 2 (us) 26148.486
Loop 3 (us) 24314.821
Loop 4 (us) 23949.9
Loop 5 (us) 25722.548
Loop 6 (us) 24346.771
Loop 7 (us) 25853.505
Loop 8 (us) 20088.942
Loop 9 (us) 24437.59
Loop 10 (us) 25619.333
Loop 11 (us) 24175.582
Loop 12 (us) 26038.882
Loop 13 (us) 26234.734
Loop 14 (us) 24376.654
Loop 15 (us) 25946.598
Loop 16 (us) 26042.375
Loop 17 (us) 26289.236
Loop 18 (us) 26301.195
Loop 19 (us) 27512.734
Loop 20 (us) 24423.211
Loop 21 (us) 25769.068
Loop 22 (us) 25861.565
Loop 23 (us) 24443.672
Loop 24 (us) 25901.923
Loop 25 (us) 24545.811
Loop 26 (us) 26135.357
Loop 27 (us) 20825.846
Loop 28 (us) 24179.433
Loop 29 (us) 24057.735
Loop 30 (us) 25828.172
Loop 31 (us) 26070.017
Loop 32 (us) 24385.155
Loop 33 (us) 25796.569
Loop 34 (us) 26263.303
Loop 35 (us) 20721.352
Loop 36 (us) 20716.694
Loop 37 (us) 24345.786
Loop 38 (us) 23993.673
Loop 39 (us) 49789.714
Loop 40 (us) 23921.803
Loop 41 (us) 25782.06
Loop 42 (us) 26376.921
Loop 43 (us) 20312.823
Loop 44 (us) 20195.395
Loop 45 (us) 24446.538
Loop 46 (us) 17162.799
Loop 47 (us) 17406.008
Loop 48 (us) 24032.98
Loop 49 (us) 25803.42
Loop 50 (us) 26218.93
Loop 51 (us) 24228.51
Loop 52 (us) 23944.662
Loop 53 (us) 17209.912
Loop 54 (us) 25792.566
Loop 55 (us) 26221.203
Loop 56 (us) 24440.891
Loop 57 (us) 17138.855
Loop 58 (us) 25838.614
Loop 59 (us) 24254.224
Loop 60 (us) 25878.265
Loop 61 (us) 24446.643
Loop 62 (us) 24001.508
Loop 63 (us) 25287.647
Loop 64 (us) 25849.603
Loop 65 (us) 25098.902
Loop 66 (us) 26069.756
Loop 67 (us) 24491.176
Loop 68 (us) 25782.202
Loop 69 (us) 24347.979
Loop 70 (us) 25894.928
Loop 71 (us) 24196.977
Loop 72 (us) 25733.456
Loop 73 (us) 20615.319
Loop 74 (us) 26235.873
Loop 75 (us) 23350.529
Loop 76 (us) 17351.063
Loop 77 (us) 17288.897
Loop 78 (us) 24208.689
Loop 79 (us) 25825.595
Loop 80 (us) 26232.87
Loop 81 (us) 24317.29
Loop 82 (us) 25399.913
Loop 83 (us) 27787.142
Loop 84 (us) 26145.124
Loop 85 (us) 24373.266
Loop 86 (us) 23915.185
Loop 87 (us) 24585.039
Loop 88 (us) 26101.251
Loop 89 (us) 20170.981
Loop 90 (us) 24648.138
Loop 91 (us) 25849.088
Loop 92 (us) 24500.073
Loop 93 (us) 23981.604
Loop 94 (us) 23944.744
Loop 95 (us) 17177.974
Loop 96 (us) 25933.778
Loop 97 (us) 24242.714
Loop 98 (us) 25759.681
Loop 99 (us) 26225.806
Loop 100 (us) 24816.973
Loop 101 (us) 23941.72
Loop 102 (us) 25837.72
Loop 103 (us) 26085.544
Loop 104 (us) 24417.376
Loop 105 (us) 25859.575
Loop 106 (us) 26192.867
Loop 107 (us) 26244.459
Loop 108 (us) 24332.513
Loop 109 (us) 24017.437
Loop 110 (us) 25891.697
Loop 111 (us) 24264.148
Loop 112 (us) 25653.853
Loop 113 (us) 20130.539
Loop 114 (us) 24285.361
Loop 115 (us) 23928.671
Loop 116 (us) 23976.884
Loop 117 (us) 25976.34
Loop 118 (us) 17144.289
Loop 119 (us) 25854.443
Loop 120 (us) 23565.234
Loop 121 (us) 23819.431
Loop 122 (us) 25959.214
Loop 123 (us) 24377.062
Loop 124 (us) 25390.662
Loop 125 (us) 24333.924
Loop 126 (us) 25748.418
Loop 127 (us) 25957.736
Loop 128 (us) 26265.873
Loop 129 (us) 20419.394
Loop 130 (us) 24276.777
Loop 131 (us) 23959.968
Loop 132 (us) 25805.366
Loop 133 (us) 26075.455
Loop 134 (us) 17179.293
Loop 135 (us) 25999.803
Loop 136 (us) 26101.192
Loop 137 (us) 26601.509
Loop 138 (us) 24376.727
Loop 139 (us) 24317.027
Loop 140 (us) 26109.77
Loop 141 (us) 20655.728
Loop 142 (us) 24331.023
Loop 143 (us) 17279.576
Loop 144 (us) 25691.606
Loop 145 (us) 26244.233
Loop 146 (us) 26220.174
Loop 147 (us) 24401.246
Loop 148 (us) 25799.681
Loop 149 (us) 23411.085
Loop 150 (us) 17205.939
Loop 151 (us) 25986.786
Loop 152 (us) 23678.511
Loop 153 (us) 23938.678
Loop 154 (us) 25824.563
Loop 155 (us) 23661.989
Loop 156 (us) 23924.8
Loop 157 (us) 25862.604
Loop 158 (us) 24452.861
Loop 159 (us) 17179.833
Loop 160 (us) 24035.155
Loop 161 (us) 17215.167
Loop 162 (us) 25850.789
Loop 163 (us) 24423.586
Loop 164 (us) 27610.756
Loop 165 (us) 20067.219
Loop 166 (us) 24341.44
Loop 167 (us) 17324.573
Loop 168 (us) 24747.407
Loop 169 (us) 24522.206
Loop 170 (us) 17188.411
Loop 171 (us) 25815.219
Loop 172 (us) 24429.587
Loop 173 (us) 26046.486
Loop 174 (us) 24410.467
Loop 175 (us) 17526.177
Loop 176 (us) 24030.986
Loop 177 (us) 23966.467
Loop 178 (us) 25833.77
Loop 179 (us) 20674.919
Loop 180 (us) 20675.435
Loop 181 (us) 26295.986
Loop 182 (us) 20060.544
Loop 183 (us) 24357.718
Loop 184 (us) 26012.023
Loop 185 (us) 24312.311
Loop 186 (us) 25910.087
Loop 187 (us) 26115.053
Loop 188 (us) 23990.757
Loop 189 (us) 23888.14
Loop 190 (us) 25904.394
Loop 191 (us) 20052.457
Loop 192 (us) 24330.511
Loop 193 (us) 23971.832
Loop 194 (us) 25743.251
Loop 195 (us) 26282.111
Loop 196 (us) 26101.465
Loop 197 (us) 24338.11
Loop 198 (us) 25783.861
Loop 199 (us) 26121.877
Loop 200 (us) 25910.274
Loop 201 (us) 24294.15
Loop 202 (us) 17201.99
Loop 203 (us) 25918.054
Loop 204 (us) 26170.379
Loop 205 (us) 24515.087
Loop 206 (us) 17279.755
Loop 207 (us) 25940.761
Loop 208 (us) 24129.861
Loop 209 (us) 25010.987
Loop 210 (us) 24438.597
Loop 211 (us) 26349.316
Loop 212 (us) 23963.305
Loop 213 (us) 26004.566
Loop 214 (us) 23608.547
Loop 215 (us) 25821.93
Loop 216 (us) 23960.583
Loop 217 (us) 23977.966
Loop 218 (us) 23965.771
Loop 219 (us) 24058.422
Loop 220 (us) 17202.321
Loop 221 (us) 25864.141
Loop 222 (us) 24158.078
Loop 223 (us) 26184.059
Loop 224 (us) 26224.029
Loop 225 (us) 24637.007
Loop 226 (us) 17389.195
Loop 227 (us) 25858.557
Loop 228 (us) 23981.801
Loop 229 (us) 23938.252
Loop 230 (us) 26449.729
Loop 231 (us) 26290.102
Loop 232 (us) 20163.612
Loop 233 (us) 26139.257
Loop 234 (us) 24381.643
Loop 235 (us) 17211.097
Loop 236 (us) 23909.613
Loop 237 (us) 26005.634
Loop 238 (us) 20059.765
Loop 239 (us) 26225.61
Loop 240 (us) 24304.361
Loop 241 (us) 17205.859
Loop 242 (us) 24017.348
Loop 243 (us) 25814.63
Loop 244 (us) 25143.245
Loop 245 (us) 26310.653
Loop 246 (us) 25260.131
Loop 247 (us) 26411.072
Loop 248 (us) 20749.76
Loop 249 (us) 28390.375
Loop 250 (us) 24408.66
Loop 251 (us) 25955.152
Loop 252 (us) 19976.316
Loop 253 (us) 26518.374
Loop 254 (us) 26174.812
Loop 255 (us) 25805.729
Loop 256 (us) 26539.922
Loop 257 (us) 25982.782
Loop 258 (us) 25770.992
Loop 259 (us) 24281.693
Loop 260 (us) 25723.251
Loop 261 (us) 24323.836
Loop 262 (us) 25785.565
Loop 263 (us) 24134.471
Loop 264 (us) 17205.309
Loop 265 (us) 26003.03
Loop 266 (us) 26236.448
Loop 267 (us) 24389.089
Loop 268 (us) 24053.174
Loop 269 (us) 23160.697
Loop 270 (us) 25761.707
Loop 271 (us) 24285.83
Loop 272 (us) 25832.968
Loop 273 (us) 26076.071
Loop 274 (us) 26133.832
Loop 275 (us) 24456.965
Loop 276 (us) 25881.517
Loop 277 (us) 24062.292
Loop 278 (us) 27541.929
Loop 279 (us) 24360.881
Loop 280 (us) 24010.122
Loop 281 (us) 23677.576
Loop 282 (us) 26121.434
Loop 283 (us) 24338.04
Loop 284 (us) 25957.784
Loop 285 (us) 24378.18
Loop 286 (us) 25786.735
Loop 287 (us) 24381.739
Loop 288 (us) 23928.095
Loop 289 (us) 23529.766
Loop 290 (us) 25811.882
Loop 291 (us) 20391.94
Loop 292 (us) 24352.067
Loop 293 (us) 25329.112
Loop 294 (us) 20030.553
Loop 295 (us) 26124.797
Loop 296 (us) 24338.035
Loop 297 (us) 23989.335
Loop 298 (us) 25820.596
Loop 299 (us) 26108.074
Loop 300 (us) 25490.003
Loop 301 (us) 24400.83
Loop 302 (us) 18729.956
Loop 303 (us) 23957.963
Loop 304 (us) 17233.488
Loop 305 (us) 17383.679
Loop 306 (us) 23953.689
Loop 307 (us) 17316.222
Loop 308 (us) 17342.317
Loop 309 (us) 24284.852
Loop 310 (us) 26088.375
Loop 311 (us) 24289.149
Loop 312 (us) 25338.056
Loop 313 (us) 26161.703
Loop 314 (us) 26078.454
Loop 315 (us) 20087.06
Loop 316 (us) 20318.401
Loop 317 (us) 24409.034
Loop 318 (us) 25787.771
Loop 319 (us) 25762.017
Loop 320 (us) 25207.061
Loop 321 (us) 25926.044
Loop 322 (us) 25788.932
Loop 323 (us) 20049.015
Loop 324 (us) 24301.287
Loop 325 (us) 17616.498
Loop 326 (us) 17154.339
Loop 327 (us) 25845.935
Loop 328 (us) 24485.982
Loop 329 (us) 26209.427
Loop 330 (us) 24148.383
Loop 331 (us) 26188.642
Loop 332 (us) 20151.861
Loop 333 (us) 24529.681
Loop 334 (us) 24492.784
Loop 335 (us) 25733.557
Loop 336 (us) 24355.453
Loop 337 (us) 24026.672
Loop 338 (us) 25901.041
Loop 339 (us) 20663.674
Loop 340 (us) 26208.382
Loop 341 (us) 26153.605
Loop 342 (us) 24417.785
Loop 343 (us) 17362.962
Loop 344 (us) 23962.626
Loop 345 (us) 25875.132
Loop 346 (us) 20703.186
Loop 347 (us) 26274.084
Loop 348 (us) 24273.418
Loop 349 (us) 17170.882
Loop 350 (us) 17150.487
Loop 351 (us) 25985.821
Loop 352 (us) 24354.045
Loop 353 (us) 25980.878
Loop 354 (us) 27745.395
Loop 355 (us) 20086.44
Loop 356 (us) 24359.607
Loop 357 (us) 26085.97
Loop 358 (us) 24318.311
Loop 359 (us) 24173.014
Loop 360 (us) 17275.951
Loop 361 (us) 24073.278
Loop 362 (us) 17199.239
Loop 363 (us) 18982.062
Loop 364 (us) 25911.834
Loop 365 (us) 26073.849
Loop 366 (us) 24209.903
Loop 367 (us) 25863.043
Loop 368 (us) 24450.203
Loop 369 (us) 25778.542
Loop 370 (us) 24439.905
Loop 371 (us) 25835.433
Loop 372 (us) 20089.499
Loop 373 (us) 24375.15
Loop 374 (us) 17192.366
Loop 375 (us) 25755.039
Loop 376 (us) 27880.307
Loop 377 (us) 24298.117
Loop 378 (us) 17208.006
Loop 379 (us) 17163.14
Loop 380 (us) 17177.946
Loop 381 (us) 24969.314
Loop 382 (us) 24314.575
Loop 383 (us) 25918.139
Loop 384 (us) 24393.839
Loop 385 (us) 17362.195
Loop 386 (us) 17358.723
Loop 387 (us) 25810.679
Loop 388 (us) 24736.115
Loop 389 (us) 26024.067
Loop 390 (us) 26228.353
Loop 391 (us) 20860.155
Loop 392 (us) 20675.849
Loop 393 (us) 24447.882
Loop 394 (us) 17363.494
Loop 395 (us) 23972.679
Loop 396 (us) 25929.289
Loop 397 (us) 24240.26
Loop 398 (us) 17146.76
Loop 399 (us) 25767.68
Loop 400 (us) 20591.66
Loop 401 (us) 20682.385
Loop 402 (us) 26076.315
Loop 403 (us) 26215.441
Loop 404 (us) 24409.37
Loop 405 (us) 25974.512
Loop 406 (us) 20133.946
Loop 407 (us) 20103.226
Loop 408 (us) 27711.93
Loop 409 (us) 25869.042
Loop 410 (us) 26043.403
Loop 411 (us) 24406.013
Loop 412 (us) 25806.164
Loop 413 (us) 24457.382
Loop 414 (us) 25924.952
Loop 415 (us) 20447.543
Loop 416 (us) 24377.409
Loop 417 (us) 25812.961
Loop 418 (us) 26231.955
Loop 419 (us) 20064.567
Loop 420 (us) 26128.193
Loop 421 (us) 26048.837
Loop 422 (us) 24251.733
Loop 423 (us) 17346.521
Loop 424 (us) 23949.736
Loop 425 (us) 23919.528
Loop 426 (us) 25857.882
Loop 427 (us) 24392.035
Loop 428 (us) 25865.029
Loop 429 (us) 24252.035
Loop 430 (us) 17230.196
Loop 431 (us) 17183.125
Loop 432 (us) 25825.175
Loop 433 (us) 24270.087
Loop 434 (us) 25881.284
Loop 435 (us) 23321.913
Loop 436 (us) 23967.816
Loop 437 (us) 24019.384
Loop 438 (us) 25848.429
Loop 439 (us) 24221.238
Loop 440 (us) 24035.525
Loop 441 (us) 26718.678
Loop 442 (us) 25996.687
Loop 443 (us) 26081.656
Loop 444 (us) 25692.354
Loop 445 (us) 25933.15
Loop 446 (us) 24555.717
Loop 447 (us) 25823.652
Loop 448 (us) 24334.486
Loop 449 (us) 24099.7
Loop 450 (us) 25804.523
Loop 451 (us) 26000.873
Loop 452 (us) 26282.156
Loop 453 (us) 24321.376
Loop 454 (us) 25819.824
Loop 455 (us) 24243.587
Loop 456 (us) 25755.266
Loop 457 (us) 24333.487
Loop 458 (us) 17355.476
Loop 459 (us) 28075.596
Loop 460 (us) 24323.432
Loop 461 (us) 24048.453
Loop 462 (us) 24039.062
Loop 463 (us) 25845.059
Loop 464 (us) 24342.929
Loop 465 (us) 25316.435
Loop 466 (us) 20688.251
Loop 467 (us) 20697.678
Loop 468 (us) 26242.863
Loop 469 (us) 26433.376
Loop 470 (us) 26434.438
Loop 471 (us) 24360.219
Loop 472 (us) 17338.018
Loop 473 (us) 24248.161
Loop 474 (us) 25989.077
Loop 475 (us) 24435.092
Loop 476 (us) 17492.935
Loop 477 (us) 25877.169
Loop 478 (us) 26231.517
Loop 479 (us) 24347.664
Loop 480 (us) 25831.888
Loop 481 (us) 25186.82
Loop 482 (us) 23964.339
Loop 483 (us) 23804.278
Loop 484 (us) 17261.048
Loop 485 (us) 17776.759
Loop 486 (us) 23047.658
Loop 487 (us) 25945.248
Loop 488 (us) 24217.398
Loop 489 (us) 24406.092
Loop 490 (us) 26144.944
Loop 491 (us) 24316.34
Loop 492 (us) 24199.01
Loop 493 (us) 25777.138
Loop 494 (us) 24211.989
Loop 495 (us) 24079.805
Loop 496 (us) 17196.079
Loop 497 (us) 22297.653
Loop 498 (us) 25879.95
Loop 499 (us) 24127.167
Loop 500 (us) 23978.417
Loop 501 (us) 23973.961
Loop 502 (us) 25923.058
Loop 503 (us) 24270.904
Loop 504 (us) 25853.711
Loop 505 (us) 24228.999
Loop 506 (us) 25851.18
Loop 507 (us) 24334.293
Loop 508 (us) 17386.765
Loop 509 (us) 17323.446
Loop 510 (us) 25813.266
Loop 511 (us) 26112.879
Loop 512 (us) 24268.412
Loop 513 (us) 25903.127
Loop 514 (us) 26116.416
Loop 515 (us) 27545.812
Loop 516 (us) 17207.033
Loop 517 (us) 25756.526
Loop 518 (us) 26087.77
Loop 519 (us) 24327.986
Loop 520 (us) 17207.569
Loop 521 (us) 25418.607
Loop 522 (us) 26175.703
Loop 523 (us) 24318.215
Loop 524 (us) 24240.621
Loop 525 (us) 26035.26
Loop 526 (us) 20124.726
Loop 527 (us) 26283.703
Loop 528 (us) 24294.911
Loop 529 (us) 25841.897
Loop 530 (us) 26099.344
Loop 531 (us) 24315.891
Loop 532 (us) 17340.524
Loop 533 (us) 24037.931
Loop 534 (us) 25785.42
Loop 535 (us) 26245.0
Loop 536 (us) 24311.348
Loop 537 (us) 17348.602
Loop 538 (us) 25756.533
Loop 539 (us) 26184.476
Loop 540 (us) 24444.409
Loop 541 (us) 24058.761
Loop 542 (us) 25822.975
Loop 543 (us) 24292.281
Loop 544 (us) 17374.332
Loop 545 (us) 24021.49
Loop 546 (us) 25790.263
Loop 547 (us) 20628.182
Loop 548 (us) 20815.124
Loop 549 (us) 24400.389
Loop 550 (us) 17375.123
Loop 551 (us) 27590.196
Loop 552 (us) 26299.772
Loop 553 (us) 26270.875
Loop 554 (us) 20444.024
Loop 555 (us) 20665.051
Loop 556 (us) 26307.441
Loop 557 (us) 25085.723
Loop 558 (us) 25901.979
Loop 559 (us) 24327.382
Loop 560 (us) 17352.8
Loop 561 (us) 25808.189
Loop 562 (us) 24321.915
Loop 563 (us) 25969.848
Loop 564 (us) 27662.234
Loop 565 (us) 25894.008
Loop 566 (us) 26284.098
Loop 567 (us) 24348.61
Loop 568 (us) 25920.621
Loop 569 (us) 24718.977
Loop 570 (us) 25717.333
Loop 571 (us) 24600.327
Loop 572 (us) 17496.022
Loop 573 (us) 17334.582
Loop 574 (us) 17409.501
Loop 575 (us) 25840.381
Loop 576 (us) 23570.279
Loop 577 (us) 25985.926
Loop 578 (us) 26200.78
Loop 579 (us) 26124.201
Loop 580 (us) 24351.975
Loop 581 (us) 25996.054
Loop 582 (us) 24446.008
Loop 583 (us) 17313.208
Loop 584 (us) 25848.132
Loop 585 (us) 26168.97
Loop 586 (us) 26250.498
Loop 587 (us) 26267.793
Loop 588 (us) 24445.399
Loop 589 (us) 17362.295
Loop 590 (us) 25881.48
Loop 591 (us) 24238.196
Loop 592 (us) 25979.006
Loop 593 (us) 27502.62
Loop 594 (us) 23979.975
Loop 595 (us) 23966.539
Loop 596 (us) 23672.444
Loop 597 (us) 26066.748
Loop 598 (us) 24470.746
Loop 599 (us) 25708.781
Loop 600 (us) 24430.204
Loop 601 (us) 25551.058
Loop 602 (us) 20569.171
Loop 603 (us) 26246.937
Loop 604 (us) 24471.664
Loop 605 (us) 25091.295
Loop 606 (us) 24388.974
Loop 607 (us) 18308.893
Loop 608 (us) 25890.333
Loop 609 (us) 24329.737
Loop 610 (us) 17217.455
Loop 611 (us) 17397.755
Loop 612 (us) 25927.301
Loop 613 (us) 24286.925
Loop 614 (us) 25880.17
Loop 615 (us) 24299.734
Loop 616 (us) 17331.438
Loop 617 (us) 25809.193
Loop 618 (us) 26004.951
Loop 619 (us) 24387.41
Loop 620 (us) 25409.917
Loop 621 (us) 20076.257
Loop 622 (us) 26088.522
Loop 623 (us) 26024.283
Loop 624 (us) 26104.973
Loop 625 (us) 24479.516
Loop 626 (us) 25901.184
Loop 627 (us) 20674.627
Loop 628 (us) 24320.274
Loop 629 (us) 24028.701
Loop 630 (us) 25797.017
Loop 631 (us) 28647.468
Loop 632 (us) 20719.225
Loop 633 (us) 24249.554
Loop 634 (us) 24008.317
Loop 635 (us) 25908.919
Loop 636 (us) 24212.83
Loop 637 (us) 24965.292
Loop 638 (us) 24301.886
Loop 639 (us) 25754.804
Loop 640 (us) 24262.537
Loop 641 (us) 23995.648
Loop 642 (us) 26004.027
Loop 643 (us) 26048.449
Loop 644 (us) 24321.783
Loop 645 (us) 24016.4
Loop 646 (us) 24024.429
Loop 647 (us) 25963.302
Loop 648 (us) 24347.013
Loop 649 (us) 24091.636
Loop 650 (us) 23996.256
Loop 651 (us) 25829.825
Loop 652 (us) 26198.211
Loop 653 (us) 24271.177
Loop 654 (us) 25800.121
Loop 655 (us) 24312.991
Loop 656 (us) 17192.688
Loop 657 (us) 25743.295
Loop 658 (us) 26010.126
Loop 659 (us) 23897.533
Loop 660 (us) 25761.473
Loop 661 (us) 24439.024
Loop 662 (us) 23971.227
Loop 663 (us) 25827.849
Loop 664 (us) 20108.158
Loop 665 (us) 26068.122
Loop 666 (us) 24401.103
Loop 667 (us) 24051.109
Loop 668 (us) 25878.162
Loop 669 (us) 20113.918
Loop 670 (us) 24397.684
Loop 671 (us) 25591.906
Loop 672 (us) 23799.688
Loop 673 (us) 17317.362
Loop 674 (us) 25901.666
Loop 675 (us) 24242.126
Loop 676 (us) 24010.692
Loop 677 (us) 25773.904
Loop 678 (us) 26084.904
Loop 679 (us) 26092.301
Loop 680 (us) 26073.631
Loop 681 (us) 24326.207
Loop 682 (us) 17113.861
Loop 683 (us) 17160.007
Loop 684 (us) 25852.543
Loop 685 (us) 24393.887
Loop 686 (us) 25805.43
Loop 687 (us) 24234.655
Loop 688 (us) 40078.085
Loop 689 (us) 24358.722
Loop 690 (us) 23952.926
Loop 691 (us) 23719.202
Loop 692 (us) 24006.034
Loop 693 (us) 17380.01
Loop 694 (us) 23987.689
Loop 695 (us) 25904.314
Loop 696 (us) 24293.214
Loop 697 (us) 25711.561
Loop 698 (us) 24030.477
Loop 699 (us) 25721.344
Loop 700 (us) 26181.301
Loop 701 (us) 25883.392
Loop 702 (us) 24353.54
Loop 703 (us) 25771.52
Loop 704 (us) 24173.04
Loop 705 (us) 25677.971
Loop 706 (us) 24033.949
Loop 707 (us) 17325.404
Loop 708 (us) 23904.017
Loop 709 (us) 25861.297
Loop 710 (us) 26225.141
Loop 711 (us) 24267.866
Loop 712 (us) 25660.085
Loop 713 (us) 23587.109
Loop 714 (us) 25877.698
Loop 715 (us) 26197.719
Loop 716 (us) 24404.256
Loop 717 (us) 25800.329
Loop 718 (us) 20070.112
Loop 719 (us) 24376.254
Loop 720 (us) 25789.01
Loop 721 (us) 26243.131
Loop 722 (us) 24330.724
Loop 723 (us) 25754.778
Loop 724 (us) 24417.547
Loop 725 (us) 17323.425
Loop 726 (us) 25821.33
Loop 727 (us) 25973.039
Loop 728 (us) 24382.17
Loop 729 (us) 25841.289
Loop 730 (us) 24038.889
Loop 731 (us) 25895.334
Loop 732 (us) 26624.847
Loop 733 (us) 23919.863
Loop 734 (us) 23930.885
Loop 735 (us) 26014.365
Loop 736 (us) 23722.155
Loop 737 (us) 25981.803
Loop 738 (us) 23747.104
Loop 739 (us) 24053.151
Loop 740 (us) 25965.608
Loop 741 (us) 24192.484
Loop 742 (us) 25872.169
Loop 743 (us) 20619.247
Loop 744 (us) 24336.151
Loop 745 (us) 25364.059
Loop 746 (us) 24239.857
Loop 747 (us) 25859.995
Loop 748 (us) 20225.076
Loop 749 (us) 20729.176
Loop 750 (us) 26294.239
Loop 751 (us) 24329.696
Loop 752 (us) 24001.329
Loop 753 (us) 23964.967
Loop 754 (us) 25854.809
Loop 755 (us) 20498.882
Loop 756 (us) 24357.168
Loop 757 (us) 25813.874
Loop 758 (us) 26240.718
Loop 759 (us) 26049.796
Loop 760 (us) 26160.263
Loop 761 (us) 26012.697
Loop 762 (us) 26423.646
Loop 763 (us) 26472.105
Loop 764 (us) 24430.706
Loop 765 (us) 25901.75
Loop 766 (us) 26091.052
Loop 767 (us) 20065.17
Loop 768 (us) 20081.157
Loop 769 (us) 20059.973
Loop 770 (us) 24345.954
Loop 771 (us) 17145.897
Loop 772 (us) 25898.668
Loop 773 (us) 20069.726
Loop 774 (us) 24398.771
Loop 775 (us) 23967.275
Loop 776 (us) 17319.325
Loop 777 (us) 25825.142
Loop 778 (us) 26297.283
Loop 779 (us) 26258.498
Loop 780 (us) 24325.895
Loop 781 (us) 27310.454
Loop 782 (us) 25830.646
Loop 783 (us) 26264.084
Loop 784 (us) 24322.991
Loop 785 (us) 25637.415
Loop 786 (us) 24513.798
Loop 787 (us) 25853.097
Loop 788 (us) 26161.382
Loop 789 (us) 24467.797
Loop 790 (us) 24003.76
Loop 791 (us) 23941.228
Loop 792 (us) 25887.695
Loop 793 (us) 26137.941
Loop 794 (us) 24324.223
Loop 795 (us) 25803.954
Loop 796 (us) 26020.77
Loop 797 (us) 24292.562
Loop 798 (us) 25827.678
Loop 799 (us) 20684.85
Loop 800 (us) 23916.53
Loop 801 (us) 17208.677
Loop 802 (us) 25764.961
Loop 803 (us) 24391.694
Loop 804 (us) 25851.487
Loop 805 (us) 20056.556
Loop 806 (us) 21875.241
Loop 807 (us) 26124.462
Loop 808 (us) 25793.912
Loop 809 (us) 20102.646
Loop 810 (us) 24380.977
Loop 811 (us) 25708.387
Loop 812 (us) 26067.473
Loop 813 (us) 26220.072
Loop 814 (us) 26071.262
Loop 815 (us) 26085.608
Loop 816 (us) 20133.53
Loop 817 (us) 24338.261
Loop 818 (us) 17150.369
Loop 819 (us) 25927.812
Loop 820 (us) 24355.339
Loop 821 (us) 24032.842
Loop 822 (us) 25870.269
Loop 823 (us) 23720.623
Loop 824 (us) 25838.899
Loop 825 (us) 25977.737
Loop 826 (us) 64179.621
Loop 827 (us) 24666.07
Loop 828 (us) 26258.023
Loop 829 (us) 20118.374
Loop 830 (us) 24335.735
Loop 831 (us) 17387.721
Loop 832 (us) 23947.146
Loop 833 (us) 25997.737
Loop 834 (us) 24365.76
Loop 835 (us) 17367.91
Loop 836 (us) 17320.922
Loop 837 (us) 17161.662
Loop 838 (us) 25843.565
Loop 839 (us) 20105.276
Loop 840 (us) 24452.437
Loop 841 (us) 25835.446
Loop 842 (us) 24378.43
Loop 843 (us) 25851.164
Loop 844 (us) 24194.297
Loop 845 (us) 25918.471
Loop 846 (us) 22156.631
Loop 847 (us) 26209.434
Loop 848 (us) 24289.245
Loop 849 (us) 25802.045
Loop 850 (us) 20036.468
Loop 851 (us) 24310.676
Loop 852 (us) 25705.399
Loop 853 (us) 24275.855
Loop 854 (us) 17182.359
Loop 855 (us) 25833.149
Loop 856 (us) 24275.71
Loop 857 (us) 24013.975
Loop 858 (us) 25990.378
Loop 859 (us) 26582.196
Loop 860 (us) 24011.233
Loop 861 (us) 25748.002
Loop 862 (us) 26074.008
Loop 863 (us) 20148.385
Loop 864 (us) 26098.937
Loop 865 (us) 20111.28
Loop 866 (us) 24375.126
Loop 867 (us) 17123.974
Loop 868 (us) 25800.151
Loop 869 (us) 24265.178
Loop 870 (us) 25455.804
Loop 871 (us) 24297.956
Loop 872 (us) 25732.766
Loop 873 (us) 20085.38
Loop 874 (us) 26179.037
Loop 875 (us) 24448.654
Loop 876 (us) 24021.734
Loop 877 (us) 25824.594
Loop 878 (us) 26041.617
Loop 879 (us) 26106.594
Loop 880 (us) 24324.629
Loop 881 (us) 25521.066
Loop 882 (us) 26006.854
Loop 883 (us) 20097.183
Loop 884 (us) 24322.077
Loop 885 (us) 24019.167
Loop 886 (us) 24108.481
Loop 887 (us) 17146.078
Loop 888 (us) 25765.179
Loop 889 (us) 24372.881
Loop 890 (us) 17186.464
Loop 891 (us) 25597.737
Loop 892 (us) 25946.168
Loop 893 (us) 26011.647
Loop 894 (us) 26075.029
Loop 895 (us) 20180.079
Loop 896 (us) 24381.737
Loop 897 (us) 24028.15
Loop 898 (us) 25968.366
Loop 899 (us) 23588.986
Loop 900 (us) 26560.491
Loop 901 (us) 24232.512
Loop 902 (us) 23975.841
Loop 903 (us) 17141.932
Loop 904 (us) 18104.937
Loop 905 (us) 23976.803
Loop 906 (us) 23905.3
Loop 907 (us) 25847.525
Loop 908 (us) 24556.485
Loop 909 (us) 25807.534
Loop 910 (us) 24300.039
Loop 911 (us) 17136.412
Loop 912 (us) 23993.614
Loop 913 (us) 25857.216
Loop 914 (us) 26066.128
Loop 915 (us) 26236.033
Loop 916 (us) 24454.617
Loop 917 (us) 25442.382
Loop 918 (us) 24344.616
Loop 919 (us) 25865.46
Loop 920 (us) 23921.498
Loop 921 (us) 25794.932
Loop 922 (us) 25834.425
Loop 923 (us) 17206.512
Loop 924 (us) 25912.986
Loop 925 (us) 24014.703
Loop 926 (us) 25870.618
Loop 927 (us) 24339.571
Loop 928 (us) 25931.856
Loop 929 (us) 24321.267
Loop 930 (us) 25826.327
Loop 931 (us) 26114.804
Loop 932 (us) 23396.031
Loop 933 (us) 25878.039
Loop 934 (us) 24370.795
Loop 935 (us) 17370.336
Loop 936 (us) 17325.044
Loop 937 (us) 17152.327
Loop 938 (us) 17169.127
Loop 939 (us) 25980.303
Loop 940 (us) 23274.709
Loop 941 (us) 25845.316
Loop 942 (us) 27905.744
Loop 943 (us) 24241.661
Loop 944 (us) 25760.699
Loop 945 (us) 26111.054
Loop 946 (us) 25978.714
Loop 947 (us) 24176.516
Loop 948 (us) 25854.723
Loop 949 (us) 26216.673
Loop 950 (us) 24500.408
Loop 951 (us) 24039.177
Loop 952 (us) 25317.414
Loop 953 (us) 26039.927
Loop 954 (us) 24440.028
Loop 955 (us) 25461.037
Loop 956 (us) 20651.968
Loop 957 (us) 24448.1
Loop 958 (us) 17361.061
Loop 959 (us) 25786.914
Loop 960 (us) 24338.071
Loop 961 (us) 25479.27
Loop 962 (us) 26781.563
Loop 963 (us) 20438.845
Loop 964 (us) 51144.923
Loop 965 (us) 24359.376
Loop 966 (us) 24025.995
Loop 967 (us) 24033.54
Loop 968 (us) 24110.686
Loop 969 (us) 17814.796
Loop 970 (us) 23963.886
Loop 971 (us) 17239.793
Loop 972 (us) 25900.91
Loop 973 (us) 26297.416
Loop 974 (us) 20770.794
Loop 975 (us) 24329.605
Loop 976 (us) 17193.462
Loop 977 (us) 25796.954
Loop 978 (us) 26231.343
Loop 979 (us) 24350.236
Loop 980 (us) 17323.465
Loop 981 (us) 23920.183
Loop 982 (us) 23970.177
Loop 983 (us) 23528.989
Loop 984 (us) 19137.622
Loop 985 (us) 23951.019
Loop 986 (us) 26056.116
Loop 987 (us) 24241.356
Loop 988 (us) 25885.795
Loop 989 (us) 20717.751
Loop 990 (us) 23969.529
Loop 991 (us) 17188.314
Loop 992 (us) 24013.973
Loop 993 (us) 25875.207
Loop 994 (us) 26280.303
Loop 995 (us) 26090.321
Loop 996 (us) 24315.731
Loop 997 (us) 25897.145
Loop 998 (us) 26229.744
Loop 999 (us) 26170.5
Warmup times 0
avgLoopLatency(us) 24076.980634
iops 41.533447038116684
variance 3301.765809925839
Loop 0 [24383529, 10, 18606487, 144604, 100969, 5528701]
Loop 1 [17521466, 10, 11752446, 144221, 86429, 5535486]
Loop 2 [26148486, 21, 20258238, 139253, 99580, 5648487]
Loop 3 [24314821, 11, 18509457, 156958, 105798, 5539445]
Loop 4 [23949900, 10, 18165237, 160844, 103713, 5516798]
Loop 5 [25722548, 23, 19828290, 145968, 118842, 5626122]
Loop 6 [24346771, 11, 18533046, 169060, 105668, 5535689]
Loop 7 [25853505, 22, 19960164, 153721, 115269, 5621029]
Loop 8 [20088942, 22, 14190207, 170378, 106724, 5619038]
Loop 9 [24437590, 11, 18627071, 180152, 109859, 5517135]
Loop 10 [25619333, 22, 19712759, 162936, 113646, 5627155]
Loop 11 [24175582, 10, 18375209, 168738, 105924, 5522345]
Loop 12 [26038882, 23, 20122436, 163108, 115440, 5634773]
Loop 13 [26234734, 21, 20311170, 173852, 114811, 5631698]
Loop 14 [24376654, 9, 18553604, 182136, 102965, 5535596]
Loop 15 [25946598, 21, 20040008, 160202, 118559, 5624234]
Loop 16 [26042375, 23, 20127338, 173311, 118760, 5619973]
Loop 17 [26289236, 21, 20336767, 177658, 117979, 5653247]
Loop 18 [26301195, 22, 20353446, 171982, 116225, 5656518]
Loop 19 [27512734, 23, 21584966, 174960, 129656, 5619254]
Loop 20 [24423211, 11, 18601952, 181501, 104059, 5532569]
Loop 21 [25769068, 9, 19970203, 173242, 108857, 5513642]
Loop 22 [25861565, 22, 19963679, 154873, 114691, 5625227]
Loop 23 [24443672, 9, 18626533, 176855, 100921, 5535915]
Loop 24 [25901923, 23, 19892181, 272071, 236530, 5496190]
Loop 25 [24545811, 11, 18557026, 341355, 165615, 5478417]
Loop 26 [26135357, 23, 20147403, 225824, 364492, 5394602]
Loop 27 [20825846, 23, 14703307, 383237, 109744, 5626905]
Loop 28 [24179433, 11, 18358875, 172598, 104031, 5540995]
Loop 29 [24057735, 9, 18263592, 169343, 99788, 5521360]
Loop 30 [25828172, 23, 19942441, 141595, 117690, 5623478]
Loop 31 [26070017, 21, 20169987, 163210, 117955, 5615570]
Loop 32 [24385155, 10, 18500228, 181998, 103708, 5538850]
Loop 33 [25796569, 23, 19861696, 150830, 114764, 5618108]
Loop 34 [26263303, 22, 20260886, 174664, 121585, 5659751]
Loop 35 [20721352, 22, 14790323, 170943, 100188, 5656945]
Loop 36 [20716694, 22, 14786921, 176172, 97661, 5653346]
Loop 37 [24345786, 9, 18530989, 177919, 105483, 5528026]
Loop 38 [23993673, 10, 18202671, 167426, 106280, 5513829]
Loop 39 [49789714, 21, 43844566, 158372, 145621, 5622706]
Loop 40 [23921803, 10, 18127785, 172584, 98541, 5519900]
Loop 41 [25782060, 23, 19868324, 169227, 125698, 5615340]
Loop 42 [26376921, 22, 20347569, 276322, 182414, 5565598]
Loop 43 [20312823, 22, 14303520, 240258, 137992, 5628769]
Loop 44 [20195395, 22, 14167612, 249874, 136424, 5639068]
Loop 45 [24446538, 10, 18570020, 238242, 192337, 5442510]
Loop 46 [17162799, 10, 11375451, 164715, 87337, 5532762]
Loop 47 [17406008, 10, 11632020, 149033, 84559, 5537671]
Loop 48 [24032980, 11, 18252820, 155515, 112783, 5507776]
Loop 49 [25803420, 21, 19903790, 152118, 114844, 5629097]
Loop 50 [26218930, 22, 20303502, 169912, 118615, 5623898]
Loop 51 [24228510, 10, 18431873, 170849, 103163, 5518992]
Loop 52 [23944662, 9, 18169332, 151980, 94321, 5525080]
Loop 53 [17209912, 9, 11439165, 150878, 87148, 5530569]
Loop 54 [25792566, 23, 19895291, 157916, 117503, 5619629]
Loop 55 [26221203, 22, 20277878, 173541, 120109, 5646768]
Loop 56 [24440891, 9, 18627659, 168825, 103823, 5537207]
Loop 57 [17138855, 9, 11345967, 175882, 80815, 5533154]
Loop 58 [25838614, 23, 19953483, 148920, 124662, 5608633]
Loop 59 [24254224, 10, 18446028, 169509, 104508, 5530886]
Loop 60 [25878265, 21, 19963974, 160989, 113379, 5636182]
Loop 61 [24446643, 10, 18620986, 172573, 99950, 5550032]
Loop 62 [24001508, 9, 18215756, 162453, 103037, 5517597]
Loop 63 [25287647, 21, 19380106, 158086, 117588, 5628174]
Loop 64 [25849603, 11, 20018186, 194680, 106004, 5527492]
Loop 65 [25098902, 21, 19199489, 153268, 116551, 5625842]
Loop 66 [26069756, 23, 20146825, 174758, 116397, 5628316]
Loop 67 [24491176, 9, 18547025, 282641, 185002, 5471389]
Loop 68 [25782202, 23, 19796713, 238651, 174810, 5568784]
Loop 69 [24347979, 11, 18394869, 327110, 165872, 5456409]
Loop 70 [25894928, 21, 19913774, 237869, 129534, 5610734]
Loop 71 [24196977, 9, 18411253, 167296, 109300, 5505932]
Loop 72 [25733456, 23, 19829613, 160698, 114034, 5626201]
Loop 73 [20615319, 23, 14683970, 168782, 99367, 5660597]
Loop 74 [26235873, 22, 20289742, 177027, 118075, 5648122]
Loop 75 [23350529, 11, 17539192, 173322, 110506, 5524142]
Loop 76 [17351063, 11, 11564938, 164400, 85162, 5533348]
Loop 77 [17288897, 11, 11506525, 159748, 86454, 5533417]
Loop 78 [24208689, 10, 18366226, 190314, 106988, 5542223]
Loop 79 [25825595, 21, 19932599, 147572, 118062, 5624134]
Loop 80 [26232870, 22, 20309520, 177399, 119759, 5623458]
Loop 81 [24317290, 9, 18494486, 173906, 105703, 5540199]
Loop 82 [25399913, 22, 19497456, 153336, 116520, 5629646]
Loop 83 [27787142, 23, 21859840, 180693, 118144, 5625780]
Loop 84 [26145124, 21, 20198154, 170547, 116982, 5655996]
Loop 85 [24373266, 10, 18560354, 177391, 100116, 5532294]
Loop 86 [23915185, 11, 18135976, 156837, 111943, 5507117]
Loop 87 [24585039, 10, 18344354, 525360, 402415, 5300938]
Loop 88 [26101251, 22, 19919783, 436015, 175104, 5567394]
Loop 89 [20170981, 22, 14165533, 238880, 136044, 5628142]
Loop 90 [24648138, 10, 18691270, 310709, 124255, 5518063]
Loop 91 [25849088, 23, 19916743, 185670, 116851, 5626589]
Loop 92 [24500073, 10, 18622160, 198003, 104666, 5571440]
Loop 93 [23981604, 9, 18205093, 165760, 104398, 5503599]
Loop 94 [23944744, 11, 18179663, 147462, 97552, 5516699]
Loop 95 [17177974, 11, 11392934, 167066, 87188, 5527731]
Loop 96 [25933778, 22, 20009665, 186684, 118076, 5616365]
Loop 97 [24242714, 10, 18467514, 158911, 103869, 5509550]
Loop 98 [25759681, 23, 19868820, 147120, 118044, 5622275]
Loop 99 [26225806, 21, 20295671, 163693, 118453, 5644716]
Loop 100 [24816973, 11, 18438318, 738168, 106394, 5530880]
Loop 101 [23941720, 10, 18160709, 159103, 95471, 5524263]
Loop 102 [25837720, 22, 19942308, 146037, 113596, 5632791]
Loop 103 [26085544, 21, 20146175, 166647, 115647, 5653762]
Loop 104 [24417376, 9, 18600298, 177853, 102209, 5533935]
Loop 105 [25859575, 23, 19974972, 147908, 115658, 5617805]
Loop 106 [26192867, 21, 20266108, 163641, 115237, 5644733]
Loop 107 [26244459, 23, 20293370, 180127, 119315, 5648826]
Loop 108 [24332513, 11, 18512971, 178252, 105438, 5532929]
Loop 109 [24017437, 10, 18236138, 161871, 106867, 5510145]
Loop 110 [25891697, 21, 19992332, 154656, 117188, 5624263]
Loop 111 [24264148, 11, 18460937, 171868, 104323, 5524200]
Loop 112 [25653853, 21, 19752056, 156402, 116693, 5625534]
Loop 113 [20130539, 21, 14206209, 170292, 100485, 5650862]
Loop 114 [24285361, 11, 18467578, 173166, 106117, 5535143]
Loop 115 [23928671, 9, 18143397, 161811, 106140, 5514052]
Loop 116 [23976884, 10, 18212977, 142329, 106266, 5511760]
Loop 117 [25976340, 9, 20188032, 173963, 102396, 5508688]
Loop 118 [17144289, 9, 11354447, 161688, 79765, 5545511]
Loop 119 [25854443, 23, 19958763, 155041, 127069, 5610479]
Loop 120 [23565234, 9, 17750809, 179313, 100407, 5531789]
Loop 121 [23819431, 9, 17469724, 705678, 160519, 5478137]
Loop 122 [25959214, 22, 19937577, 260988, 176181, 5581486]
Loop 123 [24377062, 11, 18500649, 244870, 247594, 5381045]
Loop 124 [25390662, 22, 19350057, 303025, 135009, 5599101]
Loop 125 [24333924, 9, 18522094, 167913, 99783, 5540838]
Loop 126 [25748418, 21, 19840870, 162263, 121074, 5620889]
Loop 127 [25957736, 22, 20045405, 168800, 115111, 5625614]
Loop 128 [26265873, 23, 20317475, 181259, 120818, 5643218]
Loop 129 [20419394, 23, 14468295, 183296, 100954, 5663515]
Loop 130 [24276777, 11, 18452807, 178767, 102709, 5535828]
Loop 131 [23959968, 9, 18181578, 152478, 100373, 5522749]
Loop 132 [25805366, 22, 19906209, 149173, 115732, 5630600]
Loop 133 [26075455, 9, 20265701, 186194, 99406, 5521000]
Loop 134 [17179293, 9, 11406420, 152420, 77079, 5540572]
Loop 135 [25999803, 21, 20101419, 148875, 118065, 5627805]
Loop 136 [26101192, 23, 20184110, 172236, 120369, 5621123]
Loop 137 [26601509, 21, 20351234, 448447, 317209, 5479483]
Loop 138 [24376727, 10, 18444154, 248752, 365377, 5315944]
Loop 139 [24317027, 9, 18233190, 431466, 344328, 5305039]
Loop 140 [26109770, 23, 19996531, 359717, 131448, 5619053]
Loop 141 [20655728, 23, 14741970, 175784, 97361, 5638466]
Loop 142 [24331023, 9, 18523619, 176483, 104353, 5523606]
Loop 143 [17279576, 9, 11506724, 147725, 75029, 5547425]
Loop 144 [25691606, 23, 19807552, 145774, 118586, 5616834]
Loop 145 [26244233, 22, 20295531, 173267, 121403, 5650564]
Loop 146 [26220174, 21, 20261713, 179317, 123669, 5651836]
Loop 147 [24401246, 10, 18586866, 180798, 106584, 5524344]
Loop 148 [25799681, 22, 19902497, 155518, 116863, 5621831]
Loop 149 [23411085, 10, 17592901, 174851, 99846, 5541204]
Loop 150 [17205939, 10, 11426598, 156471, 83786, 5536948]
Loop 151 [25986786, 22, 20033154, 160649, 117201, 5620223]
Loop 152 [23678511, 10, 17866626, 178939, 101579, 5528826]
Loop 153 [23938678, 11, 18169825, 154574, 98040, 5513380]
Loop 154 [25824563, 23, 19933767, 145051, 116488, 5626209]
Loop 155 [23661989, 11, 17853513, 172267, 106865, 5525792]
Loop 156 [23924800, 9, 18156576, 146682, 99632, 5518683]
Loop 157 [25862604, 21, 19964227, 156342, 123044, 5615287]
Loop 158 [24452861, 11, 18583351, 214179, 107052, 5544892]
Loop 159 [17179833, 11, 11405996, 155972, 81129, 5534041]
Loop 160 [24035155, 10, 18273476, 144506, 96863, 5517368]
Loop 161 [17215167, 10, 11439792, 145992, 83545, 5543472]
Loop 162 [25850789, 22, 19962455, 140658, 119793, 5624751]
Loop 163 [24423586, 11, 18622246, 168301, 100459, 5529331]
Loop 164 [27610756, 23, 21703590, 163703, 117482, 5622354]
Loop 165 [20067219, 23, 14152621, 170430, 99125, 5642485]
Loop 166 [24341440, 11, 18521176, 178311, 99367, 5540215]
Loop 167 [17324573, 11, 11554515, 146353, 77285, 5543662]
Loop 168 [24747407, 23, 18850871, 151241, 115727, 5626423]
Loop 169 [24522206, 9, 18690023, 194525, 104588, 5530096]
Loop 170 [17188411, 9, 11416653, 148429, 76036, 5544214]
Loop 171 [25815219, 21, 19934564, 139458, 116418, 5622225]
Loop 172 [24429587, 11, 18604018, 181856, 103751, 5536963]
Loop 173 [26046486, 23, 19963389, 282243, 402129, 5386820]
Loop 174 [24410467, 10, 18527627, 251200, 223467, 5405623]
Loop 175 [17526177, 10, 11577664, 326205, 141618, 5478631]
Loop 176 [24030986, 11, 18155953, 257149, 121640, 5493933]
Loop 177 [23966467, 9, 18195490, 148642, 100597, 5518862]
Loop 178 [25833770, 21, 19944419, 140798, 120609, 5625347]
Loop 179 [20674919, 21, 14764004, 172550, 100624, 5635158]
Loop 180 [20675435, 21, 14728917, 179759, 99711, 5665126]
Loop 181 [26295986, 22, 20349774, 172658, 118052, 5652633]
Loop 182 [20060544, 22, 14131247, 177128, 99492, 5650247]
Loop 183 [24357718, 9, 18540634, 176045, 105346, 5532601]
Loop 184 [26012023, 22, 20100851, 160399, 124859, 5622548]
Loop 185 [24312311, 11, 18495586, 175440, 103888, 5534076]
Loop 186 [25910087, 23, 20021533, 155475, 120406, 5609664]
Loop 187 [26115053, 22, 20182258, 178266, 125052, 5626508]
Loop 188 [23990757, 11, 18177598, 167549, 101559, 5540953]
Loop 189 [23888140, 10, 18116574, 156645, 97095, 5515145]
Loop 190 [25904394, 22, 20004553, 150965, 117129, 5628832]
Loop 191 [20052457, 22, 14142580, 168879, 94117, 5644298]
Loop 192 [24330511, 9, 18517051, 174569, 102361, 5533561]
Loop 193 [23971832, 11, 18196883, 151484, 98732, 5521837]
Loop 194 [25743251, 21, 19841479, 151344, 119548, 5627262]
Loop 195 [26282111, 22, 20351196, 166186, 120914, 5640750]
Loop 196 [26101465, 23, 20160592, 175207, 118278, 5644414]
Loop 197 [24338110, 10, 18517522, 180280, 105866, 5531556]
Loop 198 [25783861, 22, 19861619, 164649, 112635, 5642008]
Loop 199 [26121877, 10, 20286699, 183366, 103922, 5544674]
Loop 200 [25910274, 22, 19988323, 170753, 121478, 5626635]
Loop 201 [24294150, 10, 18488464, 169583, 111121, 5522432]
Loop 202 [17201990, 10, 11408133, 163262, 84118, 5544351]
Loop 203 [25918054, 23, 19891116, 254776, 206058, 5560638]
Loop 204 [26170379, 22, 20142750, 247590, 177529, 5599348]
Loop 205 [24515087, 10, 18625510, 252211, 163071, 5471533]
Loop 206 [17279755, 10, 11456983, 214606, 87623, 5518830]
Loop 207 [25940761, 21, 20058535, 143965, 119417, 5616133]
Loop 208 [24129861, 10, 18314094, 173153, 105910, 5534066]
Loop 209 [25010987, 21, 19108121, 159226, 114768, 5625867]
Loop 210 [24438597, 10, 18615046, 178582, 102389, 5539361]
Loop 211 [26349316, 9, 20579443, 149350, 100111, 5517319]
Loop 212 [23963305, 11, 18195026, 147566, 95909, 5522026]
Loop 213 [26004566, 21, 20102638, 152784, 105864, 5640344]
Loop 214 [23608547, 9, 17829784, 152430, 120315, 5502792]
Loop 215 [25821930, 23, 19906976, 168478, 106718, 5636518]
Loop 216 [23960583, 9, 18168528, 153653, 112924, 5522119]
Loop 217 [23977966, 11, 18191880, 172857, 110581, 5500020]
Loop 218 [23965771, 10, 18192776, 154278, 112115, 5503586]
Loop 219 [24058422, 9, 18249763, 176415, 116752, 5512371]
Loop 220 [17202321, 9, 11425509, 156484, 92329, 5525775]
Loop 221 [25864141, 21, 19942398, 174866, 111818, 5631967]
Loop 222 [24158078, 11, 18379379, 151273, 113413, 5510914]
Loop 223 [26184059, 21, 20091168, 353567, 232440, 5501392]
Loop 224 [26224029, 23, 20127689, 330385, 199382, 5563377]
Loop 225 [24637007, 9, 18556100, 438080, 236816, 5402812]
Loop 226 [17389195, 9, 11437885, 333936, 113269, 5501511]
Loop 227 [25858557, 22, 19946602, 160093, 110286, 5638011]
Loop 228 [23981801, 9, 18186444, 145567, 115017, 5531583]
Loop 229 [23938252, 11, 18145247, 173095, 113756, 5502741]
Loop 230 [26449729, 21, 19974219, 734373, 109295, 5628310]
Loop 231 [26290102, 23, 20356897, 159817, 104358, 5665838]
Loop 232 [20163612, 23, 14251836, 149575, 89343, 5670236]
Loop 233 [26139257, 22, 20220459, 153375, 105187, 5657185]
Loop 234 [24381643, 10, 18593871, 147840, 121174, 5516592]
Loop 235 [17211097, 10, 11420386, 158260, 103487, 5526364]
Loop 236 [23909613, 11, 18130987, 153666, 110658, 5511417]
Loop 237 [26005634, 23, 20110089, 162056, 101696, 5628457]
Loop 238 [20059765, 23, 14141968, 152419, 91351, 5671274]
Loop 239 [26225610, 21, 20294800, 158185, 107348, 5662462]
Loop 240 [24304361, 11, 18506458, 159323, 113817, 5521255]
Loop 241 [17205859, 11, 11414754, 166574, 93854, 5528193]
Loop 242 [24017348, 9, 18244151, 152424, 114763, 5503355]
Loop 243 [25814630, 21, 19906665, 163819, 108373, 5633330]
Loop 244 [25143245, 23, 19227078, 143426, 104832, 5664559]
Loop 245 [26310653, 22, 20374764, 159795, 111041, 5661673]
Loop 246 [25260131, 21, 19345409, 156764, 103346, 5651748]
Loop 247 [26411072, 22, 20485188, 154649, 110065, 5658158]
Loop 248 [20749760, 22, 14822146, 168094, 90839, 5665965]
Loop 249 [28390375, 23, 22430560, 189117, 104095, 5663393]
Loop 250 [24408660, 11, 18597304, 163083, 115747, 5529138]
Loop 251 [25955152, 23, 20039921, 167108, 110011, 5635223]
Loop 252 [19976316, 23, 14091534, 147731, 87276, 5646801]
Loop 253 [26518374, 21, 20327241, 401613, 174022, 5609792]
Loop 254 [26174812, 22, 20166181, 225605, 171785, 5608852]
Loop 255 [25805729, 23, 19798613, 236240, 203322, 5564046]
Loop 256 [26539922, 21, 20365453, 403343, 121202, 5647234]
Loop 257 [25982782, 11, 20157372, 180280, 118041, 5523346]
Loop 258 [25770992, 22, 19852134, 172169, 111639, 5631314]
Loop 259 [24281693, 9, 18487521, 156010, 115103, 5520194]
Loop 260 [25723251, 23, 19800209, 186037, 110772, 5623095]
Loop 261 [24323836, 10, 18527256, 159305, 117012, 5516817]
Loop 262 [25785565, 23, 19860862, 175868, 104208, 5641059]
Loop 263 [24134471, 11, 18361146, 148958, 115164, 5505631]
Loop 264 [17205309, 11, 11418525, 166878, 94540, 5522592]
Loop 265 [26003030, 21, 19969126, 281992, 309973, 5435870]
Loop 266 [26236448, 23, 20086296, 402846, 228733, 5515487]
Loop 267 [24389089, 10, 18442308, 317597, 179361, 5446839]
Loop 268 [24053174, 9, 18193773, 234624, 134470, 5487467]
Loop 269 [23160697, 10, 17374157, 168996, 114593, 5500064]
Loop 270 [25761707, 23, 19868047, 157007, 106518, 5626968]
Loop 271 [24285830, 11, 18500178, 152447, 112470, 5518150]
Loop 272 [25832968, 21, 19918226, 171445, 109159, 5630494]
Loop 273 [26076071, 23, 20153472, 149697, 113702, 5655928]
Loop 274 [26133832, 22, 20211640, 152588, 104300, 5661721]
Loop 275 [24456965, 10, 18653695, 156075, 117052, 5527082]
Loop 276 [25881517, 22, 19962908, 174025, 104835, 5636698]
Loop 277 [24062292, 10, 18287547, 135947, 117744, 5517608]
Loop 278 [27541929, 21, 21608325, 196600, 103521, 5629919]
Loop 279 [24360881, 11, 18544800, 157024, 125116, 5525114]
Loop 280 [24010122, 10, 18217238, 170198, 112462, 5507096]
Loop 281 [23677576, 11, 17904298, 162057, 110329, 5498734]
Loop 282 [26121434, 23, 19893836, 460081, 179880, 5582281]
Loop 283 [24338040, 10, 18485924, 220085, 251082, 5378019]
Loop 284 [25957784, 21, 19874968, 341095, 164764, 5573603]
Loop 285 [24378180, 11, 18522696, 221088, 127775, 5503204]
Loop 286 [25786735, 22, 19874869, 172776, 103137, 5633100]
Loop 287 [24381739, 9, 18588869, 153759, 115886, 5519966]
Loop 288 [23928095, 11, 18142836, 166408, 112959, 5503612]
Loop 289 [23529766, 9, 17748273, 159943, 116541, 5502256]
Loop 290 [25811882, 23, 19906465, 163546, 109025, 5629223]
Loop 291 [20391940, 23, 14476395, 150678, 89912, 5671635]
Loop 292 [24352067, 9, 18547866, 165038, 114459, 5521018]
Loop 293 [25329112, 23, 19409914, 177265, 106445, 5632150]
Loop 294 [20030553, 23, 14117079, 150949, 84839, 5675088]
Loop 295 [26124797, 21, 20204785, 145440, 106247, 5664721]
Loop 296 [24338035, 10, 18548418, 155095, 115589, 5515413]
Loop 297 [23989335, 9, 18192442, 176540, 122878, 5494470]
Loop 298 [25820596, 23, 19918184, 164638, 106924, 5627703]
Loop 299 [26108074, 22, 20179089, 152319, 108359, 5665454]
Loop 300 [25490003, 23, 19559150, 162808, 104409, 5660649]
Loop 301 [24400830, 11, 18612386, 155094, 108865, 5521395]
Loop 302 [18729956, 11, 12289712, 823851, 92552, 5521625]
Loop 303 [23957963, 10, 18177449, 158798, 112689, 5506320]
Loop 304 [17233488, 10, 11452228, 166454, 96089, 5516074]
Loop 305 [17383679, 10, 11599450, 163686, 97846, 5519841]
Loop 306 [23953689, 11, 18154488, 171746, 115554, 5509719]
Loop 307 [17316222, 11, 11400803, 276589, 145037, 5489953]
Loop 308 [17342317, 11, 11393653, 299632, 266776, 5380605]
Loop 309 [24284852, 10, 18239277, 414656, 255973, 5372075]
Loop 310 [26088375, 22, 20041119, 300919, 127866, 5615443]
Loop 311 [24289149, 10, 18507551, 147657, 112639, 5518366]
Loop 312 [25338056, 22, 19421035, 167704, 109016, 5637176]
Loop 313 [26161703, 21, 20226665, 161473, 105649, 5663487]
Loop 314 [26078454, 23, 20148075, 154126, 105745, 5667321]
Loop 315 [20087060, 23, 14180662, 145938, 89908, 5667902]
Loop 316 [20318401, 23, 14401163, 153136, 85620, 5675691]
Loop 317 [24409034, 9, 18610125, 152758, 113649, 5529385]
Loop 318 [25787771, 21, 19869689, 179943, 110405, 5624214]
Loop 319 [25762017, 23, 19838530, 153376, 103567, 5663148]
Loop 320 [25207061, 9, 19383552, 172762, 115280, 5532087]
Loop 321 [25926044, 22, 20014440, 168729, 108968, 5630987]
Loop 322 [25788932, 23, 19889492, 150556, 103225, 5642512]
Loop 323 [20049015, 23, 14143108, 149513, 87687, 5666427]
Loop 324 [24301287, 11, 18510080, 156299, 115368, 5516516]
Loop 325 [17616498, 11, 11821342, 177662, 94600, 5520277]
Loop 326 [17154339, 11, 11364923, 167502, 88343, 5531348]
Loop 327 [25845935, 22, 19942547, 159744, 103987, 5636546]
Loop 328 [24485982, 10, 18611825, 189771, 153160, 5520204]
Loop 329 [26209427, 22, 19958063, 518170, 173664, 5554624]
Loop 330 [24148383, 10, 18262944, 231091, 274106, 5376598]
Loop 331 [26188642, 21, 19922305, 525068, 168015, 5569479]
Loop 332 [20151861, 21, 14157896, 231221, 99918, 5659875]
Loop 333 [24529681, 10, 18734506, 158499, 114047, 5518944]
Loop 334 [24492784, 9, 18164401, 708128, 114143, 5502445]
Loop 335 [25733557, 23, 19838477, 148904, 112360, 5630091]
Loop 336 [24355453, 9, 18550683, 153859, 115397, 5532232]
Loop 337 [24026672, 10, 18243594, 161737, 104783, 5513394]
Loop 338 [25901041, 23, 19997885, 149535, 112388, 5637663]
Loop 339 [20663674, 23, 14770491, 154372, 92392, 5643108]
Loop 340 [26208382, 22, 20274670, 166938, 108110, 5654359]
Loop 341 [26153605, 21, 20217420, 165135, 113015, 5654228]
Loop 342 [24417785, 9, 18622548, 158791, 113550, 5519606]
Loop 343 [17362962, 9, 11582223, 167103, 91846, 5519757]
Loop 344 [23962626, 11, 18177670, 165608, 111246, 5505447]
Loop 345 [25875132, 23, 19973648, 156572, 111821, 5629515]
Loop 346 [20703186, 23, 14776438, 162936, 94056, 5666743]
Loop 347 [26274084, 22, 20341542, 162593, 110359, 5656076]
Loop 348 [24273418, 11, 18477054, 158324, 110199, 5524797]
Loop 349 [17170882, 11, 11383628, 167295, 93613, 5523957]
Loop 350 [17150487, 11, 11377746, 157994, 94686, 5517480]
Loop 351 [25985821, 23, 20081194, 158323, 107691, 5634951]
Loop 352 [24354045, 11, 18546291, 163661, 117905, 5523110]
Loop 353 [25980878, 23, 20073198, 160367, 114994, 5629051]
Loop 354 [27745395, 21, 21828363, 174329, 113488, 5625405]
Loop 355 [20086440, 21, 14165661, 165361, 92266, 5660136]
Loop 356 [24359607, 9, 18554461, 160819, 112769, 5528772]
Loop 357 [26085970, 23, 20042014, 251028, 118038, 5671112]
Loop 358 [24318311, 11, 18518305, 155848, 108757, 5532084]
Loop 359 [24173014, 10, 18257747, 272063, 179108, 5458881]
Loop 360 [17275951, 10, 11417836, 232546, 129080, 5494181]
Loop 361 [24073278, 11, 18244389, 218588, 171159, 5436842]
Loop 362 [17199239, 11, 11359355, 214396, 155502, 5468185]
Loop 363 [18982062, 11, 13171976, 179050, 83866, 5545442]
Loop 364 [25911834, 21, 19994026, 163156, 119684, 5631028]
Loop 365 [26073849, 22, 20151676, 165374, 110872, 5642299]
Loop 366 [24209903, 9, 18428805, 161102, 108493, 5508702]
Loop 367 [25863043, 21, 19955816, 161676, 114836, 5627199]
Loop 368 [24450203, 11, 18515730, 284461, 333887, 5309516]
Loop 369 [25778542, 23, 19804975, 230318, 170878, 5569158]
Loop 370 [24439905, 10, 18556718, 230793, 263911, 5385464]
Loop 371 [25835433, 22, 19870887, 224001, 126046, 5611477]
Loop 372 [20089499, 22, 14162963, 161458, 88528, 5673619]
Loop 373 [24375150, 9, 18571956, 166331, 109463, 5524061]
Loop 374 [17192366, 9, 11405380, 159530, 85821, 5539389]
Loop 375 [25755039, 23, 19860515, 154500, 110850, 5625953]
Loop 376 [27880307, 22, 21975373, 165467, 106993, 5628897]
Loop 377 [24298117, 10, 18520634, 164552, 108557, 5501420]
Loop 378 [17208006, 10, 11431714, 158771, 90011, 5525239]
Loop 379 [17163140, 10, 11395232, 149382, 88648, 5527065]
Loop 380 [17177946, 10, 11403960, 151028, 95717, 5524810]
Loop 381 [24969314, 21, 19059484, 160462, 112348, 5633674]
Loop 382 [24314575, 9, 18511992, 180473, 109423, 5509574]
Loop 383 [25918139, 22, 19998525, 169904, 108300, 5638107]
Loop 384 [24393839, 11, 18592343, 169215, 110810, 5518589]
Loop 385 [17362195, 11, 11571931, 164285, 91796, 5531572]
Loop 386 [17358723, 11, 11584505, 151188, 88745, 5531922]
Loop 387 [25810679, 23, 19917498, 143808, 112877, 5632462]
Loop 388 [24736115, 11, 18422360, 659578, 175960, 5472824]
Loop 389 [26024067, 22, 20015217, 240579, 372989, 5392467]
Loop 390 [26228353, 23, 20127174, 332278, 195790, 5570106]
Loop 391 [20860155, 23, 14689247, 413148, 129387, 5625301]
Loop 392 [20675849, 23, 14752614, 159564, 93463, 5667241]
Loop 393 [24447882, 10, 18636537, 169597, 109122, 5529528]
Loop 394 [17363494, 10, 11583415, 166335, 92142, 5518720]
Loop 395 [23972679, 9, 18187574, 156816, 117410, 5507450]
Loop 396 [25929289, 22, 20010898, 179522, 108672, 5626918]
Loop 397 [24240260, 11, 18445746, 166850, 102699, 5521859]
Loop 398 [17146760, 11, 11363596, 161092, 100418, 5519255]
Loop 399 [25767680, 23, 19869569, 152813, 113825, 5628200]
Loop 400 [20591660, 23, 14713444, 154377, 94755, 5625985]
Loop 401 [20682385, 23, 14788769, 158308, 91533, 5640506]
Loop 402 [26076315, 21, 20140456, 159094, 117265, 5655608]
Loop 403 [26215441, 22, 20286364, 161637, 110687, 5653400]
Loop 404 [24409370, 11, 18617540, 151288, 108228, 5528904]
Loop 405 [25974512, 21, 20070712, 164277, 110773, 5625172]
Loop 406 [20133946, 21, 14245848, 155519, 95494, 5634465]
Loop 407 [20103226, 21, 14200385, 164297, 93369, 5642344]
Loop 408 [27711930, 9, 21894318, 174128, 110752, 5528878]
Loop 409 [25869042, 21, 19948737, 173450, 113004, 5630189]
Loop 410 [26043403, 22, 20142435, 157026, 116217, 5624776]
Loop 411 [24406013, 9, 18599971, 161733, 111551, 5529878]
Loop 412 [25806164, 22, 19898867, 162947, 107282, 5634121]
Loop 413 [24457382, 11, 18465484, 354885, 185873, 5445538]
Loop 414 [25924952, 22, 19932986, 243734, 314669, 5430434]
Loop 415 [20447543, 22, 14159086, 510074, 215853, 5560598]
Loop 416 [24377409, 11, 18516602, 219477, 131447, 5506486]
Loop 417 [25812961, 22, 19898785, 167648, 114838, 5628688]
Loop 418 [26231955, 21, 20312201, 155222, 106940, 5653933]
Loop 419 [20064567, 21, 14159637, 143968, 92839, 5665440]
Loop 420 [26128193, 22, 20197044, 162936, 115544, 5649806]
Loop 421 [26048837, 21, 20112983, 166501, 111256, 5654259]
Loop 422 [24251733, 11, 18455612, 153391, 112680, 5527114]
Loop 423 [17346521, 11, 11567876, 166147, 95387, 5514383]
Loop 424 [23949736, 10, 18178732, 157091, 113464, 5497125]
Loop 425 [23919528, 9, 18144310, 166912, 115128, 5490254]
Loop 426 [25857882, 22, 19961235, 160101, 107920, 5625743]
Loop 427 [24392035, 9, 18604628, 150075, 120882, 5513176]
Loop 428 [25865029, 22, 19951856, 175356, 111419, 5623009]
Loop 429 [24252035, 11, 18463969, 159500, 104699, 5520742]
Loop 430 [17230196, 11, 11452751, 164533, 98109, 5512073]
Loop 431 [17183125, 11, 11401157, 156533, 89865, 5532766]
Loop 432 [25825175, 23, 19902695, 174040, 115384, 5629818]
Loop 433 [24270087, 9, 18496478, 148452, 111791, 5509778]
Loop 434 [25881284, 21, 19975327, 166801, 112361, 5624278]
Loop 435 [23321913, 9, 17518566, 156193, 116752, 5527006]
Loop 436 [23967816, 11, 18180558, 169081, 106780, 5508309]
Loop 437 [24019384, 10, 18229820, 166509, 114916, 5505297]
Loop 438 [25848429, 22, 19943467, 155488, 110439, 5635831]
Loop 439 [24221238, 11, 18441926, 155469, 110960, 5509822]
Loop 440 [24035525, 9, 18241077, 171745, 111577, 5507852]
Loop 441 [26718678, 11, 20917621, 180755, 112551, 5504412]
Loop 442 [25996687, 22, 20098909, 154981, 121976, 5617954]
Loop 443 [26081656, 23, 20155227, 152599, 105863, 5665270]
Loop 444 [25692354, 22, 19768736, 157045, 106820, 5656115]
Loop 445 [25933150, 23, 19998290, 163144, 109230, 5659442]
Loop 446 [24555717, 11, 18608333, 286236, 185039, 5468959]
Loop 447 [25823652, 22, 19828559, 240683, 160818, 5590252]
Loop 448 [24334486, 9, 18484228, 217643, 180901, 5448745]
Loop 449 [24099700, 10, 18239300, 243678, 204391, 5408790]
Loop 450 [25804523, 21, 19896173, 159645, 111432, 5634677]
Loop 451 [26000873, 23, 20120799, 145322, 109209, 5622397]
Loop 452 [26282156, 21, 20350029, 166291, 110409, 5652120]
Loop 453 [24321376, 11, 18502059, 162843, 117856, 5535171]
Loop 454 [25819824, 22, 19908899, 165393, 102495, 5639835]
Loop 455 [24243587, 10, 18462978, 148019, 112879, 5516629]
Loop 456 [25755266, 21, 19835994, 169831, 114152, 5631301]
Loop 457 [24333487, 9, 18533278, 162887, 119545, 5515252]
Loop 458 [17355476, 9, 11570432, 166387, 93186, 5523506]
Loop 459 [28075596, 23, 22155841, 169194, 105014, 5642704]
Loop 460 [24323432, 9, 18510721, 163851, 114501, 5531673]
Loop 461 [24048453, 10, 18260606, 168445, 113547, 5502394]
Loop 462 [24039062, 11, 18230329, 194313, 109049, 5502253]
Loop 463 [25845059, 22, 19945555, 153119, 110016, 5633418]
Loop 464 [24342929, 10, 18545132, 175066, 111460, 5507747]
Loop 465 [25316435, 22, 19409344, 159837, 107932, 5636565]
Loop 466 [20688251, 22, 14759448, 165307, 94046, 5666869]
Loop 467 [20697678, 22, 14775905, 165376, 99913, 5653455]
Loop 468 [26242863, 23, 20305295, 158293, 117637, 5658678]
Loop 469 [26433376, 21, 20500084, 157697, 111789, 5660204]
Loop 470 [26434438, 23, 20501376, 157484, 111933, 5660403]
Loop 471 [24360219, 11, 18567621, 153697, 114403, 5521246]
Loop 472 [17338018, 11, 11538981, 172037, 90058, 5534642]
Loop 473 [24248161, 10, 18247790, 348702, 337470, 5306618]
Loop 474 [25989077, 22, 19976874, 231611, 345189, 5432611]
Loop 475 [24435092, 9, 18509725, 227733, 363968, 5331294]
Loop 476 [17492935, 9, 11575626, 297658, 104160, 5513578]
Loop 477 [25877169, 22, 19978036, 154736, 119174, 5622217]
Loop 478 [26231517, 21, 20313561, 154269, 109372, 5650246]
Loop 479 [24347664, 10, 18544447, 159798, 113465, 5526670]
Loop 480 [25831888, 22, 19920216, 167411, 111554, 5629598]
Loop 481 [25186820, 11, 19389060, 161328, 111761, 5518211]
Loop 482 [23964339, 10, 18155942, 178292, 111840, 5514773]
Loop 483 [23804278, 9, 18026220, 157157, 126374, 5491785]
Loop 484 [17261048, 9, 11478205, 164569, 91294, 5524841]
Loop 485 [17776759, 9, 11987399, 174733, 92385, 5519499]
Loop 486 [23047658, 10, 17264299, 165504, 103604, 5510912]
Loop 487 [25945248, 22, 19983910, 213638, 114090, 5630305]
Loop 488 [24217398, 11, 18445816, 152154, 111220, 5505266]
Loop 489 [24406092, 10, 18292994, 472234, 183339, 5447236]
Loop 490 [26144944, 21, 19975766, 419712, 168685, 5577426]
Loop 491 [24316340, 10, 18460054, 222314, 234558, 5395646]
Loop 492 [24199010, 11, 18258256, 328491, 132575, 5477585]
Loop 493 [25777138, 22, 19874829, 168257, 106411, 5624615]
Loop 494 [24211989, 9, 18431297, 158022, 114355, 5505487]
Loop 495 [24079805, 10, 18282340, 173074, 108766, 5512847]
Loop 496 [17196079, 10, 11414098, 161690, 91304, 5526188]
Loop 497 [22297653, 10, 16496150, 179526, 100265, 5518866]
Loop 498 [25879950, 21, 19971892, 161144, 117205, 5626041]
Loop 499 [24127167, 10, 18330075, 163520, 112849, 5517620]
Loop 500 [23978417, 11, 18193806, 163851, 105949, 5512660]
Loop 501 [23973961, 10, 18199598, 151192, 107256, 5512999]
Loop 502 [25923058, 21, 20016575, 156413, 122855, 5623457]
Loop 503 [24270904, 9, 18501232, 152795, 111454, 5502145]
Loop 504 [25853711, 23, 19945177, 160760, 107231, 5637222]
Loop 505 [24228999, 11, 18440359, 161050, 111805, 5512629]
Loop 506 [25851180, 22, 19949902, 155498, 106998, 5635221]
Loop 507 [24334293, 11, 18543370, 149008, 117535, 5521502]
Loop 508 [17386765, 11, 11601186, 163218, 93461, 5526778]
Loop 509 [17323446, 11, 11557493, 156121, 92108, 5515299]
Loop 510 [25813266, 23, 19921258, 156138, 111005, 5621486]
Loop 511 [26112879, 21, 20208549, 158970, 106959, 5634661]
Loop 512 [24268412, 10, 18481615, 161505, 111107, 5511200]
Loop 513 [25903127, 22, 19992825, 162852, 112492, 5631400]
Loop 514 [26116416, 23, 20145749, 192382, 114250, 5634279]
Loop 515 [27545812, 11, 21747900, 174226, 106782, 5513576]
Loop 516 [17207033, 11, 11424025, 165767, 90224, 5524208]
Loop 517 [25756526, 21, 19846241, 159097, 111302, 5636605]
Loop 518 [26087770, 22, 20174813, 164942, 106681, 5637900]
Loop 519 [24327986, 11, 18528822, 153462, 110310, 5532789]
Loop 520 [17207569, 11, 11410668, 171188, 92308, 5531472]
Loop 521 [25418607, 22, 19530154, 150922, 112248, 5621811]
Loop 522 [26175703, 21, 20248635, 153862, 114733, 5654798]
Loop 523 [24318215, 10, 18512942, 157589, 117974, 5526742]
Loop 524 [24240621, 11, 18201864, 368876, 360064, 5303387]
Loop 525 [26035260, 22, 19890013, 395111, 166498, 5580725]
Loop 526 [20124726, 22, 14153487, 225802, 195280, 5547196]
Loop 527 [26283703, 21, 20196654, 312750, 127960, 5642893]
Loop 528 [24294911, 10, 18487632, 169385, 108634, 5525960]
Loop 529 [25841897, 22, 19959110, 139628, 115792, 5624080]
Loop 530 [26099344, 21, 20150398, 172817, 120927, 5651696]
Loop 531 [24315891, 9, 18505152, 174424, 111265, 5522285]
Loop 532 [17340524, 9, 11580877, 142976, 79334, 5535209]
Loop 533 [24037931, 10, 18273318, 147429, 103196, 5511288]
Loop 534 [25785420, 23, 19889930, 153843, 118867, 5620461]
Loop 535 [26245000, 21, 20316006, 181851, 125758, 5616740]
Loop 536 [24311348, 11, 18497379, 176146, 100613, 5534389]
Loop 537 [17348602, 11, 11589792, 149984, 76422, 5530090]
Loop 538 [25756533, 22, 19866364, 144441, 120869, 5621753]
Loop 539 [26184476, 21, 20224765, 177570, 126955, 5651647]
Loop 540 [24444409, 11, 18612639, 174975, 102331, 5551383]
Loop 541 [24058761, 10, 18283110, 159727, 97264, 5516011]
Loop 542 [25822975, 22, 19933554, 140712, 121497, 5623770]
Loop 543 [24292281, 11, 18482777, 174270, 102030, 5530296]
Loop 544 [17374332, 11, 11589844, 162073, 82666, 5537457]
Loop 545 [24021490, 9, 18256998, 138902, 98109, 5524522]
Loop 546 [25790263, 23, 19902766, 144929, 121159, 5618106]
Loop 547 [20628182, 23, 14712860, 161585, 105440, 5644759]
Loop 548 [20815124, 23, 14871446, 177471, 102245, 5661125]
Loop 549 [24400389, 9, 18572739, 187440, 97775, 5539372]
Loop 550 [17375123, 9, 11594026, 159099, 80289, 5538723]
Loop 551 [27590196, 23, 21677036, 172004, 118000, 5619850]
Loop 552 [26299772, 21, 20351655, 173080, 133822, 5637539]
Loop 553 [26270875, 22, 20319949, 181518, 121595, 5643363]
Loop 554 [20444024, 22, 14501036, 181984, 99917, 5657814]
Loop 555 [20665051, 22, 14540401, 322380, 302187, 5493866]
Loop 556 [26307441, 23, 20282514, 260668, 188752, 5571427]
Loop 557 [25085723, 9, 18600177, 844962, 166952, 5470360]
Loop 558 [25901979, 22, 19942546, 220590, 127872, 5607622]
Loop 559 [24327382, 11, 18531628, 164489, 106357, 5522037]
Loop 560 [17352800, 11, 11568931, 165988, 85251, 5530379]
Loop 561 [25808189, 23, 19910390, 148610, 113232, 5631984]
Loop 562 [24321915, 11, 18515537, 164503, 117016, 5521833]
Loop 563 [25969848, 23, 20076870, 151844, 116704, 5621256]
Loop 564 [27662234, 9, 21794323, 239134, 102936, 5522666]
Loop 565 [25894008, 22, 19991946, 152152, 118906, 5626921]
Loop 566 [26284098, 23, 20343479, 166251, 118726, 5652908]
Loop 567 [24348610, 9, 18540872, 174603, 103423, 5526544]
Loop 568 [25920621, 23, 20024709, 157471, 114050, 5620670]
Loop 569 [24718977, 10, 18534325, 553461, 181409, 5444447]
Loop 570 [25717333, 23, 19711728, 234830, 363765, 5403229]
Loop 571 [24600327, 11, 18485276, 458005, 163023, 5491016]
Loop 572 [17496022, 11, 11575401, 294406, 100062, 5523285]
Loop 573 [17334582, 11, 11547482, 168697, 88232, 5526811]
Loop 574 [17409501, 11, 11620551, 162522, 93198, 5530444]
Loop 575 [25840381, 22, 19934141, 155868, 104053, 5643468]
Loop 576 [23570279, 11, 17747540, 180919, 112537, 5526307]
Loop 577 [25985926, 21, 20066795, 170637, 116929, 5627940]
Loop 578 [26200780, 23, 20278050, 153681, 106317, 5659812]
Loop 579 [26124201, 21, 20212987, 146817, 100849, 5660538]
Loop 580 [24351975, 9, 18550660, 153136, 114403, 5530397]
Loop 581 [25996054, 22, 20072863, 179649, 108468, 5632090]
Loop 582 [24446008, 10, 18645829, 153852, 109212, 5533775]
Loop 583 [17313208, 10, 11529725, 169231, 107075, 5505088]
Loop 584 [25848132, 21, 19942363, 164871, 108461, 5629406]
Loop 585 [26168970, 23, 20274990, 151388, 105747, 5633800]
Loop 586 [26250498, 21, 20321719, 154415, 108015, 5663178]
Loop 587 [26267793, 22, 20336551, 157415, 111422, 5658975]
Loop 588 [24445399, 11, 18566158, 228046, 113825, 5534161]
Loop 589 [17362295, 11, 11561148, 175521, 86134, 5536567]
Loop 590 [25881480, 23, 19982732, 156333, 107280, 5631988]
Loop 591 [24238196, 11, 18451831, 146377, 113972, 5523220]
Loop 592 [25979006, 21, 20080121, 167780, 106921, 5620777]
Loop 593 [27502620, 9, 21720021, 156885, 113451, 5508751]
Loop 594 [23979975, 10, 18180532, 173067, 114622, 5508909]
Loop 595 [23966539, 11, 18186104, 159492, 117156, 5500593]
Loop 596 [23672444, 9, 17892639, 160543, 110495, 5505340]
Loop 597 [26066748, 23, 20149688, 171739, 109759, 5632577]
Loop 598 [24470746, 11, 18517646, 276500, 223903, 5440805]
Loop 599 [25708781, 23, 19718392, 248705, 172907, 5566403]
Loop 600 [24430204, 10, 18555801, 234751, 168430, 5468166]
Loop 601 [25551058, 23, 19570284, 242484, 120393, 5615762]
Loop 602 [20569171, 23, 14678865, 151869, 86429, 5648810]
Loop 603 [26246937, 22, 20315250, 155889, 107517, 5665517]
Loop 604 [24471664, 10, 18665154, 165016, 113334, 5525242]
Loop 605 [25091295, 22, 19174107, 176013, 102954, 5635499]
Loop 606 [24388974, 11, 18596113, 148995, 118829, 5522260]
Loop 607 [18308893, 11, 12494365, 188914, 90311, 5532549]
Loop 608 [25890333, 23, 19996890, 159092, 108635, 5622797]
Loop 609 [24329737, 10, 18529893, 154752, 122459, 5519695]
Loop 610 [17217455, 10, 11426252, 166274, 95871, 5526574]
Loop 611 [17397755, 10, 11636048, 146207, 97490, 5515336]
Loop 612 [25927301, 22, 19930330, 243679, 139082, 5611445]
Loop 613 [24286925, 9, 18446065, 176532, 208441, 5452716]
Loop 614 [25880170, 23, 19910737, 205062, 176523, 5585075]
Loop 615 [24299734, 11, 18501236, 168130, 110359, 5517107]
Loop 616 [17331438, 11, 11540114, 169714, 89985, 5528936]
Loop 617 [25809193, 23, 19900614, 161515, 110707, 5633593]
Loop 618 [26004951, 21, 20096299, 143789, 111422, 5650823]
Loop 619 [24387410, 11, 18580733, 155852, 110893, 5536575]
Loop 620 [25409917, 21, 19489551, 162041, 104855, 5650843]
Loop 621 [20076257, 21, 14198213, 151551, 78708, 5645392]
Loop 622 [26088522, 22, 20177298, 149136, 103404, 5656266]
Loop 623 [26024283, 23, 20104757, 148315, 107437, 5661465]
Loop 624 [26104973, 22, 20185917, 153808, 104128, 5658794]
Loop 625 [24479516, 10, 18686797, 155929, 113128, 5521009]
Loop 626 [25901184, 22, 19988472, 167570, 100945, 5641380]
Loop 627 [20674627, 22, 14772260, 149153, 85394, 5665507]
Loop 628 [24320274, 9, 18527860, 151039, 105307, 5532769]
Loop 629 [24028701, 10, 18239819, 163561, 111416, 5510506]
Loop 630 [25797017, 23, 19890927, 159424, 109231, 5634572]
Loop 631 [28647468, 21, 22747786, 156551, 97708, 5642603]
Loop 632 [20719225, 21, 14809233, 151745, 84473, 5671671]
Loop 633 [24249554, 9, 18464948, 151227, 112837, 5517600]
Loop 634 [24008317, 11, 18210318, 173802, 111090, 5510226]
Loop 635 [25908919, 21, 20016738, 145131, 101346, 5642405]
Loop 636 [24212830, 9, 18457450, 140315, 108015, 5504001]
Loop 637 [24965292, 21, 19053854, 169681, 103352, 5635379]
Loop 638 [24301886, 11, 18508602, 152185, 106498, 5531802]
Loop 639 [25754804, 21, 19852110, 162732, 107301, 5629822]
Loop 640 [24262537, 9, 18512818, 138867, 118049, 5490091]
Loop 641 [23995648, 10, 18214030, 169304, 108130, 5501410]
Loop 642 [26004027, 21, 20106736, 154241, 107373, 5632591]
Loop 643 [26048449, 22, 20153241, 146717, 106234, 5639958]
Loop 644 [24321783, 10, 18519464, 152557, 109526, 5537163]
Loop 645 [24016400, 11, 18230445, 164885, 109525, 5508616]
Loop 646 [24024429, 10, 18105895, 290602, 135318, 5490064]
Loop 647 [25963302, 23, 20025602, 182660, 130986, 5621409]
Loop 648 [24347013, 9, 18453200, 241277, 143970, 5505745]
Loop 649 [24091636, 10, 18229626, 244680, 105972, 5508471]
Loop 650 [23996256, 11, 18223435, 149414, 109688, 5511241]
Loop 651 [25829825, 21, 19930078, 151295, 102061, 5643712]
Loop 652 [26198211, 22, 20300366, 150005, 105553, 5639198]
Loop 653 [24271177, 9, 18476128, 163298, 103997, 5524418]
Loop 654 [25800121, 23, 19894149, 164448, 111855, 5626322]
Loop 655 [24312991, 9, 18518803, 149139, 112082, 5530290]
Loop 656 [17192688, 9, 11411321, 161305, 94384, 5522914]
Loop 657 [25743295, 22, 19852422, 147006, 102249, 5639156]
Loop 658 [26010126, 9, 20207340, 152093, 110724, 5536957]
Loop 659 [23897533, 11, 18120988, 164269, 110490, 5498947]
Loop 660 [25761473, 23, 19866332, 155189, 102318, 5634851]
Loop 661 [24439024, 9, 18643743, 151590, 110156, 5530768]
Loop 662 [23971227, 11, 18172472, 181527, 107872, 5506643]
Loop 663 [25827849, 21, 19909057, 151513, 104308, 5640100]
Loop 664 [20108158, 21, 14199879, 155990, 82332, 5667570]
Loop 665 [26068122, 23, 20143759, 151712, 104114, 5665313]
Loop 666 [24401103, 10, 18522092, 202409, 241016, 5432531]
Loop 667 [24051109, 9, 18225171, 196472, 171659, 5454797]
Loop 668 [25878162, 21, 19934786, 203971, 170098, 5566532]
Loop 669 [20113918, 21, 14147880, 231802, 94515, 5637192]
Loop 670 [24397684, 11, 18590602, 172238, 100853, 5530697]
Loop 671 [25591906, 21, 19683888, 156864, 111880, 5635973]
Loop 672 [23799688, 11, 17964724, 165415, 103914, 5529020]
Loop 673 [17317362, 11, 11539617, 157729, 86944, 5530958]
Loop 674 [25901666, 21, 20004664, 150101, 113655, 5630215]
Loop 675 [24242126, 10, 18450524, 160606, 102284, 5525367]
Loop 676 [24010692, 11, 18228836, 154851, 96706, 5527871]
Loop 677 [25773904, 22, 19890932, 143379, 115696, 5621188]
Loop 678 [26084904, 23, 20167455, 169197, 113763, 5631663]
Loop 679 [26092301, 22, 20148680, 170381, 119257, 5651195]
Loop 680 [26073631, 21, 20136858, 162691, 117989, 5652932]
Loop 681 [24326207, 11, 18519019, 172663, 104745, 5526645]
Loop 682 [17113861, 11, 11349081, 148336, 85635, 5528810]
Loop 683 [17160007, 11, 11386990, 145191, 88826, 5536730]
Loop 684 [25852543, 21, 19961196, 147083, 112267, 5629033]
Loop 685 [24393887, 11, 18584368, 167225, 90232, 5549177]
Loop 686 [25805430, 22, 19922808, 147912, 109608, 5622494]
Loop 687 [24234655, 10, 18447551, 163967, 102134, 5518186]
Loop 688 [40078085, 23, 34139736, 196296, 108489, 5630832]
Loop 689 [24358722, 11, 18561085, 161284, 99119, 5534297]
Loop 690 [23952926, 10, 18179107, 157675, 111081, 5502344]
Loop 691 [23719202, 11, 17957174, 143451, 98961, 5516823]
Loop 692 [24006034, 10, 18248764, 145965, 102155, 5506785]
Loop 693 [17380010, 10, 11575982, 183834, 111961, 5506005]
Loop 694 [23987689, 11, 18193172, 168959, 124079, 5498872]
Loop 695 [25904314, 22, 19979138, 163371, 142661, 5616086]
Loop 696 [24293214, 9, 18449755, 190547, 97086, 5552409]
Loop 697 [25711561, 21, 19824052, 148409, 114659, 5621503]
Loop 698 [24030477, 9, 18214545, 163059, 102904, 5546672]
Loop 699 [25721344, 22, 19831087, 148247, 114862, 5624435]
Loop 700 [26181301, 21, 20272739, 168610, 121945, 5615074]
Loop 701 [25883392, 22, 19964904, 173771, 112983, 5628603]
Loop 702 [24353540, 10, 18546929, 168102, 105858, 5529897]
Loop 703 [25771520, 21, 19867183, 157447, 111313, 5632377]
Loop 704 [24173040, 11, 18390409, 164628, 99822, 5515247]
Loop 705 [25677971, 10, 19858848, 202242, 100527, 5513216]
Loop 706 [24033949, 9, 18269737, 141032, 92223, 5527873]
Loop 707 [17325404, 9, 11566101, 142416, 81064, 5533364]
Loop 708 [23904017, 11, 18154017, 138611, 93415, 5515762]
Loop 709 [25861297, 23, 19973413, 137449, 113969, 5633705]
Loop 710 [26225141, 22, 20311246, 171769, 113015, 5625896]
Loop 711 [24267866, 11, 18454295, 176338, 100969, 5533360]
Loop 712 [25660085, 23, 19776093, 146341, 113240, 5621348]
Loop 713 [23587109, 11, 17686651, 262665, 130086, 5505034]
Loop 714 [25877698, 22, 19961638, 167628, 134096, 5611362]
Loop 715 [26197719, 21, 20251316, 193734, 144592, 5604350]
Loop 716 [24404256, 9, 18571343, 202742, 99718, 5527385]
Loop 717 [25800329, 23, 19897353, 167381, 106026, 5626960]
Loop 718 [20070112, 23, 14152044, 162462, 100417, 5651808]
Loop 719 [24376254, 9, 18569119, 169446, 101214, 5532877]
Loop 720 [25789010, 21, 19891113, 158583, 120796, 5615684]
Loop 721 [26243131, 22, 20303289, 169693, 111660, 5655398]
Loop 722 [24330724, 10, 18522400, 163325, 100669, 5541213]
Loop 723 [25754778, 21, 19860349, 154272, 111581, 5625512]
Loop 724 [24417547, 11, 18610254, 167603, 101131, 5535857]
Loop 725 [17323425, 11, 11553817, 150383, 91390, 5525288]
Loop 726 [25821330, 21, 19937605, 145824, 114282, 5620546]
Loop 727 [25973039, 23, 20065210, 162639, 114881, 5627497]
Loop 728 [24382170, 10, 18571080, 172662, 95463, 5540049]
Loop 729 [25841289, 23, 19953549, 152386, 113053, 5619649]
Loop 730 [24038889, 10, 18243757, 159686, 104498, 5527694]
Loop 731 [25895334, 23, 19994777, 154803, 113839, 5629018]
Loop 732 [26624847, 11, 20812666, 189766, 99841, 5519680]
Loop 733 [23919863, 9, 18121315, 183834, 101661, 5510439]
Loop 734 [23930885, 11, 18176806, 135057, 92793, 5524029]
Loop 735 [26014365, 23, 20120205, 148160, 108707, 5634822]
Loop 736 [23722155, 9, 17925948, 158488, 101931, 5532240]
Loop 737 [25981803, 22, 20089243, 149543, 111663, 5628484]
Loop 738 [23747104, 9, 17930400, 164986, 101760, 5547312]
Loop 739 [24053151, 10, 18286985, 155199, 102568, 5505467]
Loop 740 [25965608, 22, 20075543, 144721, 111973, 5630538]
Loop 741 [24192484, 11, 18401545, 164870, 99734, 5523409]
Loop 742 [25872169, 23, 19981668, 155013, 108448, 5624277]
Loop 743 [20619247, 23, 14693804, 169952, 93888, 5658790]
Loop 744 [24336151, 9, 18527692, 168143, 100849, 5536392]
Loop 745 [25364059, 23, 19465170, 163585, 120476, 5612147]
Loop 746 [24239857, 10, 18457200, 157429, 98505, 5524001]
Loop 747 [25859995, 22, 19894023, 208067, 145684, 5609432]
Loop 748 [20225076, 22, 14151035, 291832, 167036, 5612283]
Loop 749 [20729176, 22, 14749768, 212136, 111272, 5653289]
Loop 750 [26294239, 23, 20293692, 235528, 122334, 5640164]
Loop 751 [24329696, 11, 18523927, 167133, 102492, 5533409]
Loop 752 [24001329, 10, 18219512, 168554, 97098, 5513930]
Loop 753 [23964967, 11, 18195519, 146667, 96059, 5524381]
Loop 754 [25854809, 23, 19961504, 152426, 116216, 5621642]
Loop 755 [20498882, 23, 14586618, 171851, 98259, 5638689]
Loop 756 [24357168, 10, 18570949, 169322, 92613, 5521395]
Loop 757 [25813874, 21, 19921060, 149118, 116354, 5624437]
Loop 758 [26240718, 23, 20297681, 162027, 110855, 5666659]
Loop 759 [26049796, 21, 20110385, 164100, 115065, 5656438]
Loop 760 [26160263, 22, 20222938, 169754, 109872, 5654914]
Loop 761 [26012697, 21, 20075258, 170390, 115257, 5648716]
Loop 762 [26423646, 22, 20478082, 171187, 118522, 5652772]
Loop 763 [26472105, 21, 20528074, 174777, 121742, 5644339]
Loop 764 [24430706, 10, 18616873, 168373, 102273, 5540234]
Loop 765 [25901750, 21, 19982177, 169700, 109803, 5637159]
Loop 766 [26091052, 22, 20150693, 161267, 113625, 5662693]
Loop 767 [20065170, 22, 14132706, 174450, 96246, 5658567]
Loop 768 [20081157, 22, 14165163, 163981, 96748, 5652454]
Loop 769 [20059973, 22, 14126177, 170523, 96863, 5664085]
Loop 770 [24345954, 11, 18537838, 159204, 103684, 5542362]
Loop 771 [17145897, 11, 11382456, 147457, 83957, 5530207]
Loop 772 [25898668, 22, 19996267, 152581, 111540, 5635014]
Loop 773 [20069726, 22, 14180730, 163197, 94292, 5629002]
Loop 774 [24398771, 11, 18595007, 163162, 97916, 5539350]
Loop 775 [23967275, 10, 18206053, 138442, 92103, 5528357]
Loop 776 [17319325, 10, 11559201, 136226, 86345, 5534921]
Loop 777 [25825142, 21, 19949918, 144762, 113917, 5613533]
Loop 778 [26297283, 22, 20371135, 158363, 112582, 5652208]
Loop 779 [26258498, 23, 20312497, 169355, 113751, 5659568]
Loop 780 [24325895, 11, 18508180, 175311, 102524, 5536782]
Loop 781 [27310454, 9, 21507610, 174720, 94921, 5530508]
Loop 782 [25830646, 22, 19934805, 154374, 110973, 5627781]
Loop 783 [26264084, 21, 20330447, 160660, 124193, 5645327]
Loop 784 [24322991, 11, 18515703, 167525, 98827, 5537982]
Loop 785 [25637415, 23, 19752137, 140181, 109979, 5632348]
Loop 786 [24513798, 9, 18612830, 211792, 189765, 5496334]
Loop 787 [25853097, 22, 19921395, 186491, 138985, 5603589]
Loop 788 [26161382, 21, 20136082, 259404, 237693, 5525083]
Loop 789 [24467797, 10, 18589329, 246336, 101234, 5527821]
Loop 790 [24003760, 9, 18228627, 158178, 100607, 5514043]
Loop 791 [23941228, 11, 18185658, 138828, 99532, 5515472]
Loop 792 [25887695, 21, 19991618, 154151, 122349, 5616431]
Loop 793 [26137941, 22, 20191123, 167862, 115975, 5659628]
Loop 794 [24324223, 9, 18509903, 171546, 102636, 5536774]
Loop 795 [25803954, 23, 19900988, 154267, 114098, 5631756]
Loop 796 [26020770, 22, 20129038, 158230, 116707, 5613991]
Loop 797 [24292562, 10, 18501371, 163707, 97264, 5527229]
Loop 798 [25827678, 22, 19920371, 158682, 118337, 5627548]
Loop 799 [20684850, 22, 14789715, 162240, 97748, 5632483]
Loop 800 [23916530, 10, 18115257, 165320, 101548, 5531628]
Loop 801 [17208677, 10, 11436092, 151860, 84817, 5533244]
Loop 802 [25764961, 21, 19859605, 155281, 112468, 5634191]
Loop 803 [24391694, 9, 18590824, 159464, 106969, 5531086]
Loop 804 [25851487, 22, 19960337, 153119, 112473, 5622823]
Loop 805 [20056556, 22, 14156556, 168642, 97864, 5631077]
Loop 806 [21875241, 22, 15957163, 189694, 92316, 5634058]
Loop 807 [26124462, 21, 20188147, 170588, 116351, 5646412]
Loop 808 [25793912, 22, 19862287, 167218, 116493, 5645653]
Loop 809 [20102646, 22, 14186460, 165766, 98958, 5649580]
Loop 810 [24380977, 10, 18586617, 164778, 101760, 5524887]
Loop 811 [25708387, 23, 19812777, 156301, 112307, 5624102]
Loop 812 [26067473, 21, 20154554, 168179, 113721, 5627978]
Loop 813 [26220072, 22, 20280912, 169115, 112561, 5653829]
Loop 814 [26071262, 21, 20091793, 184102, 114919, 5677244]
Loop 815 [26085608, 22, 20078023, 224703, 124435, 5655553]
Loop 816 [20133530, 22, 14202019, 173468, 102180, 5653423]
Loop 817 [24338261, 11, 18530415, 170264, 100648, 5534602]
Loop 818 [17150369, 11, 11369781, 156267, 82591, 5540007]
Loop 819 [25927812, 23, 19884409, 300552, 138239, 5601466]
Loop 820 [24355339, 10, 18513710, 192882, 126249, 5519469]
Loop 821 [24032842, 9, 18229496, 167343, 125206, 5507779]
Loop 822 [25870269, 21, 19892905, 227106, 114831, 5632368]
Loop 823 [23720623, 10, 17914939, 174529, 101108, 5526670]
Loop 824 [25838899, 21, 19946089, 148056, 112486, 5629571]
Loop 825 [25977737, 23, 20071390, 166640, 113608, 5622909]
Loop 826 [64179621, 23, 58228517, 219223, 101861, 5627814]
Loop 827 [24666070, 9, 18784359, 248636, 107648, 5522474]
Loop 828 [26258023, 22, 20079092, 356893, 165188, 5653376]
Loop 829 [20118374, 22, 14154817, 189540, 115904, 5655585]
Loop 830 [24335735, 10, 18494656, 194429, 125495, 5518430]
Loop 831 [17387721, 10, 11534503, 237549, 69357, 5543962]
Loop 832 [23947146, 9, 18198095, 128382, 91565, 5526725]
Loop 833 [25997737, 21, 20119400, 140350, 108325, 5626277]
Loop 834 [24365760, 10, 18549002, 170040, 102500, 5541179]
Loop 835 [17367910, 10, 11593638, 159017, 76241, 5536880]
Loop 836 [17320922, 10, 11556982, 144733, 80883, 5535618]
Loop 837 [17161662, 10, 11396195, 143270, 91951, 5527894]
Loop 838 [25843565, 22, 19954738, 144066, 108241, 5633708]
Loop 839 [20105276, 22, 14185209, 166714, 98772, 5652353]
Loop 840 [24452437, 9, 18642226, 178177, 100349, 5528474]
Loop 841 [25835446, 21, 19940425, 160550, 120155, 5611270]
Loop 842 [24378430, 9, 18561829, 166545, 109137, 5538126]
Loop 843 [25851164, 23, 19950323, 146257, 116169, 5635808]
Loop 844 [24194297, 11, 18411936, 164756, 108704, 5506134]
Loop 845 [25918471, 22, 19987164, 158156, 103960, 5635284]
Loop 846 [22156631, 22, 16234823, 179863, 103057, 5635837]
Loop 847 [26209434, 21, 20302762, 166384, 122945, 5614503]
Loop 848 [24289245, 9, 18490045, 169629, 101348, 5525593]
Loop 849 [25802045, 22, 19903112, 155324, 114975, 5625990]
Loop 850 [20036468, 22, 14134268, 155472, 103784, 5640068]
Loop 851 [24310676, 11, 18489741, 177250, 102735, 5538873]
Loop 852 [25705399, 23, 19813043, 149688, 110233, 5629630]
Loop 853 [24275855, 9, 18480962, 164464, 101440, 5526154]
Loop 854 [17182359, 9, 11390467, 164303, 92321, 5533020]
Loop 855 [25833149, 23, 19936341, 147064, 111828, 5635139]
Loop 856 [24275710, 11, 18489194, 163971, 103419, 5516699]
Loop 857 [24013975, 10, 18240419, 155529, 98596, 5517137]
Loop 858 [25990378, 21, 20116963, 135690, 112481, 5621928]
Loop 859 [26582196, 10, 20757269, 184819, 95392, 5541482]
Loop 860 [24011233, 9, 18241884, 146219, 95641, 5524648]
Loop 861 [25748002, 23, 19859523, 140822, 111588, 5633066]
Loop 862 [26074008, 22, 20137513, 164870, 112614, 5655722]
Loop 863 [20148385, 22, 14217725, 169917, 96328, 5661939]
Loop 864 [26098937, 23, 20152971, 173802, 112604, 5656836]
Loop 865 [20111280, 23, 14172555, 175055, 100636, 5660416]
Loop 866 [24375126, 11, 18565000, 168931, 104034, 5534512]
Loop 867 [17123974, 11, 11352840, 149241, 83458, 5536462]
Loop 868 [25800151, 21, 19909499, 148282, 122056, 5617634]
Loop 869 [24265178, 9, 18456248, 175603, 114310, 5516489]
Loop 870 [25455804, 21, 19558106, 157113, 109902, 5628207]
Loop 871 [24297956, 11, 18493704, 169647, 99251, 5532044]
Loop 872 [25732766, 23, 19853767, 147364, 110962, 5618201]
Loop 873 [20085380, 23, 14125209, 199313, 117125, 5641050]
Loop 874 [26179037, 22, 20205735, 194428, 140193, 5635400]
Loop 875 [24448654, 10, 18544679, 250011, 129438, 5521913]
Loop 876 [24021734, 11, 18224017, 185477, 100530, 5509238]
Loop 877 [25824594, 21, 19930039, 145807, 109752, 5635603]
Loop 878 [26041617, 23, 20133304, 163425, 113523, 5628600]
Loop 879 [26106594, 22, 20173735, 167854, 116351, 5645664]
Loop 880 [24324629, 10, 18513601, 171474, 99693, 5537324]
Loop 881 [25521066, 22, 19636589, 146543, 109183, 5625362]
Loop 882 [26006854, 21, 20106817, 158573, 116860, 5621253]
Loop 883 [20097183, 21, 14167053, 169136, 102420, 5655591]
Loop 884 [24322077, 10, 18508315, 167889, 95803, 5546977]
Loop 885 [24019167, 9, 18240722, 156425, 97951, 5521500]
Loop 886 [24108481, 10, 18325583, 167495, 97464, 5515464]
Loop 887 [17146078, 10, 11387619, 139399, 78019, 5538734]
Loop 888 [25765179, 22, 19879641, 137359, 114178, 5631424]
Loop 889 [24372881, 9, 18564004, 165394, 101180, 5538883]
Loop 890 [17186464, 9, 11417933, 155794, 85234, 5525486]
Loop 891 [25597737, 10, 19829263, 146965, 92645, 5526018]
Loop 892 [25946168, 22, 20004212, 180261, 147287, 5611585]
Loop 893 [26011647, 23, 20058076, 197510, 145759, 5607710]
Loop 894 [26075029, 21, 20134503, 189112, 143441, 5605058]
Loop 895 [20180079, 21, 14166473, 255417, 95544, 5660104]
Loop 896 [24381737, 10, 18562855, 174121, 103260, 5538202]
Loop 897 [24028150, 11, 18250762, 155799, 100431, 5518440]
Loop 898 [25968366, 22, 20069738, 148782, 111847, 5635301]
Loop 899 [23588986, 11, 17783152, 159681, 99509, 5543745]
Loop 900 [26560491, 23, 20663759, 152654, 111437, 5629724]
Loop 901 [24232512, 11, 18422090, 175056, 103630, 5528737]
Loop 902 [23975841, 9, 18206458, 152908, 94195, 5519692]
Loop 903 [17141932, 9, 11376256, 141144, 78805, 5543002]
Loop 904 [18104937, 9, 12279618, 196331, 89009, 5537889]
Loop 905 [23976803, 10, 18209436, 156688, 99317, 5508851]
Loop 906 [23905300, 11, 18144683, 138095, 97884, 5521730]
Loop 907 [25847525, 21, 19954086, 146823, 116236, 5627243]
Loop 908 [24556485, 9, 18518871, 397215, 133523, 5503140]
Loop 909 [25807534, 23, 19874224, 184690, 133949, 5612075]
Loop 910 [24300039, 11, 18484270, 181168, 132364, 5499070]
Loop 911 [17136412, 11, 11341565, 174260, 84118, 5533562]
Loop 912 [23993614, 10, 18220773, 147201, 97905, 5525030]
Loop 913 [25857216, 23, 19968173, 140362, 109398, 5636352]
Loop 914 [26066128, 21, 20153137, 165111, 113587, 5631421]
Loop 915 [26236033, 23, 20248350, 202528, 113647, 5668733]
Loop 916 [24454617, 9, 18652017, 166242, 98638, 5534664]
Loop 917 [25442382, 23, 19542455, 162556, 107918, 5626393]
Loop 918 [24344616, 9, 18538067, 160621, 110535, 5532252]
Loop 919 [25865460, 23, 19970432, 152752, 114149, 5625432]
Loop 920 [23921498, 9, 18133502, 158801, 95099, 5530857]
Loop 921 [25794932, 23, 19894045, 159510, 113772, 5624618]
Loop 922 [25834425, 10, 20035483, 174286, 102214, 5518816]
Loop 923 [17206512, 10, 11435482, 153097, 84211, 5530914]
Loop 924 [25912986, 23, 20033876, 134099, 109824, 5632965]
Loop 925 [24014703, 10, 18221830, 161007, 102857, 5526161]
Loop 926 [25870618, 23, 19867356, 248779, 143297, 5608302]
Loop 927 [24339571, 11, 18485295, 209276, 119187, 5522999]
Loop 928 [25931856, 23, 19940707, 238361, 140578, 5609225]
Loop 929 [24321267, 10, 18513458, 191547, 104952, 5508463]
Loop 930 [25826327, 21, 19917366, 159635, 111500, 5634858]
Loop 931 [26114804, 23, 20192134, 156158, 114525, 5648923]
Loop 932 [23396031, 11, 17605918, 165683, 98461, 5523528]
Loop 933 [25878039, 22, 19977148, 157968, 111990, 5627819]
Loop 934 [24370795, 11, 18562242, 170888, 96922, 5537914]
Loop 935 [17370336, 11, 11600414, 154723, 80751, 5531891]
Loop 936 [17325044, 11, 11551278, 148093, 82472, 5539997]
Loop 937 [17152327, 11, 11376878, 150461, 87950, 5534196]
Loop 938 [17169127, 11, 11402074, 141369, 80792, 5542650]
Loop 939 [25980303, 23, 20093446, 140878, 115092, 5628187]
Loop 940 [23274709, 11, 17476676, 164968, 99238, 5530804]
Loop 941 [25845316, 23, 19896405, 169723, 114001, 5631970]
Loop 942 [27905744, 21, 21963195, 181474, 124289, 5633689]
Loop 943 [24241661, 10, 18436386, 169982, 101361, 5531092]
Loop 944 [25760699, 23, 19855887, 160596, 111454, 5630688]
Loop 945 [26111054, 21, 20197898, 176453, 115279, 5618634]
Loop 946 [25978714, 11, 20167264, 184343, 99462, 5524236]
Loop 947 [24176516, 9, 18237008, 284429, 171747, 5480002]
Loop 948 [25854723, 23, 19925846, 179779, 141650, 5604937]
Loop 949 [26216673, 21, 20204539, 257288, 145640, 5606261]
Loop 950 [24500408, 9, 18605776, 260388, 101439, 5529703]
Loop 951 [24039177, 10, 18257744, 161686, 98929, 5517576]
Loop 952 [25317414, 21, 19440297, 141513, 112679, 5619796]
Loop 953 [26039927, 23, 20104959, 172639, 113255, 5646464]
Loop 954 [24440028, 9, 18646607, 162054, 102169, 5526318]
Loop 955 [25461037, 23, 19565407, 148647, 109659, 5634803]
Loop 956 [20651968, 23, 14730950, 157971, 97353, 5663295]
Loop 957 [24448100, 9, 18637177, 172795, 103211, 5531433]
Loop 958 [17361061, 9, 11588551, 156783, 81565, 5531443]
Loop 959 [25786914, 21, 19901415, 141682, 111578, 5629411]
Loop 960 [24338071, 10, 18551019, 167970, 100378, 5515508]
Loop 961 [25479270, 21, 19581224, 156286, 112419, 5626229]
Loop 962 [26781563, 23, 20790917, 190395, 123662, 5673461]
Loop 963 [20438845, 23, 14517475, 163152, 102346, 5652648]
Loop 964 [51144923, 22, 45191545, 186585, 107223, 5656939]
Loop 965 [24359376, 11, 18535207, 164855, 103484, 5552900]
Loop 966 [24025995, 10, 18248329, 160631, 95668, 5518131]
Loop 967 [24033540, 11, 18257447, 149353, 102150, 5521615]
Loop 968 [24110686, 9, 18221286, 241559, 159538, 5485232]
Loop 969 [17814796, 9, 11386482, 790187, 151279, 5483716]
Loop 970 [23963886, 10, 18174112, 165159, 118316, 5502958]
Loop 971 [17239793, 10, 11452325, 164651, 78468, 5541596]
Loop 972 [25900910, 22, 20022058, 132228, 118550, 5625152]
Loop 973 [26297416, 21, 20359766, 175363, 111460, 5647375]
Loop 974 [20770794, 21, 14822023, 172034, 98826, 5652230]
Loop 975 [24329605, 10, 18526798, 171622, 99570, 5528171]
Loop 976 [17193462, 10, 11418098, 155803, 81098, 5536116]
Loop 977 [25796954, 23, 19910538, 140692, 112797, 5630198]
Loop 978 [26231343, 22, 20288333, 194431, 118623, 5626885]
Loop 979 [24350236, 9, 18527083, 176052, 101599, 5542334]
Loop 980 [17323465, 9, 11558258, 144387, 79305, 5538906]
Loop 981 [23920183, 11, 18162123, 139790, 103827, 5511192]
Loop 982 [23970177, 9, 18196921, 155556, 101929, 5512079]
Loop 983 [23528989, 11, 17761384, 147170, 92608, 5524870]
Loop 984 [19137622, 11, 13349242, 164701, 73764, 5547979]
Loop 985 [23951019, 10, 18195343, 141766, 98449, 5512546]
Loop 986 [26056116, 21, 20183818, 136773, 114634, 5617729]
Loop 987 [24241356, 9, 18438935, 169273, 96368, 5533143]
Loop 988 [25885795, 21, 19992833, 144060, 112970, 5633255]
Loop 989 [20717751, 21, 14817412, 170742, 99072, 5628374]
Loop 990 [23969529, 9, 18158310, 174396, 99532, 5534236]
Loop 991 [17188314, 9, 11417855, 148477, 72043, 5547683]
Loop 992 [24013973, 10, 18261455, 139134, 101813, 5508359]
Loop 993 [25875207, 22, 19968145, 158410, 124463, 5621026]
Loop 994 [26280303, 21, 20338049, 174406, 117816, 5647560]
Loop 995 [26090321, 22, 20161928, 162746, 125429, 5637700]
Loop 996 [24315731, 10, 18499112, 172668, 98787, 5542332]
Loop 997 [25897145, 22, 19964752, 185585, 141485, 5602559]
Loop 998 [26229744, 21, 20300501, 191959, 137055, 5597236]
Loop 999 [26170500, 23, 20228288, 194725, 143081, 5601980]
replicas primary file /tmp67108864hydra.dat capacity 16777216
replicas slave file /tmp67108864hydra.datLQL0 capacity 16777216
replicas slave file /tmp67108864hydra.datLQL1 capacity 16777216
replicas slave file /tmp67108864hydra.datLQL2 capacity 16777216
replicas slave file /tmp67108864hydra.datLQL3 capacity 16777216
replicas slave file /tmp67108864hydra.datLQL4 capacity 16777216
