readErasureCoding, filename /tmp1048576eccache.dat, loop 1000
/tmp1048576eccache.dat is a ReplicasFile!
starting benchmark...
ops 1000
final loop (us) 164.974
Loop 0 (us) 167.346
Loop 1 (us) 166.335
Loop 2 (us) 166.087
Loop 3 (us) 166.373
Loop 4 (us) 166.16
Loop 5 (us) 166.194
Loop 6 (us) 166.843
Loop 7 (us) 166.327
Loop 8 (us) 166.138
Loop 9 (us) 166.526
Loop 10 (us) 166.089
Loop 11 (us) 166.291
Loop 12 (us) 166.471
Loop 13 (us) 166.136
Loop 14 (us) 166.463
Loop 15 (us) 166.118
Loop 16 (us) 166.069
Loop 17 (us) 167.295
Loop 18 (us) 166.266
Loop 19 (us) 166.173
Loop 20 (us) 166.566
Loop 21 (us) 167.091
Loop 22 (us) 166.631
Loop 23 (us) 166.103
Loop 24 (us) 166.36
Loop 25 (us) 166.524
Loop 26 (us) 166.165
Loop 27 (us) 166.382
Loop 28 (us) 166.346
Loop 29 (us) 166.12
Loop 30 (us) 166.67
Loop 31 (us) 166.103
Loop 32 (us) 166.096
Loop 33 (us) 166.461
Loop 34 (us) 166.092
Loop 35 (us) 166.082
Loop 36 (us) 166.679
Loop 37 (us) 166.086
Loop 38 (us) 166.183
Loop 39 (us) 166.513
Loop 40 (us) 166.149
Loop 41 (us) 166.495
Loop 42 (us) 166.397
Loop 43 (us) 166.049
Loop 44 (us) 166.171
Loop 45 (us) 166.34
Loop 46 (us) 166.995
Loop 47 (us) 166.526
Loop 48 (us) 166.388
Loop 49 (us) 166.08
Loop 50 (us) 166.369
Loop 51 (us) 166.177
Loop 52 (us) 166.111
Loop 53 (us) 166.539
Loop 54 (us) 166.353
Loop 55 (us) 166.161
Loop 56 (us) 166.324
Loop 57 (us) 166.42
Loop 58 (us) 166.382
Loop 59 (us) 166.133
Loop 60 (us) 166.315
Loop 61 (us) 166.44
Loop 62 (us) 166.155
Loop 63 (us) 166.289
Loop 64 (us) 166.484
Loop 65 (us) 166.127
Loop 66 (us) 167.661
Loop 67 (us) 166.227
Loop 68 (us) 166.005
Loop 69 (us) 166.37
Loop 70 (us) 182.878
Loop 71 (us) 166.62
Loop 72 (us) 166.324
Loop 73 (us) 166.236
Loop 74 (us) 166.253
Loop 75 (us) 166.178
Loop 76 (us) 166.051
Loop 77 (us) 166.358
Loop 78 (us) 166.296
Loop 79 (us) 166.036
Loop 80 (us) 166.406
Loop 81 (us) 165.987
Loop 82 (us) 166.109
Loop 83 (us) 166.47
Loop 84 (us) 166.849
Loop 85 (us) 166.145
Loop 86 (us) 166.313
Loop 87 (us) 166.935
Loop 88 (us) 167.078
Loop 89 (us) 166.243
Loop 90 (us) 167.111
Loop 91 (us) 166.092
Loop 92 (us) 166.186
Loop 93 (us) 166.238
Loop 94 (us) 166.102
Loop 95 (us) 166.198
Loop 96 (us) 166.637
Loop 97 (us) 166.096
Loop 98 (us) 165.988
Loop 99 (us) 166.446
Loop 100 (us) 166.065
Loop 101 (us) 166.091
Loop 102 (us) 166.732
Loop 103 (us) 166.005
Loop 104 (us) 166.123
Loop 105 (us) 166.537
Loop 106 (us) 166.067
Loop 107 (us) 166.096
Loop 108 (us) 166.503
Loop 109 (us) 167.004
Loop 110 (us) 166.388
Loop 111 (us) 177.84
Loop 112 (us) 171.221
Loop 113 (us) 166.506
Loop 114 (us) 166.358
Loop 115 (us) 166.204
Loop 116 (us) 166.043
Loop 117 (us) 166.059
Loop 118 (us) 174.471
Loop 119 (us) 166.455
Loop 120 (us) 167.096
Loop 121 (us) 166.407
Loop 122 (us) 166.329
Loop 123 (us) 166.149
Loop 124 (us) 166.103
Loop 125 (us) 166.14
Loop 126 (us) 166.388
Loop 127 (us) 166.13
Loop 128 (us) 166.063
Loop 129 (us) 166.437
Loop 130 (us) 166.158
Loop 131 (us) 166.322
Loop 132 (us) 166.638
Loop 133 (us) 166.357
Loop 134 (us) 166.208
Loop 135 (us) 166.22
Loop 136 (us) 166.076
Loop 137 (us) 166.468
Loop 138 (us) 166.076
Loop 139 (us) 166.851
Loop 140 (us) 166.479
Loop 141 (us) 167.058
Loop 142 (us) 167.06
Loop 143 (us) 166.195
Loop 144 (us) 166.326
Loop 145 (us) 166.446
Loop 146 (us) 166.147
Loop 147 (us) 165.943
Loop 148 (us) 166.439
Loop 149 (us) 166.216
Loop 150 (us) 165.976
Loop 151 (us) 168.87
Loop 152 (us) 166.401
Loop 153 (us) 166.23
Loop 154 (us) 166.094
Loop 155 (us) 167.386
Loop 156 (us) 166.047
Loop 157 (us) 166.029
Loop 158 (us) 166.441
Loop 159 (us) 166.019
Loop 160 (us) 166.124
Loop 161 (us) 166.588
Loop 162 (us) 165.973
Loop 163 (us) 166.065
Loop 164 (us) 166.443
Loop 165 (us) 166.033
Loop 166 (us) 166.09
Loop 167 (us) 166.338
Loop 168 (us) 166.122
Loop 169 (us) 166.165
Loop 170 (us) 166.248
Loop 171 (us) 166.023
Loop 172 (us) 166.388
Loop 173 (us) 166.209
Loop 174 (us) 166.025
Loop 175 (us) 166.313
Loop 176 (us) 166.099
Loop 177 (us) 166.01
Loop 178 (us) 166.572
Loop 179 (us) 166.129
Loop 180 (us) 165.962
Loop 181 (us) 166.472
Loop 182 (us) 166.039
Loop 183 (us) 165.929
Loop 184 (us) 166.494
Loop 185 (us) 166.446
Loop 186 (us) 166.163
Loop 187 (us) 166.29
Loop 188 (us) 165.987
Loop 189 (us) 166.105
Loop 190 (us) 166.478
Loop 191 (us) 166.109
Loop 192 (us) 167.047
Loop 193 (us) 166.037
Loop 194 (us) 165.971
Loop 195 (us) 167.29
Loop 196 (us) 166.056
Loop 197 (us) 167.025
Loop 198 (us) 166.109
Loop 199 (us) 166.073
Loop 200 (us) 166.287
Loop 201 (us) 166.103
Loop 202 (us) 166.087
Loop 203 (us) 166.457
Loop 204 (us) 166.331
Loop 205 (us) 165.925
Loop 206 (us) 166.66
Loop 207 (us) 165.979
Loop 208 (us) 166.079
Loop 209 (us) 166.638
Loop 210 (us) 166.051
Loop 211 (us) 166.14
Loop 212 (us) 166.37
Loop 213 (us) 166.056
Loop 214 (us) 166.061
Loop 215 (us) 166.298
Loop 216 (us) 166.06
Loop 217 (us) 166.483
Loop 218 (us) 166.205
Loop 219 (us) 166.872
Loop 220 (us) 166.435
Loop 221 (us) 166.152
Loop 222 (us) 167.009
Loop 223 (us) 183.887
Loop 224 (us) 167.508
Loop 225 (us) 165.985
Loop 226 (us) 166.351
Loop 227 (us) 166.612
Loop 228 (us) 166.034
Loop 229 (us) 166.154
Loop 230 (us) 166.438
Loop 231 (us) 166.079
Loop 232 (us) 166.249
Loop 233 (us) 166.639
Loop 234 (us) 166.156
Loop 235 (us) 173.133
Loop 236 (us) 166.559
Loop 237 (us) 165.925
Loop 238 (us) 166.194
Loop 239 (us) 166.532
Loop 240 (us) 167.239
Loop 241 (us) 166.284
Loop 242 (us) 166.105
Loop 243 (us) 165.927
Loop 244 (us) 166.448
Loop 245 (us) 172.987
Loop 246 (us) 166.451
Loop 247 (us) 166.51
Loop 248 (us) 166.101
Loop 249 (us) 166.282
Loop 250 (us) 166.258
Loop 251 (us) 166.213
Loop 252 (us) 166.311
Loop 253 (us) 165.96
Loop 254 (us) 166.304
Loop 255 (us) 166.336
Loop 256 (us) 165.889
Loop 257 (us) 166.22
Loop 258 (us) 166.155
Loop 259 (us) 166.122
Loop 260 (us) 166.084
Loop 261 (us) 166.486
Loop 262 (us) 166.075
Loop 263 (us) 166.163
Loop 264 (us) 166.399
Loop 265 (us) 166.03
Loop 266 (us) 165.958
Loop 267 (us) 166.364
Loop 268 (us) 166.03
Loop 269 (us) 166.144
Loop 270 (us) 166.45
Loop 271 (us) 166.07
Loop 272 (us) 166.003
Loop 273 (us) 166.621
Loop 274 (us) 166.041
Loop 275 (us) 166.185
Loop 276 (us) 166.247
Loop 277 (us) 165.998
Loop 278 (us) 165.972
Loop 279 (us) 166.502
Loop 280 (us) 166.297
Loop 281 (us) 167.343
Loop 282 (us) 166.98
Loop 283 (us) 166.577
Loop 284 (us) 166.053
Loop 285 (us) 166.016
Loop 286 (us) 166.431
Loop 287 (us) 166.18
Loop 288 (us) 166.138
Loop 289 (us) 174.885
Loop 290 (us) 166.01
Loop 291 (us) 166.366
Loop 292 (us) 166.131
Loop 293 (us) 166.175
Loop 294 (us) 166.315
Loop 295 (us) 166.043
Loop 296 (us) 166.052
Loop 297 (us) 166.462
Loop 298 (us) 166.08
Loop 299 (us) 166.222
Loop 300 (us) 166.379
Loop 301 (us) 166.245
Loop 302 (us) 166.149
Loop 303 (us) 166.28
Loop 304 (us) 165.972
Loop 305 (us) 166.428
Loop 306 (us) 166.039
Loop 307 (us) 166.039
Loop 308 (us) 166.57
Loop 309 (us) 166.094
Loop 310 (us) 166.06
Loop 311 (us) 166.566
Loop 312 (us) 166.009
Loop 313 (us) 166.222
Loop 314 (us) 166.497
Loop 315 (us) 166.216
Loop 316 (us) 166.034
Loop 317 (us) 166.542
Loop 318 (us) 166.091
Loop 319 (us) 166.982
Loop 320 (us) 166.103
Loop 321 (us) 166.018
Loop 322 (us) 177.138
Loop 323 (us) 167.281
Loop 324 (us) 166.641
Loop 325 (us) 165.985
Loop 326 (us) 166.16
Loop 327 (us) 166.239
Loop 328 (us) 166.023
Loop 329 (us) 170.338
Loop 330 (us) 167.566
Loop 331 (us) 170.933
Loop 332 (us) 167.248
Loop 333 (us) 166.924
Loop 334 (us) 166.271
Loop 335 (us) 166.262
Loop 336 (us) 166.388
Loop 337 (us) 165.925
Loop 338 (us) 166.052
Loop 339 (us) 166.726
Loop 340 (us) 180.369
Loop 341 (us) 169.123
Loop 342 (us) 166.814
Loop 343 (us) 216.335
Loop 344 (us) 182.711
Loop 345 (us) 169.577
Loop 346 (us) 180.344
Loop 347 (us) 168.092
Loop 348 (us) 166.774
Loop 349 (us) 167.057
Loop 350 (us) 166.421
Loop 351 (us) 166.495
Loop 352 (us) 167.396
Loop 353 (us) 167.047
Loop 354 (us) 167.224
Loop 355 (us) 166.683
Loop 356 (us) 167.538
Loop 357 (us) 166.56
Loop 358 (us) 167.412
Loop 359 (us) 166.242
Loop 360 (us) 166.428
Loop 361 (us) 166.401
Loop 362 (us) 166.034
Loop 363 (us) 166.105
Loop 364 (us) 166.517
Loop 365 (us) 166.34
Loop 366 (us) 166.207
Loop 367 (us) 166.797
Loop 368 (us) 166.466
Loop 369 (us) 167.219
Loop 370 (us) 166.608
Loop 371 (us) 166.324
Loop 372 (us) 167.417
Loop 373 (us) 166.509
Loop 374 (us) 166.842
Loop 375 (us) 169.819
Loop 376 (us) 168.066
Loop 377 (us) 167.357
Loop 378 (us) 166.885
Loop 379 (us) 166.366
Loop 380 (us) 175.651
Loop 381 (us) 166.482
Loop 382 (us) 168.256
Loop 383 (us) 165.963
Loop 384 (us) 166.654
Loop 385 (us) 182.795
Loop 386 (us) 166.087
Loop 387 (us) 166.554
Loop 388 (us) 165.989
Loop 389 (us) 166.062
Loop 390 (us) 166.377
Loop 391 (us) 167.552
Loop 392 (us) 176.475
Loop 393 (us) 166.683
Loop 394 (us) 167.02
Loop 395 (us) 166.094
Loop 396 (us) 167.375
Loop 397 (us) 175.133
Loop 398 (us) 177.936
Loop 399 (us) 169.045
Loop 400 (us) 167.319
Loop 401 (us) 167.49
Loop 402 (us) 174.929
Loop 403 (us) 166.113
Loop 404 (us) 165.892
Loop 405 (us) 176.055
Loop 406 (us) 166.61
Loop 407 (us) 178.173
Loop 408 (us) 166.663
Loop 409 (us) 167.601
Loop 410 (us) 165.756
Loop 411 (us) 165.783
Loop 412 (us) 165.981
Loop 413 (us) 165.756
Loop 414 (us) 165.743
Loop 415 (us) 166.506
Loop 416 (us) 165.979
Loop 417 (us) 165.851
Loop 418 (us) 165.688
Loop 419 (us) 174.414
Loop 420 (us) 165.72
Loop 421 (us) 165.713
Loop 422 (us) 165.861
Loop 423 (us) 166.373
Loop 424 (us) 166.351
Loop 425 (us) 167.345
Loop 426 (us) 165.546
Loop 427 (us) 166.44
Loop 428 (us) 165.874
Loop 429 (us) 165.721
Loop 430 (us) 165.487
Loop 431 (us) 165.88
Loop 432 (us) 166.628
Loop 433 (us) 165.502
Loop 434 (us) 166.404
Loop 435 (us) 165.817
Loop 436 (us) 165.522
Loop 437 (us) 165.865
Loop 438 (us) 166.112
Loop 439 (us) 165.548
Loop 440 (us) 165.708
Loop 441 (us) 165.888
Loop 442 (us) 165.831
Loop 443 (us) 165.746
Loop 444 (us) 165.724
Loop 445 (us) 179.316
Loop 446 (us) 166.935
Loop 447 (us) 165.746
Loop 448 (us) 165.738
Loop 449 (us) 166.171
Loop 450 (us) 165.63
Loop 451 (us) 165.678
Loop 452 (us) 165.679
Loop 453 (us) 166.06
Loop 454 (us) 165.763
Loop 455 (us) 165.524
Loop 456 (us) 165.899
Loop 457 (us) 166.595
Loop 458 (us) 165.619
Loop 459 (us) 166.98
Loop 460 (us) 165.646
Loop 461 (us) 165.584
Loop 462 (us) 165.668
Loop 463 (us) 165.945
Loop 464 (us) 165.59
Loop 465 (us) 165.967
Loop 466 (us) 165.823
Loop 467 (us) 165.856
Loop 468 (us) 165.569
Loop 469 (us) 165.764
Loop 470 (us) 166.193
Loop 471 (us) 165.733
Loop 472 (us) 165.768
Loop 473 (us) 165.83
Loop 474 (us) 166.124
Loop 475 (us) 165.717
Loop 476 (us) 165.614
Loop 477 (us) 165.868
Loop 478 (us) 165.912
Loop 479 (us) 165.573
Loop 480 (us) 165.595
Loop 481 (us) 166.098
Loop 482 (us) 165.608
Loop 483 (us) 165.997
Loop 484 (us) 165.967
Loop 485 (us) 166.528
Loop 486 (us) 165.503
Loop 487 (us) 165.704
Loop 488 (us) 165.9
Loop 489 (us) 165.714
Loop 490 (us) 165.68
Loop 491 (us) 166.437
Loop 492 (us) 165.73
Loop 493 (us) 165.548
Loop 494 (us) 165.589
Loop 495 (us) 167.155
Loop 496 (us) 165.706
Loop 497 (us) 165.6
Loop 498 (us) 166.255
Loop 499 (us) 165.506
Loop 500 (us) 165.615
Loop 501 (us) 165.763
Loop 502 (us) 165.994
Loop 503 (us) 165.525
Loop 504 (us) 165.556
Loop 505 (us) 165.649
Loop 506 (us) 166.16
Loop 507 (us) 178.942
Loop 508 (us) 165.514
Loop 509 (us) 165.555
Loop 510 (us) 165.464
Loop 511 (us) 165.809
Loop 512 (us) 165.62
Loop 513 (us) 165.542
Loop 514 (us) 165.396
Loop 515 (us) 165.807
Loop 516 (us) 165.544
Loop 517 (us) 165.375
Loop 518 (us) 165.429
Loop 519 (us) 165.943
Loop 520 (us) 165.628
Loop 521 (us) 165.515
Loop 522 (us) 165.433
Loop 523 (us) 166.861
Loop 524 (us) 165.357
Loop 525 (us) 165.511
Loop 526 (us) 165.63
Loop 527 (us) 166.003
Loop 528 (us) 165.373
Loop 529 (us) 165.644
Loop 530 (us) 166.327
Loop 531 (us) 165.845
Loop 532 (us) 165.429
Loop 533 (us) 165.538
Loop 534 (us) 166.209
Loop 535 (us) 165.393
Loop 536 (us) 165.482
Loop 537 (us) 165.917
Loop 538 (us) 166.34
Loop 539 (us) 165.38
Loop 540 (us) 165.468
Loop 541 (us) 166.238
Loop 542 (us) 165.388
Loop 543 (us) 550.266
Loop 544 (us) 165.962
Loop 545 (us) 165.444
Loop 546 (us) 165.447
Loop 547 (us) 165.627
Loop 548 (us) 165.578
Loop 549 (us) 166.155
Loop 550 (us) 165.554
Loop 551 (us) 165.46
Loop 552 (us) 165.852
Loop 553 (us) 165.606
Loop 554 (us) 165.393
Loop 555 (us) 181.563
Loop 556 (us) 166.045
Loop 557 (us) 165.232
Loop 558 (us) 165.232
Loop 559 (us) 165.495
Loop 560 (us) 165.613
Loop 561 (us) 165.346
Loop 562 (us) 165.861
Loop 563 (us) 165.23
Loop 564 (us) 165.65
Loop 565 (us) 165.43
Loop 566 (us) 165.868
Loop 567 (us) 165.152
Loop 568 (us) 165.632
Loop 569 (us) 165.307
Loop 570 (us) 165.182
Loop 571 (us) 165.611
Loop 572 (us) 165.662
Loop 573 (us) 165.215
Loop 574 (us) 165.245
Loop 575 (us) 165.252
Loop 576 (us) 165.371
Loop 577 (us) 166.268
Loop 578 (us) 165.327
Loop 579 (us) 165.156
Loop 580 (us) 165.365
Loop 581 (us) 165.633
Loop 582 (us) 165.214
Loop 583 (us) 165.569
Loop 584 (us) 165.298
Loop 585 (us) 165.706
Loop 586 (us) 165.309
Loop 587 (us) 165.3
Loop 588 (us) 165.273
Loop 589 (us) 165.737
Loop 590 (us) 165.192
Loop 591 (us) 165.185
Loop 592 (us) 165.303
Loop 593 (us) 165.294
Loop 594 (us) 165.565
Loop 595 (us) 165.675
Loop 596 (us) 166.174
Loop 597 (us) 165.996
Loop 598 (us) 165.36
Loop 599 (us) 165.23
Loop 600 (us) 166.269
Loop 601 (us) 167.1
Loop 602 (us) 167.043
Loop 603 (us) 166.355
Loop 604 (us) 165.556
Loop 605 (us) 174.793
Loop 606 (us) 165.488
Loop 607 (us) 166.069
Loop 608 (us) 172.072
Loop 609 (us) 166.464
Loop 610 (us) 165.51
Loop 611 (us) 166.689
Loop 612 (us) 165.766
Loop 613 (us) 165.751
Loop 614 (us) 165.225
Loop 615 (us) 165.954
Loop 616 (us) 166.122
Loop 617 (us) 165.46
Loop 618 (us) 165.145
Loop 619 (us) 165.426
Loop 620 (us) 165.233
Loop 621 (us) 165.278
Loop 622 (us) 165.196
Loop 623 (us) 165.291
Loop 624 (us) 165.163
Loop 625 (us) 165.803
Loop 626 (us) 165.267
Loop 627 (us) 165.194
Loop 628 (us) 165.81
Loop 629 (us) 165.557
Loop 630 (us) 165.338
Loop 631 (us) 165.576
Loop 632 (us) 166.109
Loop 633 (us) 166.379
Loop 634 (us) 165.325
Loop 635 (us) 165.205
Loop 636 (us) 165.187
Loop 637 (us) 178.836
Loop 638 (us) 165.415
Loop 639 (us) 165.378
Loop 640 (us) 165.066
Loop 641 (us) 165.161
Loop 642 (us) 165.123
Loop 643 (us) 166.175
Loop 644 (us) 165.112
Loop 645 (us) 165.095
Loop 646 (us) 165.121
Loop 647 (us) 165.15
Loop 648 (us) 165.559
Loop 649 (us) 165.283
Loop 650 (us) 165.088
Loop 651 (us) 165.077
Loop 652 (us) 165.28
Loop 653 (us) 175.095
Loop 654 (us) 165.655
Loop 655 (us) 165.823
Loop 656 (us) 165.083
Loop 657 (us) 165.052
Loop 658 (us) 165.094
Loop 659 (us) 165.174
Loop 660 (us) 165.252
Loop 661 (us) 165.27
Loop 662 (us) 168.726
Loop 663 (us) 165.782
Loop 664 (us) 165.139
Loop 665 (us) 165.177
Loop 666 (us) 165.083
Loop 667 (us) 166.167
Loop 668 (us) 165.108
Loop 669 (us) 165.054
Loop 670 (us) 165.669
Loop 671 (us) 165.261
Loop 672 (us) 165.342
Loop 673 (us) 165.371
Loop 674 (us) 165.177
Loop 675 (us) 165.158
Loop 676 (us) 165.989
Loop 677 (us) 165.015
Loop 678 (us) 165.132
Loop 679 (us) 165.384
Loop 680 (us) 165.067
Loop 681 (us) 165.529
Loop 682 (us) 165.084
Loop 683 (us) 165.112
Loop 684 (us) 165.3
Loop 685 (us) 165.363
Loop 686 (us) 165.336
Loop 687 (us) 165.142
Loop 688 (us) 165.092
Loop 689 (us) 165.114
Loop 690 (us) 165.101
Loop 691 (us) 165.542
Loop 692 (us) 165.054
Loop 693 (us) 165.2
Loop 694 (us) 165.17
Loop 695 (us) 165.795
Loop 696 (us) 165.183
Loop 697 (us) 165.221
Loop 698 (us) 165.277
Loop 699 (us) 172.166
Loop 700 (us) 165.229
Loop 701 (us) 165.194
Loop 702 (us) 165.595
Loop 703 (us) 165.279
Loop 704 (us) 165.092
Loop 705 (us) 165.245
Loop 706 (us) 165.203
Loop 707 (us) 165.32
Loop 708 (us) 164.977
Loop 709 (us) 165.258
Loop 710 (us) 165.41
Loop 711 (us) 164.987
Loop 712 (us) 165.099
Loop 713 (us) 165.099
Loop 714 (us) 165.085
Loop 715 (us) 165.533
Loop 716 (us) 165.668
Loop 717 (us) 164.928
Loop 718 (us) 165.004
Loop 719 (us) 165.555
Loop 720 (us) 165.418
Loop 721 (us) 165.182
Loop 722 (us) 165.11
Loop 723 (us) 165.015
Loop 724 (us) 165.109
Loop 725 (us) 165.437
Loop 726 (us) 165.054
Loop 727 (us) 165.168
Loop 728 (us) 165.061
Loop 729 (us) 165.174
Loop 730 (us) 165.346
Loop 731 (us) 165.044
Loop 732 (us) 165.65
Loop 733 (us) 165.144
Loop 734 (us) 166.016
Loop 735 (us) 165.087
Loop 736 (us) 165.012
Loop 737 (us) 165.023
Loop 738 (us) 164.994
Loop 739 (us) 166.158
Loop 740 (us) 165.041
Loop 741 (us) 164.983
Loop 742 (us) 165.037
Loop 743 (us) 165.119
Loop 744 (us) 165.462
Loop 745 (us) 165.249
Loop 746 (us) 165.008
Loop 747 (us) 164.994
Loop 748 (us) 165.056
Loop 749 (us) 165.443
Loop 750 (us) 165.116
Loop 751 (us) 165.187
Loop 752 (us) 165.001
Loop 753 (us) 165.641
Loop 754 (us) 165.852
Loop 755 (us) 165.017
Loop 756 (us) 165.114
Loop 757 (us) 165.187
Loop 758 (us) 165.334
Loop 759 (us) 165.147
Loop 760 (us) 165.094
Loop 761 (us) 165.121
Loop 762 (us) 165.072
Loop 763 (us) 165.507
Loop 764 (us) 165.34
Loop 765 (us) 165.019
Loop 766 (us) 165.073
Loop 767 (us) 165.05
Loop 768 (us) 166.065
Loop 769 (us) 165.189
Loop 770 (us) 165.074
Loop 771 (us) 164.996
Loop 772 (us) 164.99
Loop 773 (us) 165.409
Loop 774 (us) 165.032
Loop 775 (us) 165.19
Loop 776 (us) 165.074
Loop 777 (us) 165.666
Loop 778 (us) 165.469
Loop 779 (us) 165.015
Loop 780 (us) 165.02
Loop 781 (us) 165.097
Loop 782 (us) 165.101
Loop 783 (us) 165.473
Loop 784 (us) 164.993
Loop 785 (us) 165.627
Loop 786 (us) 165.141
Loop 787 (us) 165.431
Loop 788 (us) 165.159
Loop 789 (us) 164.97
Loop 790 (us) 165.038
Loop 791 (us) 165.059
Loop 792 (us) 165.198
Loop 793 (us) 165.496
Loop 794 (us) 165.025
Loop 795 (us) 165.116
Loop 796 (us) 165.014
Loop 797 (us) 165.143
Loop 798 (us) 165.586
Loop 799 (us) 165.143
Loop 800 (us) 165.013
Loop 801 (us) 165.023
Loop 802 (us) 165.134
Loop 803 (us) 165.406
Loop 804 (us) 165.113
Loop 805 (us) 165.084
Loop 806 (us) 164.999
Loop 807 (us) 165.133
Loop 808 (us) 165.487
Loop 809 (us) 165.059
Loop 810 (us) 165.041
Loop 811 (us) 165.185
Loop 812 (us) 165.125
Loop 813 (us) 166.045
Loop 814 (us) 165.003
Loop 815 (us) 165.099
Loop 816 (us) 165.052
Loop 817 (us) 165.5
Loop 818 (us) 165.132
Loop 819 (us) 165.036
Loop 820 (us) 165.092
Loop 821 (us) 165.1
Loop 822 (us) 511.589
Loop 823 (us) 165.3
Loop 824 (us) 165.077
Loop 825 (us) 165.799
Loop 826 (us) 166.428
Loop 827 (us) 165.196
Loop 828 (us) 165.072
Loop 829 (us) 165.194
Loop 830 (us) 165.262
Loop 831 (us) 165.003
Loop 832 (us) 165.112
Loop 833 (us) 165.234
Loop 834 (us) 165.099
Loop 835 (us) 166.047
Loop 836 (us) 165.048
Loop 837 (us) 165.021
Loop 838 (us) 168.743
Loop 839 (us) 165.216
Loop 840 (us) 165.104
Loop 841 (us) 165.637
Loop 842 (us) 165.502
Loop 843 (us) 165.072
Loop 844 (us) 165.087
Loop 845 (us) 165.188
Loop 846 (us) 165.648
Loop 847 (us) 165.003
Loop 848 (us) 165.64
Loop 849 (us) 165.302
Loop 850 (us) 165.015
Loop 851 (us) 169.586
Loop 852 (us) 165.061
Loop 853 (us) 165.62
Loop 854 (us) 165.074
Loop 855 (us) 165.013
Loop 856 (us) 166.131
Loop 857 (us) 169.081
Loop 858 (us) 165.32
Loop 859 (us) 165.072
Loop 860 (us) 165.056
Loop 861 (us) 164.994
Loop 862 (us) 164.99
Loop 863 (us) 165.498
Loop 864 (us) 165.038
Loop 865 (us) 165.087
Loop 866 (us) 165.028
Loop 867 (us) 165.079
Loop 868 (us) 165.261
Loop 869 (us) 165.14
Loop 870 (us) 165.116
Loop 871 (us) 165.029
Loop 872 (us) 165.059
Loop 873 (us) 165.248
Loop 874 (us) 165.753
Loop 875 (us) 165.131
Loop 876 (us) 165.103
Loop 877 (us) 164.97
Loop 878 (us) 166.096
Loop 879 (us) 164.963
Loop 880 (us) 165.001
Loop 881 (us) 165.116
Loop 882 (us) 165.267
Loop 883 (us) 165.229
Loop 884 (us) 165.045
Loop 885 (us) 165.005
Loop 886 (us) 165.018
Loop 887 (us) 165.09
Loop 888 (us) 165.637
Loop 889 (us) 165.057
Loop 890 (us) 165.039
Loop 891 (us) 164.984
Loop 892 (us) 165.001
Loop 893 (us) 165.445
Loop 894 (us) 165.192
Loop 895 (us) 165.004
Loop 896 (us) 165.006
Loop 897 (us) 165.01
Loop 898 (us) 165.068
Loop 899 (us) 165.344
Loop 900 (us) 165.177
Loop 901 (us) 165.177
Loop 902 (us) 165.109
Loop 903 (us) 165.232
Loop 904 (us) 165.061
Loop 905 (us) 165.098
Loop 906 (us) 165.183
Loop 907 (us) 165.081
Loop 908 (us) 165.366
Loop 909 (us) 165.139
Loop 910 (us) 165.008
Loop 911 (us) 164.979
Loop 912 (us) 165.106
Loop 913 (us) 165.248
Loop 914 (us) 165.299
Loop 915 (us) 165.008
Loop 916 (us) 164.985
Loop 917 (us) 164.981
Loop 918 (us) 165.294
Loop 919 (us) 165.269
Loop 920 (us) 165.12
Loop 921 (us) 164.979
Loop 922 (us) 165.165
Loop 923 (us) 165.076
Loop 924 (us) 165.497
Loop 925 (us) 165.141
Loop 926 (us) 165.041
Loop 927 (us) 164.943
Loop 928 (us) 165.092
Loop 929 (us) 165.487
Loop 930 (us) 165.205
Loop 931 (us) 165.055
Loop 932 (us) 164.988
Loop 933 (us) 165.004
Loop 934 (us) 165.409
Loop 935 (us) 164.939
Loop 936 (us) 165.777
Loop 937 (us) 165.075
Loop 938 (us) 165.068
Loop 939 (us) 165.376
Loop 940 (us) 165.072
Loop 941 (us) 164.979
Loop 942 (us) 165.152
Loop 943 (us) 165.092
Loop 944 (us) 165.384
Loop 945 (us) 165.604
Loop 946 (us) 165.09
Loop 947 (us) 165.095
Loop 948 (us) 165.327
Loop 949 (us) 165.242
Loop 950 (us) 164.972
Loop 951 (us) 165.035
Loop 952 (us) 165.035
Loop 953 (us) 165.028
Loop 954 (us) 165.586
Loop 955 (us) 165.052
Loop 956 (us) 165.013
Loop 957 (us) 165.513
Loop 958 (us) 165.118
Loop 959 (us) 166.134
Loop 960 (us) 165.186
Loop 961 (us) 165.01
Loop 962 (us) 164.999
Loop 963 (us) 165.208
Loop 964 (us) 165.282
Loop 965 (us) 165.034
Loop 966 (us) 165.185
Loop 967 (us) 165.132
Loop 968 (us) 165.239
Loop 969 (us) 165.278
Loop 970 (us) 165.037
Loop 971 (us) 165.079
Loop 972 (us) 165.158
Loop 973 (us) 165.378
Loop 974 (us) 165.753
Loop 975 (us) 164.988
Loop 976 (us) 165.092
Loop 977 (us) 164.932
Loop 978 (us) 165.336
Loop 979 (us) 165.847
Loop 980 (us) 165.019
Loop 981 (us) 165.028
Loop 982 (us) 165.634
Loop 983 (us) 165.958
Loop 984 (us) 165.196
Loop 985 (us) 165.307
Loop 986 (us) 165.64
Loop 987 (us) 165.378
Loop 988 (us) 165.037
Loop 989 (us) 165.016
Loop 990 (us) 165.117
Loop 991 (us) 168.356
Loop 992 (us) 165.008
Loop 993 (us) 165.017
Loop 994 (us) 165.021
Loop 995 (us) 165.422
Loop 996 (us) 165.151
Loop 997 (us) 165.047
Loop 998 (us) 165.041
Loop 999 (us) 164.974
Warmup times 0
avgLoopLatency(us) 166.95517
iops 5989.6318275139365
variance 16.528715272007677
