readReplicas, filename /tmp16777216replicas.dat, loop 1000
/tmp16777216replicas.dat is a ReplicasFile!
starting benchmark...
ops 1000
final loop (us) 2575.762
Loop 0 (us) 2583.395
Loop 1 (us) 2576.086
Loop 2 (us) 2575.939
Loop 3 (us) 2575.071
Loop 4 (us) 2576.518
Loop 5 (us) 2581.317
Loop 6 (us) 2576.639
Loop 7 (us) 2576.74
Loop 8 (us) 2587.948
Loop 9 (us) 2575.319
Loop 10 (us) 2575.831
Loop 11 (us) 2581.437
Loop 12 (us) 2582.58
Loop 13 (us) 2575.539
Loop 14 (us) 2576.534
Loop 15 (us) 2585.11
Loop 16 (us) 2581.463
Loop 17 (us) 2576.905
Loop 18 (us) 2577.595
Loop 19 (us) 2582.053
Loop 20 (us) 2585.164
Loop 21 (us) 2575.96
Loop 22 (us) 2576.176
Loop 23 (us) 2575.665
Loop 24 (us) 2581.717
Loop 25 (us) 2575.177
Loop 26 (us) 2575.477
Loop 27 (us) 2575.029
Loop 28 (us) 2577.191
Loop 29 (us) 2575.931
Loop 30 (us) 2575.743
Loop 31 (us) 2575.647
Loop 32 (us) 2576.556
Loop 33 (us) 2576.742
Loop 34 (us) 2575.11
Loop 35 (us) 2576.793
Loop 36 (us) 2576.182
Loop 37 (us) 2577.105
Loop 38 (us) 2576.903
Loop 39 (us) 2575.272
Loop 40 (us) 2576.385
Loop 41 (us) 2575.195
Loop 42 (us) 2575.787
Loop 43 (us) 2576.99
Loop 44 (us) 2575.661
Loop 45 (us) 2576.848
Loop 46 (us) 2575.216
Loop 47 (us) 2575.368
Loop 48 (us) 2575.827
Loop 49 (us) 2576.682
Loop 50 (us) 2577.023
Loop 51 (us) 2577.642
Loop 52 (us) 2577.409
Loop 53 (us) 2575.195
Loop 54 (us) 2575.359
Loop 55 (us) 2575.514
Loop 56 (us) 2575.333
Loop 57 (us) 2575.435
Loop 58 (us) 2575.234
Loop 59 (us) 2576.704
Loop 60 (us) 2577.386
Loop 61 (us) 2576.538
Loop 62 (us) 2576.999
Loop 63 (us) 2576.035
Loop 64 (us) 2576.423
Loop 65 (us) 2576.941
Loop 66 (us) 2577.246
Loop 67 (us) 2576.285
Loop 68 (us) 2574.935
Loop 69 (us) 2575.552
Loop 70 (us) 2575.447
Loop 71 (us) 2575.158
Loop 72 (us) 2576.195
Loop 73 (us) 2575.253
Loop 74 (us) 2576.385
Loop 75 (us) 2575.181
Loop 76 (us) 2575.926
Loop 77 (us) 2575.487
Loop 78 (us) 2575.079
Loop 79 (us) 2575.811
Loop 80 (us) 2575.111
Loop 81 (us) 2575.658
Loop 82 (us) 2575.53
Loop 83 (us) 2577.145
Loop 84 (us) 2575.447
Loop 85 (us) 2575.512
Loop 86 (us) 2575.4
Loop 87 (us) 2576.879
Loop 88 (us) 2576.862
Loop 89 (us) 2576.828
Loop 90 (us) 2576.888
Loop 91 (us) 2575.866
Loop 92 (us) 2575.37
Loop 93 (us) 2575.285
Loop 94 (us) 2575.535
Loop 95 (us) 2582.839
Loop 96 (us) 2582.191
Loop 97 (us) 2575.021
Loop 98 (us) 2575.074
Loop 99 (us) 2584.038
Loop 100 (us) 2584.04
Loop 101 (us) 2575.408
Loop 102 (us) 2576.328
Loop 103 (us) 2587.726
Loop 104 (us) 2574.933
Loop 105 (us) 2576.529
Loop 106 (us) 2575.189
Loop 107 (us) 2587.027
Loop 108 (us) 2576.228
Loop 109 (us) 2574.959
Loop 110 (us) 2576.437
Loop 111 (us) 2587.591
Loop 112 (us) 2576.061
Loop 113 (us) 2575.467
Loop 114 (us) 2574.881
Loop 115 (us) 2576.026
Loop 116 (us) 2575.138
Loop 117 (us) 2575.053
Loop 118 (us) 2576.836
Loop 119 (us) 2575.153
Loop 120 (us) 2574.835
Loop 121 (us) 2575.436
Loop 122 (us) 2576.253
Loop 123 (us) 2576.695
Loop 124 (us) 2576.221
Loop 125 (us) 2575.241
Loop 126 (us) 2576.336
Loop 127 (us) 2575.43
Loop 128 (us) 2575.181
Loop 129 (us) 2574.939
Loop 130 (us) 2575.827
Loop 131 (us) 2574.707
Loop 132 (us) 2576.363
Loop 133 (us) 2576.554
Loop 134 (us) 2782.174
Loop 135 (us) 2587.181
Loop 136 (us) 2576.327
Loop 137 (us) 2574.849
Loop 138 (us) 2575.014
Loop 139 (us) 2574.719
Loop 140 (us) 2574.872
Loop 141 (us) 2575.064
Loop 142 (us) 2575.428
Loop 143 (us) 2576.21
Loop 144 (us) 2575.311
Loop 145 (us) 2576.287
Loop 146 (us) 2575.804
Loop 147 (us) 2576.268
Loop 148 (us) 2575.861
Loop 149 (us) 2576.011
Loop 150 (us) 2575.948
Loop 151 (us) 2678.927
Loop 152 (us) 2579.722
Loop 153 (us) 2576.64
Loop 154 (us) 2578.645
Loop 155 (us) 2578.226
Loop 156 (us) 2575.417
Loop 157 (us) 2576.015
Loop 158 (us) 2574.93
Loop 159 (us) 2576.056
Loop 160 (us) 2574.632
Loop 161 (us) 2574.868
Loop 162 (us) 2576.675
Loop 163 (us) 2576.063
Loop 164 (us) 2577.997
Loop 165 (us) 2574.783
Loop 166 (us) 2581.313
Loop 167 (us) 2576.197
Loop 168 (us) 2575.112
Loop 169 (us) 2574.809
Loop 170 (us) 2576.007
Loop 171 (us) 2574.841
Loop 172 (us) 2575.518
Loop 173 (us) 2575.729
Loop 174 (us) 2575.773
Loop 175 (us) 2574.504
Loop 176 (us) 2575.813
Loop 177 (us) 2575.662
Loop 178 (us) 2574.815
Loop 179 (us) 2579.542
Loop 180 (us) 2575.92
Loop 181 (us) 2574.992
Loop 182 (us) 2575.844
Loop 183 (us) 2576.003
Loop 184 (us) 2576.275
Loop 185 (us) 2575.856
Loop 186 (us) 2575.138
Loop 187 (us) 2590.689
Loop 188 (us) 2578.557
Loop 189 (us) 2574.444
Loop 190 (us) 2576.062
Loop 191 (us) 2574.377
Loop 192 (us) 2574.862
Loop 193 (us) 2575.836
Loop 194 (us) 2576.305
Loop 195 (us) 2575.066
Loop 196 (us) 2575.41
Loop 197 (us) 2574.462
Loop 198 (us) 2574.545
Loop 199 (us) 2574.261
Loop 200 (us) 2574.539
Loop 201 (us) 2575.217
Loop 202 (us) 2575.597
Loop 203 (us) 2575.48
Loop 204 (us) 2575.585
Loop 205 (us) 2574.476
Loop 206 (us) 2574.431
Loop 207 (us) 2574.887
Loop 208 (us) 2574.609
Loop 209 (us) 2575.652
Loop 210 (us) 2575.432
Loop 211 (us) 2574.935
Loop 212 (us) 2574.624
Loop 213 (us) 2575.528
Loop 214 (us) 2574.331
Loop 215 (us) 2575.45
Loop 216 (us) 2575.394
Loop 217 (us) 2575.81
Loop 218 (us) 2575.447
Loop 219 (us) 2574.811
Loop 220 (us) 2575.563
Loop 221 (us) 2574.245
Loop 222 (us) 2574.254
Loop 223 (us) 2575.493
Loop 224 (us) 2575.841
Loop 225 (us) 2574.282
Loop 226 (us) 2574.996
Loop 227 (us) 2574.47
Loop 228 (us) 2574.383
Loop 229 (us) 2574.552
Loop 230 (us) 2574.34
Loop 231 (us) 2575.515
Loop 232 (us) 2575.878
Loop 233 (us) 2575.684
Loop 234 (us) 2574.787
Loop 235 (us) 2575.387
Loop 236 (us) 2574.444
Loop 237 (us) 2575.624
Loop 238 (us) 2575.316
Loop 239 (us) 2574.735
Loop 240 (us) 2575.593
Loop 241 (us) 2575.691
Loop 242 (us) 2574.388
Loop 243 (us) 2574.535
Loop 244 (us) 2575.646
Loop 245 (us) 2574.809
Loop 246 (us) 2574.083
Loop 247 (us) 2574.571
Loop 248 (us) 2574.597
Loop 249 (us) 2574.545
Loop 250 (us) 2575.61
Loop 251 (us) 2575.246
Loop 252 (us) 2574.617
Loop 253 (us) 2575.474
Loop 254 (us) 2575.526
Loop 255 (us) 2575.537
Loop 256 (us) 2575.591
Loop 257 (us) 2574.506
Loop 258 (us) 2576.049
Loop 259 (us) 2575.616
Loop 260 (us) 2574.296
Loop 261 (us) 2574.547
Loop 262 (us) 2575.827
Loop 263 (us) 2575.6
Loop 264 (us) 2574.318
Loop 265 (us) 2575.369
Loop 266 (us) 2575.527
Loop 267 (us) 2574.315
Loop 268 (us) 2575.007
Loop 269 (us) 2575.474
Loop 270 (us) 2575.482
Loop 271 (us) 2574.834
Loop 272 (us) 2575.168
Loop 273 (us) 2575.094
Loop 274 (us) 2574.412
Loop 275 (us) 2574.522
Loop 276 (us) 2574.497
Loop 277 (us) 2574.429
Loop 278 (us) 2574.796
Loop 279 (us) 2575.757
Loop 280 (us) 2575.53
Loop 281 (us) 2574.55
Loop 282 (us) 2575.565
Loop 283 (us) 2574.488
Loop 284 (us) 2575.417
Loop 285 (us) 2575.719
Loop 286 (us) 2575.079
Loop 287 (us) 2575.553
Loop 288 (us) 2575.195
Loop 289 (us) 2574.218
Loop 290 (us) 2575.883
Loop 291 (us) 2574.599
Loop 292 (us) 2574.54
Loop 293 (us) 2574.437
Loop 294 (us) 2575.438
Loop 295 (us) 2575.887
Loop 296 (us) 2574.306
Loop 297 (us) 2574.388
Loop 298 (us) 2574.451
Loop 299 (us) 2575.11
Loop 300 (us) 2574.502
Loop 301 (us) 2575.386
Loop 302 (us) 2574.487
Loop 303 (us) 2575.651
Loop 304 (us) 2574.518
Loop 305 (us) 2575.78
Loop 306 (us) 2575.404
Loop 307 (us) 2574.46
Loop 308 (us) 2574.573
Loop 309 (us) 2574.483
Loop 310 (us) 2575.553
Loop 311 (us) 2574.61
Loop 312 (us) 2574.565
Loop 313 (us) 2575.882
Loop 314 (us) 2574.279
Loop 315 (us) 2575.679
Loop 316 (us) 2575.409
Loop 317 (us) 2575.514
Loop 318 (us) 2575.254
Loop 319 (us) 2574.336
Loop 320 (us) 2574.549
Loop 321 (us) 2574.445
Loop 322 (us) 2574.931
Loop 323 (us) 2575.89
Loop 324 (us) 2575.185
Loop 325 (us) 2574.779
Loop 326 (us) 2574.873
Loop 327 (us) 2575.616
Loop 328 (us) 2574.763
Loop 329 (us) 2575.373
Loop 330 (us) 2574.669
Loop 331 (us) 2574.448
Loop 332 (us) 2574.458
Loop 333 (us) 2574.555
Loop 334 (us) 2575.795
Loop 335 (us) 2575.564
Loop 336 (us) 2574.482
Loop 337 (us) 2575.272
Loop 338 (us) 2575.401
Loop 339 (us) 2575.545
Loop 340 (us) 2575.884
Loop 341 (us) 2574.256
Loop 342 (us) 2574.307
Loop 343 (us) 2575.457
Loop 344 (us) 2574.429
Loop 345 (us) 2575.769
Loop 346 (us) 2574.624
Loop 347 (us) 2574.519
Loop 348 (us) 2574.349
Loop 349 (us) 2575.302
Loop 350 (us) 2574.939
Loop 351 (us) 2575.754
Loop 352 (us) 2574.902
Loop 353 (us) 2574.387
Loop 354 (us) 2575.519
Loop 355 (us) 2575.563
Loop 356 (us) 2575.571
Loop 357 (us) 2575.529
Loop 358 (us) 2574.485
Loop 359 (us) 2574.718
Loop 360 (us) 2575.529
Loop 361 (us) 2575.368
Loop 362 (us) 2576.061
Loop 363 (us) 2575.361
Loop 364 (us) 2574.44
Loop 365 (us) 2574.492
Loop 366 (us) 2575.359
Loop 367 (us) 2574.753
Loop 368 (us) 2574.501
Loop 369 (us) 2574.43
Loop 370 (us) 2574.62
Loop 371 (us) 2575.368
Loop 372 (us) 2575.491
Loop 373 (us) 2575.452
Loop 374 (us) 2575.449
Loop 375 (us) 2575.567
Loop 376 (us) 2575.497
Loop 377 (us) 2575.404
Loop 378 (us) 2574.437
Loop 379 (us) 2576.029
Loop 380 (us) 2575.498
Loop 381 (us) 3726.26
Loop 382 (us) 2576.476
Loop 383 (us) 2574.456
Loop 384 (us) 2575.485
Loop 385 (us) 2575.139
Loop 386 (us) 2576.1
Loop 387 (us) 2574.697
Loop 388 (us) 2575.504
Loop 389 (us) 2574.137
Loop 390 (us) 2574.273
Loop 391 (us) 2575.622
Loop 392 (us) 2574.554
Loop 393 (us) 2575.428
Loop 394 (us) 2575.601
Loop 395 (us) 2574.42
Loop 396 (us) 2574.497
Loop 397 (us) 2575.655
Loop 398 (us) 2574.343
Loop 399 (us) 2575.472
Loop 400 (us) 2574.297
Loop 401 (us) 2574.949
Loop 402 (us) 2575.418
Loop 403 (us) 2575.787
Loop 404 (us) 2575.55
Loop 405 (us) 2574.299
Loop 406 (us) 2575.437
Loop 407 (us) 2585.689
Loop 408 (us) 2577.354
Loop 409 (us) 2574.517
Loop 410 (us) 2575.596
Loop 411 (us) 2575.409
Loop 412 (us) 2574.333
Loop 413 (us) 2575.939
Loop 414 (us) 2574.149
Loop 415 (us) 2574.533
Loop 416 (us) 2574.433
Loop 417 (us) 2574.301
Loop 418 (us) 2575.579
Loop 419 (us) 2574.29
Loop 420 (us) 2575.569
Loop 421 (us) 2575.566
Loop 422 (us) 2575.276
Loop 423 (us) 2575.911
Loop 424 (us) 2574.401
Loop 425 (us) 2575.528
Loop 426 (us) 2575.539
Loop 427 (us) 2575.284
Loop 428 (us) 2575.233
Loop 429 (us) 2575.605
Loop 430 (us) 2575.606
Loop 431 (us) 2575.446
Loop 432 (us) 2575.067
Loop 433 (us) 2575.569
Loop 434 (us) 2575.169
Loop 435 (us) 2575.3
Loop 436 (us) 2575.593
Loop 437 (us) 2574.463
Loop 438 (us) 2575.504
Loop 439 (us) 2574.812
Loop 440 (us) 2575.558
Loop 441 (us) 2575.184
Loop 442 (us) 2574.402
Loop 443 (us) 2574.48
Loop 444 (us) 2575.427
Loop 445 (us) 2574.304
Loop 446 (us) 2575.486
Loop 447 (us) 2575.363
Loop 448 (us) 2575.269
Loop 449 (us) 2574.842
Loop 450 (us) 2576.157
Loop 451 (us) 2575.689
Loop 452 (us) 2575.233
Loop 453 (us) 2575.752
Loop 454 (us) 2574.317
Loop 455 (us) 2574.303
Loop 456 (us) 2574.542
Loop 457 (us) 2575.504
Loop 458 (us) 2575.333
Loop 459 (us) 2574.448
Loop 460 (us) 2575.368
Loop 461 (us) 2574.974
Loop 462 (us) 2575.557
Loop 463 (us) 2574.511
Loop 464 (us) 2574.777
Loop 465 (us) 2575.551
Loop 466 (us) 2574.672
Loop 467 (us) 2574.339
Loop 468 (us) 2575.418
Loop 469 (us) 2574.381
Loop 470 (us) 2575.504
Loop 471 (us) 2575.428
Loop 472 (us) 2575.509
Loop 473 (us) 2574.819
Loop 474 (us) 2574.529
Loop 475 (us) 2574.447
Loop 476 (us) 2575.729
Loop 477 (us) 2575.605
Loop 478 (us) 2575.768
Loop 479 (us) 2575.43
Loop 480 (us) 2575.446
Loop 481 (us) 2575.512
Loop 482 (us) 2575.56
Loop 483 (us) 2574.235
Loop 484 (us) 2575.502
Loop 485 (us) 2574.516
Loop 486 (us) 2574.556
Loop 487 (us) 2575.539
Loop 488 (us) 2574.667
Loop 489 (us) 2574.369
Loop 490 (us) 2575.882
Loop 491 (us) 2574.817
Loop 492 (us) 2574.326
Loop 493 (us) 2574.812
Loop 494 (us) 2574.464
Loop 495 (us) 2575.823
Loop 496 (us) 2575.444
Loop 497 (us) 2574.326
Loop 498 (us) 2838.911
Loop 499 (us) 2575.689
Loop 500 (us) 2575.584
Loop 501 (us) 2574.266
Loop 502 (us) 2575.517
Loop 503 (us) 2574.877
Loop 504 (us) 2574.43
Loop 505 (us) 2574.554
Loop 506 (us) 2575.636
Loop 507 (us) 2574.476
Loop 508 (us) 2574.43
Loop 509 (us) 2575.507
Loop 510 (us) 2574.436
Loop 511 (us) 2575.195
Loop 512 (us) 2574.239
Loop 513 (us) 2575.449
Loop 514 (us) 2576.038
Loop 515 (us) 2575.489
Loop 516 (us) 2574.338
Loop 517 (us) 2574.31
Loop 518 (us) 2575.492
Loop 519 (us) 2575.57
Loop 520 (us) 2574.426
Loop 521 (us) 2574.787
Loop 522 (us) 2574.302
Loop 523 (us) 2575.621
Loop 524 (us) 2575.448
Loop 525 (us) 2574.395
Loop 526 (us) 2574.729
Loop 527 (us) 2574.571
Loop 528 (us) 2575.387
Loop 529 (us) 2575.868
Loop 530 (us) 2574.183
Loop 531 (us) 2575.722
Loop 532 (us) 2574.342
Loop 533 (us) 2574.905
Loop 534 (us) 2574.48
Loop 535 (us) 2574.274
Loop 536 (us) 2574.355
Loop 537 (us) 2574.498
Loop 538 (us) 2575.455
Loop 539 (us) 2574.285
Loop 540 (us) 2575.372
Loop 541 (us) 2575.487
Loop 542 (us) 2575.434
Loop 543 (us) 2575.525
Loop 544 (us) 2575.537
Loop 545 (us) 2575.3
Loop 546 (us) 2575.119
Loop 547 (us) 2574.312
Loop 548 (us) 2575.673
Loop 549 (us) 2574.68
Loop 550 (us) 2574.798
Loop 551 (us) 2574.365
Loop 552 (us) 2574.888
Loop 553 (us) 2574.393
Loop 554 (us) 2574.669
Loop 555 (us) 2574.423
Loop 556 (us) 2575.579
Loop 557 (us) 2575.682
Loop 558 (us) 2574.495
Loop 559 (us) 2574.791
Loop 560 (us) 2574.172
Loop 561 (us) 2574.991
Loop 562 (us) 2574.907
Loop 563 (us) 2574.4
Loop 564 (us) 2575.308
Loop 565 (us) 2575.514
Loop 566 (us) 2574.302
Loop 567 (us) 2574.355
Loop 568 (us) 2575.335
Loop 569 (us) 2575.611
Loop 570 (us) 2575.322
Loop 571 (us) 2575.295
Loop 572 (us) 2575.74
Loop 573 (us) 2574.076
Loop 574 (us) 2575.424
Loop 575 (us) 2574.165
Loop 576 (us) 2575.362
Loop 577 (us) 2574.936
Loop 578 (us) 2574.744
Loop 579 (us) 2574.267
Loop 580 (us) 2574.608
Loop 581 (us) 2574.433
Loop 582 (us) 2575.538
Loop 583 (us) 2574.328
Loop 584 (us) 2575.279
Loop 585 (us) 2574.587
Loop 586 (us) 2574.713
Loop 587 (us) 2575.523
Loop 588 (us) 2574.364
Loop 589 (us) 2575.516
Loop 590 (us) 2574.477
Loop 591 (us) 2575.465
Loop 592 (us) 2574.304
Loop 593 (us) 2575.753
Loop 594 (us) 2574.913
Loop 595 (us) 2575.202
Loop 596 (us) 2574.432
Loop 597 (us) 2575.704
Loop 598 (us) 2575.453
Loop 599 (us) 2575.412
Loop 600 (us) 2574.621
Loop 601 (us) 2575.527
Loop 602 (us) 2574.34
Loop 603 (us) 2574.649
Loop 604 (us) 2574.873
Loop 605 (us) 2575.038
Loop 606 (us) 2574.42
Loop 607 (us) 2575.565
Loop 608 (us) 2574.366
Loop 609 (us) 2575.447
Loop 610 (us) 2575.856
Loop 611 (us) 2574.195
Loop 612 (us) 2575.454
Loop 613 (us) 2574.299
Loop 614 (us) 2574.524
Loop 615 (us) 2575.599
Loop 616 (us) 2574.84
Loop 617 (us) 2575.517
Loop 618 (us) 2574.346
Loop 619 (us) 2574.292
Loop 620 (us) 2575.437
Loop 621 (us) 2575.352
Loop 622 (us) 2575.539
Loop 623 (us) 2574.182
Loop 624 (us) 2574.858
Loop 625 (us) 2574.784
Loop 626 (us) 2575.436
Loop 627 (us) 2574.243
Loop 628 (us) 2576.109
Loop 629 (us) 2575.763
Loop 630 (us) 2575.653
Loop 631 (us) 2575.403
Loop 632 (us) 2574.568
Loop 633 (us) 2575.519
Loop 634 (us) 2575.441
Loop 635 (us) 2574.317
Loop 636 (us) 2575.283
Loop 637 (us) 2574.637
Loop 638 (us) 2574.926
Loop 639 (us) 2575.711
Loop 640 (us) 2574.364
Loop 641 (us) 2574.344
Loop 642 (us) 2575.942
Loop 643 (us) 2574.49
Loop 644 (us) 2575.263
Loop 645 (us) 2574.436
Loop 646 (us) 2574.479
Loop 647 (us) 2574.284
Loop 648 (us) 2574.508
Loop 649 (us) 2574.324
Loop 650 (us) 2574.288
Loop 651 (us) 2574.534
Loop 652 (us) 2575.505
Loop 653 (us) 2575.582
Loop 654 (us) 2574.848
Loop 655 (us) 2574.362
Loop 656 (us) 2575.796
Loop 657 (us) 2574.83
Loop 658 (us) 2574.712
Loop 659 (us) 2574.437
Loop 660 (us) 2575.663
Loop 661 (us) 2575.573
Loop 662 (us) 2575.487
Loop 663 (us) 2575.707
Loop 664 (us) 2575.171
Loop 665 (us) 2575.896
Loop 666 (us) 2575.408
Loop 667 (us) 2574.576
Loop 668 (us) 2575.322
Loop 669 (us) 2575.28
Loop 670 (us) 2574.302
Loop 671 (us) 2575.449
Loop 672 (us) 2575.843
Loop 673 (us) 2574.824
Loop 674 (us) 2575.386
Loop 675 (us) 2575.528
Loop 676 (us) 2575.482
Loop 677 (us) 2574.402
Loop 678 (us) 2575.294
Loop 679 (us) 2574.886
Loop 680 (us) 2575.225
Loop 681 (us) 2575.286
Loop 682 (us) 2574.91
Loop 683 (us) 2575.324
Loop 684 (us) 2575.741
Loop 685 (us) 2574.853
Loop 686 (us) 2574.885
Loop 687 (us) 2575.472
Loop 688 (us) 2575.454
Loop 689 (us) 2574.226
Loop 690 (us) 2574.388
Loop 691 (us) 2574.267
Loop 692 (us) 2574.42
Loop 693 (us) 2575.546
Loop 694 (us) 2575.823
Loop 695 (us) 2574.38
Loop 696 (us) 2574.344
Loop 697 (us) 2574.565
Loop 698 (us) 2574.969
Loop 699 (us) 2574.437
Loop 700 (us) 2575.269
Loop 701 (us) 2574.444
Loop 702 (us) 2574.478
Loop 703 (us) 2574.694
Loop 704 (us) 2575.605
Loop 705 (us) 2574.405
Loop 706 (us) 2575.517
Loop 707 (us) 2574.574
Loop 708 (us) 2576.901
Loop 709 (us) 2577.596
Loop 710 (us) 2574.452
Loop 711 (us) 2574.857
Loop 712 (us) 2574.49
Loop 713 (us) 2575.498
Loop 714 (us) 2574.279
Loop 715 (us) 2575.399
Loop 716 (us) 2574.48
Loop 717 (us) 2574.664
Loop 718 (us) 2575.361
Loop 719 (us) 2574.393
Loop 720 (us) 2574.313
Loop 721 (us) 2575.784
Loop 722 (us) 2574.332
Loop 723 (us) 2574.794
Loop 724 (us) 2575.842
Loop 725 (us) 2574.66
Loop 726 (us) 2574.383
Loop 727 (us) 2574.531
Loop 728 (us) 2574.297
Loop 729 (us) 2574.962
Loop 730 (us) 2574.506
Loop 731 (us) 2574.271
Loop 732 (us) 2574.38
Loop 733 (us) 2575.657
Loop 734 (us) 2575.409
Loop 735 (us) 2575.319
Loop 736 (us) 2575.546
Loop 737 (us) 2576.048
Loop 738 (us) 2574.352
Loop 739 (us) 2575.634
Loop 740 (us) 2575.3
Loop 741 (us) 2574.535
Loop 742 (us) 2574.476
Loop 743 (us) 2574.314
Loop 744 (us) 2575.389
Loop 745 (us) 2574.565
Loop 746 (us) 2575.345
Loop 747 (us) 2574.599
Loop 748 (us) 2575.365
Loop 749 (us) 2575.226
Loop 750 (us) 2574.318
Loop 751 (us) 2575.351
Loop 752 (us) 2574.663
Loop 753 (us) 2574.31
Loop 754 (us) 2574.358
Loop 755 (us) 2575.322
Loop 756 (us) 2575.416
Loop 757 (us) 2574.726
Loop 758 (us) 2575.52
Loop 759 (us) 2575.555
Loop 760 (us) 2575.37
Loop 761 (us) 2574.504
Loop 762 (us) 2576.106
Loop 763 (us) 2574.217
Loop 764 (us) 2574.401
Loop 765 (us) 2575.279
Loop 766 (us) 2575.274
Loop 767 (us) 2575.776
Loop 768 (us) 2575.348
Loop 769 (us) 2575.68
Loop 770 (us) 2575.679
Loop 771 (us) 2574.551
Loop 772 (us) 2574.541
Loop 773 (us) 2575.73
Loop 774 (us) 2574.387
Loop 775 (us) 2574.346
Loop 776 (us) 2575.206
Loop 777 (us) 2575.615
Loop 778 (us) 2575.496
Loop 779 (us) 2574.616
Loop 780 (us) 2574.344
Loop 781 (us) 2575.466
Loop 782 (us) 2575.492
Loop 783 (us) 2575.416
Loop 784 (us) 2574.431
Loop 785 (us) 2574.331
Loop 786 (us) 2575.499
Loop 787 (us) 2574.36
Loop 788 (us) 2575.365
Loop 789 (us) 2574.774
Loop 790 (us) 2575.415
Loop 791 (us) 2575.289
Loop 792 (us) 2575.58
Loop 793 (us) 2574.91
Loop 794 (us) 2575.764
Loop 795 (us) 2574.303
Loop 796 (us) 2575.668
Loop 797 (us) 2575.038
Loop 798 (us) 2574.475
Loop 799 (us) 2574.373
Loop 800 (us) 2575.468
Loop 801 (us) 2575.201
Loop 802 (us) 2575.479
Loop 803 (us) 2575.664
Loop 804 (us) 2575.298
Loop 805 (us) 2574.994
Loop 806 (us) 2575.285
Loop 807 (us) 2575.478
Loop 808 (us) 2574.644
Loop 809 (us) 2574.293
Loop 810 (us) 2574.409
Loop 811 (us) 2575.841
Loop 812 (us) 2573.927
Loop 813 (us) 2575.476
Loop 814 (us) 2574.464
Loop 815 (us) 2575.437
Loop 816 (us) 2575.648
Loop 817 (us) 2574.378
Loop 818 (us) 2575.685
Loop 819 (us) 2574.369
Loop 820 (us) 2575.579
Loop 821 (us) 2575.637
Loop 822 (us) 2575.544
Loop 823 (us) 2575.75
Loop 824 (us) 2574.327
Loop 825 (us) 2574.687
Loop 826 (us) 2574.319
Loop 827 (us) 2575.586
Loop 828 (us) 2575.907
Loop 829 (us) 2574.35
Loop 830 (us) 2574.99
Loop 831 (us) 2574.696
Loop 832 (us) 2575.468
Loop 833 (us) 2575.378
Loop 834 (us) 2575.759
Loop 835 (us) 2575.16
Loop 836 (us) 2575.485
Loop 837 (us) 2574.534
Loop 838 (us) 2574.459
Loop 839 (us) 2575.512
Loop 840 (us) 2575.774
Loop 841 (us) 2575.784
Loop 842 (us) 2575.106
Loop 843 (us) 2574.303
Loop 844 (us) 2574.985
Loop 845 (us) 2575.474
Loop 846 (us) 2575.481
Loop 847 (us) 2576.033
Loop 848 (us) 2574.425
Loop 849 (us) 2575.136
Loop 850 (us) 2574.965
Loop 851 (us) 2574.393
Loop 852 (us) 2574.625
Loop 853 (us) 2575.507
Loop 854 (us) 2575.788
Loop 855 (us) 2575.315
Loop 856 (us) 2574.481
Loop 857 (us) 2574.849
Loop 858 (us) 2574.468
Loop 859 (us) 2574.574
Loop 860 (us) 2575.483
Loop 861 (us) 2886.683
Loop 862 (us) 2575.458
Loop 863 (us) 2575.585
Loop 864 (us) 2575.698
Loop 865 (us) 2574.846
Loop 866 (us) 2574.398
Loop 867 (us) 2575.586
Loop 868 (us) 2574.498
Loop 869 (us) 2574.616
Loop 870 (us) 2575.419
Loop 871 (us) 2574.523
Loop 872 (us) 2574.759
Loop 873 (us) 2574.323
Loop 874 (us) 2574.222
Loop 875 (us) 2575.197
Loop 876 (us) 2575.594
Loop 877 (us) 2575.531
Loop 878 (us) 2575.452
Loop 879 (us) 2575.4
Loop 880 (us) 2575.579
Loop 881 (us) 2575.476
Loop 882 (us) 2574.265
Loop 883 (us) 2574.913
Loop 884 (us) 2574.704
Loop 885 (us) 2574.395
Loop 886 (us) 2574.309
Loop 887 (us) 2574.604
Loop 888 (us) 2575.588
Loop 889 (us) 2574.439
Loop 890 (us) 2575.269
Loop 891 (us) 2575.492
Loop 892 (us) 2574.602
Loop 893 (us) 2575.637
Loop 894 (us) 2575.631
Loop 895 (us) 2574.375
Loop 896 (us) 2574.245
Loop 897 (us) 2574.742
Loop 898 (us) 2575.972
Loop 899 (us) 2575.611
Loop 900 (us) 2574.378
Loop 901 (us) 2575.856
Loop 902 (us) 2574.353
Loop 903 (us) 2575.58
Loop 904 (us) 2574.813
Loop 905 (us) 2575.434
Loop 906 (us) 2575.41
Loop 907 (us) 2574.178
Loop 908 (us) 2575.538
Loop 909 (us) 2575.976
Loop 910 (us) 2575.484
Loop 911 (us) 2575.73
Loop 912 (us) 2575.458
Loop 913 (us) 2575.817
Loop 914 (us) 2575.366
Loop 915 (us) 2575.601
Loop 916 (us) 2575.547
Loop 917 (us) 2574.523
Loop 918 (us) 2575.911
Loop 919 (us) 2575.332
Loop 920 (us) 2574.36
Loop 921 (us) 2574.605
Loop 922 (us) 2574.368
Loop 923 (us) 2574.563
Loop 924 (us) 2574.564
Loop 925 (us) 2577.553
Loop 926 (us) 2574.431
Loop 927 (us) 2574.429
Loop 928 (us) 2575.463
Loop 929 (us) 2574.307
Loop 930 (us) 2574.53
Loop 931 (us) 2574.41
Loop 932 (us) 2575.424
Loop 933 (us) 2576.108
Loop 934 (us) 2574.363
Loop 935 (us) 2575.897
Loop 936 (us) 2575.182
Loop 937 (us) 2574.442
Loop 938 (us) 2575.662
Loop 939 (us) 2575.354
Loop 940 (us) 2574.46
Loop 941 (us) 2575.644
Loop 942 (us) 2575.042
Loop 943 (us) 2574.594
Loop 944 (us) 2575.443
Loop 945 (us) 2575.846
Loop 946 (us) 2575.419
Loop 947 (us) 2575.269
Loop 948 (us) 2574.347
Loop 949 (us) 2575.358
Loop 950 (us) 2574.24
Loop 951 (us) 2575.444
Loop 952 (us) 2574.955
Loop 953 (us) 2574.628
Loop 954 (us) 2574.444
Loop 955 (us) 2575.372
Loop 956 (us) 2574.996
Loop 957 (us) 2575.693
Loop 958 (us) 2574.2
Loop 959 (us) 2574.93
Loop 960 (us) 2574.908
Loop 961 (us) 2575.023
Loop 962 (us) 2576.354
Loop 963 (us) 2574.608
Loop 964 (us) 2574.337
Loop 965 (us) 2574.496
Loop 966 (us) 2575.556
Loop 967 (us) 2574.652
Loop 968 (us) 2575.516
Loop 969 (us) 2574.419
Loop 970 (us) 2575.439
Loop 971 (us) 2574.362
Loop 972 (us) 2574.634
Loop 973 (us) 2574.225
Loop 974 (us) 2574.425
Loop 975 (us) 2575.457
Loop 976 (us) 2575.544
Loop 977 (us) 2574.375
Loop 978 (us) 2575.363
Loop 979 (us) 2574.399
Loop 980 (us) 2575.404
Loop 981 (us) 2574.362
Loop 982 (us) 2575.61
Loop 983 (us) 2575.613
Loop 984 (us) 2575.512
Loop 985 (us) 2575.509
Loop 986 (us) 2575.635
Loop 987 (us) 2575.494
Loop 988 (us) 2575.429
Loop 989 (us) 2575.021
Loop 990 (us) 2575.294
Loop 991 (us) 2574.316
Loop 992 (us) 2575.469
Loop 993 (us) 2574.373
Loop 994 (us) 2574.375
Loop 995 (us) 2575.714
Loop 996 (us) 2575.513
Loop 997 (us) 2574.392
Loop 998 (us) 2575.302
Loop 999 (us) 2575.762
Warmup times 0
avgLoopLatency(us) 2577.428765
iops 387.9835646980529
variance 39.27570237701392
