readReplicas, filename /tmp4194304replicas.dat, loop 1000
/tmp4194304replicas.dat is a ReplicasFile!
starting benchmark...
ops 1000
final loop (us) 647.388
Loop 0 (us) 649.344
Loop 1 (us) 647.908
Loop 2 (us) 648.513
Loop 3 (us) 649.03
Loop 4 (us) 648.717
Loop 5 (us) 648.884
Loop 6 (us) 648.223
Loop 7 (us) 648.027
Loop 8 (us) 649.126
Loop 9 (us) 648.339
Loop 10 (us) 648.489
Loop 11 (us) 648.526
Loop 12 (us) 649.3
Loop 13 (us) 653.353
Loop 14 (us) 958.87
Loop 15 (us) 648.269
Loop 16 (us) 649.497
Loop 17 (us) 648.35
Loop 18 (us) 649.363
Loop 19 (us) 647.814
Loop 20 (us) 648.223
Loop 21 (us) 648.704
Loop 22 (us) 647.727
Loop 23 (us) 649.263
Loop 24 (us) 648.155
Loop 25 (us) 648.934
Loop 26 (us) 649.661
Loop 27 (us) 648.789
Loop 28 (us) 653.032
Loop 29 (us) 648.378
Loop 30 (us) 648.989
Loop 31 (us) 647.889
Loop 32 (us) 648.42
Loop 33 (us) 649.078
Loop 34 (us) 649.077
Loop 35 (us) 648.186
Loop 36 (us) 648.364
Loop 37 (us) 647.676
Loop 38 (us) 648.125
Loop 39 (us) 647.764
Loop 40 (us) 650.474
Loop 41 (us) 648.186
Loop 42 (us) 647.559
Loop 43 (us) 648.285
Loop 44 (us) 648.233
Loop 45 (us) 648.176
Loop 46 (us) 648.648
Loop 47 (us) 648.475
Loop 48 (us) 647.908
Loop 49 (us) 649.117
Loop 50 (us) 648.502
Loop 51 (us) 647.963
Loop 52 (us) 648.417
Loop 53 (us) 648.306
Loop 54 (us) 647.725
Loop 55 (us) 648.267
Loop 56 (us) 647.76
Loop 57 (us) 648.315
Loop 58 (us) 648.797
Loop 59 (us) 648.338
Loop 60 (us) 648.803
Loop 61 (us) 648.298
Loop 62 (us) 648.261
Loop 63 (us) 649.494
Loop 64 (us) 648.781
Loop 65 (us) 647.608
Loop 66 (us) 648.175
Loop 67 (us) 648.896
Loop 68 (us) 647.725
Loop 69 (us) 649.525
Loop 70 (us) 648.794
Loop 71 (us) 647.733
Loop 72 (us) 650.228
Loop 73 (us) 648.277
Loop 74 (us) 656.57
Loop 75 (us) 648.908
Loop 76 (us) 647.776
Loop 77 (us) 648.465
Loop 78 (us) 648.119
Loop 79 (us) 647.687
Loop 80 (us) 648.046
Loop 81 (us) 648.708
Loop 82 (us) 648.675
Loop 83 (us) 648.315
Loop 84 (us) 648.179
Loop 85 (us) 648.178
Loop 86 (us) 660.652
Loop 87 (us) 648.904
Loop 88 (us) 648.915
Loop 89 (us) 648.564
Loop 90 (us) 648.233
Loop 91 (us) 648.864
Loop 92 (us) 651.831
Loop 93 (us) 649.045
Loop 94 (us) 648.095
Loop 95 (us) 648.376
Loop 96 (us) 648.706
Loop 97 (us) 648.357
Loop 98 (us) 649.049
Loop 99 (us) 648.713
Loop 100 (us) 648.389
Loop 101 (us) 648.351
Loop 102 (us) 648.122
Loop 103 (us) 648.74
Loop 104 (us) 649.735
Loop 105 (us) 647.848
Loop 106 (us) 649.794
Loop 107 (us) 648.631
Loop 108 (us) 648.078
Loop 109 (us) 648.495
Loop 110 (us) 649.782
Loop 111 (us) 649.139
Loop 112 (us) 657.212
Loop 113 (us) 647.868
Loop 114 (us) 648.275
Loop 115 (us) 648.099
Loop 116 (us) 647.712
Loop 117 (us) 649.053
Loop 118 (us) 648.207
Loop 119 (us) 647.968
Loop 120 (us) 648.492
Loop 121 (us) 649.086
Loop 122 (us) 648.075
Loop 123 (us) 648.647
Loop 124 (us) 648.456
Loop 125 (us) 647.849
Loop 126 (us) 649.822
Loop 127 (us) 648.983
Loop 128 (us) 648.546
Loop 129 (us) 648.398
Loop 130 (us) 648.439
Loop 131 (us) 648.762
Loop 132 (us) 648.33
Loop 133 (us) 648.022
Loop 134 (us) 648.508
Loop 135 (us) 648.558
Loop 136 (us) 647.954
Loop 137 (us) 649.023
Loop 138 (us) 649.538
Loop 139 (us) 648.083
Loop 140 (us) 649.634
Loop 141 (us) 648.276
Loop 142 (us) 648.562
Loop 143 (us) 648.984
Loop 144 (us) 648.339
Loop 145 (us) 647.898
Loop 146 (us) 649.157
Loop 147 (us) 648.427
Loop 148 (us) 648.13
Loop 149 (us) 648.925
Loop 150 (us) 650.599
Loop 151 (us) 647.854
Loop 152 (us) 648.082
Loop 153 (us) 648.271
Loop 154 (us) 648.497
Loop 155 (us) 648.505
Loop 156 (us) 648.461
Loop 157 (us) 648.549
Loop 158 (us) 648.505
Loop 159 (us) 648.475
Loop 160 (us) 648.39
Loop 161 (us) 648.355
Loop 162 (us) 647.699
Loop 163 (us) 648.169
Loop 164 (us) 648.181
Loop 165 (us) 647.627
Loop 166 (us) 648.75
Loop 167 (us) 648.2
Loop 168 (us) 647.635
Loop 169 (us) 648.108
Loop 170 (us) 648.27
Loop 171 (us) 649.397
Loop 172 (us) 648.102
Loop 173 (us) 648.294
Loop 174 (us) 648.176
Loop 175 (us) 648.727
Loop 176 (us) 649.675
Loop 177 (us) 649.467
Loop 178 (us) 648.146
Loop 179 (us) 647.634
Loop 180 (us) 648.132
Loop 181 (us) 648.166
Loop 182 (us) 647.703
Loop 183 (us) 648.561
Loop 184 (us) 649.07
Loop 185 (us) 648.153
Loop 186 (us) 651.154
Loop 187 (us) 648.115
Loop 188 (us) 647.656
Loop 189 (us) 648.162
Loop 190 (us) 647.907
Loop 191 (us) 648.646
Loop 192 (us) 648.471
Loop 193 (us) 649.23
Loop 194 (us) 648.439
Loop 195 (us) 648.403
Loop 196 (us) 648.094
Loop 197 (us) 648.662
Loop 198 (us) 648.538
Loop 199 (us) 647.991
Loop 200 (us) 648.508
Loop 201 (us) 648.395
Loop 202 (us) 647.628
Loop 203 (us) 648.17
Loop 204 (us) 648.1
Loop 205 (us) 647.744
Loop 206 (us) 648.759
Loop 207 (us) 647.831
Loop 208 (us) 648.139
Loop 209 (us) 648.111
Loop 210 (us) 647.613
Loop 211 (us) 649.674
Loop 212 (us) 648.265
Loop 213 (us) 648.189
Loop 214 (us) 648.161
Loop 215 (us) 648.243
Loop 216 (us) 653.32
Loop 217 (us) 648.346
Loop 218 (us) 649.316
Loop 219 (us) 647.715
Loop 220 (us) 648.165
Loop 221 (us) 648.151
Loop 222 (us) 647.7
Loop 223 (us) 648.239
Loop 224 (us) 648.155
Loop 225 (us) 647.719
Loop 226 (us) 648.072
Loop 227 (us) 649.256
Loop 228 (us) 648.788
Loop 229 (us) 648.075
Loop 230 (us) 647.869
Loop 231 (us) 649.124
Loop 232 (us) 648.738
Loop 233 (us) 648.058
Loop 234 (us) 650.976
Loop 235 (us) 649.23
Loop 236 (us) 647.643
Loop 237 (us) 649.435
Loop 238 (us) 648.669
Loop 239 (us) 647.708
Loop 240 (us) 648.195
Loop 241 (us) 648.139
Loop 242 (us) 648.794
Loop 243 (us) 648.687
Loop 244 (us) 647.62
Loop 245 (us) 648.795
Loop 246 (us) 648.165
Loop 247 (us) 647.928
Loop 248 (us) 648.632
Loop 249 (us) 648.456
Loop 250 (us) 647.881
Loop 251 (us) 648.463
Loop 252 (us) 648.539
Loop 253 (us) 647.91
Loop 254 (us) 648.218
Loop 255 (us) 648.131
Loop 256 (us) 647.609
Loop 257 (us) 648.186
Loop 258 (us) 648.185
Loop 259 (us) 648.288
Loop 260 (us) 648.287
Loop 261 (us) 648.078
Loop 262 (us) 647.629
Loop 263 (us) 648.15
Loop 264 (us) 649.294
Loop 265 (us) 649.068
Loop 266 (us) 648.206
Loop 267 (us) 647.869
Loop 268 (us) 648.355
Loop 269 (us) 648.319
Loop 270 (us) 648.667
Loop 271 (us) 648.518
Loop 272 (us) 649.049
Loop 273 (us) 648.012
Loop 274 (us) 648.523
Loop 275 (us) 649.364
Loop 276 (us) 648.123
Loop 277 (us) 648.653
Loop 278 (us) 649.056
Loop 279 (us) 649.913
Loop 280 (us) 648.703
Loop 281 (us) 659.511
Loop 282 (us) 649.445
Loop 283 (us) 649.078
Loop 284 (us) 648.584
Loop 285 (us) 648.766
Loop 286 (us) 649.995
Loop 287 (us) 650.668
Loop 288 (us) 656.487
Loop 289 (us) 649.046
Loop 290 (us) 648.852
Loop 291 (us) 648.21
Loop 292 (us) 648.122
Loop 293 (us) 647.678
Loop 294 (us) 648.078
Loop 295 (us) 648.737
Loop 296 (us) 648.32
Loop 297 (us) 652.118
Loop 298 (us) 648.359
Loop 299 (us) 647.578
Loop 300 (us) 647.943
Loop 301 (us) 647.775
Loop 302 (us) 648.084
Loop 303 (us) 648.027
Loop 304 (us) 647.594
Loop 305 (us) 648.291
Loop 306 (us) 648.353
Loop 307 (us) 647.79
Loop 308 (us) 649.369
Loop 309 (us) 648.241
Loop 310 (us) 647.546
Loop 311 (us) 648.054
Loop 312 (us) 648.431
Loop 313 (us) 647.551
Loop 314 (us) 648.094
Loop 315 (us) 647.932
Loop 316 (us) 647.543
Loop 317 (us) 647.954
Loop 318 (us) 648.34
Loop 319 (us) 647.723
Loop 320 (us) 648.372
Loop 321 (us) 647.669
Loop 322 (us) 649.063
Loop 323 (us) 648.289
Loop 324 (us) 648.788
Loop 325 (us) 648.549
Loop 326 (us) 648.147
Loop 327 (us) 647.759
Loop 328 (us) 648.05
Loop 329 (us) 647.983
Loop 330 (us) 647.531
Loop 331 (us) 647.923
Loop 332 (us) 648.443
Loop 333 (us) 647.537
Loop 334 (us) 649.051
Loop 335 (us) 647.924
Loop 336 (us) 647.781
Loop 337 (us) 648.586
Loop 338 (us) 649.172
Loop 339 (us) 648.629
Loop 340 (us) 655.991
Loop 341 (us) 648.214
Loop 342 (us) 654.887
Loop 343 (us) 648.731
Loop 344 (us) 656.549
Loop 345 (us) 668.373
Loop 346 (us) 648.733
Loop 347 (us) 656.809
Loop 348 (us) 648.47
Loop 349 (us) 648.997
Loop 350 (us) 647.875
Loop 351 (us) 648.404
Loop 352 (us) 647.829
Loop 353 (us) 648.315
Loop 354 (us) 648.526
Loop 355 (us) 648.46
Loop 356 (us) 647.768
Loop 357 (us) 648.528
Loop 358 (us) 647.896
Loop 359 (us) 647.924
Loop 360 (us) 648.047
Loop 361 (us) 648.17
Loop 362 (us) 648.933
Loop 363 (us) 648.566
Loop 364 (us) 647.695
Loop 365 (us) 648.407
Loop 366 (us) 647.567
Loop 367 (us) 647.471
Loop 368 (us) 647.735
Loop 369 (us) 647.599
Loop 370 (us) 647.24
Loop 371 (us) 647.963
Loop 372 (us) 648.789
Loop 373 (us) 648.229
Loop 374 (us) 648.163
Loop 375 (us) 648.387
Loop 376 (us) 648.488
Loop 377 (us) 649.034
Loop 378 (us) 648.465
Loop 379 (us) 656.73
Loop 380 (us) 648.127
Loop 381 (us) 648.091
Loop 382 (us) 647.966
Loop 383 (us) 648.769
Loop 384 (us) 647.367
Loop 385 (us) 647.695
Loop 386 (us) 647.662
Loop 387 (us) 655.126
Loop 388 (us) 647.786
Loop 389 (us) 647.665
Loop 390 (us) 647.413
Loop 391 (us) 648.076
Loop 392 (us) 647.668
Loop 393 (us) 647.212
Loop 394 (us) 647.464
Loop 395 (us) 647.39
Loop 396 (us) 648.637
Loop 397 (us) 647.448
Loop 398 (us) 647.264
Loop 399 (us) 647.912
Loop 400 (us) 647.618
Loop 401 (us) 647.857
Loop 402 (us) 647.411
Loop 403 (us) 647.492
Loop 404 (us) 647.224
Loop 405 (us) 647.477
Loop 406 (us) 647.835
Loop 407 (us) 654.9
Loop 408 (us) 648.451
Loop 409 (us) 647.879
Loop 410 (us) 647.174
Loop 411 (us) 647.401
Loop 412 (us) 648.19
Loop 413 (us) 647.955
Loop 414 (us) 648.161
Loop 415 (us) 647.39
Loop 416 (us) 647.583
Loop 417 (us) 647.506
Loop 418 (us) 647.283
Loop 419 (us) 647.667
Loop 420 (us) 648.265
Loop 421 (us) 647.192
Loop 422 (us) 647.412
Loop 423 (us) 647.882
Loop 424 (us) 647.368
Loop 425 (us) 647.921
Loop 426 (us) 647.451
Loop 427 (us) 647.182
Loop 428 (us) 647.452
Loop 429 (us) 647.866
Loop 430 (us) 647.679
Loop 431 (us) 647.758
Loop 432 (us) 647.641
Loop 433 (us) 647.86
Loop 434 (us) 647.477
Loop 435 (us) 647.236
Loop 436 (us) 647.559
Loop 437 (us) 647.384
Loop 438 (us) 647.463
Loop 439 (us) 648.841
Loop 440 (us) 647.708
Loop 441 (us) 647.58
Loop 442 (us) 647.582
Loop 443 (us) 647.498
Loop 444 (us) 647.154
Loop 445 (us) 647.868
Loop 446 (us) 647.639
Loop 447 (us) 647.528
Loop 448 (us) 647.65
Loop 449 (us) 647.514
Loop 450 (us) 647.083
Loop 451 (us) 647.408
Loop 452 (us) 647.166
Loop 453 (us) 662.997
Loop 454 (us) 647.206
Loop 455 (us) 647.704
Loop 456 (us) 647.267
Loop 457 (us) 646.971
Loop 458 (us) 646.926
Loop 459 (us) 647.2
Loop 460 (us) 647.431
Loop 461 (us) 646.838
Loop 462 (us) 646.941
Loop 463 (us) 647.177
Loop 464 (us) 647.273
Loop 465 (us) 647.252
Loop 466 (us) 647.144
Loop 467 (us) 646.777
Loop 468 (us) 646.928
Loop 469 (us) 647.294
Loop 470 (us) 647.143
Loop 471 (us) 646.881
Loop 472 (us) 646.827
Loop 473 (us) 648.803
Loop 474 (us) 647.029
Loop 475 (us) 646.825
Loop 476 (us) 648.34
Loop 477 (us) 646.838
Loop 478 (us) 647.091
Loop 479 (us) 646.881
Loop 480 (us) 647.532
Loop 481 (us) 647.494
Loop 482 (us) 646.981
Loop 483 (us) 647.214
Loop 484 (us) 647.159
Loop 485 (us) 648.137
Loop 486 (us) 646.74
Loop 487 (us) 647.461
Loop 488 (us) 647.923
Loop 489 (us) 646.755
Loop 490 (us) 647.356
Loop 491 (us) 647.737
Loop 492 (us) 646.805
Loop 493 (us) 647.109
Loop 494 (us) 647.64
Loop 495 (us) 646.768
Loop 496 (us) 646.933
Loop 497 (us) 646.804
Loop 498 (us) 648.366
Loop 499 (us) 647.109
Loop 500 (us) 647.052
Loop 501 (us) 647.576
Loop 502 (us) 646.985
Loop 503 (us) 648.661
Loop 504 (us) 647.59
Loop 505 (us) 646.901
Loop 506 (us) 647.347
Loop 507 (us) 646.92
Loop 508 (us) 646.784
Loop 509 (us) 646.795
Loop 510 (us) 647.117
Loop 511 (us) 647.405
Loop 512 (us) 648.346
Loop 513 (us) 647.058
Loop 514 (us) 647.149
Loop 515 (us) 646.671
Loop 516 (us) 647.594
Loop 517 (us) 646.968
Loop 518 (us) 647.095
Loop 519 (us) 646.862
Loop 520 (us) 646.92
Loop 521 (us) 647.17
Loop 522 (us) 646.891
Loop 523 (us) 646.769
Loop 524 (us) 646.817
Loop 525 (us) 647.791
Loop 526 (us) 648.538
Loop 527 (us) 647.513
Loop 528 (us) 647.685
Loop 529 (us) 647.143
Loop 530 (us) 646.944
Loop 531 (us) 646.835
Loop 532 (us) 647.04
Loop 533 (us) 647.662
Loop 534 (us) 646.77
Loop 535 (us) 646.779
Loop 536 (us) 646.995
Loop 537 (us) 647.126
Loop 538 (us) 647.161
Loop 539 (us) 646.866
Loop 540 (us) 646.807
Loop 541 (us) 646.765
Loop 542 (us) 647.303
Loop 543 (us) 646.697
Loop 544 (us) 646.881
Loop 545 (us) 646.772
Loop 546 (us) 646.979
Loop 547 (us) 647.101
Loop 548 (us) 646.828
Loop 549 (us) 646.758
Loop 550 (us) 646.909
Loop 551 (us) 648.038
Loop 552 (us) 647.265
Loop 553 (us) 646.929
Loop 554 (us) 647.187
Loop 555 (us) 647.211
Loop 556 (us) 648.401
Loop 557 (us) 646.946
Loop 558 (us) 647.355
Loop 559 (us) 646.91
Loop 560 (us) 647.606
Loop 561 (us) 647.586
Loop 562 (us) 646.772
Loop 563 (us) 647.404
Loop 564 (us) 646.843
Loop 565 (us) 646.868
Loop 566 (us) 646.725
Loop 567 (us) 647.271
Loop 568 (us) 647.436
Loop 569 (us) 646.78
Loop 570 (us) 647.323
Loop 571 (us) 647.597
Loop 572 (us) 646.743
Loop 573 (us) 647.513
Loop 574 (us) 646.691
Loop 575 (us) 647.76
Loop 576 (us) 646.874
Loop 577 (us) 647.087
Loop 578 (us) 647.795
Loop 579 (us) 646.982
Loop 580 (us) 646.791
Loop 581 (us) 647.145
Loop 582 (us) 647.443
Loop 583 (us) 647.338
Loop 584 (us) 648.197
Loop 585 (us) 646.957
Loop 586 (us) 646.674
Loop 587 (us) 646.872
Loop 588 (us) 647.557
Loop 589 (us) 647.078
Loop 590 (us) 647.605
Loop 591 (us) 647.076
Loop 592 (us) 646.843
Loop 593 (us) 647.084
Loop 594 (us) 661.694
Loop 595 (us) 648.673
Loop 596 (us) 656.911
Loop 597 (us) 650.795
Loop 598 (us) 647.391
Loop 599 (us) 647.544
Loop 600 (us) 648.65
Loop 601 (us) 648.686
Loop 602 (us) 657.766
Loop 603 (us) 647.669
Loop 604 (us) 647.61
Loop 605 (us) 647.133
Loop 606 (us) 646.883
Loop 607 (us) 647.413
Loop 608 (us) 658.251
Loop 609 (us) 647.092
Loop 610 (us) 647.319
Loop 611 (us) 656.168
Loop 612 (us) 647.314
Loop 613 (us) 647.061
Loop 614 (us) 647.44
Loop 615 (us) 651.874
Loop 616 (us) 647.319
Loop 617 (us) 646.763
Loop 618 (us) 647.147
Loop 619 (us) 646.797
Loop 620 (us) 646.877
Loop 621 (us) 647.505
Loop 622 (us) 646.91
Loop 623 (us) 647.54
Loop 624 (us) 646.787
Loop 625 (us) 646.797
Loop 626 (us) 647.65
Loop 627 (us) 646.833
Loop 628 (us) 650.087
Loop 629 (us) 646.817
Loop 630 (us) 646.827
Loop 631 (us) 647.429
Loop 632 (us) 647.317
Loop 633 (us) 647.237
Loop 634 (us) 646.804
Loop 635 (us) 647.16
Loop 636 (us) 647.13
Loop 637 (us) 646.873
Loop 638 (us) 647.394
Loop 639 (us) 646.825
Loop 640 (us) 646.759
Loop 641 (us) 646.915
Loop 642 (us) 647.26
Loop 643 (us) 647.197
Loop 644 (us) 646.792
Loop 645 (us) 647.075
Loop 646 (us) 646.743
Loop 647 (us) 648.213
Loop 648 (us) 647.223
Loop 649 (us) 647.459
Loop 650 (us) 646.81
Loop 651 (us) 647.843
Loop 652 (us) 646.798
Loop 653 (us) 646.899
Loop 654 (us) 657.037
Loop 655 (us) 647.632
Loop 656 (us) 647.029
Loop 657 (us) 646.656
Loop 658 (us) 646.98
Loop 659 (us) 647.237
Loop 660 (us) 647.542
Loop 661 (us) 647.086
Loop 662 (us) 647.301
Loop 663 (us) 647.015
Loop 664 (us) 646.76
Loop 665 (us) 647.373
Loop 666 (us) 647.076
Loop 667 (us) 646.706
Loop 668 (us) 647.24
Loop 669 (us) 646.796
Loop 670 (us) 647.547
Loop 671 (us) 647.824
Loop 672 (us) 647.082
Loop 673 (us) 647.423
Loop 674 (us) 646.555
Loop 675 (us) 646.949
Loop 676 (us) 646.823
Loop 677 (us) 647.1
Loop 678 (us) 647.35
Loop 679 (us) 647.256
Loop 680 (us) 647.285
Loop 681 (us) 647.04
Loop 682 (us) 646.613
Loop 683 (us) 646.714
Loop 684 (us) 647.032
Loop 685 (us) 647.339
Loop 686 (us) 647.325
Loop 687 (us) 647.038
Loop 688 (us) 646.649
Loop 689 (us) 647.354
Loop 690 (us) 647.474
Loop 691 (us) 646.899
Loop 692 (us) 646.856
Loop 693 (us) 646.838
Loop 694 (us) 646.985
Loop 695 (us) 647.196
Loop 696 (us) 647.105
Loop 697 (us) 646.7
Loop 698 (us) 647.304
Loop 699 (us) 646.744
Loop 700 (us) 647.142
Loop 701 (us) 646.706
Loop 702 (us) 646.729
Loop 703 (us) 646.759
Loop 704 (us) 647.042
Loop 705 (us) 646.73
Loop 706 (us) 646.65
Loop 707 (us) 647.321
Loop 708 (us) 646.874
Loop 709 (us) 646.842
Loop 710 (us) 646.707
Loop 711 (us) 646.638
Loop 712 (us) 646.934
Loop 713 (us) 646.82
Loop 714 (us) 646.892
Loop 715 (us) 646.634
Loop 716 (us) 647.278
Loop 717 (us) 647.146
Loop 718 (us) 646.706
Loop 719 (us) 646.719
Loop 720 (us) 646.712
Loop 721 (us) 647.975
Loop 722 (us) 647.039
Loop 723 (us) 647.038
Loop 724 (us) 646.719
Loop 725 (us) 646.912
Loop 726 (us) 647.566
Loop 727 (us) 648.324
Loop 728 (us) 646.993
Loop 729 (us) 646.698
Loop 730 (us) 647.024
Loop 731 (us) 646.657
Loop 732 (us) 647.452
Loop 733 (us) 647.36
Loop 734 (us) 647.068
Loop 735 (us) 646.736
Loop 736 (us) 646.888
Loop 737 (us) 648.19
Loop 738 (us) 646.866
Loop 739 (us) 646.934
Loop 740 (us) 646.764
Loop 741 (us) 646.932
Loop 742 (us) 647.141
Loop 743 (us) 647.133
Loop 744 (us) 647.555
Loop 745 (us) 647.34
Loop 746 (us) 646.723
Loop 747 (us) 648.01
Loop 748 (us) 648.174
Loop 749 (us) 648.013
Loop 750 (us) 647.088
Loop 751 (us) 647.15
Loop 752 (us) 646.924
Loop 753 (us) 646.632
Loop 754 (us) 647.618
Loop 755 (us) 646.973
Loop 756 (us) 646.646
Loop 757 (us) 646.856
Loop 758 (us) 646.71
Loop 759 (us) 646.864
Loop 760 (us) 646.846
Loop 761 (us) 646.722
Loop 762 (us) 647.005
Loop 763 (us) 647.719
Loop 764 (us) 646.96
Loop 765 (us) 646.703
Loop 766 (us) 646.665
Loop 767 (us) 646.647
Loop 768 (us) 648.087
Loop 769 (us) 647.053
Loop 770 (us) 647.039
Loop 771 (us) 646.88
Loop 772 (us) 647.739
Loop 773 (us) 646.872
Loop 774 (us) 646.981
Loop 775 (us) 647.437
Loop 776 (us) 647.382
Loop 777 (us) 646.847
Loop 778 (us) 646.781
Loop 779 (us) 647.657
Loop 780 (us) 646.918
Loop 781 (us) 646.727
Loop 782 (us) 646.772
Loop 783 (us) 647.214
Loop 784 (us) 647.348
Loop 785 (us) 646.959
Loop 786 (us) 647.32
Loop 787 (us) 647.125
Loop 788 (us) 646.838
Loop 789 (us) 648.137
Loop 790 (us) 646.806
Loop 791 (us) 646.806
Loop 792 (us) 647.217
Loop 793 (us) 646.66
Loop 794 (us) 647.602
Loop 795 (us) 646.675
Loop 796 (us) 646.946
Loop 797 (us) 646.753
Loop 798 (us) 646.927
Loop 799 (us) 647.349
Loop 800 (us) 647.862
Loop 801 (us) 646.938
Loop 802 (us) 646.687
Loop 803 (us) 646.822
Loop 804 (us) 647.112
Loop 805 (us) 646.737
Loop 806 (us) 647.078
Loop 807 (us) 647.877
Loop 808 (us) 647.115
Loop 809 (us) 647.029
Loop 810 (us) 647.329
Loop 811 (us) 647.104
Loop 812 (us) 646.702
Loop 813 (us) 647.054
Loop 814 (us) 647.158
Loop 815 (us) 647.336
Loop 816 (us) 646.73
Loop 817 (us) 646.742
Loop 818 (us) 646.902
Loop 819 (us) 647.55
Loop 820 (us) 646.697
Loop 821 (us) 646.72
Loop 822 (us) 646.757
Loop 823 (us) 647.587
Loop 824 (us) 647.008
Loop 825 (us) 647.056
Loop 826 (us) 646.787
Loop 827 (us) 647.333
Loop 828 (us) 646.974
Loop 829 (us) 647.925
Loop 830 (us) 646.973
Loop 831 (us) 647.13
Loop 832 (us) 646.681
Loop 833 (us) 646.912
Loop 834 (us) 646.971
Loop 835 (us) 646.757
Loop 836 (us) 646.785
Loop 837 (us) 646.785
Loop 838 (us) 647.242
Loop 839 (us) 646.867
Loop 840 (us) 647.457
Loop 841 (us) 646.682
Loop 842 (us) 647.3
Loop 843 (us) 647.13
Loop 844 (us) 646.643
Loop 845 (us) 647.607
Loop 846 (us) 646.699
Loop 847 (us) 647.449
Loop 848 (us) 647.372
Loop 849 (us) 647.064
Loop 850 (us) 647.325
Loop 851 (us) 647.07
Loop 852 (us) 646.755
Loop 853 (us) 646.832
Loop 854 (us) 646.734
Loop 855 (us) 647.419
Loop 856 (us) 646.961
Loop 857 (us) 647.104
Loop 858 (us) 646.866
Loop 859 (us) 646.753
Loop 860 (us) 646.633
Loop 861 (us) 647.366
Loop 862 (us) 646.981
Loop 863 (us) 647.16
Loop 864 (us) 647.255
Loop 865 (us) 646.83
Loop 866 (us) 646.702
Loop 867 (us) 646.814
Loop 868 (us) 647.093
Loop 869 (us) 646.753
Loop 870 (us) 646.616
Loop 871 (us) 647.061
Loop 872 (us) 647.388
Loop 873 (us) 647.068
Loop 874 (us) 646.679
Loop 875 (us) 647.753
Loop 876 (us) 647.625
Loop 877 (us) 646.953
Loop 878 (us) 647.073
Loop 879 (us) 647.126
Loop 880 (us) 646.727
Loop 881 (us) 647.095
Loop 882 (us) 647.474
Loop 883 (us) 646.734
Loop 884 (us) 647.004
Loop 885 (us) 646.74
Loop 886 (us) 647.282
Loop 887 (us) 647.127
Loop 888 (us) 648.825
Loop 889 (us) 646.949
Loop 890 (us) 646.824
Loop 891 (us) 647.243
Loop 892 (us) 647.473
Loop 893 (us) 647.658
Loop 894 (us) 646.737
Loop 895 (us) 646.644
Loop 896 (us) 646.751
Loop 897 (us) 647.003
Loop 898 (us) 648.082
Loop 899 (us) 647.491
Loop 900 (us) 647.02
Loop 901 (us) 647.372
Loop 902 (us) 646.844
Loop 903 (us) 646.928
Loop 904 (us) 647.225
Loop 905 (us) 646.961
Loop 906 (us) 647.78
Loop 907 (us) 646.746
Loop 908 (us) 647.306
Loop 909 (us) 647.243
Loop 910 (us) 647.557
Loop 911 (us) 647.79
Loop 912 (us) 646.686
Loop 913 (us) 646.832
Loop 914 (us) 646.901
Loop 915 (us) 646.999
Loop 916 (us) 646.75
Loop 917 (us) 646.99
Loop 918 (us) 646.635
Loop 919 (us) 647.086
Loop 920 (us) 647.403
Loop 921 (us) 646.816
Loop 922 (us) 646.726
Loop 923 (us) 647.353
Loop 924 (us) 646.947
Loop 925 (us) 646.831
Loop 926 (us) 647.062
Loop 927 (us) 646.856
Loop 928 (us) 647.471
Loop 929 (us) 647.38
Loop 930 (us) 646.924
Loop 931 (us) 646.797
Loop 932 (us) 646.669
Loop 933 (us) 647.086
Loop 934 (us) 647.376
Loop 935 (us) 646.795
Loop 936 (us) 646.935
Loop 937 (us) 646.789
Loop 938 (us) 647.495
Loop 939 (us) 647.896
Loop 940 (us) 646.685
Loop 941 (us) 646.845
Loop 942 (us) 647.116
Loop 943 (us) 647.575
Loop 944 (us) 648.108
Loop 945 (us) 646.756
Loop 946 (us) 646.703
Loop 947 (us) 647.152
Loop 948 (us) 646.901
Loop 949 (us) 646.873
Loop 950 (us) 646.806
Loop 951 (us) 647.121
Loop 952 (us) 646.69
Loop 953 (us) 648.38
Loop 954 (us) 646.962
Loop 955 (us) 647.27
Loop 956 (us) 646.743
Loop 957 (us) 646.808
Loop 958 (us) 646.772
Loop 959 (us) 647.224
Loop 960 (us) 647.01
Loop 961 (us) 646.783
Loop 962 (us) 647.444
Loop 963 (us) 646.997
Loop 964 (us) 646.936
Loop 965 (us) 646.797
Loop 966 (us) 646.729
Loop 967 (us) 647.209
Loop 968 (us) 646.92
Loop 969 (us) 646.619
Loop 970 (us) 646.829
Loop 971 (us) 646.675
Loop 972 (us) 647.499
Loop 973 (us) 647.002
Loop 974 (us) 646.656
Loop 975 (us) 646.872
Loop 976 (us) 647.339
Loop 977 (us) 646.87
Loop 978 (us) 646.903
Loop 979 (us) 646.688
Loop 980 (us) 646.834
Loop 981 (us) 646.95
Loop 982 (us) 646.944
Loop 983 (us) 647.416
Loop 984 (us) 646.864
Loop 985 (us) 646.762
Loop 986 (us) 647.515
Loop 987 (us) 646.96
Loop 988 (us) 646.745
Loop 989 (us) 646.741
Loop 990 (us) 646.743
Loop 991 (us) 646.932
Loop 992 (us) 646.723
Loop 993 (us) 647.152
Loop 994 (us) 646.757
Loop 995 (us) 646.98
Loop 996 (us) 647.096
Loop 997 (us) 646.596
Loop 998 (us) 647.125
Loop 999 (us) 647.388
Warmup times 0
avgLoopLatency(us) 648.1984209999999
iops 1542.7374822315405
variance 9.984035355394083
