readErasureCoding, filename /tmp4194304eccache.dat, loop 1000
/tmp4194304eccache.dat is a ReplicasFile!
starting benchmark...
ops 1000
final loop (us) 646.642
Loop 0 (us) 649.51
Loop 1 (us) 648.835
Loop 2 (us) 649.259
Loop 3 (us) 648.267
Loop 4 (us) 648.306
Loop 5 (us) 648.375
Loop 6 (us) 648.281
Loop 7 (us) 649.098
Loop 8 (us) 648.324
Loop 9 (us) 648.451
Loop 10 (us) 648.353
Loop 11 (us) 649.384
Loop 12 (us) 648.181
Loop 13 (us) 648.449
Loop 14 (us) 648.467
Loop 15 (us) 648.256
Loop 16 (us) 648.347
Loop 17 (us) 648.473
Loop 18 (us) 648.349
Loop 19 (us) 648.622
Loop 20 (us) 648.564
Loop 21 (us) 648.768
Loop 22 (us) 649.617
Loop 23 (us) 648.292
Loop 24 (us) 648.24
Loop 25 (us) 650.177
Loop 26 (us) 648.248
Loop 27 (us) 648.309
Loop 28 (us) 648.369
Loop 29 (us) 648.371
Loop 30 (us) 648.467
Loop 31 (us) 648.413
Loop 32 (us) 648.094
Loop 33 (us) 648.42
Loop 34 (us) 648.161
Loop 35 (us) 648.819
Loop 36 (us) 648.365
Loop 37 (us) 648.159
Loop 38 (us) 649.013
Loop 39 (us) 648.533
Loop 40 (us) 648.25
Loop 41 (us) 648.549
Loop 42 (us) 648.719
Loop 43 (us) 648.613
Loop 44 (us) 648.671
Loop 45 (us) 648.533
Loop 46 (us) 648.701
Loop 47 (us) 648.372
Loop 48 (us) 648.266
Loop 49 (us) 648.129
Loop 50 (us) 648.358
Loop 51 (us) 648.113
Loop 52 (us) 648.177
Loop 53 (us) 648.623
Loop 54 (us) 648.045
Loop 55 (us) 649.16
Loop 56 (us) 648.02
Loop 57 (us) 648.142
Loop 58 (us) 648.361
Loop 59 (us) 648.191
Loop 60 (us) 648.137
Loop 61 (us) 648.569
Loop 62 (us) 649.023
Loop 63 (us) 647.916
Loop 64 (us) 649.152
Loop 65 (us) 647.999
Loop 66 (us) 649.072
Loop 67 (us) 648.162
Loop 68 (us) 648.87
Loop 69 (us) 648.066
Loop 70 (us) 648.121
Loop 71 (us) 647.886
Loop 72 (us) 648.383
Loop 73 (us) 648.153
Loop 74 (us) 647.821
Loop 75 (us) 648.06
Loop 76 (us) 648.006
Loop 77 (us) 647.924
Loop 78 (us) 648.725
Loop 79 (us) 648.775
Loop 80 (us) 648.029
Loop 81 (us) 648.065
Loop 82 (us) 649.986
Loop 83 (us) 648.722
Loop 84 (us) 648.118
Loop 85 (us) 648.802
Loop 86 (us) 647.935
Loop 87 (us) 648.564
Loop 88 (us) 649.194
Loop 89 (us) 648.565
Loop 90 (us) 648.796
Loop 91 (us) 649.539
Loop 92 (us) 648.571
Loop 93 (us) 648.42
Loop 94 (us) 648.277
Loop 95 (us) 648.329
Loop 96 (us) 648.326
Loop 97 (us) 648.391
Loop 98 (us) 648.362
Loop 99 (us) 649.202
Loop 100 (us) 648.924
Loop 101 (us) 648.087
Loop 102 (us) 649.01
Loop 103 (us) 647.857
Loop 104 (us) 648.463
Loop 105 (us) 648.686
Loop 106 (us) 647.961
Loop 107 (us) 648.207
Loop 108 (us) 648.794
Loop 109 (us) 647.832
Loop 110 (us) 648.26
Loop 111 (us) 663.477
Loop 112 (us) 648.959
Loop 113 (us) 656.601
Loop 114 (us) 648.298
Loop 115 (us) 648.108
Loop 116 (us) 647.995
Loop 117 (us) 648.008
Loop 118 (us) 648.211
Loop 119 (us) 648.041
Loop 120 (us) 648.841
Loop 121 (us) 648.117
Loop 122 (us) 648.441
Loop 123 (us) 648.969
Loop 124 (us) 648.908
Loop 125 (us) 648.11
Loop 126 (us) 648.883
Loop 127 (us) 648.085
Loop 128 (us) 648.396
Loop 129 (us) 647.923
Loop 130 (us) 648.19
Loop 131 (us) 648.35
Loop 132 (us) 648.232
Loop 133 (us) 647.931
Loop 134 (us) 647.873
Loop 135 (us) 648.854
Loop 136 (us) 648.256
Loop 137 (us) 647.859
Loop 138 (us) 648.858
Loop 139 (us) 648.683
Loop 140 (us) 647.881
Loop 141 (us) 648.029
Loop 142 (us) 648.336
Loop 143 (us) 647.783
Loop 144 (us) 648.164
Loop 145 (us) 648.211
Loop 146 (us) 648.717
Loop 147 (us) 648.136
Loop 148 (us) 648.053
Loop 149 (us) 647.912
Loop 150 (us) 648.168
Loop 151 (us) 647.908
Loop 152 (us) 648.033
Loop 153 (us) 648.937
Loop 154 (us) 648.078
Loop 155 (us) 648.035
Loop 156 (us) 648.431
Loop 157 (us) 648.141
Loop 158 (us) 648.061
Loop 159 (us) 648.437
Loop 160 (us) 648.05
Loop 161 (us) 648.252
Loop 162 (us) 649.033
Loop 163 (us) 647.958
Loop 164 (us) 648.998
Loop 165 (us) 648.811
Loop 166 (us) 648.025
Loop 167 (us) 648.221
Loop 168 (us) 648.015
Loop 169 (us) 648.02
Loop 170 (us) 648.033
Loop 171 (us) 647.874
Loop 172 (us) 648.231
Loop 173 (us) 648.374
Loop 174 (us) 648.213
Loop 175 (us) 648.233
Loop 176 (us) 650.123
Loop 177 (us) 647.891
Loop 178 (us) 648.384
Loop 179 (us) 647.959
Loop 180 (us) 647.95
Loop 181 (us) 648.63
Loop 182 (us) 648.056
Loop 183 (us) 647.933
Loop 184 (us) 648.677
Loop 185 (us) 648.106
Loop 186 (us) 647.995
Loop 187 (us) 648.18
Loop 188 (us) 648.055
Loop 189 (us) 648.405
Loop 190 (us) 648.263
Loop 191 (us) 648.059
Loop 192 (us) 648.413
Loop 193 (us) 648.253
Loop 194 (us) 650.02
Loop 195 (us) 648.277
Loop 196 (us) 648.058
Loop 197 (us) 647.946
Loop 198 (us) 648.167
Loop 199 (us) 648.121
Loop 200 (us) 648.655
Loop 201 (us) 647.919
Loop 202 (us) 647.998
Loop 203 (us) 647.89
Loop 204 (us) 648.145
Loop 205 (us) 648.218
Loop 206 (us) 648.412
Loop 207 (us) 648.721
Loop 208 (us) 647.949
Loop 209 (us) 648.083
Loop 210 (us) 648.274
Loop 211 (us) 648.719
Loop 212 (us) 648.248
Loop 213 (us) 648.263
Loop 214 (us) 647.96
Loop 215 (us) 648.183
Loop 216 (us) 648.296
Loop 217 (us) 648.178
Loop 218 (us) 649.663
Loop 219 (us) 649.638
Loop 220 (us) 648.017
Loop 221 (us) 648.061
Loop 222 (us) 656.98
Loop 223 (us) 648.196
Loop 224 (us) 648.843
Loop 225 (us) 647.983
Loop 226 (us) 648.23
Loop 227 (us) 647.986
Loop 228 (us) 647.878
Loop 229 (us) 648.094
Loop 230 (us) 648.108
Loop 231 (us) 647.942
Loop 232 (us) 648.238
Loop 233 (us) 648.068
Loop 234 (us) 648.109
Loop 235 (us) 648.032
Loop 236 (us) 648.957
Loop 237 (us) 647.978
Loop 238 (us) 648.982
Loop 239 (us) 648.171
Loop 240 (us) 656.449
Loop 241 (us) 649.53
Loop 242 (us) 654.81
Loop 243 (us) 648.041
Loop 244 (us) 648.146
Loop 245 (us) 648.405
Loop 246 (us) 648.058
Loop 247 (us) 648.142
Loop 248 (us) 648.179
Loop 249 (us) 648.055
Loop 250 (us) 648.174
Loop 251 (us) 648.225
Loop 252 (us) 647.976
Loop 253 (us) 648.239
Loop 254 (us) 647.896
Loop 255 (us) 648.068
Loop 256 (us) 649.026
Loop 257 (us) 648.086
Loop 258 (us) 648.055
Loop 259 (us) 648.155
Loop 260 (us) 648.091
Loop 261 (us) 648.059
Loop 262 (us) 648.139
Loop 263 (us) 648.479
Loop 264 (us) 648.142
Loop 265 (us) 648.122
Loop 266 (us) 648.274
Loop 267 (us) 648.691
Loop 268 (us) 648.285
Loop 269 (us) 648.165
Loop 270 (us) 648.401
Loop 271 (us) 648.157
Loop 272 (us) 648.211
Loop 273 (us) 648.378
Loop 274 (us) 648.144
Loop 275 (us) 648.25
Loop 276 (us) 648.288
Loop 277 (us) 648.135
Loop 278 (us) 649.114
Loop 279 (us) 648.572
Loop 280 (us) 648.005
Loop 281 (us) 661.591
Loop 282 (us) 648.739
Loop 283 (us) 657.221
Loop 284 (us) 648.509
Loop 285 (us) 647.906
Loop 286 (us) 648.157
Loop 287 (us) 648.211
Loop 288 (us) 648.067
Loop 289 (us) 648.207
Loop 290 (us) 648.872
Loop 291 (us) 647.934
Loop 292 (us) 649.094
Loop 293 (us) 648.03
Loop 294 (us) 647.775
Loop 295 (us) 648.28
Loop 296 (us) 648.117
Loop 297 (us) 647.891
Loop 298 (us) 653.244
Loop 299 (us) 649.511
Loop 300 (us) 647.957
Loop 301 (us) 648.298
Loop 302 (us) 648.022
Loop 303 (us) 648.343
Loop 304 (us) 648.292
Loop 305 (us) 648.045
Loop 306 (us) 648.476
Loop 307 (us) 648.837
Loop 308 (us) 647.987
Loop 309 (us) 648.247
Loop 310 (us) 648.265
Loop 311 (us) 648.301
Loop 312 (us) 649.761
Loop 313 (us) 647.788
Loop 314 (us) 648.592
Loop 315 (us) 647.946
Loop 316 (us) 648.579
Loop 317 (us) 647.785
Loop 318 (us) 648.149
Loop 319 (us) 648.132
Loop 320 (us) 648.032
Loop 321 (us) 648.728
Loop 322 (us) 648.661
Loop 323 (us) 647.972
Loop 324 (us) 647.942
Loop 325 (us) 648.19
Loop 326 (us) 648.092
Loop 327 (us) 648.259
Loop 328 (us) 647.962
Loop 329 (us) 648.332
Loop 330 (us) 648.952
Loop 331 (us) 648.303
Loop 332 (us) 648.095
Loop 333 (us) 648.089
Loop 334 (us) 648.034
Loop 335 (us) 648.26
Loop 336 (us) 648.316
Loop 337 (us) 647.971
Loop 338 (us) 663.446
Loop 339 (us) 648.923
Loop 340 (us) 649.068
Loop 341 (us) 660.632
Loop 342 (us) 648.392
Loop 343 (us) 659.645
Loop 344 (us) 657.784
Loop 345 (us) 655.938
Loop 346 (us) 664.796
Loop 347 (us) 648.814
Loop 348 (us) 648.07
Loop 349 (us) 647.791
Loop 350 (us) 647.961
Loop 351 (us) 648.722
Loop 352 (us) 648.537
Loop 353 (us) 648.05
Loop 354 (us) 649.182
Loop 355 (us) 648.077
Loop 356 (us) 648.936
Loop 357 (us) 647.45
Loop 358 (us) 648.534
Loop 359 (us) 648.04
Loop 360 (us) 647.813
Loop 361 (us) 648.053
Loop 362 (us) 648.128
Loop 363 (us) 647.698
Loop 364 (us) 647.706
Loop 365 (us) 648.232
Loop 366 (us) 647.666
Loop 367 (us) 647.662
Loop 368 (us) 648.17
Loop 369 (us) 647.733
Loop 370 (us) 647.709
Loop 371 (us) 647.516
Loop 372 (us) 647.855
Loop 373 (us) 647.971
Loop 374 (us) 647.657
Loop 375 (us) 648.107
Loop 376 (us) 649.139
Loop 377 (us) 648.429
Loop 378 (us) 648.459
Loop 379 (us) 658.39
Loop 380 (us) 648.082
Loop 381 (us) 671.938
Loop 382 (us) 651.907
Loop 383 (us) 647.978
Loop 384 (us) 649.55
Loop 385 (us) 649.632
Loop 386 (us) 648.085
Loop 387 (us) 647.976
Loop 388 (us) 647.443
Loop 389 (us) 647.784
Loop 390 (us) 653.118
Loop 391 (us) 647.563
Loop 392 (us) 648.141
Loop 393 (us) 647.94
Loop 394 (us) 647.435
Loop 395 (us) 647.654
Loop 396 (us) 647.692
Loop 397 (us) 647.791
Loop 398 (us) 648.452
Loop 399 (us) 647.768
Loop 400 (us) 648.027
Loop 401 (us) 648.348
Loop 402 (us) 647.664
Loop 403 (us) 647.433
Loop 404 (us) 648.602
Loop 405 (us) 647.388
Loop 406 (us) 647.711
Loop 407 (us) 648.198
Loop 408 (us) 648.132
Loop 409 (us) 647.988
Loop 410 (us) 647.685
Loop 411 (us) 647.371
Loop 412 (us) 648.235
Loop 413 (us) 647.416
Loop 414 (us) 647.593
Loop 415 (us) 648.237
Loop 416 (us) 647.784
Loop 417 (us) 647.526
Loop 418 (us) 648.007
Loop 419 (us) 647.606
Loop 420 (us) 647.719
Loop 421 (us) 648.007
Loop 422 (us) 647.442
Loop 423 (us) 647.895
Loop 424 (us) 647.45
Loop 425 (us) 647.612
Loop 426 (us) 647.969
Loop 427 (us) 647.87
Loop 428 (us) 647.869
Loop 429 (us) 648.467
Loop 430 (us) 674.137
Loop 431 (us) 648.404
Loop 432 (us) 648.013
Loop 433 (us) 647.746
Loop 434 (us) 647.68
Loop 435 (us) 647.943
Loop 436 (us) 647.752
Loop 437 (us) 647.712
Loop 438 (us) 648.455
Loop 439 (us) 647.665
Loop 440 (us) 647.481
Loop 441 (us) 647.877
Loop 442 (us) 647.386
Loop 443 (us) 647.697
Loop 444 (us) 647.507
Loop 445 (us) 647.578
Loop 446 (us) 648.096
Loop 447 (us) 648.039
Loop 448 (us) 648.089
Loop 449 (us) 647.938
Loop 450 (us) 647.999
Loop 451 (us) 647.585
Loop 452 (us) 647.553
Loop 453 (us) 647.545
Loop 454 (us) 647.417
Loop 455 (us) 647.854
Loop 456 (us) 647.563
Loop 457 (us) 647.362
Loop 458 (us) 647.716
Loop 459 (us) 648.736
Loop 460 (us) 648.402
Loop 461 (us) 647.86
Loop 462 (us) 647.708
Loop 463 (us) 647.931
Loop 464 (us) 647.598
Loop 465 (us) 648.128
Loop 466 (us) 647.971
Loop 467 (us) 647.487
Loop 468 (us) 647.393
Loop 469 (us) 647.642
Loop 470 (us) 648.442
Loop 471 (us) 647.504
Loop 472 (us) 647.5
Loop 473 (us) 647.621
Loop 474 (us) 647.597
Loop 475 (us) 647.672
Loop 476 (us) 650.6
Loop 477 (us) 647.802
Loop 478 (us) 648.914
Loop 479 (us) 648.059
Loop 480 (us) 648.901
Loop 481 (us) 647.787
Loop 482 (us) 647.843
Loop 483 (us) 647.841
Loop 484 (us) 648.092
Loop 485 (us) 647.494
Loop 486 (us) 661.701
Loop 487 (us) 647.375
Loop 488 (us) 646.986
Loop 489 (us) 647.271
Loop 490 (us) 647.813
Loop 491 (us) 647.015
Loop 492 (us) 647.031
Loop 493 (us) 647.149
Loop 494 (us) 646.887
Loop 495 (us) 647.069
Loop 496 (us) 647.95
Loop 497 (us) 647.36
Loop 498 (us) 647.213
Loop 499 (us) 647.41
Loop 500 (us) 647.057
Loop 501 (us) 647.182
Loop 502 (us) 647.335
Loop 503 (us) 647.475
Loop 504 (us) 647.854
Loop 505 (us) 647.622
Loop 506 (us) 647.703
Loop 507 (us) 647.235
Loop 508 (us) 646.861
Loop 509 (us) 647.05
Loop 510 (us) 647.127
Loop 511 (us) 647.093
Loop 512 (us) 648.128
Loop 513 (us) 647.084
Loop 514 (us) 647.553
Loop 515 (us) 647.115
Loop 516 (us) 647.046
Loop 517 (us) 647.455
Loop 518 (us) 647.142
Loop 519 (us) 647.346
Loop 520 (us) 647.816
Loop 521 (us) 647.095
Loop 522 (us) 647.37
Loop 523 (us) 646.965
Loop 524 (us) 647.018
Loop 525 (us) 646.922
Loop 526 (us) 647.636
Loop 527 (us) 647.165
Loop 528 (us) 647.347
Loop 529 (us) 647.234
Loop 530 (us) 647.072
Loop 531 (us) 646.939
Loop 532 (us) 647.219
Loop 533 (us) 647.28
Loop 534 (us) 647.148
Loop 535 (us) 647.725
Loop 536 (us) 646.983
Loop 537 (us) 647.33
Loop 538 (us) 646.932
Loop 539 (us) 647.071
Loop 540 (us) 647.198
Loop 541 (us) 646.933
Loop 542 (us) 646.975
Loop 543 (us) 947.285
Loop 544 (us) 647.18
Loop 545 (us) 647.468
Loop 546 (us) 647.283
Loop 547 (us) 647.912
Loop 548 (us) 646.978
Loop 549 (us) 647.368
Loop 550 (us) 647.128
Loop 551 (us) 646.905
Loop 552 (us) 646.923
Loop 553 (us) 647.4
Loop 554 (us) 647.347
Loop 555 (us) 647.304
Loop 556 (us) 647.677
Loop 557 (us) 646.954
Loop 558 (us) 647.405
Loop 559 (us) 647.452
Loop 560 (us) 647.791
Loop 561 (us) 647.611
Loop 562 (us) 647.124
Loop 563 (us) 647.23
Loop 564 (us) 647.15
Loop 565 (us) 646.854
Loop 566 (us) 647.507
Loop 567 (us) 647.096
Loop 568 (us) 646.917
Loop 569 (us) 647.961
Loop 570 (us) 647.373
Loop 571 (us) 647.053
Loop 572 (us) 647.08
Loop 573 (us) 647.126
Loop 574 (us) 653.1
Loop 575 (us) 647.177
Loop 576 (us) 646.879
Loop 577 (us) 647.349
Loop 578 (us) 647.477
Loop 579 (us) 646.989
Loop 580 (us) 647.507
Loop 581 (us) 647.384
Loop 582 (us) 646.877
Loop 583 (us) 647.361
Loop 584 (us) 648.008
Loop 585 (us) 646.859
Loop 586 (us) 647.432
Loop 587 (us) 647.154
Loop 588 (us) 647.203
Loop 589 (us) 647.072
Loop 590 (us) 646.944
Loop 591 (us) 646.851
Loop 592 (us) 647.957
Loop 593 (us) 647.004
Loop 594 (us) 671.196
Loop 595 (us) 654.324
Loop 596 (us) 648.619
Loop 597 (us) 656.006
Loop 598 (us) 647.681
Loop 599 (us) 647.732
Loop 600 (us) 684.622
Loop 601 (us) 656.275
Loop 602 (us) 648.697
Loop 603 (us) 648.035
Loop 604 (us) 647.707
Loop 605 (us) 647.332
Loop 606 (us) 648.18
Loop 607 (us) 647.917
Loop 608 (us) 653.494
Loop 609 (us) 647.563
Loop 610 (us) 658.159
Loop 611 (us) 650.058
Loop 612 (us) 647.047
Loop 613 (us) 647.511
Loop 614 (us) 646.964
Loop 615 (us) 648.069
Loop 616 (us) 646.664
Loop 617 (us) 647.222
Loop 618 (us) 647.56
Loop 619 (us) 646.716
Loop 620 (us) 647.075
Loop 621 (us) 646.886
Loop 622 (us) 647.199
Loop 623 (us) 647.044
Loop 624 (us) 646.709
Loop 625 (us) 652.042
Loop 626 (us) 647.767
Loop 627 (us) 646.995
Loop 628 (us) 648.278
Loop 629 (us) 647.168
Loop 630 (us) 646.811
Loop 631 (us) 653.117
Loop 632 (us) 647.021
Loop 633 (us) 646.665
Loop 634 (us) 652.257
Loop 635 (us) 647.046
Loop 636 (us) 647.074
Loop 637 (us) 646.945
Loop 638 (us) 646.989
Loop 639 (us) 647.432
Loop 640 (us) 646.448
Loop 641 (us) 647.545
Loop 642 (us) 646.935
Loop 643 (us) 646.638
Loop 644 (us) 647.173
Loop 645 (us) 647.953
Loop 646 (us) 647.082
Loop 647 (us) 646.665
Loop 648 (us) 646.543
Loop 649 (us) 646.633
Loop 650 (us) 646.981
Loop 651 (us) 646.472
Loop 652 (us) 646.628
Loop 653 (us) 646.747
Loop 654 (us) 655.853
Loop 655 (us) 647.811
Loop 656 (us) 646.968
Loop 657 (us) 646.88
Loop 658 (us) 646.569
Loop 659 (us) 646.556
Loop 660 (us) 646.87
Loop 661 (us) 647.474
Loop 662 (us) 646.881
Loop 663 (us) 648.211
Loop 664 (us) 646.504
Loop 665 (us) 646.435
Loop 666 (us) 646.766
Loop 667 (us) 646.553
Loop 668 (us) 646.465
Loop 669 (us) 646.54
Loop 670 (us) 646.65
Loop 671 (us) 647.193
Loop 672 (us) 646.997
Loop 673 (us) 646.534
Loop 674 (us) 646.47
Loop 675 (us) 646.784
Loop 676 (us) 646.504
Loop 677 (us) 647.531
Loop 678 (us) 647.367
Loop 679 (us) 646.538
Loop 680 (us) 646.678
Loop 681 (us) 647.074
Loop 682 (us) 646.925
Loop 683 (us) 647.429
Loop 684 (us) 646.572
Loop 685 (us) 646.667
Loop 686 (us) 646.94
Loop 687 (us) 646.884
Loop 688 (us) 646.486
Loop 689 (us) 646.796
Loop 690 (us) 646.64
Loop 691 (us) 647.524
Loop 692 (us) 648.081
Loop 693 (us) 646.896
Loop 694 (us) 646.84
Loop 695 (us) 646.533
Loop 696 (us) 646.807
Loop 697 (us) 646.784
Loop 698 (us) 646.499
Loop 699 (us) 646.529
Loop 700 (us) 646.538
Loop 701 (us) 646.945
Loop 702 (us) 646.927
Loop 703 (us) 646.606
Loop 704 (us) 646.547
Loop 705 (us) 647.149
Loop 706 (us) 647.464
Loop 707 (us) 646.973
Loop 708 (us) 646.85
Loop 709 (us) 646.548
Loop 710 (us) 646.75
Loop 711 (us) 646.856
Loop 712 (us) 646.954
Loop 713 (us) 646.492
Loop 714 (us) 647.006
Loop 715 (us) 646.547
Loop 716 (us) 646.574
Loop 717 (us) 646.559
Loop 718 (us) 646.561
Loop 719 (us) 646.861
Loop 720 (us) 646.99
Loop 721 (us) 647.345
Loop 722 (us) 646.61
Loop 723 (us) 648.06
Loop 724 (us) 646.952
Loop 725 (us) 646.506
Loop 726 (us) 646.97
Loop 727 (us) 646.649
Loop 728 (us) 646.674
Loop 729 (us) 646.556
Loop 730 (us) 646.842
Loop 731 (us) 646.978
Loop 732 (us) 646.924
Loop 733 (us) 646.464
Loop 734 (us) 647.034
Loop 735 (us) 647.386
Loop 736 (us) 646.848
Loop 737 (us) 646.546
Loop 738 (us) 646.627
Loop 739 (us) 649.375
Loop 740 (us) 646.909
Loop 741 (us) 646.747
Loop 742 (us) 646.741
Loop 743 (us) 646.953
Loop 744 (us) 646.548
Loop 745 (us) 646.632
Loop 746 (us) 646.575
Loop 747 (us) 646.664
Loop 748 (us) 647.012
Loop 749 (us) 646.54
Loop 750 (us) 646.912
Loop 751 (us) 646.883
Loop 752 (us) 646.992
Loop 753 (us) 646.524
Loop 754 (us) 647.61
Loop 755 (us) 646.962
Loop 756 (us) 646.486
Loop 757 (us) 646.965
Loop 758 (us) 647.365
Loop 759 (us) 646.938
Loop 760 (us) 646.505
Loop 761 (us) 646.457
Loop 762 (us) 646.84
Loop 763 (us) 646.584
Loop 764 (us) 646.57
Loop 765 (us) 647.498
Loop 766 (us) 647.386
Loop 767 (us) 647.5
Loop 768 (us) 646.811
Loop 769 (us) 646.557
Loop 770 (us) 646.578
Loop 771 (us) 647.546
Loop 772 (us) 647.003
Loop 773 (us) 646.866
Loop 774 (us) 646.669
Loop 775 (us) 647.421
Loop 776 (us) 646.834
Loop 777 (us) 647.416
Loop 778 (us) 646.669
Loop 779 (us) 646.448
Loop 780 (us) 646.606
Loop 781 (us) 646.963
Loop 782 (us) 646.97
Loop 783 (us) 648.466
Loop 784 (us) 647.279
Loop 785 (us) 646.807
Loop 786 (us) 647.008
Loop 787 (us) 647.344
Loop 788 (us) 647.43
Loop 789 (us) 646.505
Loop 790 (us) 646.916
Loop 791 (us) 647.517
Loop 792 (us) 646.565
Loop 793 (us) 646.503
Loop 794 (us) 646.621
Loop 795 (us) 646.7
Loop 796 (us) 646.521
Loop 797 (us) 646.477
Loop 798 (us) 647.444
Loop 799 (us) 646.828
Loop 800 (us) 646.758
Loop 801 (us) 646.525
Loop 802 (us) 646.624
Loop 803 (us) 646.573
Loop 804 (us) 646.811
Loop 805 (us) 647.562
Loop 806 (us) 648.07
Loop 807 (us) 646.426
Loop 808 (us) 646.517
Loop 809 (us) 646.719
Loop 810 (us) 646.634
Loop 811 (us) 646.568
Loop 812 (us) 646.618
Loop 813 (us) 646.991
Loop 814 (us) 646.83
Loop 815 (us) 650.021
Loop 816 (us) 646.803
Loop 817 (us) 646.609
Loop 818 (us) 646.517
Loop 819 (us) 646.698
Loop 820 (us) 647.053
Loop 821 (us) 647.741
Loop 822 (us) 940.661
Loop 823 (us) 646.881
Loop 824 (us) 647.029
Loop 825 (us) 647.52
Loop 826 (us) 646.862
Loop 827 (us) 647.393
Loop 828 (us) 646.691
Loop 829 (us) 646.485
Loop 830 (us) 647.103
Loop 831 (us) 646.458
Loop 832 (us) 647.919
Loop 833 (us) 646.584
Loop 834 (us) 647.083
Loop 835 (us) 646.753
Loop 836 (us) 646.962
Loop 837 (us) 646.535
Loop 838 (us) 646.635
Loop 839 (us) 646.466
Loop 840 (us) 658.554
Loop 841 (us) 648.03
Loop 842 (us) 646.406
Loop 843 (us) 647.116
Loop 844 (us) 646.381
Loop 845 (us) 646.367
Loop 846 (us) 646.813
Loop 847 (us) 646.622
Loop 848 (us) 647.22
Loop 849 (us) 646.505
Loop 850 (us) 646.438
Loop 851 (us) 646.399
Loop 852 (us) 646.604
Loop 853 (us) 646.411
Loop 854 (us) 646.786
Loop 855 (us) 646.379
Loop 856 (us) 647.508
Loop 857 (us) 646.827
Loop 858 (us) 646.737
Loop 859 (us) 646.371
Loop 860 (us) 646.389
Loop 861 (us) 647.335
Loop 862 (us) 646.856
Loop 863 (us) 646.719
Loop 864 (us) 646.539
Loop 865 (us) 646.532
Loop 866 (us) 646.424
Loop 867 (us) 646.678
Loop 868 (us) 646.363
Loop 869 (us) 646.668
Loop 870 (us) 646.48
Loop 871 (us) 646.431
Loop 872 (us) 646.82
Loop 873 (us) 647.156
Loop 874 (us) 646.636
Loop 875 (us) 647.199
Loop 876 (us) 646.32
Loop 877 (us) 646.437
Loop 878 (us) 646.584
Loop 879 (us) 647.218
Loop 880 (us) 648.02
Loop 881 (us) 646.52
Loop 882 (us) 647.314
Loop 883 (us) 646.354
Loop 884 (us) 646.599
Loop 885 (us) 647.328
Loop 886 (us) 646.383
Loop 887 (us) 646.328
Loop 888 (us) 646.628
Loop 889 (us) 646.842
Loop 890 (us) 646.869
Loop 891 (us) 646.416
Loop 892 (us) 646.359
Loop 893 (us) 646.447
Loop 894 (us) 646.744
Loop 895 (us) 646.443
Loop 896 (us) 646.345
Loop 897 (us) 646.913
Loop 898 (us) 646.341
Loop 899 (us) 646.553
Loop 900 (us) 646.58
Loop 901 (us) 646.532
Loop 902 (us) 646.398
Loop 903 (us) 647.212
Loop 904 (us) 646.406
Loop 905 (us) 646.517
Loop 906 (us) 646.516
Loop 907 (us) 646.418
Loop 908 (us) 646.37
Loop 909 (us) 647.201
Loop 910 (us) 647.506
Loop 911 (us) 646.75
Loop 912 (us) 646.785
Loop 913 (us) 646.365
Loop 914 (us) 646.795
Loop 915 (us) 646.979
Loop 916 (us) 647.293
Loop 917 (us) 646.366
Loop 918 (us) 646.33
Loop 919 (us) 647.564
Loop 920 (us) 646.804
Loop 921 (us) 646.414
Loop 922 (us) 646.5
Loop 923 (us) 646.387
Loop 924 (us) 646.536
Loop 925 (us) 646.304
Loop 926 (us) 646.838
Loop 927 (us) 646.749
Loop 928 (us) 648.24
Loop 929 (us) 646.914
Loop 930 (us) 646.859
Loop 931 (us) 646.538
Loop 932 (us) 646.351
Loop 933 (us) 646.385
Loop 934 (us) 646.528
Loop 935 (us) 647.28
Loop 936 (us) 646.355
Loop 937 (us) 646.399
Loop 938 (us) 646.628
Loop 939 (us) 646.389
Loop 940 (us) 646.841
Loop 941 (us) 646.768
Loop 942 (us) 647.581
Loop 943 (us) 646.603
Loop 944 (us) 646.722
Loop 945 (us) 646.512
Loop 946 (us) 646.806
Loop 947 (us) 646.871
Loop 948 (us) 646.633
Loop 949 (us) 646.735
Loop 950 (us) 646.721
Loop 951 (us) 646.385
Loop 952 (us) 647.558
Loop 953 (us) 646.631
Loop 954 (us) 647.168
Loop 955 (us) 646.727
Loop 956 (us) 646.824
Loop 957 (us) 646.607
Loop 958 (us) 646.319
Loop 959 (us) 646.783
Loop 960 (us) 647.154
Loop 961 (us) 646.276
Loop 962 (us) 646.636
Loop 963 (us) 646.393
Loop 964 (us) 646.743
Loop 965 (us) 647.17
Loop 966 (us) 647.438
Loop 967 (us) 646.633
Loop 968 (us) 646.72
Loop 969 (us) 646.497
Loop 970 (us) 646.711
Loop 971 (us) 646.648
Loop 972 (us) 646.343
Loop 973 (us) 646.77
Loop 974 (us) 647.171
Loop 975 (us) 646.694
Loop 976 (us) 647.398
Loop 977 (us) 646.366
Loop 978 (us) 646.4
Loop 979 (us) 647.219
Loop 980 (us) 646.407
Loop 981 (us) 646.878
Loop 982 (us) 646.42
Loop 983 (us) 646.697
Loop 984 (us) 646.385
Loop 985 (us) 646.649
Loop 986 (us) 646.344
Loop 987 (us) 646.769
Loop 988 (us) 646.349
Loop 989 (us) 646.548
Loop 990 (us) 646.775
Loop 991 (us) 647.23
Loop 992 (us) 647.259
Loop 993 (us) 646.627
Loop 994 (us) 647.427
Loop 995 (us) 646.577
Loop 996 (us) 646.701
Loop 997 (us) 646.355
Loop 998 (us) 646.718
Loop 999 (us) 646.642
Warmup times 0
avgLoopLatency(us) 648.556875
iops 1541.8848192766438
variance 13.473335030398925
