recoveryErasureCoding, filename /tmp262144eccache.dat, loop 1000
MicroEC Coding Ready

/tmp262144eccache.dat is a ReplicasFile!
starting benchmark...
ops 1000
final loop (us) 140.902
Loop 0 (us) 151.672
Loop 1 (us) 155.384
Loop 2 (us) 140.935
Loop 3 (us) 161.242
Loop 4 (us) 145.029
Loop 5 (us) 144.511
Loop 6 (us) 145.286
Loop 7 (us) 152.861
Loop 8 (us) 149.788
Loop 9 (us) 139.568
Loop 10 (us) 129.643
Loop 11 (us) 117.355
Loop 12 (us) 115.724
Loop 13 (us) 149.536
Loop 14 (us) 143.644
Loop 15 (us) 131.323
Loop 16 (us) 140.442
Loop 17 (us) 142.717
Loop 18 (us) 139.178
Loop 19 (us) 129.165
Loop 20 (us) 129.733
Loop 21 (us) 148.675
Loop 22 (us) 140.038
Loop 23 (us) 124.341
Loop 24 (us) 147.836
Loop 25 (us) 139.49
Loop 26 (us) 151.142
Loop 27 (us) 140.1
Loop 28 (us) 149.721
Loop 29 (us) 146.5
Loop 30 (us) 139.397
Loop 31 (us) 150.409
Loop 32 (us) 131.636
Loop 33 (us) 137.768
Loop 34 (us) 152.258
Loop 35 (us) 140.056
Loop 36 (us) 132.507
Loop 37 (us) 127.775
Loop 38 (us) 151.92
Loop 39 (us) 133.411
Loop 40 (us) 140.353
Loop 41 (us) 141.977
Loop 42 (us) 141.055
Loop 43 (us) 121.693
Loop 44 (us) 115.945
Loop 45 (us) 115.259
Loop 46 (us) 148.1
Loop 47 (us) 143.305
Loop 48 (us) 140.775
Loop 49 (us) 129.289
Loop 50 (us) 117.783
Loop 51 (us) 125.467
Loop 52 (us) 127.623
Loop 53 (us) 127.313
Loop 54 (us) 127.649
Loop 55 (us) 127.548
Loop 56 (us) 151.074
Loop 57 (us) 132.258
Loop 58 (us) 146.653
Loop 59 (us) 139.713
Loop 60 (us) 117.939
Loop 61 (us) 126.412
Loop 62 (us) 127.793
Loop 63 (us) 149.362
Loop 64 (us) 138.981
Loop 65 (us) 128.144
Loop 66 (us) 140.108
Loop 67 (us) 150.717
Loop 68 (us) 132.061
Loop 69 (us) 158.561
Loop 70 (us) 133.313
Loop 71 (us) 142.402
Loop 72 (us) 143.543
Loop 73 (us) 165.027
Loop 74 (us) 144.405
Loop 75 (us) 127.564
Loop 76 (us) 117.554
Loop 77 (us) 147.541
Loop 78 (us) 131.891
Loop 79 (us) 141.258
Loop 80 (us) 128.386
Loop 81 (us) 126.258
Loop 82 (us) 149.767
Loop 83 (us) 139.005
Loop 84 (us) 147.43
Loop 85 (us) 129.912
Loop 86 (us) 139.034
Loop 87 (us) 145.437
Loop 88 (us) 149.121
Loop 89 (us) 149.865
Loop 90 (us) 118.47
Loop 91 (us) 126.529
Loop 92 (us) 127.228
Loop 93 (us) 147.849
Loop 94 (us) 131.995
Loop 95 (us) 142.27
Loop 96 (us) 141.314
Loop 97 (us) 147.34
Loop 98 (us) 137.461
Loop 99 (us) 128.977
Loop 100 (us) 117.928
Loop 101 (us) 151.192
Loop 102 (us) 144.43
Loop 103 (us) 140.144
Loop 104 (us) 174.347
Loop 105 (us) 132.845
Loop 106 (us) 140.949
Loop 107 (us) 142.177
Loop 108 (us) 3339.739
Loop 109 (us) 205.027
Loop 110 (us) 140.103
Loop 111 (us) 191.208
Loop 112 (us) 181.526
Loop 113 (us) 133.223
Loop 114 (us) 117.548
Loop 115 (us) 148.01
Loop 116 (us) 130.561
Loop 117 (us) 145.603
Loop 118 (us) 139.098
Loop 119 (us) 128.139
Loop 120 (us) 149.301
Loop 121 (us) 141.243
Loop 122 (us) 129.424
Loop 123 (us) 135.738
Loop 124 (us) 116.593
Loop 125 (us) 145.734
Loop 126 (us) 129.916
Loop 127 (us) 135.821
Loop 128 (us) 147.537
Loop 129 (us) 142.526
Loop 130 (us) 128.446
Loop 131 (us) 148.022
Loop 132 (us) 143.154
Loop 133 (us) 137.589
Loop 134 (us) 127.388
Loop 135 (us) 125.975
Loop 136 (us) 148.685
Loop 137 (us) 139.088
Loop 138 (us) 126.214
Loop 139 (us) 125.554
Loop 140 (us) 148.952
Loop 141 (us) 138.971
Loop 142 (us) 138.752
Loop 143 (us) 131.191
Loop 144 (us) 134.752
Loop 145 (us) 148.924
Loop 146 (us) 137.329
Loop 147 (us) 116.59
Loop 148 (us) 114.27
Loop 149 (us) 145.688
Loop 150 (us) 141.144
Loop 151 (us) 145.686
Loop 152 (us) 126.469
Loop 153 (us) 150.339
Loop 154 (us) 137.962
Loop 155 (us) 126.991
Loop 156 (us) 125.93
Loop 157 (us) 147.058
Loop 158 (us) 131.634
Loop 159 (us) 139.153
Loop 160 (us) 136.556
Loop 161 (us) 126.961
Loop 162 (us) 147.534
Loop 163 (us) 145.447
Loop 164 (us) 137.968
Loop 165 (us) 148.368
Loop 166 (us) 138.812
Loop 167 (us) 147.192
Loop 168 (us) 138.852
Loop 169 (us) 148.772
Loop 170 (us) 140.438
Loop 171 (us) 137.363
Loop 172 (us) 127.224
Loop 173 (us) 145.731
Loop 174 (us) 141.218
Loop 175 (us) 128.432
Loop 176 (us) 135.149
Loop 177 (us) 158.798
Loop 178 (us) 139.419
Loop 179 (us) 148.591
Loop 180 (us) 137.986
Loop 181 (us) 147.21
Loop 182 (us) 137.191
Loop 183 (us) 127.607
Loop 184 (us) 151.598
Loop 185 (us) 141.173
Loop 186 (us) 142.163
Loop 187 (us) 129.673
Loop 188 (us) 129.079
Loop 189 (us) 135.152
Loop 190 (us) 127.523
Loop 191 (us) 154.414
Loop 192 (us) 131.242
Loop 193 (us) 135.083
Loop 194 (us) 126.236
Loop 195 (us) 148.796
Loop 196 (us) 130.612
Loop 197 (us) 136.86
Loop 198 (us) 129.685
Loop 199 (us) 148.62
Loop 200 (us) 137.166
Loop 201 (us) 116.463
Loop 202 (us) 145.759
Loop 203 (us) 131.016
Loop 204 (us) 136.464
Loop 205 (us) 148.883
Loop 206 (us) 140.839
Loop 207 (us) 136.639
Loop 208 (us) 146.998
Loop 209 (us) 129.32
Loop 210 (us) 134.73
Loop 211 (us) 146.991
Loop 212 (us) 131.971
Loop 213 (us) 138.153
Loop 214 (us) 141.661
Loop 215 (us) 148.975
Loop 216 (us) 141.732
Loop 217 (us) 131.426
Loop 218 (us) 135.952
Loop 219 (us) 150.426
Loop 220 (us) 137.374
Loop 221 (us) 148.79
Loop 222 (us) 131.004
Loop 223 (us) 139.797
Loop 224 (us) 141.036
Loop 225 (us) 136.26
Loop 226 (us) 147.371
Loop 227 (us) 142.975
Loop 228 (us) 136.747
Loop 229 (us) 116.636
Loop 230 (us) 146.129
Loop 231 (us) 139.933
Loop 232 (us) 130.265
Loop 233 (us) 136.036
Loop 234 (us) 131.502
Loop 235 (us) 126.836
Loop 236 (us) 147.043
Loop 237 (us) 131.055
Loop 238 (us) 135.763
Loop 239 (us) 148.369
Loop 240 (us) 142.299
Loop 241 (us) 137.961
Loop 242 (us) 117.08
Loop 243 (us) 124.419
Loop 244 (us) 146.231
Loop 245 (us) 137.49
Loop 246 (us) 148.082
Loop 247 (us) 137.915
Loop 248 (us) 127.288
Loop 249 (us) 149.766
Loop 250 (us) 136.992
Loop 251 (us) 146.665
Loop 252 (us) 131.207
Loop 253 (us) 139.23
Loop 254 (us) 139.13
Loop 255 (us) 136.913
Loop 256 (us) 147.676
Loop 257 (us) 137.488
Loop 258 (us) 116.909
Loop 259 (us) 144.892
Loop 260 (us) 142.215
Loop 261 (us) 137.713
Loop 262 (us) 116.949
Loop 263 (us) 129.268
Loop 264 (us) 127.126
Loop 265 (us) 115.99
Loop 266 (us) 145.597
Loop 267 (us) 137.401
Loop 268 (us) 117.222
Loop 269 (us) 125.05
Loop 270 (us) 125.487
Loop 271 (us) 152.057
Loop 272 (us) 139.529
Loop 273 (us) 136.885
Loop 274 (us) 148.643
Loop 275 (us) 141.302
Loop 276 (us) 137.567
Loop 277 (us) 126.573
Loop 278 (us) 148.313
Loop 279 (us) 154.338
Loop 280 (us) 140.7
Loop 281 (us) 138.855
Loop 282 (us) 147.078
Loop 283 (us) 130.114
Loop 284 (us) 139.27
Loop 285 (us) 136.607
Loop 286 (us) 126.958
Loop 287 (us) 148.95
Loop 288 (us) 139.049
Loop 289 (us) 116.08
Loop 290 (us) 114.667
Loop 291 (us) 124.441
Loop 292 (us) 117.291
Loop 293 (us) 147.122
Loop 294 (us) 141.258
Loop 295 (us) 136.976
Loop 296 (us) 148.066
Loop 297 (us) 136.235
Loop 298 (us) 127.57
Loop 299 (us) 147.029
Loop 300 (us) 140.724
Loop 301 (us) 131.406
Loop 302 (us) 138.951
Loop 303 (us) 129.254
Loop 304 (us) 136.698
Loop 305 (us) 148.024
Loop 306 (us) 131.563
Loop 307 (us) 138.838
Loop 308 (us) 138.239
Loop 309 (us) 148.982
Loop 310 (us) 136.69
Loop 311 (us) 147.236
Loop 312 (us) 137.933
Loop 313 (us) 149.066
Loop 314 (us) 137.074
Loop 315 (us) 148.499
Loop 316 (us) 137.108
Loop 317 (us) 148.115
Loop 318 (us) 136.929
Loop 319 (us) 146.617
Loop 320 (us) 141.603
Loop 321 (us) 136.284
Loop 322 (us) 126.595
Loop 323 (us) 125.731
Loop 324 (us) 126.218
Loop 325 (us) 125.28
Loop 326 (us) 147.567
Loop 327 (us) 136.561
Loop 328 (us) 155.851
Loop 329 (us) 141.558
Loop 330 (us) 141.328
Loop 331 (us) 139.837
Loop 332 (us) 130.958
Loop 333 (us) 137.606
Loop 334 (us) 140.943
Loop 335 (us) 134.702
Loop 336 (us) 138.829
Loop 337 (us) 139.614
Loop 338 (us) 138.109
Loop 339 (us) 138.209
Loop 340 (us) 116.979
Loop 341 (us) 125.536
Loop 342 (us) 147.732
Loop 343 (us) 148.217
Loop 344 (us) 149.436
Loop 345 (us) 147.947
Loop 346 (us) 138.89
Loop 347 (us) 127.021
Loop 348 (us) 148.175
Loop 349 (us) 141.056
Loop 350 (us) 130.161
Loop 351 (us) 136.271
Loop 352 (us) 127.47
Loop 353 (us) 126.263
Loop 354 (us) 149.07
Loop 355 (us) 142.076
Loop 356 (us) 131.266
Loop 357 (us) 136.603
Loop 358 (us) 148.917
Loop 359 (us) 131.013
Loop 360 (us) 137.802
Loop 361 (us) 116.927
Loop 362 (us) 145.768
Loop 363 (us) 138.918
Loop 364 (us) 150.475
Loop 365 (us) 137.383
Loop 366 (us) 147.852
Loop 367 (us) 137.772
Loop 368 (us) 127.048
Loop 369 (us) 125.919
Loop 370 (us) 147.078
Loop 371 (us) 145.617
Loop 372 (us) 126.472
Loop 373 (us) 117.005
Loop 374 (us) 114.973
Loop 375 (us) 144.319
Loop 376 (us) 137.26
Loop 377 (us) 126.854
Loop 378 (us) 116.598
Loop 379 (us) 126.529
Loop 380 (us) 126.446
Loop 381 (us) 125.627
Loop 382 (us) 126.77
Loop 383 (us) 147.516
Loop 384 (us) 137.202
Loop 385 (us) 148.073
Loop 386 (us) 144.237
Loop 387 (us) 116.974
Loop 388 (us) 125.004
Loop 389 (us) 163.161
Loop 390 (us) 136.864
Loop 391 (us) 147.703
Loop 392 (us) 137.585
Loop 393 (us) 118.121
Loop 394 (us) 145.635
Loop 395 (us) 131.109
Loop 396 (us) 134.946
Loop 397 (us) 125.854
Loop 398 (us) 115.533
Loop 399 (us) 123.863
Loop 400 (us) 145.93
Loop 401 (us) 139.816
Loop 402 (us) 116.368
Loop 403 (us) 124.076
Loop 404 (us) 147.691
Loop 405 (us) 595.564
Loop 406 (us) 130.065
Loop 407 (us) 143.656
Loop 408 (us) 140.934
Loop 409 (us) 136.909
Loop 410 (us) 126.883
Loop 411 (us) 125.944
Loop 412 (us) 119.391
Loop 413 (us) 144.421
Loop 414 (us) 141.007
Loop 415 (us) 136.448
Loop 416 (us) 116.845
Loop 417 (us) 114.636
Loop 418 (us) 146.169
Loop 419 (us) 136.406
Loop 420 (us) 151.735
Loop 421 (us) 136.541
Loop 422 (us) 148.592
Loop 423 (us) 128.952
Loop 424 (us) 139.124
Loop 425 (us) 139.749
Loop 426 (us) 136.812
Loop 427 (us) 130.989
Loop 428 (us) 148.196
Loop 429 (us) 141.273
Loop 430 (us) 136.63
Loop 431 (us) 149.489
Loop 432 (us) 136.718
Loop 433 (us) 148.072
Loop 434 (us) 143.128
Loop 435 (us) 141.005
Loop 436 (us) 136.684
Loop 437 (us) 149.035
Loop 438 (us) 136.906
Loop 439 (us) 127.065
Loop 440 (us) 147.63
Loop 441 (us) 144.241
Loop 442 (us) 136.44
Loop 443 (us) 149.274
Loop 444 (us) 136.503
Loop 445 (us) 126.644
Loop 446 (us) 146.85
Loop 447 (us) 137.254
Loop 448 (us) 119.708
Loop 449 (us) 146.44
Loop 450 (us) 198.182
Loop 451 (us) 151.131
Loop 452 (us) 129.443
Loop 453 (us) 136.126
Loop 454 (us) 127.35
Loop 455 (us) 128.007
Loop 456 (us) 116.344
Loop 457 (us) 115.341
Loop 458 (us) 147.603
Loop 459 (us) 140.504
Loop 460 (us) 138.679
Loop 461 (us) 127.643
Loop 462 (us) 126.128
Loop 463 (us) 140.94
Loop 464 (us) 148.382
Loop 465 (us) 135.516
Loop 466 (us) 127.217
Loop 467 (us) 126.165
Loop 468 (us) 125.812
Loop 469 (us) 147.324
Loop 470 (us) 139.658
Loop 471 (us) 142.852
Loop 472 (us) 146.375
Loop 473 (us) 139.946
Loop 474 (us) 135.947
Loop 475 (us) 125.968
Loop 476 (us) 125.779
Loop 477 (us) 130.871
Loop 478 (us) 126.77
Loop 479 (us) 125.099
Loop 480 (us) 116.029
Loop 481 (us) 146.103
Loop 482 (us) 140.445
Loop 483 (us) 136.897
Loop 484 (us) 126.471
Loop 485 (us) 148.339
Loop 486 (us) 137.075
Loop 487 (us) 126.411
Loop 488 (us) 148.199
Loop 489 (us) 129.846
Loop 490 (us) 138.385
Loop 491 (us) 139.421
Loop 492 (us) 129.024
Loop 493 (us) 134.556
Loop 494 (us) 147.14
Loop 495 (us) 140.371
Loop 496 (us) 129.431
Loop 497 (us) 136.334
Loop 498 (us) 135.912
Loop 499 (us) 129.768
Loop 500 (us) 116.59
Loop 501 (us) 146.748
Loop 502 (us) 140.876
Loop 503 (us) 129.502
Loop 504 (us) 128.982
Loop 505 (us) 136.186
Loop 506 (us) 127.056
Loop 507 (us) 153.163
Loop 508 (us) 130.164
Loop 509 (us) 134.999
Loop 510 (us) 125.93
Loop 511 (us) 147.434
Loop 512 (us) 139.879
Loop 513 (us) 129.658
Loop 514 (us) 127.152
Loop 515 (us) 133.764
Loop 516 (us) 146.505
Loop 517 (us) 136.481
Loop 518 (us) 149.258
Loop 519 (us) 140.932
Loop 520 (us) 138.321
Loop 521 (us) 152.489
Loop 522 (us) 139.348
Loop 523 (us) 136.472
Loop 524 (us) 126.943
Loop 525 (us) 115.314
Loop 526 (us) 145.953
Loop 527 (us) 136.825
Loop 528 (us) 159.153
Loop 529 (us) 135.786
Loop 530 (us) 147.375
Loop 531 (us) 137.973
Loop 532 (us) 149.652
Loop 533 (us) 140.868
Loop 534 (us) 137.055
Loop 535 (us) 156.247
Loop 536 (us) 137.913
Loop 537 (us) 148.25
Loop 538 (us) 141.681
Loop 539 (us) 135.914
Loop 540 (us) 147.058
Loop 541 (us) 135.329
Loop 542 (us) 151.802
Loop 543 (us) 139.223
Loop 544 (us) 136.807
Loop 545 (us) 149.208
Loop 546 (us) 135.734
Loop 547 (us) 126.529
Loop 548 (us) 148.627
Loop 549 (us) 142.033
Loop 550 (us) 130.563
Loop 551 (us) 134.939
Loop 552 (us) 148.336
Loop 553 (us) 135.549
Loop 554 (us) 149.396
Loop 555 (us) 136.832
Loop 556 (us) 128.543
Loop 557 (us) 126.008
Loop 558 (us) 115.793
Loop 559 (us) 147.971
Loop 560 (us) 135.863
Loop 561 (us) 126.635
Loop 562 (us) 116.282
Loop 563 (us) 125.091
Loop 564 (us) 150.82
Loop 565 (us) 135.686
Loop 566 (us) 148.627
Loop 567 (us) 135.311
Loop 568 (us) 147.574
Loop 569 (us) 140.78
Loop 570 (us) 134.556
Loop 571 (us) 153.114
Loop 572 (us) 137.658
Loop 573 (us) 126.541
Loop 574 (us) 147.076
Loop 575 (us) 136.086
Loop 576 (us) 126.488
Loop 577 (us) 147.481
Loop 578 (us) 138.967
Loop 579 (us) 126.875
Loop 580 (us) 147.341
Loop 581 (us) 140.662
Loop 582 (us) 135.697
Loop 583 (us) 148.969
Loop 584 (us) 134.714
Loop 585 (us) 142.985
Loop 586 (us) 126.565
Loop 587 (us) 126.295
Loop 588 (us) 148.019
Loop 589 (us) 141.156
Loop 590 (us) 128.955
Loop 591 (us) 129.36
Loop 592 (us) 134.605
Loop 593 (us) 120.257
Loop 594 (us) 123.787
Loop 595 (us) 147.361
Loop 596 (us) 139.397
Loop 597 (us) 130.362
Loop 598 (us) 135.038
Loop 599 (us) 122.3
Loop 600 (us) 150.532
Loop 601 (us) 137.342
Loop 602 (us) 126.67
Loop 603 (us) 147.317
Loop 604 (us) 135.71
Loop 605 (us) 147.503
Loop 606 (us) 134.988
Loop 607 (us) 157.334
Loop 608 (us) 136.127
Loop 609 (us) 116.98
Loop 610 (us) 146.737
Loop 611 (us) 129.243
Loop 612 (us) 137.524
Loop 613 (us) 139.724
Loop 614 (us) 137.865
Loop 615 (us) 136.772
Loop 616 (us) 126.949
Loop 617 (us) 125.865
Loop 618 (us) 115.974
Loop 619 (us) 145.454
Loop 620 (us) 135.81
Loop 621 (us) 126.517
Loop 622 (us) 128.742
Loop 623 (us) 116.014
Loop 624 (us) 145.29
Loop 625 (us) 136.29
Loop 626 (us) 126.746
Loop 627 (us) 115.774
Loop 628 (us) 145.496
Loop 629 (us) 141.557
Loop 630 (us) 136.669
Loop 631 (us) 126.452
Loop 632 (us) 149.757
Loop 633 (us) 136.794
Loop 634 (us) 117.162
Loop 635 (us) 145.866
Loop 636 (us) 136.815
Loop 637 (us) 146.889
Loop 638 (us) 138.142
Loop 639 (us) 139.726
Loop 640 (us) 135.045
Loop 641 (us) 126.347
Loop 642 (us) 146.686
Loop 643 (us) 138.347
Loop 644 (us) 142.296
Loop 645 (us) 141.234
Loop 646 (us) 147.993
Loop 647 (us) 136.734
Loop 648 (us) 147.784
Loop 649 (us) 136.792
Loop 650 (us) 149.453
Loop 651 (us) 137.57
Loop 652 (us) 148.209
Loop 653 (us) 139.6
Loop 654 (us) 142.029
Loop 655 (us) 129.622
Loop 656 (us) 135.385
Loop 657 (us) 148.019
Loop 658 (us) 138.956
Loop 659 (us) 148.09
Loop 660 (us) 137.241
Loop 661 (us) 148.74
Loop 662 (us) 135.484
Loop 663 (us) 133.87
Loop 664 (us) 148.693
Loop 665 (us) 140.071
Loop 666 (us) 148.346
Loop 667 (us) 136.883
Loop 668 (us) 127.236
Loop 669 (us) 145.888
Loop 670 (us) 136.922
Loop 671 (us) 147.454
Loop 672 (us) 145.268
Loop 673 (us) 136.342
Loop 674 (us) 147.825
Loop 675 (us) 131.139
Loop 676 (us) 137.226
Loop 677 (us) 135.764
Loop 678 (us) 126.249
Loop 679 (us) 156.493
Loop 680 (us) 135.885
Loop 681 (us) 116.444
Loop 682 (us) 145.081
Loop 683 (us) 140.273
Loop 684 (us) 138.576
Loop 685 (us) 138.231
Loop 686 (us) 129.123
Loop 687 (us) 138.405
Loop 688 (us) 136.055
Loop 689 (us) 127.338
Loop 690 (us) 147.937
Loop 691 (us) 135.642
Loop 692 (us) 148.376
Loop 693 (us) 136.697
Loop 694 (us) 148.266
Loop 695 (us) 140.923
Loop 696 (us) 137.487
Loop 697 (us) 116.924
Loop 698 (us) 145.607
Loop 699 (us) 137.271
Loop 700 (us) 125.992
Loop 701 (us) 154.831
Loop 702 (us) 140.792
Loop 703 (us) 135.739
Loop 704 (us) 148.118
Loop 705 (us) 136.69
Loop 706 (us) 148.807
Loop 707 (us) 140.431
Loop 708 (us) 135.613
Loop 709 (us) 146.781
Loop 710 (us) 137.301
Loop 711 (us) 148.928
Loop 712 (us) 129.846
Loop 713 (us) 139.846
Loop 714 (us) 138.942
Loop 715 (us) 134.404
Loop 716 (us) 135.389
Loop 717 (us) 148.949
Loop 718 (us) 136.572
Loop 719 (us) 126.585
Loop 720 (us) 146.852
Loop 721 (us) 130.801
Loop 722 (us) 134.346
Loop 723 (us) 135.573
Loop 724 (us) 147.427
Loop 725 (us) 129.09
Loop 726 (us) 128.542
Loop 727 (us) 140.729
Loop 728 (us) 148.385
Loop 729 (us) 136.94
Loop 730 (us) 130.779
Loop 731 (us) 147.824
Loop 732 (us) 137.58
Loop 733 (us) 126.394
Loop 734 (us) 148.514
Loop 735 (us) 140.832
Loop 736 (us) 141.086
Loop 737 (us) 116.283
Loop 738 (us) 125.339
Loop 739 (us) 125.631
Loop 740 (us) 125.747
Loop 741 (us) 126.761
Loop 742 (us) 125.946
Loop 743 (us) 148.427
Loop 744 (us) 136.223
Loop 745 (us) 134.927
Loop 746 (us) 149.531
Loop 747 (us) 140.035
Loop 748 (us) 139.798
Loop 749 (us) 137.108
Loop 750 (us) 126.548
Loop 751 (us) 152.745
Loop 752 (us) 140.271
Loop 753 (us) 140.717
Loop 754 (us) 138.198
Loop 755 (us) 136.417
Loop 756 (us) 148.496
Loop 757 (us) 139.26
Loop 758 (us) 135.114
Loop 759 (us) 148.808
Loop 760 (us) 137.316
Loop 761 (us) 116.506
Loop 762 (us) 144.767
Loop 763 (us) 138.909
Loop 764 (us) 136.267
Loop 765 (us) 147.8
Loop 766 (us) 139.822
Loop 767 (us) 127.079
Loop 768 (us) 146.865
Loop 769 (us) 135.823
Loop 770 (us) 147.488
Loop 771 (us) 139.328
Loop 772 (us) 140.309
Loop 773 (us) 139.409
Loop 774 (us) 139.95
Loop 775 (us) 137.888
Loop 776 (us) 128.523
Loop 777 (us) 138.978
Loop 778 (us) 129.777
Loop 779 (us) 139.237
Loop 780 (us) 139.649
Loop 781 (us) 148.518
Loop 782 (us) 136.844
Loop 783 (us) 126.894
Loop 784 (us) 125.828
Loop 785 (us) 148.46
Loop 786 (us) 138.568
Loop 787 (us) 146.791
Loop 788 (us) 127.369
Loop 789 (us) 134.219
Loop 790 (us) 148.434
Loop 791 (us) 134.116
Loop 792 (us) 138.197
Loop 793 (us) 140.256
Loop 794 (us) 129.76
Loop 795 (us) 134.225
Loop 796 (us) 116.606
Loop 797 (us) 146.643
Loop 798 (us) 135.615
Loop 799 (us) 146.701
Loop 800 (us) 135.996
Loop 801 (us) 148.128
Loop 802 (us) 135.465
Loop 803 (us) 148.163
Loop 804 (us) 141.24
Loop 805 (us) 138.623
Loop 806 (us) 137.123
Loop 807 (us) 135.057
Loop 808 (us) 147.432
Loop 809 (us) 137.461
Loop 810 (us) 155.035
Loop 811 (us) 137.113
Loop 812 (us) 126.724
Loop 813 (us) 125.401
Loop 814 (us) 126.909
Loop 815 (us) 125.798
Loop 816 (us) 129.099
Loop 817 (us) 124.885
Loop 818 (us) 125.225
Loop 819 (us) 148.315
Loop 820 (us) 129.002
Loop 821 (us) 139.835
Loop 822 (us) 134.83
Loop 823 (us) 126.985
Loop 824 (us) 116.355
Loop 825 (us) 147.417
Loop 826 (us) 136.992
Loop 827 (us) 147.33
Loop 828 (us) 131.111
Loop 829 (us) 135.613
Loop 830 (us) 146.175
Loop 831 (us) 135.785
Loop 832 (us) 148.356
Loop 833 (us) 137.625
Loop 834 (us) 126.187
Loop 835 (us) 115.566
Loop 836 (us) 147.309
Loop 837 (us) 135.963
Loop 838 (us) 154.339
Loop 839 (us) 135.617
Loop 840 (us) 145.866
Loop 841 (us) 130.854
Loop 842 (us) 137.442
Loop 843 (us) 137.229
Loop 844 (us) 140.998
Loop 845 (us) 143.785
Loop 846 (us) 148.519
Loop 847 (us) 135.083
Loop 848 (us) 116.202
Loop 849 (us) 144.871
Loop 850 (us) 139.276
Loop 851 (us) 136.566
Loop 852 (us) 117.205
Loop 853 (us) 128.66
Loop 854 (us) 116.176
Loop 855 (us) 154.303
Loop 856 (us) 136.83
Loop 857 (us) 148.18
Loop 858 (us) 139.602
Loop 859 (us) 135.476
Loop 860 (us) 148.172
Loop 861 (us) 141.212
Loop 862 (us) 136.763
Loop 863 (us) 116.388
Loop 864 (us) 124.473
Loop 865 (us) 115.489
Loop 866 (us) 123.695
Loop 867 (us) 173.56
Loop 868 (us) 138.285
Loop 869 (us) 147.778
Loop 870 (us) 131.348
Loop 871 (us) 137.483
Loop 872 (us) 136.366
Loop 873 (us) 126.722
Loop 874 (us) 151.447
Loop 875 (us) 135.415
Loop 876 (us) 146.172
Loop 877 (us) 129.381
Loop 878 (us) 137.96
Loop 879 (us) 129.112
Loop 880 (us) 128.418
Loop 881 (us) 136.555
Loop 882 (us) 134.089
Loop 883 (us) 125.846
Loop 884 (us) 125.152
Loop 885 (us) 146.699
Loop 886 (us) 135.112
Loop 887 (us) 146.526
Loop 888 (us) 137.432
Loop 889 (us) 139.091
Loop 890 (us) 126.711
Loop 891 (us) 148.239
Loop 892 (us) 139.079
Loop 893 (us) 136.042
Loop 894 (us) 148.028
Loop 895 (us) 140.102
Loop 896 (us) 146.713
Loop 897 (us) 135.453
Loop 898 (us) 145.141
Loop 899 (us) 128.098
Loop 900 (us) 134.615
Loop 901 (us) 126.496
Loop 902 (us) 115.875
Loop 903 (us) 124.561
Loop 904 (us) 148.536
Loop 905 (us) 135.486
Loop 906 (us) 126.795
Loop 907 (us) 124.886
Loop 908 (us) 146.493
Loop 909 (us) 135.017
Loop 910 (us) 146.032
Loop 911 (us) 139.616
Loop 912 (us) 134.722
Loop 913 (us) 147.45
Loop 914 (us) 135.792
Loop 915 (us) 125.566
Loop 916 (us) 124.88
Loop 917 (us) 146.103
Loop 918 (us) 140.458
Loop 919 (us) 132.221
Loop 920 (us) 115.528
Loop 921 (us) 146.548
Loop 922 (us) 136.457
Loop 923 (us) 115.553
Loop 924 (us) 146.062
Loop 925 (us) 140.703
Loop 926 (us) 135.717
Loop 927 (us) 125.415
Loop 928 (us) 146.639
Loop 929 (us) 128.734
Loop 930 (us) 135.479
Loop 931 (us) 147.1
Loop 932 (us) 610.594
Loop 933 (us) 138.375
Loop 934 (us) 140.145
Loop 935 (us) 139.434
Loop 936 (us) 128.277
Loop 937 (us) 135.084
Loop 938 (us) 125.443
Loop 939 (us) 147.002
Loop 940 (us) 135.493
Loop 941 (us) 125.682
Loop 942 (us) 147.281
Loop 943 (us) 136.26
Loop 944 (us) 127.508
Loop 945 (us) 145.993
Loop 946 (us) 128.292
Loop 947 (us) 134.753
Loop 948 (us) 125.049
Loop 949 (us) 147.931
Loop 950 (us) 127.829
Loop 951 (us) 138.765
Loop 952 (us) 145.608
Loop 953 (us) 135.48
Loop 954 (us) 145.04
Loop 955 (us) 136.533
Loop 956 (us) 125.66
Loop 957 (us) 146.428
Loop 958 (us) 135.79
Loop 959 (us) 116.087
Loop 960 (us) 144.064
Loop 961 (us) 134.423
Loop 962 (us) 147.707
Loop 963 (us) 136.437
Loop 964 (us) 126.345
Loop 965 (us) 147.122
Loop 966 (us) 136.227
Loop 967 (us) 146.443
Loop 968 (us) 138.614
Loop 969 (us) 135.348
Loop 970 (us) 146.735
Loop 971 (us) 134.465
Loop 972 (us) 146.781
Loop 973 (us) 152.991
Loop 974 (us) 137.69
Loop 975 (us) 142.616
Loop 976 (us) 139.259
Loop 977 (us) 135.434
Loop 978 (us) 147.306
Loop 979 (us) 135.181
Loop 980 (us) 148.941
Loop 981 (us) 135.53
Loop 982 (us) 147.47
Loop 983 (us) 141.644
Loop 984 (us) 147.693
Loop 985 (us) 127.77
Loop 986 (us) 137.53
Loop 987 (us) 126.27
Loop 988 (us) 137.89
Loop 989 (us) 130.752
Loop 990 (us) 135.327
Loop 991 (us) 147.512
Loop 992 (us) 135.682
Loop 993 (us) 115.966
Loop 994 (us) 127.747
Loop 995 (us) 148.228
Loop 996 (us) 135.063
Loop 997 (us) 125.712
Loop 998 (us) 146.61
Loop 999 (us) 140.902
Warmup times 0
avgLoopLatency(us) 141.533943
iops 7065.442951730667
variance 103.81833159647569
recovery file /tmp262144eccache.dat.nativerec0 capacity 65536
recovery file /tmp262144eccache.dat.nativerec1 capacity 65536
