recoveryReplicas, filename /tmp4194304replicas.dat, loop 1000
/tmp4194304replicas.dat is a ReplicasFile!
starting benchmark...
ops 1000
final loop (us) 1939.397
Loop 0 (us) 1944.747
Loop 1 (us) 1942.015
Loop 2 (us) 1941.781
Loop 3 (us) 1941.185
Loop 4 (us) 1941.331
Loop 5 (us) 1941.599
Loop 6 (us) 1941.584
Loop 7 (us) 1941.184
Loop 8 (us) 1941.486
Loop 9 (us) 1941.344
Loop 10 (us) 1940.985
Loop 11 (us) 1940.707
Loop 12 (us) 1941.371
Loop 13 (us) 1941.215
Loop 14 (us) 1942.429
Loop 15 (us) 1941.345
Loop 16 (us) 1941.553
Loop 17 (us) 1941.507
Loop 18 (us) 1941.66
Loop 19 (us) 1941.822
Loop 20 (us) 1941.362
Loop 21 (us) 1942.353
Loop 22 (us) 1940.936
Loop 23 (us) 1941.257
Loop 24 (us) 1941.635
Loop 25 (us) 1941.452
Loop 26 (us) 1941.016
Loop 27 (us) 1941.143
Loop 28 (us) 1940.897
Loop 29 (us) 1941.161
Loop 30 (us) 1941.162
Loop 31 (us) 1940.653
Loop 32 (us) 1941.036
Loop 33 (us) 1940.893
Loop 34 (us) 1940.981
Loop 35 (us) 1942.202
Loop 36 (us) 1941.128
Loop 37 (us) 1962.414
Loop 38 (us) 1942.394
Loop 39 (us) 1941.61
Loop 40 (us) 1941.24
Loop 41 (us) 1942.226
Loop 42 (us) 1941.18
Loop 43 (us) 1942.046
Loop 44 (us) 1941.006
Loop 45 (us) 1942.302
Loop 46 (us) 1940.578
Loop 47 (us) 1941.375
Loop 48 (us) 1942.396
Loop 49 (us) 1941.258
Loop 50 (us) 1944.124
Loop 51 (us) 1941.447
Loop 52 (us) 1941.378
Loop 53 (us) 1941.025
Loop 54 (us) 1941.072
Loop 55 (us) 1942.104
Loop 56 (us) 1941.178
Loop 57 (us) 1941.526
Loop 58 (us) 1940.855
Loop 59 (us) 1941.427
Loop 60 (us) 1941.772
Loop 61 (us) 1940.737
Loop 62 (us) 1940.819
Loop 63 (us) 1941.832
Loop 64 (us) 1940.962
Loop 65 (us) 1941.36
Loop 66 (us) 1941.108
Loop 67 (us) 1940.982
Loop 68 (us) 1942.291
Loop 69 (us) 1941.305
Loop 70 (us) 1940.939
Loop 71 (us) 1940.742
Loop 72 (us) 1941.566
Loop 73 (us) 1941.538
Loop 74 (us) 1941.325
Loop 75 (us) 1941.733
Loop 76 (us) 1941.825
Loop 77 (us) 1941.346
Loop 78 (us) 1942.271
Loop 79 (us) 1941.26
Loop 80 (us) 1941.729
Loop 81 (us) 1940.819
Loop 82 (us) 1941.525
Loop 83 (us) 1942.924
Loop 84 (us) 1941.69
Loop 85 (us) 1942.086
Loop 86 (us) 1942.816
Loop 87 (us) 1942.257
Loop 88 (us) 1942.277
Loop 89 (us) 1941.524
Loop 90 (us) 1942.722
Loop 91 (us) 1942.475
Loop 92 (us) 1942.021
Loop 93 (us) 1941.313
Loop 94 (us) 1941.53
Loop 95 (us) 1941.151
Loop 96 (us) 1941.458
Loop 97 (us) 1940.999
Loop 98 (us) 1941.609
Loop 99 (us) 1940.535
Loop 100 (us) 1941.112
Loop 101 (us) 1942.248
Loop 102 (us) 1941.905
Loop 103 (us) 1941.365
Loop 104 (us) 1941.126
Loop 105 (us) 1940.792
Loop 106 (us) 1940.919
Loop 107 (us) 1949.28
Loop 108 (us) 1940.838
Loop 109 (us) 1951.614
Loop 110 (us) 1945.773
Loop 111 (us) 1945.885
Loop 112 (us) 1943.791
Loop 113 (us) 1941.823
Loop 114 (us) 1942.529
Loop 115 (us) 1943.002
Loop 116 (us) 1941.668
Loop 117 (us) 1941.195
Loop 118 (us) 1941.834
Loop 119 (us) 1947.288
Loop 120 (us) 1941.993
Loop 121 (us) 1942.326
Loop 122 (us) 1941.957
Loop 123 (us) 1941.603
Loop 124 (us) 1942.139
Loop 125 (us) 1942.161
Loop 126 (us) 1943.971
Loop 127 (us) 1942.728
Loop 128 (us) 1943.22
Loop 129 (us) 1941.601
Loop 130 (us) 1954.649
Loop 131 (us) 1941.59
Loop 132 (us) 1940.615
Loop 133 (us) 1941.273
Loop 134 (us) 1940.744
Loop 135 (us) 1940.601
Loop 136 (us) 1940.947
Loop 137 (us) 1942.413
Loop 138 (us) 1940.923
Loop 139 (us) 1941.274
Loop 140 (us) 1940.629
Loop 141 (us) 1941.393
Loop 142 (us) 1940.817
Loop 143 (us) 1940.997
Loop 144 (us) 1940.581
Loop 145 (us) 1941.327
Loop 146 (us) 1941.032
Loop 147 (us) 1941.059
Loop 148 (us) 1941.494
Loop 149 (us) 1940.803
Loop 150 (us) 1940.537
Loop 151 (us) 1941.804
Loop 152 (us) 1971.584
Loop 153 (us) 1947.172
Loop 154 (us) 1944.628
Loop 155 (us) 1940.813
Loop 156 (us) 1940.513
Loop 157 (us) 1939.813
Loop 158 (us) 1939.521
Loop 159 (us) 1939.948
Loop 160 (us) 1940.684
Loop 161 (us) 1940.964
Loop 162 (us) 1939.781
Loop 163 (us) 1940.246
Loop 164 (us) 1940.062
Loop 165 (us) 1940.817
Loop 166 (us) 1939.633
Loop 167 (us) 1940.237
Loop 168 (us) 1940.057
Loop 169 (us) 1940.374
Loop 170 (us) 1940.516
Loop 171 (us) 1939.357
Loop 172 (us) 1939.709
Loop 173 (us) 1940.117
Loop 174 (us) 1940.315
Loop 175 (us) 1940.953
Loop 176 (us) 1940.291
Loop 177 (us) 1939.956
Loop 178 (us) 1940.548
Loop 179 (us) 1939.594
Loop 180 (us) 1940.239
Loop 181 (us) 1939.945
Loop 182 (us) 1940.937
Loop 183 (us) 1940.262
Loop 184 (us) 1940.239
Loop 185 (us) 1940.406
Loop 186 (us) 1940.813
Loop 187 (us) 1940.615
Loop 188 (us) 1939.093
Loop 189 (us) 1939.584
Loop 190 (us) 1940.515
Loop 191 (us) 1939.83
Loop 192 (us) 1940.01
Loop 193 (us) 1939.902
Loop 194 (us) 1941.313
Loop 195 (us) 1939.695
Loop 196 (us) 1940.184
Loop 197 (us) 1939.878
Loop 198 (us) 1939.523
Loop 199 (us) 1940.589
Loop 200 (us) 1941.289
Loop 201 (us) 1939.919
Loop 202 (us) 1939.522
Loop 203 (us) 1940.648
Loop 204 (us) 1939.599
Loop 205 (us) 1943.543
Loop 206 (us) 1940.537
Loop 207 (us) 1939.876
Loop 208 (us) 1940.357
Loop 209 (us) 1940.203
Loop 210 (us) 1940.395
Loop 211 (us) 1939.595
Loop 212 (us) 1940.692
Loop 213 (us) 1939.993
Loop 214 (us) 1940.752
Loop 215 (us) 1939.477
Loop 216 (us) 1940.311
Loop 217 (us) 1942.807
Loop 218 (us) 1940.973
Loop 219 (us) 1940.142
Loop 220 (us) 1939.605
Loop 221 (us) 1940.321
Loop 222 (us) 1941.215
Loop 223 (us) 1939.704
Loop 224 (us) 1940.315
Loop 225 (us) 1940.535
Loop 226 (us) 1940.089
Loop 227 (us) 1939.94
Loop 228 (us) 1940.532
Loop 229 (us) 1940.709
Loop 230 (us) 1940.094
Loop 231 (us) 1942.002
Loop 232 (us) 1940.835
Loop 233 (us) 1939.913
Loop 234 (us) 1942.37
Loop 235 (us) 1940.672
Loop 236 (us) 1940.243
Loop 237 (us) 1939.865
Loop 238 (us) 1940.14
Loop 239 (us) 1944.371
Loop 240 (us) 1939.906
Loop 241 (us) 1939.818
Loop 242 (us) 1939.871
Loop 243 (us) 1939.733
Loop 244 (us) 1940.061
Loop 245 (us) 1940.527
Loop 246 (us) 1940.348
Loop 247 (us) 1939.751
Loop 248 (us) 1939.73
Loop 249 (us) 1939.965
Loop 250 (us) 1940.1
Loop 251 (us) 1939.824
Loop 252 (us) 1939.952
Loop 253 (us) 1940.052
Loop 254 (us) 1940.11
Loop 255 (us) 1940.307
Loop 256 (us) 1939.824
Loop 257 (us) 1939.65
Loop 258 (us) 1939.622
Loop 259 (us) 1940.461
Loop 260 (us) 1939.939
Loop 261 (us) 1939.918
Loop 262 (us) 1939.88
Loop 263 (us) 1939.648
Loop 264 (us) 1940.128
Loop 265 (us) 1940.067
Loop 266 (us) 1940.41
Loop 267 (us) 1939.768
Loop 268 (us) 1940.363
Loop 269 (us) 1940.068
Loop 270 (us) 1939.6
Loop 271 (us) 1941.092
Loop 272 (us) 1939.571
Loop 273 (us) 1940.069
Loop 274 (us) 1939.983
Loop 275 (us) 1939.813
Loop 276 (us) 1941.356
Loop 277 (us) 1939.982
Loop 278 (us) 1939.365
Loop 279 (us) 1952.869
Loop 280 (us) 1942.19
Loop 281 (us) 1940.053
Loop 282 (us) 1939.913
Loop 283 (us) 1940.507
Loop 284 (us) 1939.686
Loop 285 (us) 1939.733
Loop 286 (us) 1939.749
Loop 287 (us) 1940.149
Loop 288 (us) 1938.941
Loop 289 (us) 1940.457
Loop 290 (us) 1939.282
Loop 291 (us) 1938.919
Loop 292 (us) 1940.959
Loop 293 (us) 1939.878
Loop 294 (us) 1939.893
Loop 295 (us) 1939.87
Loop 296 (us) 1939.656
Loop 297 (us) 1939.428
Loop 298 (us) 1940.26
Loop 299 (us) 1939.893
Loop 300 (us) 1938.661
Loop 301 (us) 1939.519
Loop 302 (us) 1939.991
Loop 303 (us) 1939.543
Loop 304 (us) 1938.894
Loop 305 (us) 1940.072
Loop 306 (us) 1939.036
Loop 307 (us) 1938.949
Loop 308 (us) 1940.716
Loop 309 (us) 1939.098
Loop 310 (us) 1939.183
Loop 311 (us) 1939.599
Loop 312 (us) 1940.432
Loop 313 (us) 1940.55
Loop 314 (us) 1939.566
Loop 315 (us) 1939.151
Loop 316 (us) 1939.459
Loop 317 (us) 1940.107
Loop 318 (us) 1939.334
Loop 319 (us) 1938.769
Loop 320 (us) 1939.332
Loop 321 (us) 1939.342
Loop 322 (us) 1939.405
Loop 323 (us) 1938.739
Loop 324 (us) 1939.261
Loop 325 (us) 1939.315
Loop 326 (us) 1939.544
Loop 327 (us) 1942.079
Loop 328 (us) 1939.327
Loop 329 (us) 1939.477
Loop 330 (us) 1939.46
Loop 331 (us) 1939.375
Loop 332 (us) 1940.087
Loop 333 (us) 1939.55
Loop 334 (us) 1940.056
Loop 335 (us) 1939.2
Loop 336 (us) 1939.521
Loop 337 (us) 1939.782
Loop 338 (us) 1940.362
Loop 339 (us) 1939.722
Loop 340 (us) 1939.684
Loop 341 (us) 1940.246
Loop 342 (us) 1940.167
Loop 343 (us) 1944.843
Loop 344 (us) 1941.962
Loop 345 (us) 1941.4
Loop 346 (us) 1941.909
Loop 347 (us) 1942.142
Loop 348 (us) 1940.573
Loop 349 (us) 1940.621
Loop 350 (us) 1940.561
Loop 351 (us) 1940.56
Loop 352 (us) 1940.254
Loop 353 (us) 1940.042
Loop 354 (us) 1940.511
Loop 355 (us) 1939.723
Loop 356 (us) 1939.849
Loop 357 (us) 1939.449
Loop 358 (us) 1939.757
Loop 359 (us) 1940.161
Loop 360 (us) 1939.553
Loop 361 (us) 1940.348
Loop 362 (us) 1939.673
Loop 363 (us) 1940.238
Loop 364 (us) 1940.076
Loop 365 (us) 1939.828
Loop 366 (us) 1940.069
Loop 367 (us) 1939.697
Loop 368 (us) 1940.307
Loop 369 (us) 1943.097
Loop 370 (us) 1939.588
Loop 371 (us) 1940.854
Loop 372 (us) 1940.329
Loop 373 (us) 1940.094
Loop 374 (us) 1943.431
Loop 375 (us) 1940.091
Loop 376 (us) 1939.785
Loop 377 (us) 1940.29
Loop 378 (us) 1940.574
Loop 379 (us) 1940.196
Loop 380 (us) 1939.828
Loop 381 (us) 1976.064
Loop 382 (us) 1940.402
Loop 383 (us) 1939.354
Loop 384 (us) 1940.084
Loop 385 (us) 1940.663
Loop 386 (us) 1939.649
Loop 387 (us) 1940.665
Loop 388 (us) 1939.28
Loop 389 (us) 1939.673
Loop 390 (us) 1939.455
Loop 391 (us) 1938.855
Loop 392 (us) 1940.754
Loop 393 (us) 1939.178
Loop 394 (us) 1939.53
Loop 395 (us) 1939.172
Loop 396 (us) 1939.666
Loop 397 (us) 1940.227
Loop 398 (us) 1939.079
Loop 399 (us) 1938.976
Loop 400 (us) 1939.17
Loop 401 (us) 1938.874
Loop 402 (us) 1938.595
Loop 403 (us) 1939.304
Loop 404 (us) 1938.75
Loop 405 (us) 1939.391
Loop 406 (us) 1939.869
Loop 407 (us) 1939.717
Loop 408 (us) 1939.448
Loop 409 (us) 1938.795
Loop 410 (us) 1938.696
Loop 411 (us) 1938.61
Loop 412 (us) 1938.622
Loop 413 (us) 1939.223
Loop 414 (us) 1939.136
Loop 415 (us) 1938.739
Loop 416 (us) 1938.693
Loop 417 (us) 1939.641
Loop 418 (us) 1938.677
Loop 419 (us) 1938.791
Loop 420 (us) 1938.635
Loop 421 (us) 1939.257
Loop 422 (us) 1938.99
Loop 423 (us) 1939.146
Loop 424 (us) 1939.047
Loop 425 (us) 1939.991
Loop 426 (us) 1939.013
Loop 427 (us) 1939.003
Loop 428 (us) 1938.459
Loop 429 (us) 1938.561
Loop 430 (us) 1939.204
Loop 431 (us) 1938.768
Loop 432 (us) 1939.37
Loop 433 (us) 1938.99
Loop 434 (us) 1939.475
Loop 435 (us) 1940.11
Loop 436 (us) 1939.421
Loop 437 (us) 1938.899
Loop 438 (us) 1938.594
Loop 439 (us) 1938.767
Loop 440 (us) 1939.172
Loop 441 (us) 1938.833
Loop 442 (us) 1939.126
Loop 443 (us) 1939.455
Loop 444 (us) 1939.663
Loop 445 (us) 1940.009
Loop 446 (us) 1940.297
Loop 447 (us) 1939.518
Loop 448 (us) 1939.376
Loop 449 (us) 1939.465
Loop 450 (us) 1940.216
Loop 451 (us) 1939.683
Loop 452 (us) 1939.571
Loop 453 (us) 1940.98
Loop 454 (us) 1939.855
Loop 455 (us) 1940.445
Loop 456 (us) 1939.986
Loop 457 (us) 1940.402
Loop 458 (us) 1940.035
Loop 459 (us) 1940.373
Loop 460 (us) 1940.05
Loop 461 (us) 1939.523
Loop 462 (us) 1939.276
Loop 463 (us) 1939.148
Loop 464 (us) 1942.018
Loop 465 (us) 1940.068
Loop 466 (us) 1940.025
Loop 467 (us) 1939.238
Loop 468 (us) 1939.481
Loop 469 (us) 1939.517
Loop 470 (us) 1939.798
Loop 471 (us) 1939.396
Loop 472 (us) 1939.737
Loop 473 (us) 1940.115
Loop 474 (us) 1939.82
Loop 475 (us) 1939.789
Loop 476 (us) 1940.194
Loop 477 (us) 1939.578
Loop 478 (us) 1939.645
Loop 479 (us) 1939.048
Loop 480 (us) 1939.726
Loop 481 (us) 1940.259
Loop 482 (us) 1940.138
Loop 483 (us) 1939.368
Loop 484 (us) 1939.842
Loop 485 (us) 1941.003
Loop 486 (us) 1939.418
Loop 487 (us) 1939.433
Loop 488 (us) 1939.527
Loop 489 (us) 1940.141
Loop 490 (us) 1939.581
Loop 491 (us) 1939.877
Loop 492 (us) 1940.511
Loop 493 (us) 1939.935
Loop 494 (us) 1939.379
Loop 495 (us) 1939.582
Loop 496 (us) 1940.139
Loop 497 (us) 1939.86
Loop 498 (us) 1939.01
Loop 499 (us) 1939.383
Loop 500 (us) 1939.197
Loop 501 (us) 1939.486
Loop 502 (us) 1939.463
Loop 503 (us) 1940.207
Loop 504 (us) 1939.679
Loop 505 (us) 1939.618
Loop 506 (us) 1940.244
Loop 507 (us) 1939.526
Loop 508 (us) 1940.6
Loop 509 (us) 1941.76
Loop 510 (us) 1940.598
Loop 511 (us) 1940.215
Loop 512 (us) 1940.059
Loop 513 (us) 1939.369
Loop 514 (us) 1939.189
Loop 515 (us) 1940.123
Loop 516 (us) 1939.827
Loop 517 (us) 1939.551
Loop 518 (us) 1939.664
Loop 519 (us) 1939.101
Loop 520 (us) 1939.603
Loop 521 (us) 1939.844
Loop 522 (us) 1940.513
Loop 523 (us) 1940.752
Loop 524 (us) 1939.657
Loop 525 (us) 1940.235
Loop 526 (us) 1939.615
Loop 527 (us) 1940.308
Loop 528 (us) 1940.027
Loop 529 (us) 1939.946
Loop 530 (us) 1939.562
Loop 531 (us) 1939.451
Loop 532 (us) 1939.684
Loop 533 (us) 1940.364
Loop 534 (us) 1938.38
Loop 535 (us) 1940.425
Loop 536 (us) 1941.077
Loop 537 (us) 1939.505
Loop 538 (us) 1940.367
Loop 539 (us) 1939.486
Loop 540 (us) 1939.372
Loop 541 (us) 1939.944
Loop 542 (us) 1939.586
Loop 543 (us) 1939.809
Loop 544 (us) 1939.382
Loop 545 (us) 1940.643
Loop 546 (us) 1939.37
Loop 547 (us) 1939.297
Loop 548 (us) 1939.817
Loop 549 (us) 1967.925
Loop 550 (us) 1941.197
Loop 551 (us) 1948.935
Loop 552 (us) 1939.761
Loop 553 (us) 1940.167
Loop 554 (us) 1939.82
Loop 555 (us) 1940.265
Loop 556 (us) 1939.871
Loop 557 (us) 1939.436
Loop 558 (us) 1939.571
Loop 559 (us) 1939.511
Loop 560 (us) 1939.845
Loop 561 (us) 1940.366
Loop 562 (us) 1939.716
Loop 563 (us) 1939.842
Loop 564 (us) 1940.651
Loop 565 (us) 1940.062
Loop 566 (us) 1939.517
Loop 567 (us) 1939.345
Loop 568 (us) 1939.281
Loop 569 (us) 1940.009
Loop 570 (us) 1939.827
Loop 571 (us) 1939.819
Loop 572 (us) 1939.96
Loop 573 (us) 1939.343
Loop 574 (us) 1939.472
Loop 575 (us) 1939.404
Loop 576 (us) 1941.742
Loop 577 (us) 1940.852
Loop 578 (us) 1940.165
Loop 579 (us) 1939.542
Loop 580 (us) 1939.989
Loop 581 (us) 1940.189
Loop 582 (us) 1940.515
Loop 583 (us) 1938.808
Loop 584 (us) 1942.879
Loop 585 (us) 1948.163
Loop 586 (us) 1940.126
Loop 587 (us) 1939.236
Loop 588 (us) 1939.693
Loop 589 (us) 1939.919
Loop 590 (us) 1939.57
Loop 591 (us) 1939.378
Loop 592 (us) 1939.129
Loop 593 (us) 1940.789
Loop 594 (us) 1939.237
Loop 595 (us) 1939.997
Loop 596 (us) 1941.172
Loop 597 (us) 1939.112
Loop 598 (us) 1939.841
Loop 599 (us) 1939.677
Loop 600 (us) 1939.297
Loop 601 (us) 1939.945
Loop 602 (us) 1939.626
Loop 603 (us) 1939.503
Loop 604 (us) 1939.227
Loop 605 (us) 1939.102
Loop 606 (us) 1939.346
Loop 607 (us) 1939.307
Loop 608 (us) 1939.392
Loop 609 (us) 1939.741
Loop 610 (us) 1939.119
Loop 611 (us) 1939.701
Loop 612 (us) 1939.632
Loop 613 (us) 1939.273
Loop 614 (us) 1939.227
Loop 615 (us) 1939.6
Loop 616 (us) 1939.992
Loop 617 (us) 1940.174
Loop 618 (us) 1940.176
Loop 619 (us) 1940.361
Loop 620 (us) 1939.794
Loop 621 (us) 1940.117
Loop 622 (us) 1939.447
Loop 623 (us) 1939.976
Loop 624 (us) 1939.682
Loop 625 (us) 1939.576
Loop 626 (us) 1939.704
Loop 627 (us) 1938.96
Loop 628 (us) 1939.47
Loop 629 (us) 1939.694
Loop 630 (us) 1939.04
Loop 631 (us) 1939.639
Loop 632 (us) 1939.811
Loop 633 (us) 1939.34
Loop 634 (us) 1939.632
Loop 635 (us) 1939.503
Loop 636 (us) 1939.513
Loop 637 (us) 1939.257
Loop 638 (us) 1939.667
Loop 639 (us) 1939.27
Loop 640 (us) 1940.769
Loop 641 (us) 1939.355
Loop 642 (us) 1939.074
Loop 643 (us) 1939.47
Loop 644 (us) 1939.098
Loop 645 (us) 1939.587
Loop 646 (us) 1939.141
Loop 647 (us) 1939.105
Loop 648 (us) 1939.509
Loop 649 (us) 1940.066
Loop 650 (us) 1939.063
Loop 651 (us) 1945.398
Loop 652 (us) 1939.63
Loop 653 (us) 1938.879
Loop 654 (us) 1939.308
Loop 655 (us) 1942.978
Loop 656 (us) 1939.603
Loop 657 (us) 1939.025
Loop 658 (us) 1938.943
Loop 659 (us) 1939.267
Loop 660 (us) 1940.061
Loop 661 (us) 1939.575
Loop 662 (us) 1939.484
Loop 663 (us) 1939.524
Loop 664 (us) 1939.667
Loop 665 (us) 1939.802
Loop 666 (us) 1939.402
Loop 667 (us) 1940.661
Loop 668 (us) 1939.47
Loop 669 (us) 1940.51
Loop 670 (us) 1940.57
Loop 671 (us) 1945.6
Loop 672 (us) 1939.797
Loop 673 (us) 1939.711
Loop 674 (us) 1939.163
Loop 675 (us) 1939.448
Loop 676 (us) 1939.118
Loop 677 (us) 1944.058
Loop 678 (us) 1939.792
Loop 679 (us) 1939.548
Loop 680 (us) 1938.992
Loop 681 (us) 1939.499
Loop 682 (us) 1939.798
Loop 683 (us) 1939.71
Loop 684 (us) 1939.964
Loop 685 (us) 1939.13
Loop 686 (us) 1939.663
Loop 687 (us) 1940.023
Loop 688 (us) 1939.192
Loop 689 (us) 1939.067
Loop 690 (us) 1939.133
Loop 691 (us) 1939.072
Loop 692 (us) 1939.931
Loop 693 (us) 1939.032
Loop 694 (us) 1939.017
Loop 695 (us) 1939.436
Loop 696 (us) 1939.787
Loop 697 (us) 1939.772
Loop 698 (us) 1939.988
Loop 699 (us) 1939.049
Loop 700 (us) 1939.76
Loop 701 (us) 1939.499
Loop 702 (us) 1939.352
Loop 703 (us) 1939.39
Loop 704 (us) 1940.199
Loop 705 (us) 1939.503
Loop 706 (us) 1939.805
Loop 707 (us) 1939.505
Loop 708 (us) 1939.184
Loop 709 (us) 1939.398
Loop 710 (us) 1939.461
Loop 711 (us) 1939.496
Loop 712 (us) 1939.617
Loop 713 (us) 1940.153
Loop 714 (us) 1939.86
Loop 715 (us) 1939.651
Loop 716 (us) 1939.22
Loop 717 (us) 1940.31
Loop 718 (us) 1939.398
Loop 719 (us) 1939.308
Loop 720 (us) 1940.369
Loop 721 (us) 1939.331
Loop 722 (us) 1940.94
Loop 723 (us) 1939.12
Loop 724 (us) 1939.895
Loop 725 (us) 1940.34
Loop 726 (us) 1939.164
Loop 727 (us) 1939.789
Loop 728 (us) 1939.851
Loop 729 (us) 1939.882
Loop 730 (us) 1939.967
Loop 731 (us) 1939.709
Loop 732 (us) 1939.373
Loop 733 (us) 1939.324
Loop 734 (us) 1939.932
Loop 735 (us) 1939.94
Loop 736 (us) 1939.758
Loop 737 (us) 1939.331
Loop 738 (us) 1939.519
Loop 739 (us) 1939.375
Loop 740 (us) 1940.067
Loop 741 (us) 1939.738
Loop 742 (us) 1940.101
Loop 743 (us) 1940.372
Loop 744 (us) 1939.641
Loop 745 (us) 1939.291
Loop 746 (us) 1940.195
Loop 747 (us) 1940.362
Loop 748 (us) 1939.733
Loop 749 (us) 1939.248
Loop 750 (us) 1939.083
Loop 751 (us) 1939.191
Loop 752 (us) 1939.554
Loop 753 (us) 1940.355
Loop 754 (us) 1939.426
Loop 755 (us) 1940.729
Loop 756 (us) 1939.499
Loop 757 (us) 1939.702
Loop 758 (us) 1939.604
Loop 759 (us) 1939.068
Loop 760 (us) 1938.819
Loop 761 (us) 1939.427
Loop 762 (us) 1939.696
Loop 763 (us) 1941.096
Loop 764 (us) 1939.339
Loop 765 (us) 1939.522
Loop 766 (us) 1940.363
Loop 767 (us) 1940.083
Loop 768 (us) 1940.829
Loop 769 (us) 1939.34
Loop 770 (us) 1939.374
Loop 771 (us) 1938.93
Loop 772 (us) 1939.655
Loop 773 (us) 1939.764
Loop 774 (us) 1939.706
Loop 775 (us) 1938.952
Loop 776 (us) 1939.659
Loop 777 (us) 1939.405
Loop 778 (us) 1939.646
Loop 779 (us) 1939.607
Loop 780 (us) 1939.444
Loop 781 (us) 1939.518
Loop 782 (us) 1939.658
Loop 783 (us) 1939.062
Loop 784 (us) 1938.902
Loop 785 (us) 1939.757
Loop 786 (us) 1939.083
Loop 787 (us) 1940.169
Loop 788 (us) 1939.227
Loop 789 (us) 1939.491
Loop 790 (us) 1995.838
Loop 791 (us) 1941.939
Loop 792 (us) 1939.56
Loop 793 (us) 1940.38
Loop 794 (us) 1939.108
Loop 795 (us) 1940.257
Loop 796 (us) 1939.285
Loop 797 (us) 1939.353
Loop 798 (us) 1938.881
Loop 799 (us) 1940.346
Loop 800 (us) 1939.875
Loop 801 (us) 1939.378
Loop 802 (us) 1938.911
Loop 803 (us) 1939.18
Loop 804 (us) 1940.065
Loop 805 (us) 1939.225
Loop 806 (us) 1939.085
Loop 807 (us) 1938.801
Loop 808 (us) 1938.827
Loop 809 (us) 1940.135
Loop 810 (us) 1939.792
Loop 811 (us) 1939.878
Loop 812 (us) 1939.252
Loop 813 (us) 1938.94
Loop 814 (us) 1939.616
Loop 815 (us) 1938.889
Loop 816 (us) 1939.213
Loop 817 (us) 1939.685
Loop 818 (us) 1938.743
Loop 819 (us) 1939.094
Loop 820 (us) 1938.876
Loop 821 (us) 1938.853
Loop 822 (us) 1938.826
Loop 823 (us) 1938.687
Loop 824 (us) 1938.745
Loop 825 (us) 1938.897
Loop 826 (us) 1939.581
Loop 827 (us) 1939.764
Loop 828 (us) 1943.934
Loop 829 (us) 1939.284
Loop 830 (us) 1938.808
Loop 831 (us) 1939.132
Loop 832 (us) 1939.621
Loop 833 (us) 1939.472
Loop 834 (us) 1940.124
Loop 835 (us) 1939.037
Loop 836 (us) 1939.061
Loop 837 (us) 1938.886
Loop 838 (us) 1939.485
Loop 839 (us) 1939.581
Loop 840 (us) 1939.632
Loop 841 (us) 1939.219
Loop 842 (us) 1938.926
Loop 843 (us) 1940.056
Loop 844 (us) 1938.496
Loop 845 (us) 1939.072
Loop 846 (us) 1939.377
Loop 847 (us) 1939.309
Loop 848 (us) 1938.719
Loop 849 (us) 1939.549
Loop 850 (us) 1940.06
Loop 851 (us) 1939.798
Loop 852 (us) 1938.916
Loop 853 (us) 1939.833
Loop 854 (us) 1939.719
Loop 855 (us) 1938.725
Loop 856 (us) 1938.698
Loop 857 (us) 1939.448
Loop 858 (us) 1939.567
Loop 859 (us) 1939.029
Loop 860 (us) 1939.132
Loop 861 (us) 1938.443
Loop 862 (us) 1938.747
Loop 863 (us) 1939.571
Loop 864 (us) 1938.922
Loop 865 (us) 1938.913
Loop 866 (us) 1939.05
Loop 867 (us) 1938.476
Loop 868 (us) 1938.553
Loop 869 (us) 1939.1
Loop 870 (us) 1940.068
Loop 871 (us) 1939.742
Loop 872 (us) 1938.78
Loop 873 (us) 1938.74
Loop 874 (us) 1938.828
Loop 875 (us) 1939.024
Loop 876 (us) 1938.865
Loop 877 (us) 1939.529
Loop 878 (us) 1938.518
Loop 879 (us) 1938.744
Loop 880 (us) 1939.326
Loop 881 (us) 1939.317
Loop 882 (us) 1939.962
Loop 883 (us) 1939.143
Loop 884 (us) 1939.758
Loop 885 (us) 1939.768
Loop 886 (us) 1940.344
Loop 887 (us) 1940.329
Loop 888 (us) 1939.957
Loop 889 (us) 1939.453
Loop 890 (us) 1939.294
Loop 891 (us) 1939.704
Loop 892 (us) 1939.241
Loop 893 (us) 1939.286
Loop 894 (us) 1939.922
Loop 895 (us) 1939.105
Loop 896 (us) 1939.292
Loop 897 (us) 1939.71
Loop 898 (us) 1940.099
Loop 899 (us) 1938.921
Loop 900 (us) 1940.622
Loop 901 (us) 1939.849
Loop 902 (us) 1940.315
Loop 903 (us) 1939.501
Loop 904 (us) 1939.161
Loop 905 (us) 1940.032
Loop 906 (us) 1940.698
Loop 907 (us) 1939.542
Loop 908 (us) 1940.042
Loop 909 (us) 1939.483
Loop 910 (us) 1939.257
Loop 911 (us) 1939.745
Loop 912 (us) 1939.603
Loop 913 (us) 1939.792
Loop 914 (us) 1939.282
Loop 915 (us) 1939.211
Loop 916 (us) 1939.959
Loop 917 (us) 1939.214
Loop 918 (us) 1940.38
Loop 919 (us) 1939.439
Loop 920 (us) 1939.849
Loop 921 (us) 1939.615
Loop 922 (us) 1939.994
Loop 923 (us) 1939.497
Loop 924 (us) 1940.205
Loop 925 (us) 1939.393
Loop 926 (us) 1940.368
Loop 927 (us) 1940.055
Loop 928 (us) 1940.587
Loop 929 (us) 1940.014
Loop 930 (us) 1939.667
Loop 931 (us) 1939.882
Loop 932 (us) 1939.639
Loop 933 (us) 1940.077
Loop 934 (us) 1939.431
Loop 935 (us) 1939.916
Loop 936 (us) 1939.659
Loop 937 (us) 1939.312
Loop 938 (us) 1940.906
Loop 939 (us) 1942.035
Loop 940 (us) 1939.315
Loop 941 (us) 1939.447
Loop 942 (us) 1939.796
Loop 943 (us) 1939.354
Loop 944 (us) 1939.979
Loop 945 (us) 1939.047
Loop 946 (us) 1939.299
Loop 947 (us) 1940.678
Loop 948 (us) 1940.88
Loop 949 (us) 1939.797
Loop 950 (us) 1939.086
Loop 951 (us) 1939.312
Loop 952 (us) 1939.839
Loop 953 (us) 1939.917
Loop 954 (us) 1939.668
Loop 955 (us) 1939.57
Loop 956 (us) 1939.669
Loop 957 (us) 1939.358
Loop 958 (us) 1939.581
Loop 959 (us) 1939.688
Loop 960 (us) 1939.191
Loop 961 (us) 1940.341
Loop 962 (us) 1940.056
Loop 963 (us) 1939.34
Loop 964 (us) 1940.408
Loop 965 (us) 1940.873
Loop 966 (us) 1939.25
Loop 967 (us) 1939.839
Loop 968 (us) 1939.51
Loop 969 (us) 1939.686
Loop 970 (us) 1939.484
Loop 971 (us) 1939.447
Loop 972 (us) 1939.297
Loop 973 (us) 1939.898
Loop 974 (us) 1939.464
Loop 975 (us) 1939.119
Loop 976 (us) 1939.788
Loop 977 (us) 1939.398
Loop 978 (us) 1939.758
Loop 979 (us) 1938.824
Loop 980 (us) 1940.23
Loop 981 (us) 1939.208
Loop 982 (us) 1939.13
Loop 983 (us) 1940.149
Loop 984 (us) 1939.451
Loop 985 (us) 1939.375
Loop 986 (us) 1948.305
Loop 987 (us) 1939.659
Loop 988 (us) 1939.914
Loop 989 (us) 1939.582
Loop 990 (us) 1940.24
Loop 991 (us) 1939.92
Loop 992 (us) 1939.782
Loop 993 (us) 1939.468
Loop 994 (us) 1939.136
Loop 995 (us) 1938.925
Loop 996 (us) 1939.709
Loop 997 (us) 1939.661
Loop 998 (us) 1940.106
Loop 999 (us) 1939.397
Warmup times 0
avgLoopLatency(us) 1940.329306
iops 515.3764347668931
variance 2.9306584588389004
recovery file /tmp4194304replicas.dat.replicasrec0 capacity 4194304
recovery file /tmp4194304replicas.dat.replicasrec1 capacity 4194304
