recoveryErasureCoding, filename /tmp4194304eccache.dat, loop 1000
MicroEC Coding Ready

/tmp4194304eccache.dat is a ReplicasFile!
starting benchmark...
ops 1000
final loop (us) 2123.867
Loop 0 (us) 2100.859
Loop 1 (us) 2052.009
Loop 2 (us) 2032.576
Loop 3 (us) 2295.646
Loop 4 (us) 2137.566
Loop 5 (us) 2043.375
Loop 6 (us) 2056.04
Loop 7 (us) 1946.43
Loop 8 (us) 1965.712
Loop 9 (us) 2097.32
Loop 10 (us) 2102.353
Loop 11 (us) 1973.355
Loop 12 (us) 1957.609
Loop 13 (us) 1978.044
Loop 14 (us) 2067.454
Loop 15 (us) 2061.948
Loop 16 (us) 2058.834
Loop 17 (us) 1947.363
Loop 18 (us) 2252.632
Loop 19 (us) 2116.494
Loop 20 (us) 2019.991
Loop 21 (us) 2718.996
Loop 22 (us) 1979.157
Loop 23 (us) 2217.395
Loop 24 (us) 2202.376
Loop 25 (us) 2049.846
Loop 26 (us) 2072.054
Loop 27 (us) 2002.454
Loop 28 (us) 2247.197
Loop 29 (us) 1976.31
Loop 30 (us) 1959.351
Loop 31 (us) 1814.332
Loop 32 (us) 1832.412
Loop 33 (us) 1901.151
Loop 34 (us) 1976.319
Loop 35 (us) 1986.924
Loop 36 (us) 1914.65
Loop 37 (us) 1844.77
Loop 38 (us) 1965.805
Loop 39 (us) 1916.121
Loop 40 (us) 1885.253
Loop 41 (us) 1965.377
Loop 42 (us) 1993.907
Loop 43 (us) 1891.23
Loop 44 (us) 1820.358
Loop 45 (us) 1914.511
Loop 46 (us) 2198.49
Loop 47 (us) 2165.393
Loop 48 (us) 1951.704
Loop 49 (us) 1858.637
Loop 50 (us) 1920.2
Loop 51 (us) 1731.672
Loop 52 (us) 1774.273
Loop 53 (us) 2261.478
Loop 54 (us) 2161.212
Loop 55 (us) 1912.219
Loop 56 (us) 1957.152
Loop 57 (us) 1981.338
Loop 58 (us) 2114.643
Loop 59 (us) 1810.488
Loop 60 (us) 1874.349
Loop 61 (us) 1731.038
Loop 62 (us) 2200.391
Loop 63 (us) 1840.794
Loop 64 (us) 2119.058
Loop 65 (us) 1886.597
Loop 66 (us) 1805.235
Loop 67 (us) 2072.473
Loop 68 (us) 1713.776
Loop 69 (us) 2179.862
Loop 70 (us) 1943.976
Loop 71 (us) 1706.328
Loop 72 (us) 1866.493
Loop 73 (us) 2051.901
Loop 74 (us) 1804.983
Loop 75 (us) 1706.02
Loop 76 (us) 1958.83
Loop 77 (us) 3534.705
Loop 78 (us) 1852.388
Loop 79 (us) 1678.045
Loop 80 (us) 2120.494
Loop 81 (us) 1844.762
Loop 82 (us) 1644.722
Loop 83 (us) 1651.094
Loop 84 (us) 1729.788
Loop 85 (us) 2248.145
Loop 86 (us) 2034.145
Loop 87 (us) 2330.401
Loop 88 (us) 2023.005
Loop 89 (us) 2258.821
Loop 90 (us) 1833.579
Loop 91 (us) 2008.169
Loop 92 (us) 2049.171
Loop 93 (us) 1956.188
Loop 94 (us) 1794.575
Loop 95 (us) 2022.998
Loop 96 (us) 2154.242
Loop 97 (us) 1664.769
Loop 98 (us) 2162.548
Loop 99 (us) 2007.923
Loop 100 (us) 2185.572
Loop 101 (us) 2007.873
Loop 102 (us) 2142.563
Loop 103 (us) 1604.465
Loop 104 (us) 1951.788
Loop 105 (us) 1626.227
Loop 106 (us) 2135.676
Loop 107 (us) 1990.102
Loop 108 (us) 1761.58
Loop 109 (us) 1953.062
Loop 110 (us) 2111.451
Loop 111 (us) 1749.54
Loop 112 (us) 2017.156
Loop 113 (us) 2070.845
Loop 114 (us) 1935.922
Loop 115 (us) 1582.029
Loop 116 (us) 2068.887
Loop 117 (us) 1928.873
Loop 118 (us) 1907.845
Loop 119 (us) 2189.531
Loop 120 (us) 2056.882
Loop 121 (us) 2047.458
Loop 122 (us) 2240.802
Loop 123 (us) 2092.113
Loop 124 (us) 2007.182
Loop 125 (us) 2036.342
Loop 126 (us) 1910.827
Loop 127 (us) 2081.52
Loop 128 (us) 2183.062
Loop 129 (us) 2061.487
Loop 130 (us) 1950.625
Loop 131 (us) 2179.055
Loop 132 (us) 1736.528
Loop 133 (us) 2092.484
Loop 134 (us) 2148.569
Loop 135 (us) 2190.638
Loop 136 (us) 2117.639
Loop 137 (us) 2039.536
Loop 138 (us) 2033.968
Loop 139 (us) 2218.418
Loop 140 (us) 2110.272
Loop 141 (us) 2102.468
Loop 142 (us) 2155.938
Loop 143 (us) 2019.667
Loop 144 (us) 2077.747
Loop 145 (us) 2104.185
Loop 146 (us) 1991.631
Loop 147 (us) 1972.27
Loop 148 (us) 2062.069
Loop 149 (us) 2194.037
Loop 150 (us) 2032.31
Loop 151 (us) 2171.335
Loop 152 (us) 2021.457
Loop 153 (us) 2008.951
Loop 154 (us) 1957.963
Loop 155 (us) 2020.027
Loop 156 (us) 2160.642
Loop 157 (us) 2122.834
Loop 158 (us) 1886.82
Loop 159 (us) 1984.003
Loop 160 (us) 2080.754
Loop 161 (us) 1936.227
Loop 162 (us) 2146.005
Loop 163 (us) 2064.293
Loop 164 (us) 2079.62
Loop 165 (us) 2068.751
Loop 166 (us) 2009.795
Loop 167 (us) 1992.382
Loop 168 (us) 2183.387
Loop 169 (us) 2099.783
Loop 170 (us) 2010.544
Loop 171 (us) 1876.924
Loop 172 (us) 2070.332
Loop 173 (us) 1917.929
Loop 174 (us) 2127.589
Loop 175 (us) 2022.945
Loop 176 (us) 2078.861
Loop 177 (us) 1965.604
Loop 178 (us) 1842.173
Loop 179 (us) 1831.119
Loop 180 (us) 1992.538
Loop 181 (us) 2147.39
Loop 182 (us) 2020.375
Loop 183 (us) 1827.244
Loop 184 (us) 1931.034
Loop 185 (us) 1846.552
Loop 186 (us) 1860.782
Loop 187 (us) 1905.569
Loop 188 (us) 1928.311
Loop 189 (us) 2098.193
Loop 190 (us) 1857.411
Loop 191 (us) 2120.363
Loop 192 (us) 2016.958
Loop 193 (us) 2005.837
Loop 194 (us) 2124.999
Loop 195 (us) 1944.301
Loop 196 (us) 2075.992
Loop 197 (us) 2142.28
Loop 198 (us) 1735.925
Loop 199 (us) 2237.484
Loop 200 (us) 2070.427
Loop 201 (us) 1928.548
Loop 202 (us) 2013.526
Loop 203 (us) 2071.225
Loop 204 (us) 2246.732
Loop 205 (us) 2177.991
Loop 206 (us) 2155.888
Loop 207 (us) 2043.123
Loop 208 (us) 1976.753
Loop 209 (us) 2031.785
Loop 210 (us) 2131.44
Loop 211 (us) 1973.458
Loop 212 (us) 1874.243
Loop 213 (us) 2205.597
Loop 214 (us) 2160.099
Loop 215 (us) 1903.367
Loop 216 (us) 1959.176
Loop 217 (us) 2160.338
Loop 218 (us) 2147.027
Loop 219 (us) 1988.603
Loop 220 (us) 2145.751
Loop 221 (us) 1830.172
Loop 222 (us) 2113.226
Loop 223 (us) 2056.639
Loop 224 (us) 2038.517
Loop 225 (us) 1955.272
Loop 226 (us) 2114.367
Loop 227 (us) 1949.099
Loop 228 (us) 2063.981
Loop 229 (us) 1912.164
Loop 230 (us) 1761.816
Loop 231 (us) 2033.327
Loop 232 (us) 1994.621
Loop 233 (us) 2140.143
Loop 234 (us) 1779.027
Loop 235 (us) 2124.689
Loop 236 (us) 2143.895
Loop 237 (us) 2018.952
Loop 238 (us) 1754.782
Loop 239 (us) 2040.716
Loop 240 (us) 2036.033
Loop 241 (us) 1994.076
Loop 242 (us) 2161.405
Loop 243 (us) 2070.051
Loop 244 (us) 2070.717
Loop 245 (us) 1963.918
Loop 246 (us) 1873.974
Loop 247 (us) 1871.713
Loop 248 (us) 2090.848
Loop 249 (us) 2075.189
Loop 250 (us) 2036.044
Loop 251 (us) 2029.174
Loop 252 (us) 2076.532
Loop 253 (us) 1959.537
Loop 254 (us) 1864.976
Loop 255 (us) 2019.947
Loop 256 (us) 2189.095
Loop 257 (us) 2196.311
Loop 258 (us) 2025.061
Loop 259 (us) 1957.877
Loop 260 (us) 2026.594
Loop 261 (us) 2174.091
Loop 262 (us) 1984.297
Loop 263 (us) 2037.243
Loop 264 (us) 1889.913
Loop 265 (us) 1955.668
Loop 266 (us) 2077.617
Loop 267 (us) 1846.03
Loop 268 (us) 1954.134
Loop 269 (us) 2274.018
Loop 270 (us) 2090.952
Loop 271 (us) 2263.279
Loop 272 (us) 2134.674
Loop 273 (us) 1938.862
Loop 274 (us) 1859.591
Loop 275 (us) 1813.067
Loop 276 (us) 2114.736
Loop 277 (us) 2157.315
Loop 278 (us) 2070.843
Loop 279 (us) 2057.033
Loop 280 (us) 2015.673
Loop 281 (us) 1777.217
Loop 282 (us) 2276.951
Loop 283 (us) 1957.05
Loop 284 (us) 2107.103
Loop 285 (us) 1985.728
Loop 286 (us) 1984.547
Loop 287 (us) 1952.042
Loop 288 (us) 1793.735
Loop 289 (us) 1785.9
Loop 290 (us) 1882.129
Loop 291 (us) 2224.267
Loop 292 (us) 2193.794
Loop 293 (us) 2171.35
Loop 294 (us) 2038.002
Loop 295 (us) 1971.776
Loop 296 (us) 1934.138
Loop 297 (us) 1724.351
Loop 298 (us) 2265.45
Loop 299 (us) 1889.802
Loop 300 (us) 2188.878
Loop 301 (us) 1919.845
Loop 302 (us) 1725.182
Loop 303 (us) 2020.478
Loop 304 (us) 1955.59
Loop 305 (us) 2047.184
Loop 306 (us) 2107.228
Loop 307 (us) 1737.585
Loop 308 (us) 2038.005
Loop 309 (us) 2126.79
Loop 310 (us) 2006.022
Loop 311 (us) 2042.086
Loop 312 (us) 1984.967
Loop 313 (us) 1927.716
Loop 314 (us) 1999.362
Loop 315 (us) 1850.267
Loop 316 (us) 1647.551
Loop 317 (us) 2070.008
Loop 318 (us) 1825.197
Loop 319 (us) 2175.314
Loop 320 (us) 2148.705
Loop 321 (us) 2015.672
Loop 322 (us) 1900.66
Loop 323 (us) 2038.032
Loop 324 (us) 2184.744
Loop 325 (us) 2157.876
Loop 326 (us) 1659.25
Loop 327 (us) 2185.26
Loop 328 (us) 1822.928
Loop 329 (us) 2201.123
Loop 330 (us) 2111.253
Loop 331 (us) 1964.328
Loop 332 (us) 1932.685
Loop 333 (us) 1822.194
Loop 334 (us) 1957.771
Loop 335 (us) 2107.097
Loop 336 (us) 2205.821
Loop 337 (us) 2067.676
Loop 338 (us) 2254.22
Loop 339 (us) 2148.129
Loop 340 (us) 2247.225
Loop 341 (us) 2170.217
Loop 342 (us) 2115.632
Loop 343 (us) 2196.085
Loop 344 (us) 2184.755
Loop 345 (us) 2088.088
Loop 346 (us) 1621.08
Loop 347 (us) 2165.331
Loop 348 (us) 2051.213
Loop 349 (us) 2128.132
Loop 350 (us) 1981.684
Loop 351 (us) 2074.322
Loop 352 (us) 2053.404
Loop 353 (us) 2031.636
Loop 354 (us) 2243.996
Loop 355 (us) 2029.542
Loop 356 (us) 2011.421
Loop 357 (us) 2152.162
Loop 358 (us) 2089.727
Loop 359 (us) 2147.645
Loop 360 (us) 1838.837
Loop 361 (us) 2207.537
Loop 362 (us) 2152.864
Loop 363 (us) 2103.557
Loop 364 (us) 2141.457
Loop 365 (us) 1833.074
Loop 366 (us) 2086.404
Loop 367 (us) 2171.795
Loop 368 (us) 2112.063
Loop 369 (us) 2071.79
Loop 370 (us) 1780.094
Loop 371 (us) 2135.152
Loop 372 (us) 2113.912
Loop 373 (us) 1872.727
Loop 374 (us) 1959.544
Loop 375 (us) 2095.905
Loop 376 (us) 1915.629
Loop 377 (us) 1897.641
Loop 378 (us) 2075.433
Loop 379 (us) 2003.938
Loop 380 (us) 2009.342
Loop 381 (us) 1731.993
Loop 382 (us) 2049.246
Loop 383 (us) 1928.8
Loop 384 (us) 2189.391
Loop 385 (us) 2112.456
Loop 386 (us) 2023.935
Loop 387 (us) 1818.608
Loop 388 (us) 1809.651
Loop 389 (us) 2195.859
Loop 390 (us) 2004.776
Loop 391 (us) 1946.295
Loop 392 (us) 2121.152
Loop 393 (us) 1970.332
Loop 394 (us) 1863.761
Loop 395 (us) 2053.833
Loop 396 (us) 2105.283
Loop 397 (us) 1940.162
Loop 398 (us) 1964.006
Loop 399 (us) 2091.822
Loop 400 (us) 1849.628
Loop 401 (us) 1977.073
Loop 402 (us) 2130.406
Loop 403 (us) 2240.559
Loop 404 (us) 2185.645
Loop 405 (us) 1925.968
Loop 406 (us) 1946.493
Loop 407 (us) 2194.489
Loop 408 (us) 2109.283
Loop 409 (us) 1935.747
Loop 410 (us) 2004.967
Loop 411 (us) 1890.241
Loop 412 (us) 1960.139
Loop 413 (us) 1941.665
Loop 414 (us) 2193.172
Loop 415 (us) 1932.48
Loop 416 (us) 1812.173
Loop 417 (us) 1950.961
Loop 418 (us) 2069.901
Loop 419 (us) 2077.382
Loop 420 (us) 2031.511
Loop 421 (us) 2140.084
Loop 422 (us) 2040.895
Loop 423 (us) 2070.87
Loop 424 (us) 1978.67
Loop 425 (us) 2164.739
Loop 426 (us) 2130.225
Loop 427 (us) 2103.881
Loop 428 (us) 1938.283
Loop 429 (us) 2116.675
Loop 430 (us) 2109.655
Loop 431 (us) 2074.231
Loop 432 (us) 2142.871
Loop 433 (us) 1958.758
Loop 434 (us) 2036.091
Loop 435 (us) 2030.713
Loop 436 (us) 2016.342
Loop 437 (us) 2049.58
Loop 438 (us) 2085.831
Loop 439 (us) 2027.817
Loop 440 (us) 1898.219
Loop 441 (us) 2104.972
Loop 442 (us) 2185.711
Loop 443 (us) 1966.045
Loop 444 (us) 2004.262
Loop 445 (us) 1986.234
Loop 446 (us) 2140.878
Loop 447 (us) 2077.026
Loop 448 (us) 2045.494
Loop 449 (us) 2009.626
Loop 450 (us) 2181.313
Loop 451 (us) 2084.304
Loop 452 (us) 2205.44
Loop 453 (us) 2201.601
Loop 454 (us) 2039.005
Loop 455 (us) 2083.6
Loop 456 (us) 1968.718
Loop 457 (us) 2137.778
Loop 458 (us) 1830.382
Loop 459 (us) 1960.719
Loop 460 (us) 1830.74
Loop 461 (us) 1899.91
Loop 462 (us) 1870.674
Loop 463 (us) 2038.505
Loop 464 (us) 2269.528
Loop 465 (us) 1982.987
Loop 466 (us) 2034.305
Loop 467 (us) 1812.476
Loop 468 (us) 2167.615
Loop 469 (us) 1975.034
Loop 470 (us) 2069.64
Loop 471 (us) 2191.381
Loop 472 (us) 2089.037
Loop 473 (us) 1829.294
Loop 474 (us) 1956.319
Loop 475 (us) 2187.327
Loop 476 (us) 2075.546
Loop 477 (us) 1871.595
Loop 478 (us) 1831.189
Loop 479 (us) 1922.584
Loop 480 (us) 1890.541
Loop 481 (us) 2045.03
Loop 482 (us) 2039.566
Loop 483 (us) 2017.098
Loop 484 (us) 1879.48
Loop 485 (us) 2198.894
Loop 486 (us) 1979.14
Loop 487 (us) 2148.864
Loop 488 (us) 2144.612
Loop 489 (us) 2165.356
Loop 490 (us) 2169.512
Loop 491 (us) 1941.433
Loop 492 (us) 1859.246
Loop 493 (us) 2127.029
Loop 494 (us) 1950.623
Loop 495 (us) 1956.064
Loop 496 (us) 2236.211
Loop 497 (us) 2008.999
Loop 498 (us) 2179.465
Loop 499 (us) 1947.996
Loop 500 (us) 2030.091
Loop 501 (us) 1956.613
Loop 502 (us) 2182.324
Loop 503 (us) 2177.311
Loop 504 (us) 2037.835
Loop 505 (us) 2112.132
Loop 506 (us) 2099.512
Loop 507 (us) 1920.409
Loop 508 (us) 1947.735
Loop 509 (us) 2014.809
Loop 510 (us) 1999.108
Loop 511 (us) 1940.482
Loop 512 (us) 2001.15
Loop 513 (us) 2124.636
Loop 514 (us) 2073.272
Loop 515 (us) 1951.422
Loop 516 (us) 2098.136
Loop 517 (us) 2109.029
Loop 518 (us) 2077.349
Loop 519 (us) 1873.746
Loop 520 (us) 2233.162
Loop 521 (us) 1938.207
Loop 522 (us) 2009.042
Loop 523 (us) 1870.175
Loop 524 (us) 2229.245
Loop 525 (us) 1897.746
Loop 526 (us) 1913.468
Loop 527 (us) 2125.783
Loop 528 (us) 1968.748
Loop 529 (us) 2162.551
Loop 530 (us) 1953.086
Loop 531 (us) 2048.017
Loop 532 (us) 1889.123
Loop 533 (us) 1955.289
Loop 534 (us) 2154.428
Loop 535 (us) 1876.924
Loop 536 (us) 2184.293
Loop 537 (us) 1945.516
Loop 538 (us) 1762.668
Loop 539 (us) 1756.682
Loop 540 (us) 2035.701
Loop 541 (us) 1770.873
Loop 542 (us) 1738.144
Loop 543 (us) 1921.373
Loop 544 (us) 2103.533
Loop 545 (us) 1732.263
Loop 546 (us) 1954.158
Loop 547 (us) 1888.981
Loop 548 (us) 1808.702
Loop 549 (us) 1809.532
Loop 550 (us) 2204.295
Loop 551 (us) 2056.431
Loop 552 (us) 1803.67
Loop 553 (us) 2157.112
Loop 554 (us) 1880.025
Loop 555 (us) 1891.254
Loop 556 (us) 1917.752
Loop 557 (us) 2127.747
Loop 558 (us) 1851.316
Loop 559 (us) 2104.889
Loop 560 (us) 1740.675
Loop 561 (us) 1873.768
Loop 562 (us) 2158.712
Loop 563 (us) 2021.69
Loop 564 (us) 2115.515
Loop 565 (us) 2101.98
Loop 566 (us) 2061.488
Loop 567 (us) 2003.046
Loop 568 (us) 1955.438
Loop 569 (us) 2167.916
Loop 570 (us) 1970.982
Loop 571 (us) 1874.314
Loop 572 (us) 2054.263
Loop 573 (us) 2177.045
Loop 574 (us) 2090.165
Loop 575 (us) 1877.779
Loop 576 (us) 1974.33
Loop 577 (us) 2069.395
Loop 578 (us) 1913.613
Loop 579 (us) 1835.943
Loop 580 (us) 1814.361
Loop 581 (us) 2146.819
Loop 582 (us) 2043.71
Loop 583 (us) 2035.172
Loop 584 (us) 1985.925
Loop 585 (us) 1935.577
Loop 586 (us) 1940.063
Loop 587 (us) 1959.888
Loop 588 (us) 2113.961
Loop 589 (us) 1991.126
Loop 590 (us) 2007.641
Loop 591 (us) 1981.334
Loop 592 (us) 2132.578
Loop 593 (us) 2017.899
Loop 594 (us) 2195.299
Loop 595 (us) 2556.775
Loop 596 (us) 1829.307
Loop 597 (us) 2199.227
Loop 598 (us) 2008.546
Loop 599 (us) 2014.505
Loop 600 (us) 1923.171
Loop 601 (us) 1864.946
Loop 602 (us) 2039.598
Loop 603 (us) 1930.997
Loop 604 (us) 2032.399
Loop 605 (us) 1972.004
Loop 606 (us) 1991.869
Loop 607 (us) 1958.562
Loop 608 (us) 2141.034
Loop 609 (us) 1947.387
Loop 610 (us) 1931.809
Loop 611 (us) 2125.838
Loop 612 (us) 2088.133
Loop 613 (us) 2071.656
Loop 614 (us) 1920.291
Loop 615 (us) 1716.367
Loop 616 (us) 1884.491
Loop 617 (us) 1869.228
Loop 618 (us) 1781.533
Loop 619 (us) 1733.705
Loop 620 (us) 1725.074
Loop 621 (us) 2120.743
Loop 622 (us) 1966.139
Loop 623 (us) 2006.57
Loop 624 (us) 1994.242
Loop 625 (us) 1712.59
Loop 626 (us) 2021.352
Loop 627 (us) 1913.947
Loop 628 (us) 1995.108
Loop 629 (us) 2168.216
Loop 630 (us) 2008.924
Loop 631 (us) 1985.432
Loop 632 (us) 1840.33
Loop 633 (us) 1833.7
Loop 634 (us) 2247.872
Loop 635 (us) 2104.667
Loop 636 (us) 2091.453
Loop 637 (us) 2144.882
Loop 638 (us) 2003.105
Loop 639 (us) 2063.887
Loop 640 (us) 1885.168
Loop 641 (us) 2182.893
Loop 642 (us) 2006.014
Loop 643 (us) 1912.507
Loop 644 (us) 2200.827
Loop 645 (us) 1932.504
Loop 646 (us) 1876.335
Loop 647 (us) 1912.688
Loop 648 (us) 1735.534
Loop 649 (us) 2046.854
Loop 650 (us) 1712.524
Loop 651 (us) 2250.372
Loop 652 (us) 2140.93
Loop 653 (us) 2118.339
Loop 654 (us) 1657.296
Loop 655 (us) 1641.32
Loop 656 (us) 2164.7
Loop 657 (us) 2057.574
Loop 658 (us) 2068.94
Loop 659 (us) 2111.376
Loop 660 (us) 2070.828
Loop 661 (us) 1630.298
Loop 662 (us) 1606.644
Loop 663 (us) 2129.921
Loop 664 (us) 1818.362
Loop 665 (us) 2065.598
Loop 666 (us) 2048.873
Loop 667 (us) 2035.799
Loop 668 (us) 1868.001
Loop 669 (us) 2253.111
Loop 670 (us) 2014.447
Loop 671 (us) 1794.735
Loop 672 (us) 1883.671
Loop 673 (us) 2222.71
Loop 674 (us) 2023.77
Loop 675 (us) 2077.802
Loop 676 (us) 2188.239
Loop 677 (us) 1975.626
Loop 678 (us) 2037.564
Loop 679 (us) 2099.283
Loop 680 (us) 2164.458
Loop 681 (us) 2126.533
Loop 682 (us) 2025.708
Loop 683 (us) 1764.454
Loop 684 (us) 2159.628
Loop 685 (us) 2069.147
Loop 686 (us) 1827.803
Loop 687 (us) 1953.972
Loop 688 (us) 2022.341
Loop 689 (us) 1913.605
Loop 690 (us) 1784.884
Loop 691 (us) 1597.217
Loop 692 (us) 2237.13
Loop 693 (us) 2033.314
Loop 694 (us) 1768.733
Loop 695 (us) 1887.89
Loop 696 (us) 2015.591
Loop 697 (us) 2008.121
Loop 698 (us) 1732.861
Loop 699 (us) 2012.89
Loop 700 (us) 2053.24
Loop 701 (us) 1812.68
Loop 702 (us) 1569.337
Loop 703 (us) 2175.165
Loop 704 (us) 1735.232
Loop 705 (us) 1557.842
Loop 706 (us) 1985.218
Loop 707 (us) 2054.777
Loop 708 (us) 1874.521
Loop 709 (us) 2230.38
Loop 710 (us) 2103.841
Loop 711 (us) 1902.637
Loop 712 (us) 1824.962
Loop 713 (us) 2255.868
Loop 714 (us) 1888.06
Loop 715 (us) 2138.85
Loop 716 (us) 1882.65
Loop 717 (us) 1832.527
Loop 718 (us) 1956.715
Loop 719 (us) 1752.804
Loop 720 (us) 1957.663
Loop 721 (us) 1914.782
Loop 722 (us) 2183.171
Loop 723 (us) 1865.304
Loop 724 (us) 2079.01
Loop 725 (us) 1941.252
Loop 726 (us) 2103.223
Loop 727 (us) 2138.326
Loop 728 (us) 1928.936
Loop 729 (us) 2074.074
Loop 730 (us) 1902.68
Loop 731 (us) 1896.352
Loop 732 (us) 2043.902
Loop 733 (us) 1833.686
Loop 734 (us) 2035.317
Loop 735 (us) 1961.057
Loop 736 (us) 1902.177
Loop 737 (us) 1622.698
Loop 738 (us) 1728.485
Loop 739 (us) 1617.805
Loop 740 (us) 1727.376
Loop 741 (us) 2021.737
Loop 742 (us) 1853.199
Loop 743 (us) 1962.031
Loop 744 (us) 2009.643
Loop 745 (us) 1907.37
Loop 746 (us) 1964.406
Loop 747 (us) 1889.301
Loop 748 (us) 1985.307
Loop 749 (us) 2068.571
Loop 750 (us) 2022.997
Loop 751 (us) 1919.821
Loop 752 (us) 1758.896
Loop 753 (us) 1823.054
Loop 754 (us) 1810.152
Loop 755 (us) 1578.528
Loop 756 (us) 1825.156
Loop 757 (us) 1692.589
Loop 758 (us) 1776.514
Loop 759 (us) 2002.264
Loop 760 (us) 1764.382
Loop 761 (us) 1654.762
Loop 762 (us) 1581.009
Loop 763 (us) 2240.557
Loop 764 (us) 1835.101
Loop 765 (us) 1776.042
Loop 766 (us) 1763.576
Loop 767 (us) 1753.418
Loop 768 (us) 2119.228
Loop 769 (us) 1938.521
Loop 770 (us) 1618.402
Loop 771 (us) 2146.447
Loop 772 (us) 1922.703
Loop 773 (us) 2106.205
Loop 774 (us) 2031.482
Loop 775 (us) 1785.419
Loop 776 (us) 2210.289
Loop 777 (us) 1928.745
Loop 778 (us) 2091.11
Loop 779 (us) 2045.168
Loop 780 (us) 2187.989
Loop 781 (us) 1736.63
Loop 782 (us) 2058.202
Loop 783 (us) 2007.794
Loop 784 (us) 1743.284
Loop 785 (us) 1728.695
Loop 786 (us) 2078.745
Loop 787 (us) 1770.95
Loop 788 (us) 2061.261
Loop 789 (us) 1872.429
Loop 790 (us) 2025.681
Loop 791 (us) 1999.971
Loop 792 (us) 1959.685
Loop 793 (us) 1745.895
Loop 794 (us) 2038.547
Loop 795 (us) 2195.099
Loop 796 (us) 2018.681
Loop 797 (us) 2015.881
Loop 798 (us) 1570.028
Loop 799 (us) 2342.234
Loop 800 (us) 1753.0
Loop 801 (us) 1898.821
Loop 802 (us) 1608.689
Loop 803 (us) 2261.932
Loop 804 (us) 1993.418
Loop 805 (us) 1948.651
Loop 806 (us) 1774.738
Loop 807 (us) 2006.93
Loop 808 (us) 2235.753
Loop 809 (us) 1926.584
Loop 810 (us) 1746.858
Loop 811 (us) 2042.602
Loop 812 (us) 1908.056
Loop 813 (us) 2166.635
Loop 814 (us) 2203.863
Loop 815 (us) 2126.257
Loop 816 (us) 2171.957
Loop 817 (us) 1942.95
Loop 818 (us) 1864.969
Loop 819 (us) 1747.096
Loop 820 (us) 1998.782
Loop 821 (us) 2159.996
Loop 822 (us) 1943.485
Loop 823 (us) 2130.202
Loop 824 (us) 1909.631
Loop 825 (us) 2092.134
Loop 826 (us) 1996.132
Loop 827 (us) 1974.477
Loop 828 (us) 2083.14
Loop 829 (us) 1747.751
Loop 830 (us) 2118.575
Loop 831 (us) 2018.081
Loop 832 (us) 1593.377
Loop 833 (us) 2065.867
Loop 834 (us) 2070.141
Loop 835 (us) 1593.814
Loop 836 (us) 1581.113
Loop 837 (us) 2138.063
Loop 838 (us) 2039.639
Loop 839 (us) 1933.562
Loop 840 (us) 2129.772
Loop 841 (us) 2137.706
Loop 842 (us) 2202.994
Loop 843 (us) 2211.621
Loop 844 (us) 1763.571
Loop 845 (us) 1982.76
Loop 846 (us) 1847.235
Loop 847 (us) 1833.469
Loop 848 (us) 1981.826
Loop 849 (us) 2280.42
Loop 850 (us) 1771.858
Loop 851 (us) 2107.923
Loop 852 (us) 2161.451
Loop 853 (us) 1884.184
Loop 854 (us) 2035.745
Loop 855 (us) 1892.741
Loop 856 (us) 1982.0
Loop 857 (us) 1783.835
Loop 858 (us) 2102.991
Loop 859 (us) 2000.975
Loop 860 (us) 1968.88
Loop 861 (us) 1922.287
Loop 862 (us) 2017.485
Loop 863 (us) 1915.35
Loop 864 (us) 1997.295
Loop 865 (us) 1890.433
Loop 866 (us) 1736.199
Loop 867 (us) 1730.517
Loop 868 (us) 1728.655
Loop 869 (us) 2038.582
Loop 870 (us) 2250.135
Loop 871 (us) 2201.263
Loop 872 (us) 2178.884
Loop 873 (us) 2085.157
Loop 874 (us) 1976.557
Loop 875 (us) 1917.196
Loop 876 (us) 2131.645
Loop 877 (us) 1765.114
Loop 878 (us) 1909.319
Loop 879 (us) 2056.701
Loop 880 (us) 1829.722
Loop 881 (us) 2139.534
Loop 882 (us) 1948.514
Loop 883 (us) 1872.026
Loop 884 (us) 1841.082
Loop 885 (us) 2222.266
Loop 886 (us) 2022.359
Loop 887 (us) 1809.055
Loop 888 (us) 2204.982
Loop 889 (us) 2151.874
Loop 890 (us) 1893.665
Loop 891 (us) 1876.195
Loop 892 (us) 2065.857
Loop 893 (us) 2056.616
Loop 894 (us) 2052.402
Loop 895 (us) 1708.896
Loop 896 (us) 2288.929
Loop 897 (us) 1980.249
Loop 898 (us) 1849.363
Loop 899 (us) 1747.846
Loop 900 (us) 1676.217
Loop 901 (us) 1851.84
Loop 902 (us) 1710.6
Loop 903 (us) 1880.154
Loop 904 (us) 2079.049
Loop 905 (us) 1957.548
Loop 906 (us) 1832.562
Loop 907 (us) 2221.134
Loop 908 (us) 2022.982
Loop 909 (us) 1812.423
Loop 910 (us) 1804.372
Loop 911 (us) 2200.379
Loop 912 (us) 1896.327
Loop 913 (us) 1876.935
Loop 914 (us) 1929.303
Loop 915 (us) 1711.299
Loop 916 (us) 2074.631
Loop 917 (us) 1824.99
Loop 918 (us) 1858.633
Loop 919 (us) 1657.044
Loop 920 (us) 1658.645
Loop 921 (us) 1890.954
Loop 922 (us) 1893.844
Loop 923 (us) 1673.634
Loop 924 (us) 1619.761
Loop 925 (us) 1751.952
Loop 926 (us) 2069.56
Loop 927 (us) 2226.864
Loop 928 (us) 2187.12
Loop 929 (us) 1945.391
Loop 930 (us) 1769.227
Loop 931 (us) 1870.955
Loop 932 (us) 1883.11
Loop 933 (us) 2278.435
Loop 934 (us) 1939.522
Loop 935 (us) 2065.811
Loop 936 (us) 2142.887
Loop 937 (us) 2114.64
Loop 938 (us) 1756.885
Loop 939 (us) 1993.529
Loop 940 (us) 1856.43
Loop 941 (us) 2021.053
Loop 942 (us) 1773.478
Loop 943 (us) 1704.045
Loop 944 (us) 1592.194
Loop 945 (us) 1870.938
Loop 946 (us) 1789.27
Loop 947 (us) 1931.616
Loop 948 (us) 1875.95
Loop 949 (us) 1751.667
Loop 950 (us) 2238.603
Loop 951 (us) 1829.826
Loop 952 (us) 2268.522
Loop 953 (us) 2162.226
Loop 954 (us) 1695.827
Loop 955 (us) 2087.578
Loop 956 (us) 1970.819
Loop 957 (us) 2213.272
Loop 958 (us) 2192.222
Loop 959 (us) 2148.607
Loop 960 (us) 2079.325
Loop 961 (us) 1639.075
Loop 962 (us) 1606.113
Loop 963 (us) 1949.896
Loop 964 (us) 1973.845
Loop 965 (us) 2281.636
Loop 966 (us) 2205.494
Loop 967 (us) 2098.01
Loop 968 (us) 1634.516
Loop 969 (us) 2264.621
Loop 970 (us) 2101.322
Loop 971 (us) 1895.278
Loop 972 (us) 2060.435
Loop 973 (us) 1958.29
Loop 974 (us) 1595.63
Loop 975 (us) 2177.927
Loop 976 (us) 2053.093
Loop 977 (us) 2182.271
Loop 978 (us) 1747.159
Loop 979 (us) 1559.678
Loop 980 (us) 1951.841
Loop 981 (us) 1582.187
Loop 982 (us) 2120.531
Loop 983 (us) 2077.086
Loop 984 (us) 2018.208
Loop 985 (us) 2104.488
Loop 986 (us) 2056.676
Loop 987 (us) 2000.263
Loop 988 (us) 1893.802
Loop 989 (us) 2120.152
Loop 990 (us) 2186.777
Loop 991 (us) 2062.422
Loop 992 (us) 1734.64
Loop 993 (us) 1883.378
Loop 994 (us) 2230.585
Loop 995 (us) 2172.051
Loop 996 (us) 2023.979
Loop 997 (us) 2095.282
Loop 998 (us) 2085.231
Loop 999 (us) 2123.867
Warmup times 0
avgLoopLatency(us) 1993.2479720000001
iops 501.6937250394453
variance 164.91146626235306
recovery file /tmp4194304eccache.dat.nativerec0 capacity 1048576
recovery file /tmp4194304eccache.dat.nativerec1 capacity 1048576
