recoveryMicroEC, filename /tmp65536eccache.dat monECSubStripeNum 4 transferSize 16384 loop 1000 degradeNum 2
MicroEC Coding Ready

/tmp65536eccache.dat is a ReplicasFile!
networkSizeArray [16384]
starting benchmark...
ops 1000
final loop (us) 44.701
Loop 0 (us) 107.986
Loop 1 (us) 96.815
Loop 2 (us) 56.632
Loop 3 (us) 54.518
Loop 4 (us) 53.674
Loop 5 (us) 54.09
Loop 6 (us) 53.981
Loop 7 (us) 59.211
Loop 8 (us) 54.669
Loop 9 (us) 52.92
Loop 10 (us) 53.403
Loop 11 (us) 54.214
Loop 12 (us) 55.92
Loop 13 (us) 55.641
Loop 14 (us) 57.771
Loop 15 (us) 64.346
Loop 16 (us) 75.261
Loop 17 (us) 54.835
Loop 18 (us) 52.105
Loop 19 (us) 52.289
Loop 20 (us) 54.148
Loop 21 (us) 53.08
Loop 22 (us) 54.736
Loop 23 (us) 53.634
Loop 24 (us) 62.486
Loop 25 (us) 55.202
Loop 26 (us) 55.405
Loop 27 (us) 55.061
Loop 28 (us) 54.848
Loop 29 (us) 55.289
Loop 30 (us) 54.381
Loop 31 (us) 54.055
Loop 32 (us) 53.146
Loop 33 (us) 52.153
Loop 34 (us) 52.043
Loop 35 (us) 51.538
Loop 36 (us) 52.775
Loop 37 (us) 52.997
Loop 38 (us) 52.0
Loop 39 (us) 52.196
Loop 40 (us) 51.538
Loop 41 (us) 58.529
Loop 42 (us) 52.294
Loop 43 (us) 52.322
Loop 44 (us) 53.136
Loop 45 (us) 70.803
Loop 46 (us) 52.382
Loop 47 (us) 50.316
Loop 48 (us) 50.765
Loop 49 (us) 51.376
Loop 50 (us) 50.847
Loop 51 (us) 51.41
Loop 52 (us) 51.179
Loop 53 (us) 51.283
Loop 54 (us) 50.665
Loop 55 (us) 51.875
Loop 56 (us) 51.441
Loop 57 (us) 50.178
Loop 58 (us) 56.687
Loop 59 (us) 52.679
Loop 60 (us) 51.367
Loop 61 (us) 51.64
Loop 62 (us) 51.146
Loop 63 (us) 53.044
Loop 64 (us) 51.442
Loop 65 (us) 51.473
Loop 66 (us) 70.883
Loop 67 (us) 54.474
Loop 68 (us) 51.905
Loop 69 (us) 52.579
Loop 70 (us) 51.072
Loop 71 (us) 51.094
Loop 72 (us) 51.309
Loop 73 (us) 50.434
Loop 74 (us) 56.253
Loop 75 (us) 68.505
Loop 76 (us) 52.231
Loop 77 (us) 51.465
Loop 78 (us) 50.762
Loop 79 (us) 59.68
Loop 80 (us) 55.44
Loop 81 (us) 51.314
Loop 82 (us) 70.289
Loop 83 (us) 52.256
Loop 84 (us) 51.681
Loop 85 (us) 67.521
Loop 86 (us) 52.856
Loop 87 (us) 54.616
Loop 88 (us) 64.687
Loop 89 (us) 54.009
Loop 90 (us) 50.829
Loop 91 (us) 58.671
Loop 92 (us) 52.1
Loop 93 (us) 64.521
Loop 94 (us) 58.401
Loop 95 (us) 52.192
Loop 96 (us) 96.321
Loop 97 (us) 73.93
Loop 98 (us) 53.043
Loop 99 (us) 51.656
Loop 100 (us) 50.882
Loop 101 (us) 51.573
Loop 102 (us) 51.682
Loop 103 (us) 51.569
Loop 104 (us) 51.088
Loop 105 (us) 51.24
Loop 106 (us) 50.894
Loop 107 (us) 58.146
Loop 108 (us) 51.522
Loop 109 (us) 61.981
Loop 110 (us) 52.636
Loop 111 (us) 51.72
Loop 112 (us) 50.887
Loop 113 (us) 51.594
Loop 114 (us) 73.389
Loop 115 (us) 52.827
Loop 116 (us) 50.893
Loop 117 (us) 50.618
Loop 118 (us) 51.062
Loop 119 (us) 52.951
Loop 120 (us) 51.471
Loop 121 (us) 51.396
Loop 122 (us) 50.529
Loop 123 (us) 51.246
Loop 124 (us) 56.583
Loop 125 (us) 52.206
Loop 126 (us) 57.694
Loop 127 (us) 55.573
Loop 128 (us) 51.103
Loop 129 (us) 50.618
Loop 130 (us) 51.638
Loop 131 (us) 50.786
Loop 132 (us) 50.972
Loop 133 (us) 50.547
Loop 134 (us) 50.457
Loop 135 (us) 50.847
Loop 136 (us) 54.33
Loop 137 (us) 51.451
Loop 138 (us) 49.722
Loop 139 (us) 49.966
Loop 140 (us) 51.507
Loop 141 (us) 50.785
Loop 142 (us) 56.71
Loop 143 (us) 62.428
Loop 144 (us) 51.066
Loop 145 (us) 51.061
Loop 146 (us) 56.437
Loop 147 (us) 50.847
Loop 148 (us) 51.183
Loop 149 (us) 50.356
Loop 150 (us) 52.751
Loop 151 (us) 52.391
Loop 152 (us) 52.165
Loop 153 (us) 50.793
Loop 154 (us) 50.653
Loop 155 (us) 50.414
Loop 156 (us) 50.317
Loop 157 (us) 49.971
Loop 158 (us) 50.587
Loop 159 (us) 52.921
Loop 160 (us) 78.362
Loop 161 (us) 50.866
Loop 162 (us) 50.334
Loop 163 (us) 50.012
Loop 164 (us) 50.786
Loop 165 (us) 50.002
Loop 166 (us) 50.569
Loop 167 (us) 50.731
Loop 168 (us) 50.164
Loop 169 (us) 49.89
Loop 170 (us) 50.215
Loop 171 (us) 50.385
Loop 172 (us) 50.689
Loop 173 (us) 50.337
Loop 174 (us) 51.015
Loop 175 (us) 60.752
Loop 176 (us) 51.017
Loop 177 (us) 59.235
Loop 178 (us) 50.777
Loop 179 (us) 50.609
Loop 180 (us) 72.416
Loop 181 (us) 60.686
Loop 182 (us) 54.07
Loop 183 (us) 51.898
Loop 184 (us) 50.866
Loop 185 (us) 49.83
Loop 186 (us) 50.35
Loop 187 (us) 50.21
Loop 188 (us) 66.369
Loop 189 (us) 52.105
Loop 190 (us) 51.912
Loop 191 (us) 51.168
Loop 192 (us) 50.203
Loop 193 (us) 50.311
Loop 194 (us) 59.027
Loop 195 (us) 51.225
Loop 196 (us) 50.722
Loop 197 (us) 50.783
Loop 198 (us) 49.528
Loop 199 (us) 50.023
Loop 200 (us) 51.161
Loop 201 (us) 50.811
Loop 202 (us) 49.599
Loop 203 (us) 50.825
Loop 204 (us) 50.26
Loop 205 (us) 49.831
Loop 206 (us) 59.846
Loop 207 (us) 59.265
Loop 208 (us) 50.609
Loop 209 (us) 50.228
Loop 210 (us) 50.696
Loop 211 (us) 50.159
Loop 212 (us) 57.3
Loop 213 (us) 69.468
Loop 214 (us) 50.423
Loop 215 (us) 49.888
Loop 216 (us) 49.84
Loop 217 (us) 49.253
Loop 218 (us) 48.783
Loop 219 (us) 49.197
Loop 220 (us) 48.796
Loop 221 (us) 49.379
Loop 222 (us) 49.468
Loop 223 (us) 49.896
Loop 224 (us) 49.343
Loop 225 (us) 50.089
Loop 226 (us) 49.827
Loop 227 (us) 49.187
Loop 228 (us) 49.154
Loop 229 (us) 49.574
Loop 230 (us) 53.357
Loop 231 (us) 49.952
Loop 232 (us) 49.552
Loop 233 (us) 49.433
Loop 234 (us) 49.402
Loop 235 (us) 50.189
Loop 236 (us) 49.293
Loop 237 (us) 51.477
Loop 238 (us) 50.257
Loop 239 (us) 49.757
Loop 240 (us) 49.321
Loop 241 (us) 50.208
Loop 242 (us) 70.71
Loop 243 (us) 50.617
Loop 244 (us) 50.568
Loop 245 (us) 48.618
Loop 246 (us) 49.368
Loop 247 (us) 49.911
Loop 248 (us) 54.499
Loop 249 (us) 49.417
Loop 250 (us) 48.903
Loop 251 (us) 49.768
Loop 252 (us) 49.873
Loop 253 (us) 48.947
Loop 254 (us) 49.421
Loop 255 (us) 60.554
Loop 256 (us) 49.458
Loop 257 (us) 51.361
Loop 258 (us) 50.955
Loop 259 (us) 49.656
Loop 260 (us) 49.691
Loop 261 (us) 49.132
Loop 262 (us) 49.244
Loop 263 (us) 50.04
Loop 264 (us) 53.92
Loop 265 (us) 58.92
Loop 266 (us) 54.717
Loop 267 (us) 49.849
Loop 268 (us) 49.89
Loop 269 (us) 49.792
Loop 270 (us) 50.093
Loop 271 (us) 59.045
Loop 272 (us) 49.973
Loop 273 (us) 49.724
Loop 274 (us) 55.234
Loop 275 (us) 49.876
Loop 276 (us) 48.923
Loop 277 (us) 49.581
Loop 278 (us) 49.933
Loop 279 (us) 64.241
Loop 280 (us) 56.527
Loop 281 (us) 49.597
Loop 282 (us) 51.99
Loop 283 (us) 58.482
Loop 284 (us) 64.39
Loop 285 (us) 50.299
Loop 286 (us) 49.869
Loop 287 (us) 49.806
Loop 288 (us) 49.373
Loop 289 (us) 48.951
Loop 290 (us) 48.823
Loop 291 (us) 49.242
Loop 292 (us) 49.816
Loop 293 (us) 49.335
Loop 294 (us) 49.187
Loop 295 (us) 720.496
Loop 296 (us) 48.498
Loop 297 (us) 48.42
Loop 298 (us) 48.16
Loop 299 (us) 48.404
Loop 300 (us) 88.769
Loop 301 (us) 48.348
Loop 302 (us) 47.398
Loop 303 (us) 47.069
Loop 304 (us) 47.492
Loop 305 (us) 47.582
Loop 306 (us) 47.538
Loop 307 (us) 55.922
Loop 308 (us) 47.345
Loop 309 (us) 47.494
Loop 310 (us) 47.527
Loop 311 (us) 47.416
Loop 312 (us) 47.394
Loop 313 (us) 47.503
Loop 314 (us) 47.505
Loop 315 (us) 47.752
Loop 316 (us) 48.541
Loop 317 (us) 47.615
Loop 318 (us) 48.016
Loop 319 (us) 53.854
Loop 320 (us) 48.151
Loop 321 (us) 48.199
Loop 322 (us) 47.407
Loop 323 (us) 47.571
Loop 324 (us) 47.691
Loop 325 (us) 47.423
Loop 326 (us) 53.166
Loop 327 (us) 47.928
Loop 328 (us) 47.444
Loop 329 (us) 58.001
Loop 330 (us) 48.164
Loop 331 (us) 47.782
Loop 332 (us) 47.139
Loop 333 (us) 47.226
Loop 334 (us) 47.168
Loop 335 (us) 80.839
Loop 336 (us) 50.02
Loop 337 (us) 48.231
Loop 338 (us) 47.145
Loop 339 (us) 47.583
Loop 340 (us) 47.975
Loop 341 (us) 50.513
Loop 342 (us) 47.522
Loop 343 (us) 47.948
Loop 344 (us) 54.99
Loop 345 (us) 58.464
Loop 346 (us) 53.938
Loop 347 (us) 48.327
Loop 348 (us) 47.172
Loop 349 (us) 47.359
Loop 350 (us) 52.497
Loop 351 (us) 47.438
Loop 352 (us) 47.34
Loop 353 (us) 47.518
Loop 354 (us) 47.162
Loop 355 (us) 47.462
Loop 356 (us) 47.899
Loop 357 (us) 47.638
Loop 358 (us) 47.422
Loop 359 (us) 47.52
Loop 360 (us) 47.387
Loop 361 (us) 47.689
Loop 362 (us) 47.445
Loop 363 (us) 52.723
Loop 364 (us) 48.471
Loop 365 (us) 47.498
Loop 366 (us) 47.184
Loop 367 (us) 47.52
Loop 368 (us) 47.166
Loop 369 (us) 47.135
Loop 370 (us) 47.617
Loop 371 (us) 46.8
Loop 372 (us) 47.523
Loop 373 (us) 47.027
Loop 374 (us) 46.979
Loop 375 (us) 47.584
Loop 376 (us) 47.305
Loop 377 (us) 47.14
Loop 378 (us) 46.874
Loop 379 (us) 47.245
Loop 380 (us) 66.442
Loop 381 (us) 54.066
Loop 382 (us) 47.42
Loop 383 (us) 46.922
Loop 384 (us) 46.577
Loop 385 (us) 46.639
Loop 386 (us) 46.261
Loop 387 (us) 46.817
Loop 388 (us) 46.437
Loop 389 (us) 46.848
Loop 390 (us) 46.406
Loop 391 (us) 46.689
Loop 392 (us) 46.829
Loop 393 (us) 60.324
Loop 394 (us) 46.538
Loop 395 (us) 48.814
Loop 396 (us) 47.033
Loop 397 (us) 46.523
Loop 398 (us) 46.368
Loop 399 (us) 54.398
Loop 400 (us) 47.339
Loop 401 (us) 47.532
Loop 402 (us) 46.583
Loop 403 (us) 46.618
Loop 404 (us) 46.988
Loop 405 (us) 66.158
Loop 406 (us) 52.963
Loop 407 (us) 62.059
Loop 408 (us) 57.817
Loop 409 (us) 46.47
Loop 410 (us) 45.767
Loop 411 (us) 46.111
Loop 412 (us) 46.319
Loop 413 (us) 47.011
Loop 414 (us) 46.37
Loop 415 (us) 46.428
Loop 416 (us) 46.58
Loop 417 (us) 46.687
Loop 418 (us) 45.992
Loop 419 (us) 53.618
Loop 420 (us) 46.647
Loop 421 (us) 46.745
Loop 422 (us) 46.164
Loop 423 (us) 46.146
Loop 424 (us) 46.16
Loop 425 (us) 46.0
Loop 426 (us) 46.206
Loop 427 (us) 45.912
Loop 428 (us) 46.377
Loop 429 (us) 47.026
Loop 430 (us) 46.671
Loop 431 (us) 46.024
Loop 432 (us) 46.718
Loop 433 (us) 45.865
Loop 434 (us) 45.891
Loop 435 (us) 45.86
Loop 436 (us) 46.056
Loop 437 (us) 46.208
Loop 438 (us) 46.126
Loop 439 (us) 50.355
Loop 440 (us) 46.772
Loop 441 (us) 45.828
Loop 442 (us) 46.104
Loop 443 (us) 45.836
Loop 444 (us) 63.517
Loop 445 (us) 46.988
Loop 446 (us) 46.472
Loop 447 (us) 45.967
Loop 448 (us) 46.174
Loop 449 (us) 45.788
Loop 450 (us) 46.017
Loop 451 (us) 46.518
Loop 452 (us) 45.825
Loop 453 (us) 46.731
Loop 454 (us) 46.186
Loop 455 (us) 46.426
Loop 456 (us) 46.051
Loop 457 (us) 46.629
Loop 458 (us) 51.983
Loop 459 (us) 46.556
Loop 460 (us) 46.153
Loop 461 (us) 46.017
Loop 462 (us) 46.267
Loop 463 (us) 52.662
Loop 464 (us) 46.315
Loop 465 (us) 46.486
Loop 466 (us) 51.189
Loop 467 (us) 45.577
Loop 468 (us) 45.854
Loop 469 (us) 45.924
Loop 470 (us) 46.502
Loop 471 (us) 46.179
Loop 472 (us) 46.119
Loop 473 (us) 45.776
Loop 474 (us) 48.961
Loop 475 (us) 46.407
Loop 476 (us) 45.748
Loop 477 (us) 46.799
Loop 478 (us) 52.369
Loop 479 (us) 45.812
Loop 480 (us) 46.211
Loop 481 (us) 45.805
Loop 482 (us) 45.952
Loop 483 (us) 46.509
Loop 484 (us) 45.674
Loop 485 (us) 46.026
Loop 486 (us) 46.368
Loop 487 (us) 45.956
Loop 488 (us) 46.306
Loop 489 (us) 46.027
Loop 490 (us) 46.317
Loop 491 (us) 46.046
Loop 492 (us) 46.057
Loop 493 (us) 46.23
Loop 494 (us) 46.18
Loop 495 (us) 46.078
Loop 496 (us) 45.878
Loop 497 (us) 48.763
Loop 498 (us) 46.384
Loop 499 (us) 45.993
Loop 500 (us) 46.024
Loop 501 (us) 46.173
Loop 502 (us) 46.025
Loop 503 (us) 45.683
Loop 504 (us) 46.508
Loop 505 (us) 45.783
Loop 506 (us) 46.109
Loop 507 (us) 45.94
Loop 508 (us) 49.716
Loop 509 (us) 45.883
Loop 510 (us) 46.603
Loop 511 (us) 45.533
Loop 512 (us) 46.095
Loop 513 (us) 46.274
Loop 514 (us) 45.854
Loop 515 (us) 46.468
Loop 516 (us) 45.872
Loop 517 (us) 50.182
Loop 518 (us) 46.131
Loop 519 (us) 46.597
Loop 520 (us) 49.731
Loop 521 (us) 45.816
Loop 522 (us) 46.032
Loop 523 (us) 46.662
Loop 524 (us) 45.927
Loop 525 (us) 46.317
Loop 526 (us) 45.787
Loop 527 (us) 51.415
Loop 528 (us) 46.271
Loop 529 (us) 45.819
Loop 530 (us) 45.863
Loop 531 (us) 46.033
Loop 532 (us) 45.995
Loop 533 (us) 45.796
Loop 534 (us) 46.676
Loop 535 (us) 46.22
Loop 536 (us) 46.521
Loop 537 (us) 50.784
Loop 538 (us) 46.266
Loop 539 (us) 47.246
Loop 540 (us) 45.902
Loop 541 (us) 45.856
Loop 542 (us) 46.286
Loop 543 (us) 46.226
Loop 544 (us) 46.417
Loop 545 (us) 45.765
Loop 546 (us) 45.637
Loop 547 (us) 46.479
Loop 548 (us) 58.338
Loop 549 (us) 46.54
Loop 550 (us) 46.57
Loop 551 (us) 45.951
Loop 552 (us) 45.816
Loop 553 (us) 46.446
Loop 554 (us) 46.064
Loop 555 (us) 46.148
Loop 556 (us) 45.945
Loop 557 (us) 52.561
Loop 558 (us) 45.947
Loop 559 (us) 45.817
Loop 560 (us) 45.847
Loop 561 (us) 45.757
Loop 562 (us) 46.125
Loop 563 (us) 46.047
Loop 564 (us) 46.26
Loop 565 (us) 46.52
Loop 566 (us) 45.986
Loop 567 (us) 46.053
Loop 568 (us) 45.716
Loop 569 (us) 45.796
Loop 570 (us) 46.603
Loop 571 (us) 46.136
Loop 572 (us) 46.111
Loop 573 (us) 46.05
Loop 574 (us) 46.107
Loop 575 (us) 46.769
Loop 576 (us) 48.415
Loop 577 (us) 46.368
Loop 578 (us) 46.029
Loop 579 (us) 46.279
Loop 580 (us) 46.065
Loop 581 (us) 46.168
Loop 582 (us) 45.985
Loop 583 (us) 46.125
Loop 584 (us) 46.202
Loop 585 (us) 59.808
Loop 586 (us) 45.361
Loop 587 (us) 45.86
Loop 588 (us) 45.389
Loop 589 (us) 45.31
Loop 590 (us) 51.939
Loop 591 (us) 51.403
Loop 592 (us) 45.972
Loop 593 (us) 45.509
Loop 594 (us) 45.818
Loop 595 (us) 45.701
Loop 596 (us) 50.98
Loop 597 (us) 58.872
Loop 598 (us) 46.807
Loop 599 (us) 69.164
Loop 600 (us) 47.438
Loop 601 (us) 46.849
Loop 602 (us) 46.297
Loop 603 (us) 45.719
Loop 604 (us) 45.629
Loop 605 (us) 45.938
Loop 606 (us) 45.891
Loop 607 (us) 45.712
Loop 608 (us) 46.842
Loop 609 (us) 45.417
Loop 610 (us) 45.889
Loop 611 (us) 46.065
Loop 612 (us) 45.46
Loop 613 (us) 46.0
Loop 614 (us) 45.584
Loop 615 (us) 52.661
Loop 616 (us) 45.746
Loop 617 (us) 48.42
Loop 618 (us) 47.167
Loop 619 (us) 46.638
Loop 620 (us) 46.031
Loop 621 (us) 46.073
Loop 622 (us) 45.858
Loop 623 (us) 46.39
Loop 624 (us) 45.577
Loop 625 (us) 45.48
Loop 626 (us) 45.66
Loop 627 (us) 45.641
Loop 628 (us) 45.703
Loop 629 (us) 45.873
Loop 630 (us) 45.995
Loop 631 (us) 48.875
Loop 632 (us) 46.18
Loop 633 (us) 46.428
Loop 634 (us) 48.378
Loop 635 (us) 46.361
Loop 636 (us) 45.69
Loop 637 (us) 46.701
Loop 638 (us) 45.414
Loop 639 (us) 45.869
Loop 640 (us) 46.04
Loop 641 (us) 45.99
Loop 642 (us) 45.755
Loop 643 (us) 45.749
Loop 644 (us) 46.073
Loop 645 (us) 45.978
Loop 646 (us) 45.61
Loop 647 (us) 45.636
Loop 648 (us) 46.089
Loop 649 (us) 45.646
Loop 650 (us) 45.66
Loop 651 (us) 45.943
Loop 652 (us) 45.699
Loop 653 (us) 45.633
Loop 654 (us) 50.962
Loop 655 (us) 53.237
Loop 656 (us) 46.093
Loop 657 (us) 45.624
Loop 658 (us) 45.293
Loop 659 (us) 45.287
Loop 660 (us) 45.262
Loop 661 (us) 45.271
Loop 662 (us) 46.787
Loop 663 (us) 46.441
Loop 664 (us) 45.552
Loop 665 (us) 45.214
Loop 666 (us) 45.115
Loop 667 (us) 45.484
Loop 668 (us) 45.025
Loop 669 (us) 45.391
Loop 670 (us) 46.092
Loop 671 (us) 45.517
Loop 672 (us) 45.355
Loop 673 (us) 45.713
Loop 674 (us) 48.225
Loop 675 (us) 46.062
Loop 676 (us) 45.154
Loop 677 (us) 45.379
Loop 678 (us) 45.372
Loop 679 (us) 45.427
Loop 680 (us) 45.308
Loop 681 (us) 45.894
Loop 682 (us) 45.274
Loop 683 (us) 45.453
Loop 684 (us) 45.668
Loop 685 (us) 45.429
Loop 686 (us) 45.975
Loop 687 (us) 45.204
Loop 688 (us) 45.287
Loop 689 (us) 45.381
Loop 690 (us) 45.158
Loop 691 (us) 44.95
Loop 692 (us) 45.707
Loop 693 (us) 45.317
Loop 694 (us) 45.393
Loop 695 (us) 45.545
Loop 696 (us) 45.203
Loop 697 (us) 45.679
Loop 698 (us) 45.617
Loop 699 (us) 45.039
Loop 700 (us) 45.626
Loop 701 (us) 45.204
Loop 702 (us) 45.489
Loop 703 (us) 45.476
Loop 704 (us) 45.021
Loop 705 (us) 55.697
Loop 706 (us) 45.178
Loop 707 (us) 45.509
Loop 708 (us) 45.407
Loop 709 (us) 45.424
Loop 710 (us) 45.628
Loop 711 (us) 45.623
Loop 712 (us) 45.992
Loop 713 (us) 45.083
Loop 714 (us) 49.67
Loop 715 (us) 45.794
Loop 716 (us) 46.322
Loop 717 (us) 45.371
Loop 718 (us) 45.392
Loop 719 (us) 51.127
Loop 720 (us) 45.989
Loop 721 (us) 67.515
Loop 722 (us) 45.165
Loop 723 (us) 45.085
Loop 724 (us) 45.229
Loop 725 (us) 45.379
Loop 726 (us) 44.987
Loop 727 (us) 45.249
Loop 728 (us) 45.725
Loop 729 (us) 44.906
Loop 730 (us) 45.005
Loop 731 (us) 44.602
Loop 732 (us) 44.95
Loop 733 (us) 45.047
Loop 734 (us) 51.285
Loop 735 (us) 45.3
Loop 736 (us) 45.16
Loop 737 (us) 45.156
Loop 738 (us) 55.779
Loop 739 (us) 45.493
Loop 740 (us) 45.636
Loop 741 (us) 45.231
Loop 742 (us) 45.138
Loop 743 (us) 45.457
Loop 744 (us) 45.435
Loop 745 (us) 44.928
Loop 746 (us) 45.293
Loop 747 (us) 45.615
Loop 748 (us) 44.908
Loop 749 (us) 45.946
Loop 750 (us) 44.87
Loop 751 (us) 45.158
Loop 752 (us) 44.768
Loop 753 (us) 44.936
Loop 754 (us) 49.599
Loop 755 (us) 45.154
Loop 756 (us) 45.068
Loop 757 (us) 45.585
Loop 758 (us) 45.318
Loop 759 (us) 44.926
Loop 760 (us) 45.3
Loop 761 (us) 50.133
Loop 762 (us) 45.165
Loop 763 (us) 44.785
Loop 764 (us) 45.31
Loop 765 (us) 45.347
Loop 766 (us) 45.126
Loop 767 (us) 44.718
Loop 768 (us) 44.699
Loop 769 (us) 45.05
Loop 770 (us) 45.001
Loop 771 (us) 45.056
Loop 772 (us) 45.162
Loop 773 (us) 45.216
Loop 774 (us) 67.034
Loop 775 (us) 46.859
Loop 776 (us) 45.246
Loop 777 (us) 658.35
Loop 778 (us) 44.516
Loop 779 (us) 44.427
Loop 780 (us) 44.965
Loop 781 (us) 44.766
Loop 782 (us) 49.572
Loop 783 (us) 50.308
Loop 784 (us) 45.393
Loop 785 (us) 44.394
Loop 786 (us) 44.436
Loop 787 (us) 44.803
Loop 788 (us) 44.513
Loop 789 (us) 47.286
Loop 790 (us) 44.83
Loop 791 (us) 44.405
Loop 792 (us) 44.753
Loop 793 (us) 44.636
Loop 794 (us) 44.352
Loop 795 (us) 44.38
Loop 796 (us) 44.398
Loop 797 (us) 44.666
Loop 798 (us) 45.207
Loop 799 (us) 44.258
Loop 800 (us) 44.342
Loop 801 (us) 44.416
Loop 802 (us) 47.836
Loop 803 (us) 45.309
Loop 804 (us) 44.31
Loop 805 (us) 44.777
Loop 806 (us) 44.821
Loop 807 (us) 44.766
Loop 808 (us) 44.54
Loop 809 (us) 44.504
Loop 810 (us) 44.176
Loop 811 (us) 44.48
Loop 812 (us) 45.037
Loop 813 (us) 44.973
Loop 814 (us) 44.423
Loop 815 (us) 44.394
Loop 816 (us) 44.512
Loop 817 (us) 44.715
Loop 818 (us) 45.072
Loop 819 (us) 44.474
Loop 820 (us) 44.768
Loop 821 (us) 44.599
Loop 822 (us) 44.556
Loop 823 (us) 48.958
Loop 824 (us) 44.939
Loop 825 (us) 44.9
Loop 826 (us) 44.576
Loop 827 (us) 44.358
Loop 828 (us) 44.436
Loop 829 (us) 44.804
Loop 830 (us) 44.882
Loop 831 (us) 45.26
Loop 832 (us) 44.527
Loop 833 (us) 44.298
Loop 834 (us) 44.517
Loop 835 (us) 44.821
Loop 836 (us) 45.24
Loop 837 (us) 44.58
Loop 838 (us) 44.562
Loop 839 (us) 44.658
Loop 840 (us) 44.642
Loop 841 (us) 44.477
Loop 842 (us) 44.829
Loop 843 (us) 44.62
Loop 844 (us) 49.433
Loop 845 (us) 44.713
Loop 846 (us) 44.527
Loop 847 (us) 50.006
Loop 848 (us) 44.95
Loop 849 (us) 44.487
Loop 850 (us) 44.584
Loop 851 (us) 45.076
Loop 852 (us) 44.557
Loop 853 (us) 44.675
Loop 854 (us) 44.608
Loop 855 (us) 44.409
Loop 856 (us) 45.03
Loop 857 (us) 44.439
Loop 858 (us) 44.503
Loop 859 (us) 53.98
Loop 860 (us) 45.211
Loop 861 (us) 44.506
Loop 862 (us) 44.631
Loop 863 (us) 44.449
Loop 864 (us) 47.266
Loop 865 (us) 44.77
Loop 866 (us) 44.56
Loop 867 (us) 44.54
Loop 868 (us) 45.801
Loop 869 (us) 44.801
Loop 870 (us) 44.544
Loop 871 (us) 44.215
Loop 872 (us) 44.786
Loop 873 (us) 44.548
Loop 874 (us) 44.589
Loop 875 (us) 44.779
Loop 876 (us) 44.555
Loop 877 (us) 44.877
Loop 878 (us) 44.505
Loop 879 (us) 44.534
Loop 880 (us) 44.465
Loop 881 (us) 44.445
Loop 882 (us) 44.839
Loop 883 (us) 44.916
Loop 884 (us) 48.921
Loop 885 (us) 44.957
Loop 886 (us) 44.68
Loop 887 (us) 44.208
Loop 888 (us) 44.483
Loop 889 (us) 44.737
Loop 890 (us) 45.003
Loop 891 (us) 44.742
Loop 892 (us) 44.292
Loop 893 (us) 44.673
Loop 894 (us) 44.425
Loop 895 (us) 44.285
Loop 896 (us) 44.693
Loop 897 (us) 45.002
Loop 898 (us) 44.329
Loop 899 (us) 44.431
Loop 900 (us) 44.582
Loop 901 (us) 44.64
Loop 902 (us) 45.007
Loop 903 (us) 44.572
Loop 904 (us) 44.855
Loop 905 (us) 48.923
Loop 906 (us) 44.717
Loop 907 (us) 44.665
Loop 908 (us) 44.473
Loop 909 (us) 44.631
Loop 910 (us) 45.371
Loop 911 (us) 50.073
Loop 912 (us) 45.054
Loop 913 (us) 44.551
Loop 914 (us) 44.456
Loop 915 (us) 44.476
Loop 916 (us) 44.853
Loop 917 (us) 45.065
Loop 918 (us) 49.987
Loop 919 (us) 45.021
Loop 920 (us) 44.933
Loop 921 (us) 44.584
Loop 922 (us) 44.377
Loop 923 (us) 44.573
Loop 924 (us) 44.797
Loop 925 (us) 50.018
Loop 926 (us) 45.014
Loop 927 (us) 44.494
Loop 928 (us) 44.622
Loop 929 (us) 44.529
Loop 930 (us) 44.577
Loop 931 (us) 44.46
Loop 932 (us) 44.637
Loop 933 (us) 44.606
Loop 934 (us) 44.621
Loop 935 (us) 44.622
Loop 936 (us) 44.975
Loop 937 (us) 44.518
Loop 938 (us) 44.441
Loop 939 (us) 44.719
Loop 940 (us) 44.426
Loop 941 (us) 44.742
Loop 942 (us) 45.131
Loop 943 (us) 44.542
Loop 944 (us) 44.472
Loop 945 (us) 44.467
Loop 946 (us) 45.023
Loop 947 (us) 45.11
Loop 948 (us) 44.685
Loop 949 (us) 44.769
Loop 950 (us) 44.967
Loop 951 (us) 44.597
Loop 952 (us) 44.241
Loop 953 (us) 44.42
Loop 954 (us) 44.471
Loop 955 (us) 44.347
Loop 956 (us) 44.739
Loop 957 (us) 44.841
Loop 958 (us) 44.509
Loop 959 (us) 44.309
Loop 960 (us) 44.387
Loop 961 (us) 44.449
Loop 962 (us) 44.705
Loop 963 (us) 44.808
Loop 964 (us) 44.398
Loop 965 (us) 44.513
Loop 966 (us) 47.655
Loop 967 (us) 45.209
Loop 968 (us) 44.544
Loop 969 (us) 44.54
Loop 970 (us) 44.502
Loop 971 (us) 44.823
Loop 972 (us) 44.731
Loop 973 (us) 66.68
Loop 974 (us) 44.306
Loop 975 (us) 49.265
Loop 976 (us) 44.593
Loop 977 (us) 44.39
Loop 978 (us) 44.32
Loop 979 (us) 44.022
Loop 980 (us) 44.095
Loop 981 (us) 44.225
Loop 982 (us) 44.573
Loop 983 (us) 44.223
Loop 984 (us) 54.334
Loop 985 (us) 44.245
Loop 986 (us) 46.322
Loop 987 (us) 44.645
Loop 988 (us) 44.245
Loop 989 (us) 44.142
Loop 990 (us) 44.258
Loop 991 (us) 43.826
Loop 992 (us) 44.403
Loop 993 (us) 44.293
Loop 994 (us) 44.522
Loop 995 (us) 44.197
Loop 996 (us) 44.148
Loop 997 (us) 46.226
Loop 998 (us) 44.447
Loop 999 (us) 44.701
Warmup times 0
avgLoopLatency(us) 49.969605
iops 20012.16539534383
variance 29.249970671728462
Loop 0 [107986, 9, 11104, 88373, 30876, 56360, 0, 191, 6650]
Loop 1 [96815, 9, 4494, 86963, 39211, 28408, 0, 174, 4077]
Loop 2 [56632, 9, 2098, 48730, 22180, 26002, 0, 243, 4712]
Loop 3 [54518, 9, 1614, 46587, 20773, 25434, 0, 224, 5323]
Loop 4 [53674, 9, 1605, 46158, 21216, 24560, 0, 185, 4974]
Loop 5 [54090, 9, 1566, 46488, 20621, 25507, 0, 230, 4982]
Loop 6 [53981, 9, 1496, 46410, 21718, 24242, 0, 131, 5143]
Loop 7 [59211, 9, 1670, 45160, 20424, 24304, 0, 131, 3650]
Loop 8 [54669, 9, 1626, 46525, 21355, 24793, 0, 133, 5579]
Loop 9 [52920, 9, 1496, 44880, 20579, 23945, 0, 135, 5559]
Loop 10 [53403, 9, 1520, 45746, 21375, 24063, 0, 130, 5141]
Loop 11 [54214, 9, 1524, 46563, 20963, 25268, 0, 133, 5139]
Loop 12 [55920, 9, 1662, 48105, 23028, 24699, 0, 131, 5199]
Loop 13 [55641, 9, 1602, 47595, 21616, 25567, 0, 140, 5457]
Loop 14 [57771, 9, 1552, 49948, 23920, 25676, 0, 135, 5245]
Loop 15 [64346, 9, 1553, 56362, 21762, 34236, 0, 182, 5458]
Loop 16 [75261, 9, 1593, 67510, 40609, 26524, 0, 147, 5289]
Loop 17 [54835, 9, 1749, 46958, 21850, 24724, 0, 132, 5206]
Loop 18 [52105, 9, 1665, 44263, 19943, 23945, 0, 132, 5377]
Loop 19 [52289, 9, 1613, 44372, 20059, 23899, 0, 134, 5480]
Loop 20 [54148, 9, 1691, 46248, 21064, 24778, 0, 133, 5380]
Loop 21 [53080, 9, 1684, 45120, 20781, 23952, 0, 128, 5343]
Loop 22 [54736, 9, 1511, 47014, 21183, 25415, 0, 204, 5318]
Loop 23 [53634, 9, 1602, 45815, 21229, 24165, 0, 178, 5229]
Loop 24 [62486, 9, 1669, 54536, 28809, 25308, 0, 193, 5219]
Loop 25 [55202, 9, 1809, 46937, 21415, 25107, 0, 186, 5539]
Loop 26 [55405, 9, 1684, 47448, 22021, 24994, 0, 198, 5411]
Loop 27 [55061, 9, 1678, 47279, 21521, 25319, 0, 204, 5126]
Loop 28 [54848, 9, 1618, 47067, 21336, 25286, 0, 185, 5176]
Loop 29 [55289, 9, 1678, 47434, 22272, 24785, 0, 217, 5340]
Loop 30 [54381, 9, 1637, 46757, 22004, 24375, 0, 187, 5064]
Loop 31 [54055, 9, 1647, 46213, 21337, 24480, 0, 191, 5383]
Loop 32 [53146, 9, 1666, 45271, 21375, 23471, 0, 131, 5363]
Loop 33 [52153, 9, 1695, 44564, 20500, 23684, 0, 133, 5174]
Loop 34 [52043, 9, 1595, 44232, 20238, 23577, 0, 136, 5466]
Loop 35 [51538, 9, 1568, 43930, 19791, 23761, 0, 135, 5299]
Loop 36 [52775, 9, 1607, 45076, 20730, 23949, 0, 133, 5321]
Loop 37 [52997, 9, 1614, 45058, 20930, 23772, 0, 133, 5464]
Loop 38 [52000, 9, 1665, 44190, 20185, 23584, 0, 129, 5409]
Loop 39 [52196, 9, 1514, 44646, 20424, 23788, 0, 135, 5180]
Loop 40 [51538, 9, 1604, 43976, 20059, 23505, 0, 131, 5068]
Loop 41 [58529, 9, 1640, 50713, 25629, 24697, 0, 130, 5369]
Loop 42 [52294, 9, 1678, 44294, 20291, 23581, 0, 135, 5555]
Loop 43 [52322, 9, 1678, 44174, 19833, 23934, 0, 129, 5740]
Loop 44 [53136, 9, 1624, 45278, 20865, 23976, 0, 133, 5493]
Loop 45 [70803, 9, 1706, 62998, 20503, 42097, 0, 180, 5285]
Loop 46 [52382, 9, 1580, 44458, 20546, 23519, 0, 185, 5433]
Loop 47 [50316, 9, 1598, 42559, 19272, 22930, 0, 182, 5211]
Loop 48 [50765, 9, 1598, 43297, 19943, 22944, 0, 173, 4977]
Loop 49 [51376, 9, 1487, 43478, 20368, 22717, 0, 179, 5640]
Loop 50 [50847, 9, 1500, 43321, 20023, 22897, 0, 126, 5303]
Loop 51 [51410, 9, 1455, 43707, 20058, 23259, 0, 135, 5493]
Loop 52 [51179, 9, 1576, 43321, 19819, 23103, 0, 133, 5576]
Loop 53 [51283, 9, 1485, 43775, 20820, 22596, 0, 132, 5179]
Loop 54 [50665, 9, 1406, 43177, 20142, 22607, 0, 129, 5228]
Loop 55 [51875, 9, 1513, 44128, 20241, 23513, 0, 177, 5373]
Loop 56 [51441, 9, 1427, 43836, 19996, 23481, 0, 178, 5309]
Loop 57 [50178, 9, 1454, 42793, 19671, 22728, 0, 175, 5143]
Loop 58 [56687, 9, 1485, 49146, 19990, 28745, 0, 131, 5238]
Loop 59 [52679, 9, 1527, 43729, 20473, 22839, 0, 133, 6677]
Loop 60 [51367, 9, 1478, 43671, 19927, 23338, 0, 133, 5336]
Loop 61 [51640, 9, 1453, 43900, 20249, 23233, 0, 130, 5542]
Loop 62 [51146, 9, 1501, 43419, 19859, 23177, 0, 130, 5480]
Loop 63 [53044, 9, 1498, 45390, 21765, 23196, 0, 126, 5445]
Loop 64 [51442, 9, 1510, 43984, 20353, 23217, 0, 128, 5223]
Loop 65 [51473, 9, 1540, 43643, 20300, 22979, 0, 131, 5539]
Loop 66 [70883, 9, 1781, 62758, 27060, 35268, 0, 135, 5349]
Loop 67 [54474, 9, 1489, 46729, 20821, 25490, 0, 137, 5484]
Loop 68 [51905, 9, 1433, 44299, 20034, 23872, 0, 133, 5300]
Loop 69 [52579, 9, 1459, 45031, 20245, 24435, 0, 130, 5252]
Loop 70 [51072, 9, 1407, 43517, 19948, 23215, 0, 129, 5313]
Loop 71 [51094, 9, 1403, 43314, 19728, 23222, 0, 133, 5551]
Loop 72 [51309, 9, 1383, 43899, 19784, 23737, 0, 127, 5157]
Loop 73 [50434, 9, 1441, 42978, 19334, 23276, 0, 128, 5117]
Loop 74 [56253, 9, 1343, 48579, 24771, 23471, 0, 133, 5433]
Loop 75 [68505, 9, 1376, 61216, 36401, 24367, 0, 133, 4950]
Loop 76 [52231, 9, 1633, 44716, 20726, 23646, 0, 133, 5008]
Loop 77 [51465, 9, 1362, 43835, 20400, 23066, 0, 130, 5396]
Loop 78 [50762, 9, 1398, 42955, 19564, 23039, 0, 126, 5535]
Loop 79 [59680, 9, 1376, 51910, 20406, 31104, 0, 135, 5521]
Loop 80 [55440, 9, 1554, 47549, 23622, 23566, 0, 137, 5456]
Loop 81 [51314, 9, 1443, 43968, 20229, 23366, 0, 130, 5092]
Loop 82 [70289, 9, 13931, 50217, 20721, 29100, 0, 127, 5245]
Loop 83 [52256, 9, 1602, 44345, 20356, 23628, 0, 128, 5423]
Loop 84 [51681, 9, 1387, 43901, 20127, 23431, 0, 131, 5529]
Loop 85 [67521, 9, 1436, 60069, 35422, 24238, 0, 142, 5080]
Loop 86 [52856, 9, 1647, 45215, 20537, 24322, 0, 126, 5088]
Loop 87 [54616, 9, 1485, 46770, 22627, 23750, 0, 118, 5495]
Loop 88 [64687, 9, 1452, 56952, 32766, 23787, 0, 118, 5416]
Loop 89 [54009, 9, 1687, 44937, 20983, 23569, 0, 116, 6482]
Loop 90 [50829, 9, 1414, 43226, 19442, 23437, 0, 119, 5353]
Loop 91 [58671, 9, 1410, 51434, 20322, 30758, 0, 115, 4946]
Loop 92 [52100, 9, 1524, 44092, 20801, 22926, 0, 117, 5647]
Loop 93 [64521, 9, 1381, 56918, 32155, 24320, 0, 117, 5312]
Loop 94 [58401, 9, 1698, 50822, 26587, 23830, 0, 120, 4930]
Loop 95 [52192, 9, 1613, 44375, 20341, 23665, 0, 115, 5316]
Loop 96 [96321, 9, 1392, 43595, 20147, 23066, 0, 116, 50425]
Loop 97 [73930, 9, 1826, 61647, 35783, 25432, 0, 150, 9422]
Loop 98 [53043, 9, 1509, 45513, 20770, 24309, 0, 115, 5236]
Loop 99 [51656, 9, 1498, 44066, 19868, 23790, 0, 115, 5280]
Loop 100 [50882, 9, 1438, 43468, 19864, 23234, 0, 114, 5110]
Loop 101 [51573, 9, 1451, 43895, 20092, 23403, 0, 114, 5511]
Loop 102 [51682, 9, 1460, 44107, 20186, 23527, 0, 117, 5236]
Loop 103 [51569, 9, 1421, 43968, 20231, 23345, 0, 121, 5333]
Loop 104 [51088, 9, 1349, 43720, 20074, 23254, 0, 117, 5187]
Loop 105 [51240, 9, 1480, 43503, 19983, 23156, 0, 113, 5351]
Loop 106 [50894, 9, 1403, 43337, 19891, 23067, 0, 119, 5303]
Loop 107 [58146, 9, 1423, 49973, 20561, 29102, 0, 115, 5892]
Loop 108 [51522, 9, 1518, 43887, 20271, 23267, 0, 116, 5302]
Loop 109 [61981, 9, 1434, 54017, 29968, 23733, 0, 115, 5691]
Loop 110 [52636, 9, 1629, 44582, 20464, 23801, 0, 115, 5547]
Loop 111 [51720, 9, 1398, 43909, 19975, 23578, 0, 115, 5511]
Loop 112 [50887, 9, 1464, 42885, 19462, 23089, 0, 115, 5724]
Loop 113 [51594, 9, 1474, 43434, 20258, 22835, 0, 119, 5875]
Loop 114 [73389, 9, 1489, 57155, 31714, 25070, 0, 130, 13792]
Loop 115 [52827, 9, 1589, 44977, 21174, 23484, 0, 118, 5358]
Loop 116 [50893, 9, 1480, 43409, 19671, 23393, 0, 119, 5172]
Loop 117 [50618, 9, 1453, 43064, 19684, 23030, 0, 118, 5296]
Loop 118 [51062, 9, 1465, 43049, 19987, 22740, 0, 118, 5711]
Loop 119 [52951, 9, 1526, 45144, 21655, 23136, 0, 117, 5445]
Loop 120 [51471, 9, 1471, 43799, 20530, 22910, 0, 121, 5370]
Loop 121 [51396, 9, 1483, 43536, 19990, 23163, 0, 118, 5545]
Loop 122 [50529, 9, 1454, 42659, 19589, 22733, 0, 121, 5624]
Loop 123 [51246, 9, 1462, 43374, 20275, 22764, 0, 115, 5604]
Loop 124 [56583, 9, 1438, 48858, 20102, 28437, 0, 120, 5385]
Loop 125 [52206, 9, 1642, 44221, 21027, 22860, 0, 114, 5460]
Loop 126 [57694, 9, 7820, 43754, 20366, 22986, 0, 115, 5311]
Loop 127 [55573, 9, 5132, 44190, 20651, 23221, 0, 118, 5401]
Loop 128 [51103, 9, 1594, 43452, 20143, 23008, 0, 118, 5290]
Loop 129 [50618, 9, 1538, 42935, 20123, 22476, 0, 115, 5331]
Loop 130 [51638, 9, 1480, 44134, 20463, 23344, 0, 114, 5265]
Loop 131 [50786, 9, 1478, 43216, 19999, 22838, 0, 157, 5247]
Loop 132 [50972, 9, 1427, 43611, 19865, 23429, 0, 114, 5050]
Loop 133 [50547, 9, 1475, 42883, 19385, 23152, 0, 120, 5334]
Loop 134 [50457, 9, 1496, 42876, 19032, 23478, 0, 119, 5260]
Loop 135 [50847, 9, 1513, 42399, 19161, 22895, 0, 119, 6114]
Loop 136 [54330, 9, 1547, 46860, 19393, 27122, 0, 112, 5169]
Loop 137 [51451, 9, 1445, 43572, 19582, 23642, 0, 117, 5586]
Loop 138 [49722, 9, 1425, 41951, 19037, 22571, 0, 116, 5455]
Loop 139 [49966, 9, 1447, 42452, 19364, 22747, 0, 120, 5160]
Loop 140 [51507, 9, 1438, 44055, 19824, 23861, 0, 115, 5136]
Loop 141 [50785, 9, 1420, 43159, 19537, 23282, 0, 117, 5371]
Loop 142 [56710, 9, 1426, 49226, 19334, 29538, 0, 117, 5143]
Loop 143 [62428, 9, 1644, 54736, 19901, 34495, 0, 114, 5197]
Loop 144 [51066, 9, 1442, 43634, 19874, 23413, 0, 114, 5143]
Loop 145 [51061, 9, 1434, 43431, 19795, 23271, 0, 124, 5332]
Loop 146 [56437, 9, 1446, 49005, 24938, 23695, 0, 115, 5110]
Loop 147 [50847, 9, 1429, 43022, 19857, 22804, 0, 121, 5534]
Loop 148 [51183, 9, 1389, 43942, 19805, 23808, 0, 115, 4976]
Loop 149 [50356, 9, 1419, 42878, 19538, 23003, 0, 119, 5195]
Loop 150 [52751, 9, 1532, 45131, 19633, 25148, 0, 115, 5215]
Loop 151 [52391, 9, 1449, 44978, 19669, 24936, 0, 117, 5112]
Loop 152 [52165, 9, 1498, 42897, 19627, 22917, 0, 113, 6927]
Loop 153 [50793, 9, 1480, 43381, 19958, 23068, 0, 115, 5084]
Loop 154 [50653, 9, 1456, 43129, 19790, 22955, 0, 118, 5234]
Loop 155 [50414, 9, 1473, 42975, 19572, 23046, 0, 117, 5121]
Loop 156 [50317, 9, 1438, 42982, 19574, 23072, 0, 117, 5074]
Loop 157 [49971, 9, 1398, 42689, 19484, 22861, 0, 121, 4986]
Loop 158 [50587, 9, 1403, 43004, 19863, 22820, 0, 122, 5354]
Loop 159 [52921, 9, 1480, 45491, 22039, 23063, 0, 120, 5112]
Loop 160 [78362, 9, 8380, 63983, 38139, 25459, 0, 117, 5084]
Loop 161 [50866, 9, 1599, 43213, 19606, 23296, 0, 120, 5203]
Loop 162 [50334, 9, 1487, 42980, 19407, 23203, 0, 116, 5041]
Loop 163 [50012, 9, 1401, 42665, 19467, 22858, 0, 128, 5108]
Loop 164 [50786, 9, 1407, 43380, 19781, 23264, 0, 115, 5172]
Loop 165 [50002, 9, 1393, 42571, 19039, 23189, 0, 118, 5192]
Loop 166 [50569, 9, 1505, 43022, 19822, 22862, 0, 115, 5238]
Loop 167 [50731, 9, 1467, 43177, 19732, 23118, 0, 116, 5272]
Loop 168 [50164, 9, 1431, 42877, 19591, 22955, 0, 120, 5045]
Loop 169 [49890, 9, 1432, 42421, 18889, 23187, 0, 115, 5186]
Loop 170 [50215, 9, 1445, 42740, 19646, 22784, 0, 118, 5229]
Loop 171 [50385, 9, 1443, 42902, 19722, 22864, 0, 118, 5238]
Loop 172 [50689, 9, 1438, 43219, 19800, 23101, 0, 115, 5256]
Loop 173 [50337, 9, 1469, 42191, 19497, 22354, 0, 115, 5885]
Loop 174 [51015, 9, 1482, 43365, 19537, 23526, 0, 115, 5382]
Loop 175 [60752, 9, 1504, 53002, 19681, 32995, 0, 121, 5434]
Loop 176 [51017, 9, 1498, 43452, 19711, 23409, 0, 117, 5325]
Loop 177 [59235, 9, 1411, 51812, 20076, 31409, 0, 113, 5170]
Loop 178 [50777, 9, 1505, 43242, 19817, 23049, 0, 124, 5182]
Loop 179 [50609, 9, 1378, 43114, 19592, 23174, 0, 118, 5272]
Loop 180 [72416, 9, 10829, 44240, 19892, 23965, 0, 115, 4002]
Loop 181 [60686, 9, 1525, 45076, 20037, 24705, 0, 118, 3971]
Loop 182 [54070, 9, 1564, 46538, 21104, 25095, 0, 115, 5068]
Loop 183 [51898, 9, 1485, 44068, 20018, 23693, 0, 113, 5554]
Loop 184 [50866, 9, 1352, 43441, 19416, 23688, 0, 115, 5278]
Loop 185 [49830, 9, 1323, 42590, 18738, 23531, 0, 119, 5108]
Loop 186 [50350, 9, 1309, 42986, 19478, 23143, 0, 118, 5316]
Loop 187 [50210, 9, 1340, 42827, 19569, 22866, 0, 116, 5260]
Loop 188 [66369, 9, 1425, 59021, 32691, 25981, 0, 113, 4986]
Loop 189 [52105, 9, 1493, 43720, 19841, 23459, 0, 118, 6034]
Loop 190 [51912, 9, 1419, 44409, 20335, 23726, 0, 113, 5258]
Loop 191 [51168, 9, 1368, 43095, 19939, 22766, 0, 113, 5963]
Loop 192 [50203, 9, 1315, 42870, 19587, 22914, 0, 122, 5295]
Loop 193 [50311, 9, 1345, 42667, 19799, 22569, 0, 117, 5494]
Loop 194 [59027, 9, 1323, 51905, 19963, 31574, 0, 124, 4965]
Loop 195 [51225, 9, 1498, 43585, 20114, 23099, 0, 117, 5227]
Loop 196 [50722, 9, 1309, 43326, 19141, 23795, 0, 117, 5319]
Loop 197 [50783, 9, 1354, 43458, 19704, 23356, 0, 117, 5155]
Loop 198 [49528, 9, 1360, 42120, 19044, 22725, 0, 119, 5236]
Loop 199 [50023, 9, 1310, 42688, 19243, 23070, 0, 114, 5232]
Loop 200 [51161, 9, 1312, 43784, 20429, 23015, 0, 120, 5271]
Loop 201 [50811, 9, 1309, 43481, 19813, 23308, 0, 120, 5196]
Loop 202 [49599, 9, 1327, 42357, 18946, 23060, 0, 113, 5123]
Loop 203 [50825, 9, 1311, 42738, 19666, 22733, 0, 117, 6018]
Loop 204 [50260, 9, 1332, 42949, 19753, 22742, 0, 118, 5299]
Loop 205 [49831, 9, 1345, 42563, 19618, 22504, 0, 117, 5265]
Loop 206 [59846, 9, 1380, 43079, 19586, 23049, 0, 117, 14725]
Loop 207 [59265, 9, 1443, 51886, 20232, 31277, 0, 115, 5098]
Loop 208 [50609, 9, 1416, 43161, 19783, 23044, 0, 118, 5285]
Loop 209 [50228, 9, 1352, 42565, 19529, 22634, 0, 115, 5486]
Loop 210 [50696, 9, 1309, 43403, 19579, 23462, 0, 120, 5163]
Loop 211 [50159, 9, 1395, 42789, 19538, 22877, 0, 116, 5193]
Loop 212 [57300, 9, 1340, 50013, 25497, 24120, 0, 117, 5159]
Loop 213 [69468, 9, 1557, 43139, 19524, 23278, 0, 119, 5356]
Loop 214 [50423, 9, 1442, 42896, 19707, 22858, 0, 119, 5303]
Loop 215 [49888, 9, 1299, 42378, 19640, 22352, 0, 116, 5465]
Loop 216 [49840, 9, 1334, 42485, 19635, 22520, 0, 116, 5240]
Loop 217 [49253, 9, 1267, 42072, 18927, 22771, 0, 115, 5079]
Loop 218 [48783, 9, 1275, 41528, 18599, 22587, 0, 111, 5240]
Loop 219 [49197, 9, 1295, 41965, 19272, 22269, 0, 115, 5152]
Loop 220 [48796, 9, 1300, 41553, 18771, 22420, 0, 117, 5176]
Loop 221 [49379, 9, 1303, 42151, 19646, 22145, 0, 111, 5140]
Loop 222 [49468, 9, 1326, 42092, 19460, 22270, 0, 113, 5292]
Loop 223 [49896, 9, 1316, 42446, 19748, 22345, 0, 114, 5402]
Loop 224 [49343, 9, 1270, 42012, 19075, 22589, 0, 118, 5250]
Loop 225 [50089, 9, 1284, 42736, 19474, 22961, 0, 113, 5327]
Loop 226 [49827, 9, 1300, 42525, 19358, 22797, 0, 117, 5234]
Loop 227 [49187, 9, 1304, 41972, 19365, 22275, 0, 120, 5097]
Loop 228 [49154, 9, 1283, 41989, 19223, 22376, 0, 115, 5130]
Loop 229 [49574, 9, 1316, 42282, 19102, 22786, 0, 113, 5221]
Loop 230 [53357, 9, 1294, 46029, 22981, 22675, 0, 113, 5271]
Loop 231 [49952, 9, 1407, 42596, 19475, 22784, 0, 116, 5154]
Loop 232 [49552, 9, 1306, 42337, 19347, 22626, 0, 117, 5106]
Loop 233 [49433, 9, 1288, 42224, 19473, 22447, 0, 119, 5110]
Loop 234 [49402, 9, 1314, 42149, 19487, 22323, 0, 113, 5181]
Loop 235 [50189, 9, 1322, 42102, 19559, 22206, 0, 115, 6037]
Loop 236 [49293, 9, 1294, 42032, 19088, 22605, 0, 118, 5252]
Loop 237 [51477, 9, 1270, 44208, 21160, 22693, 0, 118, 5209]
Loop 238 [50257, 9, 1339, 42893, 19620, 22935, 0, 117, 5232]
Loop 239 [49757, 9, 1287, 42463, 19325, 22784, 0, 113, 5250]
Loop 240 [49321, 9, 1285, 42042, 19458, 22205, 0, 117, 5235]
Loop 241 [50208, 9, 1281, 42503, 20075, 22081, 0, 119, 5664]
Loop 242 [70710, 9, 1280, 59892, 35124, 24346, 0, 126, 8691]
Loop 243 [50617, 9, 1347, 43186, 20211, 22584, 0, 116, 5250]
Loop 244 [50568, 9, 1316, 43374, 19668, 23360, 0, 115, 5121]
Loop 245 [48618, 9, 1312, 41451, 18643, 22399, 0, 111, 5086]
Loop 246 [49368, 9, 1420, 42107, 19347, 22389, 0, 115, 5063]
Loop 247 [49911, 9, 1323, 42643, 19476, 22813, 0, 117, 5152]
Loop 248 [54499, 9, 1305, 47441, 24076, 23037, 0, 120, 4950]
Loop 249 [49417, 9, 1460, 42063, 19059, 22684, 0, 119, 5092]
Loop 250 [48903, 9, 1265, 41755, 18729, 22695, 0, 122, 5134]
Loop 251 [49768, 9, 1382, 42182, 19813, 22041, 0, 119, 5467]
Loop 252 [49873, 9, 1310, 42663, 19673, 22657, 0, 115, 5134]
Loop 253 [48947, 9, 1292, 41790, 19283, 22181, 0, 118, 5079]
Loop 254 [49421, 9, 1305, 42253, 19347, 22503, 0, 124, 5039]
Loop 255 [60554, 9, 11452, 43119, 19954, 22837, 0, 111, 5147]
Loop 256 [49458, 9, 1365, 42360, 19212, 22841, 0, 115, 5015]
Loop 257 [51361, 9, 2770, 42629, 19524, 22733, 0, 124, 5199]
Loop 258 [50955, 9, 2187, 42653, 19298, 23034, 0, 129, 5380]
Loop 259 [49656, 9, 1636, 42136, 19482, 22350, 0, 126, 5149]
Loop 260 [49691, 9, 1576, 42309, 19256, 22672, 0, 137, 5041]
Loop 261 [49132, 9, 1553, 41669, 19054, 22284, 0, 131, 5159]
Loop 262 [49244, 9, 1499, 41693, 19088, 22250, 0, 127, 5278]
Loop 263 [50040, 9, 1566, 42588, 19883, 22339, 0, 114, 5147]
Loop 264 [53920, 9, 1560, 46040, 23899, 21803, 0, 112, 5553]
Loop 265 [58920, 9, 1560, 41889, 18615, 22944, 0, 119, 14716]
Loop 266 [54717, 9, 1655, 47281, 24496, 22427, 0, 111, 5008]
Loop 267 [49849, 9, 1611, 42289, 19693, 22253, 0, 118, 5178]
Loop 268 [49890, 9, 1544, 42492, 19449, 22679, 0, 123, 5097]
Loop 269 [49792, 9, 1575, 42324, 19773, 22246, 0, 120, 5114]
Loop 270 [50093, 9, 1401, 42862, 19967, 22583, 0, 115, 5073]
Loop 271 [59045, 9, 1562, 51402, 19498, 31576, 0, 117, 5307]
Loop 272 [49973, 9, 1470, 42667, 19697, 22648, 0, 122, 5059]
Loop 273 [49724, 9, 1427, 42056, 19553, 22135, 0, 111, 5421]
Loop 274 [55234, 9, 1438, 48022, 25232, 22474, 0, 116, 5004]
Loop 275 [49876, 9, 1438, 42648, 19682, 22622, 0, 118, 5001]
Loop 276 [48923, 9, 1431, 41660, 18906, 22416, 0, 122, 5025]
Loop 277 [49581, 9, 1421, 42098, 19212, 22558, 0, 116, 5279]
Loop 278 [49933, 9, 1427, 42678, 19881, 22485, 0, 120, 5100]
Loop 279 [64241, 9, 1500, 42260, 19130, 22804, 0, 113, 19735]
Loop 280 [56527, 9, 1635, 48896, 24710, 23830, 0, 117, 5203]
Loop 281 [49597, 9, 1443, 41912, 19386, 22197, 0, 118, 5480]
Loop 282 [51990, 9, 1443, 44613, 21682, 22436, 0, 116, 5217]
Loop 283 [58482, 9, 2968, 49684, 19463, 29831, 0, 117, 3860]
Loop 284 [64390, 9, 15134, 43527, 19712, 23451, 0, 111, 4833]
Loop 285 [50299, 9, 1324, 43163, 19891, 22877, 0, 113, 5019]
Loop 286 [49869, 9, 1290, 42654, 20034, 22327, 0, 166, 5063]
Loop 287 [49806, 9, 1208, 42579, 19901, 22317, 0, 114, 5265]
Loop 288 [49373, 9, 1212, 42078, 19568, 22150, 0, 118, 5367]
Loop 289 [48951, 9, 1224, 41346, 19125, 21906, 0, 109, 5662]
Loop 290 [48823, 9, 1232, 41726, 19070, 22343, 0, 113, 5156]
Loop 291 [49242, 9, 1205, 42024, 19467, 22254, 0, 117, 5267]
Loop 292 [49816, 9, 1236, 42787, 19718, 22738, 0, 119, 5032]
Loop 293 [49335, 9, 1203, 41998, 19476, 22197, 0, 118, 5420]
Loop 294 [49187, 9, 1226, 41752, 19181, 22263, 0, 113, 5469]
Loop 295 [720496, 9, 1236, 712574, 688571, 23606, 0, 116, 5855]
Loop 296 [48498, 9, 1575, 40936, 18492, 22090, 0, 116, 5259]
Loop 297 [48420, 9, 1263, 40709, 18691, 21681, 0, 118, 5655]
Loop 298 [48160, 9, 1176, 40882, 18432, 22138, 0, 116, 5343]
Loop 299 [48404, 9, 1212, 40387, 18299, 21733, 0, 118, 6034]
Loop 300 [88769, 9, 28446, 54245, 19394, 34511, 0, 120, 5362]
Loop 301 [48348, 9, 1081, 40964, 18613, 22031, 0, 114, 5668]
Loop 302 [47398, 9, 646, 40391, 18399, 21675, 0, 117, 5718]
Loop 303 [47069, 9, 667, 40082, 18270, 21512, 0, 117, 5710]
Loop 304 [47492, 9, 705, 40715, 18701, 21682, 0, 119, 5456]
Loop 305 [47582, 9, 673, 40644, 18421, 21884, 0, 116, 5651]
Loop 306 [47538, 9, 700, 40775, 18363, 22066, 0, 122, 5429]
Loop 307 [55922, 9, 696, 49067, 18626, 30063, 0, 119, 5495]
Loop 308 [47345, 9, 763, 40478, 18323, 21847, 0, 121, 5460]
Loop 309 [47494, 9, 711, 40445, 18447, 21670, 0, 117, 5708]
Loop 310 [47527, 9, 718, 40602, 18669, 21596, 0, 118, 5615]
Loop 311 [47416, 9, 673, 40565, 18339, 21880, 0, 113, 5554]
Loop 312 [47394, 9, 693, 40720, 18486, 21884, 0, 117, 5381]
Loop 313 [47503, 9, 636, 40432, 18341, 21778, 0, 120, 5810]
Loop 314 [47505, 9, 707, 40720, 18265, 22119, 0, 115, 5460]
Loop 315 [47752, 9, 696, 40751, 18645, 21782, 0, 118, 5675]
Loop 316 [48541, 9, 672, 40745, 18392, 22020, 0, 115, 6513]
Loop 317 [47615, 9, 652, 41025, 18696, 21999, 0, 117, 5288]
Loop 318 [48016, 9, 687, 41147, 18801, 22016, 0, 117, 5467]
Loop 319 [53854, 9, 638, 40431, 18279, 21778, 0, 117, 12119]
Loop 320 [48151, 9, 647, 41252, 18788, 22128, 0, 114, 5560]
Loop 321 [48199, 9, 629, 41556, 18875, 22371, 0, 117, 5314]
Loop 322 [47407, 9, 580, 40775, 18339, 22122, 0, 120, 5326]
Loop 323 [47571, 9, 589, 40441, 18264, 21833, 0, 117, 5846]
Loop 324 [47691, 9, 647, 41003, 18732, 21924, 0, 120, 5321]
Loop 325 [47423, 9, 631, 40683, 18398, 21951, 0, 117, 5382]
Loop 326 [53166, 9, 627, 46437, 18428, 27696, 0, 117, 5381]
Loop 327 [47928, 9, 639, 40695, 18463, 21886, 0, 118, 5890]
Loop 328 [47444, 9, 658, 40832, 18357, 22128, 0, 118, 5168]
Loop 329 [58001, 9, 679, 51252, 27631, 23298, 0, 122, 5263]
Loop 330 [48164, 9, 891, 41281, 18928, 22050, 0, 111, 5386]
Loop 331 [47782, 9, 679, 40141, 18254, 21554, 0, 122, 6271]
Loop 332 [47139, 9, 639, 40496, 18330, 21864, 0, 114, 5290]
Loop 333 [47226, 9, 585, 40281, 18278, 21650, 0, 116, 5633]
Loop 334 [47168, 9, 631, 40164, 18213, 21608, 0, 115, 5624]
Loop 335 [80839, 9, 601, 74448, 29700, 44400, 0, 118, 4883]
Loop 336 [50020, 9, 1105, 42858, 19627, 22868, 0, 117, 5347]
Loop 337 [48231, 9, 697, 41171, 18788, 22052, 0, 121, 5612]
Loop 338 [47145, 9, 656, 40406, 18261, 21789, 0, 118, 5404]
Loop 339 [47583, 9, 700, 40453, 18576, 21556, 0, 115, 5691]
Loop 340 [47975, 9, 624, 40985, 18786, 21893, 0, 112, 5639]
Loop 341 [50513, 9, 670, 43493, 21226, 21900, 0, 118, 5597]
Loop 342 [47522, 9, 643, 40711, 18502, 21856, 0, 116, 5456]
Loop 343 [47948, 9, 612, 41265, 18864, 22062, 0, 120, 5320]
Loop 344 [54990, 9, 636, 48269, 18952, 28955, 0, 120, 5377]
Loop 345 [58464, 9, 674, 40498, 18371, 21819, 0, 118, 16550]
Loop 346 [53938, 9, 861, 47249, 22434, 24441, 0, 118, 5019]
Loop 347 [48327, 9, 667, 41670, 18784, 22552, 0, 116, 5267]
Loop 348 [47172, 9, 676, 40400, 18206, 21848, 0, 117, 5318]
Loop 349 [47359, 9, 634, 40844, 18640, 21878, 0, 115, 5132]
Loop 350 [52497, 9, 690, 45799, 23599, 21869, 0, 115, 5261]
Loop 351 [47438, 9, 671, 40491, 18390, 21740, 0, 117, 5534]
Loop 352 [47340, 9, 652, 40581, 18323, 21930, 0, 117, 5413]
Loop 353 [47518, 9, 685, 40701, 18453, 21940, 0, 117, 5402]
Loop 354 [47162, 9, 674, 40558, 18217, 22004, 0, 117, 5213]
Loop 355 [47462, 9, 711, 40871, 18452, 22092, 0, 117, 5158]
Loop 356 [47899, 9, 975, 40940, 18356, 22265, 0, 116, 5248]
Loop 357 [47638, 9, 722, 40695, 18374, 21989, 0, 117, 5498]
Loop 358 [47422, 9, 695, 40416, 18386, 21699, 0, 117, 5646]
Loop 359 [47520, 9, 689, 40460, 18292, 21838, 0, 122, 5607]
Loop 360 [47387, 9, 711, 40674, 18401, 21933, 0, 113, 5267]
Loop 361 [47689, 9, 705, 40494, 18547, 21599, 0, 115, 5784]
Loop 362 [47445, 9, 716, 40357, 18438, 21585, 0, 120, 5692]
Loop 363 [52723, 9, 700, 45659, 23094, 22174, 0, 123, 5642]
Loop 364 [48471, 9, 803, 41723, 18993, 22399, 0, 117, 5101]
Loop 365 [47498, 9, 659, 40759, 18612, 21833, 0, 113, 5340]
Loop 366 [47184, 9, 636, 40359, 18366, 21668, 0, 113, 5476]
Loop 367 [47520, 9, 644, 40655, 18483, 21840, 0, 124, 5513]
Loop 368 [47166, 9, 662, 40399, 18257, 21827, 0, 115, 5367]
Loop 369 [47135, 9, 625, 40196, 18253, 21638, 0, 113, 5589]
Loop 370 [47617, 9, 598, 41190, 18757, 22089, 0, 117, 5086]
Loop 371 [46800, 9, 605, 40135, 18200, 21614, 0, 113, 5300]
Loop 372 [47523, 9, 618, 40734, 18501, 21907, 0, 113, 5428]
Loop 373 [47027, 9, 600, 40227, 18317, 21597, 0, 119, 5488]
Loop 374 [46979, 9, 616, 40288, 18246, 21682, 0, 116, 5327]
Loop 375 [47584, 9, 616, 40566, 18516, 21705, 0, 121, 5675]
Loop 376 [47305, 9, 600, 40475, 18336, 21829, 0, 118, 5477]
Loop 377 [47140, 9, 618, 40451, 18423, 21707, 0, 119, 5355]
Loop 378 [46874, 9, 656, 40139, 18025, 21772, 0, 115, 5389]
Loop 379 [47245, 9, 608, 40246, 18296, 21623, 0, 117, 5675]
Loop 380 [66442, 9, 625, 59298, 18927, 40073, 0, 115, 5803]
Loop 381 [54066, 9, 645, 40026, 18363, 21359, 0, 122, 12653]
Loop 382 [47420, 9, 659, 40544, 18633, 21618, 0, 124, 5438]
Loop 383 [46922, 9, 649, 39809, 18181, 21299, 0, 116, 5775]
Loop 384 [46577, 9, 663, 39886, 18182, 21404, 0, 113, 5336]
Loop 385 [46639, 9, 654, 39829, 18248, 21257, 0, 118, 5447]
Loop 386 [46261, 9, 600, 39754, 17992, 21461, 0, 115, 5222]
Loop 387 [46817, 9, 632, 39820, 18312, 21206, 0, 118, 5662]
Loop 388 [46437, 9, 588, 39827, 18133, 21381, 0, 117, 5312]
Loop 389 [46848, 9, 621, 39958, 18332, 21337, 0, 118, 5582]
Loop 390 [46406, 9, 644, 39603, 18046, 21253, 0, 113, 5440]
Loop 391 [46689, 9, 661, 39640, 18157, 21189, 0, 119, 5669]
Loop 392 [46829, 9, 653, 39990, 18273, 21411, 0, 120, 5469]
Loop 393 [60324, 9, 632, 53514, 31954, 21207, 0, 116, 5453]
Loop 394 [46538, 9, 629, 39780, 18182, 21295, 0, 115, 5431]
Loop 395 [48814, 9, 615, 42293, 18463, 23505, 0, 119, 5159]
Loop 396 [47033, 9, 697, 40170, 18222, 21608, 0, 118, 5412]
Loop 397 [46523, 9, 634, 39703, 18108, 21247, 0, 119, 5455]
Loop 398 [46368, 9, 606, 39776, 18246, 21191, 0, 113, 5280]
Loop 399 [54398, 9, 683, 47356, 18162, 28865, 0, 114, 5624]
Loop 400 [47339, 9, 680, 40321, 18381, 21625, 0, 115, 5648]
Loop 401 [47532, 9, 614, 40457, 18691, 21445, 0, 117, 5751]
Loop 402 [46583, 9, 610, 39783, 18201, 21284, 0, 117, 5502]
Loop 403 [46618, 9, 618, 39791, 18148, 21344, 0, 115, 5482]
Loop 404 [46988, 9, 609, 40044, 18372, 21373, 0, 115, 5579]
Loop 405 [66158, 9, 576, 59795, 18122, 41344, 0, 119, 4977]
Loop 406 [52963, 9, 738, 45947, 23733, 21871, 0, 113, 5514]
Loop 407 [62059, 9, 12314, 43897, 19604, 23953, 0, 118, 5072]
Loop 408 [57817, 9, 799, 50575, 28413, 21802, 0, 117, 5655]
Loop 409 [46470, 9, 758, 39270, 17818, 21118, 0, 109, 5675]
Loop 410 [45767, 9, 596, 38849, 17850, 20701, 0, 116, 5653]
Loop 411 [46111, 9, 645, 39201, 18183, 20695, 0, 111, 5549]
Loop 412 [46319, 9, 849, 38914, 17773, 20821, 0, 109, 5857]
Loop 413 [47011, 9, 1115, 39348, 18317, 20701, 0, 109, 5810]
Loop 414 [46370, 9, 668, 39305, 17964, 21029, 0, 117, 5706]
Loop 415 [46428, 9, 680, 39174, 18290, 20534, 0, 115, 5903]
Loop 416 [46580, 9, 563, 39570, 18168, 21080, 0, 111, 5757]
Loop 417 [46687, 9, 562, 39381, 18301, 20763, 0, 113, 6048]
Loop 418 [45992, 9, 614, 39111, 17835, 20935, 0, 113, 5639]
Loop 419 [53618, 9, 618, 46343, 18266, 27741, 0, 113, 5903]
Loop 420 [46647, 9, 573, 39808, 18359, 21118, 0, 111, 5526]
Loop 421 [46745, 9, 645, 39554, 18143, 21122, 0, 116, 5817]
Loop 422 [46164, 9, 603, 39176, 17940, 20934, 0, 109, 5699]
Loop 423 [46146, 9, 605, 38938, 18043, 20589, 0, 108, 5876]
Loop 424 [46160, 9, 682, 39162, 17973, 20892, 0, 112, 5596]
Loop 425 [46000, 9, 590, 38859, 17889, 20677, 0, 113, 5839]
Loop 426 [46206, 9, 537, 39217, 18078, 20845, 0, 110, 5740]
Loop 427 [45912, 9, 574, 38998, 17885, 20776, 0, 109, 5591]
Loop 428 [46377, 9, 658, 39124, 18253, 20564, 0, 109, 5928]
Loop 429 [47026, 9, 589, 38836, 17821, 20711, 0, 109, 6960]
Loop 430 [46671, 9, 606, 39541, 18246, 20973, 0, 120, 5861]
Loop 431 [46024, 9, 616, 39062, 18104, 20629, 0, 115, 5675]
Loop 432 [46718, 9, 643, 39264, 18201, 20767, 0, 113, 6100]
Loop 433 [45865, 9, 623, 39087, 17786, 20965, 0, 113, 5494]
Loop 434 [45891, 9, 625, 38765, 17832, 20639, 0, 113, 5790]
Loop 435 [45860, 9, 610, 39056, 17949, 20759, 0, 110, 5413]
Loop 436 [46056, 9, 643, 38922, 17814, 20783, 0, 110, 5760]
Loop 437 [46208, 9, 596, 38913, 18093, 20493, 0, 109, 6007]
Loop 438 [46126, 9, 587, 38962, 17851, 20783, 0, 113, 5857]
Loop 439 [50355, 9, 673, 43319, 21957, 21040, 0, 111, 5648]
Loop 440 [46772, 9, 630, 39310, 18365, 20653, 0, 117, 6139]
Loop 441 [45828, 9, 625, 38715, 17758, 20670, 0, 111, 5793]
Loop 442 [46104, 9, 599, 39133, 17984, 20795, 0, 110, 5705]
Loop 443 [45836, 9, 597, 39044, 17847, 20876, 0, 116, 5400]
Loop 444 [63517, 9, 607, 56568, 29970, 26259, 0, 115, 5549]
Loop 445 [46988, 9, 729, 39614, 18379, 20925, 0, 113, 5943]
Loop 446 [46472, 9, 612, 39486, 18530, 20611, 0, 111, 5723]
Loop 447 [45967, 9, 626, 38962, 17797, 20818, 0, 110, 5706]
Loop 448 [46174, 9, 599, 38883, 17949, 20623, 0, 107, 6082]
Loop 449 [45788, 9, 589, 38679, 17830, 20534, 0, 111, 5830]
Loop 450 [46017, 9, 586, 39339, 17798, 21196, 0, 109, 5387]
Loop 451 [46518, 9, 631, 39142, 17995, 20830, 0, 115, 6014]
Loop 452 [45825, 9, 696, 38690, 17812, 20563, 0, 111, 5704]
Loop 453 [46731, 9, 616, 39469, 18216, 20932, 0, 114, 5919]
Loop 454 [46186, 9, 647, 39123, 17934, 20887, 0, 124, 5710]
Loop 455 [46426, 9, 617, 39257, 18020, 20950, 0, 111, 5817]
Loop 456 [46051, 9, 635, 38985, 17943, 20707, 0, 111, 5764]
Loop 457 [46629, 9, 585, 39284, 18252, 20699, 0, 113, 6094]
Loop 458 [51983, 9, 581, 45035, 17852, 26864, 0, 113, 5636]
Loop 459 [46556, 9, 623, 39209, 17993, 20899, 0, 113, 6032]
Loop 460 [46153, 9, 581, 39176, 18113, 20763, 0, 109, 5713]
Loop 461 [46017, 9, 601, 39084, 17925, 20845, 0, 109, 5622]
Loop 462 [46267, 9, 589, 38896, 17923, 20686, 0, 113, 6049]
Loop 463 [52662, 9, 678, 45384, 17668, 27393, 0, 113, 5859]
Loop 464 [46315, 9, 612, 39184, 17911, 20951, 0, 113, 5797]
Loop 465 [46486, 9, 649, 39060, 18224, 20524, 0, 113, 6093]
Loop 466 [51189, 9, 568, 38867, 17805, 20757, 0, 113, 11039]
Loop 467 [45577, 9, 590, 38608, 17809, 20512, 0, 115, 5665]
Loop 468 [45854, 9, 567, 38741, 17708, 20718, 0, 114, 5861]
Loop 469 [45924, 9, 588, 38864, 17745, 20786, 0, 113, 5768]
Loop 470 [46502, 9, 618, 39330, 18358, 20666, 0, 111, 5897]
Loop 471 [46179, 9, 590, 38951, 17987, 20666, 0, 115, 5870]
Loop 472 [46119, 9, 707, 38887, 17825, 20782, 0, 109, 5709]
Loop 473 [45776, 9, 652, 38713, 17794, 20612, 0, 109, 5671]
Loop 474 [48961, 9, 697, 41712, 20180, 21246, 0, 120, 5829]
Loop 475 [46407, 9, 658, 39221, 18212, 20734, 0, 111, 5847]
Loop 476 [45748, 9, 700, 38491, 17586, 20611, 0, 115, 5866]
Loop 477 [46799, 9, 681, 39326, 18135, 20887, 0, 111, 6036]
Loop 478 [52369, 9, 704, 45178, 24103, 20775, 0, 107, 5732]
Loop 479 [45812, 9, 693, 38485, 17649, 20530, 0, 115, 5956]
Loop 480 [46211, 9, 687, 38983, 18096, 20570, 0, 118, 5855]
Loop 481 [45805, 9, 691, 38566, 17707, 20569, 0, 116, 5864]
Loop 482 [45952, 9, 676, 38894, 17729, 20876, 0, 111, 5697]
Loop 483 [46509, 9, 660, 39248, 18109, 20825, 0, 113, 5914]
Loop 484 [45674, 9, 646, 38592, 17745, 20557, 0, 111, 5770]
Loop 485 [46026, 9, 691, 38905, 17925, 20692, 0, 111, 5770]
Loop 486 [46368, 9, 692, 39078, 17915, 20890, 0, 106, 5907]
Loop 487 [45956, 9, 707, 38785, 17763, 20708, 0, 117, 5761]
Loop 488 [46306, 9, 685, 39060, 18009, 20744, 0, 111, 5846]
Loop 489 [46027, 9, 687, 38648, 17882, 20477, 0, 110, 6016]
Loop 490 [46317, 9, 651, 39008, 17916, 20792, 0, 112, 5959]
Loop 491 [46046, 9, 627, 38650, 17804, 20537, 0, 107, 6065]
Loop 492 [46057, 9, 709, 38802, 17885, 20644, 0, 114, 5859]
Loop 493 [46230, 9, 682, 39022, 17778, 20956, 0, 118, 5793]
Loop 494 [46180, 9, 693, 38930, 17814, 20841, 0, 111, 5871]
Loop 495 [46078, 9, 649, 38980, 18020, 20653, 0, 108, 5731]
Loop 496 [45878, 9, 668, 38619, 17703, 20595, 0, 113, 5888]
Loop 497 [48763, 9, 628, 39077, 18103, 20670, 0, 111, 8311]
Loop 498 [46384, 9, 635, 39631, 18115, 21210, 0, 113, 5365]
Loop 499 [45993, 9, 692, 39018, 17971, 20737, 0, 113, 5578]
Loop 500 [46024, 9, 667, 38743, 17841, 20607, 0, 113, 5905]
Loop 501 [46173, 9, 658, 38939, 17956, 20703, 0, 109, 5932]
Loop 502 [46025, 9, 687, 38889, 17909, 20668, 0, 117, 5790]
Loop 503 [45683, 9, 658, 38537, 17743, 20509, 0, 113, 5764]
Loop 504 [46508, 9, 695, 39270, 18292, 20707, 0, 116, 5853]
Loop 505 [45783, 9, 683, 38515, 17710, 20515, 0, 110, 5910]
Loop 506 [46109, 9, 663, 39027, 17891, 20856, 0, 115, 5706]
Loop 507 [45940, 9, 661, 38759, 17782, 20692, 0, 115, 5811]
Loop 508 [49716, 9, 660, 42419, 21538, 20571, 0, 113, 5939]
Loop 509 [45883, 9, 657, 38758, 17787, 20661, 0, 110, 5750]
Loop 510 [46603, 9, 676, 39035, 17912, 20815, 0, 113, 6205]
Loop 511 [45533, 9, 654, 38556, 17649, 20611, 0, 115, 5633]
Loop 512 [46095, 9, 678, 38763, 17776, 20672, 0, 113, 5959]
Loop 513 [46274, 9, 658, 39270, 18143, 20803, 0, 113, 5648]
Loop 514 [45854, 9, 660, 38843, 17696, 20840, 0, 115, 5673]
Loop 515 [46468, 9, 658, 39107, 18042, 20752, 0, 113, 5999]
Loop 516 [45872, 9, 653, 38913, 17872, 20735, 0, 115, 5598]
Loop 517 [50182, 9, 658, 43764, 17754, 25678, 0, 113, 5003]
Loop 518 [46131, 9, 648, 39031, 17897, 20829, 0, 109, 5733]
Loop 519 [46597, 9, 678, 39300, 18253, 20730, 0, 113, 5889]
Loop 520 [49731, 9, 683, 42400, 21434, 20646, 0, 113, 5928]
Loop 521 [45816, 9, 656, 38581, 17696, 20584, 0, 115, 5886]
Loop 522 [46032, 9, 625, 38990, 17787, 20895, 0, 113, 5706]
Loop 523 [46662, 9, 679, 39237, 18247, 20674, 0, 115, 6016]
Loop 524 [45927, 9, 685, 38881, 17658, 20920, 0, 113, 5657]
Loop 525 [46317, 9, 656, 39053, 18010, 20736, 0, 115, 5910]
Loop 526 [45787, 9, 644, 38513, 17692, 20527, 0, 113, 5929]
Loop 527 [51415, 9, 654, 44040, 17703, 26010, 0, 113, 6018]
Loop 528 [46271, 9, 660, 39131, 17933, 20889, 0, 113, 5787]
Loop 529 [45819, 9, 651, 38583, 17777, 20507, 0, 114, 5874]
Loop 530 [45863, 9, 647, 38591, 17623, 20661, 0, 113, 5925]
Loop 531 [46033, 9, 658, 38995, 18030, 20681, 0, 113, 5642]
Loop 532 [45995, 9, 647, 38772, 17666, 20799, 0, 119, 5888]
Loop 533 [45796, 9, 645, 38628, 17570, 20741, 0, 116, 5811]
Loop 534 [46676, 9, 690, 39450, 18443, 20665, 0, 107, 5848]
Loop 535 [46220, 9, 678, 39284, 17772, 21207, 0, 115, 5531]
Loop 536 [46521, 9, 745, 39268, 18217, 20740, 0, 111, 5812]
Loop 537 [50784, 9, 646, 44025, 17696, 26043, 0, 115, 5369]
Loop 538 [46266, 9, 678, 39257, 17850, 21081, 0, 115, 5622]
Loop 539 [47246, 9, 687, 40161, 18944, 20904, 0, 110, 5708]
Loop 540 [45902, 9, 678, 38878, 17702, 20873, 0, 113, 5621]
Loop 541 [45856, 9, 658, 38657, 17736, 20625, 0, 111, 5801]
Loop 542 [46286, 9, 658, 39097, 18144, 20661, 0, 117, 5828]
Loop 543 [46226, 9, 653, 38790, 17860, 20623, 0, 113, 6111]
Loop 544 [46417, 9, 695, 38915, 18156, 20469, 0, 113, 6094]
Loop 545 [45765, 9, 664, 38586, 17686, 20614, 0, 113, 5836]
Loop 546 [45637, 9, 672, 38721, 17581, 20850, 0, 111, 5551]
Loop 547 [46479, 9, 663, 39162, 18009, 20865, 0, 110, 5957]
Loop 548 [58338, 9, 643, 51232, 29747, 21152, 0, 111, 5631]
Loop 549 [46540, 9, 771, 39172, 18069, 20803, 0, 112, 5835]
Loop 550 [46570, 9, 672, 39361, 18476, 20575, 0, 109, 5797]
Loop 551 [45951, 9, 614, 38712, 17690, 20703, 0, 109, 5948]
Loop 552 [45816, 9, 663, 38745, 17854, 20584, 0, 113, 5720]
Loop 553 [46446, 9, 601, 39344, 18085, 20973, 0, 119, 5736]
Loop 554 [46064, 9, 658, 39078, 18049, 20725, 0, 113, 5640]
Loop 555 [46148, 9, 676, 38869, 17712, 20854, 0, 113, 5908]
Loop 556 [45945, 9, 627, 38688, 17731, 20652, 0, 107, 5955]
Loop 557 [52561, 9, 6614, 39466, 18405, 20759, 0, 117, 5650]
Loop 558 [45947, 9, 678, 38781, 17719, 20728, 0, 115, 5783]
Loop 559 [45817, 9, 626, 38840, 17871, 20640, 0, 111, 5646]
Loop 560 [45847, 9, 680, 38913, 17812, 20792, 0, 120, 5538]
Loop 561 [45757, 9, 678, 38568, 17599, 20683, 0, 108, 5826]
Loop 562 [46125, 9, 671, 38889, 17697, 20920, 0, 116, 5901]
Loop 563 [46047, 9, 682, 39054, 17856, 20905, 0, 113, 5603]
Loop 564 [46260, 9, 684, 39188, 18192, 20700, 0, 113, 5688]
Loop 565 [46520, 9, 679, 39263, 18223, 20745, 0, 113, 5909]
Loop 566 [45986, 9, 663, 38925, 17890, 20697, 0, 113, 5715]
Loop 567 [46053, 9, 702, 39069, 17962, 20803, 0, 117, 5602]
Loop 568 [45716, 9, 652, 38657, 17731, 20636, 0, 115, 5688]
Loop 569 [45796, 9, 653, 38731, 17807, 20612, 0, 115, 5692]
Loop 570 [46603, 9, 647, 39315, 17887, 21100, 0, 113, 5908]
Loop 571 [46136, 9, 654, 38885, 17774, 20792, 0, 111, 5867]
Loop 572 [46111, 9, 674, 38856, 17922, 20639, 0, 115, 5861]
Loop 573 [46050, 9, 638, 39111, 17783, 21042, 0, 111, 5529]
Loop 574 [46107, 9, 656, 38914, 17835, 20773, 0, 111, 5827]
Loop 575 [46769, 9, 653, 39534, 18417, 20847, 0, 113, 5879]
Loop 576 [48415, 9, 654, 38340, 17630, 20428, 0, 118, 8717]
Loop 577 [46368, 9, 673, 39246, 18067, 20896, 0, 110, 5715]
Loop 578 [46029, 9, 678, 39283, 17721, 21241, 0, 108, 5287]
Loop 579 [46279, 9, 709, 38944, 18015, 20646, 0, 111, 5885]
Loop 580 [46065, 9, 664, 38723, 17971, 20458, 0, 109, 5910]
Loop 581 [46168, 9, 659, 39035, 17872, 20870, 0, 113, 5794]
Loop 582 [45985, 9, 633, 38712, 17683, 20734, 0, 109, 5912]
Loop 583 [46125, 9, 656, 38903, 17736, 20885, 0, 115, 5843]
Loop 584 [46202, 9, 619, 39503, 18104, 21102, 0, 116, 5374]
Loop 585 [59808, 9, 677, 52690, 31628, 20772, 0, 109, 5700]
Loop 586 [45361, 9, 618, 38291, 17684, 20300, 0, 110, 5745]
Loop 587 [45860, 9, 616, 38592, 18040, 20254, 0, 111, 5972]
Loop 588 [45389, 9, 669, 38210, 17552, 20358, 0, 114, 5846]
Loop 589 [45310, 9, 676, 38085, 17583, 20203, 0, 106, 5868]
Loop 590 [51939, 9, 631, 44831, 24266, 20269, 0, 115, 5775]
Loop 591 [51403, 9, 645, 44387, 17925, 26177, 0, 113, 5641]
Loop 592 [45972, 9, 674, 38887, 17896, 20684, 0, 107, 5700]
Loop 593 [45509, 9, 616, 38256, 17572, 20359, 0, 107, 5919]
Loop 594 [45818, 9, 657, 38572, 17767, 20498, 0, 111, 5850]
Loop 595 [45701, 9, 700, 38728, 17976, 20450, 0, 115, 5571]
Loop 596 [50980, 9, 702, 43669, 17665, 25709, 0, 113, 5892]
Loop 597 [58872, 9, 642, 51788, 30338, 21131, 0, 115, 5644]
Loop 598 [46807, 9, 856, 39370, 18091, 21000, 0, 116, 5850]
Loop 599 [69164, 9, 672, 61199, 39268, 21613, 0, 111, 6495]
Loop 600 [47438, 9, 753, 40195, 19246, 20677, 0, 113, 5744]
Loop 601 [46849, 9, 725, 39634, 18859, 20466, 0, 115, 5819]
Loop 602 [46297, 9, 701, 39204, 18452, 20429, 0, 116, 5689]
Loop 603 [45719, 9, 654, 38513, 17845, 20401, 0, 108, 5850]
Loop 604 [45629, 9, 749, 38285, 17805, 20196, 0, 107, 5892]
Loop 605 [45938, 9, 645, 38872, 18046, 20537, 0, 111, 5708]
Loop 606 [45891, 9, 639, 38785, 17696, 20798, 0, 114, 5770]
Loop 607 [45712, 9, 622, 38735, 18044, 20378, 0, 111, 5664]
Loop 608 [46842, 9, 639, 39560, 18780, 20462, 0, 111, 5936]
Loop 609 [45417, 9, 639, 38523, 17671, 20551, 0, 107, 5551]
Loop 610 [45889, 9, 647, 38818, 18141, 20394, 0, 113, 5719]
Loop 611 [46065, 9, 669, 38929, 17918, 20754, 0, 109, 5768]
Loop 612 [45460, 9, 658, 38436, 17686, 20464, 0, 111, 5680]
Loop 613 [46000, 9, 702, 38924, 18048, 20585, 0, 111, 5727]
Loop 614 [45584, 9, 645, 38395, 17745, 20355, 0, 111, 5866]
Loop 615 [52661, 9, 669, 45515, 24227, 20849, 0, 160, 5707]
Loop 616 [45746, 9, 658, 38812, 17991, 20450, 0, 169, 5509]
Loop 617 [48420, 9, 867, 41087, 18527, 22264, 0, 115, 5657]
Loop 618 [47167, 9, 703, 40244, 18889, 21063, 0, 153, 5515]
Loop 619 [46638, 9, 665, 39417, 18620, 20490, 0, 95, 5892]
Loop 620 [46031, 9, 626, 38793, 18201, 20271, 0, 93, 5963]
Loop 621 [46073, 9, 651, 39062, 17800, 20979, 0, 95, 5728]
Loop 622 [45858, 9, 649, 38667, 17728, 20640, 0, 96, 5888]
Loop 623 [46390, 9, 629, 38985, 17980, 20714, 0, 91, 6085]
Loop 624 [45577, 9, 682, 38364, 17775, 20306, 0, 91, 5890]
Loop 625 [45480, 9, 641, 38217, 17790, 20131, 0, 93, 5978]
Loop 626 [45660, 9, 629, 38650, 17690, 20675, 0, 91, 5712]
Loop 627 [45641, 9, 664, 38523, 17745, 20471, 0, 96, 5735]
Loop 628 [45703, 9, 627, 38641, 17865, 20484, 0, 95, 5706]
Loop 629 [45873, 9, 596, 38663, 18005, 20367, 0, 92, 5928]
Loop 630 [45995, 9, 637, 38690, 18046, 20348, 0, 94, 5923]
Loop 631 [48875, 9, 673, 39027, 18455, 20293, 0, 91, 8463]
Loop 632 [46180, 9, 746, 38955, 17762, 20860, 0, 100, 5759]
Loop 633 [46428, 9, 656, 39102, 18403, 20420, 0, 95, 5954]
Loop 634 [48378, 9, 620, 38334, 17701, 20350, 0, 109, 8708]
Loop 635 [46361, 9, 578, 39583, 18175, 21107, 0, 113, 5538]
Loop 636 [45690, 9, 554, 38482, 17918, 20265, 0, 117, 5923]
Loop 637 [46701, 9, 594, 39215, 18538, 20377, 0, 115, 6204]
Loop 638 [45414, 9, 589, 38391, 17616, 20477, 0, 113, 5661]
Loop 639 [45869, 9, 587, 38537, 17683, 20531, 0, 111, 6037]
Loop 640 [46040, 9, 649, 38761, 17809, 20659, 0, 109, 5899]
Loop 641 [45990, 9, 585, 39160, 17933, 20906, 0, 115, 5537]
Loop 642 [45755, 9, 579, 39182, 17958, 20943, 0, 115, 5245]
Loop 643 [45749, 9, 649, 38465, 17752, 20435, 0, 113, 5943]
Loop 644 [46073, 9, 578, 39188, 17578, 21336, 0, 111, 5597]
Loop 645 [45978, 9, 567, 39078, 18018, 20803, 0, 115, 5555]
Loop 646 [45610, 9, 582, 38995, 17946, 20748, 0, 113, 5303]
Loop 647 [45636, 9, 590, 38322, 17818, 20205, 0, 111, 5958]
Loop 648 [46089, 9, 657, 38889, 18048, 20549, 0, 113, 5786]
Loop 649 [45646, 9, 663, 38519, 17709, 20491, 0, 111, 5722]
Loop 650 [45660, 9, 585, 38398, 17827, 20258, 0, 108, 5941]
Loop 651 [45943, 9, 583, 38922, 18099, 20507, 0, 114, 5706]
Loop 652 [45699, 9, 574, 38825, 17748, 20774, 0, 111, 5590]
Loop 653 [45633, 9, 585, 38561, 17636, 20641, 0, 110, 5725]
Loop 654 [50962, 9, 642, 38810, 18102, 20424, 0, 113, 10782]
Loop 655 [53237, 9, 590, 46244, 18467, 27482, 0, 122, 5650]
Loop 656 [46093, 9, 609, 39532, 18124, 21111, 0, 115, 5240]
Loop 657 [45624, 9, 578, 38556, 17619, 20624, 0, 109, 5817]
Loop 658 [45293, 9, 568, 38548, 17884, 20387, 0, 111, 5520]
Loop 659 [45287, 9, 578, 38277, 17513, 20451, 0, 111, 5755]
Loop 660 [45262, 9, 560, 38161, 17550, 20298, 0, 108, 5863]
Loop 661 [45271, 9, 589, 38150, 17421, 20404, 0, 117, 5803]
Loop 662 [46787, 9, 615, 40256, 17788, 22139, 0, 109, 5228]
Loop 663 [46441, 9, 589, 39926, 17539, 22078, 0, 105, 5175]
Loop 664 [45552, 9, 585, 38452, 17615, 20523, 0, 111, 5777]
Loop 665 [45214, 9, 640, 38005, 17402, 20309, 0, 95, 5819]
Loop 666 [45115, 9, 567, 38151, 17428, 20384, 0, 109, 5750]
Loop 667 [45484, 9, 548, 38302, 17712, 20274, 0, 108, 5940]
Loop 668 [45025, 9, 558, 37853, 17453, 20081, 0, 111, 5905]
Loop 669 [45391, 9, 592, 38309, 17585, 20449, 0, 114, 5806]
Loop 670 [46092, 9, 512, 39026, 17986, 20748, 0, 116, 5818]
Loop 671 [45517, 9, 576, 38650, 17512, 20813, 0, 107, 5578]
Loop 672 [45355, 9, 570, 38244, 17565, 20394, 0, 115, 5842]
Loop 673 [45713, 9, 538, 38651, 17916, 20444, 0, 115, 5803]
Loop 674 [48225, 9, 561, 38310, 17448, 20546, 0, 107, 8668]
Loop 675 [46062, 9, 601, 39018, 18155, 20570, 0, 116, 5666]
Loop 676 [45154, 9, 580, 38006, 17450, 20286, 0, 111, 5877]
Loop 677 [45379, 9, 573, 38168, 17494, 20385, 0, 107, 5965]
Loop 678 [45372, 9, 545, 38230, 17674, 20247, 0, 107, 5918]
Loop 679 [45427, 9, 556, 38287, 17574, 20427, 0, 111, 5828]
Loop 680 [45308, 9, 587, 38277, 17546, 20433, 0, 113, 5733]
Loop 681 [45894, 9, 556, 38431, 17881, 20236, 0, 108, 6244]
Loop 682 [45274, 9, 549, 38269, 17540, 20426, 0, 108, 5712]
Loop 683 [45453, 9, 583, 38333, 17499, 20548, 0, 107, 5802]
Loop 684 [45668, 9, 583, 38663, 17716, 20661, 0, 111, 5693]
Loop 685 [45429, 9, 551, 38243, 17613, 20337, 0, 111, 5914]
Loop 686 [45975, 9, 535, 38732, 18072, 20362, 0, 109, 6029]
Loop 687 [45204, 9, 545, 38306, 17504, 20520, 0, 116, 5628]
Loop 688 [45287, 9, 576, 38205, 17530, 20401, 0, 116, 5846]
Loop 689 [45381, 9, 579, 38433, 17762, 20396, 0, 109, 5702]
Loop 690 [45158, 9, 551, 37940, 17433, 20214, 0, 117, 5968]
Loop 691 [44950, 9, 559, 37976, 17370, 20323, 0, 110, 5708]
Loop 692 [45707, 9, 583, 38899, 17637, 20958, 0, 115, 5527]
Loop 693 [45317, 9, 563, 38167, 17546, 20310, 0, 111, 5934]
Loop 694 [45393, 9, 550, 38207, 17453, 20422, 0, 109, 5979]
Loop 695 [45545, 9, 583, 38671, 17851, 20550, 0, 113, 5595]
Loop 696 [45203, 9, 565, 38085, 17503, 20280, 0, 113, 5878]
Loop 697 [45679, 9, 555, 38486, 17654, 20539, 0, 111, 5931]
Loop 698 [45617, 9, 680, 38298, 17342, 20660, 0, 109, 5978]
Loop 699 [45039, 9, 532, 37858, 17347, 20216, 0, 108, 5969]
Loop 700 [45626, 9, 531, 38458, 17796, 20370, 0, 111, 5952]
Loop 701 [45204, 9, 545, 38284, 17485, 20502, 0, 109, 5670]
Loop 702 [45489, 9, 545, 38455, 17536, 20649, 0, 113, 5781]
Loop 703 [45476, 9, 536, 38371, 17721, 20360, 0, 111, 5907]
Loop 704 [45021, 9, 553, 37998, 17283, 20417, 0, 108, 5830]
Loop 705 [55697, 9, 539, 48606, 17431, 30887, 0, 111, 5832]
Loop 706 [45178, 9, 525, 38188, 17398, 20484, 0, 107, 5799]
Loop 707 [45509, 9, 565, 38211, 17468, 20440, 0, 109, 6028]
Loop 708 [45407, 9, 600, 38275, 17550, 20426, 0, 115, 5836]
Loop 709 [45424, 9, 566, 38220, 17678, 20273, 0, 111, 5972]
Loop 710 [45628, 9, 567, 40237, 17521, 22403, 0, 107, 4073]
Loop 711 [45623, 9, 608, 38156, 17465, 20411, 0, 115, 6183]
Loop 712 [45992, 9, 554, 38920, 18064, 20522, 0, 108, 5852]
Loop 713 [45083, 9, 548, 38031, 17335, 20397, 0, 107, 5830]
Loop 714 [49670, 9, 563, 38051, 17397, 20336, 0, 108, 10358]
Loop 715 [45794, 9, 572, 38562, 17726, 20536, 0, 112, 5953]
Loop 716 [46322, 9, 563, 38278, 17621, 20327, 0, 109, 6850]
Loop 717 [45371, 9, 563, 38184, 17632, 20244, 0, 107, 5945]
Loop 718 [45392, 9, 550, 38214, 17514, 20428, 0, 106, 5925]
Loop 719 [51127, 9, 550, 44270, 17871, 26096, 0, 115, 5491]
Loop 720 [45989, 9, 574, 38834, 17864, 20679, 0, 107, 5946]
Loop 721 [67515, 9, 578, 60581, 38489, 21744, 0, 109, 5564]
Loop 722 [45165, 9, 645, 38103, 17494, 20342, 0, 111, 5684]
Loop 723 [45085, 9, 581, 38134, 17317, 20512, 0, 112, 5679]
Loop 724 [45229, 9, 543, 38247, 17399, 20546, 0, 113, 5777]
Loop 725 [45379, 9, 572, 38657, 17636, 20744, 0, 110, 5497]
Loop 726 [44987, 9, 561, 38172, 17452, 20442, 0, 111, 5596]
Loop 727 [45249, 9, 577, 37905, 17350, 20278, 0, 107, 6069]
Loop 728 [45725, 9, 571, 38519, 17694, 20529, 0, 107, 5938]
Loop 729 [44906, 9, 569, 38026, 17331, 20415, 0, 113, 5618]
Loop 730 [45005, 9, 576, 37957, 17227, 20437, 0, 111, 5731]
Loop 731 [44602, 9, 565, 37565, 17197, 20091, 0, 109, 5797]
Loop 732 [44950, 9, 560, 37958, 17350, 20287, 0, 108, 5721]
Loop 733 [45047, 9, 565, 37994, 17556, 20146, 0, 109, 5799]
Loop 734 [51285, 9, 540, 44379, 17229, 26861, 0, 113, 5680]
Loop 735 [45300, 9, 540, 38306, 17484, 20553, 0, 108, 5788]
Loop 736 [45160, 9, 565, 38289, 17321, 20659, 0, 111, 5608]
Loop 737 [45156, 9, 552, 37830, 17455, 20092, 0, 105, 6105]
Loop 738 [55779, 9, 544, 48827, 28066, 20420, 0, 110, 5708]
Loop 739 [45493, 9, 590, 38466, 17481, 20675, 0, 113, 5770]
Loop 740 [45636, 9, 563, 38821, 17783, 20752, 0, 115, 5569]
Loop 741 [45231, 9, 580, 38187, 17464, 20445, 0, 116, 5734]
Loop 742 [45138, 9, 576, 38041, 17257, 20504, 0, 107, 5839]
Loop 743 [45457, 9, 571, 38431, 17735, 20419, 0, 113, 5768]
Loop 744 [45435, 9, 607, 38355, 17556, 20528, 0, 107, 5801]
Loop 745 [44928, 9, 558, 37652, 17247, 20121, 0, 107, 6012]
Loop 746 [45293, 9, 545, 38096, 17350, 20464, 0, 114, 6005]
Loop 747 [45615, 9, 561, 38371, 17937, 20142, 0, 108, 5975]
Loop 748 [44908, 9, 554, 37839, 17226, 20334, 0, 109, 5826]
Loop 749 [45946, 9, 563, 38940, 17902, 20699, 0, 115, 5728]
Loop 750 [44870, 9, 569, 37793, 17320, 20207, 0, 111, 5817]
Loop 751 [45158, 9, 562, 37996, 17539, 20162, 0, 109, 5901]
Loop 752 [44768, 9, 607, 37695, 17231, 20177, 0, 107, 5810]
Loop 753 [44936, 9, 574, 37693, 17222, 20192, 0, 107, 6014]
Loop 754 [49599, 9, 568, 42752, 17474, 24980, 0, 108, 5568]
Loop 755 [45154, 9, 567, 38180, 17344, 20566, 0, 107, 5748]
Loop 756 [45068, 9, 560, 38170, 17424, 20450, 0, 113, 5639]
Loop 757 [45585, 9, 598, 38233, 17564, 20353, 0, 108, 6049]
Loop 758 [45318, 9, 576, 37908, 17301, 20324, 0, 108, 6158]
Loop 759 [44926, 9, 563, 37680, 17211, 20187, 0, 110, 5986]
Loop 760 [45300, 9, 556, 38535, 17752, 20515, 0, 110, 5531]
Loop 761 [50133, 9, 540, 43195, 22355, 20499, 0, 107, 5706]
Loop 762 [45165, 9, 559, 37956, 17348, 20339, 0, 110, 5970]
Loop 763 [44785, 9, 534, 37752, 17238, 20243, 0, 108, 5821]
Loop 764 [45310, 9, 545, 37745, 17247, 20178, 0, 106, 6284]
Loop 765 [45347, 9, 583, 38226, 17465, 20468, 0, 115, 5836]
Loop 766 [45126, 9, 543, 38134, 17355, 20507, 0, 107, 5721]
Loop 767 [44718, 9, 549, 37945, 17332, 20314, 0, 110, 5575]
Loop 768 [44699, 9, 534, 37763, 17131, 20356, 0, 108, 5735]
Loop 769 [45050, 9, 554, 38149, 17137, 20721, 0, 109, 5682]
Loop 770 [45001, 9, 541, 38233, 17415, 20480, 0, 111, 5593]
Loop 771 [45056, 9, 552, 37799, 17251, 20263, 0, 107, 5996]
Loop 772 [45162, 9, 560, 38271, 17437, 20546, 0, 111, 5589]
Loop 773 [45216, 9, 571, 38198, 17459, 20446, 0, 111, 5717]
Loop 774 [67034, 9, 587, 38000, 17378, 20327, 0, 106, 27756]
Loop 775 [46859, 9, 641, 39853, 18204, 21351, 0, 107, 5615]
Loop 776 [45246, 9, 591, 38187, 17378, 20539, 0, 111, 5808]
Loop 777 [658350, 9, 538, 651236, 629941, 20967, 0, 110, 5816]
Loop 778 [44516, 9, 532, 37584, 17138, 20114, 0, 107, 5757]
Loop 779 [44427, 9, 536, 37345, 17092, 19970, 0, 106, 5916]
Loop 780 [44965, 9, 527, 37839, 17522, 20049, 0, 108, 5937]
Loop 781 [44766, 9, 528, 37814, 17242, 20264, 0, 95, 5735]
Loop 782 [49572, 9, 532, 43042, 17202, 25544, 0, 109, 5271]
Loop 783 [50308, 9, 567, 43337, 17362, 25711, 0, 108, 5720]
Loop 784 [45393, 9, 589, 38201, 17481, 20454, 0, 104, 5959]
Loop 785 [44394, 9, 534, 37476, 17078, 20110, 0, 108, 5735]
Loop 786 [44436, 9, 552, 37433, 17121, 20043, 0, 105, 5786]
Loop 787 [44803, 9, 598, 37826, 17537, 20021, 0, 106, 5722]
Loop 788 [44513, 9, 564, 37664, 17225, 20169, 0, 108, 5600]
Loop 789 [47286, 9, 600, 40239, 19277, 20672, 0, 115, 5775]
Loop 790 [44830, 9, 582, 37895, 17185, 20437, 0, 108, 5684]
Loop 791 [44405, 9, 547, 37575, 17302, 20001, 0, 105, 5624]
Loop 792 [44753, 9, 556, 37939, 17561, 20090, 0, 108, 5573]
Loop 793 [44636, 9, 559, 37699, 17246, 20169, 0, 107, 5714]
Loop 794 [44352, 9, 570, 37395, 17075, 20031, 0, 104, 5635]
Loop 795 [44380, 9, 534, 37314, 17046, 19961, 0, 108, 5850]
Loop 796 [44398, 9, 546, 37416, 17109, 20039, 0, 110, 5691]
Loop 797 [44666, 9, 629, 37593, 17335, 19970, 0, 106, 5731]
Loop 798 [45207, 9, 514, 38089, 17698, 20099, 0, 104, 5899]
Loop 799 [44258, 9, 539, 37444, 17067, 20081, 0, 107, 5576]
Loop 800 [44342, 9, 582, 37276, 17050, 19938, 0, 106, 5743]
Loop 801 [44416, 9, 549, 37441, 17165, 20010, 0, 105, 5802]
Loop 802 [47836, 9, 547, 37673, 17134, 20249, 0, 106, 8995]
Loop 803 [45309, 9, 632, 38153, 17569, 20298, 0, 104, 5868]
Loop 804 [44310, 9, 603, 37402, 17082, 20048, 0, 111, 5664]
Loop 805 [44777, 9, 543, 37655, 17173, 20214, 0, 108, 5865]
Loop 806 [44821, 9, 532, 37664, 17501, 19875, 0, 104, 5957]
Loop 807 [44766, 9, 574, 37631, 17213, 20127, 0, 109, 5901]
Loop 808 [44540, 9, 531, 37532, 17222, 20013, 0, 109, 5843]
Loop 809 [44504, 9, 551, 37352, 17105, 19964, 0, 108, 5983]
Loop 810 [44176, 9, 523, 37383, 17053, 20049, 0, 108, 5547]
Loop 811 [44480, 9, 530, 37356, 17045, 20003, 0, 110, 5936]
Loop 812 [45037, 9, 534, 38129, 17512, 20222, 0, 104, 5728]
Loop 813 [44973, 9, 550, 37794, 17173, 20234, 0, 104, 5907]
Loop 814 [44423, 9, 534, 37500, 17065, 20075, 0, 106, 5723]
Loop 815 [44394, 9, 541, 37768, 17306, 20065, 0, 108, 5451]
Loop 816 [44512, 9, 607, 37551, 17049, 20196, 0, 106, 5715]
Loop 817 [44715, 9, 556, 37526, 17174, 20023, 0, 106, 6001]
Loop 818 [45072, 9, 530, 37835, 17454, 20056, 0, 108, 6062]
Loop 819 [44474, 9, 557, 37394, 17100, 19937, 0, 112, 5868]
Loop 820 [44768, 9, 605, 37644, 17099, 20236, 0, 110, 5824]
Loop 821 [44599, 9, 565, 37660, 17222, 20101, 0, 109, 5691]
Loop 822 [44556, 9, 596, 37433, 17057, 20047, 0, 107, 5874]
Loop 823 [48958, 9, 585, 42028, 17424, 24288, 0, 107, 5682]
Loop 824 [44939, 9, 532, 37768, 17324, 20118, 0, 109, 5979]
Loop 825 [44900, 9, 539, 37837, 17529, 19982, 0, 107, 5890]
Loop 826 [44576, 9, 582, 37433, 17202, 19897, 0, 108, 5954]
Loop 827 [44358, 9, 556, 37330, 17156, 19848, 0, 107, 5836]
Loop 828 [44436, 9, 590, 37387, 17169, 19889, 0, 112, 5786]
Loop 829 [44804, 9, 560, 37700, 17218, 20152, 0, 104, 5914]
Loop 830 [44882, 9, 559, 37888, 17292, 20268, 0, 106, 5780]
Loop 831 [45260, 9, 558, 37917, 17557, 20047, 0, 108, 6096]
Loop 832 [44527, 9, 576, 37540, 17153, 20054, 0, 112, 5777]
Loop 833 [44298, 9, 572, 37281, 17178, 19793, 0, 108, 5819]
Loop 834 [44517, 9, 601, 37509, 17092, 20087, 0, 108, 5726]
Loop 835 [44821, 9, 581, 37576, 17262, 20028, 0, 106, 6003]
Loop 836 [45240, 9, 567, 38109, 17666, 20103, 0, 109, 5901]
Loop 837 [44580, 9, 637, 37533, 17189, 19985, 0, 110, 5775]
Loop 838 [44562, 9, 626, 37400, 17051, 19999, 0, 105, 5903]
Loop 839 [44658, 9, 616, 37573, 17113, 20128, 0, 110, 5824]
Loop 840 [44642, 9, 571, 37563, 17225, 20005, 0, 109, 5870]
Loop 841 [44477, 9, 567, 37442, 17202, 19921, 0, 110, 5732]
Loop 842 [44829, 9, 621, 37792, 17451, 20039, 0, 106, 5761]
Loop 843 [44620, 9, 658, 37372, 17176, 19921, 0, 108, 5930]
Loop 844 [49433, 9, 590, 42570, 21875, 20363, 0, 110, 5631]
Loop 845 [44713, 9, 628, 37456, 17200, 19932, 0, 105, 5893]
Loop 846 [44527, 9, 569, 37355, 17194, 19852, 0, 109, 5952]
Loop 847 [50006, 9, 570, 43124, 17164, 25622, 0, 111, 5650]
Loop 848 [44950, 9, 570, 37872, 17282, 20280, 0, 108, 5870]
Loop 849 [44487, 9, 610, 37418, 17083, 20032, 0, 106, 5675]
Loop 850 [44584, 9, 562, 37513, 17143, 20068, 0, 105, 5857]
Loop 851 [45076, 9, 556, 38189, 17720, 20138, 0, 105, 5605]
Loop 852 [44557, 9, 569, 37538, 17149, 20054, 0, 106, 5814]
Loop 853 [44675, 9, 592, 37565, 17202, 20032, 0, 105, 5854]
Loop 854 [44608, 9, 600, 37562, 17129, 20119, 0, 113, 5733]
Loop 855 [44409, 9, 558, 37493, 17061, 20125, 0, 109, 5670]
Loop 856 [45030, 9, 556, 38001, 17577, 20114, 0, 106, 5833]
Loop 857 [44439, 9, 578, 37318, 17082, 19934, 0, 106, 5888]
Loop 858 [44503, 9, 614, 37434, 17113, 20016, 0, 106, 5782]
Loop 859 [53980, 9, 552, 47097, 25913, 20819, 0, 112, 5632]
Loop 860 [45211, 9, 576, 38111, 17567, 20225, 0, 107, 5863]
Loop 861 [44506, 9, 577, 37413, 17127, 19964, 0, 109, 5839]
Loop 862 [44631, 9, 561, 37602, 17048, 20243, 0, 112, 5684]
Loop 863 [44449, 9, 565, 37392, 17072, 20008, 0, 105, 5810]
Loop 864 [47266, 9, 576, 40211, 19523, 20364, 0, 110, 5758]
Loop 865 [44770, 9, 547, 37797, 17327, 20167, 0, 107, 5762]
Loop 866 [44560, 9, 563, 37717, 17200, 20203, 0, 107, 5599]
Loop 867 [44540, 9, 561, 37515, 17237, 19947, 0, 106, 5810]
Loop 868 [45801, 9, 676, 38533, 17683, 20533, 0, 109, 5894]
Loop 869 [44801, 9, 592, 37657, 17138, 20209, 0, 109, 5938]
Loop 870 [44544, 9, 579, 37498, 17189, 19999, 0, 108, 5800]
Loop 871 [44215, 9, 605, 37301, 17071, 19901, 0, 107, 5663]
Loop 872 [44786, 9, 585, 37651, 17248, 20043, 0, 111, 5857]
Loop 873 [44548, 9, 552, 37464, 17213, 19911, 0, 109, 5859]
Loop 874 [44589, 9, 558, 37536, 17142, 20096, 0, 111, 5838]
Loop 875 [44779, 9, 583, 37770, 17361, 20087, 0, 111, 5779]
Loop 876 [44555, 9, 559, 37658, 17041, 20283, 0, 107, 5655]
Loop 877 [44877, 9, 562, 37938, 17513, 20094, 0, 113, 5719]
Loop 878 [44505, 9, 558, 37422, 17178, 19917, 0, 109, 5888]
Loop 879 [44534, 9, 563, 37542, 17133, 20065, 0, 106, 5772]
Loop 880 [44465, 9, 611, 37441, 17136, 19974, 0, 107, 5727]
Loop 881 [44445, 9, 607, 37454, 17065, 20066, 0, 107, 5747]
Loop 882 [44839, 9, 643, 37812, 17366, 20132, 0, 110, 5741]
Loop 883 [44916, 9, 636, 38100, 17603, 20140, 0, 108, 5515]
Loop 884 [48921, 9, 605, 41918, 17018, 24583, 0, 111, 5750]
Loop 885 [44957, 9, 556, 38098, 17705, 20085, 0, 107, 5675]
Loop 886 [44680, 9, 578, 37602, 17203, 20096, 0, 107, 5839]
Loop 887 [44208, 9, 576, 37259, 17164, 19806, 0, 109, 5697]
Loop 888 [44483, 9, 580, 37435, 17133, 19999, 0, 109, 5802]
Loop 889 [44737, 9, 598, 37549, 17328, 19903, 0, 110, 5947]
Loop 890 [45003, 9, 597, 37841, 17569, 19970, 0, 105, 5941]
Loop 891 [44742, 9, 580, 37438, 17300, 19828, 0, 111, 6059]
Loop 892 [44292, 9, 638, 37296, 17086, 19852, 0, 107, 5700]
Loop 893 [44673, 9, 551, 37699, 17225, 20094, 0, 106, 5779]
Loop 894 [44425, 9, 550, 37434, 17098, 19943, 0, 108, 5775]
Loop 895 [44285, 9, 628, 37276, 17087, 19808, 0, 110, 5711]
Loop 896 [44693, 9, 603, 37606, 17359, 19929, 0, 111, 5710]
Loop 897 [45002, 9, 567, 37799, 17342, 20155, 0, 106, 6002]
Loop 898 [44329, 9, 610, 37436, 17103, 20021, 0, 108, 5522]
Loop 899 [44431, 9, 572, 37214, 17084, 19815, 0, 108, 5994]
Loop 900 [44582, 9, 631, 37485, 17112, 20065, 0, 109, 5797]
Loop 901 [44640, 9, 614, 37424, 17153, 19956, 0, 110, 5958]
Loop 902 [45007, 9, 623, 37616, 17466, 19846, 0, 109, 6047]
Loop 903 [44572, 9, 585, 37559, 17225, 20006, 0, 105, 5772]
Loop 904 [44855, 9, 631, 37895, 17307, 20250, 0, 108, 5673]
Loop 905 [48923, 9, 578, 41582, 21056, 20185, 0, 110, 6052]
Loop 906 [44717, 9, 563, 37573, 17151, 20070, 0, 113, 5932]
Loop 907 [44665, 9, 603, 37514, 17129, 20076, 0, 111, 5812]
Loop 908 [44473, 9, 557, 37579, 17153, 20114, 0, 107, 5690]
Loop 909 [44631, 9, 596, 37608, 17071, 20207, 0, 106, 5780]
Loop 910 [45371, 9, 545, 37999, 17632, 20064, 0, 109, 6162]
Loop 911 [50073, 9, 599, 43013, 17153, 25530, 0, 109, 5790]
Loop 912 [45054, 9, 578, 38121, 17373, 20437, 0, 107, 5699]
Loop 913 [44551, 9, 558, 37401, 17127, 19926, 0, 106, 5936]
Loop 914 [44456, 9, 563, 37433, 17169, 19928, 0, 108, 5834]
Loop 915 [44476, 9, 583, 37573, 17056, 20169, 0, 110, 5677]
Loop 916 [44853, 9, 565, 37919, 17251, 20326, 0, 110, 5729]
Loop 917 [45065, 9, 569, 37892, 17415, 20147, 0, 109, 5970]
Loop 918 [49987, 9, 598, 42745, 22385, 20063, 0, 106, 5989]
Loop 919 [45021, 9, 581, 38386, 17167, 20885, 0, 107, 5402]
Loop 920 [44933, 9, 591, 37905, 17364, 20204, 0, 109, 5768]
Loop 921 [44584, 9, 554, 37482, 17091, 20045, 0, 111, 5921]
Loop 922 [44377, 9, 587, 37525, 17085, 20090, 0, 110, 5612]
Loop 923 [44573, 9, 585, 37644, 17431, 19873, 0, 109, 5688]
Loop 924 [44797, 9, 579, 37679, 17342, 19999, 0, 106, 5884]
Loop 925 [50018, 9, 587, 43356, 17085, 25940, 0, 110, 5407]
Loop 926 [45014, 9, 554, 37981, 17311, 20353, 0, 105, 5826]
Loop 927 [44494, 9, 559, 37881, 17151, 20379, 0, 109, 5407]
Loop 928 [44622, 9, 576, 37558, 17138, 20100, 0, 108, 5841]
Loop 929 [44529, 9, 590, 37610, 17197, 20078, 0, 107, 5689]
Loop 930 [44577, 9, 594, 37841, 17326, 20184, 0, 108, 5473]
Loop 931 [44460, 9, 570, 37549, 17217, 19988, 0, 107, 5700]
Loop 932 [44637, 9, 582, 37546, 17150, 20087, 0, 111, 5823]
Loop 933 [44606, 9, 583, 37472, 17103, 20059, 0, 110, 5899]
Loop 934 [44621, 9, 634, 37367, 17022, 20038, 0, 106, 5967]
Loop 935 [44622, 9, 592, 37462, 17207, 19903, 0, 107, 5931]
Loop 936 [44975, 9, 554, 37905, 17484, 20100, 0, 106, 5876]
Loop 937 [44518, 9, 567, 37379, 17149, 19909, 0, 109, 5895]
Loop 938 [44441, 9, 572, 37462, 17162, 19998, 0, 110, 5770]
Loop 939 [44719, 9, 582, 37783, 17419, 20014, 0, 106, 5677]
Loop 940 [44426, 9, 563, 37571, 17201, 20036, 0, 106, 5608]
Loop 941 [44742, 9, 574, 37691, 17433, 19933, 0, 104, 5792]
Loop 942 [45131, 9, 559, 38273, 17714, 20232, 0, 106, 5653]
Loop 943 [44542, 9, 629, 37442, 17125, 19984, 0, 105, 5841]
Loop 944 [44472, 9, 587, 37356, 17040, 20007, 0, 110, 5925]
Loop 945 [44467, 9, 589, 37484, 17087, 20065, 0, 110, 5730]
Loop 946 [45023, 9, 574, 38264, 17377, 20539, 0, 109, 5500]
Loop 947 [45110, 9, 692, 38076, 17368, 20407, 0, 109, 5671]
Loop 948 [44685, 9, 561, 37803, 17177, 20304, 0, 108, 5641]
Loop 949 [44769, 9, 578, 37739, 17244, 20182, 0, 104, 5801]
Loop 950 [44967, 9, 585, 37881, 17568, 20018, 0, 106, 5846]
Loop 951 [44597, 9, 559, 37593, 17322, 19966, 0, 104, 5777]
Loop 952 [44241, 9, 618, 37374, 17093, 19975, 0, 109, 5582]
Loop 953 [44420, 9, 585, 37335, 17085, 19939, 0, 104, 5784]
Loop 954 [44471, 9, 559, 37542, 17213, 19994, 0, 105, 5611]
Loop 955 [44347, 9, 592, 37510, 17192, 19989, 0, 107, 5556]
Loop 956 [44739, 9, 551, 37807, 17475, 20017, 0, 109, 5714]
Loop 957 [44841, 9, 609, 37850, 17390, 20130, 0, 106, 5708]
Loop 958 [44509, 9, 550, 37478, 17197, 19985, 0, 106, 5823]
Loop 959 [44309, 9, 558, 37536, 17067, 20160, 0, 106, 5539]
Loop 960 [44387, 9, 593, 37497, 17138, 20051, 0, 108, 5547]
Loop 961 [44449, 9, 576, 37360, 17087, 19961, 0, 106, 5897]
Loop 962 [44705, 9, 589, 37833, 17254, 20260, 0, 108, 5611]
Loop 963 [44808, 9, 581, 37932, 17446, 20178, 0, 109, 5623]
Loop 964 [44398, 9, 561, 37544, 17146, 20083, 0, 112, 5632]
Loop 965 [44513, 9, 621, 37471, 17133, 20032, 0, 106, 5789]
Loop 966 [47655, 9, 579, 37566, 17264, 20014, 0, 108, 8861]
Loop 967 [45209, 9, 572, 38153, 17448, 20371, 0, 106, 5817]
Loop 968 [44544, 9, 587, 37489, 17136, 20040, 0, 110, 5802]
Loop 969 [44540, 9, 618, 37500, 17087, 20083, 0, 106, 5794]
Loop 970 [44502, 9, 561, 37473, 17166, 20009, 0, 109, 5718]
Loop 971 [44823, 9, 581, 37775, 17532, 19911, 0, 104, 5779]
Loop 972 [44731, 9, 558, 37836, 17439, 20063, 0, 111, 5689]
Loop 973 [66680, 9, 619, 59290, 17279, 41680, 0, 106, 6136]
Loop 974 [44306, 9, 567, 37241, 17200, 19743, 0, 104, 5828]
Loop 975 [49265, 9, 541, 42320, 17072, 24905, 0, 106, 5674]
Loop 976 [44593, 9, 556, 37728, 17197, 20206, 0, 106, 5655]
Loop 977 [44390, 9, 554, 37354, 17109, 19937, 0, 109, 5838]
Loop 978 [44320, 9, 610, 37333, 17058, 19965, 0, 107, 5712]
Loop 979 [44022, 9, 569, 37267, 17011, 19947, 0, 111, 5543]
Loop 980 [44095, 9, 567, 37197, 17073, 19783, 0, 105, 5677]
Loop 981 [44225, 9, 554, 37287, 17077, 19885, 0, 103, 5759]
Loop 982 [44573, 9, 568, 37655, 17419, 19930, 0, 108, 5674]
Loop 983 [44223, 9, 557, 37289, 17208, 19788, 0, 104, 5708]
Loop 984 [54334, 9, 552, 37192, 17067, 19806, 0, 104, 15964]
Loop 985 [44245, 9, 582, 37310, 17160, 19814, 0, 109, 5715]
Loop 986 [46322, 9, 552, 37201, 17063, 19812, 0, 107, 7942]
Loop 987 [44645, 9, 594, 37715, 17390, 20023, 0, 110, 5580]
Loop 988 [44245, 9, 565, 37227, 17131, 19786, 0, 104, 5789]
Loop 989 [44142, 9, 609, 37023, 17023, 19675, 0, 106, 5836]
Loop 990 [44258, 9, 538, 37306, 17114, 19866, 0, 105, 5708]
Loop 991 [43826, 9, 552, 37266, 17082, 19837, 0, 107, 5334]
Loop 992 [44403, 9, 594, 37340, 17259, 19779, 0, 104, 5710]
Loop 993 [44293, 9, 550, 37354, 17348, 19696, 0, 105, 5735]
Loop 994 [44522, 9, 549, 37624, 17360, 19972, 0, 104, 5682]
Loop 995 [44197, 9, 556, 37241, 17145, 19788, 0, 110, 5754]
Loop 996 [44148, 9, 609, 37092, 17067, 19704, 0, 107, 5793]
Loop 997 [46226, 9, 2810, 37009, 17074, 19602, 0, 105, 5755]
Loop 998 [44447, 9, 563, 37433, 17230, 19876, 0, 109, 5795]
Loop 999 [44701, 9, 580, 37580, 17395, 19840, 0, 110, 5894]
recovery file /tmp65536eccache.dat16384.microecrec0 capacity 16384
recovery file /tmp65536eccache.dat16384.microecrec1 capacity 16384
